CRITICAL - 2024-06-03 05:52:37 --> Undefined variable $page
in APPPATH/Views/layout/users_view.php on line 198.
 1 APPPATH/Views/layout/users_view.php(198): CodeIgniter\Debug\Exceptions->errorHandler(2, 'Undefined variable $page', '/home/freelance/public_html/digitalflow/app/Views/layout/users_view.php', 198)
 2 SYSTEMPATH/View/View.php(228): include('/home/freelance/public_html/digitalflow/app/Views/layout/users_view.php')
 3 SYSTEMPATH/View/View.php(231): CodeIgniter\View\View->CodeIgniter\View\{closure}()
 4 SYSTEMPATH/View/View.php(244): CodeIgniter\View\View->render('layout/users_view', [], true)
 5 SYSTEMPATH/Common.php(1190): CodeIgniter\View\View->render('seniorityinfo/index', [], true)
 6 APPPATH/Controllers/SeniorityInfo.php(116): view('seniorityinfo/index', [...])
 7 SYSTEMPATH/CodeIgniter.php(942): App\Controllers\SeniorityInfo->index()
 8 SYSTEMPATH/CodeIgniter.php(502): CodeIgniter\CodeIgniter->runController(Object(App\Controllers\SeniorityInfo))
 9 SYSTEMPATH/CodeIgniter.php(361): CodeIgniter\CodeIgniter->handleRequest(null, Object(Config\Cache), false)
10 FCPATH/index.php(79): CodeIgniter\CodeIgniter->run()
CRITICAL - 2024-06-03 06:29:51 --> Trying to access array offset on value of type null
in APPPATH/Controllers/ExperienceInfo.php on line 183.
 1 APPPATH/Controllers/ExperienceInfo.php(183): CodeIgniter\Debug\Exceptions->errorHandler(2, 'Trying to access array offset on value of type null', '/home/freelance/public_html/digitalflow/app/Controllers/ExperienceInfo.php', 183)
 2 SYSTEMPATH/CodeIgniter.php(942): App\Controllers\ExperienceInfo->list('VFZSSmVnPT0=')
 3 SYSTEMPATH/CodeIgniter.php(502): CodeIgniter\CodeIgniter->runController(Object(App\Controllers\ExperienceInfo))
 4 SYSTEMPATH/CodeIgniter.php(361): CodeIgniter\CodeIgniter->handleRequest(null, Object(Config\Cache), false)
 5 FCPATH/index.php(79): CodeIgniter\CodeIgniter->run()
CRITICAL - 2024-06-03 06:29:53 --> Trying to access array offset on value of type null
in APPPATH/Controllers/ExperienceInfo.php on line 183.
 1 APPPATH/Controllers/ExperienceInfo.php(183): CodeIgniter\Debug\Exceptions->errorHandler(2, 'Trying to access array offset on value of type null', '/home/freelance/public_html/digitalflow/app/Controllers/ExperienceInfo.php', 183)
 2 SYSTEMPATH/CodeIgniter.php(942): App\Controllers\ExperienceInfo->list('VFZSSmVnPT0=')
 3 SYSTEMPATH/CodeIgniter.php(502): CodeIgniter\CodeIgniter->runController(Object(App\Controllers\ExperienceInfo))
 4 SYSTEMPATH/CodeIgniter.php(361): CodeIgniter\CodeIgniter->handleRequest(null, Object(Config\Cache), false)
 5 FCPATH/index.php(79): CodeIgniter\CodeIgniter->run()
CRITICAL - 2024-06-03 06:30:01 --> Trying to access array offset on value of type null
in APPPATH/Controllers/ExperienceInfo.php on line 183.
 1 APPPATH/Controllers/ExperienceInfo.php(183): CodeIgniter\Debug\Exceptions->errorHandler(2, 'Trying to access array offset on value of type null', '/home/freelance/public_html/digitalflow/app/Controllers/ExperienceInfo.php', 183)
 2 SYSTEMPATH/CodeIgniter.php(942): App\Controllers\ExperienceInfo->list('VFZSSmVrOVVRWGROU0ZKc1l6TlJQUT09')
 3 SYSTEMPATH/CodeIgniter.php(502): CodeIgniter\CodeIgniter->runController(Object(App\Controllers\ExperienceInfo))
 4 SYSTEMPATH/CodeIgniter.php(361): CodeIgniter\CodeIgniter->handleRequest(null, Object(Config\Cache), false)
 5 FCPATH/index.php(79): CodeIgniter\CodeIgniter->run()
CRITICAL - 2024-06-03 06:30:02 --> Trying to access array offset on value of type null
in APPPATH/Controllers/ExperienceInfo.php on line 183.
 1 APPPATH/Controllers/ExperienceInfo.php(183): CodeIgniter\Debug\Exceptions->errorHandler(2, 'Trying to access array offset on value of type null', '/home/freelance/public_html/digitalflow/app/Controllers/ExperienceInfo.php', 183)
 2 SYSTEMPATH/CodeIgniter.php(942): App\Controllers\ExperienceInfo->list('VFZSSmVrNUlVbXhqTTFFOQ==')
 3 SYSTEMPATH/CodeIgniter.php(502): CodeIgniter\CodeIgniter->runController(Object(App\Controllers\ExperienceInfo))
 4 SYSTEMPATH/CodeIgniter.php(361): CodeIgniter\CodeIgniter->handleRequest(null, Object(Config\Cache), false)
 5 FCPATH/index.php(79): CodeIgniter\CodeIgniter->run()
CRITICAL - 2024-06-03 06:30:22 --> Trying to access array offset on value of type null
in APPPATH/Controllers/ExperienceInfo.php on line 183.
 1 APPPATH/Controllers/ExperienceInfo.php(183): CodeIgniter\Debug\Exceptions->errorHandler(2, 'Trying to access array offset on value of type null', '/home/freelance/public_html/digitalflow/app/Controllers/ExperienceInfo.php', 183)
 2 SYSTEMPATH/CodeIgniter.php(942): App\Controllers\ExperienceInfo->list('VGxSUmVrNUVWWGxPVkVsNVRXcEplVTFxU1hsTmFrbDVUV3BKZVUxcVNYbE5ha2w1VFdjOVBRPT0=')
 3 SYSTEMPATH/CodeIgniter.php(502): CodeIgniter\CodeIgniter->runController(Object(App\Controllers\ExperienceInfo))
 4 SYSTEMPATH/CodeIgniter.php(361): CodeIgniter\CodeIgniter->handleRequest(null, Object(Config\Cache), false)
 5 FCPATH/index.php(79): CodeIgniter\CodeIgniter->run()
CRITICAL - 2024-06-03 06:49:38 --> Trying to access array offset on value of type null
in APPPATH/Controllers/UserInfo.php on line 521.
 1 APPPATH/Controllers/UserInfo.php(521): CodeIgniter\Debug\Exceptions->errorHandler(2, 'Trying to access array offset on value of type null', '/home/freelance/public_html/digitalflow/app/Controllers/UserInfo.php', 521)
 2 SYSTEMPATH/CodeIgniter.php(942): App\Controllers\UserInfo->register_data('1')
 3 SYSTEMPATH/CodeIgniter.php(502): CodeIgniter\CodeIgniter->runController(Object(App\Controllers\UserInfo))
 4 SYSTEMPATH/CodeIgniter.php(361): CodeIgniter\CodeIgniter->handleRequest(null, Object(Config\Cache), false)
 5 FCPATH/index.php(79): CodeIgniter\CodeIgniter->run()
CRITICAL - 2024-06-03 06:49:41 --> Trying to access array offset on value of type null
in APPPATH/Controllers/UserInfo.php on line 521.
 1 APPPATH/Controllers/UserInfo.php(521): CodeIgniter\Debug\Exceptions->errorHandler(2, 'Trying to access array offset on value of type null', '/home/freelance/public_html/digitalflow/app/Controllers/UserInfo.php', 521)
 2 SYSTEMPATH/CodeIgniter.php(942): App\Controllers\UserInfo->register_data('123')
 3 SYSTEMPATH/CodeIgniter.php(502): CodeIgniter\CodeIgniter->runController(Object(App\Controllers\UserInfo))
 4 SYSTEMPATH/CodeIgniter.php(361): CodeIgniter\CodeIgniter->handleRequest(null, Object(Config\Cache), false)
 5 FCPATH/index.php(79): CodeIgniter\CodeIgniter->run()
CRITICAL - 2024-06-03 06:50:59 --> Trying to access array offset on value of type null
in APPPATH/Controllers/UserInfo.php on line 521.
 1 APPPATH/Controllers/UserInfo.php(521): CodeIgniter\Debug\Exceptions->errorHandler(2, 'Trying to access array offset on value of type null', '/home/freelance/public_html/digitalflow/app/Controllers/UserInfo.php', 521)
 2 SYSTEMPATH/CodeIgniter.php(942): App\Controllers\UserInfo->register_data('1')
 3 SYSTEMPATH/CodeIgniter.php(502): CodeIgniter\CodeIgniter->runController(Object(App\Controllers\UserInfo))
 4 SYSTEMPATH/CodeIgniter.php(361): CodeIgniter\CodeIgniter->handleRequest(null, Object(Config\Cache), false)
 5 FCPATH/index.php(79): CodeIgniter\CodeIgniter->run()
CRITICAL - 2024-06-03 06:53:32 --> Trying to access array offset on value of type null
in APPPATH/Controllers/UserInfo.php on line 521.
 1 APPPATH/Controllers/UserInfo.php(521): CodeIgniter\Debug\Exceptions->errorHandler(2, 'Trying to access array offset on value of type null', '/home/freelance/public_html/digitalflow/app/Controllers/UserInfo.php', 521)
 2 SYSTEMPATH/CodeIgniter.php(942): App\Controllers\UserInfo->register_data('123')
 3 SYSTEMPATH/CodeIgniter.php(502): CodeIgniter\CodeIgniter->runController(Object(App\Controllers\UserInfo))
 4 SYSTEMPATH/CodeIgniter.php(361): CodeIgniter\CodeIgniter->handleRequest(null, Object(Config\Cache), false)
 5 FCPATH/index.php(79): CodeIgniter\CodeIgniter->run()
CRITICAL - 2024-06-03 06:53:41 --> Trying to access array offset on value of type null
in APPPATH/Controllers/UserInfo.php on line 521.
 1 APPPATH/Controllers/UserInfo.php(521): CodeIgniter\Debug\Exceptions->errorHandler(2, 'Trying to access array offset on value of type null', '/home/freelance/public_html/digitalflow/app/Controllers/UserInfo.php', 521)
 2 SYSTEMPATH/CodeIgniter.php(942): App\Controllers\UserInfo->register_data('1478')
 3 SYSTEMPATH/CodeIgniter.php(502): CodeIgniter\CodeIgniter->runController(Object(App\Controllers\UserInfo))
 4 SYSTEMPATH/CodeIgniter.php(361): CodeIgniter\CodeIgniter->handleRequest(null, Object(Config\Cache), false)
 5 FCPATH/index.php(79): CodeIgniter\CodeIgniter->run()
CRITICAL - 2024-06-03 06:54:49 --> Trying to access array offset on value of type null
in APPPATH/Controllers/UserInfo.php on line 521.
 1 APPPATH/Controllers/UserInfo.php(521): CodeIgniter\Debug\Exceptions->errorHandler(2, 'Trying to access array offset on value of type null', '/home/freelance/public_html/digitalflow/app/Controllers/UserInfo.php', 521)
 2 SYSTEMPATH/CodeIgniter.php(942): App\Controllers\UserInfo->register_data('111')
 3 SYSTEMPATH/CodeIgniter.php(502): CodeIgniter\CodeIgniter->runController(Object(App\Controllers\UserInfo))
 4 SYSTEMPATH/CodeIgniter.php(361): CodeIgniter\CodeIgniter->handleRequest(null, Object(Config\Cache), false)
 5 FCPATH/index.php(79): CodeIgniter\CodeIgniter->run()
CRITICAL - 2024-06-03 06:55:07 --> Trying to access array offset on value of type null
in APPPATH/Controllers/UserInfo.php on line 521.
 1 APPPATH/Controllers/UserInfo.php(521): CodeIgniter\Debug\Exceptions->errorHandler(2, 'Trying to access array offset on value of type null', '/home/freelance/public_html/digitalflow/app/Controllers/UserInfo.php', 521)
 2 SYSTEMPATH/CodeIgniter.php(942): App\Controllers\UserInfo->register_data('1478')
 3 SYSTEMPATH/CodeIgniter.php(502): CodeIgniter\CodeIgniter->runController(Object(App\Controllers\UserInfo))
 4 SYSTEMPATH/CodeIgniter.php(361): CodeIgniter\CodeIgniter->handleRequest(null, Object(Config\Cache), false)
 5 FCPATH/index.php(79): CodeIgniter\CodeIgniter->run()
CRITICAL - 2024-06-03 06:56:06 --> Trying to access array offset on value of type null
in APPPATH/Controllers/UserInfo.php on line 521.
 1 APPPATH/Controllers/UserInfo.php(521): CodeIgniter\Debug\Exceptions->errorHandler(2, 'Trying to access array offset on value of type null', '/home/freelance/public_html/digitalflow/app/Controllers/UserInfo.php', 521)
 2 SYSTEMPATH/CodeIgniter.php(942): App\Controllers\UserInfo->register_data('123')
 3 SYSTEMPATH/CodeIgniter.php(502): CodeIgniter\CodeIgniter->runController(Object(App\Controllers\UserInfo))
 4 SYSTEMPATH/CodeIgniter.php(361): CodeIgniter\CodeIgniter->handleRequest(null, Object(Config\Cache), false)
 5 FCPATH/index.php(79): CodeIgniter\CodeIgniter->run()
CRITICAL - 2024-06-03 06:56:29 --> Trying to access array offset on value of type null
in APPPATH/Controllers/UserInfo.php on line 521.
 1 APPPATH/Controllers/UserInfo.php(521): CodeIgniter\Debug\Exceptions->errorHandler(2, 'Trying to access array offset on value of type null', '/home/freelance/public_html/digitalflow/app/Controllers/UserInfo.php', 521)
 2 SYSTEMPATH/CodeIgniter.php(942): App\Controllers\UserInfo->register_data('123')
 3 SYSTEMPATH/CodeIgniter.php(502): CodeIgniter\CodeIgniter->runController(Object(App\Controllers\UserInfo))
 4 SYSTEMPATH/CodeIgniter.php(361): CodeIgniter\CodeIgniter->handleRequest(null, Object(Config\Cache), false)
 5 FCPATH/index.php(79): CodeIgniter\CodeIgniter->run()
CRITICAL - 2024-06-03 06:56:36 --> Trying to access array offset on value of type null
in APPPATH/Controllers/UserInfo.php on line 521.
 1 APPPATH/Controllers/UserInfo.php(521): CodeIgniter\Debug\Exceptions->errorHandler(2, 'Trying to access array offset on value of type null', '/home/freelance/public_html/digitalflow/app/Controllers/UserInfo.php', 521)
 2 SYSTEMPATH/CodeIgniter.php(942): App\Controllers\UserInfo->register_data('1478')
 3 SYSTEMPATH/CodeIgniter.php(502): CodeIgniter\CodeIgniter->runController(Object(App\Controllers\UserInfo))
 4 SYSTEMPATH/CodeIgniter.php(361): CodeIgniter\CodeIgniter->handleRequest(null, Object(Config\Cache), false)
 5 FCPATH/index.php(79): CodeIgniter\CodeIgniter->run()
CRITICAL - 2024-06-03 06:57:02 --> Trying to access array offset on value of type null
in APPPATH/Controllers/UserInfo.php on line 521.
 1 APPPATH/Controllers/UserInfo.php(521): CodeIgniter\Debug\Exceptions->errorHandler(2, 'Trying to access array offset on value of type null', '/home/freelance/public_html/digitalflow/app/Controllers/UserInfo.php', 521)
 2 SYSTEMPATH/CodeIgniter.php(942): App\Controllers\UserInfo->register_data('1478')
 3 SYSTEMPATH/CodeIgniter.php(502): CodeIgniter\CodeIgniter->runController(Object(App\Controllers\UserInfo))
 4 SYSTEMPATH/CodeIgniter.php(361): CodeIgniter\CodeIgniter->handleRequest(null, Object(Config\Cache), false)
 5 FCPATH/index.php(79): CodeIgniter\CodeIgniter->run()
CRITICAL - 2024-06-03 07:04:05 --> count(): Argument #1 ($value) must be of type Countable|array, null given
in APPPATH/Controllers/ExperienceInfo.php on line 30.
 1 APPPATH/Controllers/ExperienceInfo.php(30): count(null)
 2 SYSTEMPATH/CodeIgniter.php(942): App\Controllers\ExperienceInfo->index()
 3 SYSTEMPATH/CodeIgniter.php(502): CodeIgniter\CodeIgniter->runController(Object(App\Controllers\ExperienceInfo))
 4 SYSTEMPATH/CodeIgniter.php(361): CodeIgniter\CodeIgniter->handleRequest(null, Object(Config\Cache), false)
 5 FCPATH/index.php(79): CodeIgniter\CodeIgniter->run()
CRITICAL - 2024-06-03 07:22:54 --> Undefined variable $rules
in APPPATH/Controllers/SeniorityInfo.php on line 40.
 1 APPPATH/Controllers/SeniorityInfo.php(40): CodeIgniter\Debug\Exceptions->errorHandler(2, 'Undefined variable $rules', '/home/freelance/public_html/digitalflow/app/Controllers/SeniorityInfo.php', 40)
 2 SYSTEMPATH/CodeIgniter.php(942): App\Controllers\SeniorityInfo->index()
 3 SYSTEMPATH/CodeIgniter.php(502): CodeIgniter\CodeIgniter->runController(Object(App\Controllers\SeniorityInfo))
 4 SYSTEMPATH/CodeIgniter.php(361): CodeIgniter\CodeIgniter->handleRequest(null, Object(Config\Cache), false)
 5 FCPATH/index.php(79): CodeIgniter\CodeIgniter->run()
CRITICAL - 2024-06-03 12:54:01 --> foreach() argument must be of type array|object, string given
in APPPATH/Views/seniorityinfo/index.php on line 110.
 1 APPPATH/Views/seniorityinfo/index.php(110): CodeIgniter\Debug\Exceptions->errorHandler(2, 'foreach() argument must be of type array|object, string given', '/home/freelance/public_html/digitalflow/app/Views/seniorityinfo/index.php', 110)
 2 SYSTEMPATH/View/View.php(228): include('/home/freelance/public_html/digitalflow/app/Views/seniorityinfo/index.php')
 3 SYSTEMPATH/View/View.php(231): CodeIgniter\View\View->CodeIgniter\View\{closure}()
 4 SYSTEMPATH/Common.php(1190): CodeIgniter\View\View->render('seniorityinfo/index', [], true)
 5 APPPATH/Controllers/SeniorityInfo.php(67): view('seniorityinfo/index', [...])
 6 SYSTEMPATH/CodeIgniter.php(942): App\Controllers\SeniorityInfo->index()
 7 SYSTEMPATH/CodeIgniter.php(502): CodeIgniter\CodeIgniter->runController(Object(App\Controllers\SeniorityInfo))
 8 SYSTEMPATH/CodeIgniter.php(361): CodeIgniter\CodeIgniter->handleRequest(null, Object(Config\Cache), false)
 9 FCPATH/index.php(79): CodeIgniter\CodeIgniter->run()
CRITICAL - 2024-06-03 12:54:43 --> foreach() argument must be of type array|object, string given
in APPPATH/Views/seniorityinfo/index.php on line 110.
 1 APPPATH/Views/seniorityinfo/index.php(110): CodeIgniter\Debug\Exceptions->errorHandler(2, 'foreach() argument must be of type array|object, string given', '/home/freelance/public_html/digitalflow/app/Views/seniorityinfo/index.php', 110)
 2 SYSTEMPATH/View/View.php(228): include('/home/freelance/public_html/digitalflow/app/Views/seniorityinfo/index.php')
 3 SYSTEMPATH/View/View.php(231): CodeIgniter\View\View->CodeIgniter\View\{closure}()
 4 SYSTEMPATH/Common.php(1190): CodeIgniter\View\View->render('seniorityinfo/index', [], true)
 5 APPPATH/Controllers/SeniorityInfo.php(67): view('seniorityinfo/index', [...])
 6 SYSTEMPATH/CodeIgniter.php(942): App\Controllers\SeniorityInfo->index()
 7 SYSTEMPATH/CodeIgniter.php(502): CodeIgniter\CodeIgniter->runController(Object(App\Controllers\SeniorityInfo))
 8 SYSTEMPATH/CodeIgniter.php(361): CodeIgniter\CodeIgniter->handleRequest(null, Object(Config\Cache), false)
 9 FCPATH/index.php(79): CodeIgniter\CodeIgniter->run()
ERROR - 2024-06-03 07:37:33 --> mysqli_sql_exception: Unknown column 'seniority_id' in 'order clause' in /home/freelance/public_html/digitalflow/system/Database/MySQLi/Connection.php:306
Stack trace:
#0 /home/freelance/public_html/digitalflow/system/Database/MySQLi/Connection.php(306): mysqli->query('SELECT *\nFROM `...', 0)
#1 /home/freelance/public_html/digitalflow/system/Database/BaseConnection.php(693): CodeIgniter\Database\MySQLi\Connection->execute('SELECT *\nFROM `...')
#2 /home/freelance/public_html/digitalflow/system/Database/BaseConnection.php(607): CodeIgniter\Database\BaseConnection->simpleQuery('SELECT *\nFROM `...')
#3 /home/freelance/public_html/digitalflow/system/Database/BaseBuilder.php(1615): CodeIgniter\Database\BaseConnection->query('SELECT *\nFROM `...', Array, false)
#4 /home/freelance/public_html/digitalflow/system/Model.php(237): CodeIgniter\Database\BaseBuilder->get()
#5 /home/freelance/public_html/digitalflow/system/BaseModel.php(624): CodeIgniter\Model->doFindAll(0, 0)
#6 /home/freelance/public_html/digitalflow/app/Controllers/SeniorityInfo.php(111): CodeIgniter\BaseModel->findAll()
#7 /home/freelance/public_html/digitalflow/system/CodeIgniter.php(942): App\Controllers\SeniorityInfo->view()
#8 /home/freelance/public_html/digitalflow/system/CodeIgniter.php(502): CodeIgniter\CodeIgniter->runController(Object(App\Controllers\SeniorityInfo))
#9 /home/freelance/public_html/digitalflow/system/CodeIgniter.php(361): CodeIgniter\CodeIgniter->handleRequest(NULL, Object(Config\Cache), false)
#10 /home/freelance/public_html/digitalflow/index.php(79): CodeIgniter\CodeIgniter->run()
#11 {main}
CRITICAL - 2024-06-03 07:37:33 --> Unknown column 'seniority_id' in 'order clause'
in SYSTEMPATH/Database/BaseConnection.php on line 647.
 1 SYSTEMPATH/Database/BaseBuilder.php(1615): CodeIgniter\Database\BaseConnection->query('SELECT *
FROM `seniority_info`
WHERE `seniority_deleted_on` IS NULL
ORDER BY `seniority_id` ASC', [], false)
 2 SYSTEMPATH/Model.php(237): CodeIgniter\Database\BaseBuilder->get()
 3 SYSTEMPATH/BaseModel.php(624): CodeIgniter\Model->doFindAll(0, 0)
 4 APPPATH/Controllers/SeniorityInfo.php(111): CodeIgniter\BaseModel->findAll()
 5 SYSTEMPATH/CodeIgniter.php(942): App\Controllers\SeniorityInfo->view()
 6 SYSTEMPATH/CodeIgniter.php(502): CodeIgniter\CodeIgniter->runController(Object(App\Controllers\SeniorityInfo))
 7 SYSTEMPATH/CodeIgniter.php(361): CodeIgniter\CodeIgniter->handleRequest(null, Object(Config\Cache), false)
 8 FCPATH/index.php(79): CodeIgniter\CodeIgniter->run()
CRITICAL - 2024-06-03 13:11:14 --> There is no data to update.
in SYSTEMPATH/BaseModel.php on line 930.
 1 SYSTEMPATH/BaseModel.php(930): CodeIgniter\Database\Exceptions\DataException::forEmptyDataset('update')
 2 SYSTEMPATH/Model.php(776): CodeIgniter\BaseModel->update([...], [])
 3 APPPATH/Controllers/SeniorityInfo.php(273): CodeIgniter\Model->update('123', [...])
 4 SYSTEMPATH/CodeIgniter.php(942): App\Controllers\SeniorityInfo->delete('VFZSSmVnPT0=')
 5 SYSTEMPATH/CodeIgniter.php(502): CodeIgniter\CodeIgniter->runController(Object(App\Controllers\SeniorityInfo))
 6 SYSTEMPATH/CodeIgniter.php(361): CodeIgniter\CodeIgniter->handleRequest(null, Object(Config\Cache), false)
 7 FCPATH/index.php(79): CodeIgniter\CodeIgniter->run()
CRITICAL - 2024-06-03 07:54:22 --> Undefined variable $users
in APPPATH/Views/bankaccountinfo/view.php on line 70.
 1 APPPATH/Views/bankaccountinfo/view.php(70): CodeIgniter\Debug\Exceptions->errorHandler(2, 'Undefined variable $users', '/home/freelance/public_html/digitalflow/app/Views/bankaccountinfo/view.php', 70)
 2 SYSTEMPATH/View/View.php(228): include('/home/freelance/public_html/digitalflow/app/Views/bankaccountinfo/view.php')
 3 SYSTEMPATH/View/View.php(231): CodeIgniter\View\View->CodeIgniter\View\{closure}()
 4 SYSTEMPATH/Common.php(1190): CodeIgniter\View\View->render('bankaccountinfo/view', [], true)
 5 APPPATH/Controllers/BankAccountInfo.php(142): view('bankaccountinfo/view', [...])
 6 SYSTEMPATH/CodeIgniter.php(942): App\Controllers\BankAccountInfo->view()
 7 SYSTEMPATH/CodeIgniter.php(502): CodeIgniter\CodeIgniter->runController(Object(App\Controllers\BankAccountInfo))
 8 SYSTEMPATH/CodeIgniter.php(361): CodeIgniter\CodeIgniter->handleRequest(null, Object(Config\Cache), false)
 9 FCPATH/index.php(79): CodeIgniter\CodeIgniter->run()
CRITICAL - 2024-06-03 07:55:07 --> Undefined variable $info
in APPPATH/Views/personalinfo/view.php on line 117.
 1 APPPATH/Views/personalinfo/view.php(117): CodeIgniter\Debug\Exceptions->errorHandler(2, 'Undefined variable $info', '/home/freelance/public_html/digitalflow/app/Views/personalinfo/view.php', 117)
 2 SYSTEMPATH/View/View.php(228): include('/home/freelance/public_html/digitalflow/app/Views/personalinfo/view.php')
 3 SYSTEMPATH/View/View.php(231): CodeIgniter\View\View->CodeIgniter\View\{closure}()
 4 SYSTEMPATH/Common.php(1190): CodeIgniter\View\View->render('personalinfo/view', [], true)
 5 APPPATH/Controllers/PersonalInfo.php(217): view('personalinfo/view', [...])
 6 SYSTEMPATH/CodeIgniter.php(942): App\Controllers\PersonalInfo->view()
 7 SYSTEMPATH/CodeIgniter.php(502): CodeIgniter\CodeIgniter->runController(Object(App\Controllers\PersonalInfo))
 8 SYSTEMPATH/CodeIgniter.php(361): CodeIgniter\CodeIgniter->handleRequest(null, Object(Config\Cache), false)
 9 FCPATH/index.php(79): CodeIgniter\CodeIgniter->run()
CRITICAL - 2024-06-03 07:58:28 --> Undefined array key "seniority_info_id"
in APPPATH/Views/seniorityinfo/edit.php on line 28.
 1 APPPATH/Views/seniorityinfo/edit.php(28): CodeIgniter\Debug\Exceptions->errorHandler(2, 'Undefined array key "seniority_info_id"', '/home/freelance/public_html/digitalflow/app/Views/seniorityinfo/edit.php', 28)
 2 SYSTEMPATH/View/View.php(228): include('/home/freelance/public_html/digitalflow/app/Views/seniorityinfo/edit.php')
 3 SYSTEMPATH/View/View.php(231): CodeIgniter\View\View->CodeIgniter\View\{closure}()
 4 SYSTEMPATH/Common.php(1190): CodeIgniter\View\View->render('seniorityinfo/edit', [], true)
 5 APPPATH/Controllers/SeniorityInfo.php(189): view('seniorityinfo/edit', [...])
 6 SYSTEMPATH/CodeIgniter.php(942): App\Controllers\SeniorityInfo->edit('VGtFOVBRPT0=')
 7 SYSTEMPATH/CodeIgniter.php(502): CodeIgniter\CodeIgniter->runController(Object(App\Controllers\SeniorityInfo))
 8 SYSTEMPATH/CodeIgniter.php(361): CodeIgniter\CodeIgniter->handleRequest(null, Object(Config\Cache), false)
 9 FCPATH/index.php(79): CodeIgniter\CodeIgniter->run()
CRITICAL - 2024-06-03 08:01:07 --> count(): Argument #1 ($value) must be of type Countable|array, null given
in APPPATH/Controllers/SeniorityInfo.php on line 203.
 1 APPPATH/Controllers/SeniorityInfo.php(203): count(null)
 2 SYSTEMPATH/CodeIgniter.php(942): App\Controllers\SeniorityInfo->update()
 3 SYSTEMPATH/CodeIgniter.php(502): CodeIgniter\CodeIgniter->runController(Object(App\Controllers\SeniorityInfo))
 4 SYSTEMPATH/CodeIgniter.php(361): CodeIgniter\CodeIgniter->handleRequest(null, Object(Config\Cache), false)
 5 FCPATH/index.php(79): CodeIgniter\CodeIgniter->run()
CRITICAL - 2024-06-03 08:01:26 --> Trying to access array offset on value of type null
in APPPATH/Controllers/UserInfo.php on line 521.
 1 APPPATH/Controllers/UserInfo.php(521): CodeIgniter\Debug\Exceptions->errorHandler(2, 'Trying to access array offset on value of type null', '/home/freelance/public_html/digitalflow/app/Controllers/UserInfo.php', 521)
 2 SYSTEMPATH/CodeIgniter.php(942): App\Controllers\UserInfo->register_data('12')
 3 SYSTEMPATH/CodeIgniter.php(502): CodeIgniter\CodeIgniter->runController(Object(App\Controllers\UserInfo))
 4 SYSTEMPATH/CodeIgniter.php(361): CodeIgniter\CodeIgniter->handleRequest(null, Object(Config\Cache), false)
 5 FCPATH/index.php(79): CodeIgniter\CodeIgniter->run()
ERROR - 2024-06-03 08:08:39 --> File not found: /home/freelance/public_html/digitalflow/writable/public/public
ERROR - 2024-06-03 08:08:41 --> File not found: /home/freelance/public_html/digitalflow/writable/public/public
CRITICAL - 2024-06-03 08:11:38 --> Trying to access array offset on value of type null
in APPPATH/Controllers/UserInfo.php on line 521.
 1 APPPATH/Controllers/UserInfo.php(521): CodeIgniter\Debug\Exceptions->errorHandler(2, 'Trying to access array offset on value of type null', '/home/freelance/public_html/digitalflow/app/Controllers/UserInfo.php', 521)
 2 SYSTEMPATH/CodeIgniter.php(942): App\Controllers\UserInfo->register_data('ewq')
 3 SYSTEMPATH/CodeIgniter.php(502): CodeIgniter\CodeIgniter->runController(Object(App\Controllers\UserInfo))
 4 SYSTEMPATH/CodeIgniter.php(361): CodeIgniter\CodeIgniter->handleRequest(null, Object(Config\Cache), false)
 5 FCPATH/index.php(79): CodeIgniter\CodeIgniter->run()
CRITICAL - 2024-06-03 08:11:41 --> Trying to access array offset on value of type null
in APPPATH/Controllers/UserInfo.php on line 521.
 1 APPPATH/Controllers/UserInfo.php(521): CodeIgniter\Debug\Exceptions->errorHandler(2, 'Trying to access array offset on value of type null', '/home/freelance/public_html/digitalflow/app/Controllers/UserInfo.php', 521)
 2 SYSTEMPATH/CodeIgniter.php(942): App\Controllers\UserInfo->register_data('dsasdad')
 3 SYSTEMPATH/CodeIgniter.php(502): CodeIgniter\CodeIgniter->runController(Object(App\Controllers\UserInfo))
 4 SYSTEMPATH/CodeIgniter.php(361): CodeIgniter\CodeIgniter->handleRequest(null, Object(Config\Cache), false)
 5 FCPATH/index.php(79): CodeIgniter\CodeIgniter->run()
ERROR - 2024-06-03 09:14:36 --> mysqli_sql_exception: Unknown column 'senior_deleted_on' in 'where clause' in /home/freelance/public_html/digitalflow/system/Database/MySQLi/Connection.php:306
Stack trace:
#0 /home/freelance/public_html/digitalflow/system/Database/MySQLi/Connection.php(306): mysqli->query('SELECT *\nFROM `...', 0)
#1 /home/freelance/public_html/digitalflow/system/Database/BaseConnection.php(693): CodeIgniter\Database\MySQLi\Connection->execute('SELECT *\nFROM `...')
#2 /home/freelance/public_html/digitalflow/system/Database/BaseConnection.php(607): CodeIgniter\Database\BaseConnection->simpleQuery('SELECT *\nFROM `...')
#3 /home/freelance/public_html/digitalflow/system/Database/BaseBuilder.php(1615): CodeIgniter\Database\BaseConnection->query('SELECT *\nFROM `...', Array, false)
#4 /home/freelance/public_html/digitalflow/system/Model.php(237): CodeIgniter\Database\BaseBuilder->get()
#5 /home/freelance/public_html/digitalflow/system/BaseModel.php(624): CodeIgniter\Model->doFindAll(0, 0)
#6 /home/freelance/public_html/digitalflow/app/Controllers/AllReports.php(119): CodeIgniter\BaseModel->findAll()
#7 /home/freelance/public_html/digitalflow/system/CodeIgniter.php(942): App\Controllers\AllReports->index()
#8 /home/freelance/public_html/digitalflow/system/CodeIgniter.php(502): CodeIgniter\CodeIgniter->runController(Object(App\Controllers\AllReports))
#9 /home/freelance/public_html/digitalflow/system/CodeIgniter.php(361): CodeIgniter\CodeIgniter->handleRequest(NULL, Object(Config\Cache), false)
#10 /home/freelance/public_html/digitalflow/index.php(79): CodeIgniter\CodeIgniter->run()
#11 {main}
CRITICAL - 2024-06-03 09:14:36 --> Unknown column 'senior_deleted_on' in 'where clause'
in SYSTEMPATH/Database/BaseConnection.php on line 647.
 1 SYSTEMPATH/Database/BaseBuilder.php(1615): CodeIgniter\Database\BaseConnection->query('SELECT *
FROM `seniority_info`
WHERE `seniority_status` like :seniority_status:
AND `emp_id` IS NOT NULL
AND `senior_deleted_on` IS NULL
ORDER BY `emp_id` ASC', [...], false)
 2 SYSTEMPATH/Model.php(237): CodeIgniter\Database\BaseBuilder->get()
 3 SYSTEMPATH/BaseModel.php(624): CodeIgniter\Model->doFindAll(0, 0)
 4 APPPATH/Controllers/AllReports.php(119): CodeIgniter\BaseModel->findAll()
 5 SYSTEMPATH/CodeIgniter.php(942): App\Controllers\AllReports->index()
 6 SYSTEMPATH/CodeIgniter.php(502): CodeIgniter\CodeIgniter->runController(Object(App\Controllers\AllReports))
 7 SYSTEMPATH/CodeIgniter.php(361): CodeIgniter\CodeIgniter->handleRequest(null, Object(Config\Cache), false)
 8 FCPATH/index.php(79): CodeIgniter\CodeIgniter->run()
ERROR - 2024-06-03 09:19:03 --> mysqli_sql_exception: Unknown column 'emp_id' in 'where clause' in /home/freelance/public_html/digitalflow/system/Database/MySQLi/Connection.php:306
Stack trace:
#0 /home/freelance/public_html/digitalflow/system/Database/MySQLi/Connection.php(306): mysqli->query('SELECT *\nFROM `...', 0)
#1 /home/freelance/public_html/digitalflow/system/Database/BaseConnection.php(693): CodeIgniter\Database\MySQLi\Connection->execute('SELECT *\nFROM `...')
#2 /home/freelance/public_html/digitalflow/system/Database/BaseConnection.php(607): CodeIgniter\Database\BaseConnection->simpleQuery('SELECT *\nFROM `...')
#3 /home/freelance/public_html/digitalflow/system/Database/BaseBuilder.php(1615): CodeIgniter\Database\BaseConnection->query('SELECT *\nFROM `...', Array, false)
#4 /home/freelance/public_html/digitalflow/system/Model.php(264): CodeIgniter\Database\BaseBuilder->get()
#5 /home/freelance/public_html/digitalflow/system/BaseModel.php(662): CodeIgniter\Model->doFirst()
#6 /home/freelance/public_html/digitalflow/app/Controllers/AllReports.php(152): CodeIgniter\BaseModel->first()
#7 /home/freelance/public_html/digitalflow/system/CodeIgniter.php(942): App\Controllers\AllReports->index()
#8 /home/freelance/public_html/digitalflow/system/CodeIgniter.php(502): CodeIgniter\CodeIgniter->runController(Object(App\Controllers\AllReports))
#9 /home/freelance/public_html/digitalflow/system/CodeIgniter.php(361): CodeIgniter\CodeIgniter->handleRequest(NULL, Object(Config\Cache), false)
#10 /home/freelance/public_html/digitalflow/index.php(79): CodeIgniter\CodeIgniter->run()
#11 {main}
CRITICAL - 2024-06-03 09:19:03 --> Unknown column 'emp_id' in 'where clause'
in SYSTEMPATH/Database/BaseConnection.php on line 647.
 1 SYSTEMPATH/Database/BaseBuilder.php(1615): CodeIgniter\Database\BaseConnection->query('SELECT *
FROM `department_info`
WHERE `emp_id` = :emp_id:
 LIMIT 1', [...], false)
 2 SYSTEMPATH/Model.php(264): CodeIgniter\Database\BaseBuilder->get()
 3 SYSTEMPATH/BaseModel.php(662): CodeIgniter\Model->doFirst()
 4 APPPATH/Controllers/AllReports.php(152): CodeIgniter\BaseModel->first()
 5 SYSTEMPATH/CodeIgniter.php(942): App\Controllers\AllReports->index()
 6 SYSTEMPATH/CodeIgniter.php(502): CodeIgniter\CodeIgniter->runController(Object(App\Controllers\AllReports))
 7 SYSTEMPATH/CodeIgniter.php(361): CodeIgniter\CodeIgniter->handleRequest(null, Object(Config\Cache), false)
 8 FCPATH/index.php(79): CodeIgniter\CodeIgniter->run()
ERROR - 2024-06-03 09:19:36 --> mysqli_sql_exception: Unknown column 'emp_id' in 'where clause' in /home/freelance/public_html/digitalflow/system/Database/MySQLi/Connection.php:306
Stack trace:
#0 /home/freelance/public_html/digitalflow/system/Database/MySQLi/Connection.php(306): mysqli->query('SELECT *\nFROM `...', 0)
#1 /home/freelance/public_html/digitalflow/system/Database/BaseConnection.php(693): CodeIgniter\Database\MySQLi\Connection->execute('SELECT *\nFROM `...')
#2 /home/freelance/public_html/digitalflow/system/Database/BaseConnection.php(607): CodeIgniter\Database\BaseConnection->simpleQuery('SELECT *\nFROM `...')
#3 /home/freelance/public_html/digitalflow/system/Database/BaseBuilder.php(1615): CodeIgniter\Database\BaseConnection->query('SELECT *\nFROM `...', Array, false)
#4 /home/freelance/public_html/digitalflow/system/Model.php(264): CodeIgniter\Database\BaseBuilder->get()
#5 /home/freelance/public_html/digitalflow/system/BaseModel.php(662): CodeIgniter\Model->doFirst()
#6 /home/freelance/public_html/digitalflow/app/Controllers/AllReports.php(152): CodeIgniter\BaseModel->first()
#7 /home/freelance/public_html/digitalflow/system/CodeIgniter.php(942): App\Controllers\AllReports->index()
#8 /home/freelance/public_html/digitalflow/system/CodeIgniter.php(502): CodeIgniter\CodeIgniter->runController(Object(App\Controllers\AllReports))
#9 /home/freelance/public_html/digitalflow/system/CodeIgniter.php(361): CodeIgniter\CodeIgniter->handleRequest(NULL, Object(Config\Cache), false)
#10 /home/freelance/public_html/digitalflow/index.php(79): CodeIgniter\CodeIgniter->run()
#11 {main}
CRITICAL - 2024-06-03 09:19:36 --> Unknown column 'emp_id' in 'where clause'
in SYSTEMPATH/Database/BaseConnection.php on line 647.
 1 SYSTEMPATH/Database/BaseBuilder.php(1615): CodeIgniter\Database\BaseConnection->query('SELECT *
FROM `department_info`
WHERE `emp_id` = :emp_id:
 LIMIT 1', [...], false)
 2 SYSTEMPATH/Model.php(264): CodeIgniter\Database\BaseBuilder->get()
 3 SYSTEMPATH/BaseModel.php(662): CodeIgniter\Model->doFirst()
 4 APPPATH/Controllers/AllReports.php(152): CodeIgniter\BaseModel->first()
 5 SYSTEMPATH/CodeIgniter.php(942): App\Controllers\AllReports->index()
 6 SYSTEMPATH/CodeIgniter.php(502): CodeIgniter\CodeIgniter->runController(Object(App\Controllers\AllReports))
 7 SYSTEMPATH/CodeIgniter.php(361): CodeIgniter\CodeIgniter->handleRequest(null, Object(Config\Cache), false)
 8 FCPATH/index.php(79): CodeIgniter\CodeIgniter->run()
ERROR - 2024-06-03 09:19:45 --> mysqli_sql_exception: Unknown column 'emp_id' in 'where clause' in /home/freelance/public_html/digitalflow/system/Database/MySQLi/Connection.php:306
Stack trace:
#0 /home/freelance/public_html/digitalflow/system/Database/MySQLi/Connection.php(306): mysqli->query('SELECT *\nFROM `...', 0)
#1 /home/freelance/public_html/digitalflow/system/Database/BaseConnection.php(693): CodeIgniter\Database\MySQLi\Connection->execute('SELECT *\nFROM `...')
#2 /home/freelance/public_html/digitalflow/system/Database/BaseConnection.php(607): CodeIgniter\Database\BaseConnection->simpleQuery('SELECT *\nFROM `...')
#3 /home/freelance/public_html/digitalflow/system/Database/BaseBuilder.php(1615): CodeIgniter\Database\BaseConnection->query('SELECT *\nFROM `...', Array, false)
#4 /home/freelance/public_html/digitalflow/system/Model.php(264): CodeIgniter\Database\BaseBuilder->get()
#5 /home/freelance/public_html/digitalflow/system/BaseModel.php(662): CodeIgniter\Model->doFirst()
#6 /home/freelance/public_html/digitalflow/app/Controllers/AllReports.php(152): CodeIgniter\BaseModel->first()
#7 /home/freelance/public_html/digitalflow/system/CodeIgniter.php(942): App\Controllers\AllReports->index()
#8 /home/freelance/public_html/digitalflow/system/CodeIgniter.php(502): CodeIgniter\CodeIgniter->runController(Object(App\Controllers\AllReports))
#9 /home/freelance/public_html/digitalflow/system/CodeIgniter.php(361): CodeIgniter\CodeIgniter->handleRequest(NULL, Object(Config\Cache), false)
#10 /home/freelance/public_html/digitalflow/index.php(79): CodeIgniter\CodeIgniter->run()
#11 {main}
CRITICAL - 2024-06-03 09:19:45 --> Unknown column 'emp_id' in 'where clause'
in SYSTEMPATH/Database/BaseConnection.php on line 647.
 1 SYSTEMPATH/Database/BaseBuilder.php(1615): CodeIgniter\Database\BaseConnection->query('SELECT *
FROM `department_info`
WHERE `emp_id` = :emp_id:
 LIMIT 1', [...], false)
 2 SYSTEMPATH/Model.php(264): CodeIgniter\Database\BaseBuilder->get()
 3 SYSTEMPATH/BaseModel.php(662): CodeIgniter\Model->doFirst()
 4 APPPATH/Controllers/AllReports.php(152): CodeIgniter\BaseModel->first()
 5 SYSTEMPATH/CodeIgniter.php(942): App\Controllers\AllReports->index()
 6 SYSTEMPATH/CodeIgniter.php(502): CodeIgniter\CodeIgniter->runController(Object(App\Controllers\AllReports))
 7 SYSTEMPATH/CodeIgniter.php(361): CodeIgniter\CodeIgniter->handleRequest(null, Object(Config\Cache), false)
 8 FCPATH/index.php(79): CodeIgniter\CodeIgniter->run()
ERROR - 2024-06-03 09:20:32 --> mysqli_sql_exception: Unknown column 'emp_id' in 'where clause' in /home/freelance/public_html/digitalflow/system/Database/MySQLi/Connection.php:306
Stack trace:
#0 /home/freelance/public_html/digitalflow/system/Database/MySQLi/Connection.php(306): mysqli->query('SELECT *\nFROM `...', 0)
#1 /home/freelance/public_html/digitalflow/system/Database/BaseConnection.php(693): CodeIgniter\Database\MySQLi\Connection->execute('SELECT *\nFROM `...')
#2 /home/freelance/public_html/digitalflow/system/Database/BaseConnection.php(607): CodeIgniter\Database\BaseConnection->simpleQuery('SELECT *\nFROM `...')
#3 /home/freelance/public_html/digitalflow/system/Database/BaseBuilder.php(1615): CodeIgniter\Database\BaseConnection->query('SELECT *\nFROM `...', Array, false)
#4 /home/freelance/public_html/digitalflow/system/Model.php(264): CodeIgniter\Database\BaseBuilder->get()
#5 /home/freelance/public_html/digitalflow/system/BaseModel.php(662): CodeIgniter\Model->doFirst()
#6 /home/freelance/public_html/digitalflow/app/Controllers/AllReports.php(152): CodeIgniter\BaseModel->first()
#7 /home/freelance/public_html/digitalflow/system/CodeIgniter.php(942): App\Controllers\AllReports->index()
#8 /home/freelance/public_html/digitalflow/system/CodeIgniter.php(502): CodeIgniter\CodeIgniter->runController(Object(App\Controllers\AllReports))
#9 /home/freelance/public_html/digitalflow/system/CodeIgniter.php(361): CodeIgniter\CodeIgniter->handleRequest(NULL, Object(Config\Cache), false)
#10 /home/freelance/public_html/digitalflow/index.php(79): CodeIgniter\CodeIgniter->run()
#11 {main}
CRITICAL - 2024-06-03 09:20:32 --> Unknown column 'emp_id' in 'where clause'
in SYSTEMPATH/Database/BaseConnection.php on line 647.
 1 SYSTEMPATH/Database/BaseBuilder.php(1615): CodeIgniter\Database\BaseConnection->query('SELECT *
FROM `department_info`
WHERE `emp_id` = :emp_id:
 LIMIT 1', [...], false)
 2 SYSTEMPATH/Model.php(264): CodeIgniter\Database\BaseBuilder->get()
 3 SYSTEMPATH/BaseModel.php(662): CodeIgniter\Model->doFirst()
 4 APPPATH/Controllers/AllReports.php(152): CodeIgniter\BaseModel->first()
 5 SYSTEMPATH/CodeIgniter.php(942): App\Controllers\AllReports->index()
 6 SYSTEMPATH/CodeIgniter.php(502): CodeIgniter\CodeIgniter->runController(Object(App\Controllers\AllReports))
 7 SYSTEMPATH/CodeIgniter.php(361): CodeIgniter\CodeIgniter->handleRequest(null, Object(Config\Cache), false)
 8 FCPATH/index.php(79): CodeIgniter\CodeIgniter->run()
ERROR - 2024-06-03 09:20:53 --> mysqli_sql_exception: Unknown column 'emp_id' in 'where clause' in /home/freelance/public_html/digitalflow/system/Database/MySQLi/Connection.php:306
Stack trace:
#0 /home/freelance/public_html/digitalflow/system/Database/MySQLi/Connection.php(306): mysqli->query('SELECT *\nFROM `...', 0)
#1 /home/freelance/public_html/digitalflow/system/Database/BaseConnection.php(693): CodeIgniter\Database\MySQLi\Connection->execute('SELECT *\nFROM `...')
#2 /home/freelance/public_html/digitalflow/system/Database/BaseConnection.php(607): CodeIgniter\Database\BaseConnection->simpleQuery('SELECT *\nFROM `...')
#3 /home/freelance/public_html/digitalflow/system/Database/BaseBuilder.php(1615): CodeIgniter\Database\BaseConnection->query('SELECT *\nFROM `...', Array, false)
#4 /home/freelance/public_html/digitalflow/system/Model.php(264): CodeIgniter\Database\BaseBuilder->get()
#5 /home/freelance/public_html/digitalflow/system/BaseModel.php(662): CodeIgniter\Model->doFirst()
#6 /home/freelance/public_html/digitalflow/app/Controllers/AllReports.php(152): CodeIgniter\BaseModel->first()
#7 /home/freelance/public_html/digitalflow/system/CodeIgniter.php(942): App\Controllers\AllReports->index()
#8 /home/freelance/public_html/digitalflow/system/CodeIgniter.php(502): CodeIgniter\CodeIgniter->runController(Object(App\Controllers\AllReports))
#9 /home/freelance/public_html/digitalflow/system/CodeIgniter.php(361): CodeIgniter\CodeIgniter->handleRequest(NULL, Object(Config\Cache), false)
#10 /home/freelance/public_html/digitalflow/index.php(79): CodeIgniter\CodeIgniter->run()
#11 {main}
CRITICAL - 2024-06-03 09:20:53 --> Unknown column 'emp_id' in 'where clause'
in SYSTEMPATH/Database/BaseConnection.php on line 647.
 1 SYSTEMPATH/Database/BaseBuilder.php(1615): CodeIgniter\Database\BaseConnection->query('SELECT *
FROM `department_info`
WHERE `emp_id` = :emp_id:
 LIMIT 1', [...], false)
 2 SYSTEMPATH/Model.php(264): CodeIgniter\Database\BaseBuilder->get()
 3 SYSTEMPATH/BaseModel.php(662): CodeIgniter\Model->doFirst()
 4 APPPATH/Controllers/AllReports.php(152): CodeIgniter\BaseModel->first()
 5 SYSTEMPATH/CodeIgniter.php(942): App\Controllers\AllReports->index()
 6 SYSTEMPATH/CodeIgniter.php(502): CodeIgniter\CodeIgniter->runController(Object(App\Controllers\AllReports))
 7 SYSTEMPATH/CodeIgniter.php(361): CodeIgniter\CodeIgniter->handleRequest(null, Object(Config\Cache), false)
 8 FCPATH/index.php(79): CodeIgniter\CodeIgniter->run()
CRITICAL - 2024-06-03 09:24:43 --> count(): Argument #1 ($value) must be of type Countable|array, null given
in APPPATH/Controllers/AllReports.php on line 161.
 1 APPPATH/Controllers/AllReports.php(161): count(null)
 2 SYSTEMPATH/CodeIgniter.php(942): App\Controllers\AllReports->index()
 3 SYSTEMPATH/CodeIgniter.php(502): CodeIgniter\CodeIgniter->runController(Object(App\Controllers\AllReports))
 4 SYSTEMPATH/CodeIgniter.php(361): CodeIgniter\CodeIgniter->handleRequest(null, Object(Config\Cache), false)
 5 FCPATH/index.php(79): CodeIgniter\CodeIgniter->run()
CRITICAL - 2024-06-03 09:27:52 --> count(): Argument #1 ($value) must be of type Countable|array, null given
in APPPATH/Controllers/AllReports.php on line 161.
 1 APPPATH/Controllers/AllReports.php(161): count(null)
 2 SYSTEMPATH/CodeIgniter.php(942): App\Controllers\AllReports->index()
 3 SYSTEMPATH/CodeIgniter.php(502): CodeIgniter\CodeIgniter->runController(Object(App\Controllers\AllReports))
 4 SYSTEMPATH/CodeIgniter.php(361): CodeIgniter\CodeIgniter->handleRequest(null, Object(Config\Cache), false)
 5 FCPATH/index.php(79): CodeIgniter\CodeIgniter->run()
CRITICAL - 2024-06-03 09:28:01 --> count(): Argument #1 ($value) must be of type Countable|array, null given
in APPPATH/Controllers/AllReports.php on line 161.
 1 APPPATH/Controllers/AllReports.php(161): count(null)
 2 SYSTEMPATH/CodeIgniter.php(942): App\Controllers\AllReports->index()
 3 SYSTEMPATH/CodeIgniter.php(502): CodeIgniter\CodeIgniter->runController(Object(App\Controllers\AllReports))
 4 SYSTEMPATH/CodeIgniter.php(361): CodeIgniter\CodeIgniter->handleRequest(null, Object(Config\Cache), false)
 5 FCPATH/index.php(79): CodeIgniter\CodeIgniter->run()
CRITICAL - 2024-06-03 09:28:15 --> count(): Argument #1 ($value) must be of type Countable|array, null given
in APPPATH/Controllers/AllReports.php on line 161.
 1 APPPATH/Controllers/AllReports.php(161): count(null)
 2 SYSTEMPATH/CodeIgniter.php(942): App\Controllers\AllReports->index()
 3 SYSTEMPATH/CodeIgniter.php(502): CodeIgniter\CodeIgniter->runController(Object(App\Controllers\AllReports))
 4 SYSTEMPATH/CodeIgniter.php(361): CodeIgniter\CodeIgniter->handleRequest(null, Object(Config\Cache), false)
 5 FCPATH/index.php(79): CodeIgniter\CodeIgniter->run()
CRITICAL - 2024-06-03 09:34:24 --> Undefined variable $file
in APPPATH/Views/bankaccountinfo/view.php on line 79.
 1 APPPATH/Views/bankaccountinfo/view.php(79): CodeIgniter\Debug\Exceptions->errorHandler(2, 'Undefined variable $file', '/home/freelance/public_html/digitalflow/app/Views/bankaccountinfo/view.php', 79)
 2 SYSTEMPATH/View/View.php(228): include('/home/freelance/public_html/digitalflow/app/Views/bankaccountinfo/view.php')
 3 SYSTEMPATH/View/View.php(231): CodeIgniter\View\View->CodeIgniter\View\{closure}()
 4 SYSTEMPATH/Common.php(1190): CodeIgniter\View\View->render('bankaccountinfo/view', [], true)
 5 APPPATH/Controllers/BankAccountInfo.php(142): view('bankaccountinfo/view', [...])
 6 SYSTEMPATH/CodeIgniter.php(942): App\Controllers\BankAccountInfo->view()
 7 SYSTEMPATH/CodeIgniter.php(502): CodeIgniter\CodeIgniter->runController(Object(App\Controllers\BankAccountInfo))
 8 SYSTEMPATH/CodeIgniter.php(361): CodeIgniter\CodeIgniter->handleRequest(null, Object(Config\Cache), false)
 9 FCPATH/index.php(79): CodeIgniter\CodeIgniter->run()
CRITICAL - 2024-06-03 09:37:58 --> count(): Argument #1 ($value) must be of type Countable|array, null given
in APPPATH/Controllers/AllReports.php on line 161.
 1 APPPATH/Controllers/AllReports.php(161): count(null)
 2 SYSTEMPATH/CodeIgniter.php(942): App\Controllers\AllReports->index()
 3 SYSTEMPATH/CodeIgniter.php(502): CodeIgniter\CodeIgniter->runController(Object(App\Controllers\AllReports))
 4 SYSTEMPATH/CodeIgniter.php(361): CodeIgniter\CodeIgniter->handleRequest(null, Object(Config\Cache), false)
 5 FCPATH/index.php(79): CodeIgniter\CodeIgniter->run()
CRITICAL - 2024-06-03 09:38:45 --> count(): Argument #1 ($value) must be of type Countable|array, null given
in APPPATH/Controllers/AllReports.php on line 161.
 1 APPPATH/Controllers/AllReports.php(161): count(null)
 2 SYSTEMPATH/CodeIgniter.php(942): App\Controllers\AllReports->index()
 3 SYSTEMPATH/CodeIgniter.php(502): CodeIgniter\CodeIgniter->runController(Object(App\Controllers\AllReports))
 4 SYSTEMPATH/CodeIgniter.php(361): CodeIgniter\CodeIgniter->handleRequest(null, Object(Config\Cache), false)
 5 FCPATH/index.php(79): CodeIgniter\CodeIgniter->run()
CRITICAL - 2024-06-03 09:39:00 --> count(): Argument #1 ($value) must be of type Countable|array, null given
in APPPATH/Controllers/AllReports.php on line 161.
 1 APPPATH/Controllers/AllReports.php(161): count(null)
 2 SYSTEMPATH/CodeIgniter.php(942): App\Controllers\AllReports->index()
 3 SYSTEMPATH/CodeIgniter.php(502): CodeIgniter\CodeIgniter->runController(Object(App\Controllers\AllReports))
 4 SYSTEMPATH/CodeIgniter.php(361): CodeIgniter\CodeIgniter->handleRequest(null, Object(Config\Cache), false)
 5 FCPATH/index.php(79): CodeIgniter\CodeIgniter->run()
CRITICAL - 2024-06-03 09:39:52 --> count(): Argument #1 ($value) must be of type Countable|array, null given
in APPPATH/Controllers/AllReports.php on line 161.
 1 APPPATH/Controllers/AllReports.php(161): count(null)
 2 SYSTEMPATH/CodeIgniter.php(942): App\Controllers\AllReports->index()
 3 SYSTEMPATH/CodeIgniter.php(502): CodeIgniter\CodeIgniter->runController(Object(App\Controllers\AllReports))
 4 SYSTEMPATH/CodeIgniter.php(361): CodeIgniter\CodeIgniter->handleRequest(null, Object(Config\Cache), false)
 5 FCPATH/index.php(79): CodeIgniter\CodeIgniter->run()
CRITICAL - 2024-06-03 09:45:51 --> count(): Argument #1 ($value) must be of type Countable|array, null given
in APPPATH/Controllers/AllReports.php on line 163.
 1 APPPATH/Controllers/AllReports.php(163): count(null)
 2 SYSTEMPATH/CodeIgniter.php(942): App\Controllers\AllReports->index()
 3 SYSTEMPATH/CodeIgniter.php(502): CodeIgniter\CodeIgniter->runController(Object(App\Controllers\AllReports))
 4 SYSTEMPATH/CodeIgniter.php(361): CodeIgniter\CodeIgniter->handleRequest(null, Object(Config\Cache), false)
 5 FCPATH/index.php(79): CodeIgniter\CodeIgniter->run()
CRITICAL - 2024-06-03 09:46:23 --> count(): Argument #1 ($value) must be of type Countable|array, null given
in APPPATH/Controllers/AllReports.php on line 163.
 1 APPPATH/Controllers/AllReports.php(163): count(null)
 2 SYSTEMPATH/CodeIgniter.php(942): App\Controllers\AllReports->index()
 3 SYSTEMPATH/CodeIgniter.php(502): CodeIgniter\CodeIgniter->runController(Object(App\Controllers\AllReports))
 4 SYSTEMPATH/CodeIgniter.php(361): CodeIgniter\CodeIgniter->handleRequest(null, Object(Config\Cache), false)
 5 FCPATH/index.php(79): CodeIgniter\CodeIgniter->run()
CRITICAL - 2024-06-03 09:46:26 --> count(): Argument #1 ($value) must be of type Countable|array, null given
in APPPATH/Controllers/AllReports.php on line 163.
 1 APPPATH/Controllers/AllReports.php(163): count(null)
 2 SYSTEMPATH/CodeIgniter.php(942): App\Controllers\AllReports->index()
 3 SYSTEMPATH/CodeIgniter.php(502): CodeIgniter\CodeIgniter->runController(Object(App\Controllers\AllReports))
 4 SYSTEMPATH/CodeIgniter.php(361): CodeIgniter\CodeIgniter->handleRequest(null, Object(Config\Cache), false)
 5 FCPATH/index.php(79): CodeIgniter\CodeIgniter->run()
CRITICAL - 2024-06-03 09:46:50 --> count(): Argument #1 ($value) must be of type Countable|array, null given
in APPPATH/Controllers/AllReports.php on line 163.
 1 APPPATH/Controllers/AllReports.php(163): count(null)
 2 SYSTEMPATH/CodeIgniter.php(942): App\Controllers\AllReports->index()
 3 SYSTEMPATH/CodeIgniter.php(502): CodeIgniter\CodeIgniter->runController(Object(App\Controllers\AllReports))
 4 SYSTEMPATH/CodeIgniter.php(361): CodeIgniter\CodeIgniter->handleRequest(null, Object(Config\Cache), false)
 5 FCPATH/index.php(79): CodeIgniter\CodeIgniter->run()
CRITICAL - 2024-06-03 09:48:00 --> count(): Argument #1 ($value) must be of type Countable|array, null given
in APPPATH/Controllers/AllReports.php on line 162.
 1 APPPATH/Controllers/AllReports.php(162): count(null)
 2 SYSTEMPATH/CodeIgniter.php(942): App\Controllers\AllReports->index()
 3 SYSTEMPATH/CodeIgniter.php(502): CodeIgniter\CodeIgniter->runController(Object(App\Controllers\AllReports))
 4 SYSTEMPATH/CodeIgniter.php(361): CodeIgniter\CodeIgniter->handleRequest(null, Object(Config\Cache), false)
 5 FCPATH/index.php(79): CodeIgniter\CodeIgniter->run()
CRITICAL - 2024-06-03 09:49:26 --> count(): Argument #1 ($value) must be of type Countable|array, null given
in APPPATH/Controllers/AllReports.php on line 173.
 1 APPPATH/Controllers/AllReports.php(173): count(null)
 2 SYSTEMPATH/CodeIgniter.php(942): App\Controllers\AllReports->index()
 3 SYSTEMPATH/CodeIgniter.php(502): CodeIgniter\CodeIgniter->runController(Object(App\Controllers\AllReports))
 4 SYSTEMPATH/CodeIgniter.php(361): CodeIgniter\CodeIgniter->handleRequest(null, Object(Config\Cache), false)
 5 FCPATH/index.php(79): CodeIgniter\CodeIgniter->run()
ERROR - 2024-06-03 09:52:48 --> mysqli_sql_exception: Unknown column 'department_name' in 'field list' in /home/freelance/public_html/digitalflow/system/Database/MySQLi/Connection.php:306
Stack trace:
#0 /home/freelance/public_html/digitalflow/system/Database/MySQLi/Connection.php(306): mysqli->query('SELECT DISTINCT...', 0)
#1 /home/freelance/public_html/digitalflow/system/Database/BaseConnection.php(693): CodeIgniter\Database\MySQLi\Connection->execute('SELECT DISTINCT...')
#2 /home/freelance/public_html/digitalflow/system/Database/BaseConnection.php(607): CodeIgniter\Database\BaseConnection->simpleQuery('SELECT DISTINCT...')
#3 /home/freelance/public_html/digitalflow/system/Database/BaseBuilder.php(1615): CodeIgniter\Database\BaseConnection->query('SELECT DISTINCT...', Array, false)
#4 /home/freelance/public_html/digitalflow/system/Model.php(199): CodeIgniter\Database\BaseBuilder->get()
#5 /home/freelance/public_html/digitalflow/system/BaseModel.php(563): CodeIgniter\Model->doFind(false, NULL)
#6 /home/freelance/public_html/digitalflow/system/Model.php(215): CodeIgniter\BaseModel->find()
#7 /home/freelance/public_html/digitalflow/system/BaseModel.php(594): CodeIgniter\Model->doFindColumn('department_name')
#8 /home/freelance/public_html/digitalflow/app/Controllers/AllReports.php(190): CodeIgniter\BaseModel->findColumn('department_name')
#9 /home/freelance/public_html/digitalflow/system/CodeIgniter.php(942): App\Controllers\AllReports->index()
#10 /home/freelance/public_html/digitalflow/system/CodeIgniter.php(502): CodeIgniter\CodeIgniter->runController(Object(App\Controllers\AllReports))
#11 /home/freelance/public_html/digitalflow/system/CodeIgniter.php(361): CodeIgniter\CodeIgniter->handleRequest(NULL, Object(Config\Cache), false)
#12 /home/freelance/public_html/digitalflow/index.php(79): CodeIgniter\CodeIgniter->run()
#13 {main}
CRITICAL - 2024-06-03 09:52:48 --> Unknown column 'department_name' in 'field list'
in SYSTEMPATH/Database/BaseConnection.php on line 647.
 1 SYSTEMPATH/Database/BaseBuilder.php(1615): CodeIgniter\Database\BaseConnection->query('SELECT DISTINCT `department_name`
FROM `companywork_info`
WHERE `department_name` != \'\'', [], false)
 2 SYSTEMPATH/Model.php(199): CodeIgniter\Database\BaseBuilder->get()
 3 SYSTEMPATH/BaseModel.php(563): CodeIgniter\Model->doFind(false, null)
 4 SYSTEMPATH/Model.php(215): CodeIgniter\BaseModel->find()
 5 SYSTEMPATH/BaseModel.php(594): CodeIgniter\Model->doFindColumn('department_name')
 6 APPPATH/Controllers/AllReports.php(190): CodeIgniter\BaseModel->findColumn('department_name')
 7 SYSTEMPATH/CodeIgniter.php(942): App\Controllers\AllReports->index()
 8 SYSTEMPATH/CodeIgniter.php(502): CodeIgniter\CodeIgniter->runController(Object(App\Controllers\AllReports))
 9 SYSTEMPATH/CodeIgniter.php(361): CodeIgniter\CodeIgniter->handleRequest(null, Object(Config\Cache), false)
10 FCPATH/index.php(79): CodeIgniter\CodeIgniter->run()
ERROR - 2024-06-03 09:53:22 --> mysqli_sql_exception: Unknown column 'department_name' in 'field list' in /home/freelance/public_html/digitalflow/system/Database/MySQLi/Connection.php:306
Stack trace:
#0 /home/freelance/public_html/digitalflow/system/Database/MySQLi/Connection.php(306): mysqli->query('SELECT DISTINCT...', 0)
#1 /home/freelance/public_html/digitalflow/system/Database/BaseConnection.php(693): CodeIgniter\Database\MySQLi\Connection->execute('SELECT DISTINCT...')
#2 /home/freelance/public_html/digitalflow/system/Database/BaseConnection.php(607): CodeIgniter\Database\BaseConnection->simpleQuery('SELECT DISTINCT...')
#3 /home/freelance/public_html/digitalflow/system/Database/BaseBuilder.php(1615): CodeIgniter\Database\BaseConnection->query('SELECT DISTINCT...', Array, false)
#4 /home/freelance/public_html/digitalflow/system/Model.php(199): CodeIgniter\Database\BaseBuilder->get()
#5 /home/freelance/public_html/digitalflow/system/BaseModel.php(563): CodeIgniter\Model->doFind(false, NULL)
#6 /home/freelance/public_html/digitalflow/system/Model.php(215): CodeIgniter\BaseModel->find()
#7 /home/freelance/public_html/digitalflow/system/BaseModel.php(594): CodeIgniter\Model->doFindColumn('department_name')
#8 /home/freelance/public_html/digitalflow/app/Controllers/AllReports.php(190): CodeIgniter\BaseModel->findColumn('department_name')
#9 /home/freelance/public_html/digitalflow/system/CodeIgniter.php(942): App\Controllers\AllReports->index()
#10 /home/freelance/public_html/digitalflow/system/CodeIgniter.php(502): CodeIgniter\CodeIgniter->runController(Object(App\Controllers\AllReports))
#11 /home/freelance/public_html/digitalflow/system/CodeIgniter.php(361): CodeIgniter\CodeIgniter->handleRequest(NULL, Object(Config\Cache), false)
#12 /home/freelance/public_html/digitalflow/index.php(79): CodeIgniter\CodeIgniter->run()
#13 {main}
CRITICAL - 2024-06-03 09:53:22 --> Unknown column 'department_name' in 'field list'
in SYSTEMPATH/Database/BaseConnection.php on line 647.
 1 SYSTEMPATH/Database/BaseBuilder.php(1615): CodeIgniter\Database\BaseConnection->query('SELECT DISTINCT `department_name`
FROM `companywork_info`
WHERE `department_name` != \'\'', [], false)
 2 SYSTEMPATH/Model.php(199): CodeIgniter\Database\BaseBuilder->get()
 3 SYSTEMPATH/BaseModel.php(563): CodeIgniter\Model->doFind(false, null)
 4 SYSTEMPATH/Model.php(215): CodeIgniter\BaseModel->find()
 5 SYSTEMPATH/BaseModel.php(594): CodeIgniter\Model->doFindColumn('department_name')
 6 APPPATH/Controllers/AllReports.php(190): CodeIgniter\BaseModel->findColumn('department_name')
 7 SYSTEMPATH/CodeIgniter.php(942): App\Controllers\AllReports->index()
 8 SYSTEMPATH/CodeIgniter.php(502): CodeIgniter\CodeIgniter->runController(Object(App\Controllers\AllReports))
 9 SYSTEMPATH/CodeIgniter.php(361): CodeIgniter\CodeIgniter->handleRequest(null, Object(Config\Cache), false)
10 FCPATH/index.php(79): CodeIgniter\CodeIgniter->run()
ERROR - 2024-06-03 09:54:37 --> mysqli_sql_exception: Unknown column 'department_name' in 'field list' in /home/freelance/public_html/digitalflow/system/Database/MySQLi/Connection.php:306
Stack trace:
#0 /home/freelance/public_html/digitalflow/system/Database/MySQLi/Connection.php(306): mysqli->query('SELECT DISTINCT...', 0)
#1 /home/freelance/public_html/digitalflow/system/Database/BaseConnection.php(693): CodeIgniter\Database\MySQLi\Connection->execute('SELECT DISTINCT...')
#2 /home/freelance/public_html/digitalflow/system/Database/BaseConnection.php(607): CodeIgniter\Database\BaseConnection->simpleQuery('SELECT DISTINCT...')
#3 /home/freelance/public_html/digitalflow/system/Database/BaseBuilder.php(1615): CodeIgniter\Database\BaseConnection->query('SELECT DISTINCT...', Array, false)
#4 /home/freelance/public_html/digitalflow/system/Model.php(199): CodeIgniter\Database\BaseBuilder->get()
#5 /home/freelance/public_html/digitalflow/system/BaseModel.php(563): CodeIgniter\Model->doFind(false, NULL)
#6 /home/freelance/public_html/digitalflow/system/Model.php(215): CodeIgniter\BaseModel->find()
#7 /home/freelance/public_html/digitalflow/system/BaseModel.php(594): CodeIgniter\Model->doFindColumn('department_name')
#8 /home/freelance/public_html/digitalflow/app/Controllers/AllReports.php(190): CodeIgniter\BaseModel->findColumn('department_name')
#9 /home/freelance/public_html/digitalflow/system/CodeIgniter.php(942): App\Controllers\AllReports->index()
#10 /home/freelance/public_html/digitalflow/system/CodeIgniter.php(502): CodeIgniter\CodeIgniter->runController(Object(App\Controllers\AllReports))
#11 /home/freelance/public_html/digitalflow/system/CodeIgniter.php(361): CodeIgniter\CodeIgniter->handleRequest(NULL, Object(Config\Cache), false)
#12 /home/freelance/public_html/digitalflow/index.php(79): CodeIgniter\CodeIgniter->run()
#13 {main}
CRITICAL - 2024-06-03 09:54:37 --> Unknown column 'department_name' in 'field list'
in SYSTEMPATH/Database/BaseConnection.php on line 647.
 1 SYSTEMPATH/Database/BaseBuilder.php(1615): CodeIgniter\Database\BaseConnection->query('SELECT DISTINCT `department_name`
FROM `companywork_info`
WHERE `department_name` != \'\'', [], false)
 2 SYSTEMPATH/Model.php(199): CodeIgniter\Database\BaseBuilder->get()
 3 SYSTEMPATH/BaseModel.php(563): CodeIgniter\Model->doFind(false, null)
 4 SYSTEMPATH/Model.php(215): CodeIgniter\BaseModel->find()
 5 SYSTEMPATH/BaseModel.php(594): CodeIgniter\Model->doFindColumn('department_name')
 6 APPPATH/Controllers/AllReports.php(190): CodeIgniter\BaseModel->findColumn('department_name')
 7 SYSTEMPATH/CodeIgniter.php(942): App\Controllers\AllReports->index()
 8 SYSTEMPATH/CodeIgniter.php(502): CodeIgniter\CodeIgniter->runController(Object(App\Controllers\AllReports))
 9 SYSTEMPATH/CodeIgniter.php(361): CodeIgniter\CodeIgniter->handleRequest(null, Object(Config\Cache), false)
10 FCPATH/index.php(79): CodeIgniter\CodeIgniter->run()
CRITICAL - 2024-06-03 09:57:49 --> view(): Argument #2 ($data) must be of type array, null given, called in /home/freelance/public_html/digitalflow/app/Controllers/AllReports.php on line 187
in SYSTEMPATH/Common.php on line 1178.
 1 APPPATH/Controllers/AllReports.php(187): view('allreports/index', null)
 2 SYSTEMPATH/CodeIgniter.php(942): App\Controllers\AllReports->index()
 3 SYSTEMPATH/CodeIgniter.php(502): CodeIgniter\CodeIgniter->runController(Object(App\Controllers\AllReports))
 4 SYSTEMPATH/CodeIgniter.php(361): CodeIgniter\CodeIgniter->handleRequest(null, Object(Config\Cache), false)
 5 FCPATH/index.php(79): CodeIgniter\CodeIgniter->run()
CRITICAL - 2024-06-03 09:58:43 --> Undefined variable $file
in APPPATH/Views/personalinfo/view.php on line 152.
 1 APPPATH/Views/personalinfo/view.php(152): CodeIgniter\Debug\Exceptions->errorHandler(2, 'Undefined variable $file', '/home/freelance/public_html/digitalflow/app/Views/personalinfo/view.php', 152)
 2 SYSTEMPATH/View/View.php(228): include('/home/freelance/public_html/digitalflow/app/Views/personalinfo/view.php')
 3 SYSTEMPATH/View/View.php(231): CodeIgniter\View\View->CodeIgniter\View\{closure}()
 4 SYSTEMPATH/Common.php(1190): CodeIgniter\View\View->render('personalinfo/view', [], true)
 5 APPPATH/Controllers/PersonalInfo.php(217): view('personalinfo/view', [...])
 6 SYSTEMPATH/CodeIgniter.php(942): App\Controllers\PersonalInfo->view()
 7 SYSTEMPATH/CodeIgniter.php(502): CodeIgniter\CodeIgniter->runController(Object(App\Controllers\PersonalInfo))
 8 SYSTEMPATH/CodeIgniter.php(361): CodeIgniter\CodeIgniter->handleRequest(null, Object(Config\Cache), false)
 9 FCPATH/index.php(79): CodeIgniter\CodeIgniter->run()
CRITICAL - 2024-06-03 10:05:09 --> view(): Argument #2 ($data) must be of type array, null given, called in /home/freelance/public_html/digitalflow/app/Controllers/AllReports.php on line 187
in SYSTEMPATH/Common.php on line 1178.
 1 APPPATH/Controllers/AllReports.php(187): view('allreports/index', null)
 2 SYSTEMPATH/CodeIgniter.php(942): App\Controllers\AllReports->index()
 3 SYSTEMPATH/CodeIgniter.php(502): CodeIgniter\CodeIgniter->runController(Object(App\Controllers\AllReports))
 4 SYSTEMPATH/CodeIgniter.php(361): CodeIgniter\CodeIgniter->handleRequest(null, Object(Config\Cache), false)
 5 FCPATH/index.php(79): CodeIgniter\CodeIgniter->run()
CRITICAL - 2024-06-03 10:05:22 --> view(): Argument #2 ($data) must be of type array, null given, called in /home/freelance/public_html/digitalflow/app/Controllers/AllReports.php on line 187
in SYSTEMPATH/Common.php on line 1178.
 1 APPPATH/Controllers/AllReports.php(187): view('allreports/index', null)
 2 SYSTEMPATH/CodeIgniter.php(942): App\Controllers\AllReports->index()
 3 SYSTEMPATH/CodeIgniter.php(502): CodeIgniter\CodeIgniter->runController(Object(App\Controllers\AllReports))
 4 SYSTEMPATH/CodeIgniter.php(361): CodeIgniter\CodeIgniter->handleRequest(null, Object(Config\Cache), false)
 5 FCPATH/index.php(79): CodeIgniter\CodeIgniter->run()
CRITICAL - 2024-06-03 10:08:41 --> count(): Argument #1 ($value) must be of type Countable|array, null given
in APPPATH/Controllers/AllReports.php on line 99.
 1 APPPATH/Controllers/AllReports.php(99): count(null)
 2 SYSTEMPATH/CodeIgniter.php(942): App\Controllers\AllReports->index()
 3 SYSTEMPATH/CodeIgniter.php(502): CodeIgniter\CodeIgniter->runController(Object(App\Controllers\AllReports))
 4 SYSTEMPATH/CodeIgniter.php(361): CodeIgniter\CodeIgniter->handleRequest(null, Object(Config\Cache), false)
 5 FCPATH/index.php(79): CodeIgniter\CodeIgniter->run()
CRITICAL - 2024-06-03 10:09:06 --> count(): Argument #1 ($value) must be of type Countable|array, null given
in APPPATH/Controllers/AllReports.php on line 99.
 1 APPPATH/Controllers/AllReports.php(99): count(null)
 2 SYSTEMPATH/CodeIgniter.php(942): App\Controllers\AllReports->index()
 3 SYSTEMPATH/CodeIgniter.php(502): CodeIgniter\CodeIgniter->runController(Object(App\Controllers\AllReports))
 4 SYSTEMPATH/CodeIgniter.php(361): CodeIgniter\CodeIgniter->handleRequest(null, Object(Config\Cache), false)
 5 FCPATH/index.php(79): CodeIgniter\CodeIgniter->run()
CRITICAL - 2024-06-03 10:23:43 --> view(): Argument #2 ($data) must be of type array, null given, called in /home/freelance/public_html/digitalflow/app/Controllers/AllReports.php on line 295
in SYSTEMPATH/Common.php on line 1178.
 1 APPPATH/Controllers/AllReports.php(295): view('allreports/reports', null)
 2 SYSTEMPATH/CodeIgniter.php(942): App\Controllers\AllReports->reportsdefault()
 3 SYSTEMPATH/CodeIgniter.php(502): CodeIgniter\CodeIgniter->runController(Object(App\Controllers\AllReports))
 4 SYSTEMPATH/CodeIgniter.php(361): CodeIgniter\CodeIgniter->handleRequest(null, Object(Config\Cache), false)
 5 FCPATH/index.php(79): CodeIgniter\CodeIgniter->run()
CRITICAL - 2024-06-03 10:38:40 --> count(): Argument #1 ($value) must be of type Countable|array, null given
in APPPATH/Controllers/AllReports.php on line 208.
 1 APPPATH/Controllers/AllReports.php(208): count(null)
 2 SYSTEMPATH/CodeIgniter.php(942): App\Controllers\AllReports->index()
 3 SYSTEMPATH/CodeIgniter.php(502): CodeIgniter\CodeIgniter->runController(Object(App\Controllers\AllReports))
 4 SYSTEMPATH/CodeIgniter.php(361): CodeIgniter\CodeIgniter->handleRequest(null, Object(Config\Cache), false)
 5 FCPATH/index.php(79): CodeIgniter\CodeIgniter->run()
CRITICAL - 2024-06-03 16:17:55 --> Undefined variable $users
in APPPATH/Views/nomineeinfo/view.php on line 77.
 1 APPPATH/Views/nomineeinfo/view.php(77): CodeIgniter\Debug\Exceptions->errorHandler(2, 'Undefined variable $users', '/home/freelance/public_html/digitalflow/app/Views/nomineeinfo/view.php', 77)
 2 SYSTEMPATH/View/View.php(228): include('/home/freelance/public_html/digitalflow/app/Views/nomineeinfo/view.php')
 3 SYSTEMPATH/View/View.php(231): CodeIgniter\View\View->CodeIgniter\View\{closure}()
 4 SYSTEMPATH/Common.php(1190): CodeIgniter\View\View->render('nomineeinfo/view', [], true)
 5 APPPATH/Controllers/NomineeInfo.php(127): view('nomineeinfo/view', [...])
 6 SYSTEMPATH/CodeIgniter.php(942): App\Controllers\NomineeInfo->index()
 7 SYSTEMPATH/CodeIgniter.php(502): CodeIgniter\CodeIgniter->runController(Object(App\Controllers\NomineeInfo))
 8 SYSTEMPATH/CodeIgniter.php(361): CodeIgniter\CodeIgniter->handleRequest(null, Object(Config\Cache), false)
 9 FCPATH/index.php(79): CodeIgniter\CodeIgniter->run()
CRITICAL - 2024-06-03 16:54:19 --> Undefined variable $users
in APPPATH/Views/educationalinfo/view.php on line 73.
 1 APPPATH/Views/educationalinfo/view.php(73): CodeIgniter\Debug\Exceptions->errorHandler(2, 'Undefined variable $users', '/home/freelance/public_html/digitalflow/app/Views/educationalinfo/view.php', 73)
 2 SYSTEMPATH/View/View.php(228): include('/home/freelance/public_html/digitalflow/app/Views/educationalinfo/view.php')
 3 SYSTEMPATH/View/View.php(231): CodeIgniter\View\View->CodeIgniter\View\{closure}()
 4 SYSTEMPATH/Common.php(1190): CodeIgniter\View\View->render('educationalinfo/view', [], true)
 5 APPPATH/Controllers/EducationalInfo.php(119): view('educationalinfo/view', [...])
 6 SYSTEMPATH/CodeIgniter.php(942): App\Controllers\EducationalInfo->index()
 7 SYSTEMPATH/CodeIgniter.php(502): CodeIgniter\CodeIgniter->runController(Object(App\Controllers\EducationalInfo))
 8 SYSTEMPATH/CodeIgniter.php(361): CodeIgniter\CodeIgniter->handleRequest(null, Object(Config\Cache), false)
 9 FCPATH/index.php(79): CodeIgniter\CodeIgniter->run()
ERROR - 2024-06-03 17:16:58 --> mysqli_sql_exception: Unknown column 'companywork_dateof_join' in 'order clause' in /home/freelance/public_html/digitalflow/system/Database/MySQLi/Connection.php:306
Stack trace:
#0 /home/freelance/public_html/digitalflow/system/Database/MySQLi/Connection.php(306): mysqli->query('SELECT *\nFROM `...', 0)
#1 /home/freelance/public_html/digitalflow/system/Database/BaseConnection.php(693): CodeIgniter\Database\MySQLi\Connection->execute('SELECT *\nFROM `...')
#2 /home/freelance/public_html/digitalflow/system/Database/BaseConnection.php(607): CodeIgniter\Database\BaseConnection->simpleQuery('SELECT *\nFROM `...')
#3 /home/freelance/public_html/digitalflow/system/Database/BaseBuilder.php(1615): CodeIgniter\Database\BaseConnection->query('SELECT *\nFROM `...', Array, false)
#4 /home/freelance/public_html/digitalflow/system/Model.php(237): CodeIgniter\Database\BaseBuilder->get()
#5 /home/freelance/public_html/digitalflow/system/BaseModel.php(624): CodeIgniter\Model->doFindAll(0, 0)
#6 /home/freelance/public_html/digitalflow/app/Controllers/AllReports.php(230): CodeIgniter\BaseModel->findAll()
#7 /home/freelance/public_html/digitalflow/system/CodeIgniter.php(942): App\Controllers\AllReports->index()
#8 /home/freelance/public_html/digitalflow/system/CodeIgniter.php(502): CodeIgniter\CodeIgniter->runController(Object(App\Controllers\AllReports))
#9 /home/freelance/public_html/digitalflow/system/CodeIgniter.php(361): CodeIgniter\CodeIgniter->handleRequest(NULL, Object(Config\Cache), false)
#10 /home/freelance/public_html/digitalflow/index.php(79): CodeIgniter\CodeIgniter->run()
#11 {main}
CRITICAL - 2024-06-03 17:16:58 --> Unknown column 'companywork_dateof_join' in 'order clause'
in SYSTEMPATH/Database/BaseConnection.php on line 647.
 1 SYSTEMPATH/Database/BaseBuilder.php(1615): CodeIgniter\Database\BaseConnection->query('SELECT *
FROM `personal_info`
ORDER BY `companywork_dateof_join` ASC', [], false)
 2 SYSTEMPATH/Model.php(237): CodeIgniter\Database\BaseBuilder->get()
 3 SYSTEMPATH/BaseModel.php(624): CodeIgniter\Model->doFindAll(0, 0)
 4 APPPATH/Controllers/AllReports.php(230): CodeIgniter\BaseModel->findAll()
 5 SYSTEMPATH/CodeIgniter.php(942): App\Controllers\AllReports->index()
 6 SYSTEMPATH/CodeIgniter.php(502): CodeIgniter\CodeIgniter->runController(Object(App\Controllers\AllReports))
 7 SYSTEMPATH/CodeIgniter.php(361): CodeIgniter\CodeIgniter->handleRequest(null, Object(Config\Cache), false)
 8 FCPATH/index.php(79): CodeIgniter\CodeIgniter->run()
CRITICAL - 2024-06-03 18:09:41 --> implode(): Argument #1 ($array) must be of type array, string given
in APPPATH/Controllers/AllReports.php on line 220.
 1 APPPATH/Controllers/AllReports.php(220): implode('\',\'', null)
 2 SYSTEMPATH/CodeIgniter.php(942): App\Controllers\AllReports->index()
 3 SYSTEMPATH/CodeIgniter.php(502): CodeIgniter\CodeIgniter->runController(Object(App\Controllers\AllReports))
 4 SYSTEMPATH/CodeIgniter.php(361): CodeIgniter\CodeIgniter->handleRequest(null, Object(Config\Cache), false)
 5 FCPATH/index.php(79): CodeIgniter\CodeIgniter->run()
CRITICAL - 2024-06-03 18:12:48 --> implode(): Argument #1 ($array) must be of type array, string given
in APPPATH/Controllers/AllReports.php on line 220.
 1 APPPATH/Controllers/AllReports.php(220): implode('\',\'', null)
 2 SYSTEMPATH/CodeIgniter.php(942): App\Controllers\AllReports->index()
 3 SYSTEMPATH/CodeIgniter.php(502): CodeIgniter\CodeIgniter->runController(Object(App\Controllers\AllReports))
 4 SYSTEMPATH/CodeIgniter.php(361): CodeIgniter\CodeIgniter->handleRequest(null, Object(Config\Cache), false)
 5 FCPATH/index.php(79): CodeIgniter\CodeIgniter->run()
CRITICAL - 2024-06-03 18:13:04 --> implode(): Argument #1 ($array) must be of type array, string given
in APPPATH/Controllers/AllReports.php on line 220.
 1 APPPATH/Controllers/AllReports.php(220): implode('\',\'', null)
 2 SYSTEMPATH/CodeIgniter.php(942): App\Controllers\AllReports->index()
 3 SYSTEMPATH/CodeIgniter.php(502): CodeIgniter\CodeIgniter->runController(Object(App\Controllers\AllReports))
 4 SYSTEMPATH/CodeIgniter.php(361): CodeIgniter\CodeIgniter->handleRequest(null, Object(Config\Cache), false)
 5 FCPATH/index.php(79): CodeIgniter\CodeIgniter->run()
CRITICAL - 2024-06-03 13:07:39 --> Undefined variable $emp_id
in APPPATH/Views/companyworkinfo/index.php on line 63.
 1 APPPATH/Views/companyworkinfo/index.php(63): CodeIgniter\Debug\Exceptions->errorHandler(2, 'Undefined variable $emp_id', '/home/freelance/public_html/digitalflow/app/Views/companyworkinfo/index.php', 63)
 2 SYSTEMPATH/View/View.php(228): include('/home/freelance/public_html/digitalflow/app/Views/companyworkinfo/index.php')
 3 SYSTEMPATH/View/View.php(231): CodeIgniter\View\View->CodeIgniter\View\{closure}()
 4 SYSTEMPATH/Common.php(1190): CodeIgniter\View\View->render('companyworkinfo/index', [], true)
 5 APPPATH/Controllers/CompanyWorkInfo.php(109): view('companyworkinfo/index', [...])
 6 SYSTEMPATH/CodeIgniter.php(942): App\Controllers\CompanyWorkInfo->index()
 7 SYSTEMPATH/CodeIgniter.php(502): CodeIgniter\CodeIgniter->runController(Object(App\Controllers\CompanyWorkInfo))
 8 SYSTEMPATH/CodeIgniter.php(361): CodeIgniter\CodeIgniter->handleRequest(null, Object(Config\Cache), false)
 9 FCPATH/index.php(79): CodeIgniter\CodeIgniter->run()
CRITICAL - 2024-06-03 13:08:33 --> Undefined variable $emp_id
in APPPATH/Views/companyworkinfo/index.php on line 63.
 1 APPPATH/Views/companyworkinfo/index.php(63): CodeIgniter\Debug\Exceptions->errorHandler(2, 'Undefined variable $emp_id', '/home/freelance/public_html/digitalflow/app/Views/companyworkinfo/index.php', 63)
 2 SYSTEMPATH/View/View.php(228): include('/home/freelance/public_html/digitalflow/app/Views/companyworkinfo/index.php')
 3 SYSTEMPATH/View/View.php(231): CodeIgniter\View\View->CodeIgniter\View\{closure}()
 4 SYSTEMPATH/Common.php(1190): CodeIgniter\View\View->render('companyworkinfo/index', [], true)
 5 APPPATH/Controllers/CompanyWorkInfo.php(109): view('companyworkinfo/index', [...])
 6 SYSTEMPATH/CodeIgniter.php(942): App\Controllers\CompanyWorkInfo->index()
 7 SYSTEMPATH/CodeIgniter.php(502): CodeIgniter\CodeIgniter->runController(Object(App\Controllers\CompanyWorkInfo))
 8 SYSTEMPATH/CodeIgniter.php(361): CodeIgniter\CodeIgniter->handleRequest(null, Object(Config\Cache), false)
 9 FCPATH/index.php(79): CodeIgniter\CodeIgniter->run()
CRITICAL - 2024-06-03 13:10:49 --> Undefined variable $emp_id
in APPPATH/Views/companyworkinfo/index.php on line 63.
 1 APPPATH/Views/companyworkinfo/index.php(63): CodeIgniter\Debug\Exceptions->errorHandler(2, 'Undefined variable $emp_id', '/home/freelance/public_html/digitalflow/app/Views/companyworkinfo/index.php', 63)
 2 SYSTEMPATH/View/View.php(228): include('/home/freelance/public_html/digitalflow/app/Views/companyworkinfo/index.php')
 3 SYSTEMPATH/View/View.php(231): CodeIgniter\View\View->CodeIgniter\View\{closure}()
 4 SYSTEMPATH/Common.php(1190): CodeIgniter\View\View->render('companyworkinfo/index', [], true)
 5 APPPATH/Controllers/CompanyWorkInfo.php(109): view('companyworkinfo/index', [...])
 6 SYSTEMPATH/CodeIgniter.php(942): App\Controllers\CompanyWorkInfo->index()
 7 SYSTEMPATH/CodeIgniter.php(502): CodeIgniter\CodeIgniter->runController(Object(App\Controllers\CompanyWorkInfo))
 8 SYSTEMPATH/CodeIgniter.php(361): CodeIgniter\CodeIgniter->handleRequest(null, Object(Config\Cache), false)
 9 FCPATH/index.php(79): CodeIgniter\CodeIgniter->run()
CRITICAL - 2024-06-03 13:10:50 --> Undefined variable $emp_id
in APPPATH/Views/companyworkinfo/index.php on line 63.
 1 APPPATH/Views/companyworkinfo/index.php(63): CodeIgniter\Debug\Exceptions->errorHandler(2, 'Undefined variable $emp_id', '/home/freelance/public_html/digitalflow/app/Views/companyworkinfo/index.php', 63)
 2 SYSTEMPATH/View/View.php(228): include('/home/freelance/public_html/digitalflow/app/Views/companyworkinfo/index.php')
 3 SYSTEMPATH/View/View.php(231): CodeIgniter\View\View->CodeIgniter\View\{closure}()
 4 SYSTEMPATH/Common.php(1190): CodeIgniter\View\View->render('companyworkinfo/index', [], true)
 5 APPPATH/Controllers/CompanyWorkInfo.php(109): view('companyworkinfo/index', [...])
 6 SYSTEMPATH/CodeIgniter.php(942): App\Controllers\CompanyWorkInfo->index()
 7 SYSTEMPATH/CodeIgniter.php(502): CodeIgniter\CodeIgniter->runController(Object(App\Controllers\CompanyWorkInfo))
 8 SYSTEMPATH/CodeIgniter.php(361): CodeIgniter\CodeIgniter->handleRequest(null, Object(Config\Cache), false)
 9 FCPATH/index.php(79): CodeIgniter\CodeIgniter->run()
CRITICAL - 2024-06-03 13:13:46 --> Undefined variable $emp_id
in APPPATH/Views/companyworkinfo/index.php on line 63.
 1 APPPATH/Views/companyworkinfo/index.php(63): CodeIgniter\Debug\Exceptions->errorHandler(2, 'Undefined variable $emp_id', '/home/freelance/public_html/digitalflow/app/Views/companyworkinfo/index.php', 63)
 2 SYSTEMPATH/View/View.php(228): include('/home/freelance/public_html/digitalflow/app/Views/companyworkinfo/index.php')
 3 SYSTEMPATH/View/View.php(231): CodeIgniter\View\View->CodeIgniter\View\{closure}()
 4 SYSTEMPATH/Common.php(1190): CodeIgniter\View\View->render('companyworkinfo/index', [], true)
 5 APPPATH/Controllers/CompanyWorkInfo.php(109): view('companyworkinfo/index', [...])
 6 SYSTEMPATH/CodeIgniter.php(942): App\Controllers\CompanyWorkInfo->index()
 7 SYSTEMPATH/CodeIgniter.php(502): CodeIgniter\CodeIgniter->runController(Object(App\Controllers\CompanyWorkInfo))
 8 SYSTEMPATH/CodeIgniter.php(361): CodeIgniter\CodeIgniter->handleRequest(null, Object(Config\Cache), false)
 9 FCPATH/index.php(79): CodeIgniter\CodeIgniter->run()
