ERROR - 2024-05-08 06:32:01 --> mysqli_sql_exception: Operand should contain 1 column(s) in /home/freelance/public_html/digitalflow/system/Database/MySQLi/Connection.php:306
Stack trace:
#0 /home/freelance/public_html/digitalflow/system/Database/MySQLi/Connection.php(306): mysqli->query('SELECT *\nFROM `...', 0)
#1 /home/freelance/public_html/digitalflow/system/Database/BaseConnection.php(693): CodeIgniter\Database\MySQLi\Connection->execute('SELECT *\nFROM `...')
#2 /home/freelance/public_html/digitalflow/system/Database/BaseConnection.php(607): CodeIgniter\Database\BaseConnection->simpleQuery('SELECT *\nFROM `...')
#3 /home/freelance/public_html/digitalflow/system/Database/BaseBuilder.php(1615): CodeIgniter\Database\BaseConnection->query('SELECT *\nFROM `...', Array, false)
#4 /home/freelance/public_html/digitalflow/system/Model.php(199): CodeIgniter\Database\BaseBuilder->get()
#5 /home/freelance/public_html/digitalflow/system/BaseModel.php(563): CodeIgniter\Model->doFind(false, NULL)
#6 /home/freelance/public_html/digitalflow/app/Controllers/AllReports.php(68): CodeIgniter\BaseModel->find()
#7 /home/freelance/public_html/digitalflow/system/CodeIgniter.php(942): App\Controllers\AllReports->index()
#8 /home/freelance/public_html/digitalflow/system/CodeIgniter.php(502): CodeIgniter\CodeIgniter->runController(Object(App\Controllers\AllReports))
#9 /home/freelance/public_html/digitalflow/system/CodeIgniter.php(361): CodeIgniter\CodeIgniter->handleRequest(NULL, Object(Config\Cache), false)
#10 /home/freelance/public_html/digitalflow/index.php(79): CodeIgniter\CodeIgniter->run()
#11 {main}
CRITICAL - 2024-05-08 06:32:01 --> Operand should contain 1 column(s)
in SYSTEMPATH/Database/BaseConnection.php on line 647.
 1 SYSTEMPATH/Database/BaseBuilder.php(1615): CodeIgniter\Database\BaseConnection->query('SELECT *
FROM `personal_info`
WHERE `emp_deleted_on` IS NULL
AND `emp_company_ref_id` = :emp_company_ref_id:
ORDER BY `emp_company_ref_id` ASC', [...], false)
 2 SYSTEMPATH/Model.php(199): CodeIgniter\Database\BaseBuilder->get()
 3 SYSTEMPATH/BaseModel.php(563): CodeIgniter\Model->doFind(false, null)
 4 APPPATH/Controllers/AllReports.php(68): CodeIgniter\BaseModel->find()
 5 SYSTEMPATH/CodeIgniter.php(942): App\Controllers\AllReports->index()
 6 SYSTEMPATH/CodeIgniter.php(502): CodeIgniter\CodeIgniter->runController(Object(App\Controllers\AllReports))
 7 SYSTEMPATH/CodeIgniter.php(361): CodeIgniter\CodeIgniter->handleRequest(null, Object(Config\Cache), false)
 8 FCPATH/index.php(79): CodeIgniter\CodeIgniter->run()
ERROR - 2024-05-08 06:33:47 --> mysqli_sql_exception: You have an error in your SQL syntax; check the manual that corresponds to your MySQL server version for the right syntax to use near '= ('1','1234test')
ORDER BY `emp_company_ref_id` ASC' at line 4 in /home/freelance/public_html/digitalflow/system/Database/MySQLi/Connection.php:306
Stack trace:
#0 /home/freelance/public_html/digitalflow/system/Database/MySQLi/Connection.php(306): mysqli->query('SELECT *\nFROM `...', 0)
#1 /home/freelance/public_html/digitalflow/system/Database/BaseConnection.php(693): CodeIgniter\Database\MySQLi\Connection->execute('SELECT *\nFROM `...')
#2 /home/freelance/public_html/digitalflow/system/Database/BaseConnection.php(607): CodeIgniter\Database\BaseConnection->simpleQuery('SELECT *\nFROM `...')
#3 /home/freelance/public_html/digitalflow/system/Database/BaseBuilder.php(1615): CodeIgniter\Database\BaseConnection->query('SELECT *\nFROM `...', Array, false)
#4 /home/freelance/public_html/digitalflow/system/Model.php(199): CodeIgniter\Database\BaseBuilder->get()
#5 /home/freelance/public_html/digitalflow/system/BaseModel.php(563): CodeIgniter\Model->doFind(false, NULL)
#6 /home/freelance/public_html/digitalflow/app/Controllers/AllReports.php(68): CodeIgniter\BaseModel->find()
#7 /home/freelance/public_html/digitalflow/system/CodeIgniter.php(942): App\Controllers\AllReports->index()
#8 /home/freelance/public_html/digitalflow/system/CodeIgniter.php(502): CodeIgniter\CodeIgniter->runController(Object(App\Controllers\AllReports))
#9 /home/freelance/public_html/digitalflow/system/CodeIgniter.php(361): CodeIgniter\CodeIgniter->handleRequest(NULL, Object(Config\Cache), false)
#10 /home/freelance/public_html/digitalflow/index.php(79): CodeIgniter\CodeIgniter->run()
#11 {main}
CRITICAL - 2024-05-08 06:33:47 --> You have an error in your SQL syntax; check the manual that corresponds to your MySQL server version for the right syntax to use near '= ('1','1234test')
ORDER BY `emp_company_ref_id` ASC' at line 4
in SYSTEMPATH/Database/BaseConnection.php on line 647.
 1 SYSTEMPATH/Database/BaseBuilder.php(1615): CodeIgniter\Database\BaseConnection->query('SELECT *
FROM `personal_info`
WHERE `emp_deleted_on` IS NULL
AND emp_company_ref_id in( = :emp_company_ref_id in(:
ORDER BY `emp_company_ref_id` ASC', [...], false)
 2 SYSTEMPATH/Model.php(199): CodeIgniter\Database\BaseBuilder->get()
 3 SYSTEMPATH/BaseModel.php(563): CodeIgniter\Model->doFind(false, null)
 4 APPPATH/Controllers/AllReports.php(68): CodeIgniter\BaseModel->find()
 5 SYSTEMPATH/CodeIgniter.php(942): App\Controllers\AllReports->index()
 6 SYSTEMPATH/CodeIgniter.php(502): CodeIgniter\CodeIgniter->runController(Object(App\Controllers\AllReports))
 7 SYSTEMPATH/CodeIgniter.php(361): CodeIgniter\CodeIgniter->handleRequest(null, Object(Config\Cache), false)
 8 FCPATH/index.php(79): CodeIgniter\CodeIgniter->run()
ERROR - 2024-05-08 06:35:05 --> mysqli_sql_exception: You have an error in your SQL syntax; check the manual that corresponds to your MySQL server version for the right syntax to use near '`in` = ('1','1234test')
ORDER BY `emp_company_ref_id` ASC' at line 4 in /home/freelance/public_html/digitalflow/system/Database/MySQLi/Connection.php:306
Stack trace:
#0 /home/freelance/public_html/digitalflow/system/Database/MySQLi/Connection.php(306): mysqli->query('SELECT *\nFROM `...', 0)
#1 /home/freelance/public_html/digitalflow/system/Database/BaseConnection.php(693): CodeIgniter\Database\MySQLi\Connection->execute('SELECT *\nFROM `...')
#2 /home/freelance/public_html/digitalflow/system/Database/BaseConnection.php(607): CodeIgniter\Database\BaseConnection->simpleQuery('SELECT *\nFROM `...')
#3 /home/freelance/public_html/digitalflow/system/Database/BaseBuilder.php(1615): CodeIgniter\Database\BaseConnection->query('SELECT *\nFROM `...', Array, false)
#4 /home/freelance/public_html/digitalflow/system/Model.php(199): CodeIgniter\Database\BaseBuilder->get()
#5 /home/freelance/public_html/digitalflow/system/BaseModel.php(563): CodeIgniter\Model->doFind(false, NULL)
#6 /home/freelance/public_html/digitalflow/app/Controllers/AllReports.php(68): CodeIgniter\BaseModel->find()
#7 /home/freelance/public_html/digitalflow/system/CodeIgniter.php(942): App\Controllers\AllReports->index()
#8 /home/freelance/public_html/digitalflow/system/CodeIgniter.php(502): CodeIgniter\CodeIgniter->runController(Object(App\Controllers\AllReports))
#9 /home/freelance/public_html/digitalflow/system/CodeIgniter.php(361): CodeIgniter\CodeIgniter->handleRequest(NULL, Object(Config\Cache), false)
#10 /home/freelance/public_html/digitalflow/index.php(79): CodeIgniter\CodeIgniter->run()
#11 {main}
CRITICAL - 2024-05-08 06:35:05 --> You have an error in your SQL syntax; check the manual that corresponds to your MySQL server version for the right syntax to use near '`in` = ('1','1234test')
ORDER BY `emp_company_ref_id` ASC' at line 4
in SYSTEMPATH/Database/BaseConnection.php on line 647.
 1 SYSTEMPATH/Database/BaseBuilder.php(1615): CodeIgniter\Database\BaseConnection->query('SELECT *
FROM `personal_info`
WHERE `emp_deleted_on` IS NULL
AND `emp_company_ref_id` `in` = :emp_company_ref_id in:
ORDER BY `emp_company_ref_id` ASC', [...], false)
 2 SYSTEMPATH/Model.php(199): CodeIgniter\Database\BaseBuilder->get()
 3 SYSTEMPATH/BaseModel.php(563): CodeIgniter\Model->doFind(false, null)
 4 APPPATH/Controllers/AllReports.php(68): CodeIgniter\BaseModel->find()
 5 SYSTEMPATH/CodeIgniter.php(942): App\Controllers\AllReports->index()
 6 SYSTEMPATH/CodeIgniter.php(502): CodeIgniter\CodeIgniter->runController(Object(App\Controllers\AllReports))
 7 SYSTEMPATH/CodeIgniter.php(361): CodeIgniter\CodeIgniter->handleRequest(null, Object(Config\Cache), false)
 8 FCPATH/index.php(79): CodeIgniter\CodeIgniter->run()
ERROR - 2024-05-08 06:35:08 --> mysqli_sql_exception: You have an error in your SQL syntax; check the manual that corresponds to your MySQL server version for the right syntax to use near '`in` = ('1','1234test')
ORDER BY `emp_company_ref_id` ASC' at line 4 in /home/freelance/public_html/digitalflow/system/Database/MySQLi/Connection.php:306
Stack trace:
#0 /home/freelance/public_html/digitalflow/system/Database/MySQLi/Connection.php(306): mysqli->query('SELECT *\nFROM `...', 0)
#1 /home/freelance/public_html/digitalflow/system/Database/BaseConnection.php(693): CodeIgniter\Database\MySQLi\Connection->execute('SELECT *\nFROM `...')
#2 /home/freelance/public_html/digitalflow/system/Database/BaseConnection.php(607): CodeIgniter\Database\BaseConnection->simpleQuery('SELECT *\nFROM `...')
#3 /home/freelance/public_html/digitalflow/system/Database/BaseBuilder.php(1615): CodeIgniter\Database\BaseConnection->query('SELECT *\nFROM `...', Array, false)
#4 /home/freelance/public_html/digitalflow/system/Model.php(199): CodeIgniter\Database\BaseBuilder->get()
#5 /home/freelance/public_html/digitalflow/system/BaseModel.php(563): CodeIgniter\Model->doFind(false, NULL)
#6 /home/freelance/public_html/digitalflow/app/Controllers/AllReports.php(68): CodeIgniter\BaseModel->find()
#7 /home/freelance/public_html/digitalflow/system/CodeIgniter.php(942): App\Controllers\AllReports->index()
#8 /home/freelance/public_html/digitalflow/system/CodeIgniter.php(502): CodeIgniter\CodeIgniter->runController(Object(App\Controllers\AllReports))
#9 /home/freelance/public_html/digitalflow/system/CodeIgniter.php(361): CodeIgniter\CodeIgniter->handleRequest(NULL, Object(Config\Cache), false)
#10 /home/freelance/public_html/digitalflow/index.php(79): CodeIgniter\CodeIgniter->run()
#11 {main}
CRITICAL - 2024-05-08 06:35:08 --> You have an error in your SQL syntax; check the manual that corresponds to your MySQL server version for the right syntax to use near '`in` = ('1','1234test')
ORDER BY `emp_company_ref_id` ASC' at line 4
in SYSTEMPATH/Database/BaseConnection.php on line 647.
 1 SYSTEMPATH/Database/BaseBuilder.php(1615): CodeIgniter\Database\BaseConnection->query('SELECT *
FROM `personal_info`
WHERE `emp_deleted_on` IS NULL
AND `emp_company_ref_id` `in` = :emp_company_ref_id in:
ORDER BY `emp_company_ref_id` ASC', [...], false)
 2 SYSTEMPATH/Model.php(199): CodeIgniter\Database\BaseBuilder->get()
 3 SYSTEMPATH/BaseModel.php(563): CodeIgniter\Model->doFind(false, null)
 4 APPPATH/Controllers/AllReports.php(68): CodeIgniter\BaseModel->find()
 5 SYSTEMPATH/CodeIgniter.php(942): App\Controllers\AllReports->index()
 6 SYSTEMPATH/CodeIgniter.php(502): CodeIgniter\CodeIgniter->runController(Object(App\Controllers\AllReports))
 7 SYSTEMPATH/CodeIgniter.php(361): CodeIgniter\CodeIgniter->handleRequest(null, Object(Config\Cache), false)
 8 FCPATH/index.php(79): CodeIgniter\CodeIgniter->run()
ERROR - 2024-05-08 06:35:33 --> mysqli_sql_exception: You have an error in your SQL syntax; check the manual that corresponds to your MySQL server version for the right syntax to use near '`IN` = ('1','1234test')
ORDER BY `emp_company_ref_id` ASC' at line 4 in /home/freelance/public_html/digitalflow/system/Database/MySQLi/Connection.php:306
Stack trace:
#0 /home/freelance/public_html/digitalflow/system/Database/MySQLi/Connection.php(306): mysqli->query('SELECT *\nFROM `...', 0)
#1 /home/freelance/public_html/digitalflow/system/Database/BaseConnection.php(693): CodeIgniter\Database\MySQLi\Connection->execute('SELECT *\nFROM `...')
#2 /home/freelance/public_html/digitalflow/system/Database/BaseConnection.php(607): CodeIgniter\Database\BaseConnection->simpleQuery('SELECT *\nFROM `...')
#3 /home/freelance/public_html/digitalflow/system/Database/BaseBuilder.php(1615): CodeIgniter\Database\BaseConnection->query('SELECT *\nFROM `...', Array, false)
#4 /home/freelance/public_html/digitalflow/system/Model.php(199): CodeIgniter\Database\BaseBuilder->get()
#5 /home/freelance/public_html/digitalflow/system/BaseModel.php(563): CodeIgniter\Model->doFind(false, NULL)
#6 /home/freelance/public_html/digitalflow/app/Controllers/AllReports.php(68): CodeIgniter\BaseModel->find()
#7 /home/freelance/public_html/digitalflow/system/CodeIgniter.php(942): App\Controllers\AllReports->index()
#8 /home/freelance/public_html/digitalflow/system/CodeIgniter.php(502): CodeIgniter\CodeIgniter->runController(Object(App\Controllers\AllReports))
#9 /home/freelance/public_html/digitalflow/system/CodeIgniter.php(361): CodeIgniter\CodeIgniter->handleRequest(NULL, Object(Config\Cache), false)
#10 /home/freelance/public_html/digitalflow/index.php(79): CodeIgniter\CodeIgniter->run()
#11 {main}
CRITICAL - 2024-05-08 06:35:33 --> You have an error in your SQL syntax; check the manual that corresponds to your MySQL server version for the right syntax to use near '`IN` = ('1','1234test')
ORDER BY `emp_company_ref_id` ASC' at line 4
in SYSTEMPATH/Database/BaseConnection.php on line 647.
 1 SYSTEMPATH/Database/BaseBuilder.php(1615): CodeIgniter\Database\BaseConnection->query('SELECT *
FROM `personal_info`
WHERE `emp_deleted_on` IS NULL
AND `emp_company_ref_id` `IN` = :emp_company_ref_id IN:
ORDER BY `emp_company_ref_id` ASC', [...], false)
 2 SYSTEMPATH/Model.php(199): CodeIgniter\Database\BaseBuilder->get()
 3 SYSTEMPATH/BaseModel.php(563): CodeIgniter\Model->doFind(false, null)
 4 APPPATH/Controllers/AllReports.php(68): CodeIgniter\BaseModel->find()
 5 SYSTEMPATH/CodeIgniter.php(942): App\Controllers\AllReports->index()
 6 SYSTEMPATH/CodeIgniter.php(502): CodeIgniter\CodeIgniter->runController(Object(App\Controllers\AllReports))
 7 SYSTEMPATH/CodeIgniter.php(361): CodeIgniter\CodeIgniter->handleRequest(null, Object(Config\Cache), false)
 8 FCPATH/index.php(79): CodeIgniter\CodeIgniter->run()
ERROR - 2024-05-08 06:35:37 --> mysqli_sql_exception: You have an error in your SQL syntax; check the manual that corresponds to your MySQL server version for the right syntax to use near '`IN` = ('1','1234test')
ORDER BY `emp_company_ref_id` ASC' at line 4 in /home/freelance/public_html/digitalflow/system/Database/MySQLi/Connection.php:306
Stack trace:
#0 /home/freelance/public_html/digitalflow/system/Database/MySQLi/Connection.php(306): mysqli->query('SELECT *\nFROM `...', 0)
#1 /home/freelance/public_html/digitalflow/system/Database/BaseConnection.php(693): CodeIgniter\Database\MySQLi\Connection->execute('SELECT *\nFROM `...')
#2 /home/freelance/public_html/digitalflow/system/Database/BaseConnection.php(607): CodeIgniter\Database\BaseConnection->simpleQuery('SELECT *\nFROM `...')
#3 /home/freelance/public_html/digitalflow/system/Database/BaseBuilder.php(1615): CodeIgniter\Database\BaseConnection->query('SELECT *\nFROM `...', Array, false)
#4 /home/freelance/public_html/digitalflow/system/Model.php(199): CodeIgniter\Database\BaseBuilder->get()
#5 /home/freelance/public_html/digitalflow/system/BaseModel.php(563): CodeIgniter\Model->doFind(false, NULL)
#6 /home/freelance/public_html/digitalflow/app/Controllers/AllReports.php(68): CodeIgniter\BaseModel->find()
#7 /home/freelance/public_html/digitalflow/system/CodeIgniter.php(942): App\Controllers\AllReports->index()
#8 /home/freelance/public_html/digitalflow/system/CodeIgniter.php(502): CodeIgniter\CodeIgniter->runController(Object(App\Controllers\AllReports))
#9 /home/freelance/public_html/digitalflow/system/CodeIgniter.php(361): CodeIgniter\CodeIgniter->handleRequest(NULL, Object(Config\Cache), false)
#10 /home/freelance/public_html/digitalflow/index.php(79): CodeIgniter\CodeIgniter->run()
#11 {main}
CRITICAL - 2024-05-08 06:35:37 --> You have an error in your SQL syntax; check the manual that corresponds to your MySQL server version for the right syntax to use near '`IN` = ('1','1234test')
ORDER BY `emp_company_ref_id` ASC' at line 4
in SYSTEMPATH/Database/BaseConnection.php on line 647.
 1 SYSTEMPATH/Database/BaseBuilder.php(1615): CodeIgniter\Database\BaseConnection->query('SELECT *
FROM `personal_info`
WHERE `emp_deleted_on` IS NULL
AND `emp_company_ref_id` `IN` = :emp_company_ref_id IN:
ORDER BY `emp_company_ref_id` ASC', [...], false)
 2 SYSTEMPATH/Model.php(199): CodeIgniter\Database\BaseBuilder->get()
 3 SYSTEMPATH/BaseModel.php(563): CodeIgniter\Model->doFind(false, null)
 4 APPPATH/Controllers/AllReports.php(68): CodeIgniter\BaseModel->find()
 5 SYSTEMPATH/CodeIgniter.php(942): App\Controllers\AllReports->index()
 6 SYSTEMPATH/CodeIgniter.php(502): CodeIgniter\CodeIgniter->runController(Object(App\Controllers\AllReports))
 7 SYSTEMPATH/CodeIgniter.php(361): CodeIgniter\CodeIgniter->handleRequest(null, Object(Config\Cache), false)
 8 FCPATH/index.php(79): CodeIgniter\CodeIgniter->run()
ERROR - 2024-05-08 06:36:12 --> mysqli_sql_exception: You have an error in your SQL syntax; check the manual that corresponds to your MySQL server version for the right syntax to use near '`IN` = ('1','1234test')
ORDER BY `emp_company_ref_id` ASC' at line 4 in /home/freelance/public_html/digitalflow/system/Database/MySQLi/Connection.php:306
Stack trace:
#0 /home/freelance/public_html/digitalflow/system/Database/MySQLi/Connection.php(306): mysqli->query('SELECT *\nFROM `...', 0)
#1 /home/freelance/public_html/digitalflow/system/Database/BaseConnection.php(693): CodeIgniter\Database\MySQLi\Connection->execute('SELECT *\nFROM `...')
#2 /home/freelance/public_html/digitalflow/system/Database/BaseConnection.php(607): CodeIgniter\Database\BaseConnection->simpleQuery('SELECT *\nFROM `...')
#3 /home/freelance/public_html/digitalflow/system/Database/BaseBuilder.php(1615): CodeIgniter\Database\BaseConnection->query('SELECT *\nFROM `...', Array, false)
#4 /home/freelance/public_html/digitalflow/system/Model.php(199): CodeIgniter\Database\BaseBuilder->get()
#5 /home/freelance/public_html/digitalflow/system/BaseModel.php(563): CodeIgniter\Model->doFind(false, NULL)
#6 /home/freelance/public_html/digitalflow/app/Controllers/AllReports.php(68): CodeIgniter\BaseModel->find()
#7 /home/freelance/public_html/digitalflow/system/CodeIgniter.php(942): App\Controllers\AllReports->index()
#8 /home/freelance/public_html/digitalflow/system/CodeIgniter.php(502): CodeIgniter\CodeIgniter->runController(Object(App\Controllers\AllReports))
#9 /home/freelance/public_html/digitalflow/system/CodeIgniter.php(361): CodeIgniter\CodeIgniter->handleRequest(NULL, Object(Config\Cache), false)
#10 /home/freelance/public_html/digitalflow/index.php(79): CodeIgniter\CodeIgniter->run()
#11 {main}
CRITICAL - 2024-05-08 06:36:12 --> You have an error in your SQL syntax; check the manual that corresponds to your MySQL server version for the right syntax to use near '`IN` = ('1','1234test')
ORDER BY `emp_company_ref_id` ASC' at line 4
in SYSTEMPATH/Database/BaseConnection.php on line 647.
 1 SYSTEMPATH/Database/BaseBuilder.php(1615): CodeIgniter\Database\BaseConnection->query('SELECT *
FROM `personal_info`
WHERE `emp_deleted_on` IS NULL
AND `emp_company_ref_id` `IN` = :emp_company_ref_id IN:
ORDER BY `emp_company_ref_id` ASC', [...], false)
 2 SYSTEMPATH/Model.php(199): CodeIgniter\Database\BaseBuilder->get()
 3 SYSTEMPATH/BaseModel.php(563): CodeIgniter\Model->doFind(false, null)
 4 APPPATH/Controllers/AllReports.php(68): CodeIgniter\BaseModel->find()
 5 SYSTEMPATH/CodeIgniter.php(942): App\Controllers\AllReports->index()
 6 SYSTEMPATH/CodeIgniter.php(502): CodeIgniter\CodeIgniter->runController(Object(App\Controllers\AllReports))
 7 SYSTEMPATH/CodeIgniter.php(361): CodeIgniter\CodeIgniter->handleRequest(null, Object(Config\Cache), false)
 8 FCPATH/index.php(79): CodeIgniter\CodeIgniter->run()
CRITICAL - 2024-05-08 06:39:21 --> explode(): Argument #2 ($string) must be of type string, array given
in APPPATH/Controllers/AllReports.php on line 66.
 1 APPPATH/Controllers/AllReports.php(66): explode(',', [...])
 2 SYSTEMPATH/CodeIgniter.php(942): App\Controllers\AllReports->index()
 3 SYSTEMPATH/CodeIgniter.php(502): CodeIgniter\CodeIgniter->runController(Object(App\Controllers\AllReports))
 4 SYSTEMPATH/CodeIgniter.php(361): CodeIgniter\CodeIgniter->handleRequest(null, Object(Config\Cache), false)
 5 FCPATH/index.php(79): CodeIgniter\CodeIgniter->run()
CRITICAL - 2024-05-08 06:40:15 --> explode(): Argument #2 ($string) must be of type string, array given
in APPPATH/Controllers/AllReports.php on line 63.
 1 APPPATH/Controllers/AllReports.php(63): explode(',', [...])
 2 SYSTEMPATH/CodeIgniter.php(942): App\Controllers\AllReports->index()
 3 SYSTEMPATH/CodeIgniter.php(502): CodeIgniter\CodeIgniter->runController(Object(App\Controllers\AllReports))
 4 SYSTEMPATH/CodeIgniter.php(361): CodeIgniter\CodeIgniter->handleRequest(null, Object(Config\Cache), false)
 5 FCPATH/index.php(79): CodeIgniter\CodeIgniter->run()
CRITICAL - 2024-05-08 06:40:47 --> explode(): Argument #2 ($string) must be of type string, array given
in APPPATH/Controllers/AllReports.php on line 63.
 1 APPPATH/Controllers/AllReports.php(63): explode(',', [...])
 2 SYSTEMPATH/CodeIgniter.php(942): App\Controllers\AllReports->index()
 3 SYSTEMPATH/CodeIgniter.php(502): CodeIgniter\CodeIgniter->runController(Object(App\Controllers\AllReports))
 4 SYSTEMPATH/CodeIgniter.php(361): CodeIgniter\CodeIgniter->handleRequest(null, Object(Config\Cache), false)
 5 FCPATH/index.php(79): CodeIgniter\CodeIgniter->run()
ERROR - 2024-05-08 06:41:47 --> mysqli_sql_exception: You have an error in your SQL syntax; check the manual that corresponds to your MySQL server version for the right syntax to use near '`IN` = '1,1234test'
ORDER BY `emp_company_ref_id` ASC' at line 4 in /home/freelance/public_html/digitalflow/system/Database/MySQLi/Connection.php:306
Stack trace:
#0 /home/freelance/public_html/digitalflow/system/Database/MySQLi/Connection.php(306): mysqli->query('SELECT *\nFROM `...', 0)
#1 /home/freelance/public_html/digitalflow/system/Database/BaseConnection.php(693): CodeIgniter\Database\MySQLi\Connection->execute('SELECT *\nFROM `...')
#2 /home/freelance/public_html/digitalflow/system/Database/BaseConnection.php(607): CodeIgniter\Database\BaseConnection->simpleQuery('SELECT *\nFROM `...')
#3 /home/freelance/public_html/digitalflow/system/Database/BaseBuilder.php(1615): CodeIgniter\Database\BaseConnection->query('SELECT *\nFROM `...', Array, false)
#4 /home/freelance/public_html/digitalflow/system/Model.php(199): CodeIgniter\Database\BaseBuilder->get()
#5 /home/freelance/public_html/digitalflow/system/BaseModel.php(563): CodeIgniter\Model->doFind(false, NULL)
#6 /home/freelance/public_html/digitalflow/app/Controllers/AllReports.php(70): CodeIgniter\BaseModel->find()
#7 /home/freelance/public_html/digitalflow/system/CodeIgniter.php(942): App\Controllers\AllReports->index()
#8 /home/freelance/public_html/digitalflow/system/CodeIgniter.php(502): CodeIgniter\CodeIgniter->runController(Object(App\Controllers\AllReports))
#9 /home/freelance/public_html/digitalflow/system/CodeIgniter.php(361): CodeIgniter\CodeIgniter->handleRequest(NULL, Object(Config\Cache), false)
#10 /home/freelance/public_html/digitalflow/index.php(79): CodeIgniter\CodeIgniter->run()
#11 {main}
CRITICAL - 2024-05-08 06:41:47 --> You have an error in your SQL syntax; check the manual that corresponds to your MySQL server version for the right syntax to use near '`IN` = '1,1234test'
ORDER BY `emp_company_ref_id` ASC' at line 4
in SYSTEMPATH/Database/BaseConnection.php on line 647.
 1 SYSTEMPATH/Database/BaseBuilder.php(1615): CodeIgniter\Database\BaseConnection->query('SELECT *
FROM `personal_info`
WHERE `emp_deleted_on` IS NULL
AND `emp_company_ref_id` `IN` = :emp_company_ref_id IN:
ORDER BY `emp_company_ref_id` ASC', [...], false)
 2 SYSTEMPATH/Model.php(199): CodeIgniter\Database\BaseBuilder->get()
 3 SYSTEMPATH/BaseModel.php(563): CodeIgniter\Model->doFind(false, null)
 4 APPPATH/Controllers/AllReports.php(70): CodeIgniter\BaseModel->find()
 5 SYSTEMPATH/CodeIgniter.php(942): App\Controllers\AllReports->index()
 6 SYSTEMPATH/CodeIgniter.php(502): CodeIgniter\CodeIgniter->runController(Object(App\Controllers\AllReports))
 7 SYSTEMPATH/CodeIgniter.php(361): CodeIgniter\CodeIgniter->handleRequest(null, Object(Config\Cache), false)
 8 FCPATH/index.php(79): CodeIgniter\CodeIgniter->run()
ERROR - 2024-05-08 06:42:09 --> mysqli_sql_exception: You have an error in your SQL syntax; check the manual that corresponds to your MySQL server version for the right syntax to use near '`IN` = '1,1234test'
ORDER BY `emp_company_ref_id` ASC' at line 4 in /home/freelance/public_html/digitalflow/system/Database/MySQLi/Connection.php:306
Stack trace:
#0 /home/freelance/public_html/digitalflow/system/Database/MySQLi/Connection.php(306): mysqli->query('SELECT *\nFROM `...', 0)
#1 /home/freelance/public_html/digitalflow/system/Database/BaseConnection.php(693): CodeIgniter\Database\MySQLi\Connection->execute('SELECT *\nFROM `...')
#2 /home/freelance/public_html/digitalflow/system/Database/BaseConnection.php(607): CodeIgniter\Database\BaseConnection->simpleQuery('SELECT *\nFROM `...')
#3 /home/freelance/public_html/digitalflow/system/Database/BaseBuilder.php(1615): CodeIgniter\Database\BaseConnection->query('SELECT *\nFROM `...', Array, false)
#4 /home/freelance/public_html/digitalflow/system/Model.php(199): CodeIgniter\Database\BaseBuilder->get()
#5 /home/freelance/public_html/digitalflow/system/BaseModel.php(563): CodeIgniter\Model->doFind(false, NULL)
#6 /home/freelance/public_html/digitalflow/app/Controllers/AllReports.php(70): CodeIgniter\BaseModel->find()
#7 /home/freelance/public_html/digitalflow/system/CodeIgniter.php(942): App\Controllers\AllReports->index()
#8 /home/freelance/public_html/digitalflow/system/CodeIgniter.php(502): CodeIgniter\CodeIgniter->runController(Object(App\Controllers\AllReports))
#9 /home/freelance/public_html/digitalflow/system/CodeIgniter.php(361): CodeIgniter\CodeIgniter->handleRequest(NULL, Object(Config\Cache), false)
#10 /home/freelance/public_html/digitalflow/index.php(79): CodeIgniter\CodeIgniter->run()
#11 {main}
CRITICAL - 2024-05-08 06:42:09 --> You have an error in your SQL syntax; check the manual that corresponds to your MySQL server version for the right syntax to use near '`IN` = '1,1234test'
ORDER BY `emp_company_ref_id` ASC' at line 4
in SYSTEMPATH/Database/BaseConnection.php on line 647.
 1 SYSTEMPATH/Database/BaseBuilder.php(1615): CodeIgniter\Database\BaseConnection->query('SELECT *
FROM `personal_info`
WHERE `emp_deleted_on` IS NULL
AND `emp_company_ref_id` `IN` = :emp_company_ref_id IN:
ORDER BY `emp_company_ref_id` ASC', [...], false)
 2 SYSTEMPATH/Model.php(199): CodeIgniter\Database\BaseBuilder->get()
 3 SYSTEMPATH/BaseModel.php(563): CodeIgniter\Model->doFind(false, null)
 4 APPPATH/Controllers/AllReports.php(70): CodeIgniter\BaseModel->find()
 5 SYSTEMPATH/CodeIgniter.php(942): App\Controllers\AllReports->index()
 6 SYSTEMPATH/CodeIgniter.php(502): CodeIgniter\CodeIgniter->runController(Object(App\Controllers\AllReports))
 7 SYSTEMPATH/CodeIgniter.php(361): CodeIgniter\CodeIgniter->handleRequest(null, Object(Config\Cache), false)
 8 FCPATH/index.php(79): CodeIgniter\CodeIgniter->run()
ERROR - 2024-05-08 06:49:24 --> mysqli_sql_exception: You have an error in your SQL syntax; check the manual that corresponds to your MySQL server version for the right syntax to use near '`IN` = '\'1\',\'1234test\''
ORDER BY `emp_company_ref_id` ASC' at line 4 in /home/freelance/public_html/digitalflow/system/Database/MySQLi/Connection.php:306
Stack trace:
#0 /home/freelance/public_html/digitalflow/system/Database/MySQLi/Connection.php(306): mysqli->query('SELECT *\nFROM `...', 0)
#1 /home/freelance/public_html/digitalflow/system/Database/BaseConnection.php(693): CodeIgniter\Database\MySQLi\Connection->execute('SELECT *\nFROM `...')
#2 /home/freelance/public_html/digitalflow/system/Database/BaseConnection.php(607): CodeIgniter\Database\BaseConnection->simpleQuery('SELECT *\nFROM `...')
#3 /home/freelance/public_html/digitalflow/system/Database/BaseBuilder.php(1615): CodeIgniter\Database\BaseConnection->query('SELECT *\nFROM `...', Array, false)
#4 /home/freelance/public_html/digitalflow/system/Model.php(199): CodeIgniter\Database\BaseBuilder->get()
#5 /home/freelance/public_html/digitalflow/system/BaseModel.php(563): CodeIgniter\Model->doFind(false, NULL)
#6 /home/freelance/public_html/digitalflow/app/Controllers/AllReports.php(70): CodeIgniter\BaseModel->find()
#7 /home/freelance/public_html/digitalflow/system/CodeIgniter.php(942): App\Controllers\AllReports->index()
#8 /home/freelance/public_html/digitalflow/system/CodeIgniter.php(502): CodeIgniter\CodeIgniter->runController(Object(App\Controllers\AllReports))
#9 /home/freelance/public_html/digitalflow/system/CodeIgniter.php(361): CodeIgniter\CodeIgniter->handleRequest(NULL, Object(Config\Cache), false)
#10 /home/freelance/public_html/digitalflow/index.php(79): CodeIgniter\CodeIgniter->run()
#11 {main}
CRITICAL - 2024-05-08 06:49:24 --> You have an error in your SQL syntax; check the manual that corresponds to your MySQL server version for the right syntax to use near '`IN` = '\'1\',\'1234test\''
ORDER BY `emp_company_ref_id` ASC' at line 4
in SYSTEMPATH/Database/BaseConnection.php on line 647.
 1 SYSTEMPATH/Database/BaseBuilder.php(1615): CodeIgniter\Database\BaseConnection->query('SELECT *
FROM `personal_info`
WHERE `emp_deleted_on` IS NULL
AND `emp_company_ref_id` `IN` = :emp_company_ref_id IN:
ORDER BY `emp_company_ref_id` ASC', [...], false)
 2 SYSTEMPATH/Model.php(199): CodeIgniter\Database\BaseBuilder->get()
 3 SYSTEMPATH/BaseModel.php(563): CodeIgniter\Model->doFind(false, null)
 4 APPPATH/Controllers/AllReports.php(70): CodeIgniter\BaseModel->find()
 5 SYSTEMPATH/CodeIgniter.php(942): App\Controllers\AllReports->index()
 6 SYSTEMPATH/CodeIgniter.php(502): CodeIgniter\CodeIgniter->runController(Object(App\Controllers\AllReports))
 7 SYSTEMPATH/CodeIgniter.php(361): CodeIgniter\CodeIgniter->handleRequest(null, Object(Config\Cache), false)
 8 FCPATH/index.php(79): CodeIgniter\CodeIgniter->run()
ERROR - 2024-05-08 06:50:00 --> mysqli_sql_exception: You have an error in your SQL syntax; check the manual that corresponds to your MySQL server version for the right syntax to use near '`IN` = '('
ORDER BY `emp_company_ref_id` ASC' at line 4 in /home/freelance/public_html/digitalflow/system/Database/MySQLi/Connection.php:306
Stack trace:
#0 /home/freelance/public_html/digitalflow/system/Database/MySQLi/Connection.php(306): mysqli->query('SELECT *\nFROM `...', 0)
#1 /home/freelance/public_html/digitalflow/system/Database/BaseConnection.php(693): CodeIgniter\Database\MySQLi\Connection->execute('SELECT *\nFROM `...')
#2 /home/freelance/public_html/digitalflow/system/Database/BaseConnection.php(607): CodeIgniter\Database\BaseConnection->simpleQuery('SELECT *\nFROM `...')
#3 /home/freelance/public_html/digitalflow/system/Database/BaseBuilder.php(1615): CodeIgniter\Database\BaseConnection->query('SELECT *\nFROM `...', Array, false)
#4 /home/freelance/public_html/digitalflow/system/Model.php(199): CodeIgniter\Database\BaseBuilder->get()
#5 /home/freelance/public_html/digitalflow/system/BaseModel.php(563): CodeIgniter\Model->doFind(false, NULL)
#6 /home/freelance/public_html/digitalflow/app/Controllers/AllReports.php(70): CodeIgniter\BaseModel->find()
#7 /home/freelance/public_html/digitalflow/system/CodeIgniter.php(942): App\Controllers\AllReports->index()
#8 /home/freelance/public_html/digitalflow/system/CodeIgniter.php(502): CodeIgniter\CodeIgniter->runController(Object(App\Controllers\AllReports))
#9 /home/freelance/public_html/digitalflow/system/CodeIgniter.php(361): CodeIgniter\CodeIgniter->handleRequest(NULL, Object(Config\Cache), false)
#10 /home/freelance/public_html/digitalflow/index.php(79): CodeIgniter\CodeIgniter->run()
#11 {main}
CRITICAL - 2024-05-08 06:50:00 --> You have an error in your SQL syntax; check the manual that corresponds to your MySQL server version for the right syntax to use near '`IN` = '('
ORDER BY `emp_company_ref_id` ASC' at line 4
in SYSTEMPATH/Database/BaseConnection.php on line 647.
 1 SYSTEMPATH/Database/BaseBuilder.php(1615): CodeIgniter\Database\BaseConnection->query('SELECT *
FROM `personal_info`
WHERE `emp_deleted_on` IS NULL
AND `emp_company_ref_id` `IN` = :emp_company_ref_id IN:
ORDER BY `emp_company_ref_id` ASC', [...], false)
 2 SYSTEMPATH/Model.php(199): CodeIgniter\Database\BaseBuilder->get()
 3 SYSTEMPATH/BaseModel.php(563): CodeIgniter\Model->doFind(false, null)
 4 APPPATH/Controllers/AllReports.php(70): CodeIgniter\BaseModel->find()
 5 SYSTEMPATH/CodeIgniter.php(942): App\Controllers\AllReports->index()
 6 SYSTEMPATH/CodeIgniter.php(502): CodeIgniter\CodeIgniter->runController(Object(App\Controllers\AllReports))
 7 SYSTEMPATH/CodeIgniter.php(361): CodeIgniter\CodeIgniter->handleRequest(null, Object(Config\Cache), false)
 8 FCPATH/index.php(79): CodeIgniter\CodeIgniter->run()
ERROR - 2024-05-08 06:50:32 --> mysqli_sql_exception: You have an error in your SQL syntax; check the manual that corresponds to your MySQL server version for the right syntax to use near '= '\'1\',\'1234test\''
ORDER BY `emp_company_ref_id` ASC' at line 4 in /home/freelance/public_html/digitalflow/system/Database/MySQLi/Connection.php:306
Stack trace:
#0 /home/freelance/public_html/digitalflow/system/Database/MySQLi/Connection.php(306): mysqli->query('SELECT *\nFROM `...', 0)
#1 /home/freelance/public_html/digitalflow/system/Database/BaseConnection.php(693): CodeIgniter\Database\MySQLi\Connection->execute('SELECT *\nFROM `...')
#2 /home/freelance/public_html/digitalflow/system/Database/BaseConnection.php(607): CodeIgniter\Database\BaseConnection->simpleQuery('SELECT *\nFROM `...')
#3 /home/freelance/public_html/digitalflow/system/Database/BaseBuilder.php(1615): CodeIgniter\Database\BaseConnection->query('SELECT *\nFROM `...', Array, false)
#4 /home/freelance/public_html/digitalflow/system/Model.php(199): CodeIgniter\Database\BaseBuilder->get()
#5 /home/freelance/public_html/digitalflow/system/BaseModel.php(563): CodeIgniter\Model->doFind(false, NULL)
#6 /home/freelance/public_html/digitalflow/app/Controllers/AllReports.php(70): CodeIgniter\BaseModel->find()
#7 /home/freelance/public_html/digitalflow/system/CodeIgniter.php(942): App\Controllers\AllReports->index()
#8 /home/freelance/public_html/digitalflow/system/CodeIgniter.php(502): CodeIgniter\CodeIgniter->runController(Object(App\Controllers\AllReports))
#9 /home/freelance/public_html/digitalflow/system/CodeIgniter.php(361): CodeIgniter\CodeIgniter->handleRequest(NULL, Object(Config\Cache), false)
#10 /home/freelance/public_html/digitalflow/index.php(79): CodeIgniter\CodeIgniter->run()
#11 {main}
CRITICAL - 2024-05-08 06:50:32 --> You have an error in your SQL syntax; check the manual that corresponds to your MySQL server version for the right syntax to use near '= '\'1\',\'1234test\''
ORDER BY `emp_company_ref_id` ASC' at line 4
in SYSTEMPATH/Database/BaseConnection.php on line 647.
 1 SYSTEMPATH/Database/BaseBuilder.php(1615): CodeIgniter\Database\BaseConnection->query('SELECT *
FROM `personal_info`
WHERE `emp_deleted_on` IS NULL
AND emp_company_ref_id IN( = :emp_company_ref_id IN(:
ORDER BY `emp_company_ref_id` ASC', [...], false)
 2 SYSTEMPATH/Model.php(199): CodeIgniter\Database\BaseBuilder->get()
 3 SYSTEMPATH/BaseModel.php(563): CodeIgniter\Model->doFind(false, null)
 4 APPPATH/Controllers/AllReports.php(70): CodeIgniter\BaseModel->find()
 5 SYSTEMPATH/CodeIgniter.php(942): App\Controllers\AllReports->index()
 6 SYSTEMPATH/CodeIgniter.php(502): CodeIgniter\CodeIgniter->runController(Object(App\Controllers\AllReports))
 7 SYSTEMPATH/CodeIgniter.php(361): CodeIgniter\CodeIgniter->handleRequest(null, Object(Config\Cache), false)
 8 FCPATH/index.php(79): CodeIgniter\CodeIgniter->run()
ERROR - 2024-05-08 06:50:35 --> mysqli_sql_exception: You have an error in your SQL syntax; check the manual that corresponds to your MySQL server version for the right syntax to use near '= '\'1\',\'1234test\''
ORDER BY `emp_company_ref_id` ASC' at line 4 in /home/freelance/public_html/digitalflow/system/Database/MySQLi/Connection.php:306
Stack trace:
#0 /home/freelance/public_html/digitalflow/system/Database/MySQLi/Connection.php(306): mysqli->query('SELECT *\nFROM `...', 0)
#1 /home/freelance/public_html/digitalflow/system/Database/BaseConnection.php(693): CodeIgniter\Database\MySQLi\Connection->execute('SELECT *\nFROM `...')
#2 /home/freelance/public_html/digitalflow/system/Database/BaseConnection.php(607): CodeIgniter\Database\BaseConnection->simpleQuery('SELECT *\nFROM `...')
#3 /home/freelance/public_html/digitalflow/system/Database/BaseBuilder.php(1615): CodeIgniter\Database\BaseConnection->query('SELECT *\nFROM `...', Array, false)
#4 /home/freelance/public_html/digitalflow/system/Model.php(199): CodeIgniter\Database\BaseBuilder->get()
#5 /home/freelance/public_html/digitalflow/system/BaseModel.php(563): CodeIgniter\Model->doFind(false, NULL)
#6 /home/freelance/public_html/digitalflow/app/Controllers/AllReports.php(70): CodeIgniter\BaseModel->find()
#7 /home/freelance/public_html/digitalflow/system/CodeIgniter.php(942): App\Controllers\AllReports->index()
#8 /home/freelance/public_html/digitalflow/system/CodeIgniter.php(502): CodeIgniter\CodeIgniter->runController(Object(App\Controllers\AllReports))
#9 /home/freelance/public_html/digitalflow/system/CodeIgniter.php(361): CodeIgniter\CodeIgniter->handleRequest(NULL, Object(Config\Cache), false)
#10 /home/freelance/public_html/digitalflow/index.php(79): CodeIgniter\CodeIgniter->run()
#11 {main}
CRITICAL - 2024-05-08 06:50:35 --> You have an error in your SQL syntax; check the manual that corresponds to your MySQL server version for the right syntax to use near '= '\'1\',\'1234test\''
ORDER BY `emp_company_ref_id` ASC' at line 4
in SYSTEMPATH/Database/BaseConnection.php on line 647.
 1 SYSTEMPATH/Database/BaseBuilder.php(1615): CodeIgniter\Database\BaseConnection->query('SELECT *
FROM `personal_info`
WHERE `emp_deleted_on` IS NULL
AND emp_company_ref_id IN( = :emp_company_ref_id IN(:
ORDER BY `emp_company_ref_id` ASC', [...], false)
 2 SYSTEMPATH/Model.php(199): CodeIgniter\Database\BaseBuilder->get()
 3 SYSTEMPATH/BaseModel.php(563): CodeIgniter\Model->doFind(false, null)
 4 APPPATH/Controllers/AllReports.php(70): CodeIgniter\BaseModel->find()
 5 SYSTEMPATH/CodeIgniter.php(942): App\Controllers\AllReports->index()
 6 SYSTEMPATH/CodeIgniter.php(502): CodeIgniter\CodeIgniter->runController(Object(App\Controllers\AllReports))
 7 SYSTEMPATH/CodeIgniter.php(361): CodeIgniter\CodeIgniter->handleRequest(null, Object(Config\Cache), false)
 8 FCPATH/index.php(79): CodeIgniter\CodeIgniter->run()
ERROR - 2024-05-08 06:51:08 --> mysqli_sql_exception: You have an error in your SQL syntax; check the manual that corresponds to your MySQL server version for the right syntax to use near '`IN` = '(\'1\',\'1234test\')'
ORDER BY `emp_company_ref_id` ASC' at line 4 in /home/freelance/public_html/digitalflow/system/Database/MySQLi/Connection.php:306
Stack trace:
#0 /home/freelance/public_html/digitalflow/system/Database/MySQLi/Connection.php(306): mysqli->query('SELECT *\nFROM `...', 0)
#1 /home/freelance/public_html/digitalflow/system/Database/BaseConnection.php(693): CodeIgniter\Database\MySQLi\Connection->execute('SELECT *\nFROM `...')
#2 /home/freelance/public_html/digitalflow/system/Database/BaseConnection.php(607): CodeIgniter\Database\BaseConnection->simpleQuery('SELECT *\nFROM `...')
#3 /home/freelance/public_html/digitalflow/system/Database/BaseBuilder.php(1615): CodeIgniter\Database\BaseConnection->query('SELECT *\nFROM `...', Array, false)
#4 /home/freelance/public_html/digitalflow/system/Model.php(199): CodeIgniter\Database\BaseBuilder->get()
#5 /home/freelance/public_html/digitalflow/system/BaseModel.php(563): CodeIgniter\Model->doFind(false, NULL)
#6 /home/freelance/public_html/digitalflow/app/Controllers/AllReports.php(70): CodeIgniter\BaseModel->find()
#7 /home/freelance/public_html/digitalflow/system/CodeIgniter.php(942): App\Controllers\AllReports->index()
#8 /home/freelance/public_html/digitalflow/system/CodeIgniter.php(502): CodeIgniter\CodeIgniter->runController(Object(App\Controllers\AllReports))
#9 /home/freelance/public_html/digitalflow/system/CodeIgniter.php(361): CodeIgniter\CodeIgniter->handleRequest(NULL, Object(Config\Cache), false)
#10 /home/freelance/public_html/digitalflow/index.php(79): CodeIgniter\CodeIgniter->run()
#11 {main}
CRITICAL - 2024-05-08 06:51:08 --> You have an error in your SQL syntax; check the manual that corresponds to your MySQL server version for the right syntax to use near '`IN` = '(\'1\',\'1234test\')'
ORDER BY `emp_company_ref_id` ASC' at line 4
in SYSTEMPATH/Database/BaseConnection.php on line 647.
 1 SYSTEMPATH/Database/BaseBuilder.php(1615): CodeIgniter\Database\BaseConnection->query('SELECT *
FROM `personal_info`
WHERE `emp_deleted_on` IS NULL
AND `emp_company_ref_id` `IN` = :emp_company_ref_id IN:
ORDER BY `emp_company_ref_id` ASC', [...], false)
 2 SYSTEMPATH/Model.php(199): CodeIgniter\Database\BaseBuilder->get()
 3 SYSTEMPATH/BaseModel.php(563): CodeIgniter\Model->doFind(false, null)
 4 APPPATH/Controllers/AllReports.php(70): CodeIgniter\BaseModel->find()
 5 SYSTEMPATH/CodeIgniter.php(942): App\Controllers\AllReports->index()
 6 SYSTEMPATH/CodeIgniter.php(502): CodeIgniter\CodeIgniter->runController(Object(App\Controllers\AllReports))
 7 SYSTEMPATH/CodeIgniter.php(361): CodeIgniter\CodeIgniter->handleRequest(null, Object(Config\Cache), false)
 8 FCPATH/index.php(79): CodeIgniter\CodeIgniter->run()
ERROR - 2024-05-08 06:51:15 --> mysqli_sql_exception: You have an error in your SQL syntax; check the manual that corresponds to your MySQL server version for the right syntax to use near '`IN` = '(\'1\',\'1234test\')'
ORDER BY `emp_company_ref_id` ASC' at line 4 in /home/freelance/public_html/digitalflow/system/Database/MySQLi/Connection.php:306
Stack trace:
#0 /home/freelance/public_html/digitalflow/system/Database/MySQLi/Connection.php(306): mysqli->query('SELECT *\nFROM `...', 0)
#1 /home/freelance/public_html/digitalflow/system/Database/BaseConnection.php(693): CodeIgniter\Database\MySQLi\Connection->execute('SELECT *\nFROM `...')
#2 /home/freelance/public_html/digitalflow/system/Database/BaseConnection.php(607): CodeIgniter\Database\BaseConnection->simpleQuery('SELECT *\nFROM `...')
#3 /home/freelance/public_html/digitalflow/system/Database/BaseBuilder.php(1615): CodeIgniter\Database\BaseConnection->query('SELECT *\nFROM `...', Array, false)
#4 /home/freelance/public_html/digitalflow/system/Model.php(199): CodeIgniter\Database\BaseBuilder->get()
#5 /home/freelance/public_html/digitalflow/system/BaseModel.php(563): CodeIgniter\Model->doFind(false, NULL)
#6 /home/freelance/public_html/digitalflow/app/Controllers/AllReports.php(70): CodeIgniter\BaseModel->find()
#7 /home/freelance/public_html/digitalflow/system/CodeIgniter.php(942): App\Controllers\AllReports->index()
#8 /home/freelance/public_html/digitalflow/system/CodeIgniter.php(502): CodeIgniter\CodeIgniter->runController(Object(App\Controllers\AllReports))
#9 /home/freelance/public_html/digitalflow/system/CodeIgniter.php(361): CodeIgniter\CodeIgniter->handleRequest(NULL, Object(Config\Cache), false)
#10 /home/freelance/public_html/digitalflow/index.php(79): CodeIgniter\CodeIgniter->run()
#11 {main}
CRITICAL - 2024-05-08 06:51:15 --> You have an error in your SQL syntax; check the manual that corresponds to your MySQL server version for the right syntax to use near '`IN` = '(\'1\',\'1234test\')'
ORDER BY `emp_company_ref_id` ASC' at line 4
in SYSTEMPATH/Database/BaseConnection.php on line 647.
 1 SYSTEMPATH/Database/BaseBuilder.php(1615): CodeIgniter\Database\BaseConnection->query('SELECT *
FROM `personal_info`
WHERE `emp_deleted_on` IS NULL
AND `emp_company_ref_id` `IN` = :emp_company_ref_id IN:
ORDER BY `emp_company_ref_id` ASC', [...], false)
 2 SYSTEMPATH/Model.php(199): CodeIgniter\Database\BaseBuilder->get()
 3 SYSTEMPATH/BaseModel.php(563): CodeIgniter\Model->doFind(false, null)
 4 APPPATH/Controllers/AllReports.php(70): CodeIgniter\BaseModel->find()
 5 SYSTEMPATH/CodeIgniter.php(942): App\Controllers\AllReports->index()
 6 SYSTEMPATH/CodeIgniter.php(502): CodeIgniter\CodeIgniter->runController(Object(App\Controllers\AllReports))
 7 SYSTEMPATH/CodeIgniter.php(361): CodeIgniter\CodeIgniter->handleRequest(null, Object(Config\Cache), false)
 8 FCPATH/index.php(79): CodeIgniter\CodeIgniter->run()
ERROR - 2024-05-08 06:51:26 --> mysqli_sql_exception: You have an error in your SQL syntax; check the manual that corresponds to your MySQL server version for the right syntax to use near '`IN` = '(\'1\',\'1234test\')'
ORDER BY `emp_company_ref_id` ASC' at line 4 in /home/freelance/public_html/digitalflow/system/Database/MySQLi/Connection.php:306
Stack trace:
#0 /home/freelance/public_html/digitalflow/system/Database/MySQLi/Connection.php(306): mysqli->query('SELECT *\nFROM `...', 0)
#1 /home/freelance/public_html/digitalflow/system/Database/BaseConnection.php(693): CodeIgniter\Database\MySQLi\Connection->execute('SELECT *\nFROM `...')
#2 /home/freelance/public_html/digitalflow/system/Database/BaseConnection.php(607): CodeIgniter\Database\BaseConnection->simpleQuery('SELECT *\nFROM `...')
#3 /home/freelance/public_html/digitalflow/system/Database/BaseBuilder.php(1615): CodeIgniter\Database\BaseConnection->query('SELECT *\nFROM `...', Array, false)
#4 /home/freelance/public_html/digitalflow/system/Model.php(199): CodeIgniter\Database\BaseBuilder->get()
#5 /home/freelance/public_html/digitalflow/system/BaseModel.php(563): CodeIgniter\Model->doFind(false, NULL)
#6 /home/freelance/public_html/digitalflow/app/Controllers/AllReports.php(70): CodeIgniter\BaseModel->find()
#7 /home/freelance/public_html/digitalflow/system/CodeIgniter.php(942): App\Controllers\AllReports->index()
#8 /home/freelance/public_html/digitalflow/system/CodeIgniter.php(502): CodeIgniter\CodeIgniter->runController(Object(App\Controllers\AllReports))
#9 /home/freelance/public_html/digitalflow/system/CodeIgniter.php(361): CodeIgniter\CodeIgniter->handleRequest(NULL, Object(Config\Cache), false)
#10 /home/freelance/public_html/digitalflow/index.php(79): CodeIgniter\CodeIgniter->run()
#11 {main}
CRITICAL - 2024-05-08 06:51:26 --> You have an error in your SQL syntax; check the manual that corresponds to your MySQL server version for the right syntax to use near '`IN` = '(\'1\',\'1234test\')'
ORDER BY `emp_company_ref_id` ASC' at line 4
in SYSTEMPATH/Database/BaseConnection.php on line 647.
 1 SYSTEMPATH/Database/BaseBuilder.php(1615): CodeIgniter\Database\BaseConnection->query('SELECT *
FROM `personal_info`
WHERE `emp_deleted_on` IS NULL
AND `emp_company_ref_id` `IN` = :emp_company_ref_id IN:
ORDER BY `emp_company_ref_id` ASC', [...], false)
 2 SYSTEMPATH/Model.php(199): CodeIgniter\Database\BaseBuilder->get()
 3 SYSTEMPATH/BaseModel.php(563): CodeIgniter\Model->doFind(false, null)
 4 APPPATH/Controllers/AllReports.php(70): CodeIgniter\BaseModel->find()
 5 SYSTEMPATH/CodeIgniter.php(942): App\Controllers\AllReports->index()
 6 SYSTEMPATH/CodeIgniter.php(502): CodeIgniter\CodeIgniter->runController(Object(App\Controllers\AllReports))
 7 SYSTEMPATH/CodeIgniter.php(361): CodeIgniter\CodeIgniter->handleRequest(null, Object(Config\Cache), false)
 8 FCPATH/index.php(79): CodeIgniter\CodeIgniter->run()
ERROR - 2024-05-08 06:51:29 --> mysqli_sql_exception: You have an error in your SQL syntax; check the manual that corresponds to your MySQL server version for the right syntax to use near '`IN` = '(\'1\',\'1234test\')'
ORDER BY `emp_company_ref_id` ASC' at line 4 in /home/freelance/public_html/digitalflow/system/Database/MySQLi/Connection.php:306
Stack trace:
#0 /home/freelance/public_html/digitalflow/system/Database/MySQLi/Connection.php(306): mysqli->query('SELECT *\nFROM `...', 0)
#1 /home/freelance/public_html/digitalflow/system/Database/BaseConnection.php(693): CodeIgniter\Database\MySQLi\Connection->execute('SELECT *\nFROM `...')
#2 /home/freelance/public_html/digitalflow/system/Database/BaseConnection.php(607): CodeIgniter\Database\BaseConnection->simpleQuery('SELECT *\nFROM `...')
#3 /home/freelance/public_html/digitalflow/system/Database/BaseBuilder.php(1615): CodeIgniter\Database\BaseConnection->query('SELECT *\nFROM `...', Array, false)
#4 /home/freelance/public_html/digitalflow/system/Model.php(199): CodeIgniter\Database\BaseBuilder->get()
#5 /home/freelance/public_html/digitalflow/system/BaseModel.php(563): CodeIgniter\Model->doFind(false, NULL)
#6 /home/freelance/public_html/digitalflow/app/Controllers/AllReports.php(70): CodeIgniter\BaseModel->find()
#7 /home/freelance/public_html/digitalflow/system/CodeIgniter.php(942): App\Controllers\AllReports->index()
#8 /home/freelance/public_html/digitalflow/system/CodeIgniter.php(502): CodeIgniter\CodeIgniter->runController(Object(App\Controllers\AllReports))
#9 /home/freelance/public_html/digitalflow/system/CodeIgniter.php(361): CodeIgniter\CodeIgniter->handleRequest(NULL, Object(Config\Cache), false)
#10 /home/freelance/public_html/digitalflow/index.php(79): CodeIgniter\CodeIgniter->run()
#11 {main}
CRITICAL - 2024-05-08 06:51:29 --> You have an error in your SQL syntax; check the manual that corresponds to your MySQL server version for the right syntax to use near '`IN` = '(\'1\',\'1234test\')'
ORDER BY `emp_company_ref_id` ASC' at line 4
in SYSTEMPATH/Database/BaseConnection.php on line 647.
 1 SYSTEMPATH/Database/BaseBuilder.php(1615): CodeIgniter\Database\BaseConnection->query('SELECT *
FROM `personal_info`
WHERE `emp_deleted_on` IS NULL
AND `emp_company_ref_id` `IN` = :emp_company_ref_id IN:
ORDER BY `emp_company_ref_id` ASC', [...], false)
 2 SYSTEMPATH/Model.php(199): CodeIgniter\Database\BaseBuilder->get()
 3 SYSTEMPATH/BaseModel.php(563): CodeIgniter\Model->doFind(false, null)
 4 APPPATH/Controllers/AllReports.php(70): CodeIgniter\BaseModel->find()
 5 SYSTEMPATH/CodeIgniter.php(942): App\Controllers\AllReports->index()
 6 SYSTEMPATH/CodeIgniter.php(502): CodeIgniter\CodeIgniter->runController(Object(App\Controllers\AllReports))
 7 SYSTEMPATH/CodeIgniter.php(361): CodeIgniter\CodeIgniter->handleRequest(null, Object(Config\Cache), false)
 8 FCPATH/index.php(79): CodeIgniter\CodeIgniter->run()
ERROR - 2024-05-08 06:51:51 --> mysqli_sql_exception: You have an error in your SQL syntax; check the manual that corresponds to your MySQL server version for the right syntax to use near '`IN` = '(\'1\',\'1234test\')'
ORDER BY `emp_company_ref_id` ASC' at line 4 in /home/freelance/public_html/digitalflow/system/Database/MySQLi/Connection.php:306
Stack trace:
#0 /home/freelance/public_html/digitalflow/system/Database/MySQLi/Connection.php(306): mysqli->query('SELECT *\nFROM `...', 0)
#1 /home/freelance/public_html/digitalflow/system/Database/BaseConnection.php(693): CodeIgniter\Database\MySQLi\Connection->execute('SELECT *\nFROM `...')
#2 /home/freelance/public_html/digitalflow/system/Database/BaseConnection.php(607): CodeIgniter\Database\BaseConnection->simpleQuery('SELECT *\nFROM `...')
#3 /home/freelance/public_html/digitalflow/system/Database/BaseBuilder.php(1615): CodeIgniter\Database\BaseConnection->query('SELECT *\nFROM `...', Array, false)
#4 /home/freelance/public_html/digitalflow/system/Model.php(199): CodeIgniter\Database\BaseBuilder->get()
#5 /home/freelance/public_html/digitalflow/system/BaseModel.php(563): CodeIgniter\Model->doFind(false, NULL)
#6 /home/freelance/public_html/digitalflow/app/Controllers/AllReports.php(70): CodeIgniter\BaseModel->find()
#7 /home/freelance/public_html/digitalflow/system/CodeIgniter.php(942): App\Controllers\AllReports->index()
#8 /home/freelance/public_html/digitalflow/system/CodeIgniter.php(502): CodeIgniter\CodeIgniter->runController(Object(App\Controllers\AllReports))
#9 /home/freelance/public_html/digitalflow/system/CodeIgniter.php(361): CodeIgniter\CodeIgniter->handleRequest(NULL, Object(Config\Cache), false)
#10 /home/freelance/public_html/digitalflow/index.php(79): CodeIgniter\CodeIgniter->run()
#11 {main}
CRITICAL - 2024-05-08 06:51:51 --> You have an error in your SQL syntax; check the manual that corresponds to your MySQL server version for the right syntax to use near '`IN` = '(\'1\',\'1234test\')'
ORDER BY `emp_company_ref_id` ASC' at line 4
in SYSTEMPATH/Database/BaseConnection.php on line 647.
 1 SYSTEMPATH/Database/BaseBuilder.php(1615): CodeIgniter\Database\BaseConnection->query('SELECT *
FROM `personal_info`
WHERE `emp_deleted_on` IS NULL
AND `emp_company_ref_id` `IN` = :emp_company_ref_id IN:
ORDER BY `emp_company_ref_id` ASC', [...], false)
 2 SYSTEMPATH/Model.php(199): CodeIgniter\Database\BaseBuilder->get()
 3 SYSTEMPATH/BaseModel.php(563): CodeIgniter\Model->doFind(false, null)
 4 APPPATH/Controllers/AllReports.php(70): CodeIgniter\BaseModel->find()
 5 SYSTEMPATH/CodeIgniter.php(942): App\Controllers\AllReports->index()
 6 SYSTEMPATH/CodeIgniter.php(502): CodeIgniter\CodeIgniter->runController(Object(App\Controllers\AllReports))
 7 SYSTEMPATH/CodeIgniter.php(361): CodeIgniter\CodeIgniter->handleRequest(null, Object(Config\Cache), false)
 8 FCPATH/index.php(79): CodeIgniter\CodeIgniter->run()
ERROR - 2024-05-08 06:53:50 --> mysqli_sql_exception: You have an error in your SQL syntax; check the manual that corresponds to your MySQL server version for the right syntax to use near '`IN` = '(\'1\',\'1234test\')'
ORDER BY `emp_company_ref_id` ASC' at line 4 in /home/freelance/public_html/digitalflow/system/Database/MySQLi/Connection.php:306
Stack trace:
#0 /home/freelance/public_html/digitalflow/system/Database/MySQLi/Connection.php(306): mysqli->query('SELECT *\nFROM `...', 0)
#1 /home/freelance/public_html/digitalflow/system/Database/BaseConnection.php(693): CodeIgniter\Database\MySQLi\Connection->execute('SELECT *\nFROM `...')
#2 /home/freelance/public_html/digitalflow/system/Database/BaseConnection.php(607): CodeIgniter\Database\BaseConnection->simpleQuery('SELECT *\nFROM `...')
#3 /home/freelance/public_html/digitalflow/system/Database/BaseBuilder.php(1615): CodeIgniter\Database\BaseConnection->query('SELECT *\nFROM `...', Array, false)
#4 /home/freelance/public_html/digitalflow/system/Model.php(199): CodeIgniter\Database\BaseBuilder->get()
#5 /home/freelance/public_html/digitalflow/system/BaseModel.php(563): CodeIgniter\Model->doFind(false, NULL)
#6 /home/freelance/public_html/digitalflow/app/Controllers/AllReports.php(70): CodeIgniter\BaseModel->find()
#7 /home/freelance/public_html/digitalflow/system/CodeIgniter.php(942): App\Controllers\AllReports->index()
#8 /home/freelance/public_html/digitalflow/system/CodeIgniter.php(502): CodeIgniter\CodeIgniter->runController(Object(App\Controllers\AllReports))
#9 /home/freelance/public_html/digitalflow/system/CodeIgniter.php(361): CodeIgniter\CodeIgniter->handleRequest(NULL, Object(Config\Cache), false)
#10 /home/freelance/public_html/digitalflow/index.php(79): CodeIgniter\CodeIgniter->run()
#11 {main}
CRITICAL - 2024-05-08 06:53:50 --> You have an error in your SQL syntax; check the manual that corresponds to your MySQL server version for the right syntax to use near '`IN` = '(\'1\',\'1234test\')'
ORDER BY `emp_company_ref_id` ASC' at line 4
in SYSTEMPATH/Database/BaseConnection.php on line 647.
 1 SYSTEMPATH/Database/BaseBuilder.php(1615): CodeIgniter\Database\BaseConnection->query('SELECT *
FROM `personal_info`
WHERE `emp_deleted_on` IS NULL
AND `emp_company_ref_id` `IN` = :emp_company_ref_id IN:
ORDER BY `emp_company_ref_id` ASC', [...], false)
 2 SYSTEMPATH/Model.php(199): CodeIgniter\Database\BaseBuilder->get()
 3 SYSTEMPATH/BaseModel.php(563): CodeIgniter\Model->doFind(false, null)
 4 APPPATH/Controllers/AllReports.php(70): CodeIgniter\BaseModel->find()
 5 SYSTEMPATH/CodeIgniter.php(942): App\Controllers\AllReports->index()
 6 SYSTEMPATH/CodeIgniter.php(502): CodeIgniter\CodeIgniter->runController(Object(App\Controllers\AllReports))
 7 SYSTEMPATH/CodeIgniter.php(361): CodeIgniter\CodeIgniter->handleRequest(null, Object(Config\Cache), false)
 8 FCPATH/index.php(79): CodeIgniter\CodeIgniter->run()
ERROR - 2024-05-08 06:56:15 --> mysqli_sql_exception: You have an error in your SQL syntax; check the manual that corresponds to your MySQL server version for the right syntax to use near '`IN` = '(\'1\',\'1234test\')'
ORDER BY `emp_company_ref_id` ASC' at line 4 in /home/freelance/public_html/digitalflow/system/Database/MySQLi/Connection.php:306
Stack trace:
#0 /home/freelance/public_html/digitalflow/system/Database/MySQLi/Connection.php(306): mysqli->query('SELECT *\nFROM `...', 0)
#1 /home/freelance/public_html/digitalflow/system/Database/BaseConnection.php(693): CodeIgniter\Database\MySQLi\Connection->execute('SELECT *\nFROM `...')
#2 /home/freelance/public_html/digitalflow/system/Database/BaseConnection.php(607): CodeIgniter\Database\BaseConnection->simpleQuery('SELECT *\nFROM `...')
#3 /home/freelance/public_html/digitalflow/system/Database/BaseBuilder.php(1615): CodeIgniter\Database\BaseConnection->query('SELECT *\nFROM `...', Array, false)
#4 /home/freelance/public_html/digitalflow/system/Model.php(199): CodeIgniter\Database\BaseBuilder->get()
#5 /home/freelance/public_html/digitalflow/system/BaseModel.php(563): CodeIgniter\Model->doFind(false, NULL)
#6 /home/freelance/public_html/digitalflow/app/Controllers/AllReports.php(70): CodeIgniter\BaseModel->find()
#7 /home/freelance/public_html/digitalflow/system/CodeIgniter.php(942): App\Controllers\AllReports->index()
#8 /home/freelance/public_html/digitalflow/system/CodeIgniter.php(502): CodeIgniter\CodeIgniter->runController(Object(App\Controllers\AllReports))
#9 /home/freelance/public_html/digitalflow/system/CodeIgniter.php(361): CodeIgniter\CodeIgniter->handleRequest(NULL, Object(Config\Cache), false)
#10 /home/freelance/public_html/digitalflow/index.php(79): CodeIgniter\CodeIgniter->run()
#11 {main}
CRITICAL - 2024-05-08 06:56:15 --> You have an error in your SQL syntax; check the manual that corresponds to your MySQL server version for the right syntax to use near '`IN` = '(\'1\',\'1234test\')'
ORDER BY `emp_company_ref_id` ASC' at line 4
in SYSTEMPATH/Database/BaseConnection.php on line 647.
 1 SYSTEMPATH/Database/BaseBuilder.php(1615): CodeIgniter\Database\BaseConnection->query('SELECT *
FROM `personal_info`
WHERE `emp_deleted_on` IS NULL
AND `emp_company_ref_id` `IN` = :emp_company_ref_id IN:
ORDER BY `emp_company_ref_id` ASC', [...], false)
 2 SYSTEMPATH/Model.php(199): CodeIgniter\Database\BaseBuilder->get()
 3 SYSTEMPATH/BaseModel.php(563): CodeIgniter\Model->doFind(false, null)
 4 APPPATH/Controllers/AllReports.php(70): CodeIgniter\BaseModel->find()
 5 SYSTEMPATH/CodeIgniter.php(942): App\Controllers\AllReports->index()
 6 SYSTEMPATH/CodeIgniter.php(502): CodeIgniter\CodeIgniter->runController(Object(App\Controllers\AllReports))
 7 SYSTEMPATH/CodeIgniter.php(361): CodeIgniter\CodeIgniter->handleRequest(null, Object(Config\Cache), false)
 8 FCPATH/index.php(79): CodeIgniter\CodeIgniter->run()
ERROR - 2024-05-08 06:56:39 --> mysqli_sql_exception: You have an error in your SQL syntax; check the manual that corresponds to your MySQL server version for the right syntax to use near '`IN` = '(\'1\',\'1234test\')'
ORDER BY `emp_company_ref_id` ASC' at line 4 in /home/freelance/public_html/digitalflow/system/Database/MySQLi/Connection.php:306
Stack trace:
#0 /home/freelance/public_html/digitalflow/system/Database/MySQLi/Connection.php(306): mysqli->query('SELECT *\nFROM `...', 0)
#1 /home/freelance/public_html/digitalflow/system/Database/BaseConnection.php(693): CodeIgniter\Database\MySQLi\Connection->execute('SELECT *\nFROM `...')
#2 /home/freelance/public_html/digitalflow/system/Database/BaseConnection.php(607): CodeIgniter\Database\BaseConnection->simpleQuery('SELECT *\nFROM `...')
#3 /home/freelance/public_html/digitalflow/system/Database/BaseBuilder.php(1615): CodeIgniter\Database\BaseConnection->query('SELECT *\nFROM `...', Array, false)
#4 /home/freelance/public_html/digitalflow/system/Model.php(199): CodeIgniter\Database\BaseBuilder->get()
#5 /home/freelance/public_html/digitalflow/system/BaseModel.php(563): CodeIgniter\Model->doFind(false, NULL)
#6 /home/freelance/public_html/digitalflow/app/Controllers/AllReports.php(70): CodeIgniter\BaseModel->find()
#7 /home/freelance/public_html/digitalflow/system/CodeIgniter.php(942): App\Controllers\AllReports->index()
#8 /home/freelance/public_html/digitalflow/system/CodeIgniter.php(502): CodeIgniter\CodeIgniter->runController(Object(App\Controllers\AllReports))
#9 /home/freelance/public_html/digitalflow/system/CodeIgniter.php(361): CodeIgniter\CodeIgniter->handleRequest(NULL, Object(Config\Cache), false)
#10 /home/freelance/public_html/digitalflow/index.php(79): CodeIgniter\CodeIgniter->run()
#11 {main}
CRITICAL - 2024-05-08 06:56:39 --> You have an error in your SQL syntax; check the manual that corresponds to your MySQL server version for the right syntax to use near '`IN` = '(\'1\',\'1234test\')'
ORDER BY `emp_company_ref_id` ASC' at line 4
in SYSTEMPATH/Database/BaseConnection.php on line 647.
 1 SYSTEMPATH/Database/BaseBuilder.php(1615): CodeIgniter\Database\BaseConnection->query('SELECT *
FROM `personal_info`
WHERE `emp_deleted_on` IS NULL
AND `emp_company_ref_id` `IN` = :emp_company_ref_id IN:
ORDER BY `emp_company_ref_id` ASC', [...], false)
 2 SYSTEMPATH/Model.php(199): CodeIgniter\Database\BaseBuilder->get()
 3 SYSTEMPATH/BaseModel.php(563): CodeIgniter\Model->doFind(false, null)
 4 APPPATH/Controllers/AllReports.php(70): CodeIgniter\BaseModel->find()
 5 SYSTEMPATH/CodeIgniter.php(942): App\Controllers\AllReports->index()
 6 SYSTEMPATH/CodeIgniter.php(502): CodeIgniter\CodeIgniter->runController(Object(App\Controllers\AllReports))
 7 SYSTEMPATH/CodeIgniter.php(361): CodeIgniter\CodeIgniter->handleRequest(null, Object(Config\Cache), false)
 8 FCPATH/index.php(79): CodeIgniter\CodeIgniter->run()
ERROR - 2024-05-08 06:57:11 --> mysqli_sql_exception: You have an error in your SQL syntax; check the manual that corresponds to your MySQL server version for the right syntax to use near '`IN` = '(\'1\',\'1234test\')'
ORDER BY `emp_company_ref_id` ASC' at line 4 in /home/freelance/public_html/digitalflow/system/Database/MySQLi/Connection.php:306
Stack trace:
#0 /home/freelance/public_html/digitalflow/system/Database/MySQLi/Connection.php(306): mysqli->query('SELECT *\nFROM `...', 0)
#1 /home/freelance/public_html/digitalflow/system/Database/BaseConnection.php(693): CodeIgniter\Database\MySQLi\Connection->execute('SELECT *\nFROM `...')
#2 /home/freelance/public_html/digitalflow/system/Database/BaseConnection.php(607): CodeIgniter\Database\BaseConnection->simpleQuery('SELECT *\nFROM `...')
#3 /home/freelance/public_html/digitalflow/system/Database/BaseBuilder.php(1615): CodeIgniter\Database\BaseConnection->query('SELECT *\nFROM `...', Array, false)
#4 /home/freelance/public_html/digitalflow/system/Model.php(199): CodeIgniter\Database\BaseBuilder->get()
#5 /home/freelance/public_html/digitalflow/system/BaseModel.php(563): CodeIgniter\Model->doFind(false, NULL)
#6 /home/freelance/public_html/digitalflow/app/Controllers/AllReports.php(70): CodeIgniter\BaseModel->find()
#7 /home/freelance/public_html/digitalflow/system/CodeIgniter.php(942): App\Controllers\AllReports->index()
#8 /home/freelance/public_html/digitalflow/system/CodeIgniter.php(502): CodeIgniter\CodeIgniter->runController(Object(App\Controllers\AllReports))
#9 /home/freelance/public_html/digitalflow/system/CodeIgniter.php(361): CodeIgniter\CodeIgniter->handleRequest(NULL, Object(Config\Cache), false)
#10 /home/freelance/public_html/digitalflow/index.php(79): CodeIgniter\CodeIgniter->run()
#11 {main}
CRITICAL - 2024-05-08 06:57:11 --> You have an error in your SQL syntax; check the manual that corresponds to your MySQL server version for the right syntax to use near '`IN` = '(\'1\',\'1234test\')'
ORDER BY `emp_company_ref_id` ASC' at line 4
in SYSTEMPATH/Database/BaseConnection.php on line 647.
 1 SYSTEMPATH/Database/BaseBuilder.php(1615): CodeIgniter\Database\BaseConnection->query('SELECT *
FROM `personal_info`
WHERE `emp_deleted_on` IS NULL
AND `emp_company_ref_id` `IN` = :emp_company_ref_id IN:
ORDER BY `emp_company_ref_id` ASC', [...], false)
 2 SYSTEMPATH/Model.php(199): CodeIgniter\Database\BaseBuilder->get()
 3 SYSTEMPATH/BaseModel.php(563): CodeIgniter\Model->doFind(false, null)
 4 APPPATH/Controllers/AllReports.php(70): CodeIgniter\BaseModel->find()
 5 SYSTEMPATH/CodeIgniter.php(942): App\Controllers\AllReports->index()
 6 SYSTEMPATH/CodeIgniter.php(502): CodeIgniter\CodeIgniter->runController(Object(App\Controllers\AllReports))
 7 SYSTEMPATH/CodeIgniter.php(361): CodeIgniter\CodeIgniter->handleRequest(null, Object(Config\Cache), false)
 8 FCPATH/index.php(79): CodeIgniter\CodeIgniter->run()
ERROR - 2024-05-08 06:57:30 --> mysqli_sql_exception: You have an error in your SQL syntax; check the manual that corresponds to your MySQL server version for the right syntax to use near '`IN` = '(\'1\',\'1234test\')'
ORDER BY `emp_company_ref_id` ASC' at line 4 in /home/freelance/public_html/digitalflow/system/Database/MySQLi/Connection.php:306
Stack trace:
#0 /home/freelance/public_html/digitalflow/system/Database/MySQLi/Connection.php(306): mysqli->query('SELECT *\nFROM `...', 0)
#1 /home/freelance/public_html/digitalflow/system/Database/BaseConnection.php(693): CodeIgniter\Database\MySQLi\Connection->execute('SELECT *\nFROM `...')
#2 /home/freelance/public_html/digitalflow/system/Database/BaseConnection.php(607): CodeIgniter\Database\BaseConnection->simpleQuery('SELECT *\nFROM `...')
#3 /home/freelance/public_html/digitalflow/system/Database/BaseBuilder.php(1615): CodeIgniter\Database\BaseConnection->query('SELECT *\nFROM `...', Array, false)
#4 /home/freelance/public_html/digitalflow/system/Model.php(199): CodeIgniter\Database\BaseBuilder->get()
#5 /home/freelance/public_html/digitalflow/system/BaseModel.php(563): CodeIgniter\Model->doFind(false, NULL)
#6 /home/freelance/public_html/digitalflow/app/Controllers/AllReports.php(70): CodeIgniter\BaseModel->find()
#7 /home/freelance/public_html/digitalflow/system/CodeIgniter.php(942): App\Controllers\AllReports->index()
#8 /home/freelance/public_html/digitalflow/system/CodeIgniter.php(502): CodeIgniter\CodeIgniter->runController(Object(App\Controllers\AllReports))
#9 /home/freelance/public_html/digitalflow/system/CodeIgniter.php(361): CodeIgniter\CodeIgniter->handleRequest(NULL, Object(Config\Cache), false)
#10 /home/freelance/public_html/digitalflow/index.php(79): CodeIgniter\CodeIgniter->run()
#11 {main}
CRITICAL - 2024-05-08 06:57:30 --> You have an error in your SQL syntax; check the manual that corresponds to your MySQL server version for the right syntax to use near '`IN` = '(\'1\',\'1234test\')'
ORDER BY `emp_company_ref_id` ASC' at line 4
in SYSTEMPATH/Database/BaseConnection.php on line 647.
 1 SYSTEMPATH/Database/BaseBuilder.php(1615): CodeIgniter\Database\BaseConnection->query('SELECT *
FROM `personal_info`
WHERE `emp_deleted_on` IS NULL
AND `emp_company_ref_id` `IN` = :emp_company_ref_id IN:
ORDER BY `emp_company_ref_id` ASC', [...], false)
 2 SYSTEMPATH/Model.php(199): CodeIgniter\Database\BaseBuilder->get()
 3 SYSTEMPATH/BaseModel.php(563): CodeIgniter\Model->doFind(false, null)
 4 APPPATH/Controllers/AllReports.php(70): CodeIgniter\BaseModel->find()
 5 SYSTEMPATH/CodeIgniter.php(942): App\Controllers\AllReports->index()
 6 SYSTEMPATH/CodeIgniter.php(502): CodeIgniter\CodeIgniter->runController(Object(App\Controllers\AllReports))
 7 SYSTEMPATH/CodeIgniter.php(361): CodeIgniter\CodeIgniter->handleRequest(null, Object(Config\Cache), false)
 8 FCPATH/index.php(79): CodeIgniter\CodeIgniter->run()
ERROR - 2024-05-08 06:57:40 --> mysqli_sql_exception: You have an error in your SQL syntax; check the manual that corresponds to your MySQL server version for the right syntax to use near '`IN` = '(\'1\',\'1234test\')'
ORDER BY `emp_company_ref_id` ASC' at line 4 in /home/freelance/public_html/digitalflow/system/Database/MySQLi/Connection.php:306
Stack trace:
#0 /home/freelance/public_html/digitalflow/system/Database/MySQLi/Connection.php(306): mysqli->query('SELECT *\nFROM `...', 0)
#1 /home/freelance/public_html/digitalflow/system/Database/BaseConnection.php(693): CodeIgniter\Database\MySQLi\Connection->execute('SELECT *\nFROM `...')
#2 /home/freelance/public_html/digitalflow/system/Database/BaseConnection.php(607): CodeIgniter\Database\BaseConnection->simpleQuery('SELECT *\nFROM `...')
#3 /home/freelance/public_html/digitalflow/system/Database/BaseBuilder.php(1615): CodeIgniter\Database\BaseConnection->query('SELECT *\nFROM `...', Array, false)
#4 /home/freelance/public_html/digitalflow/system/Model.php(199): CodeIgniter\Database\BaseBuilder->get()
#5 /home/freelance/public_html/digitalflow/system/BaseModel.php(563): CodeIgniter\Model->doFind(false, NULL)
#6 /home/freelance/public_html/digitalflow/app/Controllers/AllReports.php(70): CodeIgniter\BaseModel->find()
#7 /home/freelance/public_html/digitalflow/system/CodeIgniter.php(942): App\Controllers\AllReports->index()
#8 /home/freelance/public_html/digitalflow/system/CodeIgniter.php(502): CodeIgniter\CodeIgniter->runController(Object(App\Controllers\AllReports))
#9 /home/freelance/public_html/digitalflow/system/CodeIgniter.php(361): CodeIgniter\CodeIgniter->handleRequest(NULL, Object(Config\Cache), false)
#10 /home/freelance/public_html/digitalflow/index.php(79): CodeIgniter\CodeIgniter->run()
#11 {main}
CRITICAL - 2024-05-08 06:57:40 --> You have an error in your SQL syntax; check the manual that corresponds to your MySQL server version for the right syntax to use near '`IN` = '(\'1\',\'1234test\')'
ORDER BY `emp_company_ref_id` ASC' at line 4
in SYSTEMPATH/Database/BaseConnection.php on line 647.
 1 SYSTEMPATH/Database/BaseBuilder.php(1615): CodeIgniter\Database\BaseConnection->query('SELECT *
FROM `personal_info`
WHERE `emp_deleted_on` IS NULL
AND `emp_company_ref_id` `IN` = :emp_company_ref_id IN:
ORDER BY `emp_company_ref_id` ASC', [...], false)
 2 SYSTEMPATH/Model.php(199): CodeIgniter\Database\BaseBuilder->get()
 3 SYSTEMPATH/BaseModel.php(563): CodeIgniter\Model->doFind(false, null)
 4 APPPATH/Controllers/AllReports.php(70): CodeIgniter\BaseModel->find()
 5 SYSTEMPATH/CodeIgniter.php(942): App\Controllers\AllReports->index()
 6 SYSTEMPATH/CodeIgniter.php(502): CodeIgniter\CodeIgniter->runController(Object(App\Controllers\AllReports))
 7 SYSTEMPATH/CodeIgniter.php(361): CodeIgniter\CodeIgniter->handleRequest(null, Object(Config\Cache), false)
 8 FCPATH/index.php(79): CodeIgniter\CodeIgniter->run()
ERROR - 2024-05-08 06:57:50 --> mysqli_sql_exception: You have an error in your SQL syntax; check the manual that corresponds to your MySQL server version for the right syntax to use near '`IN` = '(\'1\',\'1234test\')'
ORDER BY `emp_company_ref_id` ASC' at line 4 in /home/freelance/public_html/digitalflow/system/Database/MySQLi/Connection.php:306
Stack trace:
#0 /home/freelance/public_html/digitalflow/system/Database/MySQLi/Connection.php(306): mysqli->query('SELECT *\nFROM `...', 0)
#1 /home/freelance/public_html/digitalflow/system/Database/BaseConnection.php(693): CodeIgniter\Database\MySQLi\Connection->execute('SELECT *\nFROM `...')
#2 /home/freelance/public_html/digitalflow/system/Database/BaseConnection.php(607): CodeIgniter\Database\BaseConnection->simpleQuery('SELECT *\nFROM `...')
#3 /home/freelance/public_html/digitalflow/system/Database/BaseBuilder.php(1615): CodeIgniter\Database\BaseConnection->query('SELECT *\nFROM `...', Array, false)
#4 /home/freelance/public_html/digitalflow/system/Model.php(199): CodeIgniter\Database\BaseBuilder->get()
#5 /home/freelance/public_html/digitalflow/system/BaseModel.php(563): CodeIgniter\Model->doFind(false, NULL)
#6 /home/freelance/public_html/digitalflow/app/Controllers/AllReports.php(70): CodeIgniter\BaseModel->find()
#7 /home/freelance/public_html/digitalflow/system/CodeIgniter.php(942): App\Controllers\AllReports->index()
#8 /home/freelance/public_html/digitalflow/system/CodeIgniter.php(502): CodeIgniter\CodeIgniter->runController(Object(App\Controllers\AllReports))
#9 /home/freelance/public_html/digitalflow/system/CodeIgniter.php(361): CodeIgniter\CodeIgniter->handleRequest(NULL, Object(Config\Cache), false)
#10 /home/freelance/public_html/digitalflow/index.php(79): CodeIgniter\CodeIgniter->run()
#11 {main}
CRITICAL - 2024-05-08 06:57:50 --> You have an error in your SQL syntax; check the manual that corresponds to your MySQL server version for the right syntax to use near '`IN` = '(\'1\',\'1234test\')'
ORDER BY `emp_company_ref_id` ASC' at line 4
in SYSTEMPATH/Database/BaseConnection.php on line 647.
 1 SYSTEMPATH/Database/BaseBuilder.php(1615): CodeIgniter\Database\BaseConnection->query('SELECT *
FROM `personal_info`
WHERE `emp_deleted_on` IS NULL
AND `emp_company_ref_id` `IN` = :emp_company_ref_id IN:
ORDER BY `emp_company_ref_id` ASC', [...], false)
 2 SYSTEMPATH/Model.php(199): CodeIgniter\Database\BaseBuilder->get()
 3 SYSTEMPATH/BaseModel.php(563): CodeIgniter\Model->doFind(false, null)
 4 APPPATH/Controllers/AllReports.php(70): CodeIgniter\BaseModel->find()
 5 SYSTEMPATH/CodeIgniter.php(942): App\Controllers\AllReports->index()
 6 SYSTEMPATH/CodeIgniter.php(502): CodeIgniter\CodeIgniter->runController(Object(App\Controllers\AllReports))
 7 SYSTEMPATH/CodeIgniter.php(361): CodeIgniter\CodeIgniter->handleRequest(null, Object(Config\Cache), false)
 8 FCPATH/index.php(79): CodeIgniter\CodeIgniter->run()
CRITICAL - 2024-05-08 08:37:33 --> Unsupported operand types: null + string
in APPPATH/Views/allreports/index.php on line 162.
 1 SYSTEMPATH/View/View.php(228): include()
 2 SYSTEMPATH/View/View.php(231): CodeIgniter\View\View->CodeIgniter\View\{closure}()
 3 SYSTEMPATH/Common.php(1190): CodeIgniter\View\View->render('allreports/index', [], true)
 4 APPPATH/Controllers/AllReports.php(112): view('allreports/index', [...])
 5 SYSTEMPATH/CodeIgniter.php(942): App\Controllers\AllReports->index()
 6 SYSTEMPATH/CodeIgniter.php(502): CodeIgniter\CodeIgniter->runController(Object(App\Controllers\AllReports))
 7 SYSTEMPATH/CodeIgniter.php(361): CodeIgniter\CodeIgniter->handleRequest(null, Object(Config\Cache), false)
 8 FCPATH/index.php(79): CodeIgniter\CodeIgniter->run()
CRITICAL - 2024-05-08 08:38:16 --> Unsupported operand types: null + string
in APPPATH/Views/allreports/index.php on line 162.
 1 SYSTEMPATH/View/View.php(228): include()
 2 SYSTEMPATH/View/View.php(231): CodeIgniter\View\View->CodeIgniter\View\{closure}()
 3 SYSTEMPATH/Common.php(1190): CodeIgniter\View\View->render('allreports/index', [], true)
 4 APPPATH/Controllers/AllReports.php(112): view('allreports/index', [...])
 5 SYSTEMPATH/CodeIgniter.php(942): App\Controllers\AllReports->index()
 6 SYSTEMPATH/CodeIgniter.php(502): CodeIgniter\CodeIgniter->runController(Object(App\Controllers\AllReports))
 7 SYSTEMPATH/CodeIgniter.php(361): CodeIgniter\CodeIgniter->handleRequest(null, Object(Config\Cache), false)
 8 FCPATH/index.php(79): CodeIgniter\CodeIgniter->run()
CRITICAL - 2024-05-08 08:38:26 --> Unsupported operand types: null + string
in APPPATH/Views/allreports/index.php on line 162.
 1 SYSTEMPATH/View/View.php(228): include()
 2 SYSTEMPATH/View/View.php(231): CodeIgniter\View\View->CodeIgniter\View\{closure}()
 3 SYSTEMPATH/Common.php(1190): CodeIgniter\View\View->render('allreports/index', [], true)
 4 APPPATH/Controllers/AllReports.php(112): view('allreports/index', [...])
 5 SYSTEMPATH/CodeIgniter.php(942): App\Controllers\AllReports->index()
 6 SYSTEMPATH/CodeIgniter.php(502): CodeIgniter\CodeIgniter->runController(Object(App\Controllers\AllReports))
 7 SYSTEMPATH/CodeIgniter.php(361): CodeIgniter\CodeIgniter->handleRequest(null, Object(Config\Cache), false)
 8 FCPATH/index.php(79): CodeIgniter\CodeIgniter->run()
CRITICAL - 2024-05-08 08:38:29 --> Unsupported operand types: null + string
in APPPATH/Views/allreports/index.php on line 162.
 1 SYSTEMPATH/View/View.php(228): include()
 2 SYSTEMPATH/View/View.php(231): CodeIgniter\View\View->CodeIgniter\View\{closure}()
 3 SYSTEMPATH/Common.php(1190): CodeIgniter\View\View->render('allreports/index', [], true)
 4 APPPATH/Controllers/AllReports.php(112): view('allreports/index', [...])
 5 SYSTEMPATH/CodeIgniter.php(942): App\Controllers\AllReports->index()
 6 SYSTEMPATH/CodeIgniter.php(502): CodeIgniter\CodeIgniter->runController(Object(App\Controllers\AllReports))
 7 SYSTEMPATH/CodeIgniter.php(361): CodeIgniter\CodeIgniter->handleRequest(null, Object(Config\Cache), false)
 8 FCPATH/index.php(79): CodeIgniter\CodeIgniter->run()
CRITICAL - 2024-05-08 08:39:37 --> Unsupported operand types: null + string
in APPPATH/Views/allreports/index.php on line 162.
 1 SYSTEMPATH/View/View.php(228): include()
 2 SYSTEMPATH/View/View.php(231): CodeIgniter\View\View->CodeIgniter\View\{closure}()
 3 SYSTEMPATH/Common.php(1190): CodeIgniter\View\View->render('allreports/index', [], true)
 4 APPPATH/Controllers/AllReports.php(112): view('allreports/index', [...])
 5 SYSTEMPATH/CodeIgniter.php(942): App\Controllers\AllReports->index()
 6 SYSTEMPATH/CodeIgniter.php(502): CodeIgniter\CodeIgniter->runController(Object(App\Controllers\AllReports))
 7 SYSTEMPATH/CodeIgniter.php(361): CodeIgniter\CodeIgniter->handleRequest(null, Object(Config\Cache), false)
 8 FCPATH/index.php(79): CodeIgniter\CodeIgniter->run()
CRITICAL - 2024-05-08 08:39:56 --> Unsupported operand types: null + string
in APPPATH/Views/allreports/index.php on line 162.
 1 SYSTEMPATH/View/View.php(228): include()
 2 SYSTEMPATH/View/View.php(231): CodeIgniter\View\View->CodeIgniter\View\{closure}()
 3 SYSTEMPATH/Common.php(1190): CodeIgniter\View\View->render('allreports/index', [], true)
 4 APPPATH/Controllers/AllReports.php(112): view('allreports/index', [...])
 5 SYSTEMPATH/CodeIgniter.php(942): App\Controllers\AllReports->index()
 6 SYSTEMPATH/CodeIgniter.php(502): CodeIgniter\CodeIgniter->runController(Object(App\Controllers\AllReports))
 7 SYSTEMPATH/CodeIgniter.php(361): CodeIgniter\CodeIgniter->handleRequest(null, Object(Config\Cache), false)
 8 FCPATH/index.php(79): CodeIgniter\CodeIgniter->run()
CRITICAL - 2024-05-08 08:40:14 --> Unsupported operand types: null + string
in APPPATH/Views/allreports/index.php on line 162.
 1 SYSTEMPATH/View/View.php(228): include()
 2 SYSTEMPATH/View/View.php(231): CodeIgniter\View\View->CodeIgniter\View\{closure}()
 3 SYSTEMPATH/Common.php(1190): CodeIgniter\View\View->render('allreports/index', [], true)
 4 APPPATH/Controllers/AllReports.php(112): view('allreports/index', [...])
 5 SYSTEMPATH/CodeIgniter.php(942): App\Controllers\AllReports->index()
 6 SYSTEMPATH/CodeIgniter.php(502): CodeIgniter\CodeIgniter->runController(Object(App\Controllers\AllReports))
 7 SYSTEMPATH/CodeIgniter.php(361): CodeIgniter\CodeIgniter->handleRequest(null, Object(Config\Cache), false)
 8 FCPATH/index.php(79): CodeIgniter\CodeIgniter->run()
CRITICAL - 2024-05-08 08:40:16 --> Unsupported operand types: null + string
in APPPATH/Views/allreports/index.php on line 162.
 1 SYSTEMPATH/View/View.php(228): include()
 2 SYSTEMPATH/View/View.php(231): CodeIgniter\View\View->CodeIgniter\View\{closure}()
 3 SYSTEMPATH/Common.php(1190): CodeIgniter\View\View->render('allreports/index', [], true)
 4 APPPATH/Controllers/AllReports.php(112): view('allreports/index', [...])
 5 SYSTEMPATH/CodeIgniter.php(942): App\Controllers\AllReports->index()
 6 SYSTEMPATH/CodeIgniter.php(502): CodeIgniter\CodeIgniter->runController(Object(App\Controllers\AllReports))
 7 SYSTEMPATH/CodeIgniter.php(361): CodeIgniter\CodeIgniter->handleRequest(null, Object(Config\Cache), false)
 8 FCPATH/index.php(79): CodeIgniter\CodeIgniter->run()
CRITICAL - 2024-05-08 08:40:42 --> Unsupported operand types: null + string
in APPPATH/Views/allreports/index.php on line 162.
 1 SYSTEMPATH/View/View.php(228): include()
 2 SYSTEMPATH/View/View.php(231): CodeIgniter\View\View->CodeIgniter\View\{closure}()
 3 SYSTEMPATH/Common.php(1190): CodeIgniter\View\View->render('allreports/index', [], true)
 4 APPPATH/Controllers/AllReports.php(112): view('allreports/index', [...])
 5 SYSTEMPATH/CodeIgniter.php(942): App\Controllers\AllReports->index()
 6 SYSTEMPATH/CodeIgniter.php(502): CodeIgniter\CodeIgniter->runController(Object(App\Controllers\AllReports))
 7 SYSTEMPATH/CodeIgniter.php(361): CodeIgniter\CodeIgniter->handleRequest(null, Object(Config\Cache), false)
 8 FCPATH/index.php(79): CodeIgniter\CodeIgniter->run()
CRITICAL - 2024-05-08 08:40:45 --> Unsupported operand types: null + string
in APPPATH/Views/allreports/index.php on line 162.
 1 SYSTEMPATH/View/View.php(228): include()
 2 SYSTEMPATH/View/View.php(231): CodeIgniter\View\View->CodeIgniter\View\{closure}()
 3 SYSTEMPATH/Common.php(1190): CodeIgniter\View\View->render('allreports/index', [], true)
 4 APPPATH/Controllers/AllReports.php(112): view('allreports/index', [...])
 5 SYSTEMPATH/CodeIgniter.php(942): App\Controllers\AllReports->index()
 6 SYSTEMPATH/CodeIgniter.php(502): CodeIgniter\CodeIgniter->runController(Object(App\Controllers\AllReports))
 7 SYSTEMPATH/CodeIgniter.php(361): CodeIgniter\CodeIgniter->handleRequest(null, Object(Config\Cache), false)
 8 FCPATH/index.php(79): CodeIgniter\CodeIgniter->run()
CRITICAL - 2024-05-08 09:07:49 --> Unsupported operand types: null + string
in APPPATH/Views/allreports/index.php on line 162.
 1 SYSTEMPATH/View/View.php(228): include()
 2 SYSTEMPATH/View/View.php(231): CodeIgniter\View\View->CodeIgniter\View\{closure}()
 3 SYSTEMPATH/Common.php(1190): CodeIgniter\View\View->render('allreports/index', [], true)
 4 APPPATH/Controllers/AllReports.php(112): view('allreports/index', [...])
 5 SYSTEMPATH/CodeIgniter.php(942): App\Controllers\AllReports->index()
 6 SYSTEMPATH/CodeIgniter.php(502): CodeIgniter\CodeIgniter->runController(Object(App\Controllers\AllReports))
 7 SYSTEMPATH/CodeIgniter.php(361): CodeIgniter\CodeIgniter->handleRequest(null, Object(Config\Cache), false)
 8 FCPATH/index.php(79): CodeIgniter\CodeIgniter->run()
CRITICAL - 2024-05-08 09:08:06 --> Unsupported operand types: null + string
in APPPATH/Views/allreports/index.php on line 162.
 1 SYSTEMPATH/View/View.php(228): include()
 2 SYSTEMPATH/View/View.php(231): CodeIgniter\View\View->CodeIgniter\View\{closure}()
 3 SYSTEMPATH/Common.php(1190): CodeIgniter\View\View->render('allreports/index', [], true)
 4 APPPATH/Controllers/AllReports.php(112): view('allreports/index', [...])
 5 SYSTEMPATH/CodeIgniter.php(942): App\Controllers\AllReports->index()
 6 SYSTEMPATH/CodeIgniter.php(502): CodeIgniter\CodeIgniter->runController(Object(App\Controllers\AllReports))
 7 SYSTEMPATH/CodeIgniter.php(361): CodeIgniter\CodeIgniter->handleRequest(null, Object(Config\Cache), false)
 8 FCPATH/index.php(79): CodeIgniter\CodeIgniter->run()
CRITICAL - 2024-05-08 09:08:17 --> Unsupported operand types: null + string
in APPPATH/Views/allreports/index.php on line 162.
 1 SYSTEMPATH/View/View.php(228): include()
 2 SYSTEMPATH/View/View.php(231): CodeIgniter\View\View->CodeIgniter\View\{closure}()
 3 SYSTEMPATH/Common.php(1190): CodeIgniter\View\View->render('allreports/index', [], true)
 4 APPPATH/Controllers/AllReports.php(112): view('allreports/index', [...])
 5 SYSTEMPATH/CodeIgniter.php(942): App\Controllers\AllReports->index()
 6 SYSTEMPATH/CodeIgniter.php(502): CodeIgniter\CodeIgniter->runController(Object(App\Controllers\AllReports))
 7 SYSTEMPATH/CodeIgniter.php(361): CodeIgniter\CodeIgniter->handleRequest(null, Object(Config\Cache), false)
 8 FCPATH/index.php(79): CodeIgniter\CodeIgniter->run()
CRITICAL - 2024-05-08 09:09:48 --> Unsupported operand types: null + string
in APPPATH/Views/allreports/index.php on line 171.
 1 SYSTEMPATH/View/View.php(228): include()
 2 SYSTEMPATH/View/View.php(231): CodeIgniter\View\View->CodeIgniter\View\{closure}()
 3 SYSTEMPATH/Common.php(1190): CodeIgniter\View\View->render('allreports/index', [], true)
 4 APPPATH/Controllers/AllReports.php(112): view('allreports/index', [...])
 5 SYSTEMPATH/CodeIgniter.php(942): App\Controllers\AllReports->index()
 6 SYSTEMPATH/CodeIgniter.php(502): CodeIgniter\CodeIgniter->runController(Object(App\Controllers\AllReports))
 7 SYSTEMPATH/CodeIgniter.php(361): CodeIgniter\CodeIgniter->handleRequest(null, Object(Config\Cache), false)
 8 FCPATH/index.php(79): CodeIgniter\CodeIgniter->run()
CRITICAL - 2024-05-08 09:10:15 --> Unsupported operand types: null + string
in APPPATH/Views/allreports/index.php on line 171.
 1 SYSTEMPATH/View/View.php(228): include()
 2 SYSTEMPATH/View/View.php(231): CodeIgniter\View\View->CodeIgniter\View\{closure}()
 3 SYSTEMPATH/Common.php(1190): CodeIgniter\View\View->render('allreports/index', [], true)
 4 APPPATH/Controllers/AllReports.php(112): view('allreports/index', [...])
 5 SYSTEMPATH/CodeIgniter.php(942): App\Controllers\AllReports->index()
 6 SYSTEMPATH/CodeIgniter.php(502): CodeIgniter\CodeIgniter->runController(Object(App\Controllers\AllReports))
 7 SYSTEMPATH/CodeIgniter.php(361): CodeIgniter\CodeIgniter->handleRequest(null, Object(Config\Cache), false)
 8 FCPATH/index.php(79): CodeIgniter\CodeIgniter->run()
CRITICAL - 2024-05-08 09:10:56 --> Unsupported operand types: null + string
in APPPATH/Views/allreports/index.php on line 171.
 1 SYSTEMPATH/View/View.php(228): include()
 2 SYSTEMPATH/View/View.php(231): CodeIgniter\View\View->CodeIgniter\View\{closure}()
 3 SYSTEMPATH/Common.php(1190): CodeIgniter\View\View->render('allreports/index', [], true)
 4 APPPATH/Controllers/AllReports.php(112): view('allreports/index', [...])
 5 SYSTEMPATH/CodeIgniter.php(942): App\Controllers\AllReports->index()
 6 SYSTEMPATH/CodeIgniter.php(502): CodeIgniter\CodeIgniter->runController(Object(App\Controllers\AllReports))
 7 SYSTEMPATH/CodeIgniter.php(361): CodeIgniter\CodeIgniter->handleRequest(null, Object(Config\Cache), false)
 8 FCPATH/index.php(79): CodeIgniter\CodeIgniter->run()
CRITICAL - 2024-05-08 09:11:09 --> Unsupported operand types: null + string
in APPPATH/Views/allreports/index.php on line 171.
 1 SYSTEMPATH/View/View.php(228): include()
 2 SYSTEMPATH/View/View.php(231): CodeIgniter\View\View->CodeIgniter\View\{closure}()
 3 SYSTEMPATH/Common.php(1190): CodeIgniter\View\View->render('allreports/index', [], true)
 4 APPPATH/Controllers/AllReports.php(112): view('allreports/index', [...])
 5 SYSTEMPATH/CodeIgniter.php(942): App\Controllers\AllReports->index()
 6 SYSTEMPATH/CodeIgniter.php(502): CodeIgniter\CodeIgniter->runController(Object(App\Controllers\AllReports))
 7 SYSTEMPATH/CodeIgniter.php(361): CodeIgniter\CodeIgniter->handleRequest(null, Object(Config\Cache), false)
 8 FCPATH/index.php(79): CodeIgniter\CodeIgniter->run()
CRITICAL - 2024-05-08 09:11:24 --> Unsupported operand types: null + string
in APPPATH/Views/allreports/index.php on line 171.
 1 SYSTEMPATH/View/View.php(228): include()
 2 SYSTEMPATH/View/View.php(231): CodeIgniter\View\View->CodeIgniter\View\{closure}()
 3 SYSTEMPATH/Common.php(1190): CodeIgniter\View\View->render('allreports/index', [], true)
 4 APPPATH/Controllers/AllReports.php(112): view('allreports/index', [...])
 5 SYSTEMPATH/CodeIgniter.php(942): App\Controllers\AllReports->index()
 6 SYSTEMPATH/CodeIgniter.php(502): CodeIgniter\CodeIgniter->runController(Object(App\Controllers\AllReports))
 7 SYSTEMPATH/CodeIgniter.php(361): CodeIgniter\CodeIgniter->handleRequest(null, Object(Config\Cache), false)
 8 FCPATH/index.php(79): CodeIgniter\CodeIgniter->run()
CRITICAL - 2024-05-08 09:13:20 --> Unsupported operand types: null + string
in APPPATH/Views/allreports/index.php on line 171.
 1 SYSTEMPATH/View/View.php(228): include()
 2 SYSTEMPATH/View/View.php(231): CodeIgniter\View\View->CodeIgniter\View\{closure}()
 3 SYSTEMPATH/Common.php(1190): CodeIgniter\View\View->render('allreports/index', [], true)
 4 APPPATH/Controllers/AllReports.php(112): view('allreports/index', [...])
 5 SYSTEMPATH/CodeIgniter.php(942): App\Controllers\AllReports->index()
 6 SYSTEMPATH/CodeIgniter.php(502): CodeIgniter\CodeIgniter->runController(Object(App\Controllers\AllReports))
 7 SYSTEMPATH/CodeIgniter.php(361): CodeIgniter\CodeIgniter->handleRequest(null, Object(Config\Cache), false)
 8 FCPATH/index.php(79): CodeIgniter\CodeIgniter->run()
CRITICAL - 2024-05-08 09:14:14 --> Unmatched '}'
in APPPATH/Views/allreports/index.php on line 198.
 1 SYSTEMPATH/View/View.php(231): CodeIgniter\View\View->CodeIgniter\View\{closure}()
 2 SYSTEMPATH/Common.php(1190): CodeIgniter\View\View->render('allreports/index', [], true)
 3 APPPATH/Controllers/AllReports.php(112): view('allreports/index', [...])
 4 SYSTEMPATH/CodeIgniter.php(942): App\Controllers\AllReports->index()
 5 SYSTEMPATH/CodeIgniter.php(502): CodeIgniter\CodeIgniter->runController(Object(App\Controllers\AllReports))
 6 SYSTEMPATH/CodeIgniter.php(361): CodeIgniter\CodeIgniter->handleRequest(null, Object(Config\Cache), false)
 7 FCPATH/index.php(79): CodeIgniter\CodeIgniter->run()
CRITICAL - 2024-05-08 09:14:16 --> Unmatched '}'
in APPPATH/Views/allreports/index.php on line 198.
 1 SYSTEMPATH/View/View.php(231): CodeIgniter\View\View->CodeIgniter\View\{closure}()
 2 SYSTEMPATH/Common.php(1190): CodeIgniter\View\View->render('allreports/index', [], true)
 3 APPPATH/Controllers/AllReports.php(112): view('allreports/index', [...])
 4 SYSTEMPATH/CodeIgniter.php(942): App\Controllers\AllReports->index()
 5 SYSTEMPATH/CodeIgniter.php(502): CodeIgniter\CodeIgniter->runController(Object(App\Controllers\AllReports))
 6 SYSTEMPATH/CodeIgniter.php(361): CodeIgniter\CodeIgniter->handleRequest(null, Object(Config\Cache), false)
 7 FCPATH/index.php(79): CodeIgniter\CodeIgniter->run()
CRITICAL - 2024-05-08 09:14:37 --> Unmatched '}'
in APPPATH/Views/allreports/index.php on line 198.
 1 SYSTEMPATH/View/View.php(231): CodeIgniter\View\View->CodeIgniter\View\{closure}()
 2 SYSTEMPATH/Common.php(1190): CodeIgniter\View\View->render('allreports/index', [], true)
 3 APPPATH/Controllers/AllReports.php(112): view('allreports/index', [...])
 4 SYSTEMPATH/CodeIgniter.php(942): App\Controllers\AllReports->index()
 5 SYSTEMPATH/CodeIgniter.php(502): CodeIgniter\CodeIgniter->runController(Object(App\Controllers\AllReports))
 6 SYSTEMPATH/CodeIgniter.php(361): CodeIgniter\CodeIgniter->handleRequest(null, Object(Config\Cache), false)
 7 FCPATH/index.php(79): CodeIgniter\CodeIgniter->run()
CRITICAL - 2024-05-08 09:14:43 --> Unmatched '}'
in APPPATH/Views/allreports/index.php on line 198.
 1 SYSTEMPATH/View/View.php(231): CodeIgniter\View\View->CodeIgniter\View\{closure}()
 2 SYSTEMPATH/Common.php(1190): CodeIgniter\View\View->render('allreports/index', [], true)
 3 APPPATH/Controllers/AllReports.php(112): view('allreports/index', [...])
 4 SYSTEMPATH/CodeIgniter.php(942): App\Controllers\AllReports->index()
 5 SYSTEMPATH/CodeIgniter.php(502): CodeIgniter\CodeIgniter->runController(Object(App\Controllers\AllReports))
 6 SYSTEMPATH/CodeIgniter.php(361): CodeIgniter\CodeIgniter->handleRequest(null, Object(Config\Cache), false)
 7 FCPATH/index.php(79): CodeIgniter\CodeIgniter->run()
CRITICAL - 2024-05-08 09:15:34 --> Unsupported operand types: null + string
in APPPATH/Views/allreports/index.php on line 171.
 1 SYSTEMPATH/View/View.php(228): include()
 2 SYSTEMPATH/View/View.php(231): CodeIgniter\View\View->CodeIgniter\View\{closure}()
 3 SYSTEMPATH/Common.php(1190): CodeIgniter\View\View->render('allreports/index', [], true)
 4 APPPATH/Controllers/AllReports.php(112): view('allreports/index', [...])
 5 SYSTEMPATH/CodeIgniter.php(942): App\Controllers\AllReports->index()
 6 SYSTEMPATH/CodeIgniter.php(502): CodeIgniter\CodeIgniter->runController(Object(App\Controllers\AllReports))
 7 SYSTEMPATH/CodeIgniter.php(361): CodeIgniter\CodeIgniter->handleRequest(null, Object(Config\Cache), false)
 8 FCPATH/index.php(79): CodeIgniter\CodeIgniter->run()
CRITICAL - 2024-05-08 09:15:53 --> Unsupported operand types: null + string
in APPPATH/Views/allreports/index.php on line 171.
 1 SYSTEMPATH/View/View.php(228): include()
 2 SYSTEMPATH/View/View.php(231): CodeIgniter\View\View->CodeIgniter\View\{closure}()
 3 SYSTEMPATH/Common.php(1190): CodeIgniter\View\View->render('allreports/index', [], true)
 4 APPPATH/Controllers/AllReports.php(112): view('allreports/index', [...])
 5 SYSTEMPATH/CodeIgniter.php(942): App\Controllers\AllReports->index()
 6 SYSTEMPATH/CodeIgniter.php(502): CodeIgniter\CodeIgniter->runController(Object(App\Controllers\AllReports))
 7 SYSTEMPATH/CodeIgniter.php(361): CodeIgniter\CodeIgniter->handleRequest(null, Object(Config\Cache), false)
 8 FCPATH/index.php(79): CodeIgniter\CodeIgniter->run()
CRITICAL - 2024-05-08 09:20:59 --> Unsupported operand types: null + string
in APPPATH/Views/allreports/index.php on line 170.
 1 SYSTEMPATH/View/View.php(228): include()
 2 SYSTEMPATH/View/View.php(231): CodeIgniter\View\View->CodeIgniter\View\{closure}()
 3 SYSTEMPATH/Common.php(1190): CodeIgniter\View\View->render('allreports/index', [], true)
 4 APPPATH/Controllers/AllReports.php(112): view('allreports/index', [...])
 5 SYSTEMPATH/CodeIgniter.php(942): App\Controllers\AllReports->index()
 6 SYSTEMPATH/CodeIgniter.php(502): CodeIgniter\CodeIgniter->runController(Object(App\Controllers\AllReports))
 7 SYSTEMPATH/CodeIgniter.php(361): CodeIgniter\CodeIgniter->handleRequest(null, Object(Config\Cache), false)
 8 FCPATH/index.php(79): CodeIgniter\CodeIgniter->run()
CRITICAL - 2024-05-08 09:21:36 --> Unsupported operand types: null + string
in APPPATH/Views/allreports/index.php on line 161.
 1 SYSTEMPATH/View/View.php(228): include()
 2 SYSTEMPATH/View/View.php(231): CodeIgniter\View\View->CodeIgniter\View\{closure}()
 3 SYSTEMPATH/Common.php(1190): CodeIgniter\View\View->render('allreports/index', [], true)
 4 APPPATH/Controllers/AllReports.php(112): view('allreports/index', [...])
 5 SYSTEMPATH/CodeIgniter.php(942): App\Controllers\AllReports->index()
 6 SYSTEMPATH/CodeIgniter.php(502): CodeIgniter\CodeIgniter->runController(Object(App\Controllers\AllReports))
 7 SYSTEMPATH/CodeIgniter.php(361): CodeIgniter\CodeIgniter->handleRequest(null, Object(Config\Cache), false)
 8 FCPATH/index.php(79): CodeIgniter\CodeIgniter->run()
CRITICAL - 2024-05-08 09:23:00 --> Unsupported operand types: null + string
in APPPATH/Views/allreports/index.php on line 163.
 1 SYSTEMPATH/View/View.php(228): include()
 2 SYSTEMPATH/View/View.php(231): CodeIgniter\View\View->CodeIgniter\View\{closure}()
 3 SYSTEMPATH/Common.php(1190): CodeIgniter\View\View->render('allreports/index', [], true)
 4 APPPATH/Controllers/AllReports.php(112): view('allreports/index', [...])
 5 SYSTEMPATH/CodeIgniter.php(942): App\Controllers\AllReports->index()
 6 SYSTEMPATH/CodeIgniter.php(502): CodeIgniter\CodeIgniter->runController(Object(App\Controllers\AllReports))
 7 SYSTEMPATH/CodeIgniter.php(361): CodeIgniter\CodeIgniter->handleRequest(null, Object(Config\Cache), false)
 8 FCPATH/index.php(79): CodeIgniter\CodeIgniter->run()
