ERROR - 2024-05-07 07:15:16 --> mysqli_sql_exception: Unknown column 'id' in 'order clause' in /home/freelance/public_html/digitalflow/system/Database/MySQLi/Connection.php:306
Stack trace:
#0 /home/freelance/public_html/digitalflow/system/Database/MySQLi/Connection.php(306): mysqli->query('SELECT *\nFROM `...', 0)
#1 /home/freelance/public_html/digitalflow/system/Database/BaseConnection.php(693): CodeIgniter\Database\MySQLi\Connection->execute('SELECT *\nFROM `...')
#2 /home/freelance/public_html/digitalflow/system/Database/BaseConnection.php(607): CodeIgniter\Database\BaseConnection->simpleQuery('SELECT *\nFROM `...')
#3 /home/freelance/public_html/digitalflow/system/Database/BaseBuilder.php(1615): CodeIgniter\Database\BaseConnection->query('SELECT *\nFROM `...', Array, false)
#4 /home/freelance/public_html/digitalflow/system/Model.php(199): CodeIgniter\Database\BaseBuilder->get()
#5 /home/freelance/public_html/digitalflow/system/BaseModel.php(563): CodeIgniter\Model->doFind(false, NULL)
#6 /home/freelance/public_html/digitalflow/app/Controllers/Reports.php(91): CodeIgniter\BaseModel->find()
#7 /home/freelance/public_html/digitalflow/system/CodeIgniter.php(942): App\Controllers\Reports->reportsdefault()
#8 /home/freelance/public_html/digitalflow/system/CodeIgniter.php(502): CodeIgniter\CodeIgniter->runController(Object(App\Controllers\Reports))
#9 /home/freelance/public_html/digitalflow/system/CodeIgniter.php(361): CodeIgniter\CodeIgniter->handleRequest(NULL, Object(Config\Cache), false)
#10 /home/freelance/public_html/digitalflow/index.php(79): CodeIgniter\CodeIgniter->run()
#11 {main}
CRITICAL - 2024-05-07 07:15:16 --> Unknown column 'id' in 'order clause'
in SYSTEMPATH/Database/BaseConnection.php on line 647.
 1 SYSTEMPATH/Database/BaseBuilder.php(1615): CodeIgniter\Database\BaseConnection->query('SELECT *
FROM `employment_info`
WHERE `employment_deleted_on` IS NULL
AND `emp_id` = :emp_id:
ORDER BY `id` ASC', [...], false)
 2 SYSTEMPATH/Model.php(199): CodeIgniter\Database\BaseBuilder->get()
 3 SYSTEMPATH/BaseModel.php(563): CodeIgniter\Model->doFind(false, null)
 4 APPPATH/Controllers/Reports.php(91): CodeIgniter\BaseModel->find()
 5 SYSTEMPATH/CodeIgniter.php(942): App\Controllers\Reports->reportsdefault()
 6 SYSTEMPATH/CodeIgniter.php(502): CodeIgniter\CodeIgniter->runController(Object(App\Controllers\Reports))
 7 SYSTEMPATH/CodeIgniter.php(361): CodeIgniter\CodeIgniter->handleRequest(null, Object(Config\Cache), false)
 8 FCPATH/index.php(79): CodeIgniter\CodeIgniter->run()
ERROR - 2024-05-07 07:15:52 --> mysqli_sql_exception: Unknown column 'id' in 'order clause' in /home/freelance/public_html/digitalflow/system/Database/MySQLi/Connection.php:306
Stack trace:
#0 /home/freelance/public_html/digitalflow/system/Database/MySQLi/Connection.php(306): mysqli->query('SELECT *\nFROM `...', 0)
#1 /home/freelance/public_html/digitalflow/system/Database/BaseConnection.php(693): CodeIgniter\Database\MySQLi\Connection->execute('SELECT *\nFROM `...')
#2 /home/freelance/public_html/digitalflow/system/Database/BaseConnection.php(607): CodeIgniter\Database\BaseConnection->simpleQuery('SELECT *\nFROM `...')
#3 /home/freelance/public_html/digitalflow/system/Database/BaseBuilder.php(1615): CodeIgniter\Database\BaseConnection->query('SELECT *\nFROM `...', Array, false)
#4 /home/freelance/public_html/digitalflow/system/Model.php(199): CodeIgniter\Database\BaseBuilder->get()
#5 /home/freelance/public_html/digitalflow/system/BaseModel.php(563): CodeIgniter\Model->doFind(false, NULL)
#6 /home/freelance/public_html/digitalflow/app/Controllers/Reports.php(91): CodeIgniter\BaseModel->find()
#7 /home/freelance/public_html/digitalflow/system/CodeIgniter.php(942): App\Controllers\Reports->reportsdefault()
#8 /home/freelance/public_html/digitalflow/system/CodeIgniter.php(502): CodeIgniter\CodeIgniter->runController(Object(App\Controllers\Reports))
#9 /home/freelance/public_html/digitalflow/system/CodeIgniter.php(361): CodeIgniter\CodeIgniter->handleRequest(NULL, Object(Config\Cache), false)
#10 /home/freelance/public_html/digitalflow/index.php(79): CodeIgniter\CodeIgniter->run()
#11 {main}
CRITICAL - 2024-05-07 07:15:52 --> Unknown column 'id' in 'order clause'
in SYSTEMPATH/Database/BaseConnection.php on line 647.
 1 SYSTEMPATH/Database/BaseBuilder.php(1615): CodeIgniter\Database\BaseConnection->query('SELECT *
FROM `employment_info`
WHERE `employment_deleted_on` IS NULL
AND `emp_id` = :emp_id:
ORDER BY `id` ASC', [...], false)
 2 SYSTEMPATH/Model.php(199): CodeIgniter\Database\BaseBuilder->get()
 3 SYSTEMPATH/BaseModel.php(563): CodeIgniter\Model->doFind(false, null)
 4 APPPATH/Controllers/Reports.php(91): CodeIgniter\BaseModel->find()
 5 SYSTEMPATH/CodeIgniter.php(942): App\Controllers\Reports->reportsdefault()
 6 SYSTEMPATH/CodeIgniter.php(502): CodeIgniter\CodeIgniter->runController(Object(App\Controllers\Reports))
 7 SYSTEMPATH/CodeIgniter.php(361): CodeIgniter\CodeIgniter->handleRequest(null, Object(Config\Cache), false)
 8 FCPATH/index.php(79): CodeIgniter\CodeIgniter->run()
ERROR - 2024-05-07 07:16:26 --> mysqli_sql_exception: Unknown column 'id' in 'order clause' in /home/freelance/public_html/digitalflow/system/Database/MySQLi/Connection.php:306
Stack trace:
#0 /home/freelance/public_html/digitalflow/system/Database/MySQLi/Connection.php(306): mysqli->query('SELECT *\nFROM `...', 0)
#1 /home/freelance/public_html/digitalflow/system/Database/BaseConnection.php(693): CodeIgniter\Database\MySQLi\Connection->execute('SELECT *\nFROM `...')
#2 /home/freelance/public_html/digitalflow/system/Database/BaseConnection.php(607): CodeIgniter\Database\BaseConnection->simpleQuery('SELECT *\nFROM `...')
#3 /home/freelance/public_html/digitalflow/system/Database/BaseBuilder.php(1615): CodeIgniter\Database\BaseConnection->query('SELECT *\nFROM `...', Array, false)
#4 /home/freelance/public_html/digitalflow/system/Model.php(199): CodeIgniter\Database\BaseBuilder->get()
#5 /home/freelance/public_html/digitalflow/system/BaseModel.php(563): CodeIgniter\Model->doFind(false, NULL)
#6 /home/freelance/public_html/digitalflow/app/Controllers/Reports.php(91): CodeIgniter\BaseModel->find()
#7 /home/freelance/public_html/digitalflow/system/CodeIgniter.php(942): App\Controllers\Reports->reportsdefault()
#8 /home/freelance/public_html/digitalflow/system/CodeIgniter.php(502): CodeIgniter\CodeIgniter->runController(Object(App\Controllers\Reports))
#9 /home/freelance/public_html/digitalflow/system/CodeIgniter.php(361): CodeIgniter\CodeIgniter->handleRequest(NULL, Object(Config\Cache), false)
#10 /home/freelance/public_html/digitalflow/index.php(79): CodeIgniter\CodeIgniter->run()
#11 {main}
CRITICAL - 2024-05-07 07:16:26 --> Unknown column 'id' in 'order clause'
in SYSTEMPATH/Database/BaseConnection.php on line 647.
 1 SYSTEMPATH/Database/BaseBuilder.php(1615): CodeIgniter\Database\BaseConnection->query('SELECT *
FROM `employment_info`
WHERE `employment_deleted_on` IS NULL
AND `emp_id` = :emp_id:
ORDER BY `id` ASC', [...], false)
 2 SYSTEMPATH/Model.php(199): CodeIgniter\Database\BaseBuilder->get()
 3 SYSTEMPATH/BaseModel.php(563): CodeIgniter\Model->doFind(false, null)
 4 APPPATH/Controllers/Reports.php(91): CodeIgniter\BaseModel->find()
 5 SYSTEMPATH/CodeIgniter.php(942): App\Controllers\Reports->reportsdefault()
 6 SYSTEMPATH/CodeIgniter.php(502): CodeIgniter\CodeIgniter->runController(Object(App\Controllers\Reports))
 7 SYSTEMPATH/CodeIgniter.php(361): CodeIgniter\CodeIgniter->handleRequest(null, Object(Config\Cache), false)
 8 FCPATH/index.php(79): CodeIgniter\CodeIgniter->run()
ERROR - 2024-05-07 07:37:25 --> mysqli_sql_exception: Unknown column 'id' in 'order clause' in /home/freelance/public_html/digitalflow/system/Database/MySQLi/Connection.php:306
Stack trace:
#0 /home/freelance/public_html/digitalflow/system/Database/MySQLi/Connection.php(306): mysqli->query('SELECT *\nFROM `...', 0)
#1 /home/freelance/public_html/digitalflow/system/Database/BaseConnection.php(693): CodeIgniter\Database\MySQLi\Connection->execute('SELECT *\nFROM `...')
#2 /home/freelance/public_html/digitalflow/system/Database/BaseConnection.php(607): CodeIgniter\Database\BaseConnection->simpleQuery('SELECT *\nFROM `...')
#3 /home/freelance/public_html/digitalflow/system/Database/BaseBuilder.php(1615): CodeIgniter\Database\BaseConnection->query('SELECT *\nFROM `...', Array, false)
#4 /home/freelance/public_html/digitalflow/system/Model.php(199): CodeIgniter\Database\BaseBuilder->get()
#5 /home/freelance/public_html/digitalflow/system/BaseModel.php(563): CodeIgniter\Model->doFind(false, NULL)
#6 /home/freelance/public_html/digitalflow/app/Controllers/Reports.php(91): CodeIgniter\BaseModel->find()
#7 /home/freelance/public_html/digitalflow/system/CodeIgniter.php(942): App\Controllers\Reports->reportsdefault()
#8 /home/freelance/public_html/digitalflow/system/CodeIgniter.php(502): CodeIgniter\CodeIgniter->runController(Object(App\Controllers\Reports))
#9 /home/freelance/public_html/digitalflow/system/CodeIgniter.php(361): CodeIgniter\CodeIgniter->handleRequest(NULL, Object(Config\Cache), false)
#10 /home/freelance/public_html/digitalflow/index.php(79): CodeIgniter\CodeIgniter->run()
#11 {main}
CRITICAL - 2024-05-07 07:37:25 --> Unknown column 'id' in 'order clause'
in SYSTEMPATH/Database/BaseConnection.php on line 647.
 1 SYSTEMPATH/Database/BaseBuilder.php(1615): CodeIgniter\Database\BaseConnection->query('SELECT *
FROM `employment_info`
WHERE `employment_deleted_on` IS NULL
AND `emp_id` = :emp_id:
ORDER BY `id` ASC', [...], false)
 2 SYSTEMPATH/Model.php(199): CodeIgniter\Database\BaseBuilder->get()
 3 SYSTEMPATH/BaseModel.php(563): CodeIgniter\Model->doFind(false, null)
 4 APPPATH/Controllers/Reports.php(91): CodeIgniter\BaseModel->find()
 5 SYSTEMPATH/CodeIgniter.php(942): App\Controllers\Reports->reportsdefault()
 6 SYSTEMPATH/CodeIgniter.php(502): CodeIgniter\CodeIgniter->runController(Object(App\Controllers\Reports))
 7 SYSTEMPATH/CodeIgniter.php(361): CodeIgniter\CodeIgniter->handleRequest(null, Object(Config\Cache), false)
 8 FCPATH/index.php(79): CodeIgniter\CodeIgniter->run()
CRITICAL - 2024-05-07 09:47:04 --> Undefined variable $emp_id
in APPPATH/Views/allreports/index.php on line 73.
 1 APPPATH/Views/allreports/index.php(73): CodeIgniter\Debug\Exceptions->errorHandler(2, 'Undefined variable $emp_id', '/home/freelance/public_html/digitalflow/app/Views/allreports/index.php', 73)
 2 SYSTEMPATH/View/View.php(228): include('/home/freelance/public_html/digitalflow/app/Views/allreports/index.php')
 3 SYSTEMPATH/View/View.php(231): CodeIgniter\View\View->CodeIgniter\View\{closure}()
 4 SYSTEMPATH/Common.php(1190): CodeIgniter\View\View->render('allreports/index', [], true)
 5 APPPATH/Controllers/AllReports.php(28): view('allreports/index')
 6 SYSTEMPATH/CodeIgniter.php(942): App\Controllers\AllReports->index()
 7 SYSTEMPATH/CodeIgniter.php(502): CodeIgniter\CodeIgniter->runController(Object(App\Controllers\AllReports))
 8 SYSTEMPATH/CodeIgniter.php(361): CodeIgniter\CodeIgniter->handleRequest(null, Object(Config\Cache), false)
 9 FCPATH/index.php(79): CodeIgniter\CodeIgniter->run()
CRITICAL - 2024-05-07 09:48:01 --> Undefined variable $emp_id
in APPPATH/Views/allreports/index.php on line 73.
 1 APPPATH/Views/allreports/index.php(73): CodeIgniter\Debug\Exceptions->errorHandler(2, 'Undefined variable $emp_id', '/home/freelance/public_html/digitalflow/app/Views/allreports/index.php', 73)
 2 SYSTEMPATH/View/View.php(228): include('/home/freelance/public_html/digitalflow/app/Views/allreports/index.php')
 3 SYSTEMPATH/View/View.php(231): CodeIgniter\View\View->CodeIgniter\View\{closure}()
 4 SYSTEMPATH/Common.php(1190): CodeIgniter\View\View->render('allreports/index', [], true)
 5 APPPATH/Controllers/AllReports.php(28): view('allreports/index')
 6 SYSTEMPATH/CodeIgniter.php(942): App\Controllers\AllReports->index()
 7 SYSTEMPATH/CodeIgniter.php(502): CodeIgniter\CodeIgniter->runController(Object(App\Controllers\AllReports))
 8 SYSTEMPATH/CodeIgniter.php(361): CodeIgniter\CodeIgniter->handleRequest(null, Object(Config\Cache), false)
 9 FCPATH/index.php(79): CodeIgniter\CodeIgniter->run()
CRITICAL - 2024-05-07 09:48:10 --> Undefined variable $emp_id
in APPPATH/Views/allreports/index.php on line 73.
 1 APPPATH/Views/allreports/index.php(73): CodeIgniter\Debug\Exceptions->errorHandler(2, 'Undefined variable $emp_id', '/home/freelance/public_html/digitalflow/app/Views/allreports/index.php', 73)
 2 SYSTEMPATH/View/View.php(228): include('/home/freelance/public_html/digitalflow/app/Views/allreports/index.php')
 3 SYSTEMPATH/View/View.php(231): CodeIgniter\View\View->CodeIgniter\View\{closure}()
 4 SYSTEMPATH/Common.php(1190): CodeIgniter\View\View->render('allreports/index', [], true)
 5 APPPATH/Controllers/AllReports.php(28): view('allreports/index')
 6 SYSTEMPATH/CodeIgniter.php(942): App\Controllers\AllReports->index()
 7 SYSTEMPATH/CodeIgniter.php(502): CodeIgniter\CodeIgniter->runController(Object(App\Controllers\AllReports))
 8 SYSTEMPATH/CodeIgniter.php(361): CodeIgniter\CodeIgniter->handleRequest(null, Object(Config\Cache), false)
 9 FCPATH/index.php(79): CodeIgniter\CodeIgniter->run()
CRITICAL - 2024-05-07 12:14:28 --> Call to undefined method App\Models\CompanyWorkInfoModel::group_by
in SYSTEMPATH/Model.php on line 873.
 1 APPPATH/Controllers/AllReports.php(34): CodeIgniter\Model->__call('group_by', [...])
 2 SYSTEMPATH/CodeIgniter.php(942): App\Controllers\AllReports->index()
 3 SYSTEMPATH/CodeIgniter.php(502): CodeIgniter\CodeIgniter->runController(Object(App\Controllers\AllReports))
 4 SYSTEMPATH/CodeIgniter.php(361): CodeIgniter\CodeIgniter->handleRequest(null, Object(Config\Cache), false)
 5 FCPATH/index.php(79): CodeIgniter\CodeIgniter->run()
CRITICAL - 2024-05-07 12:14:54 --> Call to undefined method App\Models\CompanyWorkInfoModel::group_by
in SYSTEMPATH/Model.php on line 873.
 1 APPPATH/Controllers/AllReports.php(34): CodeIgniter\Model->__call('group_by', [...])
 2 SYSTEMPATH/CodeIgniter.php(942): App\Controllers\AllReports->index()
 3 SYSTEMPATH/CodeIgniter.php(502): CodeIgniter\CodeIgniter->runController(Object(App\Controllers\AllReports))
 4 SYSTEMPATH/CodeIgniter.php(361): CodeIgniter\CodeIgniter->handleRequest(null, Object(Config\Cache), false)
 5 FCPATH/index.php(79): CodeIgniter\CodeIgniter->run()
CRITICAL - 2024-05-07 12:14:55 --> Call to undefined method App\Models\CompanyWorkInfoModel::group_by
in SYSTEMPATH/Model.php on line 873.
 1 APPPATH/Controllers/AllReports.php(34): CodeIgniter\Model->__call('group_by', [...])
 2 SYSTEMPATH/CodeIgniter.php(942): App\Controllers\AllReports->index()
 3 SYSTEMPATH/CodeIgniter.php(502): CodeIgniter\CodeIgniter->runController(Object(App\Controllers\AllReports))
 4 SYSTEMPATH/CodeIgniter.php(361): CodeIgniter\CodeIgniter->handleRequest(null, Object(Config\Cache), false)
 5 FCPATH/index.php(79): CodeIgniter\CodeIgniter->run()
CRITICAL - 2024-05-07 12:16:43 --> Call to undefined method App\Models\CompanyWorkInfoModel::group_by
in SYSTEMPATH/Model.php on line 873.
 1 APPPATH/Controllers/AllReports.php(34): CodeIgniter\Model->__call('group_by', [...])
 2 SYSTEMPATH/CodeIgniter.php(942): App\Controllers\AllReports->index()
 3 SYSTEMPATH/CodeIgniter.php(502): CodeIgniter\CodeIgniter->runController(Object(App\Controllers\AllReports))
 4 SYSTEMPATH/CodeIgniter.php(361): CodeIgniter\CodeIgniter->handleRequest(null, Object(Config\Cache), false)
 5 FCPATH/index.php(79): CodeIgniter\CodeIgniter->run()
CRITICAL - 2024-05-07 12:16:45 --> Call to undefined method App\Models\CompanyWorkInfoModel::group_by
in SYSTEMPATH/Model.php on line 873.
 1 APPPATH/Controllers/AllReports.php(34): CodeIgniter\Model->__call('group_by', [...])
 2 SYSTEMPATH/CodeIgniter.php(942): App\Controllers\AllReports->index()
 3 SYSTEMPATH/CodeIgniter.php(502): CodeIgniter\CodeIgniter->runController(Object(App\Controllers\AllReports))
 4 SYSTEMPATH/CodeIgniter.php(361): CodeIgniter\CodeIgniter->handleRequest(null, Object(Config\Cache), false)
 5 FCPATH/index.php(79): CodeIgniter\CodeIgniter->run()
CRITICAL - 2024-05-07 12:16:46 --> Call to undefined method App\Models\CompanyWorkInfoModel::group_by
in SYSTEMPATH/Model.php on line 873.
 1 APPPATH/Controllers/AllReports.php(34): CodeIgniter\Model->__call('group_by', [...])
 2 SYSTEMPATH/CodeIgniter.php(942): App\Controllers\AllReports->index()
 3 SYSTEMPATH/CodeIgniter.php(502): CodeIgniter\CodeIgniter->runController(Object(App\Controllers\AllReports))
 4 SYSTEMPATH/CodeIgniter.php(361): CodeIgniter\CodeIgniter->handleRequest(null, Object(Config\Cache), false)
 5 FCPATH/index.php(79): CodeIgniter\CodeIgniter->run()
CRITICAL - 2024-05-07 12:19:49 --> Call to undefined method App\Models\CompanyWorkInfoModel::group_by
in SYSTEMPATH/Model.php on line 873.
 1 APPPATH/Controllers/AllReports.php(34): CodeIgniter\Model->__call('group_by', [...])
 2 SYSTEMPATH/CodeIgniter.php(942): App\Controllers\AllReports->index()
 3 SYSTEMPATH/CodeIgniter.php(502): CodeIgniter\CodeIgniter->runController(Object(App\Controllers\AllReports))
 4 SYSTEMPATH/CodeIgniter.php(361): CodeIgniter\CodeIgniter->handleRequest(null, Object(Config\Cache), false)
 5 FCPATH/index.php(79): CodeIgniter\CodeIgniter->run()
CRITICAL - 2024-05-07 12:21:19 --> Call to undefined method App\Models\CompanyWorkInfoModel::group_by
in SYSTEMPATH/Model.php on line 873.
 1 APPPATH/Controllers/AllReports.php(34): CodeIgniter\Model->__call('group_by', [...])
 2 SYSTEMPATH/CodeIgniter.php(942): App\Controllers\AllReports->index()
 3 SYSTEMPATH/CodeIgniter.php(502): CodeIgniter\CodeIgniter->runController(Object(App\Controllers\AllReports))
 4 SYSTEMPATH/CodeIgniter.php(361): CodeIgniter\CodeIgniter->handleRequest(null, Object(Config\Cache), false)
 5 FCPATH/index.php(79): CodeIgniter\CodeIgniter->run()
CRITICAL - 2024-05-07 12:21:20 --> Call to undefined method App\Models\CompanyWorkInfoModel::group_by
in SYSTEMPATH/Model.php on line 873.
 1 APPPATH/Controllers/AllReports.php(34): CodeIgniter\Model->__call('group_by', [...])
 2 SYSTEMPATH/CodeIgniter.php(942): App\Controllers\AllReports->index()
 3 SYSTEMPATH/CodeIgniter.php(502): CodeIgniter\CodeIgniter->runController(Object(App\Controllers\AllReports))
 4 SYSTEMPATH/CodeIgniter.php(361): CodeIgniter\CodeIgniter->handleRequest(null, Object(Config\Cache), false)
 5 FCPATH/index.php(79): CodeIgniter\CodeIgniter->run()
CRITICAL - 2024-05-07 12:21:27 --> Call to undefined method App\Models\CompanyWorkInfoModel::group_by
in SYSTEMPATH/Model.php on line 873.
 1 APPPATH/Controllers/AllReports.php(34): CodeIgniter\Model->__call('group_by', [...])
 2 SYSTEMPATH/CodeIgniter.php(942): App\Controllers\AllReports->index()
 3 SYSTEMPATH/CodeIgniter.php(502): CodeIgniter\CodeIgniter->runController(Object(App\Controllers\AllReports))
 4 SYSTEMPATH/CodeIgniter.php(361): CodeIgniter\CodeIgniter->handleRequest(null, Object(Config\Cache), false)
 5 FCPATH/index.php(79): CodeIgniter\CodeIgniter->run()
CRITICAL - 2024-05-07 12:21:46 --> Call to undefined method App\Models\CompanyWorkInfoModel::group_by
in SYSTEMPATH/Model.php on line 873.
 1 APPPATH/Controllers/AllReports.php(34): CodeIgniter\Model->__call('group_by', [...])
 2 SYSTEMPATH/CodeIgniter.php(942): App\Controllers\AllReports->index()
 3 SYSTEMPATH/CodeIgniter.php(502): CodeIgniter\CodeIgniter->runController(Object(App\Controllers\AllReports))
 4 SYSTEMPATH/CodeIgniter.php(361): CodeIgniter\CodeIgniter->handleRequest(null, Object(Config\Cache), false)
 5 FCPATH/index.php(79): CodeIgniter\CodeIgniter->run()
CRITICAL - 2024-05-07 12:38:10 --> Call to undefined method App\Models\CompanyWorkInfoModel::group_by
in SYSTEMPATH/Model.php on line 873.
 1 APPPATH/Controllers/AllReports.php(35): CodeIgniter\Model->__call('group_by', [...])
 2 SYSTEMPATH/CodeIgniter.php(942): App\Controllers\AllReports->index()
 3 SYSTEMPATH/CodeIgniter.php(502): CodeIgniter\CodeIgniter->runController(Object(App\Controllers\AllReports))
 4 SYSTEMPATH/CodeIgniter.php(361): CodeIgniter\CodeIgniter->handleRequest(null, Object(Config\Cache), false)
 5 FCPATH/index.php(79): CodeIgniter\CodeIgniter->run()
CRITICAL - 2024-05-07 12:38:13 --> Call to undefined method App\Models\CompanyWorkInfoModel::group_by
in SYSTEMPATH/Model.php on line 873.
 1 APPPATH/Controllers/AllReports.php(35): CodeIgniter\Model->__call('group_by', [...])
 2 SYSTEMPATH/CodeIgniter.php(942): App\Controllers\AllReports->index()
 3 SYSTEMPATH/CodeIgniter.php(502): CodeIgniter\CodeIgniter->runController(Object(App\Controllers\AllReports))
 4 SYSTEMPATH/CodeIgniter.php(361): CodeIgniter\CodeIgniter->handleRequest(null, Object(Config\Cache), false)
 5 FCPATH/index.php(79): CodeIgniter\CodeIgniter->run()
CRITICAL - 2024-05-07 12:39:47 --> Call to undefined method App\Models\CompanyWorkInfoModel::group_by
in SYSTEMPATH/Model.php on line 873.
 1 APPPATH/Controllers/AllReports.php(35): CodeIgniter\Model->__call('group_by', [...])
 2 SYSTEMPATH/CodeIgniter.php(942): App\Controllers\AllReports->index()
 3 SYSTEMPATH/CodeIgniter.php(502): CodeIgniter\CodeIgniter->runController(Object(App\Controllers\AllReports))
 4 SYSTEMPATH/CodeIgniter.php(361): CodeIgniter\CodeIgniter->handleRequest(null, Object(Config\Cache), false)
 5 FCPATH/index.php(79): CodeIgniter\CodeIgniter->run()
CRITICAL - 2024-05-07 12:39:48 --> Call to undefined method App\Models\CompanyWorkInfoModel::group_by
in SYSTEMPATH/Model.php on line 873.
 1 APPPATH/Controllers/AllReports.php(35): CodeIgniter\Model->__call('group_by', [...])
 2 SYSTEMPATH/CodeIgniter.php(942): App\Controllers\AllReports->index()
 3 SYSTEMPATH/CodeIgniter.php(502): CodeIgniter\CodeIgniter->runController(Object(App\Controllers\AllReports))
 4 SYSTEMPATH/CodeIgniter.php(361): CodeIgniter\CodeIgniter->handleRequest(null, Object(Config\Cache), false)
 5 FCPATH/index.php(79): CodeIgniter\CodeIgniter->run()
CRITICAL - 2024-05-07 12:39:49 --> Call to undefined method App\Models\CompanyWorkInfoModel::group_by
in SYSTEMPATH/Model.php on line 873.
 1 APPPATH/Controllers/AllReports.php(35): CodeIgniter\Model->__call('group_by', [...])
 2 SYSTEMPATH/CodeIgniter.php(942): App\Controllers\AllReports->index()
 3 SYSTEMPATH/CodeIgniter.php(502): CodeIgniter\CodeIgniter->runController(Object(App\Controllers\AllReports))
 4 SYSTEMPATH/CodeIgniter.php(361): CodeIgniter\CodeIgniter->handleRequest(null, Object(Config\Cache), false)
 5 FCPATH/index.php(79): CodeIgniter\CodeIgniter->run()
CRITICAL - 2024-05-07 12:39:55 --> Call to undefined method App\Models\CompanyWorkInfoModel::group_by
in SYSTEMPATH/Model.php on line 873.
 1 APPPATH/Controllers/AllReports.php(35): CodeIgniter\Model->__call('group_by', [...])
 2 SYSTEMPATH/CodeIgniter.php(942): App\Controllers\AllReports->index()
 3 SYSTEMPATH/CodeIgniter.php(502): CodeIgniter\CodeIgniter->runController(Object(App\Controllers\AllReports))
 4 SYSTEMPATH/CodeIgniter.php(361): CodeIgniter\CodeIgniter->handleRequest(null, Object(Config\Cache), false)
 5 FCPATH/index.php(79): CodeIgniter\CodeIgniter->run()
CRITICAL - 2024-05-07 12:40:07 --> Call to undefined method App\Models\CompanyWorkInfoModel::group_by
in SYSTEMPATH/Model.php on line 873.
 1 APPPATH/Controllers/AllReports.php(35): CodeIgniter\Model->__call('group_by', [...])
 2 SYSTEMPATH/CodeIgniter.php(942): App\Controllers\AllReports->index()
 3 SYSTEMPATH/CodeIgniter.php(502): CodeIgniter\CodeIgniter->runController(Object(App\Controllers\AllReports))
 4 SYSTEMPATH/CodeIgniter.php(361): CodeIgniter\CodeIgniter->handleRequest(null, Object(Config\Cache), false)
 5 FCPATH/index.php(79): CodeIgniter\CodeIgniter->run()
CRITICAL - 2024-05-07 12:40:42 --> Call to undefined method App\Models\CompanyWorkInfoModel::group_by
in SYSTEMPATH/Model.php on line 873.
 1 APPPATH/Controllers/AllReports.php(35): CodeIgniter\Model->__call('group_by', [...])
 2 SYSTEMPATH/CodeIgniter.php(942): App\Controllers\AllReports->index()
 3 SYSTEMPATH/CodeIgniter.php(502): CodeIgniter\CodeIgniter->runController(Object(App\Controllers\AllReports))
 4 SYSTEMPATH/CodeIgniter.php(361): CodeIgniter\CodeIgniter->handleRequest(null, Object(Config\Cache), false)
 5 FCPATH/index.php(79): CodeIgniter\CodeIgniter->run()
CRITICAL - 2024-05-07 12:41:48 --> Unterminated comment starting line 39
in APPPATH/Controllers/AllReports.php on line 39.
 1 SYSTEMPATH/Autoloader/Autoloader.php(291): CodeIgniter\Autoloader\Autoloader->includeFile('/home/freelance/public_html/digitalflow/app/Controllers/AllReports.php')
 2 SYSTEMPATH/Autoloader/Autoloader.php(269): CodeIgniter\Autoloader\Autoloader->loadInNamespace('App\\Controllers\\AllReports')
 3 [internal function]: CodeIgniter\Autoloader\Autoloader->loadClass('App\\Controllers\\AllReports')
 4 SYSTEMPATH/CodeIgniter.php(900): class_exists('\\App\\Controllers\\AllReports', true)
 5 SYSTEMPATH/CodeIgniter.php(489): CodeIgniter\CodeIgniter->startController()
 6 SYSTEMPATH/CodeIgniter.php(361): CodeIgniter\CodeIgniter->handleRequest(null, Object(Config\Cache), false)
 7 FCPATH/index.php(79): CodeIgniter\CodeIgniter->run()
CRITICAL - 2024-05-07 12:41:49 --> Unterminated comment starting line 39
in APPPATH/Controllers/AllReports.php on line 39.
 1 SYSTEMPATH/Autoloader/Autoloader.php(291): CodeIgniter\Autoloader\Autoloader->includeFile('/home/freelance/public_html/digitalflow/app/Controllers/AllReports.php')
 2 SYSTEMPATH/Autoloader/Autoloader.php(269): CodeIgniter\Autoloader\Autoloader->loadInNamespace('App\\Controllers\\AllReports')
 3 [internal function]: CodeIgniter\Autoloader\Autoloader->loadClass('App\\Controllers\\AllReports')
 4 SYSTEMPATH/CodeIgniter.php(900): class_exists('\\App\\Controllers\\AllReports', true)
 5 SYSTEMPATH/CodeIgniter.php(489): CodeIgniter\CodeIgniter->startController()
 6 SYSTEMPATH/CodeIgniter.php(361): CodeIgniter\CodeIgniter->handleRequest(null, Object(Config\Cache), false)
 7 FCPATH/index.php(79): CodeIgniter\CodeIgniter->run()
CRITICAL - 2024-05-07 12:41:50 --> Unterminated comment starting line 39
in APPPATH/Controllers/AllReports.php on line 39.
 1 SYSTEMPATH/Autoloader/Autoloader.php(291): CodeIgniter\Autoloader\Autoloader->includeFile('/home/freelance/public_html/digitalflow/app/Controllers/AllReports.php')
 2 SYSTEMPATH/Autoloader/Autoloader.php(269): CodeIgniter\Autoloader\Autoloader->loadInNamespace('App\\Controllers\\AllReports')
 3 [internal function]: CodeIgniter\Autoloader\Autoloader->loadClass('App\\Controllers\\AllReports')
 4 SYSTEMPATH/CodeIgniter.php(900): class_exists('\\App\\Controllers\\AllReports', true)
 5 SYSTEMPATH/CodeIgniter.php(489): CodeIgniter\CodeIgniter->startController()
 6 SYSTEMPATH/CodeIgniter.php(361): CodeIgniter\CodeIgniter->handleRequest(null, Object(Config\Cache), false)
 7 FCPATH/index.php(79): CodeIgniter\CodeIgniter->run()
CRITICAL - 2024-05-07 12:42:11 --> Unterminated comment starting line 39
in APPPATH/Controllers/AllReports.php on line 39.
 1 SYSTEMPATH/Autoloader/Autoloader.php(291): CodeIgniter\Autoloader\Autoloader->includeFile('/home/freelance/public_html/digitalflow/app/Controllers/AllReports.php')
 2 SYSTEMPATH/Autoloader/Autoloader.php(269): CodeIgniter\Autoloader\Autoloader->loadInNamespace('App\\Controllers\\AllReports')
 3 [internal function]: CodeIgniter\Autoloader\Autoloader->loadClass('App\\Controllers\\AllReports')
 4 SYSTEMPATH/CodeIgniter.php(900): class_exists('\\App\\Controllers\\AllReports', true)
 5 SYSTEMPATH/CodeIgniter.php(489): CodeIgniter\CodeIgniter->startController()
 6 SYSTEMPATH/CodeIgniter.php(361): CodeIgniter\CodeIgniter->handleRequest(null, Object(Config\Cache), false)
 7 FCPATH/index.php(79): CodeIgniter\CodeIgniter->run()
CRITICAL - 2024-05-07 12:42:12 --> Unterminated comment starting line 39
in APPPATH/Controllers/AllReports.php on line 39.
 1 SYSTEMPATH/Autoloader/Autoloader.php(291): CodeIgniter\Autoloader\Autoloader->includeFile('/home/freelance/public_html/digitalflow/app/Controllers/AllReports.php')
 2 SYSTEMPATH/Autoloader/Autoloader.php(269): CodeIgniter\Autoloader\Autoloader->loadInNamespace('App\\Controllers\\AllReports')
 3 [internal function]: CodeIgniter\Autoloader\Autoloader->loadClass('App\\Controllers\\AllReports')
 4 SYSTEMPATH/CodeIgniter.php(900): class_exists('\\App\\Controllers\\AllReports', true)
 5 SYSTEMPATH/CodeIgniter.php(489): CodeIgniter\CodeIgniter->startController()
 6 SYSTEMPATH/CodeIgniter.php(361): CodeIgniter\CodeIgniter->handleRequest(null, Object(Config\Cache), false)
 7 FCPATH/index.php(79): CodeIgniter\CodeIgniter->run()
CRITICAL - 2024-05-07 12:42:13 --> Unterminated comment starting line 39
in APPPATH/Controllers/AllReports.php on line 39.
 1 SYSTEMPATH/Autoloader/Autoloader.php(291): CodeIgniter\Autoloader\Autoloader->includeFile('/home/freelance/public_html/digitalflow/app/Controllers/AllReports.php')
 2 SYSTEMPATH/Autoloader/Autoloader.php(269): CodeIgniter\Autoloader\Autoloader->loadInNamespace('App\\Controllers\\AllReports')
 3 [internal function]: CodeIgniter\Autoloader\Autoloader->loadClass('App\\Controllers\\AllReports')
 4 SYSTEMPATH/CodeIgniter.php(900): class_exists('\\App\\Controllers\\AllReports', true)
 5 SYSTEMPATH/CodeIgniter.php(489): CodeIgniter\CodeIgniter->startController()
 6 SYSTEMPATH/CodeIgniter.php(361): CodeIgniter\CodeIgniter->handleRequest(null, Object(Config\Cache), false)
 7 FCPATH/index.php(79): CodeIgniter\CodeIgniter->run()
CRITICAL - 2024-05-07 12:42:20 --> Unterminated comment starting line 39
in APPPATH/Controllers/AllReports.php on line 39.
 1 SYSTEMPATH/Autoloader/Autoloader.php(291): CodeIgniter\Autoloader\Autoloader->includeFile('/home/freelance/public_html/digitalflow/app/Controllers/AllReports.php')
 2 SYSTEMPATH/Autoloader/Autoloader.php(269): CodeIgniter\Autoloader\Autoloader->loadInNamespace('App\\Controllers\\AllReports')
 3 [internal function]: CodeIgniter\Autoloader\Autoloader->loadClass('App\\Controllers\\AllReports')
 4 SYSTEMPATH/CodeIgniter.php(900): class_exists('\\App\\Controllers\\AllReports', true)
 5 SYSTEMPATH/CodeIgniter.php(489): CodeIgniter\CodeIgniter->startController()
 6 SYSTEMPATH/CodeIgniter.php(361): CodeIgniter\CodeIgniter->handleRequest(null, Object(Config\Cache), false)
 7 FCPATH/index.php(79): CodeIgniter\CodeIgniter->run()
CRITICAL - 2024-05-07 12:42:47 --> Unterminated comment starting line 39
in APPPATH/Controllers/AllReports.php on line 39.
 1 SYSTEMPATH/Autoloader/Autoloader.php(291): CodeIgniter\Autoloader\Autoloader->includeFile('/home/freelance/public_html/digitalflow/app/Controllers/AllReports.php')
 2 SYSTEMPATH/Autoloader/Autoloader.php(269): CodeIgniter\Autoloader\Autoloader->loadInNamespace('App\\Controllers\\AllReports')
 3 [internal function]: CodeIgniter\Autoloader\Autoloader->loadClass('App\\Controllers\\AllReports')
 4 SYSTEMPATH/CodeIgniter.php(900): class_exists('\\App\\Controllers\\AllReports', true)
 5 SYSTEMPATH/CodeIgniter.php(489): CodeIgniter\CodeIgniter->startController()
 6 SYSTEMPATH/CodeIgniter.php(361): CodeIgniter\CodeIgniter->handleRequest(null, Object(Config\Cache), false)
 7 FCPATH/index.php(79): CodeIgniter\CodeIgniter->run()
CRITICAL - 2024-05-07 12:45:53 --> Unterminated comment starting line 39
in APPPATH/Controllers/AllReports.php on line 39.
 1 SYSTEMPATH/Autoloader/Autoloader.php(291): CodeIgniter\Autoloader\Autoloader->includeFile('/home/freelance/public_html/digitalflow/app/Controllers/AllReports.php')
 2 SYSTEMPATH/Autoloader/Autoloader.php(269): CodeIgniter\Autoloader\Autoloader->loadInNamespace('App\\Controllers\\AllReports')
 3 [internal function]: CodeIgniter\Autoloader\Autoloader->loadClass('App\\Controllers\\AllReports')
 4 SYSTEMPATH/CodeIgniter.php(900): class_exists('\\App\\Controllers\\AllReports', true)
 5 SYSTEMPATH/CodeIgniter.php(489): CodeIgniter\CodeIgniter->startController()
 6 SYSTEMPATH/CodeIgniter.php(361): CodeIgniter\CodeIgniter->handleRequest(null, Object(Config\Cache), false)
 7 FCPATH/index.php(79): CodeIgniter\CodeIgniter->run()
CRITICAL - 2024-05-07 12:46:06 --> Unterminated comment starting line 39
in APPPATH/Controllers/AllReports.php on line 39.
 1 SYSTEMPATH/Autoloader/Autoloader.php(291): CodeIgniter\Autoloader\Autoloader->includeFile('/home/freelance/public_html/digitalflow/app/Controllers/AllReports.php')
 2 SYSTEMPATH/Autoloader/Autoloader.php(269): CodeIgniter\Autoloader\Autoloader->loadInNamespace('App\\Controllers\\AllReports')
 3 [internal function]: CodeIgniter\Autoloader\Autoloader->loadClass('App\\Controllers\\AllReports')
 4 SYSTEMPATH/CodeIgniter.php(900): class_exists('\\App\\Controllers\\AllReports', true)
 5 SYSTEMPATH/CodeIgniter.php(489): CodeIgniter\CodeIgniter->startController()
 6 SYSTEMPATH/CodeIgniter.php(361): CodeIgniter\CodeIgniter->handleRequest(null, Object(Config\Cache), false)
 7 FCPATH/index.php(79): CodeIgniter\CodeIgniter->run()
CRITICAL - 2024-05-07 12:46:07 --> Unterminated comment starting line 39
in APPPATH/Controllers/AllReports.php on line 39.
 1 SYSTEMPATH/Autoloader/Autoloader.php(291): CodeIgniter\Autoloader\Autoloader->includeFile('/home/freelance/public_html/digitalflow/app/Controllers/AllReports.php')
 2 SYSTEMPATH/Autoloader/Autoloader.php(269): CodeIgniter\Autoloader\Autoloader->loadInNamespace('App\\Controllers\\AllReports')
 3 [internal function]: CodeIgniter\Autoloader\Autoloader->loadClass('App\\Controllers\\AllReports')
 4 SYSTEMPATH/CodeIgniter.php(900): class_exists('\\App\\Controllers\\AllReports', true)
 5 SYSTEMPATH/CodeIgniter.php(489): CodeIgniter\CodeIgniter->startController()
 6 SYSTEMPATH/CodeIgniter.php(361): CodeIgniter\CodeIgniter->handleRequest(null, Object(Config\Cache), false)
 7 FCPATH/index.php(79): CodeIgniter\CodeIgniter->run()
CRITICAL - 2024-05-07 12:46:08 --> Unterminated comment starting line 39
in APPPATH/Controllers/AllReports.php on line 39.
 1 SYSTEMPATH/Autoloader/Autoloader.php(291): CodeIgniter\Autoloader\Autoloader->includeFile('/home/freelance/public_html/digitalflow/app/Controllers/AllReports.php')
 2 SYSTEMPATH/Autoloader/Autoloader.php(269): CodeIgniter\Autoloader\Autoloader->loadInNamespace('App\\Controllers\\AllReports')
 3 [internal function]: CodeIgniter\Autoloader\Autoloader->loadClass('App\\Controllers\\AllReports')
 4 SYSTEMPATH/CodeIgniter.php(900): class_exists('\\App\\Controllers\\AllReports', true)
 5 SYSTEMPATH/CodeIgniter.php(489): CodeIgniter\CodeIgniter->startController()
 6 SYSTEMPATH/CodeIgniter.php(361): CodeIgniter\CodeIgniter->handleRequest(null, Object(Config\Cache), false)
 7 FCPATH/index.php(79): CodeIgniter\CodeIgniter->run()
CRITICAL - 2024-05-07 12:47:57 --> CodeIgniter\BaseModel::findAll(): Argument #1 ($limit) must be of type int, string given, called in /home/freelance/public_html/digitalflow/app/Controllers/AllReports.php on line 35
in SYSTEMPATH/BaseModel.php on line 607.
 1 APPPATH/Controllers/AllReports.php(35): CodeIgniter\BaseModel->findAll('companywork_department')
 2 SYSTEMPATH/CodeIgniter.php(942): App\Controllers\AllReports->index()
 3 SYSTEMPATH/CodeIgniter.php(502): CodeIgniter\CodeIgniter->runController(Object(App\Controllers\AllReports))
 4 SYSTEMPATH/CodeIgniter.php(361): CodeIgniter\CodeIgniter->handleRequest(null, Object(Config\Cache), false)
 5 FCPATH/index.php(79): CodeIgniter\CodeIgniter->run()
CRITICAL - 2024-05-07 12:48:04 --> CodeIgniter\BaseModel::findAll(): Argument #1 ($limit) must be of type int, string given, called in /home/freelance/public_html/digitalflow/app/Controllers/AllReports.php on line 35
in SYSTEMPATH/BaseModel.php on line 607.
 1 APPPATH/Controllers/AllReports.php(35): CodeIgniter\BaseModel->findAll('companywork_department')
 2 SYSTEMPATH/CodeIgniter.php(942): App\Controllers\AllReports->index()
 3 SYSTEMPATH/CodeIgniter.php(502): CodeIgniter\CodeIgniter->runController(Object(App\Controllers\AllReports))
 4 SYSTEMPATH/CodeIgniter.php(361): CodeIgniter\CodeIgniter->handleRequest(null, Object(Config\Cache), false)
 5 FCPATH/index.php(79): CodeIgniter\CodeIgniter->run()
CRITICAL - 2024-05-07 12:48:06 --> CodeIgniter\BaseModel::findAll(): Argument #1 ($limit) must be of type int, string given, called in /home/freelance/public_html/digitalflow/app/Controllers/AllReports.php on line 35
in SYSTEMPATH/BaseModel.php on line 607.
 1 APPPATH/Controllers/AllReports.php(35): CodeIgniter\BaseModel->findAll('companywork_department')
 2 SYSTEMPATH/CodeIgniter.php(942): App\Controllers\AllReports->index()
 3 SYSTEMPATH/CodeIgniter.php(502): CodeIgniter\CodeIgniter->runController(Object(App\Controllers\AllReports))
 4 SYSTEMPATH/CodeIgniter.php(361): CodeIgniter\CodeIgniter->handleRequest(null, Object(Config\Cache), false)
 5 FCPATH/index.php(79): CodeIgniter\CodeIgniter->run()
CRITICAL - 2024-05-07 12:48:08 --> CodeIgniter\BaseModel::findAll(): Argument #1 ($limit) must be of type int, string given, called in /home/freelance/public_html/digitalflow/app/Controllers/AllReports.php on line 35
in SYSTEMPATH/BaseModel.php on line 607.
 1 APPPATH/Controllers/AllReports.php(35): CodeIgniter\BaseModel->findAll('companywork_department')
 2 SYSTEMPATH/CodeIgniter.php(942): App\Controllers\AllReports->index()
 3 SYSTEMPATH/CodeIgniter.php(502): CodeIgniter\CodeIgniter->runController(Object(App\Controllers\AllReports))
 4 SYSTEMPATH/CodeIgniter.php(361): CodeIgniter\CodeIgniter->handleRequest(null, Object(Config\Cache), false)
 5 FCPATH/index.php(79): CodeIgniter\CodeIgniter->run()
CRITICAL - 2024-05-07 12:48:14 --> CodeIgniter\BaseModel::findAll(): Argument #1 ($limit) must be of type int, string given, called in /home/freelance/public_html/digitalflow/app/Controllers/AllReports.php on line 35
in SYSTEMPATH/BaseModel.php on line 607.
 1 APPPATH/Controllers/AllReports.php(35): CodeIgniter\BaseModel->findAll('companywork_department')
 2 SYSTEMPATH/CodeIgniter.php(942): App\Controllers\AllReports->index()
 3 SYSTEMPATH/CodeIgniter.php(502): CodeIgniter\CodeIgniter->runController(Object(App\Controllers\AllReports))
 4 SYSTEMPATH/CodeIgniter.php(361): CodeIgniter\CodeIgniter->handleRequest(null, Object(Config\Cache), false)
 5 FCPATH/index.php(79): CodeIgniter\CodeIgniter->run()
CRITICAL - 2024-05-07 12:54:50 --> Cannot access offset of type string on string
in APPPATH/Views/allreports/index.php on line 87.
 1 SYSTEMPATH/View/View.php(228): include()
 2 SYSTEMPATH/View/View.php(231): CodeIgniter\View\View->CodeIgniter\View\{closure}()
 3 SYSTEMPATH/Common.php(1190): CodeIgniter\View\View->render('allreports/index', [], true)
 4 APPPATH/Controllers/AllReports.php(52): view('allreports/index', [...])
 5 SYSTEMPATH/CodeIgniter.php(942): App\Controllers\AllReports->index()
 6 SYSTEMPATH/CodeIgniter.php(502): CodeIgniter\CodeIgniter->runController(Object(App\Controllers\AllReports))
 7 SYSTEMPATH/CodeIgniter.php(361): CodeIgniter\CodeIgniter->handleRequest(null, Object(Config\Cache), false)
 8 FCPATH/index.php(79): CodeIgniter\CodeIgniter->run()
CRITICAL - 2024-05-07 12:54:59 --> Cannot access offset of type string on string
in APPPATH/Views/allreports/index.php on line 87.
 1 SYSTEMPATH/View/View.php(228): include()
 2 SYSTEMPATH/View/View.php(231): CodeIgniter\View\View->CodeIgniter\View\{closure}()
 3 SYSTEMPATH/Common.php(1190): CodeIgniter\View\View->render('allreports/index', [], true)
 4 APPPATH/Controllers/AllReports.php(52): view('allreports/index', [...])
 5 SYSTEMPATH/CodeIgniter.php(942): App\Controllers\AllReports->index()
 6 SYSTEMPATH/CodeIgniter.php(502): CodeIgniter\CodeIgniter->runController(Object(App\Controllers\AllReports))
 7 SYSTEMPATH/CodeIgniter.php(361): CodeIgniter\CodeIgniter->handleRequest(null, Object(Config\Cache), false)
 8 FCPATH/index.php(79): CodeIgniter\CodeIgniter->run()
CRITICAL - 2024-05-07 12:55:00 --> Cannot access offset of type string on string
in APPPATH/Views/allreports/index.php on line 87.
 1 SYSTEMPATH/View/View.php(228): include()
 2 SYSTEMPATH/View/View.php(231): CodeIgniter\View\View->CodeIgniter\View\{closure}()
 3 SYSTEMPATH/Common.php(1190): CodeIgniter\View\View->render('allreports/index', [], true)
 4 APPPATH/Controllers/AllReports.php(52): view('allreports/index', [...])
 5 SYSTEMPATH/CodeIgniter.php(942): App\Controllers\AllReports->index()
 6 SYSTEMPATH/CodeIgniter.php(502): CodeIgniter\CodeIgniter->runController(Object(App\Controllers\AllReports))
 7 SYSTEMPATH/CodeIgniter.php(361): CodeIgniter\CodeIgniter->handleRequest(null, Object(Config\Cache), false)
 8 FCPATH/index.php(79): CodeIgniter\CodeIgniter->run()
CRITICAL - 2024-05-07 12:55:23 --> Cannot access offset of type string on string
in APPPATH/Views/allreports/index.php on line 87.
 1 SYSTEMPATH/View/View.php(228): include()
 2 SYSTEMPATH/View/View.php(231): CodeIgniter\View\View->CodeIgniter\View\{closure}()
 3 SYSTEMPATH/Common.php(1190): CodeIgniter\View\View->render('allreports/index', [], true)
 4 APPPATH/Controllers/AllReports.php(52): view('allreports/index', [...])
 5 SYSTEMPATH/CodeIgniter.php(942): App\Controllers\AllReports->index()
 6 SYSTEMPATH/CodeIgniter.php(502): CodeIgniter\CodeIgniter->runController(Object(App\Controllers\AllReports))
 7 SYSTEMPATH/CodeIgniter.php(361): CodeIgniter\CodeIgniter->handleRequest(null, Object(Config\Cache), false)
 8 FCPATH/index.php(79): CodeIgniter\CodeIgniter->run()
CRITICAL - 2024-05-07 12:58:33 --> Cannot access offset of type string on string
in APPPATH/Views/allreports/index.php on line 87.
 1 SYSTEMPATH/View/View.php(228): include()
 2 SYSTEMPATH/View/View.php(231): CodeIgniter\View\View->CodeIgniter\View\{closure}()
 3 SYSTEMPATH/Common.php(1190): CodeIgniter\View\View->render('allreports/index', [], true)
 4 APPPATH/Controllers/AllReports.php(52): view('allreports/index', [...])
 5 SYSTEMPATH/CodeIgniter.php(942): App\Controllers\AllReports->index()
 6 SYSTEMPATH/CodeIgniter.php(502): CodeIgniter\CodeIgniter->runController(Object(App\Controllers\AllReports))
 7 SYSTEMPATH/CodeIgniter.php(361): CodeIgniter\CodeIgniter->handleRequest(null, Object(Config\Cache), false)
 8 FCPATH/index.php(79): CodeIgniter\CodeIgniter->run()
CRITICAL - 2024-05-07 12:58:37 --> Cannot access offset of type string on string
in APPPATH/Views/allreports/index.php on line 87.
 1 SYSTEMPATH/View/View.php(228): include()
 2 SYSTEMPATH/View/View.php(231): CodeIgniter\View\View->CodeIgniter\View\{closure}()
 3 SYSTEMPATH/Common.php(1190): CodeIgniter\View\View->render('allreports/index', [], true)
 4 APPPATH/Controllers/AllReports.php(52): view('allreports/index', [...])
 5 SYSTEMPATH/CodeIgniter.php(942): App\Controllers\AllReports->index()
 6 SYSTEMPATH/CodeIgniter.php(502): CodeIgniter\CodeIgniter->runController(Object(App\Controllers\AllReports))
 7 SYSTEMPATH/CodeIgniter.php(361): CodeIgniter\CodeIgniter->handleRequest(null, Object(Config\Cache), false)
 8 FCPATH/index.php(79): CodeIgniter\CodeIgniter->run()
CRITICAL - 2024-05-07 12:58:57 --> Cannot access offset of type string on string
in APPPATH/Views/allreports/index.php on line 87.
 1 SYSTEMPATH/View/View.php(228): include()
 2 SYSTEMPATH/View/View.php(231): CodeIgniter\View\View->CodeIgniter\View\{closure}()
 3 SYSTEMPATH/Common.php(1190): CodeIgniter\View\View->render('allreports/index', [], true)
 4 APPPATH/Controllers/AllReports.php(52): view('allreports/index', [...])
 5 SYSTEMPATH/CodeIgniter.php(942): App\Controllers\AllReports->index()
 6 SYSTEMPATH/CodeIgniter.php(502): CodeIgniter\CodeIgniter->runController(Object(App\Controllers\AllReports))
 7 SYSTEMPATH/CodeIgniter.php(361): CodeIgniter\CodeIgniter->handleRequest(null, Object(Config\Cache), false)
 8 FCPATH/index.php(79): CodeIgniter\CodeIgniter->run()
CRITICAL - 2024-05-07 13:00:06 --> Cannot access offset of type string on string
in APPPATH/Views/allreports/index.php on line 87.
 1 SYSTEMPATH/View/View.php(228): include()
 2 SYSTEMPATH/View/View.php(231): CodeIgniter\View\View->CodeIgniter\View\{closure}()
 3 SYSTEMPATH/Common.php(1190): CodeIgniter\View\View->render('allreports/index', [], true)
 4 APPPATH/Controllers/AllReports.php(52): view('allreports/index', [...])
 5 SYSTEMPATH/CodeIgniter.php(942): App\Controllers\AllReports->index()
 6 SYSTEMPATH/CodeIgniter.php(502): CodeIgniter\CodeIgniter->runController(Object(App\Controllers\AllReports))
 7 SYSTEMPATH/CodeIgniter.php(361): CodeIgniter\CodeIgniter->handleRequest(null, Object(Config\Cache), false)
 8 FCPATH/index.php(79): CodeIgniter\CodeIgniter->run()
CRITICAL - 2024-05-07 13:00:24 --> Cannot access offset of type string on string
in APPPATH/Views/allreports/index.php on line 89.
 1 SYSTEMPATH/View/View.php(228): include()
 2 SYSTEMPATH/View/View.php(231): CodeIgniter\View\View->CodeIgniter\View\{closure}()
 3 SYSTEMPATH/Common.php(1190): CodeIgniter\View\View->render('allreports/index', [], true)
 4 APPPATH/Controllers/AllReports.php(52): view('allreports/index', [...])
 5 SYSTEMPATH/CodeIgniter.php(942): App\Controllers\AllReports->index()
 6 SYSTEMPATH/CodeIgniter.php(502): CodeIgniter\CodeIgniter->runController(Object(App\Controllers\AllReports))
 7 SYSTEMPATH/CodeIgniter.php(361): CodeIgniter\CodeIgniter->handleRequest(null, Object(Config\Cache), false)
 8 FCPATH/index.php(79): CodeIgniter\CodeIgniter->run()
CRITICAL - 2024-05-07 13:00:26 --> Cannot access offset of type string on string
in APPPATH/Views/allreports/index.php on line 89.
 1 SYSTEMPATH/View/View.php(228): include()
 2 SYSTEMPATH/View/View.php(231): CodeIgniter\View\View->CodeIgniter\View\{closure}()
 3 SYSTEMPATH/Common.php(1190): CodeIgniter\View\View->render('allreports/index', [], true)
 4 APPPATH/Controllers/AllReports.php(52): view('allreports/index', [...])
 5 SYSTEMPATH/CodeIgniter.php(942): App\Controllers\AllReports->index()
 6 SYSTEMPATH/CodeIgniter.php(502): CodeIgniter\CodeIgniter->runController(Object(App\Controllers\AllReports))
 7 SYSTEMPATH/CodeIgniter.php(361): CodeIgniter\CodeIgniter->handleRequest(null, Object(Config\Cache), false)
 8 FCPATH/index.php(79): CodeIgniter\CodeIgniter->run()
CRITICAL - 2024-05-07 13:00:27 --> Cannot access offset of type string on string
in APPPATH/Views/allreports/index.php on line 89.
 1 SYSTEMPATH/View/View.php(228): include()
 2 SYSTEMPATH/View/View.php(231): CodeIgniter\View\View->CodeIgniter\View\{closure}()
 3 SYSTEMPATH/Common.php(1190): CodeIgniter\View\View->render('allreports/index', [], true)
 4 APPPATH/Controllers/AllReports.php(52): view('allreports/index', [...])
 5 SYSTEMPATH/CodeIgniter.php(942): App\Controllers\AllReports->index()
 6 SYSTEMPATH/CodeIgniter.php(502): CodeIgniter\CodeIgniter->runController(Object(App\Controllers\AllReports))
 7 SYSTEMPATH/CodeIgniter.php(361): CodeIgniter\CodeIgniter->handleRequest(null, Object(Config\Cache), false)
 8 FCPATH/index.php(79): CodeIgniter\CodeIgniter->run()
CRITICAL - 2024-05-07 13:02:28 --> Cannot access offset of type string on string
in APPPATH/Views/allreports/index.php on line 94.
 1 SYSTEMPATH/View/View.php(228): include()
 2 SYSTEMPATH/View/View.php(231): CodeIgniter\View\View->CodeIgniter\View\{closure}()
 3 SYSTEMPATH/Common.php(1190): CodeIgniter\View\View->render('allreports/index', [], true)
 4 APPPATH/Controllers/AllReports.php(52): view('allreports/index', [...])
 5 SYSTEMPATH/CodeIgniter.php(942): App\Controllers\AllReports->index()
 6 SYSTEMPATH/CodeIgniter.php(502): CodeIgniter\CodeIgniter->runController(Object(App\Controllers\AllReports))
 7 SYSTEMPATH/CodeIgniter.php(361): CodeIgniter\CodeIgniter->handleRequest(null, Object(Config\Cache), false)
 8 FCPATH/index.php(79): CodeIgniter\CodeIgniter->run()
CRITICAL - 2024-05-07 13:03:53 --> Cannot access offset of type string on string
in APPPATH/Views/allreports/index.php on line 93.
 1 SYSTEMPATH/View/View.php(228): include()
 2 SYSTEMPATH/View/View.php(231): CodeIgniter\View\View->CodeIgniter\View\{closure}()
 3 SYSTEMPATH/Common.php(1190): CodeIgniter\View\View->render('allreports/index', [], true)
 4 APPPATH/Controllers/AllReports.php(52): view('allreports/index', [...])
 5 SYSTEMPATH/CodeIgniter.php(942): App\Controllers\AllReports->index()
 6 SYSTEMPATH/CodeIgniter.php(502): CodeIgniter\CodeIgniter->runController(Object(App\Controllers\AllReports))
 7 SYSTEMPATH/CodeIgniter.php(361): CodeIgniter\CodeIgniter->handleRequest(null, Object(Config\Cache), false)
 8 FCPATH/index.php(79): CodeIgniter\CodeIgniter->run()
CRITICAL - 2024-05-07 13:48:30 --> Cannot access offset of type string on string
in APPPATH/Views/allreports/index.php on line 90.
 1 SYSTEMPATH/View/View.php(228): include()
 2 SYSTEMPATH/View/View.php(231): CodeIgniter\View\View->CodeIgniter\View\{closure}()
 3 SYSTEMPATH/Common.php(1190): CodeIgniter\View\View->render('allreports/index', [], true)
 4 APPPATH/Controllers/AllReports.php(51): view('allreports/index', [...])
 5 SYSTEMPATH/CodeIgniter.php(942): App\Controllers\AllReports->index()
 6 SYSTEMPATH/CodeIgniter.php(502): CodeIgniter\CodeIgniter->runController(Object(App\Controllers\AllReports))
 7 SYSTEMPATH/CodeIgniter.php(361): CodeIgniter\CodeIgniter->handleRequest(null, Object(Config\Cache), false)
 8 FCPATH/index.php(79): CodeIgniter\CodeIgniter->run()
CRITICAL - 2024-05-07 13:48:40 --> Cannot access offset of type string on string
in APPPATH/Views/allreports/index.php on line 90.
 1 SYSTEMPATH/View/View.php(228): include()
 2 SYSTEMPATH/View/View.php(231): CodeIgniter\View\View->CodeIgniter\View\{closure}()
 3 SYSTEMPATH/Common.php(1190): CodeIgniter\View\View->render('allreports/index', [], true)
 4 APPPATH/Controllers/AllReports.php(51): view('allreports/index', [...])
 5 SYSTEMPATH/CodeIgniter.php(942): App\Controllers\AllReports->index()
 6 SYSTEMPATH/CodeIgniter.php(502): CodeIgniter\CodeIgniter->runController(Object(App\Controllers\AllReports))
 7 SYSTEMPATH/CodeIgniter.php(361): CodeIgniter\CodeIgniter->handleRequest(null, Object(Config\Cache), false)
 8 FCPATH/index.php(79): CodeIgniter\CodeIgniter->run()
CRITICAL - 2024-05-07 13:48:41 --> Cannot access offset of type string on string
in APPPATH/Views/allreports/index.php on line 90.
 1 SYSTEMPATH/View/View.php(228): include()
 2 SYSTEMPATH/View/View.php(231): CodeIgniter\View\View->CodeIgniter\View\{closure}()
 3 SYSTEMPATH/Common.php(1190): CodeIgniter\View\View->render('allreports/index', [], true)
 4 APPPATH/Controllers/AllReports.php(51): view('allreports/index', [...])
 5 SYSTEMPATH/CodeIgniter.php(942): App\Controllers\AllReports->index()
 6 SYSTEMPATH/CodeIgniter.php(502): CodeIgniter\CodeIgniter->runController(Object(App\Controllers\AllReports))
 7 SYSTEMPATH/CodeIgniter.php(361): CodeIgniter\CodeIgniter->handleRequest(null, Object(Config\Cache), false)
 8 FCPATH/index.php(79): CodeIgniter\CodeIgniter->run()
CRITICAL - 2024-05-07 13:48:43 --> Cannot access offset of type string on string
in APPPATH/Views/allreports/index.php on line 90.
 1 SYSTEMPATH/View/View.php(228): include()
 2 SYSTEMPATH/View/View.php(231): CodeIgniter\View\View->CodeIgniter\View\{closure}()
 3 SYSTEMPATH/Common.php(1190): CodeIgniter\View\View->render('allreports/index', [], true)
 4 APPPATH/Controllers/AllReports.php(51): view('allreports/index', [...])
 5 SYSTEMPATH/CodeIgniter.php(942): App\Controllers\AllReports->index()
 6 SYSTEMPATH/CodeIgniter.php(502): CodeIgniter\CodeIgniter->runController(Object(App\Controllers\AllReports))
 7 SYSTEMPATH/CodeIgniter.php(361): CodeIgniter\CodeIgniter->handleRequest(null, Object(Config\Cache), false)
 8 FCPATH/index.php(79): CodeIgniter\CodeIgniter->run()
CRITICAL - 2024-05-07 13:49:19 --> Cannot access offset of type string on string
in APPPATH/Views/allreports/index.php on line 93.
 1 SYSTEMPATH/View/View.php(228): include()
 2 SYSTEMPATH/View/View.php(231): CodeIgniter\View\View->CodeIgniter\View\{closure}()
 3 SYSTEMPATH/Common.php(1190): CodeIgniter\View\View->render('allreports/index', [], true)
 4 APPPATH/Controllers/AllReports.php(51): view('allreports/index', [...])
 5 SYSTEMPATH/CodeIgniter.php(942): App\Controllers\AllReports->index()
 6 SYSTEMPATH/CodeIgniter.php(502): CodeIgniter\CodeIgniter->runController(Object(App\Controllers\AllReports))
 7 SYSTEMPATH/CodeIgniter.php(361): CodeIgniter\CodeIgniter->handleRequest(null, Object(Config\Cache), false)
 8 FCPATH/index.php(79): CodeIgniter\CodeIgniter->run()
CRITICAL - 2024-05-07 13:49:21 --> Cannot access offset of type string on string
in APPPATH/Views/allreports/index.php on line 93.
 1 SYSTEMPATH/View/View.php(228): include()
 2 SYSTEMPATH/View/View.php(231): CodeIgniter\View\View->CodeIgniter\View\{closure}()
 3 SYSTEMPATH/Common.php(1190): CodeIgniter\View\View->render('allreports/index', [], true)
 4 APPPATH/Controllers/AllReports.php(51): view('allreports/index', [...])
 5 SYSTEMPATH/CodeIgniter.php(942): App\Controllers\AllReports->index()
 6 SYSTEMPATH/CodeIgniter.php(502): CodeIgniter\CodeIgniter->runController(Object(App\Controllers\AllReports))
 7 SYSTEMPATH/CodeIgniter.php(361): CodeIgniter\CodeIgniter->handleRequest(null, Object(Config\Cache), false)
 8 FCPATH/index.php(79): CodeIgniter\CodeIgniter->run()
