CRITICAL - 2024-07-18 06:56:22 --> Class "App\Controllers\AssignedAssetsInfoModel" not found
in APPPATH/Controllers/Assets.php on line 238.
 1 SYSTEMPATH/CodeIgniter.php(942): App\Controllers\Assets->search()
 2 SYSTEMPATH/CodeIgniter.php(502): CodeIgniter\CodeIgniter->runController(Object(App\Controllers\Assets))
 3 SYSTEMPATH/CodeIgniter.php(361): CodeIgniter\CodeIgniter->handleRequest(null, Object(Config\Cache), false)
 4 FCPATH/index.php(79): CodeIgniter\CodeIgniter->run()
CRITICAL - 2024-07-18 07:00:14 --> Undefined array key "assets_grn_no"
in APPPATH/Controllers/Assets.php on line 243.
 1 APPPATH/Controllers/Assets.php(243): CodeIgniter\Debug\Exceptions->errorHandler(2, 'Undefined array key "assets_grn_no"', '/home/freelance/public_html/viyoma/app/Controllers/Assets.php', 243)
 2 SYSTEMPATH/CodeIgniter.php(942): App\Controllers\Assets->search()
 3 SYSTEMPATH/CodeIgniter.php(502): CodeIgniter\CodeIgniter->runController(Object(App\Controllers\Assets))
 4 SYSTEMPATH/CodeIgniter.php(361): CodeIgniter\CodeIgniter->handleRequest(null, Object(Config\Cache), false)
 5 FCPATH/index.php(79): CodeIgniter\CodeIgniter->run()
CRITICAL - 2024-07-18 07:00:24 --> Undefined array key "assets_grn_no"
in APPPATH/Controllers/Assets.php on line 243.
 1 APPPATH/Controllers/Assets.php(243): CodeIgniter\Debug\Exceptions->errorHandler(2, 'Undefined array key "assets_grn_no"', '/home/freelance/public_html/viyoma/app/Controllers/Assets.php', 243)
 2 SYSTEMPATH/CodeIgniter.php(942): App\Controllers\Assets->search()
 3 SYSTEMPATH/CodeIgniter.php(502): CodeIgniter\CodeIgniter->runController(Object(App\Controllers\Assets))
 4 SYSTEMPATH/CodeIgniter.php(361): CodeIgniter\CodeIgniter->handleRequest(null, Object(Config\Cache), false)
 5 FCPATH/index.php(79): CodeIgniter\CodeIgniter->run()
CRITICAL - 2024-07-18 07:04:26 --> Undefined variable $data
in APPPATH/Controllers/Assets.php on line 243.
 1 APPPATH/Controllers/Assets.php(243): CodeIgniter\Debug\Exceptions->errorHandler(2, 'Undefined variable $data', '/home/freelance/public_html/viyoma/app/Controllers/Assets.php', 243)
 2 SYSTEMPATH/CodeIgniter.php(942): App\Controllers\Assets->search()
 3 SYSTEMPATH/CodeIgniter.php(502): CodeIgniter\CodeIgniter->runController(Object(App\Controllers\Assets))
 4 SYSTEMPATH/CodeIgniter.php(361): CodeIgniter\CodeIgniter->handleRequest(null, Object(Config\Cache), false)
 5 FCPATH/index.php(79): CodeIgniter\CodeIgniter->run()
CRITICAL - 2024-07-18 07:06:42 --> Undefined variable $data
in APPPATH/Controllers/Assets.php on line 243.
 1 APPPATH/Controllers/Assets.php(243): CodeIgniter\Debug\Exceptions->errorHandler(2, 'Undefined variable $data', '/home/freelance/public_html/viyoma/app/Controllers/Assets.php', 243)
 2 SYSTEMPATH/CodeIgniter.php(942): App\Controllers\Assets->search()
 3 SYSTEMPATH/CodeIgniter.php(502): CodeIgniter\CodeIgniter->runController(Object(App\Controllers\Assets))
 4 SYSTEMPATH/CodeIgniter.php(361): CodeIgniter\CodeIgniter->handleRequest(null, Object(Config\Cache), false)
 5 FCPATH/index.php(79): CodeIgniter\CodeIgniter->run()
ERROR - 2024-07-18 07:20:57 --> mysqli_sql_exception: Operand should contain 1 column(s) in /home/freelance/public_html/viyoma/system/Database/MySQLi/Connection.php:306
Stack trace:
#0 /home/freelance/public_html/viyoma/system/Database/MySQLi/Connection.php(306): mysqli->query('SELECT *\nFROM `...', 0)
#1 /home/freelance/public_html/viyoma/system/Database/BaseConnection.php(693): CodeIgniter\Database\MySQLi\Connection->execute('SELECT *\nFROM `...')
#2 /home/freelance/public_html/viyoma/system/Database/BaseConnection.php(607): CodeIgniter\Database\BaseConnection->simpleQuery('SELECT *\nFROM `...')
#3 /home/freelance/public_html/viyoma/system/Database/BaseBuilder.php(1615): CodeIgniter\Database\BaseConnection->query('SELECT *\nFROM `...', Array, false)
#4 /home/freelance/public_html/viyoma/system/Model.php(237): CodeIgniter\Database\BaseBuilder->get()
#5 /home/freelance/public_html/viyoma/system/BaseModel.php(624): CodeIgniter\Model->doFindAll(0, 0)
#6 /home/freelance/public_html/viyoma/app/Controllers/Assets.php(256): CodeIgniter\BaseModel->findAll()
#7 /home/freelance/public_html/viyoma/system/CodeIgniter.php(942): App\Controllers\Assets->search()
#8 /home/freelance/public_html/viyoma/system/CodeIgniter.php(502): CodeIgniter\CodeIgniter->runController(Object(App\Controllers\Assets))
#9 /home/freelance/public_html/viyoma/system/CodeIgniter.php(361): CodeIgniter\CodeIgniter->handleRequest(NULL, Object(Config\Cache), false)
#10 /home/freelance/public_html/viyoma/index.php(79): CodeIgniter\CodeIgniter->run()
#11 {main}
CRITICAL - 2024-07-18 07:20:57 --> Operand should contain 1 column(s)
in SYSTEMPATH/Database/BaseConnection.php on line 647.
 1 SYSTEMPATH/Database/BaseBuilder.php(1615): CodeIgniter\Database\BaseConnection->query('SELECT *
FROM `assets`
WHERE `assets_grn_no` != :assets_grn_no:
AND `assets_deleted_on` IS NULL
ORDER BY `assets_id` ASC', [...], false)
 2 SYSTEMPATH/Model.php(237): CodeIgniter\Database\BaseBuilder->get()
 3 SYSTEMPATH/BaseModel.php(624): CodeIgniter\Model->doFindAll(0, 0)
 4 APPPATH/Controllers/Assets.php(256): CodeIgniter\BaseModel->findAll()
 5 SYSTEMPATH/CodeIgniter.php(942): App\Controllers\Assets->search()
 6 SYSTEMPATH/CodeIgniter.php(502): CodeIgniter\CodeIgniter->runController(Object(App\Controllers\Assets))
 7 SYSTEMPATH/CodeIgniter.php(361): CodeIgniter\CodeIgniter->handleRequest(null, Object(Config\Cache), false)
 8 FCPATH/index.php(79): CodeIgniter\CodeIgniter->run()
ERROR - 2024-07-18 07:21:30 --> mysqli_sql_exception: Operand should contain 1 column(s) in /home/freelance/public_html/viyoma/system/Database/MySQLi/Connection.php:306
Stack trace:
#0 /home/freelance/public_html/viyoma/system/Database/MySQLi/Connection.php(306): mysqli->query('SELECT *\nFROM `...', 0)
#1 /home/freelance/public_html/viyoma/system/Database/BaseConnection.php(693): CodeIgniter\Database\MySQLi\Connection->execute('SELECT *\nFROM `...')
#2 /home/freelance/public_html/viyoma/system/Database/BaseConnection.php(607): CodeIgniter\Database\BaseConnection->simpleQuery('SELECT *\nFROM `...')
#3 /home/freelance/public_html/viyoma/system/Database/BaseBuilder.php(1615): CodeIgniter\Database\BaseConnection->query('SELECT *\nFROM `...', Array, false)
#4 /home/freelance/public_html/viyoma/system/Model.php(237): CodeIgniter\Database\BaseBuilder->get()
#5 /home/freelance/public_html/viyoma/system/BaseModel.php(624): CodeIgniter\Model->doFindAll(0, 0)
#6 /home/freelance/public_html/viyoma/app/Controllers/Assets.php(256): CodeIgniter\BaseModel->findAll()
#7 /home/freelance/public_html/viyoma/system/CodeIgniter.php(942): App\Controllers\Assets->search()
#8 /home/freelance/public_html/viyoma/system/CodeIgniter.php(502): CodeIgniter\CodeIgniter->runController(Object(App\Controllers\Assets))
#9 /home/freelance/public_html/viyoma/system/CodeIgniter.php(361): CodeIgniter\CodeIgniter->handleRequest(NULL, Object(Config\Cache), false)
#10 /home/freelance/public_html/viyoma/index.php(79): CodeIgniter\CodeIgniter->run()
#11 {main}
CRITICAL - 2024-07-18 07:21:30 --> Operand should contain 1 column(s)
in SYSTEMPATH/Database/BaseConnection.php on line 647.
 1 SYSTEMPATH/Database/BaseBuilder.php(1615): CodeIgniter\Database\BaseConnection->query('SELECT *
FROM `assets`
WHERE `assets_grn_no` != :assets_grn_no:
AND `assets_deleted_on` IS NULL
ORDER BY `assets_id` ASC', [...], false)
 2 SYSTEMPATH/Model.php(237): CodeIgniter\Database\BaseBuilder->get()
 3 SYSTEMPATH/BaseModel.php(624): CodeIgniter\Model->doFindAll(0, 0)
 4 APPPATH/Controllers/Assets.php(256): CodeIgniter\BaseModel->findAll()
 5 SYSTEMPATH/CodeIgniter.php(942): App\Controllers\Assets->search()
 6 SYSTEMPATH/CodeIgniter.php(502): CodeIgniter\CodeIgniter->runController(Object(App\Controllers\Assets))
 7 SYSTEMPATH/CodeIgniter.php(361): CodeIgniter\CodeIgniter->handleRequest(null, Object(Config\Cache), false)
 8 FCPATH/index.php(79): CodeIgniter\CodeIgniter->run()
ERROR - 2024-07-18 07:25:21 --> mysqli_sql_exception: You have an error in your SQL syntax; check the manual that corresponds to your MySQL server version for the right syntax to use near ':assets_grn_no != (:
AND `assets_deleted_on` IS NULL
ORDER BY `assets_id` ASC' at line 3 in /home/freelance/public_html/viyoma/system/Database/MySQLi/Connection.php:306
Stack trace:
#0 /home/freelance/public_html/viyoma/system/Database/MySQLi/Connection.php(306): mysqli->query('SELECT *\nFROM `...', 0)
#1 /home/freelance/public_html/viyoma/system/Database/BaseConnection.php(693): CodeIgniter\Database\MySQLi\Connection->execute('SELECT *\nFROM `...')
#2 /home/freelance/public_html/viyoma/system/Database/BaseConnection.php(607): CodeIgniter\Database\BaseConnection->simpleQuery('SELECT *\nFROM `...')
#3 /home/freelance/public_html/viyoma/system/Database/BaseBuilder.php(1615): CodeIgniter\Database\BaseConnection->query('SELECT *\nFROM `...', Array, false)
#4 /home/freelance/public_html/viyoma/system/Model.php(237): CodeIgniter\Database\BaseBuilder->get()
#5 /home/freelance/public_html/viyoma/system/BaseModel.php(624): CodeIgniter\Model->doFindAll(0, 0)
#6 /home/freelance/public_html/viyoma/app/Controllers/Assets.php(256): CodeIgniter\BaseModel->findAll()
#7 /home/freelance/public_html/viyoma/system/CodeIgniter.php(942): App\Controllers\Assets->search()
#8 /home/freelance/public_html/viyoma/system/CodeIgniter.php(502): CodeIgniter\CodeIgniter->runController(Object(App\Controllers\Assets))
#9 /home/freelance/public_html/viyoma/system/CodeIgniter.php(361): CodeIgniter\CodeIgniter->handleRequest(NULL, Object(Config\Cache), false)
#10 /home/freelance/public_html/viyoma/index.php(79): CodeIgniter\CodeIgniter->run()
#11 {main}
CRITICAL - 2024-07-18 07:25:21 --> You have an error in your SQL syntax; check the manual that corresponds to your MySQL server version for the right syntax to use near ':assets_grn_no != (:
AND `assets_deleted_on` IS NULL
ORDER BY `assets_id` ASC' at line 3
in SYSTEMPATH/Database/BaseConnection.php on line 647.
 1 SYSTEMPATH/Database/BaseBuilder.php(1615): CodeIgniter\Database\BaseConnection->query('SELECT *
FROM `assets`
WHERE assets_grn_no!=( :assets_grn_no != (:
AND `assets_deleted_on` IS NULL
ORDER BY `assets_id` ASC', [...], false)
 2 SYSTEMPATH/Model.php(237): CodeIgniter\Database\BaseBuilder->get()
 3 SYSTEMPATH/BaseModel.php(624): CodeIgniter\Model->doFindAll(0, 0)
 4 APPPATH/Controllers/Assets.php(256): CodeIgniter\BaseModel->findAll()
 5 SYSTEMPATH/CodeIgniter.php(942): App\Controllers\Assets->search()
 6 SYSTEMPATH/CodeIgniter.php(502): CodeIgniter\CodeIgniter->runController(Object(App\Controllers\Assets))
 7 SYSTEMPATH/CodeIgniter.php(361): CodeIgniter\CodeIgniter->handleRequest(null, Object(Config\Cache), false)
 8 FCPATH/index.php(79): CodeIgniter\CodeIgniter->run()
ERROR - 2024-07-18 07:25:24 --> mysqli_sql_exception: You have an error in your SQL syntax; check the manual that corresponds to your MySQL server version for the right syntax to use near ':assets_grn_no != (:
AND `assets_deleted_on` IS NULL
ORDER BY `assets_id` ASC' at line 3 in /home/freelance/public_html/viyoma/system/Database/MySQLi/Connection.php:306
Stack trace:
#0 /home/freelance/public_html/viyoma/system/Database/MySQLi/Connection.php(306): mysqli->query('SELECT *\nFROM `...', 0)
#1 /home/freelance/public_html/viyoma/system/Database/BaseConnection.php(693): CodeIgniter\Database\MySQLi\Connection->execute('SELECT *\nFROM `...')
#2 /home/freelance/public_html/viyoma/system/Database/BaseConnection.php(607): CodeIgniter\Database\BaseConnection->simpleQuery('SELECT *\nFROM `...')
#3 /home/freelance/public_html/viyoma/system/Database/BaseBuilder.php(1615): CodeIgniter\Database\BaseConnection->query('SELECT *\nFROM `...', Array, false)
#4 /home/freelance/public_html/viyoma/system/Model.php(237): CodeIgniter\Database\BaseBuilder->get()
#5 /home/freelance/public_html/viyoma/system/BaseModel.php(624): CodeIgniter\Model->doFindAll(0, 0)
#6 /home/freelance/public_html/viyoma/app/Controllers/Assets.php(256): CodeIgniter\BaseModel->findAll()
#7 /home/freelance/public_html/viyoma/system/CodeIgniter.php(942): App\Controllers\Assets->search()
#8 /home/freelance/public_html/viyoma/system/CodeIgniter.php(502): CodeIgniter\CodeIgniter->runController(Object(App\Controllers\Assets))
#9 /home/freelance/public_html/viyoma/system/CodeIgniter.php(361): CodeIgniter\CodeIgniter->handleRequest(NULL, Object(Config\Cache), false)
#10 /home/freelance/public_html/viyoma/index.php(79): CodeIgniter\CodeIgniter->run()
#11 {main}
CRITICAL - 2024-07-18 07:25:24 --> You have an error in your SQL syntax; check the manual that corresponds to your MySQL server version for the right syntax to use near ':assets_grn_no != (:
AND `assets_deleted_on` IS NULL
ORDER BY `assets_id` ASC' at line 3
in SYSTEMPATH/Database/BaseConnection.php on line 647.
 1 SYSTEMPATH/Database/BaseBuilder.php(1615): CodeIgniter\Database\BaseConnection->query('SELECT *
FROM `assets`
WHERE assets_grn_no!=( :assets_grn_no != (:
AND `assets_deleted_on` IS NULL
ORDER BY `assets_id` ASC', [...], false)
 2 SYSTEMPATH/Model.php(237): CodeIgniter\Database\BaseBuilder->get()
 3 SYSTEMPATH/BaseModel.php(624): CodeIgniter\Model->doFindAll(0, 0)
 4 APPPATH/Controllers/Assets.php(256): CodeIgniter\BaseModel->findAll()
 5 SYSTEMPATH/CodeIgniter.php(942): App\Controllers\Assets->search()
 6 SYSTEMPATH/CodeIgniter.php(502): CodeIgniter\CodeIgniter->runController(Object(App\Controllers\Assets))
 7 SYSTEMPATH/CodeIgniter.php(361): CodeIgniter\CodeIgniter->handleRequest(null, Object(Config\Cache), false)
 8 FCPATH/index.php(79): CodeIgniter\CodeIgniter->run()
CRITICAL - 2024-07-18 07:47:20 --> Cannot use isset() on the result of an expression (you can use "null !== expression" instead)
in APPPATH/Controllers/Assets.php on line 85.
 1 [internal function]: CodeIgniter\Debug\Exceptions->shutdownHandler()
CRITICAL - 2024-07-18 07:48:04 --> Cannot use isset() on the result of an expression (you can use "null !== expression" instead)
in APPPATH/Controllers/Assets.php on line 85.
 1 [internal function]: CodeIgniter\Debug\Exceptions->shutdownHandler()
CRITICAL - 2024-07-18 07:48:07 --> Cannot use isset() on the result of an expression (you can use "null !== expression" instead)
in APPPATH/Controllers/Assets.php on line 85.
 1 [internal function]: CodeIgniter\Debug\Exceptions->shutdownHandler()
CRITICAL - 2024-07-18 07:48:08 --> Cannot use isset() on the result of an expression (you can use "null !== expression" instead)
in APPPATH/Controllers/Assets.php on line 85.
 1 [internal function]: CodeIgniter\Debug\Exceptions->shutdownHandler()
CRITICAL - 2024-07-18 07:48:09 --> Cannot use isset() on the result of an expression (you can use "null !== expression" instead)
in APPPATH/Controllers/Assets.php on line 85.
 1 [internal function]: CodeIgniter\Debug\Exceptions->shutdownHandler()
CRITICAL - 2024-07-18 07:48:09 --> Cannot use isset() on the result of an expression (you can use "null !== expression" instead)
in APPPATH/Controllers/Assets.php on line 85.
 1 [internal function]: CodeIgniter\Debug\Exceptions->shutdownHandler()
CRITICAL - 2024-07-18 07:48:10 --> Cannot use isset() on the result of an expression (you can use "null !== expression" instead)
in APPPATH/Controllers/Assets.php on line 85.
 1 [internal function]: CodeIgniter\Debug\Exceptions->shutdownHandler()
CRITICAL - 2024-07-18 07:48:11 --> Cannot use isset() on the result of an expression (you can use "null !== expression" instead)
in APPPATH/Controllers/Assets.php on line 85.
 1 [internal function]: CodeIgniter\Debug\Exceptions->shutdownHandler()
CRITICAL - 2024-07-18 07:48:13 --> Cannot use isset() on the result of an expression (you can use "null !== expression" instead)
in APPPATH/Controllers/Assets.php on line 85.
 1 [internal function]: CodeIgniter\Debug\Exceptions->shutdownHandler()
CRITICAL - 2024-07-18 07:48:15 --> Cannot use isset() on the result of an expression (you can use "null !== expression" instead)
in APPPATH/Controllers/Assets.php on line 85.
 1 [internal function]: CodeIgniter\Debug\Exceptions->shutdownHandler()
CRITICAL - 2024-07-18 07:49:25 --> Cannot use isset() on the result of an expression (you can use "null !== expression" instead)
in APPPATH/Controllers/Assets.php on line 85.
 1 [internal function]: CodeIgniter\Debug\Exceptions->shutdownHandler()
CRITICAL - 2024-07-18 07:50:11 --> Cannot use isset() on the result of an expression (you can use "null !== expression" instead)
in APPPATH/Controllers/Assets.php on line 85.
 1 [internal function]: CodeIgniter\Debug\Exceptions->shutdownHandler()
CRITICAL - 2024-07-18 07:50:13 --> Cannot use isset() on the result of an expression (you can use "null !== expression" instead)
in APPPATH/Controllers/Assets.php on line 85.
 1 [internal function]: CodeIgniter\Debug\Exceptions->shutdownHandler()
CRITICAL - 2024-07-18 07:50:17 --> Cannot use isset() on the result of an expression (you can use "null !== expression" instead)
in APPPATH/Controllers/Assets.php on line 85.
 1 [internal function]: CodeIgniter\Debug\Exceptions->shutdownHandler()
CRITICAL - 2024-07-18 07:50:32 --> Cannot use isset() on the result of an expression (you can use "null !== expression" instead)
in APPPATH/Controllers/Assets.php on line 85.
 1 [internal function]: CodeIgniter\Debug\Exceptions->shutdownHandler()
CRITICAL - 2024-07-18 07:50:37 --> Cannot use isset() on the result of an expression (you can use "null !== expression" instead)
in APPPATH/Controllers/Assets.php on line 85.
 1 [internal function]: CodeIgniter\Debug\Exceptions->shutdownHandler()
CRITICAL - 2024-07-18 07:52:09 --> Cannot use isset() on the result of an expression (you can use "null !== expression" instead)
in APPPATH/Controllers/Assets.php on line 85.
 1 [internal function]: CodeIgniter\Debug\Exceptions->shutdownHandler()
CRITICAL - 2024-07-18 07:53:04 --> Undefined variable $data
in APPPATH/Controllers/Assets.php on line 117.
 1 APPPATH/Controllers/Assets.php(117): CodeIgniter\Debug\Exceptions->errorHandler(2, 'Undefined variable $data', '/home/freelance/public_html/viyoma/app/Controllers/Assets.php', 117)
 2 SYSTEMPATH/CodeIgniter.php(942): App\Controllers\Assets->view()
 3 SYSTEMPATH/CodeIgniter.php(502): CodeIgniter\CodeIgniter->runController(Object(App\Controllers\Assets))
 4 SYSTEMPATH/CodeIgniter.php(361): CodeIgniter\CodeIgniter->handleRequest(null, Object(Config\Cache), false)
 5 FCPATH/index.php(79): CodeIgniter\CodeIgniter->run()
CRITICAL - 2024-07-18 07:53:06 --> Undefined variable $data
in APPPATH/Controllers/Assets.php on line 117.
 1 APPPATH/Controllers/Assets.php(117): CodeIgniter\Debug\Exceptions->errorHandler(2, 'Undefined variable $data', '/home/freelance/public_html/viyoma/app/Controllers/Assets.php', 117)
 2 SYSTEMPATH/CodeIgniter.php(942): App\Controllers\Assets->view()
 3 SYSTEMPATH/CodeIgniter.php(502): CodeIgniter\CodeIgniter->runController(Object(App\Controllers\Assets))
 4 SYSTEMPATH/CodeIgniter.php(361): CodeIgniter\CodeIgniter->handleRequest(null, Object(Config\Cache), false)
 5 FCPATH/index.php(79): CodeIgniter\CodeIgniter->run()
CRITICAL - 2024-07-18 07:53:07 --> Undefined variable $data
in APPPATH/Controllers/Assets.php on line 117.
 1 APPPATH/Controllers/Assets.php(117): CodeIgniter\Debug\Exceptions->errorHandler(2, 'Undefined variable $data', '/home/freelance/public_html/viyoma/app/Controllers/Assets.php', 117)
 2 SYSTEMPATH/CodeIgniter.php(942): App\Controllers\Assets->view()
 3 SYSTEMPATH/CodeIgniter.php(502): CodeIgniter\CodeIgniter->runController(Object(App\Controllers\Assets))
 4 SYSTEMPATH/CodeIgniter.php(361): CodeIgniter\CodeIgniter->handleRequest(null, Object(Config\Cache), false)
 5 FCPATH/index.php(79): CodeIgniter\CodeIgniter->run()
CRITICAL - 2024-07-18 07:53:08 --> Undefined variable $data
in APPPATH/Controllers/Assets.php on line 117.
 1 APPPATH/Controllers/Assets.php(117): CodeIgniter\Debug\Exceptions->errorHandler(2, 'Undefined variable $data', '/home/freelance/public_html/viyoma/app/Controllers/Assets.php', 117)
 2 SYSTEMPATH/CodeIgniter.php(942): App\Controllers\Assets->view()
 3 SYSTEMPATH/CodeIgniter.php(502): CodeIgniter\CodeIgniter->runController(Object(App\Controllers\Assets))
 4 SYSTEMPATH/CodeIgniter.php(361): CodeIgniter\CodeIgniter->handleRequest(null, Object(Config\Cache), false)
 5 FCPATH/index.php(79): CodeIgniter\CodeIgniter->run()
CRITICAL - 2024-07-18 10:30:46 --> Undefined array key "assets_id"
in APPPATH/Views/assets/view.php on line 1760.
 1 APPPATH/Views/assets/view.php(1760): CodeIgniter\Debug\Exceptions->errorHandler(2, 'Undefined array key "assets_id"', '/home/freelance/public_html/viyoma/app/Views/assets/view.php', 1760)
 2 SYSTEMPATH/View/View.php(228): include('/home/freelance/public_html/viyoma/app/Views/assets/view.php')
 3 SYSTEMPATH/View/View.php(231): CodeIgniter\View\View->CodeIgniter\View\{closure}()
 4 SYSTEMPATH/Common.php(1190): CodeIgniter\View\View->render('assets/view', [], true)
 5 APPPATH/Controllers/Purchase.php(136): view('assets/view', [...])
 6 SYSTEMPATH/CodeIgniter.php(942): App\Controllers\Purchase->view()
 7 SYSTEMPATH/CodeIgniter.php(502): CodeIgniter\CodeIgniter->runController(Object(App\Controllers\Purchase))
 8 SYSTEMPATH/CodeIgniter.php(361): CodeIgniter\CodeIgniter->handleRequest(null, Object(Config\Cache), false)
 9 FCPATH/index.php(79): CodeIgniter\CodeIgniter->run()
CRITICAL - 2024-07-18 10:31:54 --> Undefined array key "assets_id"
in APPPATH/Views/purchase/view.php on line 1763.
 1 APPPATH/Views/purchase/view.php(1763): CodeIgniter\Debug\Exceptions->errorHandler(2, 'Undefined array key "assets_id"', '/home/freelance/public_html/viyoma/app/Views/purchase/view.php', 1763)
 2 SYSTEMPATH/View/View.php(228): include('/home/freelance/public_html/viyoma/app/Views/purchase/view.php')
 3 SYSTEMPATH/View/View.php(231): CodeIgniter\View\View->CodeIgniter\View\{closure}()
 4 SYSTEMPATH/Common.php(1190): CodeIgniter\View\View->render('purchase/view', [], true)
 5 APPPATH/Controllers/Purchase.php(136): view('purchase/view', [...])
 6 SYSTEMPATH/CodeIgniter.php(942): App\Controllers\Purchase->view()
 7 SYSTEMPATH/CodeIgniter.php(502): CodeIgniter\CodeIgniter->runController(Object(App\Controllers\Purchase))
 8 SYSTEMPATH/CodeIgniter.php(361): CodeIgniter\CodeIgniter->handleRequest(null, Object(Config\Cache), false)
 9 FCPATH/index.php(79): CodeIgniter\CodeIgniter->run()
CRITICAL - 2024-07-18 10:31:56 --> Undefined array key "assets_id"
in APPPATH/Views/purchase/view.php on line 1763.
 1 APPPATH/Views/purchase/view.php(1763): CodeIgniter\Debug\Exceptions->errorHandler(2, 'Undefined array key "assets_id"', '/home/freelance/public_html/viyoma/app/Views/purchase/view.php', 1763)
 2 SYSTEMPATH/View/View.php(228): include('/home/freelance/public_html/viyoma/app/Views/purchase/view.php')
 3 SYSTEMPATH/View/View.php(231): CodeIgniter\View\View->CodeIgniter\View\{closure}()
 4 SYSTEMPATH/Common.php(1190): CodeIgniter\View\View->render('purchase/view', [], true)
 5 APPPATH/Controllers/Purchase.php(136): view('purchase/view', [...])
 6 SYSTEMPATH/CodeIgniter.php(942): App\Controllers\Purchase->view()
 7 SYSTEMPATH/CodeIgniter.php(502): CodeIgniter\CodeIgniter->runController(Object(App\Controllers\Purchase))
 8 SYSTEMPATH/CodeIgniter.php(361): CodeIgniter\CodeIgniter->handleRequest(null, Object(Config\Cache), false)
 9 FCPATH/index.php(79): CodeIgniter\CodeIgniter->run()
CRITICAL - 2024-07-18 10:32:39 --> Undefined array key "assets_id"
in APPPATH/Views/purchase/view.php on line 1763.
 1 APPPATH/Views/purchase/view.php(1763): CodeIgniter\Debug\Exceptions->errorHandler(2, 'Undefined array key "assets_id"', '/home/freelance/public_html/viyoma/app/Views/purchase/view.php', 1763)
 2 SYSTEMPATH/View/View.php(228): include('/home/freelance/public_html/viyoma/app/Views/purchase/view.php')
 3 SYSTEMPATH/View/View.php(231): CodeIgniter\View\View->CodeIgniter\View\{closure}()
 4 SYSTEMPATH/Common.php(1190): CodeIgniter\View\View->render('purchase/view', [], true)
 5 APPPATH/Controllers/Purchase.php(136): view('purchase/view', [...])
 6 SYSTEMPATH/CodeIgniter.php(942): App\Controllers\Purchase->view()
 7 SYSTEMPATH/CodeIgniter.php(502): CodeIgniter\CodeIgniter->runController(Object(App\Controllers\Purchase))
 8 SYSTEMPATH/CodeIgniter.php(361): CodeIgniter\CodeIgniter->handleRequest(null, Object(Config\Cache), false)
 9 FCPATH/index.php(79): CodeIgniter\CodeIgniter->run()
CRITICAL - 2024-07-18 10:32:41 --> Undefined array key "assets_id"
in APPPATH/Views/purchase/view.php on line 1763.
 1 APPPATH/Views/purchase/view.php(1763): CodeIgniter\Debug\Exceptions->errorHandler(2, 'Undefined array key "assets_id"', '/home/freelance/public_html/viyoma/app/Views/purchase/view.php', 1763)
 2 SYSTEMPATH/View/View.php(228): include('/home/freelance/public_html/viyoma/app/Views/purchase/view.php')
 3 SYSTEMPATH/View/View.php(231): CodeIgniter\View\View->CodeIgniter\View\{closure}()
 4 SYSTEMPATH/Common.php(1190): CodeIgniter\View\View->render('purchase/view', [], true)
 5 APPPATH/Controllers/Purchase.php(136): view('purchase/view', [...])
 6 SYSTEMPATH/CodeIgniter.php(942): App\Controllers\Purchase->view()
 7 SYSTEMPATH/CodeIgniter.php(502): CodeIgniter\CodeIgniter->runController(Object(App\Controllers\Purchase))
 8 SYSTEMPATH/CodeIgniter.php(361): CodeIgniter\CodeIgniter->handleRequest(null, Object(Config\Cache), false)
 9 FCPATH/index.php(79): CodeIgniter\CodeIgniter->run()
CRITICAL - 2024-07-18 10:32:53 --> Undefined variable $data
in APPPATH/Controllers/Purchase.php on line 136.
 1 APPPATH/Controllers/Purchase.php(136): CodeIgniter\Debug\Exceptions->errorHandler(2, 'Undefined variable $data', '/home/freelance/public_html/viyoma/app/Controllers/Purchase.php', 136)
 2 SYSTEMPATH/CodeIgniter.php(942): App\Controllers\Purchase->view()
 3 SYSTEMPATH/CodeIgniter.php(502): CodeIgniter\CodeIgniter->runController(Object(App\Controllers\Purchase))
 4 SYSTEMPATH/CodeIgniter.php(361): CodeIgniter\CodeIgniter->handleRequest(null, Object(Config\Cache), false)
 5 FCPATH/index.php(79): CodeIgniter\CodeIgniter->run()
CRITICAL - 2024-07-18 10:33:00 --> Undefined variable $alldata
in APPPATH/Views/purchase/view.php on line 1762.
 1 APPPATH/Views/purchase/view.php(1762): CodeIgniter\Debug\Exceptions->errorHandler(2, 'Undefined variable $alldata', '/home/freelance/public_html/viyoma/app/Views/purchase/view.php', 1762)
 2 SYSTEMPATH/View/View.php(228): include('/home/freelance/public_html/viyoma/app/Views/purchase/view.php')
 3 SYSTEMPATH/View/View.php(231): CodeIgniter\View\View->CodeIgniter\View\{closure}()
 4 SYSTEMPATH/Common.php(1190): CodeIgniter\View\View->render('purchase/view', [], true)
 5 APPPATH/Controllers/Purchase.php(136): view('purchase/view')
 6 SYSTEMPATH/CodeIgniter.php(942): App\Controllers\Purchase->view()
 7 SYSTEMPATH/CodeIgniter.php(502): CodeIgniter\CodeIgniter->runController(Object(App\Controllers\Purchase))
 8 SYSTEMPATH/CodeIgniter.php(361): CodeIgniter\CodeIgniter->handleRequest(null, Object(Config\Cache), false)
 9 FCPATH/index.php(79): CodeIgniter\CodeIgniter->run()
CRITICAL - 2024-07-18 10:33:01 --> Undefined variable $alldata
in APPPATH/Views/purchase/view.php on line 1762.
 1 APPPATH/Views/purchase/view.php(1762): CodeIgniter\Debug\Exceptions->errorHandler(2, 'Undefined variable $alldata', '/home/freelance/public_html/viyoma/app/Views/purchase/view.php', 1762)
 2 SYSTEMPATH/View/View.php(228): include('/home/freelance/public_html/viyoma/app/Views/purchase/view.php')
 3 SYSTEMPATH/View/View.php(231): CodeIgniter\View\View->CodeIgniter\View\{closure}()
 4 SYSTEMPATH/Common.php(1190): CodeIgniter\View\View->render('purchase/view', [], true)
 5 APPPATH/Controllers/Purchase.php(136): view('purchase/view')
 6 SYSTEMPATH/CodeIgniter.php(942): App\Controllers\Purchase->view()
 7 SYSTEMPATH/CodeIgniter.php(502): CodeIgniter\CodeIgniter->runController(Object(App\Controllers\Purchase))
 8 SYSTEMPATH/CodeIgniter.php(361): CodeIgniter\CodeIgniter->handleRequest(null, Object(Config\Cache), false)
 9 FCPATH/index.php(79): CodeIgniter\CodeIgniter->run()
CRITICAL - 2024-07-18 10:33:02 --> Undefined variable $alldata
in APPPATH/Views/purchase/view.php on line 1762.
 1 APPPATH/Views/purchase/view.php(1762): CodeIgniter\Debug\Exceptions->errorHandler(2, 'Undefined variable $alldata', '/home/freelance/public_html/viyoma/app/Views/purchase/view.php', 1762)
 2 SYSTEMPATH/View/View.php(228): include('/home/freelance/public_html/viyoma/app/Views/purchase/view.php')
 3 SYSTEMPATH/View/View.php(231): CodeIgniter\View\View->CodeIgniter\View\{closure}()
 4 SYSTEMPATH/Common.php(1190): CodeIgniter\View\View->render('purchase/view', [], true)
 5 APPPATH/Controllers/Purchase.php(136): view('purchase/view')
 6 SYSTEMPATH/CodeIgniter.php(942): App\Controllers\Purchase->view()
 7 SYSTEMPATH/CodeIgniter.php(502): CodeIgniter\CodeIgniter->runController(Object(App\Controllers\Purchase))
 8 SYSTEMPATH/CodeIgniter.php(361): CodeIgniter\CodeIgniter->handleRequest(null, Object(Config\Cache), false)
 9 FCPATH/index.php(79): CodeIgniter\CodeIgniter->run()
CRITICAL - 2024-07-18 10:33:03 --> Undefined variable $alldata
in APPPATH/Views/purchase/view.php on line 1762.
 1 APPPATH/Views/purchase/view.php(1762): CodeIgniter\Debug\Exceptions->errorHandler(2, 'Undefined variable $alldata', '/home/freelance/public_html/viyoma/app/Views/purchase/view.php', 1762)
 2 SYSTEMPATH/View/View.php(228): include('/home/freelance/public_html/viyoma/app/Views/purchase/view.php')
 3 SYSTEMPATH/View/View.php(231): CodeIgniter\View\View->CodeIgniter\View\{closure}()
 4 SYSTEMPATH/Common.php(1190): CodeIgniter\View\View->render('purchase/view', [], true)
 5 APPPATH/Controllers/Purchase.php(136): view('purchase/view')
 6 SYSTEMPATH/CodeIgniter.php(942): App\Controllers\Purchase->view()
 7 SYSTEMPATH/CodeIgniter.php(502): CodeIgniter\CodeIgniter->runController(Object(App\Controllers\Purchase))
 8 SYSTEMPATH/CodeIgniter.php(361): CodeIgniter\CodeIgniter->handleRequest(null, Object(Config\Cache), false)
 9 FCPATH/index.php(79): CodeIgniter\CodeIgniter->run()
CRITICAL - 2024-07-18 10:33:59 --> Undefined variable $value
in APPPATH/Views/purchase/view.php on line 1774.
 1 APPPATH/Views/purchase/view.php(1774): CodeIgniter\Debug\Exceptions->errorHandler(2, 'Undefined variable $value', '/home/freelance/public_html/viyoma/app/Views/purchase/view.php', 1774)
 2 SYSTEMPATH/View/View.php(228): include('/home/freelance/public_html/viyoma/app/Views/purchase/view.php')
 3 SYSTEMPATH/View/View.php(231): CodeIgniter\View\View->CodeIgniter\View\{closure}()
 4 SYSTEMPATH/Common.php(1190): CodeIgniter\View\View->render('purchase/view', [], true)
 5 APPPATH/Controllers/Purchase.php(136): view('purchase/view', [...])
 6 SYSTEMPATH/CodeIgniter.php(942): App\Controllers\Purchase->view()
 7 SYSTEMPATH/CodeIgniter.php(502): CodeIgniter\CodeIgniter->runController(Object(App\Controllers\Purchase))
 8 SYSTEMPATH/CodeIgniter.php(361): CodeIgniter\CodeIgniter->handleRequest(null, Object(Config\Cache), false)
 9 FCPATH/index.php(79): CodeIgniter\CodeIgniter->run()
CRITICAL - 2024-07-18 10:34:01 --> Undefined variable $value
in APPPATH/Views/purchase/view.php on line 1774.
 1 APPPATH/Views/purchase/view.php(1774): CodeIgniter\Debug\Exceptions->errorHandler(2, 'Undefined variable $value', '/home/freelance/public_html/viyoma/app/Views/purchase/view.php', 1774)
 2 SYSTEMPATH/View/View.php(228): include('/home/freelance/public_html/viyoma/app/Views/purchase/view.php')
 3 SYSTEMPATH/View/View.php(231): CodeIgniter\View\View->CodeIgniter\View\{closure}()
 4 SYSTEMPATH/Common.php(1190): CodeIgniter\View\View->render('purchase/view', [], true)
 5 APPPATH/Controllers/Purchase.php(136): view('purchase/view', [...])
 6 SYSTEMPATH/CodeIgniter.php(942): App\Controllers\Purchase->view()
 7 SYSTEMPATH/CodeIgniter.php(502): CodeIgniter\CodeIgniter->runController(Object(App\Controllers\Purchase))
 8 SYSTEMPATH/CodeIgniter.php(361): CodeIgniter\CodeIgniter->handleRequest(null, Object(Config\Cache), false)
 9 FCPATH/index.php(79): CodeIgniter\CodeIgniter->run()
CRITICAL - 2024-07-18 10:34:03 --> Undefined variable $value
in APPPATH/Views/purchase/view.php on line 1774.
 1 APPPATH/Views/purchase/view.php(1774): CodeIgniter\Debug\Exceptions->errorHandler(2, 'Undefined variable $value', '/home/freelance/public_html/viyoma/app/Views/purchase/view.php', 1774)
 2 SYSTEMPATH/View/View.php(228): include('/home/freelance/public_html/viyoma/app/Views/purchase/view.php')
 3 SYSTEMPATH/View/View.php(231): CodeIgniter\View\View->CodeIgniter\View\{closure}()
 4 SYSTEMPATH/Common.php(1190): CodeIgniter\View\View->render('purchase/view', [], true)
 5 APPPATH/Controllers/Purchase.php(136): view('purchase/view', [...])
 6 SYSTEMPATH/CodeIgniter.php(942): App\Controllers\Purchase->view()
 7 SYSTEMPATH/CodeIgniter.php(502): CodeIgniter\CodeIgniter->runController(Object(App\Controllers\Purchase))
 8 SYSTEMPATH/CodeIgniter.php(361): CodeIgniter\CodeIgniter->handleRequest(null, Object(Config\Cache), false)
 9 FCPATH/index.php(79): CodeIgniter\CodeIgniter->run()
CRITICAL - 2024-07-18 10:35:04 --> Undefined variable $value
in APPPATH/Views/purchase/view.php on line 1772.
 1 APPPATH/Views/purchase/view.php(1772): CodeIgniter\Debug\Exceptions->errorHandler(2, 'Undefined variable $value', '/home/freelance/public_html/viyoma/app/Views/purchase/view.php', 1772)
 2 SYSTEMPATH/View/View.php(228): include('/home/freelance/public_html/viyoma/app/Views/purchase/view.php')
 3 SYSTEMPATH/View/View.php(231): CodeIgniter\View\View->CodeIgniter\View\{closure}()
 4 SYSTEMPATH/Common.php(1190): CodeIgniter\View\View->render('purchase/view', [], true)
 5 APPPATH/Controllers/Purchase.php(136): view('purchase/view', [...])
 6 SYSTEMPATH/CodeIgniter.php(942): App\Controllers\Purchase->view()
 7 SYSTEMPATH/CodeIgniter.php(502): CodeIgniter\CodeIgniter->runController(Object(App\Controllers\Purchase))
 8 SYSTEMPATH/CodeIgniter.php(361): CodeIgniter\CodeIgniter->handleRequest(null, Object(Config\Cache), false)
 9 FCPATH/index.php(79): CodeIgniter\CodeIgniter->run()
CRITICAL - 2024-07-18 14:51:15 --> Undefined variable $value
in APPPATH/Views/purchase/view.php on line 1772.
 1 APPPATH/Views/purchase/view.php(1772): CodeIgniter\Debug\Exceptions->errorHandler(2, 'Undefined variable $value', '/home/freelance/public_html/viyoma/app/Views/purchase/view.php', 1772)
 2 SYSTEMPATH/View/View.php(228): include('/home/freelance/public_html/viyoma/app/Views/purchase/view.php')
 3 SYSTEMPATH/View/View.php(231): CodeIgniter\View\View->CodeIgniter\View\{closure}()
 4 SYSTEMPATH/Common.php(1190): CodeIgniter\View\View->render('purchase/view', [], true)
 5 APPPATH/Controllers/Purchase.php(136): view('purchase/view', [...])
 6 SYSTEMPATH/CodeIgniter.php(942): App\Controllers\Purchase->view()
 7 SYSTEMPATH/CodeIgniter.php(502): CodeIgniter\CodeIgniter->runController(Object(App\Controllers\Purchase))
 8 SYSTEMPATH/CodeIgniter.php(361): CodeIgniter\CodeIgniter->handleRequest(null, Object(Config\Cache), false)
 9 FCPATH/index.php(79): CodeIgniter\CodeIgniter->run()
CRITICAL - 2024-07-18 15:00:26 --> Undefined variable $value
in APPPATH/Views/purchase/view.php on line 1772.
 1 APPPATH/Views/purchase/view.php(1772): CodeIgniter\Debug\Exceptions->errorHandler(2, 'Undefined variable $value', '/home/freelance/public_html/viyoma/app/Views/purchase/view.php', 1772)
 2 SYSTEMPATH/View/View.php(228): include('/home/freelance/public_html/viyoma/app/Views/purchase/view.php')
 3 SYSTEMPATH/View/View.php(231): CodeIgniter\View\View->CodeIgniter\View\{closure}()
 4 SYSTEMPATH/Common.php(1190): CodeIgniter\View\View->render('purchase/view', [], true)
 5 APPPATH/Controllers/Purchase.php(136): view('purchase/view', [...])
 6 SYSTEMPATH/CodeIgniter.php(942): App\Controllers\Purchase->view()
 7 SYSTEMPATH/CodeIgniter.php(502): CodeIgniter\CodeIgniter->runController(Object(App\Controllers\Purchase))
 8 SYSTEMPATH/CodeIgniter.php(361): CodeIgniter\CodeIgniter->handleRequest(null, Object(Config\Cache), false)
 9 FCPATH/index.php(79): CodeIgniter\CodeIgniter->run()
CRITICAL - 2024-07-18 15:00:28 --> Undefined variable $value
in APPPATH/Views/purchase/view.php on line 1772.
 1 APPPATH/Views/purchase/view.php(1772): CodeIgniter\Debug\Exceptions->errorHandler(2, 'Undefined variable $value', '/home/freelance/public_html/viyoma/app/Views/purchase/view.php', 1772)
 2 SYSTEMPATH/View/View.php(228): include('/home/freelance/public_html/viyoma/app/Views/purchase/view.php')
 3 SYSTEMPATH/View/View.php(231): CodeIgniter\View\View->CodeIgniter\View\{closure}()
 4 SYSTEMPATH/Common.php(1190): CodeIgniter\View\View->render('purchase/view', [], true)
 5 APPPATH/Controllers/Purchase.php(136): view('purchase/view', [...])
 6 SYSTEMPATH/CodeIgniter.php(942): App\Controllers\Purchase->view()
 7 SYSTEMPATH/CodeIgniter.php(502): CodeIgniter\CodeIgniter->runController(Object(App\Controllers\Purchase))
 8 SYSTEMPATH/CodeIgniter.php(361): CodeIgniter\CodeIgniter->handleRequest(null, Object(Config\Cache), false)
 9 FCPATH/index.php(79): CodeIgniter\CodeIgniter->run()
CRITICAL - 2024-07-18 15:00:33 --> Undefined variable $value
in APPPATH/Views/purchase/view.php on line 1772.
 1 APPPATH/Views/purchase/view.php(1772): CodeIgniter\Debug\Exceptions->errorHandler(2, 'Undefined variable $value', '/home/freelance/public_html/viyoma/app/Views/purchase/view.php', 1772)
 2 SYSTEMPATH/View/View.php(228): include('/home/freelance/public_html/viyoma/app/Views/purchase/view.php')
 3 SYSTEMPATH/View/View.php(231): CodeIgniter\View\View->CodeIgniter\View\{closure}()
 4 SYSTEMPATH/Common.php(1190): CodeIgniter\View\View->render('purchase/view', [], true)
 5 APPPATH/Controllers/Purchase.php(136): view('purchase/view', [...])
 6 SYSTEMPATH/CodeIgniter.php(942): App\Controllers\Purchase->view()
 7 SYSTEMPATH/CodeIgniter.php(502): CodeIgniter\CodeIgniter->runController(Object(App\Controllers\Purchase))
 8 SYSTEMPATH/CodeIgniter.php(361): CodeIgniter\CodeIgniter->handleRequest(null, Object(Config\Cache), false)
 9 FCPATH/index.php(79): CodeIgniter\CodeIgniter->run()
CRITICAL - 2024-07-18 15:03:05 --> Undefined variable $value
in APPPATH/Views/purchase/view.php on line 1781.
 1 APPPATH/Views/purchase/view.php(1781): CodeIgniter\Debug\Exceptions->errorHandler(2, 'Undefined variable $value', '/home/freelance/public_html/viyoma/app/Views/purchase/view.php', 1781)
 2 SYSTEMPATH/View/View.php(228): include('/home/freelance/public_html/viyoma/app/Views/purchase/view.php')
 3 SYSTEMPATH/View/View.php(231): CodeIgniter\View\View->CodeIgniter\View\{closure}()
 4 SYSTEMPATH/Common.php(1190): CodeIgniter\View\View->render('purchase/view', [], true)
 5 APPPATH/Controllers/Purchase.php(136): view('purchase/view', [...])
 6 SYSTEMPATH/CodeIgniter.php(942): App\Controllers\Purchase->view()
 7 SYSTEMPATH/CodeIgniter.php(502): CodeIgniter\CodeIgniter->runController(Object(App\Controllers\Purchase))
 8 SYSTEMPATH/CodeIgniter.php(361): CodeIgniter\CodeIgniter->handleRequest(null, Object(Config\Cache), false)
 9 FCPATH/index.php(79): CodeIgniter\CodeIgniter->run()
CRITICAL - 2024-07-18 15:04:19 --> Undefined variable $value
in APPPATH/Views/purchase/view.php on line 1781.
 1 APPPATH/Views/purchase/view.php(1781): CodeIgniter\Debug\Exceptions->errorHandler(2, 'Undefined variable $value', '/home/freelance/public_html/viyoma/app/Views/purchase/view.php', 1781)
 2 SYSTEMPATH/View/View.php(228): include('/home/freelance/public_html/viyoma/app/Views/purchase/view.php')
 3 SYSTEMPATH/View/View.php(231): CodeIgniter\View\View->CodeIgniter\View\{closure}()
 4 SYSTEMPATH/Common.php(1190): CodeIgniter\View\View->render('purchase/view', [], true)
 5 APPPATH/Controllers/Purchase.php(136): view('purchase/view', [...])
 6 SYSTEMPATH/CodeIgniter.php(942): App\Controllers\Purchase->view()
 7 SYSTEMPATH/CodeIgniter.php(502): CodeIgniter\CodeIgniter->runController(Object(App\Controllers\Purchase))
 8 SYSTEMPATH/CodeIgniter.php(361): CodeIgniter\CodeIgniter->handleRequest(null, Object(Config\Cache), false)
 9 FCPATH/index.php(79): CodeIgniter\CodeIgniter->run()
CRITICAL - 2024-07-18 15:04:20 --> Undefined variable $value
in APPPATH/Views/purchase/view.php on line 1781.
 1 APPPATH/Views/purchase/view.php(1781): CodeIgniter\Debug\Exceptions->errorHandler(2, 'Undefined variable $value', '/home/freelance/public_html/viyoma/app/Views/purchase/view.php', 1781)
 2 SYSTEMPATH/View/View.php(228): include('/home/freelance/public_html/viyoma/app/Views/purchase/view.php')
 3 SYSTEMPATH/View/View.php(231): CodeIgniter\View\View->CodeIgniter\View\{closure}()
 4 SYSTEMPATH/Common.php(1190): CodeIgniter\View\View->render('purchase/view', [], true)
 5 APPPATH/Controllers/Purchase.php(136): view('purchase/view', [...])
 6 SYSTEMPATH/CodeIgniter.php(942): App\Controllers\Purchase->view()
 7 SYSTEMPATH/CodeIgniter.php(502): CodeIgniter\CodeIgniter->runController(Object(App\Controllers\Purchase))
 8 SYSTEMPATH/CodeIgniter.php(361): CodeIgniter\CodeIgniter->handleRequest(null, Object(Config\Cache), false)
 9 FCPATH/index.php(79): CodeIgniter\CodeIgniter->run()
CRITICAL - 2024-07-18 15:04:35 --> Undefined variable $value
in APPPATH/Views/purchase/view.php on line 1784.
 1 APPPATH/Views/purchase/view.php(1784): CodeIgniter\Debug\Exceptions->errorHandler(2, 'Undefined variable $value', '/home/freelance/public_html/viyoma/app/Views/purchase/view.php', 1784)
 2 SYSTEMPATH/View/View.php(228): include('/home/freelance/public_html/viyoma/app/Views/purchase/view.php')
 3 SYSTEMPATH/View/View.php(231): CodeIgniter\View\View->CodeIgniter\View\{closure}()
 4 SYSTEMPATH/Common.php(1190): CodeIgniter\View\View->render('purchase/view', [], true)
 5 APPPATH/Controllers/Purchase.php(136): view('purchase/view', [...])
 6 SYSTEMPATH/CodeIgniter.php(942): App\Controllers\Purchase->view()
 7 SYSTEMPATH/CodeIgniter.php(502): CodeIgniter\CodeIgniter->runController(Object(App\Controllers\Purchase))
 8 SYSTEMPATH/CodeIgniter.php(361): CodeIgniter\CodeIgniter->handleRequest(null, Object(Config\Cache), false)
 9 FCPATH/index.php(79): CodeIgniter\CodeIgniter->run()
CRITICAL - 2024-07-18 15:04:45 --> Undefined variable $value
in APPPATH/Views/purchase/view.php on line 1782.
 1 APPPATH/Views/purchase/view.php(1782): CodeIgniter\Debug\Exceptions->errorHandler(2, 'Undefined variable $value', '/home/freelance/public_html/viyoma/app/Views/purchase/view.php', 1782)
 2 SYSTEMPATH/View/View.php(228): include('/home/freelance/public_html/viyoma/app/Views/purchase/view.php')
 3 SYSTEMPATH/View/View.php(231): CodeIgniter\View\View->CodeIgniter\View\{closure}()
 4 SYSTEMPATH/Common.php(1190): CodeIgniter\View\View->render('purchase/view', [], true)
 5 APPPATH/Controllers/Purchase.php(136): view('purchase/view', [...])
 6 SYSTEMPATH/CodeIgniter.php(942): App\Controllers\Purchase->view()
 7 SYSTEMPATH/CodeIgniter.php(502): CodeIgniter\CodeIgniter->runController(Object(App\Controllers\Purchase))
 8 SYSTEMPATH/CodeIgniter.php(361): CodeIgniter\CodeIgniter->handleRequest(null, Object(Config\Cache), false)
 9 FCPATH/index.php(79): CodeIgniter\CodeIgniter->run()
CRITICAL - 2024-07-18 16:33:44 --> Class "App\Controllers\AssetsInfoModel" not found
in APPPATH/Controllers/Purchase.php on line 222.
 1 SYSTEMPATH/CodeIgniter.php(942): App\Controllers\Purchase->edit()
 2 SYSTEMPATH/CodeIgniter.php(502): CodeIgniter\CodeIgniter->runController(Object(App\Controllers\Purchase))
 3 SYSTEMPATH/CodeIgniter.php(361): CodeIgniter\CodeIgniter->handleRequest(null, Object(Config\Cache), false)
 4 FCPATH/index.php(79): CodeIgniter\CodeIgniter->run()
CRITICAL - 2024-07-18 16:44:36 --> Trying to access array offset on value of type null
in APPPATH/Views/purchase/edit.php on line 93.
 1 APPPATH/Views/purchase/edit.php(93): CodeIgniter\Debug\Exceptions->errorHandler(2, 'Trying to access array offset on value of type null', '/home/freelance/public_html/viyoma/app/Views/purchase/edit.php', 93)
 2 SYSTEMPATH/View/View.php(228): include('/home/freelance/public_html/viyoma/app/Views/purchase/edit.php')
 3 SYSTEMPATH/View/View.php(231): CodeIgniter\View\View->CodeIgniter\View\{closure}()
 4 SYSTEMPATH/Common.php(1190): CodeIgniter\View\View->render('purchase/edit', [], true)
 5 APPPATH/Controllers/Purchase.php(191): view('purchase/edit', [...])
 6 SYSTEMPATH/CodeIgniter.php(942): App\Controllers\Purchase->edit()
 7 SYSTEMPATH/CodeIgniter.php(502): CodeIgniter\CodeIgniter->runController(Object(App\Controllers\Purchase))
 8 SYSTEMPATH/CodeIgniter.php(361): CodeIgniter\CodeIgniter->handleRequest(null, Object(Config\Cache), false)
 9 FCPATH/index.php(79): CodeIgniter\CodeIgniter->run()
CRITICAL - 2024-07-18 16:44:37 --> Trying to access array offset on value of type null
in APPPATH/Views/purchase/edit.php on line 93.
 1 APPPATH/Views/purchase/edit.php(93): CodeIgniter\Debug\Exceptions->errorHandler(2, 'Trying to access array offset on value of type null', '/home/freelance/public_html/viyoma/app/Views/purchase/edit.php', 93)
 2 SYSTEMPATH/View/View.php(228): include('/home/freelance/public_html/viyoma/app/Views/purchase/edit.php')
 3 SYSTEMPATH/View/View.php(231): CodeIgniter\View\View->CodeIgniter\View\{closure}()
 4 SYSTEMPATH/Common.php(1190): CodeIgniter\View\View->render('purchase/edit', [], true)
 5 APPPATH/Controllers/Purchase.php(191): view('purchase/edit', [...])
 6 SYSTEMPATH/CodeIgniter.php(942): App\Controllers\Purchase->edit()
 7 SYSTEMPATH/CodeIgniter.php(502): CodeIgniter\CodeIgniter->runController(Object(App\Controllers\Purchase))
 8 SYSTEMPATH/CodeIgniter.php(361): CodeIgniter\CodeIgniter->handleRequest(null, Object(Config\Cache), false)
 9 FCPATH/index.php(79): CodeIgniter\CodeIgniter->run()
CRITICAL - 2024-07-18 16:46:01 --> Undefined array key "assets_id"
in APPPATH/Views/purchase/edit.php on line 93.
 1 APPPATH/Views/purchase/edit.php(93): CodeIgniter\Debug\Exceptions->errorHandler(2, 'Undefined array key "assets_id"', '/home/freelance/public_html/viyoma/app/Views/purchase/edit.php', 93)
 2 SYSTEMPATH/View/View.php(228): include('/home/freelance/public_html/viyoma/app/Views/purchase/edit.php')
 3 SYSTEMPATH/View/View.php(231): CodeIgniter\View\View->CodeIgniter\View\{closure}()
 4 SYSTEMPATH/Common.php(1190): CodeIgniter\View\View->render('purchase/edit', [], true)
 5 APPPATH/Controllers/Purchase.php(191): view('purchase/edit', [...])
 6 SYSTEMPATH/CodeIgniter.php(942): App\Controllers\Purchase->edit('VFZFOVBRPT0=')
 7 SYSTEMPATH/CodeIgniter.php(502): CodeIgniter\CodeIgniter->runController(Object(App\Controllers\Purchase))
 8 SYSTEMPATH/CodeIgniter.php(361): CodeIgniter\CodeIgniter->handleRequest(null, Object(Config\Cache), false)
 9 FCPATH/index.php(79): CodeIgniter\CodeIgniter->run()
CRITICAL - 2024-07-18 16:52:57 --> syntax error, unexpected token "echo"
in APPPATH/Views/purchase/edit.php on line 1736.
 1 SYSTEMPATH/View/View.php(231): CodeIgniter\View\View->CodeIgniter\View\{closure}()
 2 SYSTEMPATH/Common.php(1190): CodeIgniter\View\View->render('purchase/edit', [], true)
 3 APPPATH/Controllers/Purchase.php(191): view('purchase/edit', [...])
 4 SYSTEMPATH/CodeIgniter.php(942): App\Controllers\Purchase->edit('VFZFOVBRPT0=')
 5 SYSTEMPATH/CodeIgniter.php(502): CodeIgniter\CodeIgniter->runController(Object(App\Controllers\Purchase))
 6 SYSTEMPATH/CodeIgniter.php(361): CodeIgniter\CodeIgniter->handleRequest(null, Object(Config\Cache), false)
 7 FCPATH/index.php(79): CodeIgniter\CodeIgniter->run()
CRITICAL - 2024-07-18 16:59:59 --> Undefined constant "alldata"
in APPPATH/Views/purchase/edit.php on line 1788.
 1 SYSTEMPATH/View/View.php(228): include()
 2 SYSTEMPATH/View/View.php(231): CodeIgniter\View\View->CodeIgniter\View\{closure}()
 3 SYSTEMPATH/Common.php(1190): CodeIgniter\View\View->render('purchase/edit', [], true)
 4 APPPATH/Controllers/Purchase.php(191): view('purchase/edit', [...])
 5 SYSTEMPATH/CodeIgniter.php(942): App\Controllers\Purchase->edit('VFZFOVBRPT0=')
 6 SYSTEMPATH/CodeIgniter.php(502): CodeIgniter\CodeIgniter->runController(Object(App\Controllers\Purchase))
 7 SYSTEMPATH/CodeIgniter.php(361): CodeIgniter\CodeIgniter->handleRequest(null, Object(Config\Cache), false)
 8 FCPATH/index.php(79): CodeIgniter\CodeIgniter->run()
CRITICAL - 2024-07-18 17:09:53 --> Class "App\Controllers\AssetsInfoModel" not found
in APPPATH/Controllers/Purchase.php on line 111.
 1 SYSTEMPATH/CodeIgniter.php(942): App\Controllers\Purchase->update()
 2 SYSTEMPATH/CodeIgniter.php(502): CodeIgniter\CodeIgniter->runController(Object(App\Controllers\Purchase))
 3 SYSTEMPATH/CodeIgniter.php(361): CodeIgniter\CodeIgniter->handleRequest(null, Object(Config\Cache), false)
 4 FCPATH/index.php(79): CodeIgniter\CodeIgniter->run()
CRITICAL - 2024-07-18 22:40:13 --> Undefined variable $data
in APPPATH/Controllers/Purchase.php on line 134.
 1 APPPATH/Controllers/Purchase.php(134): CodeIgniter\Debug\Exceptions->errorHandler(2, 'Undefined variable $data', '/home/freelance/public_html/viyoma/app/Controllers/Purchase.php', 134)
 2 SYSTEMPATH/CodeIgniter.php(942): App\Controllers\Purchase->update()
 3 SYSTEMPATH/CodeIgniter.php(502): CodeIgniter\CodeIgniter->runController(Object(App\Controllers\Purchase))
 4 SYSTEMPATH/CodeIgniter.php(361): CodeIgniter\CodeIgniter->handleRequest(null, Object(Config\Cache), false)
 5 FCPATH/index.php(79): CodeIgniter\CodeIgniter->run()
ERROR - 2024-07-18 22:40:35 --> mysqli_sql_exception: Unknown column 'assets_deleted_on' in 'where clause' in /home/freelance/public_html/viyoma/system/Database/MySQLi/Connection.php:306
Stack trace:
#0 /home/freelance/public_html/viyoma/system/Database/MySQLi/Connection.php(306): mysqli->query('SELECT *\nFROM `...', 0)
#1 /home/freelance/public_html/viyoma/system/Database/BaseConnection.php(693): CodeIgniter\Database\MySQLi\Connection->execute('SELECT *\nFROM `...')
#2 /home/freelance/public_html/viyoma/system/Database/BaseConnection.php(607): CodeIgniter\Database\BaseConnection->simpleQuery('SELECT *\nFROM `...')
#3 /home/freelance/public_html/viyoma/system/Database/BaseBuilder.php(1615): CodeIgniter\Database\BaseConnection->query('SELECT *\nFROM `...', Array, false)
#4 /home/freelance/public_html/viyoma/system/Model.php(237): CodeIgniter\Database\BaseBuilder->get()
#5 /home/freelance/public_html/viyoma/system/BaseModel.php(624): CodeIgniter\Model->doFindAll(0, 0)
#6 /home/freelance/public_html/viyoma/app/Controllers/Purchase.php(162): CodeIgniter\BaseModel->findAll()
#7 /home/freelance/public_html/viyoma/system/CodeIgniter.php(942): App\Controllers\Purchase->update()
#8 /home/freelance/public_html/viyoma/system/CodeIgniter.php(502): CodeIgniter\CodeIgniter->runController(Object(App\Controllers\Purchase))
#9 /home/freelance/public_html/viyoma/system/CodeIgniter.php(361): CodeIgniter\CodeIgniter->handleRequest(NULL, Object(Config\Cache), false)
#10 /home/freelance/public_html/viyoma/index.php(79): CodeIgniter\CodeIgniter->run()
#11 {main}
CRITICAL - 2024-07-18 22:40:35 --> Unknown column 'assets_deleted_on' in 'where clause'
in SYSTEMPATH/Database/BaseConnection.php on line 647.
 1 SYSTEMPATH/Database/BaseBuilder.php(1615): CodeIgniter\Database\BaseConnection->query('SELECT *
FROM `purchase`
WHERE `assets_deleted_on` IS NULL
ORDER BY `purchase_id` ASC', [], false)
 2 SYSTEMPATH/Model.php(237): CodeIgniter\Database\BaseBuilder->get()
 3 SYSTEMPATH/BaseModel.php(624): CodeIgniter\Model->doFindAll(0, 0)
 4 APPPATH/Controllers/Purchase.php(162): CodeIgniter\BaseModel->findAll()
 5 SYSTEMPATH/CodeIgniter.php(942): App\Controllers\Purchase->update()
 6 SYSTEMPATH/CodeIgniter.php(502): CodeIgniter\CodeIgniter->runController(Object(App\Controllers\Purchase))
 7 SYSTEMPATH/CodeIgniter.php(361): CodeIgniter\CodeIgniter->handleRequest(null, Object(Config\Cache), false)
 8 FCPATH/index.php(79): CodeIgniter\CodeIgniter->run()
CRITICAL - 2024-07-18 18:26:31 --> Undefined array key "purchase_stsatus"
in APPPATH/Views/purchase/edit.php on line 1789.
 1 APPPATH/Views/purchase/edit.php(1789): CodeIgniter\Debug\Exceptions->errorHandler(2, 'Undefined array key "purchase_stsatus"', '/home/freelance/public_html/viyoma/app/Views/purchase/edit.php', 1789)
 2 SYSTEMPATH/View/View.php(228): include('/home/freelance/public_html/viyoma/app/Views/purchase/edit.php')
 3 SYSTEMPATH/View/View.php(231): CodeIgniter\View\View->CodeIgniter\View\{closure}()
 4 SYSTEMPATH/Common.php(1190): CodeIgniter\View\View->render('purchase/edit', [], true)
 5 APPPATH/Controllers/Purchase.php(208): view('purchase/edit', [...])
 6 SYSTEMPATH/CodeIgniter.php(942): App\Controllers\Purchase->edit('VGtFOVBRPT0=')
 7 SYSTEMPATH/CodeIgniter.php(502): CodeIgniter\CodeIgniter->runController(Object(App\Controllers\Purchase))
 8 SYSTEMPATH/CodeIgniter.php(361): CodeIgniter\CodeIgniter->handleRequest(null, Object(Config\Cache), false)
 9 FCPATH/index.php(79): CodeIgniter\CodeIgniter->run()
