ERROR - 2025-07-15 09:05:56 --> mysqli_sql_exception: Unknown column 'assets_grn_no' in 'SELECT' in /home/neuralarcteam/public_html/viyoma.neuralarc.com/viyoma/system/Database/MySQLi/Connection.php:306
Stack trace:
#0 /home/neuralarcteam/public_html/viyoma.neuralarc.com/viyoma/system/Database/MySQLi/Connection.php(306): mysqli->query('SELECT `assets_...', 0)
#1 /home/neuralarcteam/public_html/viyoma.neuralarc.com/viyoma/system/Database/BaseConnection.php(693): CodeIgniter\Database\MySQLi\Connection->execute('SELECT `assets_...')
#2 /home/neuralarcteam/public_html/viyoma.neuralarc.com/viyoma/system/Database/BaseConnection.php(607): CodeIgniter\Database\BaseConnection->simpleQuery('SELECT `assets_...')
#3 /home/neuralarcteam/public_html/viyoma.neuralarc.com/viyoma/system/Database/BaseBuilder.php(1615): CodeIgniter\Database\BaseConnection->query('SELECT `assets_...', Array, false)
#4 /home/neuralarcteam/public_html/viyoma.neuralarc.com/viyoma/system/Model.php(237): CodeIgniter\Database\BaseBuilder->get()
#5 /home/neuralarcteam/public_html/viyoma.neuralarc.com/viyoma/system/BaseModel.php(624): CodeIgniter\Model->doFindAll(0, 0)
#6 /home/neuralarcteam/public_html/viyoma.neuralarc.com/viyoma/app/Controllers/ReturnInfo.php(81): CodeIgniter\BaseModel->findAll()
#7 /home/neuralarcteam/public_html/viyoma.neuralarc.com/viyoma/system/CodeIgniter.php(942): App\Controllers\ReturnInfo->index()
#8 /home/neuralarcteam/public_html/viyoma.neuralarc.com/viyoma/system/CodeIgniter.php(502): CodeIgniter\CodeIgniter->runController(Object(App\Controllers\ReturnInfo))
#9 /home/neuralarcteam/public_html/viyoma.neuralarc.com/viyoma/system/CodeIgniter.php(361): CodeIgniter\CodeIgniter->handleRequest(NULL, Object(Config\Cache), false)
#10 /home/neuralarcteam/public_html/viyoma.neuralarc.com/viyoma/index.php(79): CodeIgniter\CodeIgniter->run()
#11 {main}
CRITICAL - 2025-07-15 09:05:56 --> Unknown column 'assets_grn_no' in 'SELECT'
in SYSTEMPATH/Database/BaseConnection.php on line 647.
 1 SYSTEMPATH/Database/BaseBuilder.php(1615): CodeIgniter\Database\BaseConnection->query('SELECT `assets_grn_no`
FROM `assign_asset`
WHERE `assigned_assets_deleted_on` IS NULL
ORDER BY `assigned_assets_id` ASC', [], false)
 2 SYSTEMPATH/Model.php(237): CodeIgniter\Database\BaseBuilder->get()
 3 SYSTEMPATH/BaseModel.php(624): CodeIgniter\Model->doFindAll(0, 0)
 4 APPPATH/Controllers/ReturnInfo.php(81): CodeIgniter\BaseModel->findAll()
 5 SYSTEMPATH/CodeIgniter.php(942): App\Controllers\ReturnInfo->index()
 6 SYSTEMPATH/CodeIgniter.php(502): CodeIgniter\CodeIgniter->runController(Object(App\Controllers\ReturnInfo))
 7 SYSTEMPATH/CodeIgniter.php(361): CodeIgniter\CodeIgniter->handleRequest(null, Object(Config\Cache), false)
 8 FCPATH/index.php(79): CodeIgniter\CodeIgniter->run()
ERROR - 2025-07-15 09:09:53 --> mysqli_sql_exception: Unknown column 'assets_grn_no' in 'SELECT' in /home/neuralarcteam/public_html/viyoma.neuralarc.com/viyoma/system/Database/MySQLi/Connection.php:306
Stack trace:
#0 /home/neuralarcteam/public_html/viyoma.neuralarc.com/viyoma/system/Database/MySQLi/Connection.php(306): mysqli->query('SELECT `assets_...', 0)
#1 /home/neuralarcteam/public_html/viyoma.neuralarc.com/viyoma/system/Database/BaseConnection.php(693): CodeIgniter\Database\MySQLi\Connection->execute('SELECT `assets_...')
#2 /home/neuralarcteam/public_html/viyoma.neuralarc.com/viyoma/system/Database/BaseConnection.php(607): CodeIgniter\Database\BaseConnection->simpleQuery('SELECT `assets_...')
#3 /home/neuralarcteam/public_html/viyoma.neuralarc.com/viyoma/system/Database/BaseBuilder.php(1615): CodeIgniter\Database\BaseConnection->query('SELECT `assets_...', Array, false)
#4 /home/neuralarcteam/public_html/viyoma.neuralarc.com/viyoma/system/Model.php(237): CodeIgniter\Database\BaseBuilder->get()
#5 /home/neuralarcteam/public_html/viyoma.neuralarc.com/viyoma/system/BaseModel.php(624): CodeIgniter\Model->doFindAll(0, 0)
#6 /home/neuralarcteam/public_html/viyoma.neuralarc.com/viyoma/app/Controllers/ReturnInfo.php(81): CodeIgniter\BaseModel->findAll()
#7 /home/neuralarcteam/public_html/viyoma.neuralarc.com/viyoma/system/CodeIgniter.php(942): App\Controllers\ReturnInfo->index()
#8 /home/neuralarcteam/public_html/viyoma.neuralarc.com/viyoma/system/CodeIgniter.php(502): CodeIgniter\CodeIgniter->runController(Object(App\Controllers\ReturnInfo))
#9 /home/neuralarcteam/public_html/viyoma.neuralarc.com/viyoma/system/CodeIgniter.php(361): CodeIgniter\CodeIgniter->handleRequest(NULL, Object(Config\Cache), false)
#10 /home/neuralarcteam/public_html/viyoma.neuralarc.com/viyoma/index.php(79): CodeIgniter\CodeIgniter->run()
#11 {main}
CRITICAL - 2025-07-15 09:09:53 --> Unknown column 'assets_grn_no' in 'SELECT'
in SYSTEMPATH/Database/BaseConnection.php on line 647.
 1 SYSTEMPATH/Database/BaseBuilder.php(1615): CodeIgniter\Database\BaseConnection->query('SELECT `assets_grn_no`
FROM `assign_asset`
WHERE `assigned_assets_deleted_on` IS NULL
ORDER BY `assigned_assets_id` ASC', [], false)
 2 SYSTEMPATH/Model.php(237): CodeIgniter\Database\BaseBuilder->get()
 3 SYSTEMPATH/BaseModel.php(624): CodeIgniter\Model->doFindAll(0, 0)
 4 APPPATH/Controllers/ReturnInfo.php(81): CodeIgniter\BaseModel->findAll()
 5 SYSTEMPATH/CodeIgniter.php(942): App\Controllers\ReturnInfo->index()
 6 SYSTEMPATH/CodeIgniter.php(502): CodeIgniter\CodeIgniter->runController(Object(App\Controllers\ReturnInfo))
 7 SYSTEMPATH/CodeIgniter.php(361): CodeIgniter\CodeIgniter->handleRequest(null, Object(Config\Cache), false)
 8 FCPATH/index.php(79): CodeIgniter\CodeIgniter->run()
ERROR - 2025-07-15 09:10:21 --> mysqli_sql_exception: Unknown column 'assets_grn_no' in 'SELECT' in /home/neuralarcteam/public_html/viyoma.neuralarc.com/viyoma/system/Database/MySQLi/Connection.php:306
Stack trace:
#0 /home/neuralarcteam/public_html/viyoma.neuralarc.com/viyoma/system/Database/MySQLi/Connection.php(306): mysqli->query('SELECT `assets_...', 0)
#1 /home/neuralarcteam/public_html/viyoma.neuralarc.com/viyoma/system/Database/BaseConnection.php(693): CodeIgniter\Database\MySQLi\Connection->execute('SELECT `assets_...')
#2 /home/neuralarcteam/public_html/viyoma.neuralarc.com/viyoma/system/Database/BaseConnection.php(607): CodeIgniter\Database\BaseConnection->simpleQuery('SELECT `assets_...')
#3 /home/neuralarcteam/public_html/viyoma.neuralarc.com/viyoma/system/Database/BaseBuilder.php(1615): CodeIgniter\Database\BaseConnection->query('SELECT `assets_...', Array, false)
#4 /home/neuralarcteam/public_html/viyoma.neuralarc.com/viyoma/system/Model.php(237): CodeIgniter\Database\BaseBuilder->get()
#5 /home/neuralarcteam/public_html/viyoma.neuralarc.com/viyoma/system/BaseModel.php(624): CodeIgniter\Model->doFindAll(0, 0)
#6 /home/neuralarcteam/public_html/viyoma.neuralarc.com/viyoma/app/Controllers/ReturnInfo.php(81): CodeIgniter\BaseModel->findAll()
#7 /home/neuralarcteam/public_html/viyoma.neuralarc.com/viyoma/system/CodeIgniter.php(942): App\Controllers\ReturnInfo->index()
#8 /home/neuralarcteam/public_html/viyoma.neuralarc.com/viyoma/system/CodeIgniter.php(502): CodeIgniter\CodeIgniter->runController(Object(App\Controllers\ReturnInfo))
#9 /home/neuralarcteam/public_html/viyoma.neuralarc.com/viyoma/system/CodeIgniter.php(361): CodeIgniter\CodeIgniter->handleRequest(NULL, Object(Config\Cache), false)
#10 /home/neuralarcteam/public_html/viyoma.neuralarc.com/viyoma/index.php(79): CodeIgniter\CodeIgniter->run()
#11 {main}
CRITICAL - 2025-07-15 09:10:21 --> Unknown column 'assets_grn_no' in 'SELECT'
in SYSTEMPATH/Database/BaseConnection.php on line 647.
 1 SYSTEMPATH/Database/BaseBuilder.php(1615): CodeIgniter\Database\BaseConnection->query('SELECT `assets_grn_no`
FROM `assign_asset`
WHERE `assigned_assets_deleted_on` IS NULL
ORDER BY `assigned_assets_id` ASC', [], false)
 2 SYSTEMPATH/Model.php(237): CodeIgniter\Database\BaseBuilder->get()
 3 SYSTEMPATH/BaseModel.php(624): CodeIgniter\Model->doFindAll(0, 0)
 4 APPPATH/Controllers/ReturnInfo.php(81): CodeIgniter\BaseModel->findAll()
 5 SYSTEMPATH/CodeIgniter.php(942): App\Controllers\ReturnInfo->index()
 6 SYSTEMPATH/CodeIgniter.php(502): CodeIgniter\CodeIgniter->runController(Object(App\Controllers\ReturnInfo))
 7 SYSTEMPATH/CodeIgniter.php(361): CodeIgniter\CodeIgniter->handleRequest(null, Object(Config\Cache), false)
 8 FCPATH/index.php(79): CodeIgniter\CodeIgniter->run()
ERROR - 2025-07-15 09:10:32 --> mysqli_sql_exception: Unknown column 'assigned_assets_deleted_on' in 'WHERE' in /home/neuralarcteam/public_html/viyoma.neuralarc.com/viyoma/system/Database/MySQLi/Connection.php:306
Stack trace:
#0 /home/neuralarcteam/public_html/viyoma.neuralarc.com/viyoma/system/Database/MySQLi/Connection.php(306): mysqli->query('SELECT *\nFROM `...', 0)
#1 /home/neuralarcteam/public_html/viyoma.neuralarc.com/viyoma/system/Database/BaseConnection.php(693): CodeIgniter\Database\MySQLi\Connection->execute('SELECT *\nFROM `...')
#2 /home/neuralarcteam/public_html/viyoma.neuralarc.com/viyoma/system/Database/BaseConnection.php(607): CodeIgniter\Database\BaseConnection->simpleQuery('SELECT *\nFROM `...')
#3 /home/neuralarcteam/public_html/viyoma.neuralarc.com/viyoma/system/Database/BaseBuilder.php(1615): CodeIgniter\Database\BaseConnection->query('SELECT *\nFROM `...', Array, false)
#4 /home/neuralarcteam/public_html/viyoma.neuralarc.com/viyoma/system/Model.php(264): CodeIgniter\Database\BaseBuilder->get()
#5 /home/neuralarcteam/public_html/viyoma.neuralarc.com/viyoma/system/BaseModel.php(662): CodeIgniter\Model->doFirst()
#6 /home/neuralarcteam/public_html/viyoma.neuralarc.com/viyoma/app/Controllers/ReturnInfo.php(156): CodeIgniter\BaseModel->first()
#7 /home/neuralarcteam/public_html/viyoma.neuralarc.com/viyoma/system/CodeIgniter.php(942): App\Controllers\ReturnInfo->view('VFZSSmVrNUVXVEZ...')
#8 /home/neuralarcteam/public_html/viyoma.neuralarc.com/viyoma/system/CodeIgniter.php(502): CodeIgniter\CodeIgniter->runController(Object(App\Controllers\ReturnInfo))
#9 /home/neuralarcteam/public_html/viyoma.neuralarc.com/viyoma/system/CodeIgniter.php(361): CodeIgniter\CodeIgniter->handleRequest(NULL, Object(Config\Cache), false)
#10 /home/neuralarcteam/public_html/viyoma.neuralarc.com/viyoma/index.php(79): CodeIgniter\CodeIgniter->run()
#11 {main}
CRITICAL - 2025-07-15 09:10:32 --> Unknown column 'assigned_assets_deleted_on' in 'WHERE'
in SYSTEMPATH/Database/BaseConnection.php on line 647.
 1 SYSTEMPATH/Database/BaseBuilder.php(1615): CodeIgniter\Database\BaseConnection->query('SELECT *
FROM `assign_asset`
WHERE `assigned_assets_deleted_on` IS NULL
AND `assets_grn_no` = :assets_grn_no:
 LIMIT 1', [...], false)
 2 SYSTEMPATH/Model.php(264): CodeIgniter\Database\BaseBuilder->get()
 3 SYSTEMPATH/BaseModel.php(662): CodeIgniter\Model->doFirst()
 4 APPPATH/Controllers/ReturnInfo.php(156): CodeIgniter\BaseModel->first()
 5 SYSTEMPATH/CodeIgniter.php(942): App\Controllers\ReturnInfo->view('VFZSSmVrNUVXVEZPZWxFeVRuYzlQUT09')
 6 SYSTEMPATH/CodeIgniter.php(502): CodeIgniter\CodeIgniter->runController(Object(App\Controllers\ReturnInfo))
 7 SYSTEMPATH/CodeIgniter.php(361): CodeIgniter\CodeIgniter->handleRequest(null, Object(Config\Cache), false)
 8 FCPATH/index.php(79): CodeIgniter\CodeIgniter->run()
