CRITICAL - 2024-05-01 07:29:38 --> Invalid file: "EducationalInfo/index.php"
in SYSTEMPATH/Exceptions/FrameworkException.php on line 39.
 1 SYSTEMPATH/View/View.php(216): CodeIgniter\Exceptions\FrameworkException::forInvalidFile('EducationalInfo/index.php')
 2 SYSTEMPATH/Common.php(1190): CodeIgniter\View\View->render('EducationalInfo/index', [], true)
 3 APPPATH/Controllers/EducationalInfo.php(23): view('EducationalInfo/index', [...])
 4 SYSTEMPATH/CodeIgniter.php(942): App\Controllers\EducationalInfo->index()
 5 SYSTEMPATH/CodeIgniter.php(502): CodeIgniter\CodeIgniter->runController(Object(App\Controllers\EducationalInfo))
 6 SYSTEMPATH/CodeIgniter.php(361): CodeIgniter\CodeIgniter->handleRequest(null, Object(Config\Cache), false)
 7 FCPATH/index.php(79): CodeIgniter\CodeIgniter->run()
CRITICAL - 2024-05-01 07:36:28 --> Invalid file: "EducationalInfo/index.php"
in SYSTEMPATH/Exceptions/FrameworkException.php on line 39.
 1 SYSTEMPATH/View/View.php(216): CodeIgniter\Exceptions\FrameworkException::forInvalidFile('EducationalInfo/index.php')
 2 SYSTEMPATH/Common.php(1190): CodeIgniter\View\View->render('EducationalInfo/index', [], true)
 3 APPPATH/Controllers/EducationalInfo.php(23): view('EducationalInfo/index', [...])
 4 SYSTEMPATH/CodeIgniter.php(942): App\Controllers\EducationalInfo->index()
 5 SYSTEMPATH/CodeIgniter.php(502): CodeIgniter\CodeIgniter->runController(Object(App\Controllers\EducationalInfo))
 6 SYSTEMPATH/CodeIgniter.php(361): CodeIgniter\CodeIgniter->handleRequest(null, Object(Config\Cache), false)
 7 FCPATH/index.php(79): CodeIgniter\CodeIgniter->run()
CRITICAL - 2024-05-01 07:36:36 --> Invalid file: "EducationalInfo/index.php"
in SYSTEMPATH/Exceptions/FrameworkException.php on line 39.
 1 SYSTEMPATH/View/View.php(216): CodeIgniter\Exceptions\FrameworkException::forInvalidFile('EducationalInfo/index.php')
 2 SYSTEMPATH/Common.php(1190): CodeIgniter\View\View->render('EducationalInfo/index', [], true)
 3 APPPATH/Controllers/EducationalInfo.php(23): view('EducationalInfo/index', [...])
 4 SYSTEMPATH/CodeIgniter.php(942): App\Controllers\EducationalInfo->index()
 5 SYSTEMPATH/CodeIgniter.php(502): CodeIgniter\CodeIgniter->runController(Object(App\Controllers\EducationalInfo))
 6 SYSTEMPATH/CodeIgniter.php(361): CodeIgniter\CodeIgniter->handleRequest(null, Object(Config\Cache), false)
 7 FCPATH/index.php(79): CodeIgniter\CodeIgniter->run()
CRITICAL - 2024-05-01 07:36:38 --> Invalid file: "EducationalInfo/index.php"
in SYSTEMPATH/Exceptions/FrameworkException.php on line 39.
 1 SYSTEMPATH/View/View.php(216): CodeIgniter\Exceptions\FrameworkException::forInvalidFile('EducationalInfo/index.php')
 2 SYSTEMPATH/Common.php(1190): CodeIgniter\View\View->render('EducationalInfo/index', [], true)
 3 APPPATH/Controllers/EducationalInfo.php(23): view('EducationalInfo/index', [...])
 4 SYSTEMPATH/CodeIgniter.php(942): App\Controllers\EducationalInfo->index()
 5 SYSTEMPATH/CodeIgniter.php(502): CodeIgniter\CodeIgniter->runController(Object(App\Controllers\EducationalInfo))
 6 SYSTEMPATH/CodeIgniter.php(361): CodeIgniter\CodeIgniter->handleRequest(null, Object(Config\Cache), false)
 7 FCPATH/index.php(79): CodeIgniter\CodeIgniter->run()
CRITICAL - 2024-05-01 07:40:22 --> Class "App\Models\EducationalInfoModel" not found
in APPPATH/Controllers/EducationalInfo.php on line 107.
 1 SYSTEMPATH/CodeIgniter.php(942): App\Controllers\EducationalInfo->view()
 2 SYSTEMPATH/CodeIgniter.php(502): CodeIgniter\CodeIgniter->runController(Object(App\Controllers\EducationalInfo))
 3 SYSTEMPATH/CodeIgniter.php(361): CodeIgniter\CodeIgniter->handleRequest(null, Object(Config\Cache), false)
 4 FCPATH/index.php(79): CodeIgniter\CodeIgniter->run()
ERROR - 2024-05-01 11:34:08 --> mysqli_sql_exception: Unknown column 'bankaccount_id' in 'order clause' in /home/freelance/public_html/digitalflow/system/Database/MySQLi/Connection.php:306
Stack trace:
#0 /home/freelance/public_html/digitalflow/system/Database/MySQLi/Connection.php(306): mysqli->query('SELECT *\nFROM `...', 0)
#1 /home/freelance/public_html/digitalflow/system/Database/BaseConnection.php(693): CodeIgniter\Database\MySQLi\Connection->execute('SELECT *\nFROM `...')
#2 /home/freelance/public_html/digitalflow/system/Database/BaseConnection.php(607): CodeIgniter\Database\BaseConnection->simpleQuery('SELECT *\nFROM `...')
#3 /home/freelance/public_html/digitalflow/system/Database/BaseBuilder.php(1615): CodeIgniter\Database\BaseConnection->query('SELECT *\nFROM `...', Array, false)
#4 /home/freelance/public_html/digitalflow/system/Model.php(237): CodeIgniter\Database\BaseBuilder->get()
#5 /home/freelance/public_html/digitalflow/system/BaseModel.php(624): CodeIgniter\Model->doFindAll(0, 0)
#6 /home/freelance/public_html/digitalflow/app/Controllers/EducationalInfo.php(120): CodeIgniter\BaseModel->findAll()
#7 /home/freelance/public_html/digitalflow/system/CodeIgniter.php(942): App\Controllers\EducationalInfo->view()
#8 /home/freelance/public_html/digitalflow/system/CodeIgniter.php(502): CodeIgniter\CodeIgniter->runController(Object(App\Controllers\EducationalInfo))
#9 /home/freelance/public_html/digitalflow/system/CodeIgniter.php(361): CodeIgniter\CodeIgniter->handleRequest(NULL, Object(Config\Cache), false)
#10 /home/freelance/public_html/digitalflow/index.php(79): CodeIgniter\CodeIgniter->run()
#11 {main}
CRITICAL - 2024-05-01 11:34:08 --> Unknown column 'bankaccount_id' in 'order clause'
in SYSTEMPATH/Database/BaseConnection.php on line 647.
 1 SYSTEMPATH/Database/BaseBuilder.php(1615): CodeIgniter\Database\BaseConnection->query('SELECT *
FROM `educational_info`
ORDER BY `bankaccount_id` ASC', [], false)
 2 SYSTEMPATH/Model.php(237): CodeIgniter\Database\BaseBuilder->get()
 3 SYSTEMPATH/BaseModel.php(624): CodeIgniter\Model->doFindAll(0, 0)
 4 APPPATH/Controllers/EducationalInfo.php(120): CodeIgniter\BaseModel->findAll()
 5 SYSTEMPATH/CodeIgniter.php(942): App\Controllers\EducationalInfo->view()
 6 SYSTEMPATH/CodeIgniter.php(502): CodeIgniter\CodeIgniter->runController(Object(App\Controllers\EducationalInfo))
 7 SYSTEMPATH/CodeIgniter.php(361): CodeIgniter\CodeIgniter->handleRequest(null, Object(Config\Cache), false)
 8 FCPATH/index.php(79): CodeIgniter\CodeIgniter->run()
ERROR - 2024-05-01 11:49:16 --> mysqli_sql_exception: Unknown column 'bankaccount_id' in 'order clause' in /home/freelance/public_html/digitalflow/system/Database/MySQLi/Connection.php:306
Stack trace:
#0 /home/freelance/public_html/digitalflow/system/Database/MySQLi/Connection.php(306): mysqli->query('SELECT *\nFROM `...', 0)
#1 /home/freelance/public_html/digitalflow/system/Database/BaseConnection.php(693): CodeIgniter\Database\MySQLi\Connection->execute('SELECT *\nFROM `...')
#2 /home/freelance/public_html/digitalflow/system/Database/BaseConnection.php(607): CodeIgniter\Database\BaseConnection->simpleQuery('SELECT *\nFROM `...')
#3 /home/freelance/public_html/digitalflow/system/Database/BaseBuilder.php(1615): CodeIgniter\Database\BaseConnection->query('SELECT *\nFROM `...', Array, false)
#4 /home/freelance/public_html/digitalflow/system/Model.php(237): CodeIgniter\Database\BaseBuilder->get()
#5 /home/freelance/public_html/digitalflow/system/BaseModel.php(624): CodeIgniter\Model->doFindAll(0, 0)
#6 /home/freelance/public_html/digitalflow/app/Controllers/EducationalInfo.php(120): CodeIgniter\BaseModel->findAll()
#7 /home/freelance/public_html/digitalflow/system/CodeIgniter.php(942): App\Controllers\EducationalInfo->view()
#8 /home/freelance/public_html/digitalflow/system/CodeIgniter.php(502): CodeIgniter\CodeIgniter->runController(Object(App\Controllers\EducationalInfo))
#9 /home/freelance/public_html/digitalflow/system/CodeIgniter.php(361): CodeIgniter\CodeIgniter->handleRequest(NULL, Object(Config\Cache), false)
#10 /home/freelance/public_html/digitalflow/index.php(79): CodeIgniter\CodeIgniter->run()
#11 {main}
CRITICAL - 2024-05-01 11:49:16 --> Unknown column 'bankaccount_id' in 'order clause'
in SYSTEMPATH/Database/BaseConnection.php on line 647.
 1 SYSTEMPATH/Database/BaseBuilder.php(1615): CodeIgniter\Database\BaseConnection->query('SELECT *
FROM `educational_info`
ORDER BY `bankaccount_id` ASC', [], false)
 2 SYSTEMPATH/Model.php(237): CodeIgniter\Database\BaseBuilder->get()
 3 SYSTEMPATH/BaseModel.php(624): CodeIgniter\Model->doFindAll(0, 0)
 4 APPPATH/Controllers/EducationalInfo.php(120): CodeIgniter\BaseModel->findAll()
 5 SYSTEMPATH/CodeIgniter.php(942): App\Controllers\EducationalInfo->view()
 6 SYSTEMPATH/CodeIgniter.php(502): CodeIgniter\CodeIgniter->runController(Object(App\Controllers\EducationalInfo))
 7 SYSTEMPATH/CodeIgniter.php(361): CodeIgniter\CodeIgniter->handleRequest(null, Object(Config\Cache), false)
 8 FCPATH/index.php(79): CodeIgniter\CodeIgniter->run()
CRITICAL - 2024-05-01 11:59:32 --> Undefined array key "edu_total_duration"
in APPPATH/Views/educationalinfo/view.php on line 85.
 1 APPPATH/Views/educationalinfo/view.php(85): CodeIgniter\Debug\Exceptions->errorHandler(2, 'Undefined array key "edu_total_duration"', '/home/freelance/public_html/digitalflow/app/Views/educationalinfo/view.php', 85)
 2 SYSTEMPATH/View/View.php(228): include('/home/freelance/public_html/digitalflow/app/Views/educationalinfo/view.php')
 3 SYSTEMPATH/View/View.php(231): CodeIgniter\View\View->CodeIgniter\View\{closure}()
 4 SYSTEMPATH/Common.php(1190): CodeIgniter\View\View->render('educationalinfo/view', [], true)
 5 APPPATH/Controllers/EducationalInfo.php(121): view('educationalinfo/view', [...])
 6 SYSTEMPATH/CodeIgniter.php(942): App\Controllers\EducationalInfo->view()
 7 SYSTEMPATH/CodeIgniter.php(502): CodeIgniter\CodeIgniter->runController(Object(App\Controllers\EducationalInfo))
 8 SYSTEMPATH/CodeIgniter.php(361): CodeIgniter\CodeIgniter->handleRequest(null, Object(Config\Cache), false)
 9 FCPATH/index.php(79): CodeIgniter\CodeIgniter->run()
CRITICAL - 2024-05-01 12:39:18 --> Undefined array key "user_created_on"
in APPPATH/Views/educationalinfo/view.php on line 89.
 1 APPPATH/Views/educationalinfo/view.php(89): CodeIgniter\Debug\Exceptions->errorHandler(2, 'Undefined array key "user_created_on"', '/home/freelance/public_html/digitalflow/app/Views/educationalinfo/view.php', 89)
 2 SYSTEMPATH/View/View.php(228): include('/home/freelance/public_html/digitalflow/app/Views/educationalinfo/view.php')
 3 SYSTEMPATH/View/View.php(231): CodeIgniter\View\View->CodeIgniter\View\{closure}()
 4 SYSTEMPATH/Common.php(1190): CodeIgniter\View\View->render('educationalinfo/view', [], true)
 5 APPPATH/Controllers/EducationalInfo.php(121): view('educationalinfo/view', [...])
 6 SYSTEMPATH/CodeIgniter.php(942): App\Controllers\EducationalInfo->view()
 7 SYSTEMPATH/CodeIgniter.php(502): CodeIgniter\CodeIgniter->runController(Object(App\Controllers\EducationalInfo))
 8 SYSTEMPATH/CodeIgniter.php(361): CodeIgniter\CodeIgniter->handleRequest(null, Object(Config\Cache), false)
 9 FCPATH/index.php(79): CodeIgniter\CodeIgniter->run()
CRITICAL - 2024-05-01 12:39:42 --> Undefined array key "user_id"
in APPPATH/Views/educationalinfo/view.php on line 95.
 1 APPPATH/Views/educationalinfo/view.php(95): CodeIgniter\Debug\Exceptions->errorHandler(2, 'Undefined array key "user_id"', '/home/freelance/public_html/digitalflow/app/Views/educationalinfo/view.php', 95)
 2 SYSTEMPATH/View/View.php(228): include('/home/freelance/public_html/digitalflow/app/Views/educationalinfo/view.php')
 3 SYSTEMPATH/View/View.php(231): CodeIgniter\View\View->CodeIgniter\View\{closure}()
 4 SYSTEMPATH/Common.php(1190): CodeIgniter\View\View->render('educationalinfo/view', [], true)
 5 APPPATH/Controllers/EducationalInfo.php(121): view('educationalinfo/view', [...])
 6 SYSTEMPATH/CodeIgniter.php(942): App\Controllers\EducationalInfo->view()
 7 SYSTEMPATH/CodeIgniter.php(502): CodeIgniter\CodeIgniter->runController(Object(App\Controllers\EducationalInfo))
 8 SYSTEMPATH/CodeIgniter.php(361): CodeIgniter\CodeIgniter->handleRequest(null, Object(Config\Cache), false)
 9 FCPATH/index.php(79): CodeIgniter\CodeIgniter->run()
CRITICAL - 2024-05-01 12:51:45 --> Undefined variable $users
in APPPATH/Views/educationalinfo/view.php on line 73.
 1 APPPATH/Views/educationalinfo/view.php(73): CodeIgniter\Debug\Exceptions->errorHandler(2, 'Undefined variable $users', '/home/freelance/public_html/digitalflow/app/Views/educationalinfo/view.php', 73)
 2 SYSTEMPATH/View/View.php(228): include('/home/freelance/public_html/digitalflow/app/Views/educationalinfo/view.php')
 3 SYSTEMPATH/View/View.php(231): CodeIgniter\View\View->CodeIgniter\View\{closure}()
 4 SYSTEMPATH/Common.php(1190): CodeIgniter\View\View->render('educationalinfo/view', [], true)
 5 APPPATH/Controllers/EducationalInfo.php(264): view('educationalinfo/view', [...])
 6 SYSTEMPATH/CodeIgniter.php(942): App\Controllers\EducationalInfo->pdf()
 7 SYSTEMPATH/CodeIgniter.php(502): CodeIgniter\CodeIgniter->runController(Object(App\Controllers\EducationalInfo))
 8 SYSTEMPATH/CodeIgniter.php(361): CodeIgniter\CodeIgniter->handleRequest(null, Object(Config\Cache), false)
 9 FCPATH/index.php(79): CodeIgniter\CodeIgniter->run()
CRITICAL - 2024-05-01 12:54:16 --> Undefined variable $users
in APPPATH/Views/educationalinfo/view.php on line 73.
 1 APPPATH/Views/educationalinfo/view.php(73): CodeIgniter\Debug\Exceptions->errorHandler(2, 'Undefined variable $users', '/home/freelance/public_html/digitalflow/app/Views/educationalinfo/view.php', 73)
 2 SYSTEMPATH/View/View.php(228): include('/home/freelance/public_html/digitalflow/app/Views/educationalinfo/view.php')
 3 SYSTEMPATH/View/View.php(231): CodeIgniter\View\View->CodeIgniter\View\{closure}()
 4 SYSTEMPATH/Common.php(1190): CodeIgniter\View\View->render('educationalinfo/view', [], true)
 5 APPPATH/Controllers/EducationalInfo.php(264): view('educationalinfo/view', [...])
 6 SYSTEMPATH/CodeIgniter.php(942): App\Controllers\EducationalInfo->pdf()
 7 SYSTEMPATH/CodeIgniter.php(502): CodeIgniter\CodeIgniter->runController(Object(App\Controllers\EducationalInfo))
 8 SYSTEMPATH/CodeIgniter.php(361): CodeIgniter\CodeIgniter->handleRequest(null, Object(Config\Cache), false)
 9 FCPATH/index.php(79): CodeIgniter\CodeIgniter->run()
CRITICAL - 2024-05-01 13:21:09 --> CodeIgniter\HTTP\SiteURI::stringifyRelativePath(): Return value must be of type string, null returned
in SYSTEMPATH/HTTP/SiteURI.php on line 403.
 1 SYSTEMPATH/HTTP/SiteURI.php(415): CodeIgniter\HTTP\SiteURI->stringifyRelativePath(null)
 2 SYSTEMPATH/Helpers/url_helper.php(36): CodeIgniter\HTTP\SiteURI->siteUrl(null, null, null)
 3 APPPATH/Views/educationalinfo/view.php(81): site_url(null)
 4 SYSTEMPATH/View/View.php(228): include('/home/freelance/public_html/digitalflow/app/Views/educationalinfo/view.php')
 5 SYSTEMPATH/View/View.php(231): CodeIgniter\View\View->CodeIgniter\View\{closure}()
 6 SYSTEMPATH/Common.php(1190): CodeIgniter\View\View->render('educationalinfo/view', [], true)
 7 APPPATH/Controllers/EducationalInfo.php(264): view('educationalinfo/view', [...])
 8 SYSTEMPATH/CodeIgniter.php(942): App\Controllers\EducationalInfo->pdf()
 9 SYSTEMPATH/CodeIgniter.php(502): CodeIgniter\CodeIgniter->runController(Object(App\Controllers\EducationalInfo))
10 SYSTEMPATH/CodeIgniter.php(361): CodeIgniter\CodeIgniter->handleRequest(null, Object(Config\Cache), false)
11 FCPATH/index.php(79): CodeIgniter\CodeIgniter->run()
CRITICAL - 2024-05-01 13:24:35 --> Undefined variable $base_url
in APPPATH/Views/educationalinfo/view.php on line 82.
 1 APPPATH/Views/educationalinfo/view.php(82): CodeIgniter\Debug\Exceptions->errorHandler(2, 'Undefined variable $base_url', '/home/freelance/public_html/digitalflow/app/Views/educationalinfo/view.php', 82)
 2 SYSTEMPATH/View/View.php(228): include('/home/freelance/public_html/digitalflow/app/Views/educationalinfo/view.php')
 3 SYSTEMPATH/View/View.php(231): CodeIgniter\View\View->CodeIgniter\View\{closure}()
 4 SYSTEMPATH/Common.php(1190): CodeIgniter\View\View->render('educationalinfo/view', [], true)
 5 APPPATH/Controllers/EducationalInfo.php(264): view('educationalinfo/view', [...])
 6 SYSTEMPATH/CodeIgniter.php(942): App\Controllers\EducationalInfo->pdf()
 7 SYSTEMPATH/CodeIgniter.php(502): CodeIgniter\CodeIgniter->runController(Object(App\Controllers\EducationalInfo))
 8 SYSTEMPATH/CodeIgniter.php(361): CodeIgniter\CodeIgniter->handleRequest(null, Object(Config\Cache), false)
 9 FCPATH/index.php(79): CodeIgniter\CodeIgniter->run()
CRITICAL - 2024-05-01 13:25:39 --> Undefined variable $baseURL
in APPPATH/Views/educationalinfo/view.php on line 82.
 1 APPPATH/Views/educationalinfo/view.php(82): CodeIgniter\Debug\Exceptions->errorHandler(2, 'Undefined variable $baseURL', '/home/freelance/public_html/digitalflow/app/Views/educationalinfo/view.php', 82)
 2 SYSTEMPATH/View/View.php(228): include('/home/freelance/public_html/digitalflow/app/Views/educationalinfo/view.php')
 3 SYSTEMPATH/View/View.php(231): CodeIgniter\View\View->CodeIgniter\View\{closure}()
 4 SYSTEMPATH/Common.php(1190): CodeIgniter\View\View->render('educationalinfo/view', [], true)
 5 APPPATH/Controllers/EducationalInfo.php(264): view('educationalinfo/view', [...])
 6 SYSTEMPATH/CodeIgniter.php(942): App\Controllers\EducationalInfo->pdf()
 7 SYSTEMPATH/CodeIgniter.php(502): CodeIgniter\CodeIgniter->runController(Object(App\Controllers\EducationalInfo))
 8 SYSTEMPATH/CodeIgniter.php(361): CodeIgniter\CodeIgniter->handleRequest(null, Object(Config\Cache), false)
 9 FCPATH/index.php(79): CodeIgniter\CodeIgniter->run()
CRITICAL - 2024-05-01 13:32:14 --> Undefined array key "bankaccount_id"
in APPPATH/Views/bankaccountinfo/edit.php on line 44.
 1 APPPATH/Views/bankaccountinfo/edit.php(44): CodeIgniter\Debug\Exceptions->errorHandler(2, 'Undefined array key "bankaccount_id"', '/home/freelance/public_html/digitalflow/app/Views/bankaccountinfo/edit.php', 44)
 2 SYSTEMPATH/View/View.php(228): include('/home/freelance/public_html/digitalflow/app/Views/bankaccountinfo/edit.php')
 3 SYSTEMPATH/View/View.php(231): CodeIgniter\View\View->CodeIgniter\View\{closure}()
 4 SYSTEMPATH/Common.php(1190): CodeIgniter\View\View->render('bankaccountinfo/edit', [], true)
 5 APPPATH/Controllers/EducationalInfo.php(137): view('bankaccountinfo/edit', [...])
 6 SYSTEMPATH/CodeIgniter.php(942): App\Controllers\EducationalInfo->edit('VFZFOVBRPT0=')
 7 SYSTEMPATH/CodeIgniter.php(502): CodeIgniter\CodeIgniter->runController(Object(App\Controllers\EducationalInfo))
 8 SYSTEMPATH/CodeIgniter.php(361): CodeIgniter\CodeIgniter->handleRequest(null, Object(Config\Cache), false)
 9 FCPATH/index.php(79): CodeIgniter\CodeIgniter->run()
