ERROR - 2025-03-20 07:15:14 --> Error connecting to the database: mysqli_sql_exception: Access denied for user 'root'@'localhost' (using password: NO) in /www/wwwroot/viyoma.neuralarc.com/viyoma/system/Database/MySQLi/Connection.php:185
Stack trace:
#0 /www/wwwroot/viyoma.neuralarc.com/viyoma/system/Database/MySQLi/Connection.php(185): mysqli->real_connect()
#1 /www/wwwroot/viyoma.neuralarc.com/viyoma/system/Database/BaseConnection.php(392): CodeIgniter\Database\MySQLi\Connection->connect()
#2 /www/wwwroot/viyoma.neuralarc.com/viyoma/system/Database/BaseConnection.php(575): CodeIgniter\Database\BaseConnection->initialize()
#3 /www/wwwroot/viyoma.neuralarc.com/viyoma/system/Database/BaseBuilder.php(1615): CodeIgniter\Database\BaseConnection->query()
#4 /www/wwwroot/viyoma.neuralarc.com/viyoma/system/Model.php(264): CodeIgniter\Database\BaseBuilder->get()
#5 /www/wwwroot/viyoma.neuralarc.com/viyoma/system/BaseModel.php(662): CodeIgniter\Model->doFirst()
#6 /www/wwwroot/viyoma.neuralarc.com/viyoma/app/Controllers/UserInfo.php(98): CodeIgniter\BaseModel->first()
#7 /www/wwwroot/viyoma.neuralarc.com/viyoma/system/CodeIgniter.php(942): App\Controllers\UserInfo->login_viyoma()
#8 /www/wwwroot/viyoma.neuralarc.com/viyoma/system/CodeIgniter.php(502): CodeIgniter\CodeIgniter->runController()
#9 /www/wwwroot/viyoma.neuralarc.com/viyoma/system/CodeIgniter.php(361): CodeIgniter\CodeIgniter->handleRequest()
#10 /www/wwwroot/viyoma.neuralarc.com/viyoma/index.php(79): CodeIgniter\CodeIgniter->run()
#11 {main}

Next CodeIgniter\Database\Exceptions\DatabaseException: Access denied for user '****'@'localhost' (using password: NO) in /www/wwwroot/viyoma.neuralarc.com/viyoma/system/Database/MySQLi/Connection.php:229
Stack trace:
#0 /www/wwwroot/viyoma.neuralarc.com/viyoma/system/Database/BaseConnection.php(392): CodeIgniter\Database\MySQLi\Connection->connect()
#1 /www/wwwroot/viyoma.neuralarc.com/viyoma/system/Database/BaseConnection.php(575): CodeIgniter\Database\BaseConnection->initialize()
#2 /www/wwwroot/viyoma.neuralarc.com/viyoma/system/Database/BaseBuilder.php(1615): CodeIgniter\Database\BaseConnection->query()
#3 /www/wwwroot/viyoma.neuralarc.com/viyoma/system/Model.php(264): CodeIgniter\Database\BaseBuilder->get()
#4 /www/wwwroot/viyoma.neuralarc.com/viyoma/system/BaseModel.php(662): CodeIgniter\Model->doFirst()
#5 /www/wwwroot/viyoma.neuralarc.com/viyoma/app/Controllers/UserInfo.php(98): CodeIgniter\BaseModel->first()
#6 /www/wwwroot/viyoma.neuralarc.com/viyoma/system/CodeIgniter.php(942): App\Controllers\UserInfo->login_viyoma()
#7 /www/wwwroot/viyoma.neuralarc.com/viyoma/system/CodeIgniter.php(502): CodeIgniter\CodeIgniter->runController()
#8 /www/wwwroot/viyoma.neuralarc.com/viyoma/system/CodeIgniter.php(361): CodeIgniter\CodeIgniter->handleRequest()
#9 /www/wwwroot/viyoma.neuralarc.com/viyoma/index.php(79): CodeIgniter\CodeIgniter->run()
#10 {main}
CRITICAL - 2025-03-20 07:15:14 --> Unable to connect to the database.
Main connection [MySQLi]: Access denied for user '****'@'localhost' (using password: NO)
in SYSTEMPATH/Database/BaseConnection.php on line 428.
 1 SYSTEMPATH/Database/BaseConnection.php(575): CodeIgniter\Database\BaseConnection->initialize()
 2 SYSTEMPATH/Database/BaseBuilder.php(1615): CodeIgniter\Database\BaseConnection->query()
 3 SYSTEMPATH/Model.php(264): CodeIgniter\Database\BaseBuilder->get()
 4 SYSTEMPATH/BaseModel.php(662): CodeIgniter\Model->doFirst()
 5 APPPATH/Controllers/UserInfo.php(98): CodeIgniter\BaseModel->first()
 6 SYSTEMPATH/CodeIgniter.php(942): App\Controllers\UserInfo->login_viyoma()
 7 SYSTEMPATH/CodeIgniter.php(502): CodeIgniter\CodeIgniter->runController()
 8 SYSTEMPATH/CodeIgniter.php(361): CodeIgniter\CodeIgniter->handleRequest()
 9 FCPATH/index.php(79): CodeIgniter\CodeIgniter->run()
ERROR - 2025-03-20 07:17:53 --> Error connecting to the database: mysqli_sql_exception: Access denied for user 'root'@'localhost' (using password: NO) in /www/wwwroot/viyoma.neuralarc.com/viyoma/system/Database/MySQLi/Connection.php:185
Stack trace:
#0 /www/wwwroot/viyoma.neuralarc.com/viyoma/system/Database/MySQLi/Connection.php(185): mysqli->real_connect()
#1 /www/wwwroot/viyoma.neuralarc.com/viyoma/system/Database/BaseConnection.php(392): CodeIgniter\Database\MySQLi\Connection->connect()
#2 /www/wwwroot/viyoma.neuralarc.com/viyoma/system/Database/BaseConnection.php(575): CodeIgniter\Database\BaseConnection->initialize()
#3 /www/wwwroot/viyoma.neuralarc.com/viyoma/system/Database/BaseBuilder.php(1615): CodeIgniter\Database\BaseConnection->query()
#4 /www/wwwroot/viyoma.neuralarc.com/viyoma/system/Model.php(237): CodeIgniter\Database\BaseBuilder->get()
#5 /www/wwwroot/viyoma.neuralarc.com/viyoma/system/BaseModel.php(624): CodeIgniter\Model->doFindAll()
#6 /www/wwwroot/viyoma.neuralarc.com/viyoma/app/Controllers/Asset.php(151): CodeIgniter\BaseModel->findAll()
#7 /www/wwwroot/viyoma.neuralarc.com/viyoma/system/CodeIgniter.php(942): App\Controllers\Asset->viewAsset()
#8 /www/wwwroot/viyoma.neuralarc.com/viyoma/system/CodeIgniter.php(502): CodeIgniter\CodeIgniter->runController()
#9 /www/wwwroot/viyoma.neuralarc.com/viyoma/system/CodeIgniter.php(361): CodeIgniter\CodeIgniter->handleRequest()
#10 /www/wwwroot/viyoma.neuralarc.com/viyoma/index.php(79): CodeIgniter\CodeIgniter->run()
#11 {main}

Next CodeIgniter\Database\Exceptions\DatabaseException: Access denied for user '****'@'localhost' (using password: NO) in /www/wwwroot/viyoma.neuralarc.com/viyoma/system/Database/MySQLi/Connection.php:229
Stack trace:
#0 /www/wwwroot/viyoma.neuralarc.com/viyoma/system/Database/BaseConnection.php(392): CodeIgniter\Database\MySQLi\Connection->connect()
#1 /www/wwwroot/viyoma.neuralarc.com/viyoma/system/Database/BaseConnection.php(575): CodeIgniter\Database\BaseConnection->initialize()
#2 /www/wwwroot/viyoma.neuralarc.com/viyoma/system/Database/BaseBuilder.php(1615): CodeIgniter\Database\BaseConnection->query()
#3 /www/wwwroot/viyoma.neuralarc.com/viyoma/system/Model.php(237): CodeIgniter\Database\BaseBuilder->get()
#4 /www/wwwroot/viyoma.neuralarc.com/viyoma/system/BaseModel.php(624): CodeIgniter\Model->doFindAll()
#5 /www/wwwroot/viyoma.neuralarc.com/viyoma/app/Controllers/Asset.php(151): CodeIgniter\BaseModel->findAll()
#6 /www/wwwroot/viyoma.neuralarc.com/viyoma/system/CodeIgniter.php(942): App\Controllers\Asset->viewAsset()
#7 /www/wwwroot/viyoma.neuralarc.com/viyoma/system/CodeIgniter.php(502): CodeIgniter\CodeIgniter->runController()
#8 /www/wwwroot/viyoma.neuralarc.com/viyoma/system/CodeIgniter.php(361): CodeIgniter\CodeIgniter->handleRequest()
#9 /www/wwwroot/viyoma.neuralarc.com/viyoma/index.php(79): CodeIgniter\CodeIgniter->run()
#10 {main}
CRITICAL - 2025-03-20 07:17:53 --> Unable to connect to the database.
Main connection [MySQLi]: Access denied for user '****'@'localhost' (using password: NO)
in SYSTEMPATH/Database/BaseConnection.php on line 428.
 1 SYSTEMPATH/Database/BaseConnection.php(575): CodeIgniter\Database\BaseConnection->initialize()
 2 SYSTEMPATH/Database/BaseBuilder.php(1615): CodeIgniter\Database\BaseConnection->query()
 3 SYSTEMPATH/Model.php(237): CodeIgniter\Database\BaseBuilder->get()
 4 SYSTEMPATH/BaseModel.php(624): CodeIgniter\Model->doFindAll()
 5 APPPATH/Controllers/Asset.php(151): CodeIgniter\BaseModel->findAll()
 6 SYSTEMPATH/CodeIgniter.php(942): App\Controllers\Asset->viewAsset()
 7 SYSTEMPATH/CodeIgniter.php(502): CodeIgniter\CodeIgniter->runController()
 8 SYSTEMPATH/CodeIgniter.php(361): CodeIgniter\CodeIgniter->handleRequest()
 9 FCPATH/index.php(79): CodeIgniter\CodeIgniter->run()
ERROR - 2025-03-20 07:20:56 --> Error connecting to the database: mysqli_sql_exception: Access denied for user 'inventory'@'localhost' (using password: YES) in /www/wwwroot/viyoma.neuralarc.com/viyoma/system/Database/MySQLi/Connection.php:185
Stack trace:
#0 /www/wwwroot/viyoma.neuralarc.com/viyoma/system/Database/MySQLi/Connection.php(185): mysqli->real_connect()
#1 /www/wwwroot/viyoma.neuralarc.com/viyoma/system/Database/BaseConnection.php(392): CodeIgniter\Database\MySQLi\Connection->connect()
#2 /www/wwwroot/viyoma.neuralarc.com/viyoma/system/Database/BaseConnection.php(575): CodeIgniter\Database\BaseConnection->initialize()
#3 /www/wwwroot/viyoma.neuralarc.com/viyoma/system/Database/BaseBuilder.php(1615): CodeIgniter\Database\BaseConnection->query()
#4 /www/wwwroot/viyoma.neuralarc.com/viyoma/system/Model.php(237): CodeIgniter\Database\BaseBuilder->get()
#5 /www/wwwroot/viyoma.neuralarc.com/viyoma/system/BaseModel.php(624): CodeIgniter\Model->doFindAll()
#6 /www/wwwroot/viyoma.neuralarc.com/viyoma/app/Controllers/Asset.php(151): CodeIgniter\BaseModel->findAll()
#7 /www/wwwroot/viyoma.neuralarc.com/viyoma/system/CodeIgniter.php(942): App\Controllers\Asset->viewAsset()
#8 /www/wwwroot/viyoma.neuralarc.com/viyoma/system/CodeIgniter.php(502): CodeIgniter\CodeIgniter->runController()
#9 /www/wwwroot/viyoma.neuralarc.com/viyoma/system/CodeIgniter.php(361): CodeIgniter\CodeIgniter->handleRequest()
#10 /www/wwwroot/viyoma.neuralarc.com/viyoma/index.php(79): CodeIgniter\CodeIgniter->run()
#11 {main}

Next CodeIgniter\Database\Exceptions\DatabaseException: Access denied for user '****'@'localhost' (using password: YES) in /www/wwwroot/viyoma.neuralarc.com/viyoma/system/Database/MySQLi/Connection.php:229
Stack trace:
#0 /www/wwwroot/viyoma.neuralarc.com/viyoma/system/Database/BaseConnection.php(392): CodeIgniter\Database\MySQLi\Connection->connect()
#1 /www/wwwroot/viyoma.neuralarc.com/viyoma/system/Database/BaseConnection.php(575): CodeIgniter\Database\BaseConnection->initialize()
#2 /www/wwwroot/viyoma.neuralarc.com/viyoma/system/Database/BaseBuilder.php(1615): CodeIgniter\Database\BaseConnection->query()
#3 /www/wwwroot/viyoma.neuralarc.com/viyoma/system/Model.php(237): CodeIgniter\Database\BaseBuilder->get()
#4 /www/wwwroot/viyoma.neuralarc.com/viyoma/system/BaseModel.php(624): CodeIgniter\Model->doFindAll()
#5 /www/wwwroot/viyoma.neuralarc.com/viyoma/app/Controllers/Asset.php(151): CodeIgniter\BaseModel->findAll()
#6 /www/wwwroot/viyoma.neuralarc.com/viyoma/system/CodeIgniter.php(942): App\Controllers\Asset->viewAsset()
#7 /www/wwwroot/viyoma.neuralarc.com/viyoma/system/CodeIgniter.php(502): CodeIgniter\CodeIgniter->runController()
#8 /www/wwwroot/viyoma.neuralarc.com/viyoma/system/CodeIgniter.php(361): CodeIgniter\CodeIgniter->handleRequest()
#9 /www/wwwroot/viyoma.neuralarc.com/viyoma/index.php(79): CodeIgniter\CodeIgniter->run()
#10 {main}
CRITICAL - 2025-03-20 07:20:56 --> Unable to connect to the database.
Main connection [MySQLi]: Access denied for user '****'@'localhost' (using password: YES)
in SYSTEMPATH/Database/BaseConnection.php on line 428.
 1 SYSTEMPATH/Database/BaseConnection.php(575): CodeIgniter\Database\BaseConnection->initialize()
 2 SYSTEMPATH/Database/BaseBuilder.php(1615): CodeIgniter\Database\BaseConnection->query()
 3 SYSTEMPATH/Model.php(237): CodeIgniter\Database\BaseBuilder->get()
 4 SYSTEMPATH/BaseModel.php(624): CodeIgniter\Model->doFindAll()
 5 APPPATH/Controllers/Asset.php(151): CodeIgniter\BaseModel->findAll()
 6 SYSTEMPATH/CodeIgniter.php(942): App\Controllers\Asset->viewAsset()
 7 SYSTEMPATH/CodeIgniter.php(502): CodeIgniter\CodeIgniter->runController()
 8 SYSTEMPATH/CodeIgniter.php(361): CodeIgniter\CodeIgniter->handleRequest()
 9 FCPATH/index.php(79): CodeIgniter\CodeIgniter->run()
ERROR - 2025-03-20 07:21:00 --> Error connecting to the database: mysqli_sql_exception: Access denied for user 'inventory'@'localhost' (using password: YES) in /www/wwwroot/viyoma.neuralarc.com/viyoma/system/Database/MySQLi/Connection.php:185
Stack trace:
#0 /www/wwwroot/viyoma.neuralarc.com/viyoma/system/Database/MySQLi/Connection.php(185): mysqli->real_connect()
#1 /www/wwwroot/viyoma.neuralarc.com/viyoma/system/Database/BaseConnection.php(392): CodeIgniter\Database\MySQLi\Connection->connect()
#2 /www/wwwroot/viyoma.neuralarc.com/viyoma/system/Database/BaseConnection.php(575): CodeIgniter\Database\BaseConnection->initialize()
#3 /www/wwwroot/viyoma.neuralarc.com/viyoma/system/Database/BaseBuilder.php(1615): CodeIgniter\Database\BaseConnection->query()
#4 /www/wwwroot/viyoma.neuralarc.com/viyoma/system/Model.php(237): CodeIgniter\Database\BaseBuilder->get()
#5 /www/wwwroot/viyoma.neuralarc.com/viyoma/system/BaseModel.php(624): CodeIgniter\Model->doFindAll()
#6 /www/wwwroot/viyoma.neuralarc.com/viyoma/app/Controllers/Asset.php(151): CodeIgniter\BaseModel->findAll()
#7 /www/wwwroot/viyoma.neuralarc.com/viyoma/system/CodeIgniter.php(942): App\Controllers\Asset->viewAsset()
#8 /www/wwwroot/viyoma.neuralarc.com/viyoma/system/CodeIgniter.php(502): CodeIgniter\CodeIgniter->runController()
#9 /www/wwwroot/viyoma.neuralarc.com/viyoma/system/CodeIgniter.php(361): CodeIgniter\CodeIgniter->handleRequest()
#10 /www/wwwroot/viyoma.neuralarc.com/viyoma/index.php(79): CodeIgniter\CodeIgniter->run()
#11 {main}

Next CodeIgniter\Database\Exceptions\DatabaseException: Access denied for user '****'@'localhost' (using password: YES) in /www/wwwroot/viyoma.neuralarc.com/viyoma/system/Database/MySQLi/Connection.php:229
Stack trace:
#0 /www/wwwroot/viyoma.neuralarc.com/viyoma/system/Database/BaseConnection.php(392): CodeIgniter\Database\MySQLi\Connection->connect()
#1 /www/wwwroot/viyoma.neuralarc.com/viyoma/system/Database/BaseConnection.php(575): CodeIgniter\Database\BaseConnection->initialize()
#2 /www/wwwroot/viyoma.neuralarc.com/viyoma/system/Database/BaseBuilder.php(1615): CodeIgniter\Database\BaseConnection->query()
#3 /www/wwwroot/viyoma.neuralarc.com/viyoma/system/Model.php(237): CodeIgniter\Database\BaseBuilder->get()
#4 /www/wwwroot/viyoma.neuralarc.com/viyoma/system/BaseModel.php(624): CodeIgniter\Model->doFindAll()
#5 /www/wwwroot/viyoma.neuralarc.com/viyoma/app/Controllers/Asset.php(151): CodeIgniter\BaseModel->findAll()
#6 /www/wwwroot/viyoma.neuralarc.com/viyoma/system/CodeIgniter.php(942): App\Controllers\Asset->viewAsset()
#7 /www/wwwroot/viyoma.neuralarc.com/viyoma/system/CodeIgniter.php(502): CodeIgniter\CodeIgniter->runController()
#8 /www/wwwroot/viyoma.neuralarc.com/viyoma/system/CodeIgniter.php(361): CodeIgniter\CodeIgniter->handleRequest()
#9 /www/wwwroot/viyoma.neuralarc.com/viyoma/index.php(79): CodeIgniter\CodeIgniter->run()
#10 {main}
CRITICAL - 2025-03-20 07:21:00 --> Unable to connect to the database.
Main connection [MySQLi]: Access denied for user '****'@'localhost' (using password: YES)
in SYSTEMPATH/Database/BaseConnection.php on line 428.
 1 SYSTEMPATH/Database/BaseConnection.php(575): CodeIgniter\Database\BaseConnection->initialize()
 2 SYSTEMPATH/Database/BaseBuilder.php(1615): CodeIgniter\Database\BaseConnection->query()
 3 SYSTEMPATH/Model.php(237): CodeIgniter\Database\BaseBuilder->get()
 4 SYSTEMPATH/BaseModel.php(624): CodeIgniter\Model->doFindAll()
 5 APPPATH/Controllers/Asset.php(151): CodeIgniter\BaseModel->findAll()
 6 SYSTEMPATH/CodeIgniter.php(942): App\Controllers\Asset->viewAsset()
 7 SYSTEMPATH/CodeIgniter.php(502): CodeIgniter\CodeIgniter->runController()
 8 SYSTEMPATH/CodeIgniter.php(361): CodeIgniter\CodeIgniter->handleRequest()
 9 FCPATH/index.php(79): CodeIgniter\CodeIgniter->run()
ERROR - 2025-03-20 07:27:28 --> Error connecting to the database: mysqli_sql_exception: Access denied for user 'inventory'@'localhost' (using password: YES) in /www/wwwroot/viyoma.neuralarc.com/viyoma/system/Database/MySQLi/Connection.php:185
Stack trace:
#0 /www/wwwroot/viyoma.neuralarc.com/viyoma/system/Database/MySQLi/Connection.php(185): mysqli->real_connect()
#1 /www/wwwroot/viyoma.neuralarc.com/viyoma/system/Database/BaseConnection.php(392): CodeIgniter\Database\MySQLi\Connection->connect()
#2 /www/wwwroot/viyoma.neuralarc.com/viyoma/system/Database/BaseConnection.php(575): CodeIgniter\Database\BaseConnection->initialize()
#3 /www/wwwroot/viyoma.neuralarc.com/viyoma/system/Database/BaseBuilder.php(1615): CodeIgniter\Database\BaseConnection->query()
#4 /www/wwwroot/viyoma.neuralarc.com/viyoma/system/Model.php(264): CodeIgniter\Database\BaseBuilder->get()
#5 /www/wwwroot/viyoma.neuralarc.com/viyoma/system/BaseModel.php(662): CodeIgniter\Model->doFirst()
#6 /www/wwwroot/viyoma.neuralarc.com/viyoma/app/Controllers/UserInfo.php(98): CodeIgniter\BaseModel->first()
#7 /www/wwwroot/viyoma.neuralarc.com/viyoma/system/CodeIgniter.php(942): App\Controllers\UserInfo->login_viyoma()
#8 /www/wwwroot/viyoma.neuralarc.com/viyoma/system/CodeIgniter.php(502): CodeIgniter\CodeIgniter->runController()
#9 /www/wwwroot/viyoma.neuralarc.com/viyoma/system/CodeIgniter.php(361): CodeIgniter\CodeIgniter->handleRequest()
#10 /www/wwwroot/viyoma.neuralarc.com/viyoma/index.php(79): CodeIgniter\CodeIgniter->run()
#11 {main}

Next CodeIgniter\Database\Exceptions\DatabaseException: Access denied for user '****'@'localhost' (using password: YES) in /www/wwwroot/viyoma.neuralarc.com/viyoma/system/Database/MySQLi/Connection.php:229
Stack trace:
#0 /www/wwwroot/viyoma.neuralarc.com/viyoma/system/Database/BaseConnection.php(392): CodeIgniter\Database\MySQLi\Connection->connect()
#1 /www/wwwroot/viyoma.neuralarc.com/viyoma/system/Database/BaseConnection.php(575): CodeIgniter\Database\BaseConnection->initialize()
#2 /www/wwwroot/viyoma.neuralarc.com/viyoma/system/Database/BaseBuilder.php(1615): CodeIgniter\Database\BaseConnection->query()
#3 /www/wwwroot/viyoma.neuralarc.com/viyoma/system/Model.php(264): CodeIgniter\Database\BaseBuilder->get()
#4 /www/wwwroot/viyoma.neuralarc.com/viyoma/system/BaseModel.php(662): CodeIgniter\Model->doFirst()
#5 /www/wwwroot/viyoma.neuralarc.com/viyoma/app/Controllers/UserInfo.php(98): CodeIgniter\BaseModel->first()
#6 /www/wwwroot/viyoma.neuralarc.com/viyoma/system/CodeIgniter.php(942): App\Controllers\UserInfo->login_viyoma()
#7 /www/wwwroot/viyoma.neuralarc.com/viyoma/system/CodeIgniter.php(502): CodeIgniter\CodeIgniter->runController()
#8 /www/wwwroot/viyoma.neuralarc.com/viyoma/system/CodeIgniter.php(361): CodeIgniter\CodeIgniter->handleRequest()
#9 /www/wwwroot/viyoma.neuralarc.com/viyoma/index.php(79): CodeIgniter\CodeIgniter->run()
#10 {main}
CRITICAL - 2025-03-20 07:27:28 --> Unable to connect to the database.
Main connection [MySQLi]: Access denied for user '****'@'localhost' (using password: YES)
in SYSTEMPATH/Database/BaseConnection.php on line 428.
 1 SYSTEMPATH/Database/BaseConnection.php(575): CodeIgniter\Database\BaseConnection->initialize()
 2 SYSTEMPATH/Database/BaseBuilder.php(1615): CodeIgniter\Database\BaseConnection->query()
 3 SYSTEMPATH/Model.php(264): CodeIgniter\Database\BaseBuilder->get()
 4 SYSTEMPATH/BaseModel.php(662): CodeIgniter\Model->doFirst()
 5 APPPATH/Controllers/UserInfo.php(98): CodeIgniter\BaseModel->first()
 6 SYSTEMPATH/CodeIgniter.php(942): App\Controllers\UserInfo->login_viyoma()
 7 SYSTEMPATH/CodeIgniter.php(502): CodeIgniter\CodeIgniter->runController()
 8 SYSTEMPATH/CodeIgniter.php(361): CodeIgniter\CodeIgniter->handleRequest()
 9 FCPATH/index.php(79): CodeIgniter\CodeIgniter->run()
ERROR - 2025-03-20 09:56:03 --> Error connecting to the database: mysqli_sql_exception: Access denied for user 'inventory'@'localhost' (using password: YES) in /www/wwwroot/viyoma.neuralarc.com/viyoma3/system/Database/MySQLi/Connection.php:185
Stack trace:
#0 /www/wwwroot/viyoma.neuralarc.com/viyoma3/system/Database/MySQLi/Connection.php(185): mysqli->real_connect()
#1 /www/wwwroot/viyoma.neuralarc.com/viyoma3/system/Database/BaseConnection.php(392): CodeIgniter\Database\MySQLi\Connection->connect()
#2 /www/wwwroot/viyoma.neuralarc.com/viyoma3/system/Database/BaseConnection.php(575): CodeIgniter\Database\BaseConnection->initialize()
#3 /www/wwwroot/viyoma.neuralarc.com/viyoma3/system/Database/BaseBuilder.php(1615): CodeIgniter\Database\BaseConnection->query()
#4 /www/wwwroot/viyoma.neuralarc.com/viyoma3/system/Model.php(264): CodeIgniter\Database\BaseBuilder->get()
#5 /www/wwwroot/viyoma.neuralarc.com/viyoma3/system/BaseModel.php(662): CodeIgniter\Model->doFirst()
#6 /www/wwwroot/viyoma.neuralarc.com/viyoma3/app/Controllers/UserInfo.php(98): CodeIgniter\BaseModel->first()
#7 /www/wwwroot/viyoma.neuralarc.com/viyoma3/system/CodeIgniter.php(942): App\Controllers\UserInfo->login_viyoma()
#8 /www/wwwroot/viyoma.neuralarc.com/viyoma3/system/CodeIgniter.php(502): CodeIgniter\CodeIgniter->runController()
#9 /www/wwwroot/viyoma.neuralarc.com/viyoma3/system/CodeIgniter.php(361): CodeIgniter\CodeIgniter->handleRequest()
#10 /www/wwwroot/viyoma.neuralarc.com/viyoma3/index.php(79): CodeIgniter\CodeIgniter->run()
#11 {main}

Next CodeIgniter\Database\Exceptions\DatabaseException: Access denied for user '****'@'localhost' (using password: YES) in /www/wwwroot/viyoma.neuralarc.com/viyoma3/system/Database/MySQLi/Connection.php:229
Stack trace:
#0 /www/wwwroot/viyoma.neuralarc.com/viyoma3/system/Database/BaseConnection.php(392): CodeIgniter\Database\MySQLi\Connection->connect()
#1 /www/wwwroot/viyoma.neuralarc.com/viyoma3/system/Database/BaseConnection.php(575): CodeIgniter\Database\BaseConnection->initialize()
#2 /www/wwwroot/viyoma.neuralarc.com/viyoma3/system/Database/BaseBuilder.php(1615): CodeIgniter\Database\BaseConnection->query()
#3 /www/wwwroot/viyoma.neuralarc.com/viyoma3/system/Model.php(264): CodeIgniter\Database\BaseBuilder->get()
#4 /www/wwwroot/viyoma.neuralarc.com/viyoma3/system/BaseModel.php(662): CodeIgniter\Model->doFirst()
#5 /www/wwwroot/viyoma.neuralarc.com/viyoma3/app/Controllers/UserInfo.php(98): CodeIgniter\BaseModel->first()
#6 /www/wwwroot/viyoma.neuralarc.com/viyoma3/system/CodeIgniter.php(942): App\Controllers\UserInfo->login_viyoma()
#7 /www/wwwroot/viyoma.neuralarc.com/viyoma3/system/CodeIgniter.php(502): CodeIgniter\CodeIgniter->runController()
#8 /www/wwwroot/viyoma.neuralarc.com/viyoma3/system/CodeIgniter.php(361): CodeIgniter\CodeIgniter->handleRequest()
#9 /www/wwwroot/viyoma.neuralarc.com/viyoma3/index.php(79): CodeIgniter\CodeIgniter->run()
#10 {main}
CRITICAL - 2025-03-20 09:56:03 --> Unable to connect to the database.
Main connection [MySQLi]: Access denied for user '****'@'localhost' (using password: YES)
in SYSTEMPATH/Database/BaseConnection.php on line 428.
 1 SYSTEMPATH/Database/BaseConnection.php(575): CodeIgniter\Database\BaseConnection->initialize()
 2 SYSTEMPATH/Database/BaseBuilder.php(1615): CodeIgniter\Database\BaseConnection->query()
 3 SYSTEMPATH/Model.php(264): CodeIgniter\Database\BaseBuilder->get()
 4 SYSTEMPATH/BaseModel.php(662): CodeIgniter\Model->doFirst()
 5 APPPATH/Controllers/UserInfo.php(98): CodeIgniter\BaseModel->first()
 6 SYSTEMPATH/CodeIgniter.php(942): App\Controllers\UserInfo->login_viyoma()
 7 SYSTEMPATH/CodeIgniter.php(502): CodeIgniter\CodeIgniter->runController()
 8 SYSTEMPATH/CodeIgniter.php(361): CodeIgniter\CodeIgniter->handleRequest()
 9 FCPATH/index.php(79): CodeIgniter\CodeIgniter->run()
