CRITICAL - 2024-05-30 05:09:50 --> Undefined variable $users
in APPPATH/Views/educationalinfo/view.php on line 73.
 1 APPPATH/Views/educationalinfo/view.php(73): CodeIgniter\Debug\Exceptions->errorHandler(2, 'Undefined variable $users', '/home/freelance/public_html/digitalflow/app/Views/educationalinfo/view.php', 73)
 2 SYSTEMPATH/View/View.php(228): include('/home/freelance/public_html/digitalflow/app/Views/educationalinfo/view.php')
 3 SYSTEMPATH/View/View.php(231): CodeIgniter\View\View->CodeIgniter\View\{closure}()
 4 SYSTEMPATH/Common.php(1190): CodeIgniter\View\View->render('educationalinfo/view', [], true)
 5 APPPATH/Controllers/EducationalInfo.php(163): view('educationalinfo/view', [...])
 6 SYSTEMPATH/CodeIgniter.php(942): App\Controllers\EducationalInfo->view()
 7 SYSTEMPATH/CodeIgniter.php(502): CodeIgniter\CodeIgniter->runController(Object(App\Controllers\EducationalInfo))
 8 SYSTEMPATH/CodeIgniter.php(361): CodeIgniter\CodeIgniter->handleRequest(null, Object(Config\Cache), false)
 9 FCPATH/index.php(79): CodeIgniter\CodeIgniter->run()
CRITICAL - 2024-05-30 05:10:11 --> Undefined variable $users
in APPPATH/Views/educationalinfo/view.php on line 73.
 1 APPPATH/Views/educationalinfo/view.php(73): CodeIgniter\Debug\Exceptions->errorHandler(2, 'Undefined variable $users', '/home/freelance/public_html/digitalflow/app/Views/educationalinfo/view.php', 73)
 2 SYSTEMPATH/View/View.php(228): include('/home/freelance/public_html/digitalflow/app/Views/educationalinfo/view.php')
 3 SYSTEMPATH/View/View.php(231): CodeIgniter\View\View->CodeIgniter\View\{closure}()
 4 SYSTEMPATH/Common.php(1190): CodeIgniter\View\View->render('educationalinfo/view', [], true)
 5 APPPATH/Controllers/EducationalInfo.php(163): view('educationalinfo/view', [...])
 6 SYSTEMPATH/CodeIgniter.php(942): App\Controllers\EducationalInfo->view()
 7 SYSTEMPATH/CodeIgniter.php(502): CodeIgniter\CodeIgniter->runController(Object(App\Controllers\EducationalInfo))
 8 SYSTEMPATH/CodeIgniter.php(361): CodeIgniter\CodeIgniter->handleRequest(null, Object(Config\Cache), false)
 9 FCPATH/index.php(79): CodeIgniter\CodeIgniter->run()
CRITICAL - 2024-05-30 05:11:41 --> Undefined variable $info
in APPPATH/Views/personalinfo/view.php on line 117.
 1 APPPATH/Views/personalinfo/view.php(117): CodeIgniter\Debug\Exceptions->errorHandler(2, 'Undefined variable $info', '/home/freelance/public_html/digitalflow/app/Views/personalinfo/view.php', 117)
 2 SYSTEMPATH/View/View.php(228): include('/home/freelance/public_html/digitalflow/app/Views/personalinfo/view.php')
 3 SYSTEMPATH/View/View.php(231): CodeIgniter\View\View->CodeIgniter\View\{closure}()
 4 SYSTEMPATH/Common.php(1190): CodeIgniter\View\View->render('personalinfo/view', [], true)
 5 APPPATH/Controllers/PersonalInfo.php(217): view('personalinfo/view', [...])
 6 SYSTEMPATH/CodeIgniter.php(942): App\Controllers\PersonalInfo->view()
 7 SYSTEMPATH/CodeIgniter.php(502): CodeIgniter\CodeIgniter->runController(Object(App\Controllers\PersonalInfo))
 8 SYSTEMPATH/CodeIgniter.php(361): CodeIgniter\CodeIgniter->handleRequest(null, Object(Config\Cache), false)
 9 FCPATH/index.php(79): CodeIgniter\CodeIgniter->run()
CRITICAL - 2024-05-30 05:11:46 --> Undefined variable $users
in APPPATH/Views/bankaccountinfo/view.php on line 70.
 1 APPPATH/Views/bankaccountinfo/view.php(70): CodeIgniter\Debug\Exceptions->errorHandler(2, 'Undefined variable $users', '/home/freelance/public_html/digitalflow/app/Views/bankaccountinfo/view.php', 70)
 2 SYSTEMPATH/View/View.php(228): include('/home/freelance/public_html/digitalflow/app/Views/bankaccountinfo/view.php')
 3 SYSTEMPATH/View/View.php(231): CodeIgniter\View\View->CodeIgniter\View\{closure}()
 4 SYSTEMPATH/Common.php(1190): CodeIgniter\View\View->render('bankaccountinfo/view', [], true)
 5 APPPATH/Controllers/BankAccountInfo.php(142): view('bankaccountinfo/view', [...])
 6 SYSTEMPATH/CodeIgniter.php(942): App\Controllers\BankAccountInfo->view()
 7 SYSTEMPATH/CodeIgniter.php(502): CodeIgniter\CodeIgniter->runController(Object(App\Controllers\BankAccountInfo))
 8 SYSTEMPATH/CodeIgniter.php(361): CodeIgniter\CodeIgniter->handleRequest(null, Object(Config\Cache), false)
 9 FCPATH/index.php(79): CodeIgniter\CodeIgniter->run()
CRITICAL - 2024-05-30 05:17:14 --> Undefined variable $info
in APPPATH/Views/personalinfo/view.php on line 117.
 1 APPPATH/Views/personalinfo/view.php(117): CodeIgniter\Debug\Exceptions->errorHandler(2, 'Undefined variable $info', '/home/freelance/public_html/digitalflow/app/Views/personalinfo/view.php', 117)
 2 SYSTEMPATH/View/View.php(228): include('/home/freelance/public_html/digitalflow/app/Views/personalinfo/view.php')
 3 SYSTEMPATH/View/View.php(231): CodeIgniter\View\View->CodeIgniter\View\{closure}()
 4 SYSTEMPATH/Common.php(1190): CodeIgniter\View\View->render('personalinfo/view', [], true)
 5 APPPATH/Controllers/PersonalInfo.php(217): view('personalinfo/view', [...])
 6 SYSTEMPATH/CodeIgniter.php(942): App\Controllers\PersonalInfo->view()
 7 SYSTEMPATH/CodeIgniter.php(502): CodeIgniter\CodeIgniter->runController(Object(App\Controllers\PersonalInfo))
 8 SYSTEMPATH/CodeIgniter.php(361): CodeIgniter\CodeIgniter->handleRequest(null, Object(Config\Cache), false)
 9 FCPATH/index.php(79): CodeIgniter\CodeIgniter->run()
CRITICAL - 2024-05-30 05:17:18 --> Undefined variable $info
in APPPATH/Views/personalinfo/view.php on line 117.
 1 APPPATH/Views/personalinfo/view.php(117): CodeIgniter\Debug\Exceptions->errorHandler(2, 'Undefined variable $info', '/home/freelance/public_html/digitalflow/app/Views/personalinfo/view.php', 117)
 2 SYSTEMPATH/View/View.php(228): include('/home/freelance/public_html/digitalflow/app/Views/personalinfo/view.php')
 3 SYSTEMPATH/View/View.php(231): CodeIgniter\View\View->CodeIgniter\View\{closure}()
 4 SYSTEMPATH/Common.php(1190): CodeIgniter\View\View->render('personalinfo/view', [], true)
 5 APPPATH/Controllers/PersonalInfo.php(217): view('personalinfo/view', [...])
 6 SYSTEMPATH/CodeIgniter.php(942): App\Controllers\PersonalInfo->view()
 7 SYSTEMPATH/CodeIgniter.php(502): CodeIgniter\CodeIgniter->runController(Object(App\Controllers\PersonalInfo))
 8 SYSTEMPATH/CodeIgniter.php(361): CodeIgniter\CodeIgniter->handleRequest(null, Object(Config\Cache), false)
 9 FCPATH/index.php(79): CodeIgniter\CodeIgniter->run()
CRITICAL - 2024-05-30 05:17:28 --> Undefined variable $users
in APPPATH/Views/leaveinfo/view.php on line 66.
 1 APPPATH/Views/leaveinfo/view.php(66): CodeIgniter\Debug\Exceptions->errorHandler(2, 'Undefined variable $users', '/home/freelance/public_html/digitalflow/app/Views/leaveinfo/view.php', 66)
 2 SYSTEMPATH/View/View.php(228): include('/home/freelance/public_html/digitalflow/app/Views/leaveinfo/view.php')
 3 SYSTEMPATH/View/View.php(231): CodeIgniter\View\View->CodeIgniter\View\{closure}()
 4 SYSTEMPATH/Common.php(1190): CodeIgniter\View\View->render('leaveinfo/view', [], true)
 5 APPPATH/Controllers/LeaveInfo.php(142): view('leaveinfo/view', [...])
 6 SYSTEMPATH/CodeIgniter.php(942): App\Controllers\LeaveInfo->view()
 7 SYSTEMPATH/CodeIgniter.php(502): CodeIgniter\CodeIgniter->runController(Object(App\Controllers\LeaveInfo))
 8 SYSTEMPATH/CodeIgniter.php(361): CodeIgniter\CodeIgniter->handleRequest(null, Object(Config\Cache), false)
 9 FCPATH/index.php(79): CodeIgniter\CodeIgniter->run()
CRITICAL - 2024-05-30 14:27:35 --> Undefined variable $session
in APPPATH/Controllers/UserInfo.php on line 555.
 1 APPPATH/Controllers/UserInfo.php(555): CodeIgniter\Debug\Exceptions->errorHandler(2, 'Undefined variable $session', '/home/freelance/public_html/digitalflow/app/Controllers/UserInfo.php', 555)
 2 SYSTEMPATH/CodeIgniter.php(942): App\Controllers\UserInfo->login_new()
 3 SYSTEMPATH/CodeIgniter.php(502): CodeIgniter\CodeIgniter->runController(Object(App\Controllers\UserInfo))
 4 SYSTEMPATH/CodeIgniter.php(361): CodeIgniter\CodeIgniter->handleRequest(null, Object(Config\Cache), false)
 5 FCPATH/index.php(79): CodeIgniter\CodeIgniter->run()
CRITICAL - 2024-05-30 14:28:03 --> Undefined variable $session
in APPPATH/Controllers/UserInfo.php on line 555.
 1 APPPATH/Controllers/UserInfo.php(555): CodeIgniter\Debug\Exceptions->errorHandler(2, 'Undefined variable $session', '/home/freelance/public_html/digitalflow/app/Controllers/UserInfo.php', 555)
 2 SYSTEMPATH/CodeIgniter.php(942): App\Controllers\UserInfo->login_new()
 3 SYSTEMPATH/CodeIgniter.php(502): CodeIgniter\CodeIgniter->runController(Object(App\Controllers\UserInfo))
 4 SYSTEMPATH/CodeIgniter.php(361): CodeIgniter\CodeIgniter->handleRequest(null, Object(Config\Cache), false)
 5 FCPATH/index.php(79): CodeIgniter\CodeIgniter->run()
CRITICAL - 2024-05-30 14:32:27 --> Undefined variable $session
in APPPATH/Controllers/UserInfo.php on line 555.
 1 APPPATH/Controllers/UserInfo.php(555): CodeIgniter\Debug\Exceptions->errorHandler(2, 'Undefined variable $session', '/home/freelance/public_html/digitalflow/app/Controllers/UserInfo.php', 555)
 2 SYSTEMPATH/CodeIgniter.php(942): App\Controllers\UserInfo->login_new()
 3 SYSTEMPATH/CodeIgniter.php(502): CodeIgniter\CodeIgniter->runController(Object(App\Controllers\UserInfo))
 4 SYSTEMPATH/CodeIgniter.php(361): CodeIgniter\CodeIgniter->handleRequest(null, Object(Config\Cache), false)
 5 FCPATH/index.php(79): CodeIgniter\CodeIgniter->run()
CRITICAL - 2024-05-30 14:33:09 --> Undefined variable $session
in APPPATH/Controllers/UserInfo.php on line 555.
 1 APPPATH/Controllers/UserInfo.php(555): CodeIgniter\Debug\Exceptions->errorHandler(2, 'Undefined variable $session', '/home/freelance/public_html/digitalflow/app/Controllers/UserInfo.php', 555)
 2 SYSTEMPATH/CodeIgniter.php(942): App\Controllers\UserInfo->login_new()
 3 SYSTEMPATH/CodeIgniter.php(502): CodeIgniter\CodeIgniter->runController(Object(App\Controllers\UserInfo))
 4 SYSTEMPATH/CodeIgniter.php(361): CodeIgniter\CodeIgniter->handleRequest(null, Object(Config\Cache), false)
 5 FCPATH/index.php(79): CodeIgniter\CodeIgniter->run()
CRITICAL - 2024-05-30 14:34:10 --> Undefined variable $session
in APPPATH/Controllers/UserInfo.php on line 555.
 1 APPPATH/Controllers/UserInfo.php(555): CodeIgniter\Debug\Exceptions->errorHandler(2, 'Undefined variable $session', '/home/freelance/public_html/digitalflow/app/Controllers/UserInfo.php', 555)
 2 SYSTEMPATH/CodeIgniter.php(942): App\Controllers\UserInfo->login_new()
 3 SYSTEMPATH/CodeIgniter.php(502): CodeIgniter\CodeIgniter->runController(Object(App\Controllers\UserInfo))
 4 SYSTEMPATH/CodeIgniter.php(361): CodeIgniter\CodeIgniter->handleRequest(null, Object(Config\Cache), false)
 5 FCPATH/index.php(79): CodeIgniter\CodeIgniter->run()
CRITICAL - 2024-05-30 14:35:59 --> Undefined variable $session
in APPPATH/Controllers/UserInfo.php on line 555.
 1 APPPATH/Controllers/UserInfo.php(555): CodeIgniter\Debug\Exceptions->errorHandler(2, 'Undefined variable $session', '/home/freelance/public_html/digitalflow/app/Controllers/UserInfo.php', 555)
 2 SYSTEMPATH/CodeIgniter.php(942): App\Controllers\UserInfo->login_new()
 3 SYSTEMPATH/CodeIgniter.php(502): CodeIgniter\CodeIgniter->runController(Object(App\Controllers\UserInfo))
 4 SYSTEMPATH/CodeIgniter.php(361): CodeIgniter\CodeIgniter->handleRequest(null, Object(Config\Cache), false)
 5 FCPATH/index.php(79): CodeIgniter\CodeIgniter->run()
CRITICAL - 2024-05-30 14:36:24 --> Undefined variable $session
in APPPATH/Controllers/UserInfo.php on line 555.
 1 APPPATH/Controllers/UserInfo.php(555): CodeIgniter\Debug\Exceptions->errorHandler(2, 'Undefined variable $session', '/home/freelance/public_html/digitalflow/app/Controllers/UserInfo.php', 555)
 2 SYSTEMPATH/CodeIgniter.php(942): App\Controllers\UserInfo->login_new()
 3 SYSTEMPATH/CodeIgniter.php(502): CodeIgniter\CodeIgniter->runController(Object(App\Controllers\UserInfo))
 4 SYSTEMPATH/CodeIgniter.php(361): CodeIgniter\CodeIgniter->handleRequest(null, Object(Config\Cache), false)
 5 FCPATH/index.php(79): CodeIgniter\CodeIgniter->run()
CRITICAL - 2024-05-30 14:37:34 --> Undefined variable $session
in APPPATH/Controllers/UserInfo.php on line 552.
 1 APPPATH/Controllers/UserInfo.php(552): CodeIgniter\Debug\Exceptions->errorHandler(2, 'Undefined variable $session', '/home/freelance/public_html/digitalflow/app/Controllers/UserInfo.php', 552)
 2 SYSTEMPATH/CodeIgniter.php(942): App\Controllers\UserInfo->login_new()
 3 SYSTEMPATH/CodeIgniter.php(502): CodeIgniter\CodeIgniter->runController(Object(App\Controllers\UserInfo))
 4 SYSTEMPATH/CodeIgniter.php(361): CodeIgniter\CodeIgniter->handleRequest(null, Object(Config\Cache), false)
 5 FCPATH/index.php(79): CodeIgniter\CodeIgniter->run()
CRITICAL - 2024-05-30 14:37:49 --> Undefined variable $session
in APPPATH/Controllers/UserInfo.php on line 552.
 1 APPPATH/Controllers/UserInfo.php(552): CodeIgniter\Debug\Exceptions->errorHandler(2, 'Undefined variable $session', '/home/freelance/public_html/digitalflow/app/Controllers/UserInfo.php', 552)
 2 SYSTEMPATH/CodeIgniter.php(942): App\Controllers\UserInfo->login_new()
 3 SYSTEMPATH/CodeIgniter.php(502): CodeIgniter\CodeIgniter->runController(Object(App\Controllers\UserInfo))
 4 SYSTEMPATH/CodeIgniter.php(361): CodeIgniter\CodeIgniter->handleRequest(null, Object(Config\Cache), false)
 5 FCPATH/index.php(79): CodeIgniter\CodeIgniter->run()
ERROR - 2024-05-30 14:46:11 --> mysqli_sql_exception: Unknown column 'emp_id' in 'where clause' in /home/freelance/public_html/digitalflow/system/Database/MySQLi/Connection.php:306
Stack trace:
#0 /home/freelance/public_html/digitalflow/system/Database/MySQLi/Connection.php(306): mysqli->query('SELECT *\nFROM `...', 0)
#1 /home/freelance/public_html/digitalflow/system/Database/BaseConnection.php(693): CodeIgniter\Database\MySQLi\Connection->execute('SELECT *\nFROM `...')
#2 /home/freelance/public_html/digitalflow/system/Database/BaseConnection.php(607): CodeIgniter\Database\BaseConnection->simpleQuery('SELECT *\nFROM `...')
#3 /home/freelance/public_html/digitalflow/system/Database/BaseBuilder.php(1615): CodeIgniter\Database\BaseConnection->query('SELECT *\nFROM `...', Array, false)
#4 /home/freelance/public_html/digitalflow/system/Model.php(264): CodeIgniter\Database\BaseBuilder->get()
#5 /home/freelance/public_html/digitalflow/system/BaseModel.php(662): CodeIgniter\Model->doFirst()
#6 /home/freelance/public_html/digitalflow/app/Controllers/UserInfo.php(567): CodeIgniter\BaseModel->first()
#7 /home/freelance/public_html/digitalflow/system/CodeIgniter.php(942): App\Controllers\UserInfo->login_new()
#8 /home/freelance/public_html/digitalflow/system/CodeIgniter.php(502): CodeIgniter\CodeIgniter->runController(Object(App\Controllers\UserInfo))
#9 /home/freelance/public_html/digitalflow/system/CodeIgniter.php(361): CodeIgniter\CodeIgniter->handleRequest(NULL, Object(Config\Cache), false)
#10 /home/freelance/public_html/digitalflow/index.php(79): CodeIgniter\CodeIgniter->run()
#11 {main}
CRITICAL - 2024-05-30 14:46:11 --> Unknown column 'emp_id' in 'where clause'
in SYSTEMPATH/Database/BaseConnection.php on line 647.
 1 SYSTEMPATH/Database/BaseBuilder.php(1615): CodeIgniter\Database\BaseConnection->query('SELECT *
FROM `department_info`
WHERE `department_deleted_on` IS NULL
AND `emp_id` = :emp_id:
 LIMIT 1', [...], false)
 2 SYSTEMPATH/Model.php(264): CodeIgniter\Database\BaseBuilder->get()
 3 SYSTEMPATH/BaseModel.php(662): CodeIgniter\Model->doFirst()
 4 APPPATH/Controllers/UserInfo.php(567): CodeIgniter\BaseModel->first()
 5 SYSTEMPATH/CodeIgniter.php(942): App\Controllers\UserInfo->login_new()
 6 SYSTEMPATH/CodeIgniter.php(502): CodeIgniter\CodeIgniter->runController(Object(App\Controllers\UserInfo))
 7 SYSTEMPATH/CodeIgniter.php(361): CodeIgniter\CodeIgniter->handleRequest(null, Object(Config\Cache), false)
 8 FCPATH/index.php(79): CodeIgniter\CodeIgniter->run()
CRITICAL - 2024-05-30 14:46:25 --> Undefined variable $department
in APPPATH/Controllers/UserInfo.php on line 561.
 1 APPPATH/Controllers/UserInfo.php(561): CodeIgniter\Debug\Exceptions->errorHandler(2, 'Undefined variable $department', '/home/freelance/public_html/digitalflow/app/Controllers/UserInfo.php', 561)
 2 SYSTEMPATH/CodeIgniter.php(942): App\Controllers\UserInfo->login_new()
 3 SYSTEMPATH/CodeIgniter.php(502): CodeIgniter\CodeIgniter->runController(Object(App\Controllers\UserInfo))
 4 SYSTEMPATH/CodeIgniter.php(361): CodeIgniter\CodeIgniter->handleRequest(null, Object(Config\Cache), false)
 5 FCPATH/index.php(79): CodeIgniter\CodeIgniter->run()
ERROR - 2024-05-30 14:47:43 --> mysqli_sql_exception: Unknown column 'emp_id' in 'where clause' in /home/freelance/public_html/digitalflow/system/Database/MySQLi/Connection.php:306
Stack trace:
#0 /home/freelance/public_html/digitalflow/system/Database/MySQLi/Connection.php(306): mysqli->query('SELECT *\nFROM `...', 0)
#1 /home/freelance/public_html/digitalflow/system/Database/BaseConnection.php(693): CodeIgniter\Database\MySQLi\Connection->execute('SELECT *\nFROM `...')
#2 /home/freelance/public_html/digitalflow/system/Database/BaseConnection.php(607): CodeIgniter\Database\BaseConnection->simpleQuery('SELECT *\nFROM `...')
#3 /home/freelance/public_html/digitalflow/system/Database/BaseBuilder.php(1615): CodeIgniter\Database\BaseConnection->query('SELECT *\nFROM `...', Array, false)
#4 /home/freelance/public_html/digitalflow/system/Model.php(264): CodeIgniter\Database\BaseBuilder->get()
#5 /home/freelance/public_html/digitalflow/system/BaseModel.php(662): CodeIgniter\Model->doFirst()
#6 /home/freelance/public_html/digitalflow/app/Controllers/UserInfo.php(567): CodeIgniter\BaseModel->first()
#7 /home/freelance/public_html/digitalflow/system/CodeIgniter.php(942): App\Controllers\UserInfo->login_new()
#8 /home/freelance/public_html/digitalflow/system/CodeIgniter.php(502): CodeIgniter\CodeIgniter->runController(Object(App\Controllers\UserInfo))
#9 /home/freelance/public_html/digitalflow/system/CodeIgniter.php(361): CodeIgniter\CodeIgniter->handleRequest(NULL, Object(Config\Cache), false)
#10 /home/freelance/public_html/digitalflow/index.php(79): CodeIgniter\CodeIgniter->run()
#11 {main}
CRITICAL - 2024-05-30 14:47:43 --> Unknown column 'emp_id' in 'where clause'
in SYSTEMPATH/Database/BaseConnection.php on line 647.
 1 SYSTEMPATH/Database/BaseBuilder.php(1615): CodeIgniter\Database\BaseConnection->query('SELECT *
FROM `department_info`
WHERE `department_deleted_on` IS NULL
AND `emp_id` = :emp_id:
 LIMIT 1', [...], false)
 2 SYSTEMPATH/Model.php(264): CodeIgniter\Database\BaseBuilder->get()
 3 SYSTEMPATH/BaseModel.php(662): CodeIgniter\Model->doFirst()
 4 APPPATH/Controllers/UserInfo.php(567): CodeIgniter\BaseModel->first()
 5 SYSTEMPATH/CodeIgniter.php(942): App\Controllers\UserInfo->login_new()
 6 SYSTEMPATH/CodeIgniter.php(502): CodeIgniter\CodeIgniter->runController(Object(App\Controllers\UserInfo))
 7 SYSTEMPATH/CodeIgniter.php(361): CodeIgniter\CodeIgniter->handleRequest(null, Object(Config\Cache), false)
 8 FCPATH/index.php(79): CodeIgniter\CodeIgniter->run()
ERROR - 2024-05-30 14:52:25 --> mysqli_sql_exception: Unknown column 'emp_id' in 'where clause' in /home/freelance/public_html/digitalflow/system/Database/MySQLi/Connection.php:306
Stack trace:
#0 /home/freelance/public_html/digitalflow/system/Database/MySQLi/Connection.php(306): mysqli->query('SELECT *\nFROM `...', 0)
#1 /home/freelance/public_html/digitalflow/system/Database/BaseConnection.php(693): CodeIgniter\Database\MySQLi\Connection->execute('SELECT *\nFROM `...')
#2 /home/freelance/public_html/digitalflow/system/Database/BaseConnection.php(607): CodeIgniter\Database\BaseConnection->simpleQuery('SELECT *\nFROM `...')
#3 /home/freelance/public_html/digitalflow/system/Database/BaseBuilder.php(1615): CodeIgniter\Database\BaseConnection->query('SELECT *\nFROM `...', Array, false)
#4 /home/freelance/public_html/digitalflow/system/Model.php(264): CodeIgniter\Database\BaseBuilder->get()
#5 /home/freelance/public_html/digitalflow/system/BaseModel.php(662): CodeIgniter\Model->doFirst()
#6 /home/freelance/public_html/digitalflow/app/Controllers/UserInfo.php(567): CodeIgniter\BaseModel->first()
#7 /home/freelance/public_html/digitalflow/system/CodeIgniter.php(942): App\Controllers\UserInfo->login_new()
#8 /home/freelance/public_html/digitalflow/system/CodeIgniter.php(502): CodeIgniter\CodeIgniter->runController(Object(App\Controllers\UserInfo))
#9 /home/freelance/public_html/digitalflow/system/CodeIgniter.php(361): CodeIgniter\CodeIgniter->handleRequest(NULL, Object(Config\Cache), false)
#10 /home/freelance/public_html/digitalflow/index.php(79): CodeIgniter\CodeIgniter->run()
#11 {main}
CRITICAL - 2024-05-30 14:52:25 --> Unknown column 'emp_id' in 'where clause'
in SYSTEMPATH/Database/BaseConnection.php on line 647.
 1 SYSTEMPATH/Database/BaseBuilder.php(1615): CodeIgniter\Database\BaseConnection->query('SELECT *
FROM `department_info`
WHERE `department_deleted_on` IS NULL
AND `emp_id` = :emp_id:
 LIMIT 1', [...], false)
 2 SYSTEMPATH/Model.php(264): CodeIgniter\Database\BaseBuilder->get()
 3 SYSTEMPATH/BaseModel.php(662): CodeIgniter\Model->doFirst()
 4 APPPATH/Controllers/UserInfo.php(567): CodeIgniter\BaseModel->first()
 5 SYSTEMPATH/CodeIgniter.php(942): App\Controllers\UserInfo->login_new()
 6 SYSTEMPATH/CodeIgniter.php(502): CodeIgniter\CodeIgniter->runController(Object(App\Controllers\UserInfo))
 7 SYSTEMPATH/CodeIgniter.php(361): CodeIgniter\CodeIgniter->handleRequest(null, Object(Config\Cache), false)
 8 FCPATH/index.php(79): CodeIgniter\CodeIgniter->run()
ERROR - 2024-05-30 14:52:52 --> mysqli_sql_exception: Unknown column 'emp_id' in 'where clause' in /home/freelance/public_html/digitalflow/system/Database/MySQLi/Connection.php:306
Stack trace:
#0 /home/freelance/public_html/digitalflow/system/Database/MySQLi/Connection.php(306): mysqli->query('SELECT *\nFROM `...', 0)
#1 /home/freelance/public_html/digitalflow/system/Database/BaseConnection.php(693): CodeIgniter\Database\MySQLi\Connection->execute('SELECT *\nFROM `...')
#2 /home/freelance/public_html/digitalflow/system/Database/BaseConnection.php(607): CodeIgniter\Database\BaseConnection->simpleQuery('SELECT *\nFROM `...')
#3 /home/freelance/public_html/digitalflow/system/Database/BaseBuilder.php(1615): CodeIgniter\Database\BaseConnection->query('SELECT *\nFROM `...', Array, false)
#4 /home/freelance/public_html/digitalflow/system/Model.php(264): CodeIgniter\Database\BaseBuilder->get()
#5 /home/freelance/public_html/digitalflow/system/BaseModel.php(662): CodeIgniter\Model->doFirst()
#6 /home/freelance/public_html/digitalflow/app/Controllers/UserInfo.php(567): CodeIgniter\BaseModel->first()
#7 /home/freelance/public_html/digitalflow/system/CodeIgniter.php(942): App\Controllers\UserInfo->login_new()
#8 /home/freelance/public_html/digitalflow/system/CodeIgniter.php(502): CodeIgniter\CodeIgniter->runController(Object(App\Controllers\UserInfo))
#9 /home/freelance/public_html/digitalflow/system/CodeIgniter.php(361): CodeIgniter\CodeIgniter->handleRequest(NULL, Object(Config\Cache), false)
#10 /home/freelance/public_html/digitalflow/index.php(79): CodeIgniter\CodeIgniter->run()
#11 {main}
CRITICAL - 2024-05-30 14:52:52 --> Unknown column 'emp_id' in 'where clause'
in SYSTEMPATH/Database/BaseConnection.php on line 647.
 1 SYSTEMPATH/Database/BaseBuilder.php(1615): CodeIgniter\Database\BaseConnection->query('SELECT *
FROM `department_info`
WHERE `department_deleted_on` IS NULL
AND `emp_id` = :emp_id:
 LIMIT 1', [...], false)
 2 SYSTEMPATH/Model.php(264): CodeIgniter\Database\BaseBuilder->get()
 3 SYSTEMPATH/BaseModel.php(662): CodeIgniter\Model->doFirst()
 4 APPPATH/Controllers/UserInfo.php(567): CodeIgniter\BaseModel->first()
 5 SYSTEMPATH/CodeIgniter.php(942): App\Controllers\UserInfo->login_new()
 6 SYSTEMPATH/CodeIgniter.php(502): CodeIgniter\CodeIgniter->runController(Object(App\Controllers\UserInfo))
 7 SYSTEMPATH/CodeIgniter.php(361): CodeIgniter\CodeIgniter->handleRequest(null, Object(Config\Cache), false)
 8 FCPATH/index.php(79): CodeIgniter\CodeIgniter->run()
ERROR - 2024-05-30 14:53:07 --> mysqli_sql_exception: Unknown column 'emp_id' in 'where clause' in /home/freelance/public_html/digitalflow/system/Database/MySQLi/Connection.php:306
Stack trace:
#0 /home/freelance/public_html/digitalflow/system/Database/MySQLi/Connection.php(306): mysqli->query('SELECT *\nFROM `...', 0)
#1 /home/freelance/public_html/digitalflow/system/Database/BaseConnection.php(693): CodeIgniter\Database\MySQLi\Connection->execute('SELECT *\nFROM `...')
#2 /home/freelance/public_html/digitalflow/system/Database/BaseConnection.php(607): CodeIgniter\Database\BaseConnection->simpleQuery('SELECT *\nFROM `...')
#3 /home/freelance/public_html/digitalflow/system/Database/BaseBuilder.php(1615): CodeIgniter\Database\BaseConnection->query('SELECT *\nFROM `...', Array, false)
#4 /home/freelance/public_html/digitalflow/system/Model.php(264): CodeIgniter\Database\BaseBuilder->get()
#5 /home/freelance/public_html/digitalflow/system/BaseModel.php(662): CodeIgniter\Model->doFirst()
#6 /home/freelance/public_html/digitalflow/app/Controllers/UserInfo.php(567): CodeIgniter\BaseModel->first()
#7 /home/freelance/public_html/digitalflow/system/CodeIgniter.php(942): App\Controllers\UserInfo->login_new()
#8 /home/freelance/public_html/digitalflow/system/CodeIgniter.php(502): CodeIgniter\CodeIgniter->runController(Object(App\Controllers\UserInfo))
#9 /home/freelance/public_html/digitalflow/system/CodeIgniter.php(361): CodeIgniter\CodeIgniter->handleRequest(NULL, Object(Config\Cache), false)
#10 /home/freelance/public_html/digitalflow/index.php(79): CodeIgniter\CodeIgniter->run()
#11 {main}
CRITICAL - 2024-05-30 14:53:07 --> Unknown column 'emp_id' in 'where clause'
in SYSTEMPATH/Database/BaseConnection.php on line 647.
 1 SYSTEMPATH/Database/BaseBuilder.php(1615): CodeIgniter\Database\BaseConnection->query('SELECT *
FROM `department_info`
WHERE `department_deleted_on` IS NULL
AND `emp_id` = :emp_id:
 LIMIT 1', [...], false)
 2 SYSTEMPATH/Model.php(264): CodeIgniter\Database\BaseBuilder->get()
 3 SYSTEMPATH/BaseModel.php(662): CodeIgniter\Model->doFirst()
 4 APPPATH/Controllers/UserInfo.php(567): CodeIgniter\BaseModel->first()
 5 SYSTEMPATH/CodeIgniter.php(942): App\Controllers\UserInfo->login_new()
 6 SYSTEMPATH/CodeIgniter.php(502): CodeIgniter\CodeIgniter->runController(Object(App\Controllers\UserInfo))
 7 SYSTEMPATH/CodeIgniter.php(361): CodeIgniter\CodeIgniter->handleRequest(null, Object(Config\Cache), false)
 8 FCPATH/index.php(79): CodeIgniter\CodeIgniter->run()
ERROR - 2024-05-30 14:54:36 --> mysqli_sql_exception: Unknown column 'emp_id' in 'where clause' in /home/freelance/public_html/digitalflow/system/Database/MySQLi/Connection.php:306
Stack trace:
#0 /home/freelance/public_html/digitalflow/system/Database/MySQLi/Connection.php(306): mysqli->query('SELECT *\nFROM `...', 0)
#1 /home/freelance/public_html/digitalflow/system/Database/BaseConnection.php(693): CodeIgniter\Database\MySQLi\Connection->execute('SELECT *\nFROM `...')
#2 /home/freelance/public_html/digitalflow/system/Database/BaseConnection.php(607): CodeIgniter\Database\BaseConnection->simpleQuery('SELECT *\nFROM `...')
#3 /home/freelance/public_html/digitalflow/system/Database/BaseBuilder.php(1615): CodeIgniter\Database\BaseConnection->query('SELECT *\nFROM `...', Array, false)
#4 /home/freelance/public_html/digitalflow/system/Model.php(264): CodeIgniter\Database\BaseBuilder->get()
#5 /home/freelance/public_html/digitalflow/system/BaseModel.php(662): CodeIgniter\Model->doFirst()
#6 /home/freelance/public_html/digitalflow/app/Controllers/UserInfo.php(567): CodeIgniter\BaseModel->first()
#7 /home/freelance/public_html/digitalflow/system/CodeIgniter.php(942): App\Controllers\UserInfo->login_new()
#8 /home/freelance/public_html/digitalflow/system/CodeIgniter.php(502): CodeIgniter\CodeIgniter->runController(Object(App\Controllers\UserInfo))
#9 /home/freelance/public_html/digitalflow/system/CodeIgniter.php(361): CodeIgniter\CodeIgniter->handleRequest(NULL, Object(Config\Cache), false)
#10 /home/freelance/public_html/digitalflow/index.php(79): CodeIgniter\CodeIgniter->run()
#11 {main}
CRITICAL - 2024-05-30 14:54:36 --> Unknown column 'emp_id' in 'where clause'
in SYSTEMPATH/Database/BaseConnection.php on line 647.
 1 SYSTEMPATH/Database/BaseBuilder.php(1615): CodeIgniter\Database\BaseConnection->query('SELECT *
FROM `department_info`
WHERE `department_deleted_on` IS NULL
AND `emp_id` = :emp_id:
 LIMIT 1', [...], false)
 2 SYSTEMPATH/Model.php(264): CodeIgniter\Database\BaseBuilder->get()
 3 SYSTEMPATH/BaseModel.php(662): CodeIgniter\Model->doFirst()
 4 APPPATH/Controllers/UserInfo.php(567): CodeIgniter\BaseModel->first()
 5 SYSTEMPATH/CodeIgniter.php(942): App\Controllers\UserInfo->login_new()
 6 SYSTEMPATH/CodeIgniter.php(502): CodeIgniter\CodeIgniter->runController(Object(App\Controllers\UserInfo))
 7 SYSTEMPATH/CodeIgniter.php(361): CodeIgniter\CodeIgniter->handleRequest(null, Object(Config\Cache), false)
 8 FCPATH/index.php(79): CodeIgniter\CodeIgniter->run()
ERROR - 2024-05-30 14:54:40 --> mysqli_sql_exception: Unknown column 'emp_id' in 'where clause' in /home/freelance/public_html/digitalflow/system/Database/MySQLi/Connection.php:306
Stack trace:
#0 /home/freelance/public_html/digitalflow/system/Database/MySQLi/Connection.php(306): mysqli->query('SELECT *\nFROM `...', 0)
#1 /home/freelance/public_html/digitalflow/system/Database/BaseConnection.php(693): CodeIgniter\Database\MySQLi\Connection->execute('SELECT *\nFROM `...')
#2 /home/freelance/public_html/digitalflow/system/Database/BaseConnection.php(607): CodeIgniter\Database\BaseConnection->simpleQuery('SELECT *\nFROM `...')
#3 /home/freelance/public_html/digitalflow/system/Database/BaseBuilder.php(1615): CodeIgniter\Database\BaseConnection->query('SELECT *\nFROM `...', Array, false)
#4 /home/freelance/public_html/digitalflow/system/Model.php(264): CodeIgniter\Database\BaseBuilder->get()
#5 /home/freelance/public_html/digitalflow/system/BaseModel.php(662): CodeIgniter\Model->doFirst()
#6 /home/freelance/public_html/digitalflow/app/Controllers/UserInfo.php(567): CodeIgniter\BaseModel->first()
#7 /home/freelance/public_html/digitalflow/system/CodeIgniter.php(942): App\Controllers\UserInfo->login_new()
#8 /home/freelance/public_html/digitalflow/system/CodeIgniter.php(502): CodeIgniter\CodeIgniter->runController(Object(App\Controllers\UserInfo))
#9 /home/freelance/public_html/digitalflow/system/CodeIgniter.php(361): CodeIgniter\CodeIgniter->handleRequest(NULL, Object(Config\Cache), false)
#10 /home/freelance/public_html/digitalflow/index.php(79): CodeIgniter\CodeIgniter->run()
#11 {main}
CRITICAL - 2024-05-30 14:54:40 --> Unknown column 'emp_id' in 'where clause'
in SYSTEMPATH/Database/BaseConnection.php on line 647.
 1 SYSTEMPATH/Database/BaseBuilder.php(1615): CodeIgniter\Database\BaseConnection->query('SELECT *
FROM `department_info`
WHERE `department_deleted_on` IS NULL
AND `emp_id` = :emp_id:
 LIMIT 1', [...], false)
 2 SYSTEMPATH/Model.php(264): CodeIgniter\Database\BaseBuilder->get()
 3 SYSTEMPATH/BaseModel.php(662): CodeIgniter\Model->doFirst()
 4 APPPATH/Controllers/UserInfo.php(567): CodeIgniter\BaseModel->first()
 5 SYSTEMPATH/CodeIgniter.php(942): App\Controllers\UserInfo->login_new()
 6 SYSTEMPATH/CodeIgniter.php(502): CodeIgniter\CodeIgniter->runController(Object(App\Controllers\UserInfo))
 7 SYSTEMPATH/CodeIgniter.php(361): CodeIgniter\CodeIgniter->handleRequest(null, Object(Config\Cache), false)
 8 FCPATH/index.php(79): CodeIgniter\CodeIgniter->run()
ERROR - 2024-05-30 14:55:54 --> mysqli_sql_exception: Unknown column 'emp_id' in 'where clause' in /home/freelance/public_html/digitalflow/system/Database/MySQLi/Connection.php:306
Stack trace:
#0 /home/freelance/public_html/digitalflow/system/Database/MySQLi/Connection.php(306): mysqli->query('SELECT *\nFROM `...', 0)
#1 /home/freelance/public_html/digitalflow/system/Database/BaseConnection.php(693): CodeIgniter\Database\MySQLi\Connection->execute('SELECT *\nFROM `...')
#2 /home/freelance/public_html/digitalflow/system/Database/BaseConnection.php(607): CodeIgniter\Database\BaseConnection->simpleQuery('SELECT *\nFROM `...')
#3 /home/freelance/public_html/digitalflow/system/Database/BaseBuilder.php(1615): CodeIgniter\Database\BaseConnection->query('SELECT *\nFROM `...', Array, false)
#4 /home/freelance/public_html/digitalflow/system/Model.php(264): CodeIgniter\Database\BaseBuilder->get()
#5 /home/freelance/public_html/digitalflow/system/BaseModel.php(662): CodeIgniter\Model->doFirst()
#6 /home/freelance/public_html/digitalflow/app/Controllers/UserInfo.php(567): CodeIgniter\BaseModel->first()
#7 /home/freelance/public_html/digitalflow/system/CodeIgniter.php(942): App\Controllers\UserInfo->login_new()
#8 /home/freelance/public_html/digitalflow/system/CodeIgniter.php(502): CodeIgniter\CodeIgniter->runController(Object(App\Controllers\UserInfo))
#9 /home/freelance/public_html/digitalflow/system/CodeIgniter.php(361): CodeIgniter\CodeIgniter->handleRequest(NULL, Object(Config\Cache), false)
#10 /home/freelance/public_html/digitalflow/index.php(79): CodeIgniter\CodeIgniter->run()
#11 {main}
CRITICAL - 2024-05-30 14:55:54 --> Unknown column 'emp_id' in 'where clause'
in SYSTEMPATH/Database/BaseConnection.php on line 647.
 1 SYSTEMPATH/Database/BaseBuilder.php(1615): CodeIgniter\Database\BaseConnection->query('SELECT *
FROM `department_info`
WHERE `department_deleted_on` IS NULL
AND `emp_id` = :emp_id:
 LIMIT 1', [...], false)
 2 SYSTEMPATH/Model.php(264): CodeIgniter\Database\BaseBuilder->get()
 3 SYSTEMPATH/BaseModel.php(662): CodeIgniter\Model->doFirst()
 4 APPPATH/Controllers/UserInfo.php(567): CodeIgniter\BaseModel->first()
 5 SYSTEMPATH/CodeIgniter.php(942): App\Controllers\UserInfo->login_new()
 6 SYSTEMPATH/CodeIgniter.php(502): CodeIgniter\CodeIgniter->runController(Object(App\Controllers\UserInfo))
 7 SYSTEMPATH/CodeIgniter.php(361): CodeIgniter\CodeIgniter->handleRequest(null, Object(Config\Cache), false)
 8 FCPATH/index.php(79): CodeIgniter\CodeIgniter->run()
ERROR - 2024-05-30 14:59:22 --> mysqli_sql_exception: Unknown column 'emp_id' in 'where clause' in /home/freelance/public_html/digitalflow/system/Database/MySQLi/Connection.php:306
Stack trace:
#0 /home/freelance/public_html/digitalflow/system/Database/MySQLi/Connection.php(306): mysqli->query('SELECT *\nFROM `...', 0)
#1 /home/freelance/public_html/digitalflow/system/Database/BaseConnection.php(693): CodeIgniter\Database\MySQLi\Connection->execute('SELECT *\nFROM `...')
#2 /home/freelance/public_html/digitalflow/system/Database/BaseConnection.php(607): CodeIgniter\Database\BaseConnection->simpleQuery('SELECT *\nFROM `...')
#3 /home/freelance/public_html/digitalflow/system/Database/BaseBuilder.php(1615): CodeIgniter\Database\BaseConnection->query('SELECT *\nFROM `...', Array, false)
#4 /home/freelance/public_html/digitalflow/system/Model.php(264): CodeIgniter\Database\BaseBuilder->get()
#5 /home/freelance/public_html/digitalflow/system/BaseModel.php(662): CodeIgniter\Model->doFirst()
#6 /home/freelance/public_html/digitalflow/app/Controllers/UserInfo.php(569): CodeIgniter\BaseModel->first()
#7 /home/freelance/public_html/digitalflow/system/CodeIgniter.php(942): App\Controllers\UserInfo->login_new()
#8 /home/freelance/public_html/digitalflow/system/CodeIgniter.php(502): CodeIgniter\CodeIgniter->runController(Object(App\Controllers\UserInfo))
#9 /home/freelance/public_html/digitalflow/system/CodeIgniter.php(361): CodeIgniter\CodeIgniter->handleRequest(NULL, Object(Config\Cache), false)
#10 /home/freelance/public_html/digitalflow/index.php(79): CodeIgniter\CodeIgniter->run()
#11 {main}
CRITICAL - 2024-05-30 14:59:22 --> Unknown column 'emp_id' in 'where clause'
in SYSTEMPATH/Database/BaseConnection.php on line 647.
 1 SYSTEMPATH/Database/BaseBuilder.php(1615): CodeIgniter\Database\BaseConnection->query('SELECT *
FROM `department_info`
WHERE `department_deleted_on` IS NULL
AND `emp_id` = :emp_id:
 LIMIT 1', [...], false)
 2 SYSTEMPATH/Model.php(264): CodeIgniter\Database\BaseBuilder->get()
 3 SYSTEMPATH/BaseModel.php(662): CodeIgniter\Model->doFirst()
 4 APPPATH/Controllers/UserInfo.php(569): CodeIgniter\BaseModel->first()
 5 SYSTEMPATH/CodeIgniter.php(942): App\Controllers\UserInfo->login_new()
 6 SYSTEMPATH/CodeIgniter.php(502): CodeIgniter\CodeIgniter->runController(Object(App\Controllers\UserInfo))
 7 SYSTEMPATH/CodeIgniter.php(361): CodeIgniter\CodeIgniter->handleRequest(null, Object(Config\Cache), false)
 8 FCPATH/index.php(79): CodeIgniter\CodeIgniter->run()
CRITICAL - 2024-05-30 15:07:09 --> Cannot access offset of type string on string
in APPPATH/Controllers/UserInfo.php on line 586.
 1 SYSTEMPATH/CodeIgniter.php(942): App\Controllers\UserInfo->login_new()
 2 SYSTEMPATH/CodeIgniter.php(502): CodeIgniter\CodeIgniter->runController(Object(App\Controllers\UserInfo))
 3 SYSTEMPATH/CodeIgniter.php(361): CodeIgniter\CodeIgniter->handleRequest(null, Object(Config\Cache), false)
 4 FCPATH/index.php(79): CodeIgniter\CodeIgniter->run()
CRITICAL - 2024-05-30 15:09:08 --> Cannot access offset of type string on string
in APPPATH/Controllers/UserInfo.php on line 586.
 1 SYSTEMPATH/CodeIgniter.php(942): App\Controllers\UserInfo->login_new()
 2 SYSTEMPATH/CodeIgniter.php(502): CodeIgniter\CodeIgniter->runController(Object(App\Controllers\UserInfo))
 3 SYSTEMPATH/CodeIgniter.php(361): CodeIgniter\CodeIgniter->handleRequest(null, Object(Config\Cache), false)
 4 FCPATH/index.php(79): CodeIgniter\CodeIgniter->run()
CRITICAL - 2024-05-30 15:09:21 --> Cannot access offset of type string on string
in APPPATH/Controllers/UserInfo.php on line 586.
 1 SYSTEMPATH/CodeIgniter.php(942): App\Controllers\UserInfo->login_new()
 2 SYSTEMPATH/CodeIgniter.php(502): CodeIgniter\CodeIgniter->runController(Object(App\Controllers\UserInfo))
 3 SYSTEMPATH/CodeIgniter.php(361): CodeIgniter\CodeIgniter->handleRequest(null, Object(Config\Cache), false)
 4 FCPATH/index.php(79): CodeIgniter\CodeIgniter->run()
CRITICAL - 2024-05-30 15:09:28 --> Cannot access offset of type string on string
in APPPATH/Controllers/UserInfo.php on line 586.
 1 SYSTEMPATH/CodeIgniter.php(942): App\Controllers\UserInfo->login_new()
 2 SYSTEMPATH/CodeIgniter.php(502): CodeIgniter\CodeIgniter->runController(Object(App\Controllers\UserInfo))
 3 SYSTEMPATH/CodeIgniter.php(361): CodeIgniter\CodeIgniter->handleRequest(null, Object(Config\Cache), false)
 4 FCPATH/index.php(79): CodeIgniter\CodeIgniter->run()
CRITICAL - 2024-05-30 15:13:45 --> Undefined array key 0
in APPPATH/Views/users/welcome.php on line 39.
 1 APPPATH/Views/users/welcome.php(39): CodeIgniter\Debug\Exceptions->errorHandler(2, 'Undefined array key 0', '/home/freelance/public_html/digitalflow/app/Views/users/welcome.php', 39)
 2 SYSTEMPATH/View/View.php(228): include('/home/freelance/public_html/digitalflow/app/Views/users/welcome.php')
 3 SYSTEMPATH/View/View.php(231): CodeIgniter\View\View->CodeIgniter\View\{closure}()
 4 SYSTEMPATH/Common.php(1190): CodeIgniter\View\View->render('users/welcome', [], true)
 5 APPPATH/Controllers/UserInfo.php(604): view('users/welcome', [...])
 6 SYSTEMPATH/CodeIgniter.php(942): App\Controllers\UserInfo->login_new()
 7 SYSTEMPATH/CodeIgniter.php(502): CodeIgniter\CodeIgniter->runController(Object(App\Controllers\UserInfo))
 8 SYSTEMPATH/CodeIgniter.php(361): CodeIgniter\CodeIgniter->handleRequest(null, Object(Config\Cache), false)
 9 FCPATH/index.php(79): CodeIgniter\CodeIgniter->run()
