CRITICAL - 2024-04-10 04:53:00 --> Array to string conversion
in APPPATH\Controllers\BloodBank.php on line 34.
 1 APPPATH\Controllers\BloodBank.php(34): CodeIgniter\Debug\Exceptions->errorHandler(2, 'Array to string conversion', 'C:\\xampp\\htdocs\\bloodbank_ci4\\app\\Controllers\\BloodBank.php', 34)
 2 SYSTEMPATH\CodeIgniter.php(942): App\Controllers\BloodBank->home_page()
 3 SYSTEMPATH\CodeIgniter.php(502): CodeIgniter\CodeIgniter->runController(Object(App\Controllers\BloodBank))
 4 SYSTEMPATH\CodeIgniter.php(361): CodeIgniter\CodeIgniter->handleRequest(null, Object(Config\Cache), false)
 5 FCPATH\index.php(79): CodeIgniter\CodeIgniter->run()
CRITICAL - 2024-04-10 04:53:04 --> Array to string conversion
in APPPATH\Controllers\BloodBank.php on line 34.
 1 APPPATH\Controllers\BloodBank.php(34): CodeIgniter\Debug\Exceptions->errorHandler(2, 'Array to string conversion', 'C:\\xampp\\htdocs\\bloodbank_ci4\\app\\Controllers\\BloodBank.php', 34)
 2 SYSTEMPATH\CodeIgniter.php(942): App\Controllers\BloodBank->home_page()
 3 SYSTEMPATH\CodeIgniter.php(502): CodeIgniter\CodeIgniter->runController(Object(App\Controllers\BloodBank))
 4 SYSTEMPATH\CodeIgniter.php(361): CodeIgniter\CodeIgniter->handleRequest(null, Object(Config\Cache), false)
 5 FCPATH\index.php(79): CodeIgniter\CodeIgniter->run()
CRITICAL - 2024-04-10 04:53:08 --> Array to string conversion
in APPPATH\Controllers\BloodBank.php on line 34.
 1 APPPATH\Controllers\BloodBank.php(34): CodeIgniter\Debug\Exceptions->errorHandler(2, 'Array to string conversion', 'C:\\xampp\\htdocs\\bloodbank_ci4\\app\\Controllers\\BloodBank.php', 34)
 2 SYSTEMPATH\CodeIgniter.php(942): App\Controllers\BloodBank->home_page()
 3 SYSTEMPATH\CodeIgniter.php(502): CodeIgniter\CodeIgniter->runController(Object(App\Controllers\BloodBank))
 4 SYSTEMPATH\CodeIgniter.php(361): CodeIgniter\CodeIgniter->handleRequest(null, Object(Config\Cache), false)
 5 FCPATH\index.php(79): CodeIgniter\CodeIgniter->run()
CRITICAL - 2024-04-10 04:59:28 --> Call to undefined method App\Models\BloodBankDonorsModel::count
in SYSTEMPATH\Model.php on line 873.
 1 APPPATH\Controllers\BloodBank.php(32): CodeIgniter\Model->__call('count', [])
 2 SYSTEMPATH\CodeIgniter.php(942): App\Controllers\BloodBank->home_page()
 3 SYSTEMPATH\CodeIgniter.php(502): CodeIgniter\CodeIgniter->runController(Object(App\Controllers\BloodBank))
 4 SYSTEMPATH\CodeIgniter.php(361): CodeIgniter\CodeIgniter->handleRequest(null, Object(Config\Cache), false)
 5 FCPATH\index.php(79): CodeIgniter\CodeIgniter->run()
CRITICAL - 2024-04-10 05:42:41 --> [HTTP 400] Unable to create record: The number +91959784XXXX is unverified. Trial accounts cannot send messages to unverified numbers; verify +91959784XXXX at twilio.com/user/account/phone-numbers/verified, or purchase a Twilio number to send messages to unverified numbers
in FCPATH\vendor\twilio\sdk\src\Twilio\Version.php on line 88.
 1 FCPATH\vendor\twilio\sdk\src\Twilio\Version.php(223): Twilio\Version->exception(Object(Twilio\Http\Response), 'Unable to create record')
 2 FCPATH\vendor\twilio\sdk\src\Twilio\Rest\Api\V2010\Account\MessageList.php(115): Twilio\Version->create('POST', '/Accounts/AC189029f38a7d5a20a521dc291c03e9c0/Messages.json', [], [...])
 3 APPPATH\Controllers\BloodDonors.php(147): Twilio\Rest\Api\V2010\Account\MessageList->create('+919597842418', Object(Twilio\Values))
 4 SYSTEMPATH\CodeIgniter.php(942): App\Controllers\BloodDonors->request('2')
 5 SYSTEMPATH\CodeIgniter.php(502): CodeIgniter\CodeIgniter->runController(Object(App\Controllers\BloodDonors))
 6 SYSTEMPATH\CodeIgniter.php(361): CodeIgniter\CodeIgniter->handleRequest(null, Object(Config\Cache), false)
 7 FCPATH\index.php(79): CodeIgniter\CodeIgniter->run()
CRITICAL - 2024-04-10 05:44:23 --> [HTTP 400] Unable to create record: The number +91959784XXXX is unverified. Trial accounts cannot send messages to unverified numbers; verify +91959784XXXX at twilio.com/user/account/phone-numbers/verified, or purchase a Twilio number to send messages to unverified numbers
in FCPATH\vendor\twilio\sdk\src\Twilio\Version.php on line 88.
 1 FCPATH\vendor\twilio\sdk\src\Twilio\Version.php(223): Twilio\Version->exception(Object(Twilio\Http\Response), 'Unable to create record')
 2 FCPATH\vendor\twilio\sdk\src\Twilio\Rest\Api\V2010\Account\MessageList.php(115): Twilio\Version->create('POST', '/Accounts/AC189029f38a7d5a20a521dc291c03e9c0/Messages.json', [], [...])
 3 APPPATH\Controllers\BloodDonors.php(150): Twilio\Rest\Api\V2010\Account\MessageList->create('+919597842418', Object(Twilio\Values))
 4 SYSTEMPATH\CodeIgniter.php(942): App\Controllers\BloodDonors->request('2')
 5 SYSTEMPATH\CodeIgniter.php(502): CodeIgniter\CodeIgniter->runController(Object(App\Controllers\BloodDonors))
 6 SYSTEMPATH\CodeIgniter.php(361): CodeIgniter\CodeIgniter->handleRequest(null, Object(Config\Cache), false)
 7 FCPATH\index.php(79): CodeIgniter\CodeIgniter->run()
CRITICAL - 2024-04-10 05:53:24 --> syntax error, unexpected token "return", expecting identifier or variable or "{" or "$"
in APPPATH\Controllers\BloodBank.php on line 40.
 1 SYSTEMPATH\Autoloader\Autoloader.php(291): CodeIgniter\Autoloader\Autoloader->includeFile('C:\\xampp\\htdocs\\bloodbank_ci4\\app\\Controllers\\BloodBank.php')
 2 SYSTEMPATH\Autoloader\Autoloader.php(269): CodeIgniter\Autoloader\Autoloader->loadInNamespace('App\\Controllers\\BloodBank')
 3 [internal function]: CodeIgniter\Autoloader\Autoloader->loadClass('App\\Controllers\\BloodBank')
 4 SYSTEMPATH\CodeIgniter.php(900): class_exists('\\App\\Controllers\\BloodBank', true)
 5 SYSTEMPATH\CodeIgniter.php(489): CodeIgniter\CodeIgniter->startController()
 6 SYSTEMPATH\CodeIgniter.php(361): CodeIgniter\CodeIgniter->handleRequest(null, Object(Config\Cache), false)
 7 FCPATH\index.php(79): CodeIgniter\CodeIgniter->run()
CRITICAL - 2024-04-10 05:53:26 --> syntax error, unexpected token "return", expecting identifier or variable or "{" or "$"
in APPPATH\Controllers\BloodBank.php on line 40.
 1 SYSTEMPATH\Autoloader\Autoloader.php(291): CodeIgniter\Autoloader\Autoloader->includeFile('C:\\xampp\\htdocs\\bloodbank_ci4\\app\\Controllers\\BloodBank.php')
 2 SYSTEMPATH\Autoloader\Autoloader.php(269): CodeIgniter\Autoloader\Autoloader->loadInNamespace('App\\Controllers\\BloodBank')
 3 [internal function]: CodeIgniter\Autoloader\Autoloader->loadClass('App\\Controllers\\BloodBank')
 4 SYSTEMPATH\CodeIgniter.php(900): class_exists('\\App\\Controllers\\BloodBank', true)
 5 SYSTEMPATH\CodeIgniter.php(489): CodeIgniter\CodeIgniter->startController()
 6 SYSTEMPATH\CodeIgniter.php(361): CodeIgniter\CodeIgniter->handleRequest(null, Object(Config\Cache), false)
 7 FCPATH\index.php(79): CodeIgniter\CodeIgniter->run()
CRITICAL - 2024-04-10 05:53:43 --> syntax error, unexpected token "return", expecting identifier or variable or "{" or "$"
in APPPATH\Controllers\BloodBank.php on line 41.
 1 SYSTEMPATH\Autoloader\Autoloader.php(291): CodeIgniter\Autoloader\Autoloader->includeFile('C:\\xampp\\htdocs\\bloodbank_ci4\\app\\Controllers\\BloodBank.php')
 2 SYSTEMPATH\Autoloader\Autoloader.php(269): CodeIgniter\Autoloader\Autoloader->loadInNamespace('App\\Controllers\\BloodBank')
 3 [internal function]: CodeIgniter\Autoloader\Autoloader->loadClass('App\\Controllers\\BloodBank')
 4 SYSTEMPATH\CodeIgniter.php(900): class_exists('\\App\\Controllers\\BloodBank', true)
 5 SYSTEMPATH\CodeIgniter.php(489): CodeIgniter\CodeIgniter->startController()
 6 SYSTEMPATH\CodeIgniter.php(361): CodeIgniter\CodeIgniter->handleRequest(null, Object(Config\Cache), false)
 7 FCPATH\index.php(79): CodeIgniter\CodeIgniter->run()
CRITICAL - 2024-04-10 05:53:44 --> syntax error, unexpected token "return", expecting identifier or variable or "{" or "$"
in APPPATH\Controllers\BloodBank.php on line 41.
 1 SYSTEMPATH\Autoloader\Autoloader.php(291): CodeIgniter\Autoloader\Autoloader->includeFile('C:\\xampp\\htdocs\\bloodbank_ci4\\app\\Controllers\\BloodBank.php')
 2 SYSTEMPATH\Autoloader\Autoloader.php(269): CodeIgniter\Autoloader\Autoloader->loadInNamespace('App\\Controllers\\BloodBank')
 3 [internal function]: CodeIgniter\Autoloader\Autoloader->loadClass('App\\Controllers\\BloodBank')
 4 SYSTEMPATH\CodeIgniter.php(900): class_exists('\\App\\Controllers\\BloodBank', true)
 5 SYSTEMPATH\CodeIgniter.php(489): CodeIgniter\CodeIgniter->startController()
 6 SYSTEMPATH\CodeIgniter.php(361): CodeIgniter\CodeIgniter->handleRequest(null, Object(Config\Cache), false)
 7 FCPATH\index.php(79): CodeIgniter\CodeIgniter->run()
CRITICAL - 2024-04-10 05:53:44 --> syntax error, unexpected token "return", expecting identifier or variable or "{" or "$"
in APPPATH\Controllers\BloodBank.php on line 41.
 1 SYSTEMPATH\Autoloader\Autoloader.php(291): CodeIgniter\Autoloader\Autoloader->includeFile('C:\\xampp\\htdocs\\bloodbank_ci4\\app\\Controllers\\BloodBank.php')
 2 SYSTEMPATH\Autoloader\Autoloader.php(269): CodeIgniter\Autoloader\Autoloader->loadInNamespace('App\\Controllers\\BloodBank')
 3 [internal function]: CodeIgniter\Autoloader\Autoloader->loadClass('App\\Controllers\\BloodBank')
 4 SYSTEMPATH\CodeIgniter.php(900): class_exists('\\App\\Controllers\\BloodBank', true)
 5 SYSTEMPATH\CodeIgniter.php(489): CodeIgniter\CodeIgniter->startController()
 6 SYSTEMPATH\CodeIgniter.php(361): CodeIgniter\CodeIgniter->handleRequest(null, Object(Config\Cache), false)
 7 FCPATH\index.php(79): CodeIgniter\CodeIgniter->run()
CRITICAL - 2024-04-10 05:54:00 --> syntax error, unexpected token "return", expecting identifier or variable or "{" or "$"
in APPPATH\Controllers\BloodBank.php on line 43.
 1 SYSTEMPATH\Autoloader\Autoloader.php(291): CodeIgniter\Autoloader\Autoloader->includeFile('C:\\xampp\\htdocs\\bloodbank_ci4\\app\\Controllers\\BloodBank.php')
 2 SYSTEMPATH\Autoloader\Autoloader.php(269): CodeIgniter\Autoloader\Autoloader->loadInNamespace('App\\Controllers\\BloodBank')
 3 [internal function]: CodeIgniter\Autoloader\Autoloader->loadClass('App\\Controllers\\BloodBank')
 4 SYSTEMPATH\CodeIgniter.php(900): class_exists('\\App\\Controllers\\BloodBank', true)
 5 SYSTEMPATH\CodeIgniter.php(489): CodeIgniter\CodeIgniter->startController()
 6 SYSTEMPATH\CodeIgniter.php(361): CodeIgniter\CodeIgniter->handleRequest(null, Object(Config\Cache), false)
 7 FCPATH\index.php(79): CodeIgniter\CodeIgniter->run()
CRITICAL - 2024-04-10 05:54:01 --> syntax error, unexpected token "return", expecting identifier or variable or "{" or "$"
in APPPATH\Controllers\BloodBank.php on line 43.
 1 SYSTEMPATH\Autoloader\Autoloader.php(291): CodeIgniter\Autoloader\Autoloader->includeFile('C:\\xampp\\htdocs\\bloodbank_ci4\\app\\Controllers\\BloodBank.php')
 2 SYSTEMPATH\Autoloader\Autoloader.php(269): CodeIgniter\Autoloader\Autoloader->loadInNamespace('App\\Controllers\\BloodBank')
 3 [internal function]: CodeIgniter\Autoloader\Autoloader->loadClass('App\\Controllers\\BloodBank')
 4 SYSTEMPATH\CodeIgniter.php(900): class_exists('\\App\\Controllers\\BloodBank', true)
 5 SYSTEMPATH\CodeIgniter.php(489): CodeIgniter\CodeIgniter->startController()
 6 SYSTEMPATH\CodeIgniter.php(361): CodeIgniter\CodeIgniter->handleRequest(null, Object(Config\Cache), false)
 7 FCPATH\index.php(79): CodeIgniter\CodeIgniter->run()
CRITICAL - 2024-04-10 05:54:01 --> syntax error, unexpected token "return", expecting identifier or variable or "{" or "$"
in APPPATH\Controllers\BloodBank.php on line 43.
 1 SYSTEMPATH\Autoloader\Autoloader.php(291): CodeIgniter\Autoloader\Autoloader->includeFile('C:\\xampp\\htdocs\\bloodbank_ci4\\app\\Controllers\\BloodBank.php')
 2 SYSTEMPATH\Autoloader\Autoloader.php(269): CodeIgniter\Autoloader\Autoloader->loadInNamespace('App\\Controllers\\BloodBank')
 3 [internal function]: CodeIgniter\Autoloader\Autoloader->loadClass('App\\Controllers\\BloodBank')
 4 SYSTEMPATH\CodeIgniter.php(900): class_exists('\\App\\Controllers\\BloodBank', true)
 5 SYSTEMPATH\CodeIgniter.php(489): CodeIgniter\CodeIgniter->startController()
 6 SYSTEMPATH\CodeIgniter.php(361): CodeIgniter\CodeIgniter->handleRequest(null, Object(Config\Cache), false)
 7 FCPATH\index.php(79): CodeIgniter\CodeIgniter->run()
CRITICAL - 2024-04-10 05:54:01 --> syntax error, unexpected token "return", expecting identifier or variable or "{" or "$"
in APPPATH\Controllers\BloodBank.php on line 43.
 1 SYSTEMPATH\Autoloader\Autoloader.php(291): CodeIgniter\Autoloader\Autoloader->includeFile('C:\\xampp\\htdocs\\bloodbank_ci4\\app\\Controllers\\BloodBank.php')
 2 SYSTEMPATH\Autoloader\Autoloader.php(269): CodeIgniter\Autoloader\Autoloader->loadInNamespace('App\\Controllers\\BloodBank')
 3 [internal function]: CodeIgniter\Autoloader\Autoloader->loadClass('App\\Controllers\\BloodBank')
 4 SYSTEMPATH\CodeIgniter.php(900): class_exists('\\App\\Controllers\\BloodBank', true)
 5 SYSTEMPATH\CodeIgniter.php(489): CodeIgniter\CodeIgniter->startController()
 6 SYSTEMPATH\CodeIgniter.php(361): CodeIgniter\CodeIgniter->handleRequest(null, Object(Config\Cache), false)
 7 FCPATH\index.php(79): CodeIgniter\CodeIgniter->run()
CRITICAL - 2024-04-10 06:10:32 --> Call to a member function desc() on array
in APPPATH\Controllers\BloodDonors.php on line 22.
 1 SYSTEMPATH\CodeIgniter.php(942): App\Controllers\BloodDonors->index()
 2 SYSTEMPATH\CodeIgniter.php(502): CodeIgniter\CodeIgniter->runController(Object(App\Controllers\BloodDonors))
 3 SYSTEMPATH\CodeIgniter.php(361): CodeIgniter\CodeIgniter->handleRequest(null, Object(Config\Cache), false)
 4 FCPATH\index.php(79): CodeIgniter\CodeIgniter->run()
CRITICAL - 2024-04-10 06:15:04 --> Call to a member function orderBy() on array
in APPPATH\Controllers\BloodDonors.php on line 22.
 1 SYSTEMPATH\CodeIgniter.php(942): App\Controllers\BloodDonors->index()
 2 SYSTEMPATH\CodeIgniter.php(502): CodeIgniter\CodeIgniter->runController(Object(App\Controllers\BloodDonors))
 3 SYSTEMPATH\CodeIgniter.php(361): CodeIgniter\CodeIgniter->handleRequest(null, Object(Config\Cache), false)
 4 FCPATH\index.php(79): CodeIgniter\CodeIgniter->run()
CRITICAL - 2024-04-10 06:17:40 --> Call to a member function orderBy() on array
in APPPATH\Controllers\BloodDonors.php on line 22.
 1 SYSTEMPATH\CodeIgniter.php(942): App\Controllers\BloodDonors->index()
 2 SYSTEMPATH\CodeIgniter.php(502): CodeIgniter\CodeIgniter->runController(Object(App\Controllers\BloodDonors))
 3 SYSTEMPATH\CodeIgniter.php(361): CodeIgniter\CodeIgniter->handleRequest(null, Object(Config\Cache), false)
 4 FCPATH\index.php(79): CodeIgniter\CodeIgniter->run()
CRITICAL - 2024-04-10 10:28:24 --> Class "PHPMailer\PHPMailer\PHPMailer" not found
in APPPATH\Controllers\BloodBank.php on line 307.
 1 SYSTEMPATH\CodeIgniter.php(942): App\Controllers\BloodBank->send_mail(null)
 2 SYSTEMPATH\CodeIgniter.php(502): CodeIgniter\CodeIgniter->runController(Object(App\Controllers\BloodBank))
 3 SYSTEMPATH\CodeIgniter.php(361): CodeIgniter\CodeIgniter->handleRequest(null, Object(Config\Cache), false)
 4 FCPATH\index.php(79): CodeIgniter\CodeIgniter->run()
CRITICAL - 2024-04-10 10:28:36 --> Class "PHPMailer\PHPMailer\PHPMailer" not found
in APPPATH\Controllers\BloodBank.php on line 307.
 1 SYSTEMPATH\CodeIgniter.php(942): App\Controllers\BloodBank->send_mail(null)
 2 SYSTEMPATH\CodeIgniter.php(502): CodeIgniter\CodeIgniter->runController(Object(App\Controllers\BloodBank))
 3 SYSTEMPATH\CodeIgniter.php(361): CodeIgniter\CodeIgniter->handleRequest(null, Object(Config\Cache), false)
 4 FCPATH\index.php(79): CodeIgniter\CodeIgniter->run()
CRITICAL - 2024-04-10 10:35:09 --> Class "App\Libraries\BaseController" not found
in APPPATH\Controllers\BloodBank.php on line 12.
 1 SYSTEMPATH\Autoloader\Autoloader.php(312): include_once()
 2 SYSTEMPATH\Autoloader\Autoloader.php(291): CodeIgniter\Autoloader\Autoloader->includeFile('C:\\xampp\\htdocs\\bloodbank_ci4\\app\\Controllers\\BloodBank.php')
 3 SYSTEMPATH\Autoloader\Autoloader.php(269): CodeIgniter\Autoloader\Autoloader->loadInNamespace('App\\Controllers\\BloodBank')
 4 [internal function]: CodeIgniter\Autoloader\Autoloader->loadClass('App\\Controllers\\BloodBank')
 5 SYSTEMPATH\CodeIgniter.php(900): class_exists('\\App\\Controllers\\BloodBank', true)
 6 SYSTEMPATH\CodeIgniter.php(489): CodeIgniter\CodeIgniter->startController()
 7 SYSTEMPATH\CodeIgniter.php(361): CodeIgniter\CodeIgniter->handleRequest(null, Object(Config\Cache), false)
 8 FCPATH\index.php(79): CodeIgniter\CodeIgniter->run()
CRITICAL - 2024-04-10 10:35:13 --> Class "App\Libraries\BaseController" not found
in APPPATH\Controllers\BloodBank.php on line 12.
 1 SYSTEMPATH\Autoloader\Autoloader.php(312): include_once()
 2 SYSTEMPATH\Autoloader\Autoloader.php(291): CodeIgniter\Autoloader\Autoloader->includeFile('C:\\xampp\\htdocs\\bloodbank_ci4\\app\\Controllers\\BloodBank.php')
 3 SYSTEMPATH\Autoloader\Autoloader.php(269): CodeIgniter\Autoloader\Autoloader->loadInNamespace('App\\Controllers\\BloodBank')
 4 [internal function]: CodeIgniter\Autoloader\Autoloader->loadClass('App\\Controllers\\BloodBank')
 5 SYSTEMPATH\CodeIgniter.php(900): class_exists('\\App\\Controllers\\BloodBank', true)
 6 SYSTEMPATH\CodeIgniter.php(489): CodeIgniter\CodeIgniter->startController()
 7 SYSTEMPATH\CodeIgniter.php(361): CodeIgniter\CodeIgniter->handleRequest(null, Object(Config\Cache), false)
 8 FCPATH\index.php(79): CodeIgniter\CodeIgniter->run()
CRITICAL - 2024-04-10 10:35:16 --> Class "App\Libraries\BaseController" not found
in APPPATH\Controllers\BloodBank.php on line 12.
 1 SYSTEMPATH\Autoloader\Autoloader.php(312): include_once()
 2 SYSTEMPATH\Autoloader\Autoloader.php(291): CodeIgniter\Autoloader\Autoloader->includeFile('C:\\xampp\\htdocs\\bloodbank_ci4\\app\\Controllers\\BloodBank.php')
 3 SYSTEMPATH\Autoloader\Autoloader.php(269): CodeIgniter\Autoloader\Autoloader->loadInNamespace('App\\Controllers\\BloodBank')
 4 [internal function]: CodeIgniter\Autoloader\Autoloader->loadClass('App\\Controllers\\BloodBank')
 5 SYSTEMPATH\CodeIgniter.php(900): class_exists('\\App\\Controllers\\BloodBank', true)
 6 SYSTEMPATH\CodeIgniter.php(489): CodeIgniter\CodeIgniter->startController()
 7 SYSTEMPATH\CodeIgniter.php(361): CodeIgniter\CodeIgniter->handleRequest(null, Object(Config\Cache), false)
 8 FCPATH\index.php(79): CodeIgniter\CodeIgniter->run()
CRITICAL - 2024-04-10 10:35:18 --> Class "App\Libraries\BaseController" not found
in APPPATH\Controllers\BloodBank.php on line 12.
 1 SYSTEMPATH\Autoloader\Autoloader.php(312): include_once()
 2 SYSTEMPATH\Autoloader\Autoloader.php(291): CodeIgniter\Autoloader\Autoloader->includeFile('C:\\xampp\\htdocs\\bloodbank_ci4\\app\\Controllers\\BloodBank.php')
 3 SYSTEMPATH\Autoloader\Autoloader.php(269): CodeIgniter\Autoloader\Autoloader->loadInNamespace('App\\Controllers\\BloodBank')
 4 [internal function]: CodeIgniter\Autoloader\Autoloader->loadClass('App\\Controllers\\BloodBank')
 5 SYSTEMPATH\CodeIgniter.php(900): class_exists('\\App\\Controllers\\BloodBank', true)
 6 SYSTEMPATH\CodeIgniter.php(489): CodeIgniter\CodeIgniter->startController()
 7 SYSTEMPATH\CodeIgniter.php(361): CodeIgniter\CodeIgniter->handleRequest(null, Object(Config\Cache), false)
 8 FCPATH\index.php(79): CodeIgniter\CodeIgniter->run()
CRITICAL - 2024-04-10 10:35:19 --> Class "App\Libraries\BaseController" not found
in APPPATH\Controllers\BloodBank.php on line 12.
 1 SYSTEMPATH\Autoloader\Autoloader.php(312): include_once()
 2 SYSTEMPATH\Autoloader\Autoloader.php(291): CodeIgniter\Autoloader\Autoloader->includeFile('C:\\xampp\\htdocs\\bloodbank_ci4\\app\\Controllers\\BloodBank.php')
 3 SYSTEMPATH\Autoloader\Autoloader.php(269): CodeIgniter\Autoloader\Autoloader->loadInNamespace('App\\Controllers\\BloodBank')
 4 [internal function]: CodeIgniter\Autoloader\Autoloader->loadClass('App\\Controllers\\BloodBank')
 5 SYSTEMPATH\CodeIgniter.php(900): class_exists('\\App\\Controllers\\BloodBank', true)
 6 SYSTEMPATH\CodeIgniter.php(489): CodeIgniter\CodeIgniter->startController()
 7 SYSTEMPATH\CodeIgniter.php(361): CodeIgniter\CodeIgniter->handleRequest(null, Object(Config\Cache), false)
 8 FCPATH\index.php(79): CodeIgniter\CodeIgniter->run()
CRITICAL - 2024-04-10 10:35:19 --> Class "App\Libraries\BaseController" not found
in APPPATH\Controllers\BloodBank.php on line 12.
 1 SYSTEMPATH\Autoloader\Autoloader.php(312): include_once()
 2 SYSTEMPATH\Autoloader\Autoloader.php(291): CodeIgniter\Autoloader\Autoloader->includeFile('C:\\xampp\\htdocs\\bloodbank_ci4\\app\\Controllers\\BloodBank.php')
 3 SYSTEMPATH\Autoloader\Autoloader.php(269): CodeIgniter\Autoloader\Autoloader->loadInNamespace('App\\Controllers\\BloodBank')
 4 [internal function]: CodeIgniter\Autoloader\Autoloader->loadClass('App\\Controllers\\BloodBank')
 5 SYSTEMPATH\CodeIgniter.php(900): class_exists('\\App\\Controllers\\BloodBank', true)
 6 SYSTEMPATH\CodeIgniter.php(489): CodeIgniter\CodeIgniter->startController()
 7 SYSTEMPATH\CodeIgniter.php(361): CodeIgniter\CodeIgniter->handleRequest(null, Object(Config\Cache), false)
 8 FCPATH\index.php(79): CodeIgniter\CodeIgniter->run()
CRITICAL - 2024-04-10 10:35:21 --> Class "App\Libraries\BaseController" not found
in APPPATH\Controllers\BloodBank.php on line 12.
 1 SYSTEMPATH\Autoloader\Autoloader.php(312): include_once()
 2 SYSTEMPATH\Autoloader\Autoloader.php(291): CodeIgniter\Autoloader\Autoloader->includeFile('C:\\xampp\\htdocs\\bloodbank_ci4\\app\\Controllers\\BloodBank.php')
 3 SYSTEMPATH\Autoloader\Autoloader.php(269): CodeIgniter\Autoloader\Autoloader->loadInNamespace('App\\Controllers\\BloodBank')
 4 [internal function]: CodeIgniter\Autoloader\Autoloader->loadClass('App\\Controllers\\BloodBank')
 5 SYSTEMPATH\CodeIgniter.php(900): class_exists('\\App\\Controllers\\BloodBank', true)
 6 SYSTEMPATH\CodeIgniter.php(489): CodeIgniter\CodeIgniter->startController()
 7 SYSTEMPATH\CodeIgniter.php(361): CodeIgniter\CodeIgniter->handleRequest(null, Object(Config\Cache), false)
 8 FCPATH\index.php(79): CodeIgniter\CodeIgniter->run()
CRITICAL - 2024-04-10 10:36:26 --> Class "App\Libraries\BaseController" not found
in APPPATH\Controllers\BloodBank.php on line 12.
 1 SYSTEMPATH\Autoloader\Autoloader.php(312): include_once()
 2 SYSTEMPATH\Autoloader\Autoloader.php(291): CodeIgniter\Autoloader\Autoloader->includeFile('C:\\xampp\\htdocs\\bloodbank_ci4\\app\\Controllers\\BloodBank.php')
 3 SYSTEMPATH\Autoloader\Autoloader.php(269): CodeIgniter\Autoloader\Autoloader->loadInNamespace('App\\Controllers\\BloodBank')
 4 [internal function]: CodeIgniter\Autoloader\Autoloader->loadClass('App\\Controllers\\BloodBank')
 5 SYSTEMPATH\CodeIgniter.php(900): class_exists('\\App\\Controllers\\BloodBank', true)
 6 SYSTEMPATH\CodeIgniter.php(489): CodeIgniter\CodeIgniter->startController()
 7 SYSTEMPATH\CodeIgniter.php(361): CodeIgniter\CodeIgniter->handleRequest(null, Object(Config\Cache), false)
 8 FCPATH\index.php(79): CodeIgniter\CodeIgniter->run()
CRITICAL - 2024-04-10 10:36:27 --> Class "App\Libraries\BaseController" not found
in APPPATH\Controllers\BloodBank.php on line 12.
 1 SYSTEMPATH\Autoloader\Autoloader.php(312): include_once()
 2 SYSTEMPATH\Autoloader\Autoloader.php(291): CodeIgniter\Autoloader\Autoloader->includeFile('C:\\xampp\\htdocs\\bloodbank_ci4\\app\\Controllers\\BloodBank.php')
 3 SYSTEMPATH\Autoloader\Autoloader.php(269): CodeIgniter\Autoloader\Autoloader->loadInNamespace('App\\Controllers\\BloodBank')
 4 [internal function]: CodeIgniter\Autoloader\Autoloader->loadClass('App\\Controllers\\BloodBank')
 5 SYSTEMPATH\CodeIgniter.php(900): class_exists('\\App\\Controllers\\BloodBank', true)
 6 SYSTEMPATH\CodeIgniter.php(489): CodeIgniter\CodeIgniter->startController()
 7 SYSTEMPATH\CodeIgniter.php(361): CodeIgniter\CodeIgniter->handleRequest(null, Object(Config\Cache), false)
 8 FCPATH\index.php(79): CodeIgniter\CodeIgniter->run()
CRITICAL - 2024-04-10 10:36:27 --> Class "App\Libraries\BaseController" not found
in APPPATH\Controllers\BloodBank.php on line 12.
 1 SYSTEMPATH\Autoloader\Autoloader.php(312): include_once()
 2 SYSTEMPATH\Autoloader\Autoloader.php(291): CodeIgniter\Autoloader\Autoloader->includeFile('C:\\xampp\\htdocs\\bloodbank_ci4\\app\\Controllers\\BloodBank.php')
 3 SYSTEMPATH\Autoloader\Autoloader.php(269): CodeIgniter\Autoloader\Autoloader->loadInNamespace('App\\Controllers\\BloodBank')
 4 [internal function]: CodeIgniter\Autoloader\Autoloader->loadClass('App\\Controllers\\BloodBank')
 5 SYSTEMPATH\CodeIgniter.php(900): class_exists('\\App\\Controllers\\BloodBank', true)
 6 SYSTEMPATH\CodeIgniter.php(489): CodeIgniter\CodeIgniter->startController()
 7 SYSTEMPATH\CodeIgniter.php(361): CodeIgniter\CodeIgniter->handleRequest(null, Object(Config\Cache), false)
 8 FCPATH\index.php(79): CodeIgniter\CodeIgniter->run()
CRITICAL - 2024-04-10 10:36:27 --> Class "App\Libraries\BaseController" not found
in APPPATH\Controllers\BloodBank.php on line 12.
 1 SYSTEMPATH\Autoloader\Autoloader.php(312): include_once()
 2 SYSTEMPATH\Autoloader\Autoloader.php(291): CodeIgniter\Autoloader\Autoloader->includeFile('C:\\xampp\\htdocs\\bloodbank_ci4\\app\\Controllers\\BloodBank.php')
 3 SYSTEMPATH\Autoloader\Autoloader.php(269): CodeIgniter\Autoloader\Autoloader->loadInNamespace('App\\Controllers\\BloodBank')
 4 [internal function]: CodeIgniter\Autoloader\Autoloader->loadClass('App\\Controllers\\BloodBank')
 5 SYSTEMPATH\CodeIgniter.php(900): class_exists('\\App\\Controllers\\BloodBank', true)
 6 SYSTEMPATH\CodeIgniter.php(489): CodeIgniter\CodeIgniter->startController()
 7 SYSTEMPATH\CodeIgniter.php(361): CodeIgniter\CodeIgniter->handleRequest(null, Object(Config\Cache), false)
 8 FCPATH\index.php(79): CodeIgniter\CodeIgniter->run()
CRITICAL - 2024-04-10 10:36:57 --> Class "App\Libraries\BaseController" not found
in APPPATH\Controllers\BloodBank.php on line 12.
 1 SYSTEMPATH\Autoloader\Autoloader.php(312): include_once()
 2 SYSTEMPATH\Autoloader\Autoloader.php(291): CodeIgniter\Autoloader\Autoloader->includeFile('C:\\xampp\\htdocs\\bloodbank_ci4\\app\\Controllers\\BloodBank.php')
 3 SYSTEMPATH\Autoloader\Autoloader.php(269): CodeIgniter\Autoloader\Autoloader->loadInNamespace('App\\Controllers\\BloodBank')
 4 [internal function]: CodeIgniter\Autoloader\Autoloader->loadClass('App\\Controllers\\BloodBank')
 5 SYSTEMPATH\CodeIgniter.php(900): class_exists('\\App\\Controllers\\BloodBank', true)
 6 SYSTEMPATH\CodeIgniter.php(489): CodeIgniter\CodeIgniter->startController()
 7 SYSTEMPATH\CodeIgniter.php(361): CodeIgniter\CodeIgniter->handleRequest(null, Object(Config\Cache), false)
 8 FCPATH\index.php(79): CodeIgniter\CodeIgniter->run()
CRITICAL - 2024-04-10 10:36:58 --> Class "App\Libraries\BaseController" not found
in APPPATH\Controllers\BloodBank.php on line 12.
 1 SYSTEMPATH\Autoloader\Autoloader.php(312): include_once()
 2 SYSTEMPATH\Autoloader\Autoloader.php(291): CodeIgniter\Autoloader\Autoloader->includeFile('C:\\xampp\\htdocs\\bloodbank_ci4\\app\\Controllers\\BloodBank.php')
 3 SYSTEMPATH\Autoloader\Autoloader.php(269): CodeIgniter\Autoloader\Autoloader->loadInNamespace('App\\Controllers\\BloodBank')
 4 [internal function]: CodeIgniter\Autoloader\Autoloader->loadClass('App\\Controllers\\BloodBank')
 5 SYSTEMPATH\CodeIgniter.php(900): class_exists('\\App\\Controllers\\BloodBank', true)
 6 SYSTEMPATH\CodeIgniter.php(489): CodeIgniter\CodeIgniter->startController()
 7 SYSTEMPATH\CodeIgniter.php(361): CodeIgniter\CodeIgniter->handleRequest(null, Object(Config\Cache), false)
 8 FCPATH\index.php(79): CodeIgniter\CodeIgniter->run()
CRITICAL - 2024-04-10 10:36:58 --> Class "App\Libraries\BaseController" not found
in APPPATH\Controllers\BloodBank.php on line 12.
 1 SYSTEMPATH\Autoloader\Autoloader.php(312): include_once()
 2 SYSTEMPATH\Autoloader\Autoloader.php(291): CodeIgniter\Autoloader\Autoloader->includeFile('C:\\xampp\\htdocs\\bloodbank_ci4\\app\\Controllers\\BloodBank.php')
 3 SYSTEMPATH\Autoloader\Autoloader.php(269): CodeIgniter\Autoloader\Autoloader->loadInNamespace('App\\Controllers\\BloodBank')
 4 [internal function]: CodeIgniter\Autoloader\Autoloader->loadClass('App\\Controllers\\BloodBank')
 5 SYSTEMPATH\CodeIgniter.php(900): class_exists('\\App\\Controllers\\BloodBank', true)
 6 SYSTEMPATH\CodeIgniter.php(489): CodeIgniter\CodeIgniter->startController()
 7 SYSTEMPATH\CodeIgniter.php(361): CodeIgniter\CodeIgniter->handleRequest(null, Object(Config\Cache), false)
 8 FCPATH\index.php(79): CodeIgniter\CodeIgniter->run()
CRITICAL - 2024-04-10 10:36:58 --> Class "App\Libraries\BaseController" not found
in APPPATH\Controllers\BloodBank.php on line 12.
 1 SYSTEMPATH\Autoloader\Autoloader.php(312): include_once()
 2 SYSTEMPATH\Autoloader\Autoloader.php(291): CodeIgniter\Autoloader\Autoloader->includeFile('C:\\xampp\\htdocs\\bloodbank_ci4\\app\\Controllers\\BloodBank.php')
 3 SYSTEMPATH\Autoloader\Autoloader.php(269): CodeIgniter\Autoloader\Autoloader->loadInNamespace('App\\Controllers\\BloodBank')
 4 [internal function]: CodeIgniter\Autoloader\Autoloader->loadClass('App\\Controllers\\BloodBank')
 5 SYSTEMPATH\CodeIgniter.php(900): class_exists('\\App\\Controllers\\BloodBank', true)
 6 SYSTEMPATH\CodeIgniter.php(489): CodeIgniter\CodeIgniter->startController()
 7 SYSTEMPATH\CodeIgniter.php(361): CodeIgniter\CodeIgniter->handleRequest(null, Object(Config\Cache), false)
 8 FCPATH\index.php(79): CodeIgniter\CodeIgniter->run()
CRITICAL - 2024-04-10 10:37:01 --> Class "App\Libraries\BaseController" not found
in APPPATH\Controllers\BloodBank.php on line 12.
 1 SYSTEMPATH\Autoloader\Autoloader.php(312): include_once()
 2 SYSTEMPATH\Autoloader\Autoloader.php(291): CodeIgniter\Autoloader\Autoloader->includeFile('C:\\xampp\\htdocs\\bloodbank_ci4\\app\\Controllers\\BloodBank.php')
 3 SYSTEMPATH\Autoloader\Autoloader.php(269): CodeIgniter\Autoloader\Autoloader->loadInNamespace('App\\Controllers\\BloodBank')
 4 [internal function]: CodeIgniter\Autoloader\Autoloader->loadClass('App\\Controllers\\BloodBank')
 5 SYSTEMPATH\CodeIgniter.php(900): class_exists('\\App\\Controllers\\BloodBank', true)
 6 SYSTEMPATH\CodeIgniter.php(489): CodeIgniter\CodeIgniter->startController()
 7 SYSTEMPATH\CodeIgniter.php(361): CodeIgniter\CodeIgniter->handleRequest(null, Object(Config\Cache), false)
 8 FCPATH\index.php(79): CodeIgniter\CodeIgniter->run()
CRITICAL - 2024-04-10 10:38:49 --> Class "PHPMailer\PHPMailer\PHPMailer" not found
in APPPATH\Controllers\BloodBank.php on line 308.
 1 SYSTEMPATH\CodeIgniter.php(942): App\Controllers\BloodBank->send_mail(null)
 2 SYSTEMPATH\CodeIgniter.php(502): CodeIgniter\CodeIgniter->runController(Object(App\Controllers\BloodBank))
 3 SYSTEMPATH\CodeIgniter.php(361): CodeIgniter\CodeIgniter->handleRequest(null, Object(Config\Cache), false)
 4 FCPATH\index.php(79): CodeIgniter\CodeIgniter->run()
CRITICAL - 2024-04-10 10:39:14 --> Class "App\Libraries\BaseController" not found
in APPPATH\Controllers\BloodBank.php on line 12.
 1 SYSTEMPATH\Autoloader\Autoloader.php(312): include_once()
 2 SYSTEMPATH\Autoloader\Autoloader.php(291): CodeIgniter\Autoloader\Autoloader->includeFile('C:\\xampp\\htdocs\\bloodbank_ci4\\app\\Controllers\\BloodBank.php')
 3 SYSTEMPATH\Autoloader\Autoloader.php(269): CodeIgniter\Autoloader\Autoloader->loadInNamespace('App\\Controllers\\BloodBank')
 4 [internal function]: CodeIgniter\Autoloader\Autoloader->loadClass('App\\Controllers\\BloodBank')
 5 SYSTEMPATH\CodeIgniter.php(900): class_exists('\\App\\Controllers\\BloodBank', true)
 6 SYSTEMPATH\CodeIgniter.php(489): CodeIgniter\CodeIgniter->startController()
 7 SYSTEMPATH\CodeIgniter.php(361): CodeIgniter\CodeIgniter->handleRequest(null, Object(Config\Cache), false)
 8 FCPATH\index.php(79): CodeIgniter\CodeIgniter->run()
CRITICAL - 2024-04-10 10:39:28 --> Class "PHPMailer\PHPMailer\PHPMailer" not found
in APPPATH\Controllers\BloodBank.php on line 308.
 1 SYSTEMPATH\CodeIgniter.php(942): App\Controllers\BloodBank->send_mail(null)
 2 SYSTEMPATH\CodeIgniter.php(502): CodeIgniter\CodeIgniter->runController(Object(App\Controllers\BloodBank))
 3 SYSTEMPATH\CodeIgniter.php(361): CodeIgniter\CodeIgniter->handleRequest(null, Object(Config\Cache), false)
 4 FCPATH\index.php(79): CodeIgniter\CodeIgniter->run()
CRITICAL - 2024-04-10 10:39:56 --> Class "PHPMailer\PHPMailer\PHPMailer" not found
in APPPATH\Controllers\BloodBank.php on line 308.
 1 SYSTEMPATH\CodeIgniter.php(942): App\Controllers\BloodBank->send_mail(null)
 2 SYSTEMPATH\CodeIgniter.php(502): CodeIgniter\CodeIgniter->runController(Object(App\Controllers\BloodBank))
 3 SYSTEMPATH\CodeIgniter.php(361): CodeIgniter\CodeIgniter->handleRequest(null, Object(Config\Cache), false)
 4 FCPATH\index.php(79): CodeIgniter\CodeIgniter->run()
CRITICAL - 2024-04-10 10:39:58 --> Class "PHPMailer\PHPMailer\PHPMailer" not found
in APPPATH\Controllers\BloodBank.php on line 308.
 1 SYSTEMPATH\CodeIgniter.php(942): App\Controllers\BloodBank->send_mail(null)
 2 SYSTEMPATH\CodeIgniter.php(502): CodeIgniter\CodeIgniter->runController(Object(App\Controllers\BloodBank))
 3 SYSTEMPATH\CodeIgniter.php(361): CodeIgniter\CodeIgniter->handleRequest(null, Object(Config\Cache), false)
 4 FCPATH\index.php(79): CodeIgniter\CodeIgniter->run()
CRITICAL - 2024-04-10 10:42:39 --> Class "PHPMailer\PHPMailer\PHPMailer" not found
in APPPATH\Controllers\BloodBank.php on line 308.
 1 SYSTEMPATH\CodeIgniter.php(942): App\Controllers\BloodBank->send_mail(null)
 2 SYSTEMPATH\CodeIgniter.php(502): CodeIgniter\CodeIgniter->runController(Object(App\Controllers\BloodBank))
 3 SYSTEMPATH\CodeIgniter.php(361): CodeIgniter\CodeIgniter->handleRequest(null, Object(Config\Cache), false)
 4 FCPATH\index.php(79): CodeIgniter\CodeIgniter->run()
CRITICAL - 2024-04-10 10:42:40 --> Class "PHPMailer\PHPMailer\PHPMailer" not found
in APPPATH\Controllers\BloodBank.php on line 308.
 1 SYSTEMPATH\CodeIgniter.php(942): App\Controllers\BloodBank->send_mail(null)
 2 SYSTEMPATH\CodeIgniter.php(502): CodeIgniter\CodeIgniter->runController(Object(App\Controllers\BloodBank))
 3 SYSTEMPATH\CodeIgniter.php(361): CodeIgniter\CodeIgniter->handleRequest(null, Object(Config\Cache), false)
 4 FCPATH\index.php(79): CodeIgniter\CodeIgniter->run()
CRITICAL - 2024-04-10 10:42:40 --> Class "PHPMailer\PHPMailer\PHPMailer" not found
in APPPATH\Controllers\BloodBank.php on line 308.
 1 SYSTEMPATH\CodeIgniter.php(942): App\Controllers\BloodBank->send_mail(null)
 2 SYSTEMPATH\CodeIgniter.php(502): CodeIgniter\CodeIgniter->runController(Object(App\Controllers\BloodBank))
 3 SYSTEMPATH\CodeIgniter.php(361): CodeIgniter\CodeIgniter->handleRequest(null, Object(Config\Cache), false)
 4 FCPATH\index.php(79): CodeIgniter\CodeIgniter->run()
CRITICAL - 2024-04-10 10:42:41 --> Class "PHPMailer\PHPMailer\PHPMailer" not found
in APPPATH\Controllers\BloodBank.php on line 308.
 1 SYSTEMPATH\CodeIgniter.php(942): App\Controllers\BloodBank->send_mail(null)
 2 SYSTEMPATH\CodeIgniter.php(502): CodeIgniter\CodeIgniter->runController(Object(App\Controllers\BloodBank))
 3 SYSTEMPATH\CodeIgniter.php(361): CodeIgniter\CodeIgniter->handleRequest(null, Object(Config\Cache), false)
 4 FCPATH\index.php(79): CodeIgniter\CodeIgniter->run()
CRITICAL - 2024-04-10 11:01:38 --> Undefined array key "email_id"
in APPPATH\Controllers\BloodBank.php on line 307.
 1 APPPATH\Controllers\BloodBank.php(307): CodeIgniter\Debug\Exceptions->errorHandler(2, 'Undefined array key "email_id"', 'C:\\xampp\\htdocs\\bloodbank_ci4\\app\\Controllers\\BloodBank.php', 307)
 2 SYSTEMPATH\CodeIgniter.php(942): App\Controllers\BloodBank->send_mail(null)
 3 SYSTEMPATH\CodeIgniter.php(502): CodeIgniter\CodeIgniter->runController(Object(App\Controllers\BloodBank))
 4 SYSTEMPATH\CodeIgniter.php(361): CodeIgniter\CodeIgniter->handleRequest(null, Object(Config\Cache), false)
 5 FCPATH\index.php(79): CodeIgniter\CodeIgniter->run()
CRITICAL - 2024-04-10 11:02:08 --> Undefined array key "email_id"
in APPPATH\Controllers\BloodBank.php on line 307.
 1 APPPATH\Controllers\BloodBank.php(307): CodeIgniter\Debug\Exceptions->errorHandler(2, 'Undefined array key "email_id"', 'C:\\xampp\\htdocs\\bloodbank_ci4\\app\\Controllers\\BloodBank.php', 307)
 2 SYSTEMPATH\CodeIgniter.php(942): App\Controllers\BloodBank->send_mail(null)
 3 SYSTEMPATH\CodeIgniter.php(502): CodeIgniter\CodeIgniter->runController(Object(App\Controllers\BloodBank))
 4 SYSTEMPATH\CodeIgniter.php(361): CodeIgniter\CodeIgniter->handleRequest(null, Object(Config\Cache), false)
 5 FCPATH\index.php(79): CodeIgniter\CodeIgniter->run()
CRITICAL - 2024-04-10 11:12:26 --> syntax error, unexpected token "public"
in APPPATH\Controllers\BloodDonors.php on line 175.
 1 SYSTEMPATH\Autoloader\Autoloader.php(291): CodeIgniter\Autoloader\Autoloader->includeFile('C:\\xampp\\htdocs\\bloodbank_ci4\\app\\Controllers\\BloodDonors.php')
 2 SYSTEMPATH\Autoloader\Autoloader.php(269): CodeIgniter\Autoloader\Autoloader->loadInNamespace('App\\Controllers\\BloodDonors')
 3 [internal function]: CodeIgniter\Autoloader\Autoloader->loadClass('App\\Controllers\\BloodDonors')
 4 SYSTEMPATH\CodeIgniter.php(900): class_exists('\\App\\Controllers\\BloodDonors', true)
 5 SYSTEMPATH\CodeIgniter.php(489): CodeIgniter\CodeIgniter->startController()
 6 SYSTEMPATH\CodeIgniter.php(361): CodeIgniter\CodeIgniter->handleRequest(null, Object(Config\Cache), false)
 7 FCPATH\index.php(79): CodeIgniter\CodeIgniter->run()
CRITICAL - 2024-04-10 11:12:28 --> syntax error, unexpected token "public"
in APPPATH\Controllers\BloodDonors.php on line 175.
 1 SYSTEMPATH\Autoloader\Autoloader.php(291): CodeIgniter\Autoloader\Autoloader->includeFile('C:\\xampp\\htdocs\\bloodbank_ci4\\app\\Controllers\\BloodDonors.php')
 2 SYSTEMPATH\Autoloader\Autoloader.php(269): CodeIgniter\Autoloader\Autoloader->loadInNamespace('App\\Controllers\\BloodDonors')
 3 [internal function]: CodeIgniter\Autoloader\Autoloader->loadClass('App\\Controllers\\BloodDonors')
 4 SYSTEMPATH\CodeIgniter.php(900): class_exists('\\App\\Controllers\\BloodDonors', true)
 5 SYSTEMPATH\CodeIgniter.php(489): CodeIgniter\CodeIgniter->startController()
 6 SYSTEMPATH\CodeIgniter.php(361): CodeIgniter\CodeIgniter->handleRequest(null, Object(Config\Cache), false)
 7 FCPATH\index.php(79): CodeIgniter\CodeIgniter->run()
CRITICAL - 2024-04-10 11:13:55 --> syntax error, unexpected token "public"
in APPPATH\Controllers\BloodDonors.php on line 175.
 1 SYSTEMPATH\Autoloader\Autoloader.php(291): CodeIgniter\Autoloader\Autoloader->includeFile('C:\\xampp\\htdocs\\bloodbank_ci4\\app\\Controllers\\BloodDonors.php')
 2 SYSTEMPATH\Autoloader\Autoloader.php(269): CodeIgniter\Autoloader\Autoloader->loadInNamespace('App\\Controllers\\BloodDonors')
 3 [internal function]: CodeIgniter\Autoloader\Autoloader->loadClass('App\\Controllers\\BloodDonors')
 4 SYSTEMPATH\CodeIgniter.php(900): class_exists('\\App\\Controllers\\BloodDonors', true)
 5 SYSTEMPATH\CodeIgniter.php(489): CodeIgniter\CodeIgniter->startController()
 6 SYSTEMPATH\CodeIgniter.php(361): CodeIgniter\CodeIgniter->handleRequest(null, Object(Config\Cache), false)
 7 FCPATH\index.php(79): CodeIgniter\CodeIgniter->run()
CRITICAL - 2024-04-10 11:14:25 --> syntax error, unexpected token "public"
in APPPATH\Controllers\BloodDonors.php on line 175.
 1 SYSTEMPATH\Autoloader\Autoloader.php(291): CodeIgniter\Autoloader\Autoloader->includeFile('C:\\xampp\\htdocs\\bloodbank_ci4\\app\\Controllers\\BloodDonors.php')
 2 SYSTEMPATH\Autoloader\Autoloader.php(269): CodeIgniter\Autoloader\Autoloader->loadInNamespace('App\\Controllers\\BloodDonors')
 3 [internal function]: CodeIgniter\Autoloader\Autoloader->loadClass('App\\Controllers\\BloodDonors')
 4 SYSTEMPATH\CodeIgniter.php(900): class_exists('\\App\\Controllers\\BloodDonors', true)
 5 SYSTEMPATH\CodeIgniter.php(489): CodeIgniter\CodeIgniter->startController()
 6 SYSTEMPATH\CodeIgniter.php(361): CodeIgniter\CodeIgniter->handleRequest(null, Object(Config\Cache), false)
 7 FCPATH\index.php(79): CodeIgniter\CodeIgniter->run()
CRITICAL - 2024-04-10 11:14:39 --> syntax error, unexpected token "public"
in APPPATH\Controllers\BloodDonors.php on line 175.
 1 SYSTEMPATH\Autoloader\Autoloader.php(291): CodeIgniter\Autoloader\Autoloader->includeFile('C:\\xampp\\htdocs\\bloodbank_ci4\\app\\Controllers\\BloodDonors.php')
 2 SYSTEMPATH\Autoloader\Autoloader.php(269): CodeIgniter\Autoloader\Autoloader->loadInNamespace('App\\Controllers\\BloodDonors')
 3 [internal function]: CodeIgniter\Autoloader\Autoloader->loadClass('App\\Controllers\\BloodDonors')
 4 SYSTEMPATH\CodeIgniter.php(900): class_exists('\\App\\Controllers\\BloodDonors', true)
 5 SYSTEMPATH\CodeIgniter.php(489): CodeIgniter\CodeIgniter->startController()
 6 SYSTEMPATH\CodeIgniter.php(361): CodeIgniter\CodeIgniter->handleRequest(null, Object(Config\Cache), false)
 7 FCPATH\index.php(79): CodeIgniter\CodeIgniter->run()
CRITICAL - 2024-04-10 11:14:40 --> syntax error, unexpected token "public"
in APPPATH\Controllers\BloodDonors.php on line 175.
 1 SYSTEMPATH\Autoloader\Autoloader.php(291): CodeIgniter\Autoloader\Autoloader->includeFile('C:\\xampp\\htdocs\\bloodbank_ci4\\app\\Controllers\\BloodDonors.php')
 2 SYSTEMPATH\Autoloader\Autoloader.php(269): CodeIgniter\Autoloader\Autoloader->loadInNamespace('App\\Controllers\\BloodDonors')
 3 [internal function]: CodeIgniter\Autoloader\Autoloader->loadClass('App\\Controllers\\BloodDonors')
 4 SYSTEMPATH\CodeIgniter.php(900): class_exists('\\App\\Controllers\\BloodDonors', true)
 5 SYSTEMPATH\CodeIgniter.php(489): CodeIgniter\CodeIgniter->startController()
 6 SYSTEMPATH\CodeIgniter.php(361): CodeIgniter\CodeIgniter->handleRequest(null, Object(Config\Cache), false)
 7 FCPATH\index.php(79): CodeIgniter\CodeIgniter->run()
CRITICAL - 2024-04-10 11:14:40 --> syntax error, unexpected token "public"
in APPPATH\Controllers\BloodDonors.php on line 175.
 1 SYSTEMPATH\Autoloader\Autoloader.php(291): CodeIgniter\Autoloader\Autoloader->includeFile('C:\\xampp\\htdocs\\bloodbank_ci4\\app\\Controllers\\BloodDonors.php')
 2 SYSTEMPATH\Autoloader\Autoloader.php(269): CodeIgniter\Autoloader\Autoloader->loadInNamespace('App\\Controllers\\BloodDonors')
 3 [internal function]: CodeIgniter\Autoloader\Autoloader->loadClass('App\\Controllers\\BloodDonors')
 4 SYSTEMPATH\CodeIgniter.php(900): class_exists('\\App\\Controllers\\BloodDonors', true)
 5 SYSTEMPATH\CodeIgniter.php(489): CodeIgniter\CodeIgniter->startController()
 6 SYSTEMPATH\CodeIgniter.php(361): CodeIgniter\CodeIgniter->handleRequest(null, Object(Config\Cache), false)
 7 FCPATH\index.php(79): CodeIgniter\CodeIgniter->run()
CRITICAL - 2024-04-10 11:14:43 --> syntax error, unexpected token "public"
in APPPATH\Controllers\BloodDonors.php on line 175.
 1 SYSTEMPATH\Autoloader\Autoloader.php(291): CodeIgniter\Autoloader\Autoloader->includeFile('C:\\xampp\\htdocs\\bloodbank_ci4\\app\\Controllers\\BloodDonors.php')
 2 SYSTEMPATH\Autoloader\Autoloader.php(269): CodeIgniter\Autoloader\Autoloader->loadInNamespace('App\\Controllers\\BloodDonors')
 3 [internal function]: CodeIgniter\Autoloader\Autoloader->loadClass('App\\Controllers\\BloodDonors')
 4 SYSTEMPATH\CodeIgniter.php(900): class_exists('\\App\\Controllers\\BloodDonors', true)
 5 SYSTEMPATH\CodeIgniter.php(489): CodeIgniter\CodeIgniter->startController()
 6 SYSTEMPATH\CodeIgniter.php(361): CodeIgniter\CodeIgniter->handleRequest(null, Object(Config\Cache), false)
 7 FCPATH\index.php(79): CodeIgniter\CodeIgniter->run()
CRITICAL - 2024-04-10 11:14:55 --> Unclosed '{' on line 11
in APPPATH\Controllers\BloodDonors.php on line 182.
 1 SYSTEMPATH\Autoloader\Autoloader.php(291): CodeIgniter\Autoloader\Autoloader->includeFile('C:\\xampp\\htdocs\\bloodbank_ci4\\app\\Controllers\\BloodDonors.php')
 2 SYSTEMPATH\Autoloader\Autoloader.php(269): CodeIgniter\Autoloader\Autoloader->loadInNamespace('App\\Controllers\\BloodDonors')
 3 [internal function]: CodeIgniter\Autoloader\Autoloader->loadClass('App\\Controllers\\BloodDonors')
 4 SYSTEMPATH\CodeIgniter.php(900): class_exists('\\App\\Controllers\\BloodDonors', true)
 5 SYSTEMPATH\CodeIgniter.php(489): CodeIgniter\CodeIgniter->startController()
 6 SYSTEMPATH\CodeIgniter.php(361): CodeIgniter\CodeIgniter->handleRequest(null, Object(Config\Cache), false)
 7 FCPATH\index.php(79): CodeIgniter\CodeIgniter->run()
CRITICAL - 2024-04-10 11:14:59 --> Unclosed '{' on line 11
in APPPATH\Controllers\BloodDonors.php on line 182.
 1 SYSTEMPATH\Autoloader\Autoloader.php(291): CodeIgniter\Autoloader\Autoloader->includeFile('C:\\xampp\\htdocs\\bloodbank_ci4\\app\\Controllers\\BloodDonors.php')
 2 SYSTEMPATH\Autoloader\Autoloader.php(269): CodeIgniter\Autoloader\Autoloader->loadInNamespace('App\\Controllers\\BloodDonors')
 3 [internal function]: CodeIgniter\Autoloader\Autoloader->loadClass('App\\Controllers\\BloodDonors')
 4 SYSTEMPATH\CodeIgniter.php(900): class_exists('\\App\\Controllers\\BloodDonors', true)
 5 SYSTEMPATH\CodeIgniter.php(489): CodeIgniter\CodeIgniter->startController()
 6 SYSTEMPATH\CodeIgniter.php(361): CodeIgniter\CodeIgniter->handleRequest(null, Object(Config\Cache), false)
 7 FCPATH\index.php(79): CodeIgniter\CodeIgniter->run()
CRITICAL - 2024-04-10 11:15:25 --> Class "Twilio\Rest\Client" not found
in APPPATH\Controllers\BloodDonors.php on line 202.
 1 SYSTEMPATH\CodeIgniter.php(942): App\Controllers\BloodDonors->message('22')
 2 SYSTEMPATH\CodeIgniter.php(502): CodeIgniter\CodeIgniter->runController(Object(App\Controllers\BloodDonors))
 3 SYSTEMPATH\CodeIgniter.php(361): CodeIgniter\CodeIgniter->handleRequest(null, Object(Config\Cache), false)
 4 FCPATH\index.php(79): CodeIgniter\CodeIgniter->run()
CRITICAL - 2024-04-10 11:22:16 --> Class "Twilio\Rest\Client" not found
in APPPATH\Controllers\BloodDonors.php on line 202.
 1 SYSTEMPATH\CodeIgniter.php(942): App\Controllers\BloodDonors->message('22')
 2 SYSTEMPATH\CodeIgniter.php(502): CodeIgniter\CodeIgniter->runController(Object(App\Controllers\BloodDonors))
 3 SYSTEMPATH\CodeIgniter.php(361): CodeIgniter\CodeIgniter->handleRequest(null, Object(Config\Cache), false)
 4 FCPATH\index.php(79): CodeIgniter\CodeIgniter->run()
CRITICAL - 2024-04-10 11:22:18 --> Class "Twilio\Rest\Client" not found
in APPPATH\Controllers\BloodDonors.php on line 202.
 1 SYSTEMPATH\CodeIgniter.php(942): App\Controllers\BloodDonors->message('22')
 2 SYSTEMPATH\CodeIgniter.php(502): CodeIgniter\CodeIgniter->runController(Object(App\Controllers\BloodDonors))
 3 SYSTEMPATH\CodeIgniter.php(361): CodeIgniter\CodeIgniter->handleRequest(null, Object(Config\Cache), false)
 4 FCPATH\index.php(79): CodeIgniter\CodeIgniter->run()
CRITICAL - 2024-04-10 11:22:20 --> Class "Twilio\Rest\Client" not found
in APPPATH\Controllers\BloodDonors.php on line 202.
 1 SYSTEMPATH\CodeIgniter.php(942): App\Controllers\BloodDonors->message('22')
 2 SYSTEMPATH\CodeIgniter.php(502): CodeIgniter\CodeIgniter->runController(Object(App\Controllers\BloodDonors))
 3 SYSTEMPATH\CodeIgniter.php(361): CodeIgniter\CodeIgniter->handleRequest(null, Object(Config\Cache), false)
 4 FCPATH\index.php(79): CodeIgniter\CodeIgniter->run()
CRITICAL - 2024-04-10 11:22:35 --> Class "Twilio\Rest\Client" not found
in APPPATH\Controllers\BloodDonors.php on line 202.
 1 SYSTEMPATH\CodeIgniter.php(942): App\Controllers\BloodDonors->message('23')
 2 SYSTEMPATH\CodeIgniter.php(502): CodeIgniter\CodeIgniter->runController(Object(App\Controllers\BloodDonors))
 3 SYSTEMPATH\CodeIgniter.php(361): CodeIgniter\CodeIgniter->handleRequest(null, Object(Config\Cache), false)
 4 FCPATH\index.php(79): CodeIgniter\CodeIgniter->run()
CRITICAL - 2024-04-10 12:32:53 --> syntax error, unexpected token "use"
in APPPATH\Controllers\BloodDonors.php on line 198.
 1 SYSTEMPATH\Autoloader\Autoloader.php(291): CodeIgniter\Autoloader\Autoloader->includeFile('C:\\xampp\\htdocs\\bloodbank_ci4\\app\\Controllers\\BloodDonors.php')
 2 SYSTEMPATH\Autoloader\Autoloader.php(269): CodeIgniter\Autoloader\Autoloader->loadInNamespace('App\\Controllers\\BloodDonors')
 3 [internal function]: CodeIgniter\Autoloader\Autoloader->loadClass('App\\Controllers\\BloodDonors')
 4 SYSTEMPATH\CodeIgniter.php(900): class_exists('\\App\\Controllers\\BloodDonors', true)
 5 SYSTEMPATH\CodeIgniter.php(489): CodeIgniter\CodeIgniter->startController()
 6 SYSTEMPATH\CodeIgniter.php(361): CodeIgniter\CodeIgniter->handleRequest(null, Object(Config\Cache), false)
 7 FCPATH\index.php(79): CodeIgniter\CodeIgniter->run()
CRITICAL - 2024-04-10 12:33:22 --> syntax error, unexpected identifier "appointment", expecting ")"
in APPPATH\Controllers\BloodDonors.php on line 208.
 1 SYSTEMPATH\Autoloader\Autoloader.php(291): CodeIgniter\Autoloader\Autoloader->includeFile('C:\\xampp\\htdocs\\bloodbank_ci4\\app\\Controllers\\BloodDonors.php')
 2 SYSTEMPATH\Autoloader\Autoloader.php(269): CodeIgniter\Autoloader\Autoloader->loadInNamespace('App\\Controllers\\BloodDonors')
 3 [internal function]: CodeIgniter\Autoloader\Autoloader->loadClass('App\\Controllers\\BloodDonors')
 4 SYSTEMPATH\CodeIgniter.php(900): class_exists('\\App\\Controllers\\BloodDonors', true)
 5 SYSTEMPATH\CodeIgniter.php(489): CodeIgniter\CodeIgniter->startController()
 6 SYSTEMPATH\CodeIgniter.php(361): CodeIgniter\CodeIgniter->handleRequest(null, Object(Config\Cache), false)
 7 FCPATH\index.php(79): CodeIgniter\CodeIgniter->run()
CRITICAL - 2024-04-10 12:33:23 --> syntax error, unexpected identifier "appointment", expecting ")"
in APPPATH\Controllers\BloodDonors.php on line 208.
 1 SYSTEMPATH\Autoloader\Autoloader.php(291): CodeIgniter\Autoloader\Autoloader->includeFile('C:\\xampp\\htdocs\\bloodbank_ci4\\app\\Controllers\\BloodDonors.php')
 2 SYSTEMPATH\Autoloader\Autoloader.php(269): CodeIgniter\Autoloader\Autoloader->loadInNamespace('App\\Controllers\\BloodDonors')
 3 [internal function]: CodeIgniter\Autoloader\Autoloader->loadClass('App\\Controllers\\BloodDonors')
 4 SYSTEMPATH\CodeIgniter.php(900): class_exists('\\App\\Controllers\\BloodDonors', true)
 5 SYSTEMPATH\CodeIgniter.php(489): CodeIgniter\CodeIgniter->startController()
 6 SYSTEMPATH\CodeIgniter.php(361): CodeIgniter\CodeIgniter->handleRequest(null, Object(Config\Cache), false)
 7 FCPATH\index.php(79): CodeIgniter\CodeIgniter->run()
CRITICAL - 2024-04-10 12:33:28 --> syntax error, unexpected identifier "appointment", expecting ")"
in APPPATH\Controllers\BloodDonors.php on line 208.
 1 SYSTEMPATH\Autoloader\Autoloader.php(291): CodeIgniter\Autoloader\Autoloader->includeFile('C:\\xampp\\htdocs\\bloodbank_ci4\\app\\Controllers\\BloodDonors.php')
 2 SYSTEMPATH\Autoloader\Autoloader.php(269): CodeIgniter\Autoloader\Autoloader->loadInNamespace('App\\Controllers\\BloodDonors')
 3 [internal function]: CodeIgniter\Autoloader\Autoloader->loadClass('App\\Controllers\\BloodDonors')
 4 SYSTEMPATH\CodeIgniter.php(900): class_exists('\\App\\Controllers\\BloodDonors', true)
 5 SYSTEMPATH\CodeIgniter.php(489): CodeIgniter\CodeIgniter->startController()
 6 SYSTEMPATH\CodeIgniter.php(361): CodeIgniter\CodeIgniter->handleRequest(null, Object(Config\Cache), false)
 7 FCPATH\index.php(79): CodeIgniter\CodeIgniter->run()
CRITICAL - 2024-04-10 12:33:47 --> syntax error, unexpected identifier "appointment", expecting ")"
in APPPATH\Controllers\BloodDonors.php on line 208.
 1 SYSTEMPATH\Autoloader\Autoloader.php(291): CodeIgniter\Autoloader\Autoloader->includeFile('C:\\xampp\\htdocs\\bloodbank_ci4\\app\\Controllers\\BloodDonors.php')
 2 SYSTEMPATH\Autoloader\Autoloader.php(269): CodeIgniter\Autoloader\Autoloader->loadInNamespace('App\\Controllers\\BloodDonors')
 3 [internal function]: CodeIgniter\Autoloader\Autoloader->loadClass('App\\Controllers\\BloodDonors')
 4 SYSTEMPATH\CodeIgniter.php(900): class_exists('\\App\\Controllers\\BloodDonors', true)
 5 SYSTEMPATH\CodeIgniter.php(489): CodeIgniter\CodeIgniter->startController()
 6 SYSTEMPATH\CodeIgniter.php(361): CodeIgniter\CodeIgniter->handleRequest(null, Object(Config\Cache), false)
 7 FCPATH\index.php(79): CodeIgniter\CodeIgniter->run()
CRITICAL - 2024-04-10 12:33:48 --> syntax error, unexpected identifier "appointment", expecting ")"
in APPPATH\Controllers\BloodDonors.php on line 208.
 1 SYSTEMPATH\Autoloader\Autoloader.php(291): CodeIgniter\Autoloader\Autoloader->includeFile('C:\\xampp\\htdocs\\bloodbank_ci4\\app\\Controllers\\BloodDonors.php')
 2 SYSTEMPATH\Autoloader\Autoloader.php(269): CodeIgniter\Autoloader\Autoloader->loadInNamespace('App\\Controllers\\BloodDonors')
 3 [internal function]: CodeIgniter\Autoloader\Autoloader->loadClass('App\\Controllers\\BloodDonors')
 4 SYSTEMPATH\CodeIgniter.php(900): class_exists('\\App\\Controllers\\BloodDonors', true)
 5 SYSTEMPATH\CodeIgniter.php(489): CodeIgniter\CodeIgniter->startController()
 6 SYSTEMPATH\CodeIgniter.php(361): CodeIgniter\CodeIgniter->handleRequest(null, Object(Config\Cache), false)
 7 FCPATH\index.php(79): CodeIgniter\CodeIgniter->run()
CRITICAL - 2024-04-10 12:33:48 --> syntax error, unexpected identifier "appointment", expecting ")"
in APPPATH\Controllers\BloodDonors.php on line 208.
 1 SYSTEMPATH\Autoloader\Autoloader.php(291): CodeIgniter\Autoloader\Autoloader->includeFile('C:\\xampp\\htdocs\\bloodbank_ci4\\app\\Controllers\\BloodDonors.php')
 2 SYSTEMPATH\Autoloader\Autoloader.php(269): CodeIgniter\Autoloader\Autoloader->loadInNamespace('App\\Controllers\\BloodDonors')
 3 [internal function]: CodeIgniter\Autoloader\Autoloader->loadClass('App\\Controllers\\BloodDonors')
 4 SYSTEMPATH\CodeIgniter.php(900): class_exists('\\App\\Controllers\\BloodDonors', true)
 5 SYSTEMPATH\CodeIgniter.php(489): CodeIgniter\CodeIgniter->startController()
 6 SYSTEMPATH\CodeIgniter.php(361): CodeIgniter\CodeIgniter->handleRequest(null, Object(Config\Cache), false)
 7 FCPATH\index.php(79): CodeIgniter\CodeIgniter->run()
CRITICAL - 2024-04-10 12:33:49 --> syntax error, unexpected identifier "appointment", expecting ")"
in APPPATH\Controllers\BloodDonors.php on line 208.
 1 SYSTEMPATH\Autoloader\Autoloader.php(291): CodeIgniter\Autoloader\Autoloader->includeFile('C:\\xampp\\htdocs\\bloodbank_ci4\\app\\Controllers\\BloodDonors.php')
 2 SYSTEMPATH\Autoloader\Autoloader.php(269): CodeIgniter\Autoloader\Autoloader->loadInNamespace('App\\Controllers\\BloodDonors')
 3 [internal function]: CodeIgniter\Autoloader\Autoloader->loadClass('App\\Controllers\\BloodDonors')
 4 SYSTEMPATH\CodeIgniter.php(900): class_exists('\\App\\Controllers\\BloodDonors', true)
 5 SYSTEMPATH\CodeIgniter.php(489): CodeIgniter\CodeIgniter->startController()
 6 SYSTEMPATH\CodeIgniter.php(361): CodeIgniter\CodeIgniter->handleRequest(null, Object(Config\Cache), false)
 7 FCPATH\index.php(79): CodeIgniter\CodeIgniter->run()
CRITICAL - 2024-04-10 12:34:27 --> syntax error, unexpected identifier "appointment", expecting ")"
in APPPATH\Controllers\BloodDonors.php on line 209.
 1 SYSTEMPATH\Autoloader\Autoloader.php(291): CodeIgniter\Autoloader\Autoloader->includeFile('C:\\xampp\\htdocs\\bloodbank_ci4\\app\\Controllers\\BloodDonors.php')
 2 SYSTEMPATH\Autoloader\Autoloader.php(269): CodeIgniter\Autoloader\Autoloader->loadInNamespace('App\\Controllers\\BloodDonors')
 3 [internal function]: CodeIgniter\Autoloader\Autoloader->loadClass('App\\Controllers\\BloodDonors')
 4 SYSTEMPATH\CodeIgniter.php(900): class_exists('\\App\\Controllers\\BloodDonors', true)
 5 SYSTEMPATH\CodeIgniter.php(489): CodeIgniter\CodeIgniter->startController()
 6 SYSTEMPATH\CodeIgniter.php(361): CodeIgniter\CodeIgniter->handleRequest(null, Object(Config\Cache), false)
 7 FCPATH\index.php(79): CodeIgniter\CodeIgniter->run()
CRITICAL - 2024-04-10 12:34:28 --> syntax error, unexpected identifier "appointment", expecting ")"
in APPPATH\Controllers\BloodDonors.php on line 209.
 1 SYSTEMPATH\Autoloader\Autoloader.php(291): CodeIgniter\Autoloader\Autoloader->includeFile('C:\\xampp\\htdocs\\bloodbank_ci4\\app\\Controllers\\BloodDonors.php')
 2 SYSTEMPATH\Autoloader\Autoloader.php(269): CodeIgniter\Autoloader\Autoloader->loadInNamespace('App\\Controllers\\BloodDonors')
 3 [internal function]: CodeIgniter\Autoloader\Autoloader->loadClass('App\\Controllers\\BloodDonors')
 4 SYSTEMPATH\CodeIgniter.php(900): class_exists('\\App\\Controllers\\BloodDonors', true)
 5 SYSTEMPATH\CodeIgniter.php(489): CodeIgniter\CodeIgniter->startController()
 6 SYSTEMPATH\CodeIgniter.php(361): CodeIgniter\CodeIgniter->handleRequest(null, Object(Config\Cache), false)
 7 FCPATH\index.php(79): CodeIgniter\CodeIgniter->run()
CRITICAL - 2024-04-10 12:34:33 --> syntax error, unexpected identifier "appointment", expecting ")"
in APPPATH\Controllers\BloodDonors.php on line 209.
 1 SYSTEMPATH\Autoloader\Autoloader.php(291): CodeIgniter\Autoloader\Autoloader->includeFile('C:\\xampp\\htdocs\\bloodbank_ci4\\app\\Controllers\\BloodDonors.php')
 2 SYSTEMPATH\Autoloader\Autoloader.php(269): CodeIgniter\Autoloader\Autoloader->loadInNamespace('App\\Controllers\\BloodDonors')
 3 [internal function]: CodeIgniter\Autoloader\Autoloader->loadClass('App\\Controllers\\BloodDonors')
 4 SYSTEMPATH\CodeIgniter.php(900): class_exists('\\App\\Controllers\\BloodDonors', true)
 5 SYSTEMPATH\CodeIgniter.php(489): CodeIgniter\CodeIgniter->startController()
 6 SYSTEMPATH\CodeIgniter.php(361): CodeIgniter\CodeIgniter->handleRequest(null, Object(Config\Cache), false)
 7 FCPATH\index.php(79): CodeIgniter\CodeIgniter->run()
CRITICAL - 2024-04-10 12:35:06 --> Class "Twilio\Rest\Client" not found
in APPPATH\Controllers\BloodDonors.php on line 133.
 1 SYSTEMPATH\CodeIgniter.php(942): App\Controllers\BloodDonors->request('4')
 2 SYSTEMPATH\CodeIgniter.php(502): CodeIgniter\CodeIgniter->runController(Object(App\Controllers\BloodDonors))
 3 SYSTEMPATH\CodeIgniter.php(361): CodeIgniter\CodeIgniter->handleRequest(null, Object(Config\Cache), false)
 4 FCPATH\index.php(79): CodeIgniter\CodeIgniter->run()
CRITICAL - 2024-04-10 12:35:27 --> Class "Twilio\Rest\Client" not found
in APPPATH\Controllers\BloodDonors.php on line 133.
 1 SYSTEMPATH\CodeIgniter.php(942): App\Controllers\BloodDonors->request('4')
 2 SYSTEMPATH\CodeIgniter.php(502): CodeIgniter\CodeIgniter->runController(Object(App\Controllers\BloodDonors))
 3 SYSTEMPATH\CodeIgniter.php(361): CodeIgniter\CodeIgniter->handleRequest(null, Object(Config\Cache), false)
 4 FCPATH\index.php(79): CodeIgniter\CodeIgniter->run()
CRITICAL - 2024-04-10 12:35:30 --> Class "Twilio\Rest\Client" not found
in APPPATH\Controllers\BloodDonors.php on line 133.
 1 SYSTEMPATH\CodeIgniter.php(942): App\Controllers\BloodDonors->request('4')
 2 SYSTEMPATH\CodeIgniter.php(502): CodeIgniter\CodeIgniter->runController(Object(App\Controllers\BloodDonors))
 3 SYSTEMPATH\CodeIgniter.php(361): CodeIgniter\CodeIgniter->handleRequest(null, Object(Config\Cache), false)
 4 FCPATH\index.php(79): CodeIgniter\CodeIgniter->run()
CRITICAL - 2024-04-10 12:35:44 --> Class "Twilio\Rest\Client" not found
in APPPATH\Controllers\BloodDonors.php on line 133.
 1 SYSTEMPATH\CodeIgniter.php(942): App\Controllers\BloodDonors->request('4')
 2 SYSTEMPATH\CodeIgniter.php(502): CodeIgniter\CodeIgniter->runController(Object(App\Controllers\BloodDonors))
 3 SYSTEMPATH\CodeIgniter.php(361): CodeIgniter\CodeIgniter->handleRequest(null, Object(Config\Cache), false)
 4 FCPATH\index.php(79): CodeIgniter\CodeIgniter->run()
CRITICAL - 2024-04-10 12:36:27 --> Class "Twilio\Rest\Client" not found
in APPPATH\Controllers\BloodDonors.php on line 133.
 1 SYSTEMPATH\CodeIgniter.php(942): App\Controllers\BloodDonors->request('4')
 2 SYSTEMPATH\CodeIgniter.php(502): CodeIgniter\CodeIgniter->runController(Object(App\Controllers\BloodDonors))
 3 SYSTEMPATH\CodeIgniter.php(361): CodeIgniter\CodeIgniter->handleRequest(null, Object(Config\Cache), false)
 4 FCPATH\index.php(79): CodeIgniter\CodeIgniter->run()
CRITICAL - 2024-04-10 12:36:39 --> Class "Twilio\Rest\Client" not found
in APPPATH\Controllers\BloodDonors.php on line 133.
 1 SYSTEMPATH\CodeIgniter.php(942): App\Controllers\BloodDonors->request('4')
 2 SYSTEMPATH\CodeIgniter.php(502): CodeIgniter\CodeIgniter->runController(Object(App\Controllers\BloodDonors))
 3 SYSTEMPATH\CodeIgniter.php(361): CodeIgniter\CodeIgniter->handleRequest(null, Object(Config\Cache), false)
 4 FCPATH\index.php(79): CodeIgniter\CodeIgniter->run()
CRITICAL - 2024-04-10 12:37:30 --> Class "Twilio\Rest\Client" not found
in APPPATH\Controllers\BloodDonors.php on line 133.
 1 SYSTEMPATH\CodeIgniter.php(942): App\Controllers\BloodDonors->request('4')
 2 SYSTEMPATH\CodeIgniter.php(502): CodeIgniter\CodeIgniter->runController(Object(App\Controllers\BloodDonors))
 3 SYSTEMPATH\CodeIgniter.php(361): CodeIgniter\CodeIgniter->handleRequest(null, Object(Config\Cache), false)
 4 FCPATH\index.php(79): CodeIgniter\CodeIgniter->run()
CRITICAL - 2024-04-10 12:37:31 --> Class "Twilio\Rest\Client" not found
in APPPATH\Controllers\BloodDonors.php on line 133.
 1 SYSTEMPATH\CodeIgniter.php(942): App\Controllers\BloodDonors->request('4')
 2 SYSTEMPATH\CodeIgniter.php(502): CodeIgniter\CodeIgniter->runController(Object(App\Controllers\BloodDonors))
 3 SYSTEMPATH\CodeIgniter.php(361): CodeIgniter\CodeIgniter->handleRequest(null, Object(Config\Cache), false)
 4 FCPATH\index.php(79): CodeIgniter\CodeIgniter->run()
CRITICAL - 2024-04-10 12:37:51 --> Class "Twilio\Rest\Client" not found
in APPPATH\Controllers\BloodDonors.php on line 133.
 1 SYSTEMPATH\CodeIgniter.php(942): App\Controllers\BloodDonors->request('4')
 2 SYSTEMPATH\CodeIgniter.php(502): CodeIgniter\CodeIgniter->runController(Object(App\Controllers\BloodDonors))
 3 SYSTEMPATH\CodeIgniter.php(361): CodeIgniter\CodeIgniter->handleRequest(null, Object(Config\Cache), false)
 4 FCPATH\index.php(79): CodeIgniter\CodeIgniter->run()
CRITICAL - 2024-04-10 12:41:13 --> Class "Twilio\Rest\Client" not found
in APPPATH\Controllers\BloodDonors.php on line 133.
 1 SYSTEMPATH\CodeIgniter.php(942): App\Controllers\BloodDonors->request('4')
 2 SYSTEMPATH\CodeIgniter.php(502): CodeIgniter\CodeIgniter->runController(Object(App\Controllers\BloodDonors))
 3 SYSTEMPATH\CodeIgniter.php(361): CodeIgniter\CodeIgniter->handleRequest(null, Object(Config\Cache), false)
 4 FCPATH\index.php(79): CodeIgniter\CodeIgniter->run()
CRITICAL - 2024-04-10 12:50:46 --> syntax error, unexpected identifier "appointment", expecting ")"
in APPPATH\Controllers\BloodDonors.php on line 201.
 1 SYSTEMPATH\Autoloader\Autoloader.php(291): CodeIgniter\Autoloader\Autoloader->includeFile('C:\\xampp\\htdocs\\bloodbank_ci4\\app\\Controllers\\BloodDonors.php')
 2 SYSTEMPATH\Autoloader\Autoloader.php(269): CodeIgniter\Autoloader\Autoloader->loadInNamespace('App\\Controllers\\BloodDonors')
 3 [internal function]: CodeIgniter\Autoloader\Autoloader->loadClass('App\\Controllers\\BloodDonors')
 4 SYSTEMPATH\CodeIgniter.php(900): class_exists('\\App\\Controllers\\BloodDonors', true)
 5 SYSTEMPATH\CodeIgniter.php(489): CodeIgniter\CodeIgniter->startController()
 6 SYSTEMPATH\CodeIgniter.php(361): CodeIgniter\CodeIgniter->handleRequest(null, Object(Config\Cache), false)
 7 FCPATH\index.php(79): CodeIgniter\CodeIgniter->run()
CRITICAL - 2024-04-10 12:50:47 --> syntax error, unexpected identifier "appointment", expecting ")"
in APPPATH\Controllers\BloodDonors.php on line 201.
 1 SYSTEMPATH\Autoloader\Autoloader.php(291): CodeIgniter\Autoloader\Autoloader->includeFile('C:\\xampp\\htdocs\\bloodbank_ci4\\app\\Controllers\\BloodDonors.php')
 2 SYSTEMPATH\Autoloader\Autoloader.php(269): CodeIgniter\Autoloader\Autoloader->loadInNamespace('App\\Controllers\\BloodDonors')
 3 [internal function]: CodeIgniter\Autoloader\Autoloader->loadClass('App\\Controllers\\BloodDonors')
 4 SYSTEMPATH\CodeIgniter.php(900): class_exists('\\App\\Controllers\\BloodDonors', true)
 5 SYSTEMPATH\CodeIgniter.php(489): CodeIgniter\CodeIgniter->startController()
 6 SYSTEMPATH\CodeIgniter.php(361): CodeIgniter\CodeIgniter->handleRequest(null, Object(Config\Cache), false)
 7 FCPATH\index.php(79): CodeIgniter\CodeIgniter->run()
CRITICAL - 2024-04-10 12:50:48 --> syntax error, unexpected identifier "appointment", expecting ")"
in APPPATH\Controllers\BloodDonors.php on line 201.
 1 SYSTEMPATH\Autoloader\Autoloader.php(291): CodeIgniter\Autoloader\Autoloader->includeFile('C:\\xampp\\htdocs\\bloodbank_ci4\\app\\Controllers\\BloodDonors.php')
 2 SYSTEMPATH\Autoloader\Autoloader.php(269): CodeIgniter\Autoloader\Autoloader->loadInNamespace('App\\Controllers\\BloodDonors')
 3 [internal function]: CodeIgniter\Autoloader\Autoloader->loadClass('App\\Controllers\\BloodDonors')
 4 SYSTEMPATH\CodeIgniter.php(900): class_exists('\\App\\Controllers\\BloodDonors', true)
 5 SYSTEMPATH\CodeIgniter.php(489): CodeIgniter\CodeIgniter->startController()
 6 SYSTEMPATH\CodeIgniter.php(361): CodeIgniter\CodeIgniter->handleRequest(null, Object(Config\Cache), false)
 7 FCPATH\index.php(79): CodeIgniter\CodeIgniter->run()
CRITICAL - 2024-04-10 12:50:49 --> syntax error, unexpected identifier "appointment", expecting ")"
in APPPATH\Controllers\BloodDonors.php on line 201.
 1 SYSTEMPATH\Autoloader\Autoloader.php(291): CodeIgniter\Autoloader\Autoloader->includeFile('C:\\xampp\\htdocs\\bloodbank_ci4\\app\\Controllers\\BloodDonors.php')
 2 SYSTEMPATH\Autoloader\Autoloader.php(269): CodeIgniter\Autoloader\Autoloader->loadInNamespace('App\\Controllers\\BloodDonors')
 3 [internal function]: CodeIgniter\Autoloader\Autoloader->loadClass('App\\Controllers\\BloodDonors')
 4 SYSTEMPATH\CodeIgniter.php(900): class_exists('\\App\\Controllers\\BloodDonors', true)
 5 SYSTEMPATH\CodeIgniter.php(489): CodeIgniter\CodeIgniter->startController()
 6 SYSTEMPATH\CodeIgniter.php(361): CodeIgniter\CodeIgniter->handleRequest(null, Object(Config\Cache), false)
 7 FCPATH\index.php(79): CodeIgniter\CodeIgniter->run()
CRITICAL - 2024-04-10 12:50:52 --> syntax error, unexpected identifier "appointment", expecting ")"
in APPPATH\Controllers\BloodDonors.php on line 201.
 1 SYSTEMPATH\Autoloader\Autoloader.php(291): CodeIgniter\Autoloader\Autoloader->includeFile('C:\\xampp\\htdocs\\bloodbank_ci4\\app\\Controllers\\BloodDonors.php')
 2 SYSTEMPATH\Autoloader\Autoloader.php(269): CodeIgniter\Autoloader\Autoloader->loadInNamespace('App\\Controllers\\BloodDonors')
 3 [internal function]: CodeIgniter\Autoloader\Autoloader->loadClass('App\\Controllers\\BloodDonors')
 4 SYSTEMPATH\CodeIgniter.php(900): class_exists('\\App\\Controllers\\BloodDonors', true)
 5 SYSTEMPATH\CodeIgniter.php(489): CodeIgniter\CodeIgniter->startController()
 6 SYSTEMPATH\CodeIgniter.php(361): CodeIgniter\CodeIgniter->handleRequest(null, Object(Config\Cache), false)
 7 FCPATH\index.php(79): CodeIgniter\CodeIgniter->run()
CRITICAL - 2024-04-10 12:53:47 --> [HTTP 400] Unable to create record: Invalid From and To pair. From and To should be of the same channel
in FCPATH\vendor\twilio\sdk\src\Twilio\Version.php on line 88.
 1 FCPATH\vendor\twilio\sdk\src\Twilio\Version.php(223): Twilio\Version->exception(Object(Twilio\Http\Response), 'Unable to create record')
 2 FCPATH\vendor\twilio\sdk\src\Twilio\Rest\Api\V2010\Account\MessageList.php(115): Twilio\Version->create('POST', '/Accounts/AC189029f38a7d5a20a521dc291c03e9c0/Messages.json', [], [...])
 3 APPPATH\Controllers\BloodDonors.php(201): Twilio\Rest\Api\V2010\Account\MessageList->create('+918438585475', Object(Twilio\Values))
 4 SYSTEMPATH\CodeIgniter.php(942): App\Controllers\BloodDonors->message('4')
 5 SYSTEMPATH\CodeIgniter.php(502): CodeIgniter\CodeIgniter->runController(Object(App\Controllers\BloodDonors))
 6 SYSTEMPATH\CodeIgniter.php(361): CodeIgniter\CodeIgniter->handleRequest(null, Object(Config\Cache), false)
 7 FCPATH\index.php(79): CodeIgniter\CodeIgniter->run()
CRITICAL - 2024-04-10 12:54:13 --> [HTTP 400] Unable to create record: Invalid From and To pair. From and To should be of the same channel
in FCPATH\vendor\twilio\sdk\src\Twilio\Version.php on line 88.
 1 FCPATH\vendor\twilio\sdk\src\Twilio\Version.php(223): Twilio\Version->exception(Object(Twilio\Http\Response), 'Unable to create record')
 2 FCPATH\vendor\twilio\sdk\src\Twilio\Rest\Api\V2010\Account\MessageList.php(115): Twilio\Version->create('POST', '/Accounts/AC189029f38a7d5a20a521dc291c03e9c0/Messages.json', [], [...])
 3 APPPATH\Controllers\BloodDonors.php(201): Twilio\Rest\Api\V2010\Account\MessageList->create('+918438585475', Object(Twilio\Values))
 4 SYSTEMPATH\CodeIgniter.php(942): App\Controllers\BloodDonors->message('4')
 5 SYSTEMPATH\CodeIgniter.php(502): CodeIgniter\CodeIgniter->runController(Object(App\Controllers\BloodDonors))
 6 SYSTEMPATH\CodeIgniter.php(361): CodeIgniter\CodeIgniter->handleRequest(null, Object(Config\Cache), false)
 7 FCPATH\index.php(79): CodeIgniter\CodeIgniter->run()
CRITICAL - 2024-04-10 12:54:27 --> [HTTP 400] Unable to create record: Invalid From and To pair. From and To should be of the same channel
in FCPATH\vendor\twilio\sdk\src\Twilio\Version.php on line 88.
 1 FCPATH\vendor\twilio\sdk\src\Twilio\Version.php(223): Twilio\Version->exception(Object(Twilio\Http\Response), 'Unable to create record')
 2 FCPATH\vendor\twilio\sdk\src\Twilio\Rest\Api\V2010\Account\MessageList.php(115): Twilio\Version->create('POST', '/Accounts/AC189029f38a7d5a20a521dc291c03e9c0/Messages.json', [], [...])
 3 APPPATH\Controllers\BloodDonors.php(201): Twilio\Rest\Api\V2010\Account\MessageList->create('+918438585475', Object(Twilio\Values))
 4 SYSTEMPATH\CodeIgniter.php(942): App\Controllers\BloodDonors->message('4')
 5 SYSTEMPATH\CodeIgniter.php(502): CodeIgniter\CodeIgniter->runController(Object(App\Controllers\BloodDonors))
 6 SYSTEMPATH\CodeIgniter.php(361): CodeIgniter\CodeIgniter->handleRequest(null, Object(Config\Cache), false)
 7 FCPATH\index.php(79): CodeIgniter\CodeIgniter->run()
CRITICAL - 2024-04-10 12:54:56 --> [HTTP 400] Unable to create record: Invalid From and To pair. From and To should be of the same channel
in FCPATH\vendor\twilio\sdk\src\Twilio\Version.php on line 88.
 1 FCPATH\vendor\twilio\sdk\src\Twilio\Version.php(223): Twilio\Version->exception(Object(Twilio\Http\Response), 'Unable to create record')
 2 FCPATH\vendor\twilio\sdk\src\Twilio\Rest\Api\V2010\Account\MessageList.php(115): Twilio\Version->create('POST', '/Accounts/AC189029f38a7d5a20a521dc291c03e9c0/Messages.json', [], [...])
 3 APPPATH\Controllers\BloodDonors.php(202): Twilio\Rest\Api\V2010\Account\MessageList->create('+918438585475', Object(Twilio\Values))
 4 SYSTEMPATH\CodeIgniter.php(942): App\Controllers\BloodDonors->message('4')
 5 SYSTEMPATH\CodeIgniter.php(502): CodeIgniter\CodeIgniter->runController(Object(App\Controllers\BloodDonors))
 6 SYSTEMPATH\CodeIgniter.php(361): CodeIgniter\CodeIgniter->handleRequest(null, Object(Config\Cache), false)
 7 FCPATH\index.php(79): CodeIgniter\CodeIgniter->run()
CRITICAL - 2024-04-10 12:55:04 --> Undefined variable $message
in APPPATH\Controllers\BloodDonors.php on line 213.
 1 APPPATH\Controllers\BloodDonors.php(213): CodeIgniter\Debug\Exceptions->errorHandler(2, 'Undefined variable $message', 'C:\\xampp\\htdocs\\bloodbank_ci4\\app\\Controllers\\BloodDonors.php', 213)
 2 SYSTEMPATH\CodeIgniter.php(942): App\Controllers\BloodDonors->message('4')
 3 SYSTEMPATH\CodeIgniter.php(502): CodeIgniter\CodeIgniter->runController(Object(App\Controllers\BloodDonors))
 4 SYSTEMPATH\CodeIgniter.php(361): CodeIgniter\CodeIgniter->handleRequest(null, Object(Config\Cache), false)
 5 FCPATH\index.php(79): CodeIgniter\CodeIgniter->run()
CRITICAL - 2024-04-10 12:58:42 --> Undefined array key "email_id"
in APPPATH\Controllers\BloodBank.php on line 307.
 1 APPPATH\Controllers\BloodBank.php(307): CodeIgniter\Debug\Exceptions->errorHandler(2, 'Undefined array key "email_id"', 'C:\\xampp\\htdocs\\bloodbank_ci4\\app\\Controllers\\BloodBank.php', 307)
 2 SYSTEMPATH\CodeIgniter.php(942): App\Controllers\BloodBank->send_mail(null)
 3 SYSTEMPATH\CodeIgniter.php(502): CodeIgniter\CodeIgniter->runController(Object(App\Controllers\BloodBank))
 4 SYSTEMPATH\CodeIgniter.php(361): CodeIgniter\CodeIgniter->handleRequest(null, Object(Config\Cache), false)
 5 FCPATH\index.php(79): CodeIgniter\CodeIgniter->run()
CRITICAL - 2024-04-10 13:08:56 --> Undefined variable $to
in APPPATH\Controllers\BloodBank.php on line 326.
 1 APPPATH\Controllers\BloodBank.php(326): CodeIgniter\Debug\Exceptions->errorHandler(2, 'Undefined variable $to', 'C:\\xampp\\htdocs\\bloodbank_ci4\\app\\Controllers\\BloodBank.php', 326)
 2 SYSTEMPATH\CodeIgniter.php(942): App\Controllers\BloodBank->send_mail(null)
 3 SYSTEMPATH\CodeIgniter.php(502): CodeIgniter\CodeIgniter->runController(Object(App\Controllers\BloodBank))
 4 SYSTEMPATH\CodeIgniter.php(361): CodeIgniter\CodeIgniter->handleRequest(null, Object(Config\Cache), false)
 5 FCPATH\index.php(79): CodeIgniter\CodeIgniter->run()
CRITICAL - 2024-04-10 13:15:40 --> Undefined array key "email_id"
in APPPATH\Controllers\BloodBank.php on line 308.
 1 APPPATH\Controllers\BloodBank.php(308): CodeIgniter\Debug\Exceptions->errorHandler(2, 'Undefined array key "email_id"', 'C:\\xampp\\htdocs\\bloodbank_ci4\\app\\Controllers\\BloodBank.php', 308)
 2 SYSTEMPATH\CodeIgniter.php(942): App\Controllers\BloodBank->send_mail('47')
 3 SYSTEMPATH\CodeIgniter.php(502): CodeIgniter\CodeIgniter->runController(Object(App\Controllers\BloodBank))
 4 SYSTEMPATH\CodeIgniter.php(361): CodeIgniter\CodeIgniter->handleRequest(null, Object(Config\Cache), false)
 5 FCPATH\index.php(79): CodeIgniter\CodeIgniter->run()
