CRITICAL - 2024-06-17 07:52:08 --> Undefined variable $job_vacancy_id
in APPPATH/Views/recruitmentinfo/index_new.php on line 75.
 1 APPPATH/Views/recruitmentinfo/index_new.php(75): CodeIgniter\Debug\Exceptions->errorHandler(2, 'Undefined variable $job_vacancy_id', '/home/freelance/public_html/digitalflow/app/Views/recruitmentinfo/index_new.php', 75)
 2 SYSTEMPATH/View/View.php(228): include('/home/freelance/public_html/digitalflow/app/Views/recruitmentinfo/index_new.php')
 3 SYSTEMPATH/View/View.php(231): CodeIgniter\View\View->CodeIgniter\View\{closure}()
 4 SYSTEMPATH/Common.php(1190): CodeIgniter\View\View->render('recruitmentinfo/index_new', [], true)
 5 APPPATH/Controllers/RecruitmentInfo.php(121): view('recruitmentinfo/index_new', [...])
 6 SYSTEMPATH/CodeIgniter.php(942): App\Controllers\RecruitmentInfo->index()
 7 SYSTEMPATH/CodeIgniter.php(502): CodeIgniter\CodeIgniter->runController(Object(App\Controllers\RecruitmentInfo))
 8 SYSTEMPATH/CodeIgniter.php(361): CodeIgniter\CodeIgniter->handleRequest(null, Object(Config\Cache), false)
 9 FCPATH/index.php(79): CodeIgniter\CodeIgniter->run()
CRITICAL - 2024-06-17 07:54:47 --> Undefined variable $job_vacancy_id
in APPPATH/Views/recruitmentinfo/index_new.php on line 75.
 1 APPPATH/Views/recruitmentinfo/index_new.php(75): CodeIgniter\Debug\Exceptions->errorHandler(2, 'Undefined variable $job_vacancy_id', '/home/freelance/public_html/digitalflow/app/Views/recruitmentinfo/index_new.php', 75)
 2 SYSTEMPATH/View/View.php(228): include('/home/freelance/public_html/digitalflow/app/Views/recruitmentinfo/index_new.php')
 3 SYSTEMPATH/View/View.php(231): CodeIgniter\View\View->CodeIgniter\View\{closure}()
 4 SYSTEMPATH/Common.php(1190): CodeIgniter\View\View->render('recruitmentinfo/index_new', [], true)
 5 APPPATH/Controllers/RecruitmentInfo.php(121): view('recruitmentinfo/index_new', [...])
 6 SYSTEMPATH/CodeIgniter.php(942): App\Controllers\RecruitmentInfo->index()
 7 SYSTEMPATH/CodeIgniter.php(502): CodeIgniter\CodeIgniter->runController(Object(App\Controllers\RecruitmentInfo))
 8 SYSTEMPATH/CodeIgniter.php(361): CodeIgniter\CodeIgniter->handleRequest(null, Object(Config\Cache), false)
 9 FCPATH/index.php(79): CodeIgniter\CodeIgniter->run()
CRITICAL - 2024-06-17 09:23:43 --> Undefined variable $job_vacancy_id
in APPPATH/Views/recruitmentinfo/index_new.php on line 75.
 1 APPPATH/Views/recruitmentinfo/index_new.php(75): CodeIgniter\Debug\Exceptions->errorHandler(2, 'Undefined variable $job_vacancy_id', '/home/freelance/public_html/digitalflow/app/Views/recruitmentinfo/index_new.php', 75)
 2 SYSTEMPATH/View/View.php(228): include('/home/freelance/public_html/digitalflow/app/Views/recruitmentinfo/index_new.php')
 3 SYSTEMPATH/View/View.php(231): CodeIgniter\View\View->CodeIgniter\View\{closure}()
 4 SYSTEMPATH/Common.php(1190): CodeIgniter\View\View->render('recruitmentinfo/index_new', [], true)
 5 APPPATH/Controllers/RecruitmentInfo.php(122): view('recruitmentinfo/index_new', [...])
 6 SYSTEMPATH/CodeIgniter.php(942): App\Controllers\RecruitmentInfo->index()
 7 SYSTEMPATH/CodeIgniter.php(502): CodeIgniter\CodeIgniter->runController(Object(App\Controllers\RecruitmentInfo))
 8 SYSTEMPATH/CodeIgniter.php(361): CodeIgniter\CodeIgniter->handleRequest(null, Object(Config\Cache), false)
 9 FCPATH/index.php(79): CodeIgniter\CodeIgniter->run()
CRITICAL - 2024-06-17 09:26:30 --> Undefined variable $job_vacancy_id
in APPPATH/Views/recruitmentinfo/index_new.php on line 75.
 1 APPPATH/Views/recruitmentinfo/index_new.php(75): CodeIgniter\Debug\Exceptions->errorHandler(2, 'Undefined variable $job_vacancy_id', '/home/freelance/public_html/digitalflow/app/Views/recruitmentinfo/index_new.php', 75)
 2 SYSTEMPATH/View/View.php(228): include('/home/freelance/public_html/digitalflow/app/Views/recruitmentinfo/index_new.php')
 3 SYSTEMPATH/View/View.php(231): CodeIgniter\View\View->CodeIgniter\View\{closure}()
 4 SYSTEMPATH/Common.php(1190): CodeIgniter\View\View->render('recruitmentinfo/index_new', [], true)
 5 APPPATH/Controllers/RecruitmentInfo.php(122): view('recruitmentinfo/index_new', [...])
 6 SYSTEMPATH/CodeIgniter.php(942): App\Controllers\RecruitmentInfo->index()
 7 SYSTEMPATH/CodeIgniter.php(502): CodeIgniter\CodeIgniter->runController(Object(App\Controllers\RecruitmentInfo))
 8 SYSTEMPATH/CodeIgniter.php(361): CodeIgniter\CodeIgniter->handleRequest(null, Object(Config\Cache), false)
 9 FCPATH/index.php(79): CodeIgniter\CodeIgniter->run()
CRITICAL - 2024-06-17 09:49:47 --> Undefined variable $job_vacancy_id
in APPPATH/Views/recruitmentinfo/index_new.php on line 75.
 1 APPPATH/Views/recruitmentinfo/index_new.php(75): CodeIgniter\Debug\Exceptions->errorHandler(2, 'Undefined variable $job_vacancy_id', '/home/freelance/public_html/digitalflow/app/Views/recruitmentinfo/index_new.php', 75)
 2 SYSTEMPATH/View/View.php(228): include('/home/freelance/public_html/digitalflow/app/Views/recruitmentinfo/index_new.php')
 3 SYSTEMPATH/View/View.php(231): CodeIgniter\View\View->CodeIgniter\View\{closure}()
 4 SYSTEMPATH/Common.php(1190): CodeIgniter\View\View->render('recruitmentinfo/index_new', [], true)
 5 APPPATH/Controllers/RecruitmentInfo.php(122): view('recruitmentinfo/index_new', [...])
 6 SYSTEMPATH/CodeIgniter.php(942): App\Controllers\RecruitmentInfo->index()
 7 SYSTEMPATH/CodeIgniter.php(502): CodeIgniter\CodeIgniter->runController(Object(App\Controllers\RecruitmentInfo))
 8 SYSTEMPATH/CodeIgniter.php(361): CodeIgniter\CodeIgniter->handleRequest(null, Object(Config\Cache), false)
 9 FCPATH/index.php(79): CodeIgniter\CodeIgniter->run()
CRITICAL - 2024-06-17 09:54:23 --> Undefined variable $job_vacancy_id
in APPPATH/Views/recruitmentinfo/index_new.php on line 75.
 1 APPPATH/Views/recruitmentinfo/index_new.php(75): CodeIgniter\Debug\Exceptions->errorHandler(2, 'Undefined variable $job_vacancy_id', '/home/freelance/public_html/digitalflow/app/Views/recruitmentinfo/index_new.php', 75)
 2 SYSTEMPATH/View/View.php(228): include('/home/freelance/public_html/digitalflow/app/Views/recruitmentinfo/index_new.php')
 3 SYSTEMPATH/View/View.php(231): CodeIgniter\View\View->CodeIgniter\View\{closure}()
 4 SYSTEMPATH/Common.php(1190): CodeIgniter\View\View->render('recruitmentinfo/index_new', [], true)
 5 APPPATH/Controllers/RecruitmentInfo.php(122): view('recruitmentinfo/index_new', [...])
 6 SYSTEMPATH/CodeIgniter.php(942): App\Controllers\RecruitmentInfo->index()
 7 SYSTEMPATH/CodeIgniter.php(502): CodeIgniter\CodeIgniter->runController(Object(App\Controllers\RecruitmentInfo))
 8 SYSTEMPATH/CodeIgniter.php(361): CodeIgniter\CodeIgniter->handleRequest(null, Object(Config\Cache), false)
 9 FCPATH/index.php(79): CodeIgniter\CodeIgniter->run()
