CRITICAL - 2024-09-10 17:46:04 --> Could not move file "php2HNYkq" to "/home/freelance/public_html/viyoma/public/". Reason: 
in SYSTEMPATH/HTTP/Files/UploadedFile.php on line 158.
 1 SYSTEMPATH/HTTP/Files/UploadedFile.php(158): CodeIgniter\HTTP\Exceptions\HTTPException::forMoveFailed('php2HNYkq', '/home/freelance/public_html/viyoma/public/', '')
 2 APPPATH/Controllers/Assets.php(46): CodeIgniter\HTTP\Files\UploadedFile->move('/home/freelance/public_html/viyoma/public/', 'public/505c8269d7c73603da661b3ae2505f44.png')
 3 SYSTEMPATH/CodeIgniter.php(942): App\Controllers\Assets->index()
 4 SYSTEMPATH/CodeIgniter.php(502): CodeIgniter\CodeIgniter->runController(Object(App\Controllers\Assets))
 5 SYSTEMPATH/CodeIgniter.php(361): CodeIgniter\CodeIgniter->handleRequest(null, Object(Config\Cache), false)
 6 FCPATH/index.php(79): CodeIgniter\CodeIgniter->run()
CRITICAL - 2024-09-10 17:47:10 --> Undefined variable $newName
in APPPATH/Controllers/Assets.php on line 46.
 1 APPPATH/Controllers/Assets.php(46): CodeIgniter\Debug\Exceptions->errorHandler(2, 'Undefined variable $newName', '/home/freelance/public_html/viyoma/app/Controllers/Assets.php', 46)
 2 SYSTEMPATH/CodeIgniter.php(942): App\Controllers\Assets->index()
 3 SYSTEMPATH/CodeIgniter.php(502): CodeIgniter\CodeIgniter->runController(Object(App\Controllers\Assets))
 4 SYSTEMPATH/CodeIgniter.php(361): CodeIgniter\CodeIgniter->handleRequest(null, Object(Config\Cache), false)
 5 FCPATH/index.php(79): CodeIgniter\CodeIgniter->run()
CRITICAL - 2024-09-10 17:47:14 --> Undefined variable $newName
in APPPATH/Controllers/Assets.php on line 46.
 1 APPPATH/Controllers/Assets.php(46): CodeIgniter\Debug\Exceptions->errorHandler(2, 'Undefined variable $newName', '/home/freelance/public_html/viyoma/app/Controllers/Assets.php', 46)
 2 SYSTEMPATH/CodeIgniter.php(942): App\Controllers\Assets->index()
 3 SYSTEMPATH/CodeIgniter.php(502): CodeIgniter\CodeIgniter->runController(Object(App\Controllers\Assets))
 4 SYSTEMPATH/CodeIgniter.php(361): CodeIgniter\CodeIgniter->handleRequest(null, Object(Config\Cache), false)
 5 FCPATH/index.php(79): CodeIgniter\CodeIgniter->run()
CRITICAL - 2024-09-10 17:47:29 --> Could not move file "phpcTzhN4" to "/home/freelance/public_html/viyoma/writable/public/". Reason: 
in SYSTEMPATH/HTTP/Files/UploadedFile.php on line 158.
 1 SYSTEMPATH/HTTP/Files/UploadedFile.php(158): CodeIgniter\HTTP\Exceptions\HTTPException::forMoveFailed('phpcTzhN4', '/home/freelance/public_html/viyoma/writable/public/', '')
 2 APPPATH/Controllers/Assets.php(46): CodeIgniter\HTTP\Files\UploadedFile->move('/home/freelance/public_html/viyoma/writable/public/', 'public/f6948930b670c406c38587bcda426a93.png')
 3 SYSTEMPATH/CodeIgniter.php(942): App\Controllers\Assets->index()
 4 SYSTEMPATH/CodeIgniter.php(502): CodeIgniter\CodeIgniter->runController(Object(App\Controllers\Assets))
 5 SYSTEMPATH/CodeIgniter.php(361): CodeIgniter\CodeIgniter->handleRequest(null, Object(Config\Cache), false)
 6 FCPATH/index.php(79): CodeIgniter\CodeIgniter->run()
CRITICAL - 2024-09-10 17:47:33 --> Could not move file "phpM50tDY" to "/home/freelance/public_html/viyoma/writable/public/". Reason: 
in SYSTEMPATH/HTTP/Files/UploadedFile.php on line 158.
 1 SYSTEMPATH/HTTP/Files/UploadedFile.php(158): CodeIgniter\HTTP\Exceptions\HTTPException::forMoveFailed('phpM50tDY', '/home/freelance/public_html/viyoma/writable/public/', '')
 2 APPPATH/Controllers/Assets.php(46): CodeIgniter\HTTP\Files\UploadedFile->move('/home/freelance/public_html/viyoma/writable/public/', 'public/e9b7809a5730c4373dc4c4bed77228d0.png')
 3 SYSTEMPATH/CodeIgniter.php(942): App\Controllers\Assets->index()
 4 SYSTEMPATH/CodeIgniter.php(502): CodeIgniter\CodeIgniter->runController(Object(App\Controllers\Assets))
 5 SYSTEMPATH/CodeIgniter.php(361): CodeIgniter\CodeIgniter->handleRequest(null, Object(Config\Cache), false)
 6 FCPATH/index.php(79): CodeIgniter\CodeIgniter->run()
CRITICAL - 2024-09-10 12:23:41 --> syntax error, unexpected token "private"
in APPPATH/Controllers/Assets.php on line 73.
 1 SYSTEMPATH/Autoloader/Autoloader.php(291): CodeIgniter\Autoloader\Autoloader->includeFile('/home/freelance/public_html/viyoma/app/Controllers/Assets.php')
 2 SYSTEMPATH/Autoloader/Autoloader.php(269): CodeIgniter\Autoloader\Autoloader->loadInNamespace('App\\Controllers\\Assets')
 3 [internal function]: CodeIgniter\Autoloader\Autoloader->loadClass('App\\Controllers\\Assets')
 4 SYSTEMPATH/CodeIgniter.php(900): class_exists('\\App\\Controllers\\Assets', true)
 5 SYSTEMPATH/CodeIgniter.php(489): CodeIgniter\CodeIgniter->startController()
 6 SYSTEMPATH/CodeIgniter.php(361): CodeIgniter\CodeIgniter->handleRequest(null, Object(Config\Cache), false)
 7 FCPATH/index.php(79): CodeIgniter\CodeIgniter->run()
CRITICAL - 2024-09-10 12:23:43 --> syntax error, unexpected token "private"
in APPPATH/Controllers/Assets.php on line 73.
 1 SYSTEMPATH/Autoloader/Autoloader.php(291): CodeIgniter\Autoloader\Autoloader->includeFile('/home/freelance/public_html/viyoma/app/Controllers/Assets.php')
 2 SYSTEMPATH/Autoloader/Autoloader.php(269): CodeIgniter\Autoloader\Autoloader->loadInNamespace('App\\Controllers\\Assets')
 3 [internal function]: CodeIgniter\Autoloader\Autoloader->loadClass('App\\Controllers\\Assets')
 4 SYSTEMPATH/CodeIgniter.php(900): class_exists('\\App\\Controllers\\Assets', true)
 5 SYSTEMPATH/CodeIgniter.php(489): CodeIgniter\CodeIgniter->startController()
 6 SYSTEMPATH/CodeIgniter.php(361): CodeIgniter\CodeIgniter->handleRequest(null, Object(Config\Cache), false)
 7 FCPATH/index.php(79): CodeIgniter\CodeIgniter->run()
CRITICAL - 2024-09-10 12:24:31 --> syntax error, unexpected token "private"
in APPPATH/Controllers/Assets.php on line 73.
 1 SYSTEMPATH/Autoloader/Autoloader.php(291): CodeIgniter\Autoloader\Autoloader->includeFile('/home/freelance/public_html/viyoma/app/Controllers/Assets.php')
 2 SYSTEMPATH/Autoloader/Autoloader.php(269): CodeIgniter\Autoloader\Autoloader->loadInNamespace('App\\Controllers\\Assets')
 3 [internal function]: CodeIgniter\Autoloader\Autoloader->loadClass('App\\Controllers\\Assets')
 4 SYSTEMPATH/CodeIgniter.php(900): class_exists('\\App\\Controllers\\Assets', true)
 5 SYSTEMPATH/CodeIgniter.php(489): CodeIgniter\CodeIgniter->startController()
 6 SYSTEMPATH/CodeIgniter.php(361): CodeIgniter\CodeIgniter->handleRequest(null, Object(Config\Cache), false)
 7 FCPATH/index.php(79): CodeIgniter\CodeIgniter->run()
CRITICAL - 2024-09-10 12:24:34 --> syntax error, unexpected token "private"
in APPPATH/Controllers/Assets.php on line 73.
 1 SYSTEMPATH/Autoloader/Autoloader.php(291): CodeIgniter\Autoloader\Autoloader->includeFile('/home/freelance/public_html/viyoma/app/Controllers/Assets.php')
 2 SYSTEMPATH/Autoloader/Autoloader.php(269): CodeIgniter\Autoloader\Autoloader->loadInNamespace('App\\Controllers\\Assets')
 3 [internal function]: CodeIgniter\Autoloader\Autoloader->loadClass('App\\Controllers\\Assets')
 4 SYSTEMPATH/CodeIgniter.php(900): class_exists('\\App\\Controllers\\Assets', true)
 5 SYSTEMPATH/CodeIgniter.php(489): CodeIgniter\CodeIgniter->startController()
 6 SYSTEMPATH/CodeIgniter.php(361): CodeIgniter\CodeIgniter->handleRequest(null, Object(Config\Cache), false)
 7 FCPATH/index.php(79): CodeIgniter\CodeIgniter->run()
CRITICAL - 2024-09-10 18:17:36 --> Could not move file "phposL75I" to "/home/freelance/public_html/viyoma/public/". Reason: 
in SYSTEMPATH/HTTP/Files/UploadedFile.php on line 158.
 1 SYSTEMPATH/HTTP/Files/UploadedFile.php(158): CodeIgniter\HTTP\Exceptions\HTTPException::forMoveFailed('phposL75I', '/home/freelance/public_html/viyoma/public/', '')
 2 APPPATH/Controllers/Assets.php(48): CodeIgniter\HTTP\Files\UploadedFile->move('/home/freelance/public_html/viyoma/public/', 'public/be40cd0ffe30425482005819e567004a.png')
 3 SYSTEMPATH/CodeIgniter.php(942): App\Controllers\Assets->index()
 4 SYSTEMPATH/CodeIgniter.php(502): CodeIgniter\CodeIgniter->runController(Object(App\Controllers\Assets))
 5 SYSTEMPATH/CodeIgniter.php(361): CodeIgniter\CodeIgniter->handleRequest(null, Object(Config\Cache), false)
 6 FCPATH/index.php(79): CodeIgniter\CodeIgniter->run()
CRITICAL - 2024-09-10 18:16:46 --> Trying to access array offset on value of type null
in APPPATH/Views/assets/edit.php on line 93.
 1 APPPATH/Views/assets/edit.php(93): CodeIgniter\Debug\Exceptions->errorHandler(2, 'Trying to access array offset on value of type null', '/home/freelance/public_html/viyoma/app/Views/assets/edit.php', 93)
 2 SYSTEMPATH/View/View.php(228): include('/home/freelance/public_html/viyoma/app/Views/assets/edit.php')
 3 SYSTEMPATH/View/View.php(231): CodeIgniter\View\View->CodeIgniter\View\{closure}()
 4 SYSTEMPATH/Common.php(1190): CodeIgniter\View\View->render('assets/edit', [], true)
 5 APPPATH/Controllers/Assets.php(256): view('assets/edit', [...])
 6 SYSTEMPATH/CodeIgniter.php(942): App\Controllers\Assets->edit('1')
 7 SYSTEMPATH/CodeIgniter.php(502): CodeIgniter\CodeIgniter->runController(Object(App\Controllers\Assets))
 8 SYSTEMPATH/CodeIgniter.php(361): CodeIgniter\CodeIgniter->handleRequest(null, Object(Config\Cache), false)
 9 FCPATH/index.php(79): CodeIgniter\CodeIgniter->run()
CRITICAL - 2024-09-10 18:16:54 --> Trying to access array offset on value of type null
in APPPATH/Views/assets/edit.php on line 93.
 1 APPPATH/Views/assets/edit.php(93): CodeIgniter\Debug\Exceptions->errorHandler(2, 'Trying to access array offset on value of type null', '/home/freelance/public_html/viyoma/app/Views/assets/edit.php', 93)
 2 SYSTEMPATH/View/View.php(228): include('/home/freelance/public_html/viyoma/app/Views/assets/edit.php')
 3 SYSTEMPATH/View/View.php(231): CodeIgniter\View\View->CodeIgniter\View\{closure}()
 4 SYSTEMPATH/Common.php(1190): CodeIgniter\View\View->render('assets/edit', [], true)
 5 APPPATH/Controllers/Assets.php(256): view('assets/edit', [...])
 6 SYSTEMPATH/CodeIgniter.php(942): App\Controllers\Assets->edit('1')
 7 SYSTEMPATH/CodeIgniter.php(502): CodeIgniter\CodeIgniter->runController(Object(App\Controllers\Assets))
 8 SYSTEMPATH/CodeIgniter.php(361): CodeIgniter\CodeIgniter->handleRequest(null, Object(Config\Cache), false)
 9 FCPATH/index.php(79): CodeIgniter\CodeIgniter->run()
CRITICAL - 2024-09-10 18:26:45 --> Trying to access array offset on value of type null
in APPPATH/Views/assets/edit.php on line 93.
 1 APPPATH/Views/assets/edit.php(93): CodeIgniter\Debug\Exceptions->errorHandler(2, 'Trying to access array offset on value of type null', '/home/freelance/public_html/viyoma/app/Views/assets/edit.php', 93)
 2 SYSTEMPATH/View/View.php(228): include('/home/freelance/public_html/viyoma/app/Views/assets/edit.php')
 3 SYSTEMPATH/View/View.php(231): CodeIgniter\View\View->CodeIgniter\View\{closure}()
 4 SYSTEMPATH/Common.php(1190): CodeIgniter\View\View->render('assets/edit', [], true)
 5 APPPATH/Controllers/Assets.php(256): view('assets/edit', [...])
 6 SYSTEMPATH/CodeIgniter.php(942): App\Controllers\Assets->edit('1')
 7 SYSTEMPATH/CodeIgniter.php(502): CodeIgniter\CodeIgniter->runController(Object(App\Controllers\Assets))
 8 SYSTEMPATH/CodeIgniter.php(361): CodeIgniter\CodeIgniter->handleRequest(null, Object(Config\Cache), false)
 9 FCPATH/index.php(79): CodeIgniter\CodeIgniter->run()
CRITICAL - 2024-09-10 18:26:47 --> Trying to access array offset on value of type null
in APPPATH/Views/assets/edit.php on line 93.
 1 APPPATH/Views/assets/edit.php(93): CodeIgniter\Debug\Exceptions->errorHandler(2, 'Trying to access array offset on value of type null', '/home/freelance/public_html/viyoma/app/Views/assets/edit.php', 93)
 2 SYSTEMPATH/View/View.php(228): include('/home/freelance/public_html/viyoma/app/Views/assets/edit.php')
 3 SYSTEMPATH/View/View.php(231): CodeIgniter\View\View->CodeIgniter\View\{closure}()
 4 SYSTEMPATH/Common.php(1190): CodeIgniter\View\View->render('assets/edit', [], true)
 5 APPPATH/Controllers/Assets.php(256): view('assets/edit', [...])
 6 SYSTEMPATH/CodeIgniter.php(942): App\Controllers\Assets->edit('1')
 7 SYSTEMPATH/CodeIgniter.php(502): CodeIgniter\CodeIgniter->runController(Object(App\Controllers\Assets))
 8 SYSTEMPATH/CodeIgniter.php(361): CodeIgniter\CodeIgniter->handleRequest(null, Object(Config\Cache), false)
 9 FCPATH/index.php(79): CodeIgniter\CodeIgniter->run()
CRITICAL - 2024-09-10 18:26:51 --> Trying to access array offset on value of type null
in APPPATH/Views/assets/edit.php on line 93.
 1 APPPATH/Views/assets/edit.php(93): CodeIgniter\Debug\Exceptions->errorHandler(2, 'Trying to access array offset on value of type null', '/home/freelance/public_html/viyoma/app/Views/assets/edit.php', 93)
 2 SYSTEMPATH/View/View.php(228): include('/home/freelance/public_html/viyoma/app/Views/assets/edit.php')
 3 SYSTEMPATH/View/View.php(231): CodeIgniter\View\View->CodeIgniter\View\{closure}()
 4 SYSTEMPATH/Common.php(1190): CodeIgniter\View\View->render('assets/edit', [], true)
 5 APPPATH/Controllers/Assets.php(256): view('assets/edit', [...])
 6 SYSTEMPATH/CodeIgniter.php(942): App\Controllers\Assets->edit('1')
 7 SYSTEMPATH/CodeIgniter.php(502): CodeIgniter\CodeIgniter->runController(Object(App\Controllers\Assets))
 8 SYSTEMPATH/CodeIgniter.php(361): CodeIgniter\CodeIgniter->handleRequest(null, Object(Config\Cache), false)
 9 FCPATH/index.php(79): CodeIgniter\CodeIgniter->run()
CRITICAL - 2024-09-10 18:32:12 --> Trying to access array offset on value of type null
in APPPATH/Views/assets/edit.php on line 93.
 1 APPPATH/Views/assets/edit.php(93): CodeIgniter\Debug\Exceptions->errorHandler(2, 'Trying to access array offset on value of type null', '/home/freelance/public_html/viyoma/app/Views/assets/edit.php', 93)
 2 SYSTEMPATH/View/View.php(228): include('/home/freelance/public_html/viyoma/app/Views/assets/edit.php')
 3 SYSTEMPATH/View/View.php(231): CodeIgniter\View\View->CodeIgniter\View\{closure}()
 4 SYSTEMPATH/Common.php(1190): CodeIgniter\View\View->render('assets/edit', [], true)
 5 APPPATH/Controllers/Assets.php(256): view('assets/edit', [...])
 6 SYSTEMPATH/CodeIgniter.php(942): App\Controllers\Assets->edit('1')
 7 SYSTEMPATH/CodeIgniter.php(502): CodeIgniter\CodeIgniter->runController(Object(App\Controllers\Assets))
 8 SYSTEMPATH/CodeIgniter.php(361): CodeIgniter\CodeIgniter->handleRequest(null, Object(Config\Cache), false)
 9 FCPATH/index.php(79): CodeIgniter\CodeIgniter->run()
CRITICAL - 2024-09-10 18:32:16 --> Trying to access array offset on value of type null
in APPPATH/Views/assets/edit.php on line 93.
 1 APPPATH/Views/assets/edit.php(93): CodeIgniter\Debug\Exceptions->errorHandler(2, 'Trying to access array offset on value of type null', '/home/freelance/public_html/viyoma/app/Views/assets/edit.php', 93)
 2 SYSTEMPATH/View/View.php(228): include('/home/freelance/public_html/viyoma/app/Views/assets/edit.php')
 3 SYSTEMPATH/View/View.php(231): CodeIgniter\View\View->CodeIgniter\View\{closure}()
 4 SYSTEMPATH/Common.php(1190): CodeIgniter\View\View->render('assets/edit', [], true)
 5 APPPATH/Controllers/Assets.php(256): view('assets/edit', [...])
 6 SYSTEMPATH/CodeIgniter.php(942): App\Controllers\Assets->edit('1')
 7 SYSTEMPATH/CodeIgniter.php(502): CodeIgniter\CodeIgniter->runController(Object(App\Controllers\Assets))
 8 SYSTEMPATH/CodeIgniter.php(361): CodeIgniter\CodeIgniter->handleRequest(null, Object(Config\Cache), false)
 9 FCPATH/index.php(79): CodeIgniter\CodeIgniter->run()
ERROR - 2024-09-10 18:33:52 --> mysqli_sql_exception: Unknown column 'asset_type' in 'where clause' in /home/freelance/public_html/viyoma/system/Database/MySQLi/Connection.php:306
Stack trace:
#0 /home/freelance/public_html/viyoma/system/Database/MySQLi/Connection.php(306): mysqli->query('SELECT *\nFROM `...', 0)
#1 /home/freelance/public_html/viyoma/system/Database/BaseConnection.php(693): CodeIgniter\Database\MySQLi\Connection->execute('SELECT *\nFROM `...')
#2 /home/freelance/public_html/viyoma/system/Database/BaseConnection.php(607): CodeIgniter\Database\BaseConnection->simpleQuery('SELECT *\nFROM `...')
#3 /home/freelance/public_html/viyoma/system/Database/BaseBuilder.php(1615): CodeIgniter\Database\BaseConnection->query('SELECT *\nFROM `...', Array, false)
#4 /home/freelance/public_html/viyoma/system/Model.php(237): CodeIgniter\Database\BaseBuilder->get()
#5 /home/freelance/public_html/viyoma/system/BaseModel.php(624): CodeIgniter\Model->doFindAll(0, 0)
#6 /home/freelance/public_html/viyoma/app/Controllers/Assets.php(320): CodeIgniter\BaseModel->findAll()
#7 /home/freelance/public_html/viyoma/system/CodeIgniter.php(942): App\Controllers\Assets->asset_type('1')
#8 /home/freelance/public_html/viyoma/system/CodeIgniter.php(502): CodeIgniter\CodeIgniter->runController(Object(App\Controllers\Assets))
#9 /home/freelance/public_html/viyoma/system/CodeIgniter.php(361): CodeIgniter\CodeIgniter->handleRequest(NULL, Object(Config\Cache), false)
#10 /home/freelance/public_html/viyoma/index.php(79): CodeIgniter\CodeIgniter->run()
#11 {main}
CRITICAL - 2024-09-10 18:33:52 --> Unknown column 'asset_type' in 'where clause'
in SYSTEMPATH/Database/BaseConnection.php on line 647.
 1 SYSTEMPATH/Database/BaseBuilder.php(1615): CodeIgniter\Database\BaseConnection->query('SELECT *
FROM `assets`
WHERE `asset_type` like :asset_type:
ORDER BY `assets_id` ASC', [...], false)
 2 SYSTEMPATH/Model.php(237): CodeIgniter\Database\BaseBuilder->get()
 3 SYSTEMPATH/BaseModel.php(624): CodeIgniter\Model->doFindAll(0, 0)
 4 APPPATH/Controllers/Assets.php(320): CodeIgniter\BaseModel->findAll()
 5 SYSTEMPATH/CodeIgniter.php(942): App\Controllers\Assets->asset_type('1')
 6 SYSTEMPATH/CodeIgniter.php(502): CodeIgniter\CodeIgniter->runController(Object(App\Controllers\Assets))
 7 SYSTEMPATH/CodeIgniter.php(361): CodeIgniter\CodeIgniter->handleRequest(null, Object(Config\Cache), false)
 8 FCPATH/index.php(79): CodeIgniter\CodeIgniter->run()
CRITICAL - 2024-09-10 18:45:34 --> Undefined variable $data
in APPPATH/Controllers/Assets.php on line 324.
 1 APPPATH/Controllers/Assets.php(324): CodeIgniter\Debug\Exceptions->errorHandler(2, 'Undefined variable $data', '/home/freelance/public_html/viyoma/app/Controllers/Assets.php', 324)
 2 SYSTEMPATH/CodeIgniter.php(942): App\Controllers\Assets->asset_type('3')
 3 SYSTEMPATH/CodeIgniter.php(502): CodeIgniter\CodeIgniter->runController(Object(App\Controllers\Assets))
 4 SYSTEMPATH/CodeIgniter.php(361): CodeIgniter\CodeIgniter->handleRequest(null, Object(Config\Cache), false)
 5 FCPATH/index.php(79): CodeIgniter\CodeIgniter->run()
