CRITICAL - 2024-05-16 08:31:24 --> Trying to access array offset on value of type int
in APPPATH/Controllers/ExperienceInfo.php on line 35.
 1 APPPATH/Controllers/ExperienceInfo.php(35): CodeIgniter\Debug\Exceptions->errorHandler(2, 'Trying to access array offset on value of type int', '/home/freelance/public_html/digitalflow/app/Controllers/ExperienceInfo.php', 35)
 2 SYSTEMPATH/CodeIgniter.php(942): App\Controllers\ExperienceInfo->index()
 3 SYSTEMPATH/CodeIgniter.php(502): CodeIgniter\CodeIgniter->runController(Object(App\Controllers\ExperienceInfo))
 4 SYSTEMPATH/CodeIgniter.php(361): CodeIgniter\CodeIgniter->handleRequest(null, Object(Config\Cache), false)
 5 FCPATH/index.php(79): CodeIgniter\CodeIgniter->run()
CRITICAL - 2024-05-16 08:34:06 --> Undefined array key 1
in APPPATH/Controllers/ExperienceInfo.php on line 36.
 1 APPPATH/Controllers/ExperienceInfo.php(36): CodeIgniter\Debug\Exceptions->errorHandler(2, 'Undefined array key 1', '/home/freelance/public_html/digitalflow/app/Controllers/ExperienceInfo.php', 36)
 2 SYSTEMPATH/CodeIgniter.php(942): App\Controllers\ExperienceInfo->index()
 3 SYSTEMPATH/CodeIgniter.php(502): CodeIgniter\CodeIgniter->runController(Object(App\Controllers\ExperienceInfo))
 4 SYSTEMPATH/CodeIgniter.php(361): CodeIgniter\CodeIgniter->handleRequest(null, Object(Config\Cache), false)
 5 FCPATH/index.php(79): CodeIgniter\CodeIgniter->run()
CRITICAL - 2024-05-16 09:34:01 --> Undefined array key 1
in APPPATH/Controllers/ExperienceInfo.php on line 37.
 1 APPPATH/Controllers/ExperienceInfo.php(37): CodeIgniter\Debug\Exceptions->errorHandler(2, 'Undefined array key 1', '/home/freelance/public_html/digitalflow/app/Controllers/ExperienceInfo.php', 37)
 2 SYSTEMPATH/CodeIgniter.php(942): App\Controllers\ExperienceInfo->index()
 3 SYSTEMPATH/CodeIgniter.php(502): CodeIgniter\CodeIgniter->runController(Object(App\Controllers\ExperienceInfo))
 4 SYSTEMPATH/CodeIgniter.php(361): CodeIgniter\CodeIgniter->handleRequest(null, Object(Config\Cache), false)
 5 FCPATH/index.php(79): CodeIgniter\CodeIgniter->run()
CRITICAL - 2024-05-16 09:34:36 --> Undefined array key 1
in APPPATH/Controllers/ExperienceInfo.php on line 36.
 1 APPPATH/Controllers/ExperienceInfo.php(36): CodeIgniter\Debug\Exceptions->errorHandler(2, 'Undefined array key 1', '/home/freelance/public_html/digitalflow/app/Controllers/ExperienceInfo.php', 36)
 2 SYSTEMPATH/CodeIgniter.php(942): App\Controllers\ExperienceInfo->index()
 3 SYSTEMPATH/CodeIgniter.php(502): CodeIgniter\CodeIgniter->runController(Object(App\Controllers\ExperienceInfo))
 4 SYSTEMPATH/CodeIgniter.php(361): CodeIgniter\CodeIgniter->handleRequest(null, Object(Config\Cache), false)
 5 FCPATH/index.php(79): CodeIgniter\CodeIgniter->run()
CRITICAL - 2024-05-16 09:35:58 --> Undefined array key 1
in APPPATH/Controllers/ExperienceInfo.php on line 38.
 1 APPPATH/Controllers/ExperienceInfo.php(38): CodeIgniter\Debug\Exceptions->errorHandler(2, 'Undefined array key 1', '/home/freelance/public_html/digitalflow/app/Controllers/ExperienceInfo.php', 38)
 2 SYSTEMPATH/CodeIgniter.php(942): App\Controllers\ExperienceInfo->index()
 3 SYSTEMPATH/CodeIgniter.php(502): CodeIgniter\CodeIgniter->runController(Object(App\Controllers\ExperienceInfo))
 4 SYSTEMPATH/CodeIgniter.php(361): CodeIgniter\CodeIgniter->handleRequest(null, Object(Config\Cache), false)
 5 FCPATH/index.php(79): CodeIgniter\CodeIgniter->run()
CRITICAL - 2024-05-16 09:36:04 --> Undefined array key 1
in APPPATH/Controllers/ExperienceInfo.php on line 38.
 1 APPPATH/Controllers/ExperienceInfo.php(38): CodeIgniter\Debug\Exceptions->errorHandler(2, 'Undefined array key 1', '/home/freelance/public_html/digitalflow/app/Controllers/ExperienceInfo.php', 38)
 2 SYSTEMPATH/CodeIgniter.php(942): App\Controllers\ExperienceInfo->index()
 3 SYSTEMPATH/CodeIgniter.php(502): CodeIgniter\CodeIgniter->runController(Object(App\Controllers\ExperienceInfo))
 4 SYSTEMPATH/CodeIgniter.php(361): CodeIgniter\CodeIgniter->handleRequest(null, Object(Config\Cache), false)
 5 FCPATH/index.php(79): CodeIgniter\CodeIgniter->run()
CRITICAL - 2024-05-16 09:40:25 --> Undefined array key 1
in APPPATH/Controllers/ExperienceInfo.php on line 38.
 1 APPPATH/Controllers/ExperienceInfo.php(38): CodeIgniter\Debug\Exceptions->errorHandler(2, 'Undefined array key 1', '/home/freelance/public_html/digitalflow/app/Controllers/ExperienceInfo.php', 38)
 2 SYSTEMPATH/CodeIgniter.php(942): App\Controllers\ExperienceInfo->index()
 3 SYSTEMPATH/CodeIgniter.php(502): CodeIgniter\CodeIgniter->runController(Object(App\Controllers\ExperienceInfo))
 4 SYSTEMPATH/CodeIgniter.php(361): CodeIgniter\CodeIgniter->handleRequest(null, Object(Config\Cache), false)
 5 FCPATH/index.php(79): CodeIgniter\CodeIgniter->run()
CRITICAL - 2024-05-16 09:45:05 --> Array to string conversion
in APPPATH/Controllers/ExperienceInfo.php on line 32.
 1 APPPATH/Controllers/ExperienceInfo.php(32): CodeIgniter\Debug\Exceptions->errorHandler(2, 'Array to string conversion', '/home/freelance/public_html/digitalflow/app/Controllers/ExperienceInfo.php', 32)
 2 SYSTEMPATH/CodeIgniter.php(942): App\Controllers\ExperienceInfo->index()
 3 SYSTEMPATH/CodeIgniter.php(502): CodeIgniter\CodeIgniter->runController(Object(App\Controllers\ExperienceInfo))
 4 SYSTEMPATH/CodeIgniter.php(361): CodeIgniter\CodeIgniter->handleRequest(null, Object(Config\Cache), false)
 5 FCPATH/index.php(79): CodeIgniter\CodeIgniter->run()
CRITICAL - 2024-05-16 09:48:14 --> Undefined array key 1
in APPPATH/Controllers/ExperienceInfo.php on line 39.
 1 APPPATH/Controllers/ExperienceInfo.php(39): CodeIgniter\Debug\Exceptions->errorHandler(2, 'Undefined array key 1', '/home/freelance/public_html/digitalflow/app/Controllers/ExperienceInfo.php', 39)
 2 SYSTEMPATH/CodeIgniter.php(942): App\Controllers\ExperienceInfo->index()
 3 SYSTEMPATH/CodeIgniter.php(502): CodeIgniter\CodeIgniter->runController(Object(App\Controllers\ExperienceInfo))
 4 SYSTEMPATH/CodeIgniter.php(361): CodeIgniter\CodeIgniter->handleRequest(null, Object(Config\Cache), false)
 5 FCPATH/index.php(79): CodeIgniter\CodeIgniter->run()
CRITICAL - 2024-05-16 10:22:52 --> syntax error, unexpected variable "$data", expecting "function" or "const"
in APPPATH/Controllers/ExperienceInfo.php on line 181.
 1 SYSTEMPATH/Autoloader/Autoloader.php(291): CodeIgniter\Autoloader\Autoloader->includeFile('/home/freelance/public_html/digitalflow/app/Controllers/ExperienceInfo.php')
 2 SYSTEMPATH/Autoloader/Autoloader.php(269): CodeIgniter\Autoloader\Autoloader->loadInNamespace('App\\Controllers\\ExperienceInfo')
 3 [internal function]: CodeIgniter\Autoloader\Autoloader->loadClass('App\\Controllers\\ExperienceInfo')
 4 SYSTEMPATH/CodeIgniter.php(900): class_exists('\\App\\Controllers\\ExperienceInfo', true)
 5 SYSTEMPATH/CodeIgniter.php(489): CodeIgniter\CodeIgniter->startController()
 6 SYSTEMPATH/CodeIgniter.php(361): CodeIgniter\CodeIgniter->handleRequest(null, Object(Config\Cache), false)
 7 FCPATH/index.php(79): CodeIgniter\CodeIgniter->run()
CRITICAL - 2024-05-16 10:23:24 --> syntax error, unexpected variable "$data", expecting "function" or "const"
in APPPATH/Controllers/ExperienceInfo.php on line 181.
 1 SYSTEMPATH/Autoloader/Autoloader.php(291): CodeIgniter\Autoloader\Autoloader->includeFile('/home/freelance/public_html/digitalflow/app/Controllers/ExperienceInfo.php')
 2 SYSTEMPATH/Autoloader/Autoloader.php(269): CodeIgniter\Autoloader\Autoloader->loadInNamespace('App\\Controllers\\ExperienceInfo')
 3 [internal function]: CodeIgniter\Autoloader\Autoloader->loadClass('App\\Controllers\\ExperienceInfo')
 4 SYSTEMPATH/CodeIgniter.php(900): class_exists('\\App\\Controllers\\ExperienceInfo', true)
 5 SYSTEMPATH/CodeIgniter.php(489): CodeIgniter\CodeIgniter->startController()
 6 SYSTEMPATH/CodeIgniter.php(361): CodeIgniter\CodeIgniter->handleRequest(null, Object(Config\Cache), false)
 7 FCPATH/index.php(79): CodeIgniter\CodeIgniter->run()
CRITICAL - 2024-05-16 10:23:27 --> syntax error, unexpected variable "$data", expecting "function" or "const"
in APPPATH/Controllers/ExperienceInfo.php on line 181.
 1 SYSTEMPATH/Autoloader/Autoloader.php(291): CodeIgniter\Autoloader\Autoloader->includeFile('/home/freelance/public_html/digitalflow/app/Controllers/ExperienceInfo.php')
 2 SYSTEMPATH/Autoloader/Autoloader.php(269): CodeIgniter\Autoloader\Autoloader->loadInNamespace('App\\Controllers\\ExperienceInfo')
 3 [internal function]: CodeIgniter\Autoloader\Autoloader->loadClass('App\\Controllers\\ExperienceInfo')
 4 SYSTEMPATH/CodeIgniter.php(900): class_exists('\\App\\Controllers\\ExperienceInfo', true)
 5 SYSTEMPATH/CodeIgniter.php(489): CodeIgniter\CodeIgniter->startController()
 6 SYSTEMPATH/CodeIgniter.php(361): CodeIgniter\CodeIgniter->handleRequest(null, Object(Config\Cache), false)
 7 FCPATH/index.php(79): CodeIgniter\CodeIgniter->run()
CRITICAL - 2024-05-16 10:24:19 --> syntax error, unexpected variable "$data", expecting "function" or "const"
in APPPATH/Controllers/ExperienceInfo.php on line 181.
 1 SYSTEMPATH/Autoloader/Autoloader.php(291): CodeIgniter\Autoloader\Autoloader->includeFile('/home/freelance/public_html/digitalflow/app/Controllers/ExperienceInfo.php')
 2 SYSTEMPATH/Autoloader/Autoloader.php(269): CodeIgniter\Autoloader\Autoloader->loadInNamespace('App\\Controllers\\ExperienceInfo')
 3 [internal function]: CodeIgniter\Autoloader\Autoloader->loadClass('App\\Controllers\\ExperienceInfo')
 4 SYSTEMPATH/CodeIgniter.php(900): class_exists('\\App\\Controllers\\ExperienceInfo', true)
 5 SYSTEMPATH/CodeIgniter.php(489): CodeIgniter\CodeIgniter->startController()
 6 SYSTEMPATH/CodeIgniter.php(361): CodeIgniter\CodeIgniter->handleRequest(null, Object(Config\Cache), false)
 7 FCPATH/index.php(79): CodeIgniter\CodeIgniter->run()
CRITICAL - 2024-05-16 10:26:57 --> syntax error, unexpected variable "$data", expecting "function" or "const"
in APPPATH/Controllers/ExperienceInfo.php on line 181.
 1 SYSTEMPATH/Autoloader/Autoloader.php(291): CodeIgniter\Autoloader\Autoloader->includeFile('/home/freelance/public_html/digitalflow/app/Controllers/ExperienceInfo.php')
 2 SYSTEMPATH/Autoloader/Autoloader.php(269): CodeIgniter\Autoloader\Autoloader->loadInNamespace('App\\Controllers\\ExperienceInfo')
 3 [internal function]: CodeIgniter\Autoloader\Autoloader->loadClass('App\\Controllers\\ExperienceInfo')
 4 SYSTEMPATH/CodeIgniter.php(900): class_exists('\\App\\Controllers\\ExperienceInfo', true)
 5 SYSTEMPATH/CodeIgniter.php(489): CodeIgniter\CodeIgniter->startController()
 6 SYSTEMPATH/CodeIgniter.php(361): CodeIgniter\CodeIgniter->handleRequest(null, Object(Config\Cache), false)
 7 FCPATH/index.php(79): CodeIgniter\CodeIgniter->run()
CRITICAL - 2024-05-16 10:26:58 --> syntax error, unexpected variable "$data", expecting "function" or "const"
in APPPATH/Controllers/ExperienceInfo.php on line 181.
 1 SYSTEMPATH/Autoloader/Autoloader.php(291): CodeIgniter\Autoloader\Autoloader->includeFile('/home/freelance/public_html/digitalflow/app/Controllers/ExperienceInfo.php')
 2 SYSTEMPATH/Autoloader/Autoloader.php(269): CodeIgniter\Autoloader\Autoloader->loadInNamespace('App\\Controllers\\ExperienceInfo')
 3 [internal function]: CodeIgniter\Autoloader\Autoloader->loadClass('App\\Controllers\\ExperienceInfo')
 4 SYSTEMPATH/CodeIgniter.php(900): class_exists('\\App\\Controllers\\ExperienceInfo', true)
 5 SYSTEMPATH/CodeIgniter.php(489): CodeIgniter\CodeIgniter->startController()
 6 SYSTEMPATH/CodeIgniter.php(361): CodeIgniter\CodeIgniter->handleRequest(null, Object(Config\Cache), false)
 7 FCPATH/index.php(79): CodeIgniter\CodeIgniter->run()
CRITICAL - 2024-05-16 10:27:36 --> syntax error, unexpected variable "$data", expecting "function" or "const"
in APPPATH/Controllers/ExperienceInfo.php on line 181.
 1 SYSTEMPATH/Autoloader/Autoloader.php(291): CodeIgniter\Autoloader\Autoloader->includeFile('/home/freelance/public_html/digitalflow/app/Controllers/ExperienceInfo.php')
 2 SYSTEMPATH/Autoloader/Autoloader.php(269): CodeIgniter\Autoloader\Autoloader->loadInNamespace('App\\Controllers\\ExperienceInfo')
 3 [internal function]: CodeIgniter\Autoloader\Autoloader->loadClass('App\\Controllers\\ExperienceInfo')
 4 SYSTEMPATH/CodeIgniter.php(900): class_exists('\\App\\Controllers\\ExperienceInfo', true)
 5 SYSTEMPATH/CodeIgniter.php(489): CodeIgniter\CodeIgniter->startController()
 6 SYSTEMPATH/CodeIgniter.php(361): CodeIgniter\CodeIgniter->handleRequest(null, Object(Config\Cache), false)
 7 FCPATH/index.php(79): CodeIgniter\CodeIgniter->run()
CRITICAL - 2024-05-16 10:28:26 --> syntax error, unexpected variable "$data", expecting "function" or "const"
in APPPATH/Controllers/ExperienceInfo.php on line 181.
 1 SYSTEMPATH/Autoloader/Autoloader.php(291): CodeIgniter\Autoloader\Autoloader->includeFile('/home/freelance/public_html/digitalflow/app/Controllers/ExperienceInfo.php')
 2 SYSTEMPATH/Autoloader/Autoloader.php(269): CodeIgniter\Autoloader\Autoloader->loadInNamespace('App\\Controllers\\ExperienceInfo')
 3 [internal function]: CodeIgniter\Autoloader\Autoloader->loadClass('App\\Controllers\\ExperienceInfo')
 4 SYSTEMPATH/CodeIgniter.php(900): class_exists('\\App\\Controllers\\ExperienceInfo', true)
 5 SYSTEMPATH/CodeIgniter.php(489): CodeIgniter\CodeIgniter->startController()
 6 SYSTEMPATH/CodeIgniter.php(361): CodeIgniter\CodeIgniter->handleRequest(null, Object(Config\Cache), false)
 7 FCPATH/index.php(79): CodeIgniter\CodeIgniter->run()
CRITICAL - 2024-05-16 16:16:36 --> Array to string conversion
in SYSTEMPATH/Database/Query.php on line 327.
 1 [internal function]: CodeIgniter\Debug\Exceptions->errorHandler(2, 'Array to string conversion', '/home/freelance/public_html/digitalflow/system/Database/Query.php', 327)
 2 SYSTEMPATH/Database/Query.php(327): implode(',', [...])
 3 SYSTEMPATH/Database/Query.php(308): CodeIgniter\Database\Query->matchNamedBinds('INSERT INTO `experience_info` (`experience_list`, `emp_id`, `experience_created_on`, `experience_updated_on`) VALUES (:experience_list:, :emp_id:, :experience_created_on:, :experience_updated_on:)', [...])
 4 SYSTEMPATH/Database/Query.php(159): CodeIgniter\Database\Query->compileBinds()
 5 SYSTEMPATH/Database/BaseConnection.php(607): CodeIgniter\Database\Query->getQuery()
 6 SYSTEMPATH/Database/BaseBuilder.php(2308): CodeIgniter\Database\BaseConnection->query('INSERT INTO `experience_info` (`experience_list`, `emp_id`, `experience_created_on`, `experience_updated_on`) VALUES (:experience_list:, :emp_id:, :experience_created_on:, :experience_updated_on:)', [...], false)
 7 SYSTEMPATH/Model.php(319): CodeIgniter\Database\BaseBuilder->insert()
 8 SYSTEMPATH/BaseModel.php(788): CodeIgniter\Model->doInsert([...])
 9 SYSTEMPATH/Model.php(715): CodeIgniter\BaseModel->insert([...], false)
10 SYSTEMPATH/BaseModel.php(698): CodeIgniter\Model->insert([...], false)
11 APPPATH/Controllers/ExperienceInfo.php(65): CodeIgniter\BaseModel->save([...])
12 SYSTEMPATH/CodeIgniter.php(942): App\Controllers\ExperienceInfo->index()
13 SYSTEMPATH/CodeIgniter.php(502): CodeIgniter\CodeIgniter->runController(Object(App\Controllers\ExperienceInfo))
14 SYSTEMPATH/CodeIgniter.php(361): CodeIgniter\CodeIgniter->handleRequest(null, Object(Config\Cache), false)
15 FCPATH/index.php(79): CodeIgniter\CodeIgniter->run()
CRITICAL - 2024-05-16 10:49:38 --> "unique" is not a valid rule.
in SYSTEMPATH/Validation/Validation.php on line 319.
 1 SYSTEMPATH/Validation/Validation.php(319): CodeIgniter\Validation\Exceptions\ValidationException::forRuleNotFound('unique')
 2 SYSTEMPATH/Validation/Validation.php(197): CodeIgniter\Validation\Validation->processRules('emp_id', 'emp_id', '123', [...], [...])
 3 SYSTEMPATH/Controller.php(152): CodeIgniter\Validation\Validation->run()
 4 APPPATH/Controllers/ExperienceInfo.php(50): CodeIgniter\Controller->validate([...])
 5 SYSTEMPATH/CodeIgniter.php(942): App\Controllers\ExperienceInfo->index()
 6 SYSTEMPATH/CodeIgniter.php(502): CodeIgniter\CodeIgniter->runController(Object(App\Controllers\ExperienceInfo))
 7 SYSTEMPATH/CodeIgniter.php(361): CodeIgniter\CodeIgniter->handleRequest(null, Object(Config\Cache), false)
 8 FCPATH/index.php(79): CodeIgniter\CodeIgniter->run()
CRITICAL - 2024-05-16 11:20:29 --> Undefined array key "edu_id"
in APPPATH/Views/experienceinfo/view.php on line 83.
 1 APPPATH/Views/experienceinfo/view.php(83): CodeIgniter\Debug\Exceptions->errorHandler(2, 'Undefined array key "edu_id"', '/home/freelance/public_html/digitalflow/app/Views/experienceinfo/view.php', 83)
 2 SYSTEMPATH/View/View.php(228): include('/home/freelance/public_html/digitalflow/app/Views/experienceinfo/view.php')
 3 SYSTEMPATH/View/View.php(231): CodeIgniter\View\View->CodeIgniter\View\{closure}()
 4 SYSTEMPATH/Common.php(1190): CodeIgniter\View\View->render('experienceinfo/view', [], true)
 5 APPPATH/Controllers/ExperienceInfo.php(113): view('experienceinfo/view', [...])
 6 SYSTEMPATH/CodeIgniter.php(942): App\Controllers\ExperienceInfo->view()
 7 SYSTEMPATH/CodeIgniter.php(502): CodeIgniter\CodeIgniter->runController(Object(App\Controllers\ExperienceInfo))
 8 SYSTEMPATH/CodeIgniter.php(361): CodeIgniter\CodeIgniter->handleRequest(null, Object(Config\Cache), false)
 9 FCPATH/index.php(79): CodeIgniter\CodeIgniter->run()
