CRITICAL - 2024-05-22 05:05:16 --> count(): Argument #1 ($value) must be of type Countable|array, null given
in APPPATH/Controllers/ExperienceInfo.php on line 29.
 1 APPPATH/Controllers/ExperienceInfo.php(29): count(null)
 2 SYSTEMPATH/CodeIgniter.php(942): App\Controllers\ExperienceInfo->index()
 3 SYSTEMPATH/CodeIgniter.php(502): CodeIgniter\CodeIgniter->runController(Object(App\Controllers\ExperienceInfo))
 4 SYSTEMPATH/CodeIgniter.php(361): CodeIgniter\CodeIgniter->handleRequest(null, Object(Config\Cache), false)
 5 FCPATH/index.php(79): CodeIgniter\CodeIgniter->run()
CRITICAL - 2024-05-22 05:05:53 --> count(): Argument #1 ($value) must be of type Countable|array, null given
in APPPATH/Controllers/ExperienceInfo.php on line 29.
 1 APPPATH/Controllers/ExperienceInfo.php(29): count(null)
 2 SYSTEMPATH/CodeIgniter.php(942): App\Controllers\ExperienceInfo->index()
 3 SYSTEMPATH/CodeIgniter.php(502): CodeIgniter\CodeIgniter->runController(Object(App\Controllers\ExperienceInfo))
 4 SYSTEMPATH/CodeIgniter.php(361): CodeIgniter\CodeIgniter->handleRequest(null, Object(Config\Cache), false)
 5 FCPATH/index.php(79): CodeIgniter\CodeIgniter->run()
CRITICAL - 2024-05-22 05:06:10 --> Class "App\Models\NomineeInfoModel" not found
in APPPATH/Controllers/NomineeInfo.php on line 66.
 1 SYSTEMPATH/CodeIgniter.php(942): App\Controllers\NomineeInfo->index()
 2 SYSTEMPATH/CodeIgniter.php(502): CodeIgniter\CodeIgniter->runController(Object(App\Controllers\NomineeInfo))
 3 SYSTEMPATH/CodeIgniter.php(361): CodeIgniter\CodeIgniter->handleRequest(null, Object(Config\Cache), false)
 4 FCPATH/index.php(79): CodeIgniter\CodeIgniter->run()
CRITICAL - 2024-05-22 05:28:03 --> Undefined variable $nominee_info_addres
in APPPATH/Controllers/NomineeInfo.php on line 56.
 1 APPPATH/Controllers/NomineeInfo.php(56): CodeIgniter\Debug\Exceptions->errorHandler(2, 'Undefined variable $nominee_info_addres', '/home/freelance/public_html/digitalflow/app/Controllers/NomineeInfo.php', 56)
 2 SYSTEMPATH/CodeIgniter.php(942): App\Controllers\NomineeInfo->index()
 3 SYSTEMPATH/CodeIgniter.php(502): CodeIgniter\CodeIgniter->runController(Object(App\Controllers\NomineeInfo))
 4 SYSTEMPATH/CodeIgniter.php(361): CodeIgniter\CodeIgniter->handleRequest(null, Object(Config\Cache), false)
 5 FCPATH/index.php(79): CodeIgniter\CodeIgniter->run()
ERROR - 2024-05-22 08:57:26 --> mysqli_sql_exception: Unknown column 'nominee_id' in 'order clause' in /home/freelance/public_html/digitalflow/system/Database/MySQLi/Connection.php:306
Stack trace:
#0 /home/freelance/public_html/digitalflow/system/Database/MySQLi/Connection.php(306): mysqli->query('SELECT *\nFROM `...', 0)
#1 /home/freelance/public_html/digitalflow/system/Database/BaseConnection.php(693): CodeIgniter\Database\MySQLi\Connection->execute('SELECT *\nFROM `...')
#2 /home/freelance/public_html/digitalflow/system/Database/BaseConnection.php(607): CodeIgniter\Database\BaseConnection->simpleQuery('SELECT *\nFROM `...')
#3 /home/freelance/public_html/digitalflow/system/Database/BaseBuilder.php(1615): CodeIgniter\Database\BaseConnection->query('SELECT *\nFROM `...', Array, false)
#4 /home/freelance/public_html/digitalflow/system/Model.php(237): CodeIgniter\Database\BaseBuilder->get()
#5 /home/freelance/public_html/digitalflow/system/BaseModel.php(624): CodeIgniter\Model->doFindAll(0, 0)
#6 /home/freelance/public_html/digitalflow/app/Controllers/NomineeInfo.php(159): CodeIgniter\BaseModel->findAll()
#7 /home/freelance/public_html/digitalflow/system/CodeIgniter.php(942): App\Controllers\NomineeInfo->view()
#8 /home/freelance/public_html/digitalflow/system/CodeIgniter.php(502): CodeIgniter\CodeIgniter->runController(Object(App\Controllers\NomineeInfo))
#9 /home/freelance/public_html/digitalflow/system/CodeIgniter.php(361): CodeIgniter\CodeIgniter->handleRequest(NULL, Object(Config\Cache), false)
#10 /home/freelance/public_html/digitalflow/index.php(79): CodeIgniter\CodeIgniter->run()
#11 {main}
CRITICAL - 2024-05-22 08:57:26 --> Unknown column 'nominee_id' in 'order clause'
in SYSTEMPATH/Database/BaseConnection.php on line 647.
 1 SYSTEMPATH/Database/BaseBuilder.php(1615): CodeIgniter\Database\BaseConnection->query('SELECT *
FROM `nominee_info`
WHERE `nominee_deleted_on` IS NULL
ORDER BY `nominee_id` ASC', [], false)
 2 SYSTEMPATH/Model.php(237): CodeIgniter\Database\BaseBuilder->get()
 3 SYSTEMPATH/BaseModel.php(624): CodeIgniter\Model->doFindAll(0, 0)
 4 APPPATH/Controllers/NomineeInfo.php(159): CodeIgniter\BaseModel->findAll()
 5 SYSTEMPATH/CodeIgniter.php(942): App\Controllers\NomineeInfo->view()
 6 SYSTEMPATH/CodeIgniter.php(502): CodeIgniter\CodeIgniter->runController(Object(App\Controllers\NomineeInfo))
 7 SYSTEMPATH/CodeIgniter.php(361): CodeIgniter\CodeIgniter->handleRequest(null, Object(Config\Cache), false)
 8 FCPATH/index.php(79): CodeIgniter\CodeIgniter->run()
CRITICAL - 2024-05-22 08:57:47 --> Undefined array key "emp_name"
in APPPATH/Views/nomineeinfo/view.php on line 140.
 1 APPPATH/Views/nomineeinfo/view.php(140): CodeIgniter\Debug\Exceptions->errorHandler(2, 'Undefined array key "emp_name"', '/home/freelance/public_html/digitalflow/app/Views/nomineeinfo/view.php', 140)
 2 SYSTEMPATH/View/View.php(228): include('/home/freelance/public_html/digitalflow/app/Views/nomineeinfo/view.php')
 3 SYSTEMPATH/View/View.php(231): CodeIgniter\View\View->CodeIgniter\View\{closure}()
 4 SYSTEMPATH/Common.php(1190): CodeIgniter\View\View->render('nomineeinfo/view', [], true)
 5 APPPATH/Controllers/NomineeInfo.php(161): view('nomineeinfo/view', [...])
 6 SYSTEMPATH/CodeIgniter.php(942): App\Controllers\NomineeInfo->view()
 7 SYSTEMPATH/CodeIgniter.php(502): CodeIgniter\CodeIgniter->runController(Object(App\Controllers\NomineeInfo))
 8 SYSTEMPATH/CodeIgniter.php(361): CodeIgniter\CodeIgniter->handleRequest(null, Object(Config\Cache), false)
 9 FCPATH/index.php(79): CodeIgniter\CodeIgniter->run()
CRITICAL - 2024-05-22 08:59:56 --> Undefined array key "experience_created_on"
in APPPATH/Views/nomineeinfo/view.php on line 141.
 1 APPPATH/Views/nomineeinfo/view.php(141): CodeIgniter\Debug\Exceptions->errorHandler(2, 'Undefined array key "experience_created_on"', '/home/freelance/public_html/digitalflow/app/Views/nomineeinfo/view.php', 141)
 2 SYSTEMPATH/View/View.php(228): include('/home/freelance/public_html/digitalflow/app/Views/nomineeinfo/view.php')
 3 SYSTEMPATH/View/View.php(231): CodeIgniter\View\View->CodeIgniter\View\{closure}()
 4 SYSTEMPATH/Common.php(1190): CodeIgniter\View\View->render('nomineeinfo/view', [], true)
 5 APPPATH/Controllers/NomineeInfo.php(167): view('nomineeinfo/view', [...])
 6 SYSTEMPATH/CodeIgniter.php(942): App\Controllers\NomineeInfo->view()
 7 SYSTEMPATH/CodeIgniter.php(502): CodeIgniter\CodeIgniter->runController(Object(App\Controllers\NomineeInfo))
 8 SYSTEMPATH/CodeIgniter.php(361): CodeIgniter\CodeIgniter->handleRequest(null, Object(Config\Cache), false)
 9 FCPATH/index.php(79): CodeIgniter\CodeIgniter->run()
CRITICAL - 2024-05-22 09:00:25 --> Undefined array key "experience_id"
in APPPATH/Views/nomineeinfo/view.php on line 147.
 1 APPPATH/Views/nomineeinfo/view.php(147): CodeIgniter\Debug\Exceptions->errorHandler(2, 'Undefined array key "experience_id"', '/home/freelance/public_html/digitalflow/app/Views/nomineeinfo/view.php', 147)
 2 SYSTEMPATH/View/View.php(228): include('/home/freelance/public_html/digitalflow/app/Views/nomineeinfo/view.php')
 3 SYSTEMPATH/View/View.php(231): CodeIgniter\View\View->CodeIgniter\View\{closure}()
 4 SYSTEMPATH/Common.php(1190): CodeIgniter\View\View->render('nomineeinfo/view', [], true)
 5 APPPATH/Controllers/NomineeInfo.php(167): view('nomineeinfo/view', [...])
 6 SYSTEMPATH/CodeIgniter.php(942): App\Controllers\NomineeInfo->view()
 7 SYSTEMPATH/CodeIgniter.php(502): CodeIgniter\CodeIgniter->runController(Object(App\Controllers\NomineeInfo))
 8 SYSTEMPATH/CodeIgniter.php(361): CodeIgniter\CodeIgniter->handleRequest(null, Object(Config\Cache), false)
 9 FCPATH/index.php(79): CodeIgniter\CodeIgniter->run()
CRITICAL - 2024-05-22 09:01:46 --> Undefined array key 5
in APPPATH/Views/nomineeinfo/view.php on line 140.
 1 APPPATH/Views/nomineeinfo/view.php(140): CodeIgniter\Debug\Exceptions->errorHandler(2, 'Undefined array key 5', '/home/freelance/public_html/digitalflow/app/Views/nomineeinfo/view.php', 140)
 2 SYSTEMPATH/View/View.php(228): include('/home/freelance/public_html/digitalflow/app/Views/nomineeinfo/view.php')
 3 SYSTEMPATH/View/View.php(231): CodeIgniter\View\View->CodeIgniter\View\{closure}()
 4 SYSTEMPATH/Common.php(1190): CodeIgniter\View\View->render('nomineeinfo/view', [], true)
 5 APPPATH/Controllers/NomineeInfo.php(167): view('nomineeinfo/view', [...])
 6 SYSTEMPATH/CodeIgniter.php(942): App\Controllers\NomineeInfo->view()
 7 SYSTEMPATH/CodeIgniter.php(502): CodeIgniter\CodeIgniter->runController(Object(App\Controllers\NomineeInfo))
 8 SYSTEMPATH/CodeIgniter.php(361): CodeIgniter\CodeIgniter->handleRequest(null, Object(Config\Cache), false)
 9 FCPATH/index.php(79): CodeIgniter\CodeIgniter->run()
CRITICAL - 2024-05-22 09:02:27 --> Undefined array key "emp_name"
in APPPATH/Views/nomineeinfo/view.php on line 140.
 1 APPPATH/Views/nomineeinfo/view.php(140): CodeIgniter\Debug\Exceptions->errorHandler(2, 'Undefined array key "emp_name"', '/home/freelance/public_html/digitalflow/app/Views/nomineeinfo/view.php', 140)
 2 SYSTEMPATH/View/View.php(228): include('/home/freelance/public_html/digitalflow/app/Views/nomineeinfo/view.php')
 3 SYSTEMPATH/View/View.php(231): CodeIgniter\View\View->CodeIgniter\View\{closure}()
 4 SYSTEMPATH/Common.php(1190): CodeIgniter\View\View->render('nomineeinfo/view', [], true)
 5 APPPATH/Controllers/NomineeInfo.php(167): view('nomineeinfo/view', [...])
 6 SYSTEMPATH/CodeIgniter.php(942): App\Controllers\NomineeInfo->view()
 7 SYSTEMPATH/CodeIgniter.php(502): CodeIgniter\CodeIgniter->runController(Object(App\Controllers\NomineeInfo))
 8 SYSTEMPATH/CodeIgniter.php(361): CodeIgniter\CodeIgniter->handleRequest(null, Object(Config\Cache), false)
 9 FCPATH/index.php(79): CodeIgniter\CodeIgniter->run()
CRITICAL - 2024-05-22 10:21:49 --> Undefined array key "experience_id"
in APPPATH/Views/nomineeinfo/edit.php on line 66.
 1 APPPATH/Views/nomineeinfo/edit.php(66): CodeIgniter\Debug\Exceptions->errorHandler(2, 'Undefined array key "experience_id"', '/home/freelance/public_html/digitalflow/app/Views/nomineeinfo/edit.php', 66)
 2 SYSTEMPATH/View/View.php(228): include('/home/freelance/public_html/digitalflow/app/Views/nomineeinfo/edit.php')
 3 SYSTEMPATH/View/View.php(231): CodeIgniter\View\View->CodeIgniter\View\{closure}()
 4 SYSTEMPATH/Common.php(1190): CodeIgniter\View\View->render('nomineeinfo/edit', [], true)
 5 APPPATH/Controllers/NomineeInfo.php(211): view('nomineeinfo/edit', [...])
 6 SYSTEMPATH/CodeIgniter.php(942): App\Controllers\NomineeInfo->edit('VFZSQlBRPT0=')
 7 SYSTEMPATH/CodeIgniter.php(502): CodeIgniter\CodeIgniter->runController(Object(App\Controllers\NomineeInfo))
 8 SYSTEMPATH/CodeIgniter.php(361): CodeIgniter\CodeIgniter->handleRequest(null, Object(Config\Cache), false)
 9 FCPATH/index.php(79): CodeIgniter\CodeIgniter->run()
CRITICAL - 2024-05-22 10:24:02 --> count(): Argument #1 ($value) must be of type Countable|array, string given
in APPPATH/Views/nomineeinfo/edit.php on line 112.
 1 SYSTEMPATH/View/View.php(228): include()
 2 SYSTEMPATH/View/View.php(231): CodeIgniter\View\View->CodeIgniter\View\{closure}()
 3 SYSTEMPATH/Common.php(1190): CodeIgniter\View\View->render('nomineeinfo/edit', [], true)
 4 APPPATH/Controllers/NomineeInfo.php(211): view('nomineeinfo/edit', [...])
 5 SYSTEMPATH/CodeIgniter.php(942): App\Controllers\NomineeInfo->edit('VFZSQlBRPT0=')
 6 SYSTEMPATH/CodeIgniter.php(502): CodeIgniter\CodeIgniter->runController(Object(App\Controllers\NomineeInfo))
 7 SYSTEMPATH/CodeIgniter.php(361): CodeIgniter\CodeIgniter->handleRequest(null, Object(Config\Cache), false)
 8 FCPATH/index.php(79): CodeIgniter\CodeIgniter->run()
CRITICAL - 2024-05-22 10:25:02 --> syntax error, unexpected variable "$user"
in APPPATH/Views/nomineeinfo/edit.php on line 112.
 1 SYSTEMPATH/View/View.php(231): CodeIgniter\View\View->CodeIgniter\View\{closure}()
 2 SYSTEMPATH/Common.php(1190): CodeIgniter\View\View->render('nomineeinfo/edit', [], true)
 3 APPPATH/Controllers/NomineeInfo.php(211): view('nomineeinfo/edit', [...])
 4 SYSTEMPATH/CodeIgniter.php(942): App\Controllers\NomineeInfo->edit('VFZSQlBRPT0=')
 5 SYSTEMPATH/CodeIgniter.php(502): CodeIgniter\CodeIgniter->runController(Object(App\Controllers\NomineeInfo))
 6 SYSTEMPATH/CodeIgniter.php(361): CodeIgniter\CodeIgniter->handleRequest(null, Object(Config\Cache), false)
 7 FCPATH/index.php(79): CodeIgniter\CodeIgniter->run()
CRITICAL - 2024-05-22 10:25:28 --> foreach() argument must be of type array|object, string given
in APPPATH/Views/nomineeinfo/edit.php on line 116.
 1 APPPATH/Views/nomineeinfo/edit.php(116): CodeIgniter\Debug\Exceptions->errorHandler(2, 'foreach() argument must be of type array|object, string given', '/home/freelance/public_html/digitalflow/app/Views/nomineeinfo/edit.php', 116)
 2 SYSTEMPATH/View/View.php(228): include('/home/freelance/public_html/digitalflow/app/Views/nomineeinfo/edit.php')
 3 SYSTEMPATH/View/View.php(231): CodeIgniter\View\View->CodeIgniter\View\{closure}()
 4 SYSTEMPATH/Common.php(1190): CodeIgniter\View\View->render('nomineeinfo/edit', [], true)
 5 APPPATH/Controllers/NomineeInfo.php(211): view('nomineeinfo/edit', [...])
 6 SYSTEMPATH/CodeIgniter.php(942): App\Controllers\NomineeInfo->edit('VFZSQlBRPT0=')
 7 SYSTEMPATH/CodeIgniter.php(502): CodeIgniter\CodeIgniter->runController(Object(App\Controllers\NomineeInfo))
 8 SYSTEMPATH/CodeIgniter.php(361): CodeIgniter\CodeIgniter->handleRequest(null, Object(Config\Cache), false)
 9 FCPATH/index.php(79): CodeIgniter\CodeIgniter->run()
CRITICAL - 2024-05-22 10:25:44 --> Undefined constant "php"
in APPPATH/Views/nomineeinfo/edit.php on line 152.
 1 SYSTEMPATH/View/View.php(228): include()
 2 SYSTEMPATH/View/View.php(231): CodeIgniter\View\View->CodeIgniter\View\{closure}()
 3 SYSTEMPATH/Common.php(1190): CodeIgniter\View\View->render('nomineeinfo/edit', [], true)
 4 APPPATH/Controllers/NomineeInfo.php(211): view('nomineeinfo/edit', [...])
 5 SYSTEMPATH/CodeIgniter.php(942): App\Controllers\NomineeInfo->edit('VFZSQlBRPT0=')
 6 SYSTEMPATH/CodeIgniter.php(502): CodeIgniter\CodeIgniter->runController(Object(App\Controllers\NomineeInfo))
 7 SYSTEMPATH/CodeIgniter.php(361): CodeIgniter\CodeIgniter->handleRequest(null, Object(Config\Cache), false)
 8 FCPATH/index.php(79): CodeIgniter\CodeIgniter->run()
CRITICAL - 2024-05-22 10:27:24 --> foreach() argument must be of type array|object, string given
in APPPATH/Views/nomineeinfo/edit.php on line 116.
 1 APPPATH/Views/nomineeinfo/edit.php(116): CodeIgniter\Debug\Exceptions->errorHandler(2, 'foreach() argument must be of type array|object, string given', '/home/freelance/public_html/digitalflow/app/Views/nomineeinfo/edit.php', 116)
 2 SYSTEMPATH/View/View.php(228): include('/home/freelance/public_html/digitalflow/app/Views/nomineeinfo/edit.php')
 3 SYSTEMPATH/View/View.php(231): CodeIgniter\View\View->CodeIgniter\View\{closure}()
 4 SYSTEMPATH/Common.php(1190): CodeIgniter\View\View->render('nomineeinfo/edit', [], true)
 5 APPPATH/Controllers/NomineeInfo.php(211): view('nomineeinfo/edit', [...])
 6 SYSTEMPATH/CodeIgniter.php(942): App\Controllers\NomineeInfo->edit('VFZSQlBRPT0=')
 7 SYSTEMPATH/CodeIgniter.php(502): CodeIgniter\CodeIgniter->runController(Object(App\Controllers\NomineeInfo))
 8 SYSTEMPATH/CodeIgniter.php(361): CodeIgniter\CodeIgniter->handleRequest(null, Object(Config\Cache), false)
 9 FCPATH/index.php(79): CodeIgniter\CodeIgniter->run()
CRITICAL - 2024-05-22 10:29:38 --> foreach() argument must be of type array|object, string given
in APPPATH/Views/nomineeinfo/edit.php on line 117.
 1 APPPATH/Views/nomineeinfo/edit.php(117): CodeIgniter\Debug\Exceptions->errorHandler(2, 'foreach() argument must be of type array|object, string given', '/home/freelance/public_html/digitalflow/app/Views/nomineeinfo/edit.php', 117)
 2 SYSTEMPATH/View/View.php(228): include('/home/freelance/public_html/digitalflow/app/Views/nomineeinfo/edit.php')
 3 SYSTEMPATH/View/View.php(231): CodeIgniter\View\View->CodeIgniter\View\{closure}()
 4 SYSTEMPATH/Common.php(1190): CodeIgniter\View\View->render('nomineeinfo/edit', [], true)
 5 APPPATH/Controllers/NomineeInfo.php(211): view('nomineeinfo/edit', [...])
 6 SYSTEMPATH/CodeIgniter.php(942): App\Controllers\NomineeInfo->edit('VFZSQlBRPT0=')
 7 SYSTEMPATH/CodeIgniter.php(502): CodeIgniter\CodeIgniter->runController(Object(App\Controllers\NomineeInfo))
 8 SYSTEMPATH/CodeIgniter.php(361): CodeIgniter\CodeIgniter->handleRequest(null, Object(Config\Cache), false)
 9 FCPATH/index.php(79): CodeIgniter\CodeIgniter->run()
CRITICAL - 2024-05-22 10:29:40 --> foreach() argument must be of type array|object, string given
in APPPATH/Views/nomineeinfo/edit.php on line 117.
 1 APPPATH/Views/nomineeinfo/edit.php(117): CodeIgniter\Debug\Exceptions->errorHandler(2, 'foreach() argument must be of type array|object, string given', '/home/freelance/public_html/digitalflow/app/Views/nomineeinfo/edit.php', 117)
 2 SYSTEMPATH/View/View.php(228): include('/home/freelance/public_html/digitalflow/app/Views/nomineeinfo/edit.php')
 3 SYSTEMPATH/View/View.php(231): CodeIgniter\View\View->CodeIgniter\View\{closure}()
 4 SYSTEMPATH/Common.php(1190): CodeIgniter\View\View->render('nomineeinfo/edit', [], true)
 5 APPPATH/Controllers/NomineeInfo.php(211): view('nomineeinfo/edit', [...])
 6 SYSTEMPATH/CodeIgniter.php(942): App\Controllers\NomineeInfo->edit('VFZSQlBRPT0=')
 7 SYSTEMPATH/CodeIgniter.php(502): CodeIgniter\CodeIgniter->runController(Object(App\Controllers\NomineeInfo))
 8 SYSTEMPATH/CodeIgniter.php(361): CodeIgniter\CodeIgniter->handleRequest(null, Object(Config\Cache), false)
 9 FCPATH/index.php(79): CodeIgniter\CodeIgniter->run()
CRITICAL - 2024-05-22 10:29:40 --> foreach() argument must be of type array|object, string given
in APPPATH/Views/nomineeinfo/edit.php on line 117.
 1 APPPATH/Views/nomineeinfo/edit.php(117): CodeIgniter\Debug\Exceptions->errorHandler(2, 'foreach() argument must be of type array|object, string given', '/home/freelance/public_html/digitalflow/app/Views/nomineeinfo/edit.php', 117)
 2 SYSTEMPATH/View/View.php(228): include('/home/freelance/public_html/digitalflow/app/Views/nomineeinfo/edit.php')
 3 SYSTEMPATH/View/View.php(231): CodeIgniter\View\View->CodeIgniter\View\{closure}()
 4 SYSTEMPATH/Common.php(1190): CodeIgniter\View\View->render('nomineeinfo/edit', [], true)
 5 APPPATH/Controllers/NomineeInfo.php(211): view('nomineeinfo/edit', [...])
 6 SYSTEMPATH/CodeIgniter.php(942): App\Controllers\NomineeInfo->edit('VFZSQlBRPT0=')
 7 SYSTEMPATH/CodeIgniter.php(502): CodeIgniter\CodeIgniter->runController(Object(App\Controllers\NomineeInfo))
 8 SYSTEMPATH/CodeIgniter.php(361): CodeIgniter\CodeIgniter->handleRequest(null, Object(Config\Cache), false)
 9 FCPATH/index.php(79): CodeIgniter\CodeIgniter->run()
CRITICAL - 2024-05-22 10:29:57 --> foreach() argument must be of type array|object, string given
in APPPATH/Views/nomineeinfo/edit.php on line 117.
 1 APPPATH/Views/nomineeinfo/edit.php(117): CodeIgniter\Debug\Exceptions->errorHandler(2, 'foreach() argument must be of type array|object, string given', '/home/freelance/public_html/digitalflow/app/Views/nomineeinfo/edit.php', 117)
 2 SYSTEMPATH/View/View.php(228): include('/home/freelance/public_html/digitalflow/app/Views/nomineeinfo/edit.php')
 3 SYSTEMPATH/View/View.php(231): CodeIgniter\View\View->CodeIgniter\View\{closure}()
 4 SYSTEMPATH/Common.php(1190): CodeIgniter\View\View->render('nomineeinfo/edit', [], true)
 5 APPPATH/Controllers/NomineeInfo.php(211): view('nomineeinfo/edit', [...])
 6 SYSTEMPATH/CodeIgniter.php(942): App\Controllers\NomineeInfo->edit('VFZSQlBRPT0=')
 7 SYSTEMPATH/CodeIgniter.php(502): CodeIgniter\CodeIgniter->runController(Object(App\Controllers\NomineeInfo))
 8 SYSTEMPATH/CodeIgniter.php(361): CodeIgniter\CodeIgniter->handleRequest(null, Object(Config\Cache), false)
 9 FCPATH/index.php(79): CodeIgniter\CodeIgniter->run()
CRITICAL - 2024-05-22 10:29:58 --> foreach() argument must be of type array|object, string given
in APPPATH/Views/nomineeinfo/edit.php on line 117.
 1 APPPATH/Views/nomineeinfo/edit.php(117): CodeIgniter\Debug\Exceptions->errorHandler(2, 'foreach() argument must be of type array|object, string given', '/home/freelance/public_html/digitalflow/app/Views/nomineeinfo/edit.php', 117)
 2 SYSTEMPATH/View/View.php(228): include('/home/freelance/public_html/digitalflow/app/Views/nomineeinfo/edit.php')
 3 SYSTEMPATH/View/View.php(231): CodeIgniter\View\View->CodeIgniter\View\{closure}()
 4 SYSTEMPATH/Common.php(1190): CodeIgniter\View\View->render('nomineeinfo/edit', [], true)
 5 APPPATH/Controllers/NomineeInfo.php(211): view('nomineeinfo/edit', [...])
 6 SYSTEMPATH/CodeIgniter.php(942): App\Controllers\NomineeInfo->edit('VFZSQlBRPT0=')
 7 SYSTEMPATH/CodeIgniter.php(502): CodeIgniter\CodeIgniter->runController(Object(App\Controllers\NomineeInfo))
 8 SYSTEMPATH/CodeIgniter.php(361): CodeIgniter\CodeIgniter->handleRequest(null, Object(Config\Cache), false)
 9 FCPATH/index.php(79): CodeIgniter\CodeIgniter->run()
CRITICAL - 2024-05-22 10:30:35 --> Undefined array key "nominee_info_name"
in APPPATH/Views/nomineeinfo/edit.php on line 113.
 1 APPPATH/Views/nomineeinfo/edit.php(113): CodeIgniter\Debug\Exceptions->errorHandler(2, 'Undefined array key "nominee_info_name"', '/home/freelance/public_html/digitalflow/app/Views/nomineeinfo/edit.php', 113)
 2 SYSTEMPATH/View/View.php(228): include('/home/freelance/public_html/digitalflow/app/Views/nomineeinfo/edit.php')
 3 SYSTEMPATH/View/View.php(231): CodeIgniter\View\View->CodeIgniter\View\{closure}()
 4 SYSTEMPATH/Common.php(1190): CodeIgniter\View\View->render('nomineeinfo/edit', [], true)
 5 APPPATH/Controllers/NomineeInfo.php(211): view('nomineeinfo/edit', [...])
 6 SYSTEMPATH/CodeIgniter.php(942): App\Controllers\NomineeInfo->edit('VFZSQlBRPT0=')
 7 SYSTEMPATH/CodeIgniter.php(502): CodeIgniter\CodeIgniter->runController(Object(App\Controllers\NomineeInfo))
 8 SYSTEMPATH/CodeIgniter.php(361): CodeIgniter\CodeIgniter->handleRequest(null, Object(Config\Cache), false)
 9 FCPATH/index.php(79): CodeIgniter\CodeIgniter->run()
CRITICAL - 2024-05-22 10:30:48 --> Cannot use object of type stdClass as array
in APPPATH/Views/nomineeinfo/edit.php on line 113.
 1 SYSTEMPATH/View/View.php(228): include()
 2 SYSTEMPATH/View/View.php(231): CodeIgniter\View\View->CodeIgniter\View\{closure}()
 3 SYSTEMPATH/Common.php(1190): CodeIgniter\View\View->render('nomineeinfo/edit', [], true)
 4 APPPATH/Controllers/NomineeInfo.php(211): view('nomineeinfo/edit', [...])
 5 SYSTEMPATH/CodeIgniter.php(942): App\Controllers\NomineeInfo->edit('VFZSQlBRPT0=')
 6 SYSTEMPATH/CodeIgniter.php(502): CodeIgniter\CodeIgniter->runController(Object(App\Controllers\NomineeInfo))
 7 SYSTEMPATH/CodeIgniter.php(361): CodeIgniter\CodeIgniter->handleRequest(null, Object(Config\Cache), false)
 8 FCPATH/index.php(79): CodeIgniter\CodeIgniter->run()
CRITICAL - 2024-05-22 10:31:53 --> Undefined array key "nominee_info_name"
in APPPATH/Views/nomineeinfo/edit.php on line 113.
 1 APPPATH/Views/nomineeinfo/edit.php(113): CodeIgniter\Debug\Exceptions->errorHandler(2, 'Undefined array key "nominee_info_name"', '/home/freelance/public_html/digitalflow/app/Views/nomineeinfo/edit.php', 113)
 2 SYSTEMPATH/View/View.php(228): include('/home/freelance/public_html/digitalflow/app/Views/nomineeinfo/edit.php')
 3 SYSTEMPATH/View/View.php(231): CodeIgniter\View\View->CodeIgniter\View\{closure}()
 4 SYSTEMPATH/Common.php(1190): CodeIgniter\View\View->render('nomineeinfo/edit', [], true)
 5 APPPATH/Controllers/NomineeInfo.php(211): view('nomineeinfo/edit', [...])
 6 SYSTEMPATH/CodeIgniter.php(942): App\Controllers\NomineeInfo->edit('VFZSQlBRPT0=')
 7 SYSTEMPATH/CodeIgniter.php(502): CodeIgniter\CodeIgniter->runController(Object(App\Controllers\NomineeInfo))
 8 SYSTEMPATH/CodeIgniter.php(361): CodeIgniter\CodeIgniter->handleRequest(null, Object(Config\Cache), false)
 9 FCPATH/index.php(79): CodeIgniter\CodeIgniter->run()
CRITICAL - 2024-05-22 10:32:22 --> Undefined array key "nominee_info_name"
in APPPATH/Views/nomineeinfo/edit.php on line 113.
 1 APPPATH/Views/nomineeinfo/edit.php(113): CodeIgniter\Debug\Exceptions->errorHandler(2, 'Undefined array key "nominee_info_name"', '/home/freelance/public_html/digitalflow/app/Views/nomineeinfo/edit.php', 113)
 2 SYSTEMPATH/View/View.php(228): include('/home/freelance/public_html/digitalflow/app/Views/nomineeinfo/edit.php')
 3 SYSTEMPATH/View/View.php(231): CodeIgniter\View\View->CodeIgniter\View\{closure}()
 4 SYSTEMPATH/Common.php(1190): CodeIgniter\View\View->render('nomineeinfo/edit', [], true)
 5 APPPATH/Controllers/NomineeInfo.php(211): view('nomineeinfo/edit', [...])
 6 SYSTEMPATH/CodeIgniter.php(942): App\Controllers\NomineeInfo->edit('VFZSQlBRPT0=')
 7 SYSTEMPATH/CodeIgniter.php(502): CodeIgniter\CodeIgniter->runController(Object(App\Controllers\NomineeInfo))
 8 SYSTEMPATH/CodeIgniter.php(361): CodeIgniter\CodeIgniter->handleRequest(null, Object(Config\Cache), false)
 9 FCPATH/index.php(79): CodeIgniter\CodeIgniter->run()
CRITICAL - 2024-05-22 10:32:54 --> Attempt to read property "nominee_info_name" on array
in APPPATH/Views/nomineeinfo/edit.php on line 113.
 1 APPPATH/Views/nomineeinfo/edit.php(113): CodeIgniter\Debug\Exceptions->errorHandler(2, 'Attempt to read property "nominee_info_name" on array', '/home/freelance/public_html/digitalflow/app/Views/nomineeinfo/edit.php', 113)
 2 SYSTEMPATH/View/View.php(228): include('/home/freelance/public_html/digitalflow/app/Views/nomineeinfo/edit.php')
 3 SYSTEMPATH/View/View.php(231): CodeIgniter\View\View->CodeIgniter\View\{closure}()
 4 SYSTEMPATH/Common.php(1190): CodeIgniter\View\View->render('nomineeinfo/edit', [], true)
 5 APPPATH/Controllers/NomineeInfo.php(211): view('nomineeinfo/edit', [...])
 6 SYSTEMPATH/CodeIgniter.php(942): App\Controllers\NomineeInfo->edit('VFZSQlBRPT0=')
 7 SYSTEMPATH/CodeIgniter.php(502): CodeIgniter\CodeIgniter->runController(Object(App\Controllers\NomineeInfo))
 8 SYSTEMPATH/CodeIgniter.php(361): CodeIgniter\CodeIgniter->handleRequest(null, Object(Config\Cache), false)
 9 FCPATH/index.php(79): CodeIgniter\CodeIgniter->run()
CRITICAL - 2024-05-22 10:33:28 --> foreach() argument must be of type array|object, string given
in APPPATH/Views/nomineeinfo/edit.php on line 117.
 1 APPPATH/Views/nomineeinfo/edit.php(117): CodeIgniter\Debug\Exceptions->errorHandler(2, 'foreach() argument must be of type array|object, string given', '/home/freelance/public_html/digitalflow/app/Views/nomineeinfo/edit.php', 117)
 2 SYSTEMPATH/View/View.php(228): include('/home/freelance/public_html/digitalflow/app/Views/nomineeinfo/edit.php')
 3 SYSTEMPATH/View/View.php(231): CodeIgniter\View\View->CodeIgniter\View\{closure}()
 4 SYSTEMPATH/Common.php(1190): CodeIgniter\View\View->render('nomineeinfo/edit', [], true)
 5 APPPATH/Controllers/NomineeInfo.php(211): view('nomineeinfo/edit', [...])
 6 SYSTEMPATH/CodeIgniter.php(942): App\Controllers\NomineeInfo->edit('VFZSQlBRPT0=')
 7 SYSTEMPATH/CodeIgniter.php(502): CodeIgniter\CodeIgniter->runController(Object(App\Controllers\NomineeInfo))
 8 SYSTEMPATH/CodeIgniter.php(361): CodeIgniter\CodeIgniter->handleRequest(null, Object(Config\Cache), false)
 9 FCPATH/index.php(79): CodeIgniter\CodeIgniter->run()
CRITICAL - 2024-05-22 10:33:43 --> foreach() argument must be of type array|object, string given
in APPPATH/Views/nomineeinfo/edit.php on line 117.
 1 APPPATH/Views/nomineeinfo/edit.php(117): CodeIgniter\Debug\Exceptions->errorHandler(2, 'foreach() argument must be of type array|object, string given', '/home/freelance/public_html/digitalflow/app/Views/nomineeinfo/edit.php', 117)
 2 SYSTEMPATH/View/View.php(228): include('/home/freelance/public_html/digitalflow/app/Views/nomineeinfo/edit.php')
 3 SYSTEMPATH/View/View.php(231): CodeIgniter\View\View->CodeIgniter\View\{closure}()
 4 SYSTEMPATH/Common.php(1190): CodeIgniter\View\View->render('nomineeinfo/edit', [], true)
 5 APPPATH/Controllers/NomineeInfo.php(211): view('nomineeinfo/edit', [...])
 6 SYSTEMPATH/CodeIgniter.php(942): App\Controllers\NomineeInfo->edit('VFZSQlBRPT0=')
 7 SYSTEMPATH/CodeIgniter.php(502): CodeIgniter\CodeIgniter->runController(Object(App\Controllers\NomineeInfo))
 8 SYSTEMPATH/CodeIgniter.php(361): CodeIgniter\CodeIgniter->handleRequest(null, Object(Config\Cache), false)
 9 FCPATH/index.php(79): CodeIgniter\CodeIgniter->run()
CRITICAL - 2024-05-22 10:34:00 --> Undefined variable $list
in APPPATH/Views/nomineeinfo/edit.php on line 117.
 1 APPPATH/Views/nomineeinfo/edit.php(117): CodeIgniter\Debug\Exceptions->errorHandler(2, 'Undefined variable $list', '/home/freelance/public_html/digitalflow/app/Views/nomineeinfo/edit.php', 117)
 2 SYSTEMPATH/View/View.php(228): include('/home/freelance/public_html/digitalflow/app/Views/nomineeinfo/edit.php')
 3 SYSTEMPATH/View/View.php(231): CodeIgniter\View\View->CodeIgniter\View\{closure}()
 4 SYSTEMPATH/Common.php(1190): CodeIgniter\View\View->render('nomineeinfo/edit', [], true)
 5 APPPATH/Controllers/NomineeInfo.php(211): view('nomineeinfo/edit', [...])
 6 SYSTEMPATH/CodeIgniter.php(942): App\Controllers\NomineeInfo->edit('VFZSQlBRPT0=')
 7 SYSTEMPATH/CodeIgniter.php(502): CodeIgniter\CodeIgniter->runController(Object(App\Controllers\NomineeInfo))
 8 SYSTEMPATH/CodeIgniter.php(361): CodeIgniter\CodeIgniter->handleRequest(null, Object(Config\Cache), false)
 9 FCPATH/index.php(79): CodeIgniter\CodeIgniter->run()
CRITICAL - 2024-05-22 10:40:52 --> Undefined property: stdClass::$nominee_info_address
in APPPATH/Views/nomineeinfo/edit.php on line 124.
 1 APPPATH/Views/nomineeinfo/edit.php(124): CodeIgniter\Debug\Exceptions->errorHandler(2, 'Undefined property: stdClass::$nominee_info_address', '/home/freelance/public_html/digitalflow/app/Views/nomineeinfo/edit.php', 124)
 2 SYSTEMPATH/View/View.php(228): include('/home/freelance/public_html/digitalflow/app/Views/nomineeinfo/edit.php')
 3 SYSTEMPATH/View/View.php(231): CodeIgniter\View\View->CodeIgniter\View\{closure}()
 4 SYSTEMPATH/Common.php(1190): CodeIgniter\View\View->render('nomineeinfo/edit', [], true)
 5 APPPATH/Controllers/NomineeInfo.php(211): view('nomineeinfo/edit', [...])
 6 SYSTEMPATH/CodeIgniter.php(942): App\Controllers\NomineeInfo->edit('VFZSQlBRPT0=')
 7 SYSTEMPATH/CodeIgniter.php(502): CodeIgniter\CodeIgniter->runController(Object(App\Controllers\NomineeInfo))
 8 SYSTEMPATH/CodeIgniter.php(361): CodeIgniter\CodeIgniter->handleRequest(null, Object(Config\Cache), false)
 9 FCPATH/index.php(79): CodeIgniter\CodeIgniter->run()
CRITICAL - 2024-05-22 10:46:44 --> Undefined variable $data
in APPPATH/Views/nomineeinfo/edit.php on line 117.
 1 APPPATH/Views/nomineeinfo/edit.php(117): CodeIgniter\Debug\Exceptions->errorHandler(2, 'Undefined variable $data', '/home/freelance/public_html/digitalflow/app/Views/nomineeinfo/edit.php', 117)
 2 SYSTEMPATH/View/View.php(228): include('/home/freelance/public_html/digitalflow/app/Views/nomineeinfo/edit.php')
 3 SYSTEMPATH/View/View.php(231): CodeIgniter\View\View->CodeIgniter\View\{closure}()
 4 SYSTEMPATH/Common.php(1190): CodeIgniter\View\View->render('nomineeinfo/edit', [], true)
 5 APPPATH/Controllers/NomineeInfo.php(211): view('nomineeinfo/edit', [...])
 6 SYSTEMPATH/CodeIgniter.php(942): App\Controllers\NomineeInfo->edit('VFZSQlBRPT0=')
 7 SYSTEMPATH/CodeIgniter.php(502): CodeIgniter\CodeIgniter->runController(Object(App\Controllers\NomineeInfo))
 8 SYSTEMPATH/CodeIgniter.php(361): CodeIgniter\CodeIgniter->handleRequest(null, Object(Config\Cache), false)
 9 FCPATH/index.php(79): CodeIgniter\CodeIgniter->run()
CRITICAL - 2024-05-22 10:47:13 --> Cannot use object of type stdClass as array
in APPPATH/Views/nomineeinfo/edit.php on line 124.
 1 SYSTEMPATH/View/View.php(228): include()
 2 SYSTEMPATH/View/View.php(231): CodeIgniter\View\View->CodeIgniter\View\{closure}()
 3 SYSTEMPATH/Common.php(1190): CodeIgniter\View\View->render('nomineeinfo/edit', [], true)
 4 APPPATH/Controllers/NomineeInfo.php(211): view('nomineeinfo/edit', [...])
 5 SYSTEMPATH/CodeIgniter.php(942): App\Controllers\NomineeInfo->edit('VFZSQlBRPT0=')
 6 SYSTEMPATH/CodeIgniter.php(502): CodeIgniter\CodeIgniter->runController(Object(App\Controllers\NomineeInfo))
 7 SYSTEMPATH/CodeIgniter.php(361): CodeIgniter\CodeIgniter->handleRequest(null, Object(Config\Cache), false)
 8 FCPATH/index.php(79): CodeIgniter\CodeIgniter->run()
CRITICAL - 2024-05-22 10:50:07 --> Undefined property: stdClass::$nominee_info_address
in APPPATH/Views/nomineeinfo/edit.php on line 124.
 1 APPPATH/Views/nomineeinfo/edit.php(124): CodeIgniter\Debug\Exceptions->errorHandler(2, 'Undefined property: stdClass::$nominee_info_address', '/home/freelance/public_html/digitalflow/app/Views/nomineeinfo/edit.php', 124)
 2 SYSTEMPATH/View/View.php(228): include('/home/freelance/public_html/digitalflow/app/Views/nomineeinfo/edit.php')
 3 SYSTEMPATH/View/View.php(231): CodeIgniter\View\View->CodeIgniter\View\{closure}()
 4 SYSTEMPATH/Common.php(1190): CodeIgniter\View\View->render('nomineeinfo/edit', [], true)
 5 APPPATH/Controllers/NomineeInfo.php(211): view('nomineeinfo/edit', [...])
 6 SYSTEMPATH/CodeIgniter.php(942): App\Controllers\NomineeInfo->edit('VFZSQlBRPT0=')
 7 SYSTEMPATH/CodeIgniter.php(502): CodeIgniter\CodeIgniter->runController(Object(App\Controllers\NomineeInfo))
 8 SYSTEMPATH/CodeIgniter.php(361): CodeIgniter\CodeIgniter->handleRequest(null, Object(Config\Cache), false)
 9 FCPATH/index.php(79): CodeIgniter\CodeIgniter->run()
CRITICAL - 2024-05-22 10:52:51 --> Object of class stdClass could not be converted to string
in APPPATH/Views/nomineeinfo/edit.php on line 115.
 1 SYSTEMPATH/View/View.php(228): include()
 2 SYSTEMPATH/View/View.php(231): CodeIgniter\View\View->CodeIgniter\View\{closure}()
 3 SYSTEMPATH/Common.php(1190): CodeIgniter\View\View->render('nomineeinfo/edit', [], true)
 4 APPPATH/Controllers/NomineeInfo.php(211): view('nomineeinfo/edit', [...])
 5 SYSTEMPATH/CodeIgniter.php(942): App\Controllers\NomineeInfo->edit('VFZSQlBRPT0=')
 6 SYSTEMPATH/CodeIgniter.php(502): CodeIgniter\CodeIgniter->runController(Object(App\Controllers\NomineeInfo))
 7 SYSTEMPATH/CodeIgniter.php(361): CodeIgniter\CodeIgniter->handleRequest(null, Object(Config\Cache), false)
 8 FCPATH/index.php(79): CodeIgniter\CodeIgniter->run()
CRITICAL - 2024-05-22 11:00:51 --> json_decode(): Argument #1 ($json) must be of type string, array given
in APPPATH/Views/nomineeinfo/edit.php on line 113.
 1 APPPATH/Views/nomineeinfo/edit.php(113): json_decode([...])
 2 SYSTEMPATH/View/View.php(228): include('/home/freelance/public_html/digitalflow/app/Views/nomineeinfo/edit.php')
 3 SYSTEMPATH/View/View.php(231): CodeIgniter\View\View->CodeIgniter\View\{closure}()
 4 SYSTEMPATH/Common.php(1190): CodeIgniter\View\View->render('nomineeinfo/edit', [], true)
 5 APPPATH/Controllers/NomineeInfo.php(211): view('nomineeinfo/edit', [...])
 6 SYSTEMPATH/CodeIgniter.php(942): App\Controllers\NomineeInfo->edit('VFZSQlBRPT0=')
 7 SYSTEMPATH/CodeIgniter.php(502): CodeIgniter\CodeIgniter->runController(Object(App\Controllers\NomineeInfo))
 8 SYSTEMPATH/CodeIgniter.php(361): CodeIgniter\CodeIgniter->handleRequest(null, Object(Config\Cache), false)
 9 FCPATH/index.php(79): CodeIgniter\CodeIgniter->run()
CRITICAL - 2024-05-22 11:01:12 --> json_decode(): Argument #1 ($json) must be of type string, array given
in APPPATH/Views/nomineeinfo/edit.php on line 113.
 1 APPPATH/Views/nomineeinfo/edit.php(113): json_decode([...])
 2 SYSTEMPATH/View/View.php(228): include('/home/freelance/public_html/digitalflow/app/Views/nomineeinfo/edit.php')
 3 SYSTEMPATH/View/View.php(231): CodeIgniter\View\View->CodeIgniter\View\{closure}()
 4 SYSTEMPATH/Common.php(1190): CodeIgniter\View\View->render('nomineeinfo/edit', [], true)
 5 APPPATH/Controllers/NomineeInfo.php(211): view('nomineeinfo/edit', [...])
 6 SYSTEMPATH/CodeIgniter.php(942): App\Controllers\NomineeInfo->edit('VFZSQlBRPT0=')
 7 SYSTEMPATH/CodeIgniter.php(502): CodeIgniter\CodeIgniter->runController(Object(App\Controllers\NomineeInfo))
 8 SYSTEMPATH/CodeIgniter.php(361): CodeIgniter\CodeIgniter->handleRequest(null, Object(Config\Cache), false)
 9 FCPATH/index.php(79): CodeIgniter\CodeIgniter->run()
CRITICAL - 2024-05-22 11:03:43 --> Cannot access offset of type string on string
in APPPATH/Views/nomineeinfo/edit.php on line 114.
 1 SYSTEMPATH/View/View.php(228): include()
 2 SYSTEMPATH/View/View.php(231): CodeIgniter\View\View->CodeIgniter\View\{closure}()
 3 SYSTEMPATH/Common.php(1190): CodeIgniter\View\View->render('nomineeinfo/edit', [], true)
 4 APPPATH/Controllers/NomineeInfo.php(211): view('nomineeinfo/edit', [...])
 5 SYSTEMPATH/CodeIgniter.php(942): App\Controllers\NomineeInfo->edit('VFZSQlBRPT0=')
 6 SYSTEMPATH/CodeIgniter.php(502): CodeIgniter\CodeIgniter->runController(Object(App\Controllers\NomineeInfo))
 7 SYSTEMPATH/CodeIgniter.php(361): CodeIgniter\CodeIgniter->handleRequest(null, Object(Config\Cache), false)
 8 FCPATH/index.php(79): CodeIgniter\CodeIgniter->run()
CRITICAL - 2024-05-22 11:07:14 --> foreach() argument must be of type array|object, null given
in APPPATH/Views/nomineeinfo/edit.php on line 117.
 1 APPPATH/Views/nomineeinfo/edit.php(117): CodeIgniter\Debug\Exceptions->errorHandler(2, 'foreach() argument must be of type array|object, null given', '/home/freelance/public_html/digitalflow/app/Views/nomineeinfo/edit.php', 117)
 2 SYSTEMPATH/View/View.php(228): include('/home/freelance/public_html/digitalflow/app/Views/nomineeinfo/edit.php')
 3 SYSTEMPATH/View/View.php(231): CodeIgniter\View\View->CodeIgniter\View\{closure}()
 4 SYSTEMPATH/Common.php(1190): CodeIgniter\View\View->render('nomineeinfo/edit', [], true)
 5 APPPATH/Controllers/NomineeInfo.php(211): view('nomineeinfo/edit', [...])
 6 SYSTEMPATH/CodeIgniter.php(942): App\Controllers\NomineeInfo->edit('VFZSRlBRPT0=')
 7 SYSTEMPATH/CodeIgniter.php(502): CodeIgniter\CodeIgniter->runController(Object(App\Controllers\NomineeInfo))
 8 SYSTEMPATH/CodeIgniter.php(361): CodeIgniter\CodeIgniter->handleRequest(null, Object(Config\Cache), false)
 9 FCPATH/index.php(79): CodeIgniter\CodeIgniter->run()
CRITICAL - 2024-05-22 11:08:04 --> foreach() argument must be of type array|object, null given
in APPPATH/Views/nomineeinfo/edit.php on line 117.
 1 APPPATH/Views/nomineeinfo/edit.php(117): CodeIgniter\Debug\Exceptions->errorHandler(2, 'foreach() argument must be of type array|object, null given', '/home/freelance/public_html/digitalflow/app/Views/nomineeinfo/edit.php', 117)
 2 SYSTEMPATH/View/View.php(228): include('/home/freelance/public_html/digitalflow/app/Views/nomineeinfo/edit.php')
 3 SYSTEMPATH/View/View.php(231): CodeIgniter\View\View->CodeIgniter\View\{closure}()
 4 SYSTEMPATH/Common.php(1190): CodeIgniter\View\View->render('nomineeinfo/edit', [], true)
 5 APPPATH/Controllers/NomineeInfo.php(211): view('nomineeinfo/edit', [...])
 6 SYSTEMPATH/CodeIgniter.php(942): App\Controllers\NomineeInfo->edit('VFZSRlBRPT0=')
 7 SYSTEMPATH/CodeIgniter.php(502): CodeIgniter\CodeIgniter->runController(Object(App\Controllers\NomineeInfo))
 8 SYSTEMPATH/CodeIgniter.php(361): CodeIgniter\CodeIgniter->handleRequest(null, Object(Config\Cache), false)
 9 FCPATH/index.php(79): CodeIgniter\CodeIgniter->run()
CRITICAL - 2024-05-22 11:08:34 --> foreach() argument must be of type array|object, string given
in APPPATH/Views/nomineeinfo/edit.php on line 117.
 1 APPPATH/Views/nomineeinfo/edit.php(117): CodeIgniter\Debug\Exceptions->errorHandler(2, 'foreach() argument must be of type array|object, string given', '/home/freelance/public_html/digitalflow/app/Views/nomineeinfo/edit.php', 117)
 2 SYSTEMPATH/View/View.php(228): include('/home/freelance/public_html/digitalflow/app/Views/nomineeinfo/edit.php')
 3 SYSTEMPATH/View/View.php(231): CodeIgniter\View\View->CodeIgniter\View\{closure}()
 4 SYSTEMPATH/Common.php(1190): CodeIgniter\View\View->render('nomineeinfo/edit', [], true)
 5 APPPATH/Controllers/NomineeInfo.php(211): view('nomineeinfo/edit', [...])
 6 SYSTEMPATH/CodeIgniter.php(942): App\Controllers\NomineeInfo->edit('VFZSRlBRPT0=')
 7 SYSTEMPATH/CodeIgniter.php(502): CodeIgniter\CodeIgniter->runController(Object(App\Controllers\NomineeInfo))
 8 SYSTEMPATH/CodeIgniter.php(361): CodeIgniter\CodeIgniter->handleRequest(null, Object(Config\Cache), false)
 9 FCPATH/index.php(79): CodeIgniter\CodeIgniter->run()
CRITICAL - 2024-05-22 11:11:54 --> json_decode(): Argument #1 ($json) must be of type string, array given
in APPPATH/Views/nomineeinfo/edit.php on line 113.
 1 APPPATH/Views/nomineeinfo/edit.php(113): json_decode([...])
 2 SYSTEMPATH/View/View.php(228): include('/home/freelance/public_html/digitalflow/app/Views/nomineeinfo/edit.php')
 3 SYSTEMPATH/View/View.php(231): CodeIgniter\View\View->CodeIgniter\View\{closure}()
 4 SYSTEMPATH/Common.php(1190): CodeIgniter\View\View->render('nomineeinfo/edit', [], true)
 5 APPPATH/Controllers/NomineeInfo.php(211): view('nomineeinfo/edit', [...])
 6 SYSTEMPATH/CodeIgniter.php(942): App\Controllers\NomineeInfo->edit('VFZSRlBRPT0=')
 7 SYSTEMPATH/CodeIgniter.php(502): CodeIgniter\CodeIgniter->runController(Object(App\Controllers\NomineeInfo))
 8 SYSTEMPATH/CodeIgniter.php(361): CodeIgniter\CodeIgniter->handleRequest(null, Object(Config\Cache), false)
 9 FCPATH/index.php(79): CodeIgniter\CodeIgniter->run()
CRITICAL - 2024-05-22 11:12:06 --> Array to string conversion
in APPPATH/Views/nomineeinfo/edit.php on line 115.
 1 APPPATH/Views/nomineeinfo/edit.php(115): CodeIgniter\Debug\Exceptions->errorHandler(2, 'Array to string conversion', '/home/freelance/public_html/digitalflow/app/Views/nomineeinfo/edit.php', 115)
 2 SYSTEMPATH/View/View.php(228): include('/home/freelance/public_html/digitalflow/app/Views/nomineeinfo/edit.php')
 3 SYSTEMPATH/View/View.php(231): CodeIgniter\View\View->CodeIgniter\View\{closure}()
 4 SYSTEMPATH/Common.php(1190): CodeIgniter\View\View->render('nomineeinfo/edit', [], true)
 5 APPPATH/Controllers/NomineeInfo.php(211): view('nomineeinfo/edit', [...])
 6 SYSTEMPATH/CodeIgniter.php(942): App\Controllers\NomineeInfo->edit('VFZSRlBRPT0=')
 7 SYSTEMPATH/CodeIgniter.php(502): CodeIgniter\CodeIgniter->runController(Object(App\Controllers\NomineeInfo))
 8 SYSTEMPATH/CodeIgniter.php(361): CodeIgniter\CodeIgniter->handleRequest(null, Object(Config\Cache), false)
 9 FCPATH/index.php(79): CodeIgniter\CodeIgniter->run()
CRITICAL - 2024-05-22 11:13:46 --> Array to string conversion
in APPPATH/Views/nomineeinfo/edit.php on line 115.
 1 APPPATH/Views/nomineeinfo/edit.php(115): CodeIgniter\Debug\Exceptions->errorHandler(2, 'Array to string conversion', '/home/freelance/public_html/digitalflow/app/Views/nomineeinfo/edit.php', 115)
 2 SYSTEMPATH/View/View.php(228): include('/home/freelance/public_html/digitalflow/app/Views/nomineeinfo/edit.php')
 3 SYSTEMPATH/View/View.php(231): CodeIgniter\View\View->CodeIgniter\View\{closure}()
 4 SYSTEMPATH/Common.php(1190): CodeIgniter\View\View->render('nomineeinfo/edit', [], true)
 5 APPPATH/Controllers/NomineeInfo.php(211): view('nomineeinfo/edit', [...])
 6 SYSTEMPATH/CodeIgniter.php(942): App\Controllers\NomineeInfo->edit('VFZSRlBRPT0=')
 7 SYSTEMPATH/CodeIgniter.php(502): CodeIgniter\CodeIgniter->runController(Object(App\Controllers\NomineeInfo))
 8 SYSTEMPATH/CodeIgniter.php(361): CodeIgniter\CodeIgniter->handleRequest(null, Object(Config\Cache), false)
 9 FCPATH/index.php(79): CodeIgniter\CodeIgniter->run()
CRITICAL - 2024-05-22 11:19:55 --> Undefined array key 1
in APPPATH/Views/nomineeinfo/edit.php on line 118.
 1 APPPATH/Views/nomineeinfo/edit.php(118): CodeIgniter\Debug\Exceptions->errorHandler(2, 'Undefined array key 1', '/home/freelance/public_html/digitalflow/app/Views/nomineeinfo/edit.php', 118)
 2 SYSTEMPATH/View/View.php(228): include('/home/freelance/public_html/digitalflow/app/Views/nomineeinfo/edit.php')
 3 SYSTEMPATH/View/View.php(231): CodeIgniter\View\View->CodeIgniter\View\{closure}()
 4 SYSTEMPATH/Common.php(1190): CodeIgniter\View\View->render('nomineeinfo/edit', [], true)
 5 APPPATH/Controllers/NomineeInfo.php(211): view('nomineeinfo/edit', [...])
 6 SYSTEMPATH/CodeIgniter.php(942): App\Controllers\NomineeInfo->edit('VFZSRlBRPT0=')
 7 SYSTEMPATH/CodeIgniter.php(502): CodeIgniter\CodeIgniter->runController(Object(App\Controllers\NomineeInfo))
 8 SYSTEMPATH/CodeIgniter.php(361): CodeIgniter\CodeIgniter->handleRequest(null, Object(Config\Cache), false)
 9 FCPATH/index.php(79): CodeIgniter\CodeIgniter->run()
CRITICAL - 2024-05-22 11:20:01 --> Undefined array key 1
in APPPATH/Views/nomineeinfo/edit.php on line 118.
 1 APPPATH/Views/nomineeinfo/edit.php(118): CodeIgniter\Debug\Exceptions->errorHandler(2, 'Undefined array key 1', '/home/freelance/public_html/digitalflow/app/Views/nomineeinfo/edit.php', 118)
 2 SYSTEMPATH/View/View.php(228): include('/home/freelance/public_html/digitalflow/app/Views/nomineeinfo/edit.php')
 3 SYSTEMPATH/View/View.php(231): CodeIgniter\View\View->CodeIgniter\View\{closure}()
 4 SYSTEMPATH/Common.php(1190): CodeIgniter\View\View->render('nomineeinfo/edit', [], true)
 5 APPPATH/Controllers/NomineeInfo.php(211): view('nomineeinfo/edit', [...])
 6 SYSTEMPATH/CodeIgniter.php(942): App\Controllers\NomineeInfo->edit('VFZSRlBRPT0=')
 7 SYSTEMPATH/CodeIgniter.php(502): CodeIgniter\CodeIgniter->runController(Object(App\Controllers\NomineeInfo))
 8 SYSTEMPATH/CodeIgniter.php(361): CodeIgniter\CodeIgniter->handleRequest(null, Object(Config\Cache), false)
 9 FCPATH/index.php(79): CodeIgniter\CodeIgniter->run()
CRITICAL - 2024-05-22 11:20:55 --> Undefined array key 1
in APPPATH/Views/nomineeinfo/edit.php on line 118.
 1 APPPATH/Views/nomineeinfo/edit.php(118): CodeIgniter\Debug\Exceptions->errorHandler(2, 'Undefined array key 1', '/home/freelance/public_html/digitalflow/app/Views/nomineeinfo/edit.php', 118)
 2 SYSTEMPATH/View/View.php(228): include('/home/freelance/public_html/digitalflow/app/Views/nomineeinfo/edit.php')
 3 SYSTEMPATH/View/View.php(231): CodeIgniter\View\View->CodeIgniter\View\{closure}()
 4 SYSTEMPATH/Common.php(1190): CodeIgniter\View\View->render('nomineeinfo/edit', [], true)
 5 APPPATH/Controllers/NomineeInfo.php(211): view('nomineeinfo/edit', [...])
 6 SYSTEMPATH/CodeIgniter.php(942): App\Controllers\NomineeInfo->edit('VFZSRlBRPT0=')
 7 SYSTEMPATH/CodeIgniter.php(502): CodeIgniter\CodeIgniter->runController(Object(App\Controllers\NomineeInfo))
 8 SYSTEMPATH/CodeIgniter.php(361): CodeIgniter\CodeIgniter->handleRequest(null, Object(Config\Cache), false)
 9 FCPATH/index.php(79): CodeIgniter\CodeIgniter->run()
CRITICAL - 2024-05-22 11:21:00 --> Undefined array key 1
in APPPATH/Views/nomineeinfo/edit.php on line 118.
 1 APPPATH/Views/nomineeinfo/edit.php(118): CodeIgniter\Debug\Exceptions->errorHandler(2, 'Undefined array key 1', '/home/freelance/public_html/digitalflow/app/Views/nomineeinfo/edit.php', 118)
 2 SYSTEMPATH/View/View.php(228): include('/home/freelance/public_html/digitalflow/app/Views/nomineeinfo/edit.php')
 3 SYSTEMPATH/View/View.php(231): CodeIgniter\View\View->CodeIgniter\View\{closure}()
 4 SYSTEMPATH/Common.php(1190): CodeIgniter\View\View->render('nomineeinfo/edit', [], true)
 5 APPPATH/Controllers/NomineeInfo.php(211): view('nomineeinfo/edit', [...])
 6 SYSTEMPATH/CodeIgniter.php(942): App\Controllers\NomineeInfo->edit('VFZSRlBRPT0=')
 7 SYSTEMPATH/CodeIgniter.php(502): CodeIgniter\CodeIgniter->runController(Object(App\Controllers\NomineeInfo))
 8 SYSTEMPATH/CodeIgniter.php(361): CodeIgniter\CodeIgniter->handleRequest(null, Object(Config\Cache), false)
 9 FCPATH/index.php(79): CodeIgniter\CodeIgniter->run()
CRITICAL - 2024-05-22 11:21:09 --> Undefined array key 1
in APPPATH/Views/nomineeinfo/edit.php on line 118.
 1 APPPATH/Views/nomineeinfo/edit.php(118): CodeIgniter\Debug\Exceptions->errorHandler(2, 'Undefined array key 1', '/home/freelance/public_html/digitalflow/app/Views/nomineeinfo/edit.php', 118)
 2 SYSTEMPATH/View/View.php(228): include('/home/freelance/public_html/digitalflow/app/Views/nomineeinfo/edit.php')
 3 SYSTEMPATH/View/View.php(231): CodeIgniter\View\View->CodeIgniter\View\{closure}()
 4 SYSTEMPATH/Common.php(1190): CodeIgniter\View\View->render('nomineeinfo/edit', [], true)
 5 APPPATH/Controllers/NomineeInfo.php(211): view('nomineeinfo/edit', [...])
 6 SYSTEMPATH/CodeIgniter.php(942): App\Controllers\NomineeInfo->edit('VFZSRlBRPT0=')
 7 SYSTEMPATH/CodeIgniter.php(502): CodeIgniter\CodeIgniter->runController(Object(App\Controllers\NomineeInfo))
 8 SYSTEMPATH/CodeIgniter.php(361): CodeIgniter\CodeIgniter->handleRequest(null, Object(Config\Cache), false)
 9 FCPATH/index.php(79): CodeIgniter\CodeIgniter->run()
CRITICAL - 2024-05-22 11:22:09 --> Undefined array key 1
in APPPATH/Views/nomineeinfo/edit.php on line 118.
 1 APPPATH/Views/nomineeinfo/edit.php(118): CodeIgniter\Debug\Exceptions->errorHandler(2, 'Undefined array key 1', '/home/freelance/public_html/digitalflow/app/Views/nomineeinfo/edit.php', 118)
 2 SYSTEMPATH/View/View.php(228): include('/home/freelance/public_html/digitalflow/app/Views/nomineeinfo/edit.php')
 3 SYSTEMPATH/View/View.php(231): CodeIgniter\View\View->CodeIgniter\View\{closure}()
 4 SYSTEMPATH/Common.php(1190): CodeIgniter\View\View->render('nomineeinfo/edit', [], true)
 5 APPPATH/Controllers/NomineeInfo.php(211): view('nomineeinfo/edit', [...])
 6 SYSTEMPATH/CodeIgniter.php(942): App\Controllers\NomineeInfo->edit('VFZSRlBRPT0=')
 7 SYSTEMPATH/CodeIgniter.php(502): CodeIgniter\CodeIgniter->runController(Object(App\Controllers\NomineeInfo))
 8 SYSTEMPATH/CodeIgniter.php(361): CodeIgniter\CodeIgniter->handleRequest(null, Object(Config\Cache), false)
 9 FCPATH/index.php(79): CodeIgniter\CodeIgniter->run()
CRITICAL - 2024-05-22 11:22:57 --> Undefined array key 1
in APPPATH/Views/nomineeinfo/edit.php on line 118.
 1 APPPATH/Views/nomineeinfo/edit.php(118): CodeIgniter\Debug\Exceptions->errorHandler(2, 'Undefined array key 1', '/home/freelance/public_html/digitalflow/app/Views/nomineeinfo/edit.php', 118)
 2 SYSTEMPATH/View/View.php(228): include('/home/freelance/public_html/digitalflow/app/Views/nomineeinfo/edit.php')
 3 SYSTEMPATH/View/View.php(231): CodeIgniter\View\View->CodeIgniter\View\{closure}()
 4 SYSTEMPATH/Common.php(1190): CodeIgniter\View\View->render('nomineeinfo/edit', [], true)
 5 APPPATH/Controllers/NomineeInfo.php(211): view('nomineeinfo/edit', [...])
 6 SYSTEMPATH/CodeIgniter.php(942): App\Controllers\NomineeInfo->edit('VFZSRlBRPT0=')
 7 SYSTEMPATH/CodeIgniter.php(502): CodeIgniter\CodeIgniter->runController(Object(App\Controllers\NomineeInfo))
 8 SYSTEMPATH/CodeIgniter.php(361): CodeIgniter\CodeIgniter->handleRequest(null, Object(Config\Cache), false)
 9 FCPATH/index.php(79): CodeIgniter\CodeIgniter->run()
CRITICAL - 2024-05-22 11:26:33 --> Array to string conversion
in APPPATH/Views/nomineeinfo/edit.php on line 118.
 1 APPPATH/Views/nomineeinfo/edit.php(118): CodeIgniter\Debug\Exceptions->errorHandler(2, 'Array to string conversion', '/home/freelance/public_html/digitalflow/app/Views/nomineeinfo/edit.php', 118)
 2 SYSTEMPATH/View/View.php(228): include('/home/freelance/public_html/digitalflow/app/Views/nomineeinfo/edit.php')
 3 SYSTEMPATH/View/View.php(231): CodeIgniter\View\View->CodeIgniter\View\{closure}()
 4 SYSTEMPATH/Common.php(1190): CodeIgniter\View\View->render('nomineeinfo/edit', [], true)
 5 APPPATH/Controllers/NomineeInfo.php(211): view('nomineeinfo/edit', [...])
 6 SYSTEMPATH/CodeIgniter.php(942): App\Controllers\NomineeInfo->edit('VFZSRlBRPT0=')
 7 SYSTEMPATH/CodeIgniter.php(502): CodeIgniter\CodeIgniter->runController(Object(App\Controllers\NomineeInfo))
 8 SYSTEMPATH/CodeIgniter.php(361): CodeIgniter\CodeIgniter->handleRequest(null, Object(Config\Cache), false)
 9 FCPATH/index.php(79): CodeIgniter\CodeIgniter->run()
