ERROR - 2025-09-10 11:04:05 --> mysqli_sql_exception: Cannot add or update a child row: a foreign key constraint fails (`neuralarcteam_elders_care`.`guest_guardians`, CONSTRAINT `guest_guardians_ibfk_1` FOREIGN KEY (`guest_id`) REFERENCES `guests_personal` (`guest_id`) ON DELETE CASCADE) in /home/neuralarcteam/public_html/advaya.neuralarc.com/system/Database/MySQLi/Connection.php:306
Stack trace:
#0 /home/neuralarcteam/public_html/advaya.neuralarc.com/system/Database/MySQLi/Connection.php(306): mysqli->query('INSERT INTO `gu...', 0)
#1 /home/neuralarcteam/public_html/advaya.neuralarc.com/system/Database/BaseConnection.php(693): CodeIgniter\Database\MySQLi\Connection->execute('INSERT INTO `gu...')
#2 /home/neuralarcteam/public_html/advaya.neuralarc.com/system/Database/BaseConnection.php(607): CodeIgniter\Database\BaseConnection->simpleQuery('INSERT INTO `gu...')
#3 /home/neuralarcteam/public_html/advaya.neuralarc.com/system/Database/BaseBuilder.php(2308): CodeIgniter\Database\BaseConnection->query('INSERT INTO `gu...', Array, false)
#4 /home/neuralarcteam/public_html/advaya.neuralarc.com/system/Model.php(319): CodeIgniter\Database\BaseBuilder->insert()
#5 /home/neuralarcteam/public_html/advaya.neuralarc.com/system/BaseModel.php(788): CodeIgniter\Model->doInsert(Array)
#6 /home/neuralarcteam/public_html/advaya.neuralarc.com/system/Model.php(715): CodeIgniter\BaseModel->insert(Array, true)
#7 /home/neuralarcteam/public_html/advaya.neuralarc.com/app/Controllers/GuestInfo.php(653): CodeIgniter\Model->insert(Array)
#8 /home/neuralarcteam/public_html/advaya.neuralarc.com/app/Controllers/GuestInfo.php(509): App\Controllers\GuestInfo->processGuardians('0', Array)
#9 /home/neuralarcteam/public_html/advaya.neuralarc.com/system/CodeIgniter.php(942): App\Controllers\GuestInfo->update('0')
#10 /home/neuralarcteam/public_html/advaya.neuralarc.com/system/CodeIgniter.php(502): CodeIgniter\CodeIgniter->runController(Object(App\Controllers\GuestInfo))
#11 /home/neuralarcteam/public_html/advaya.neuralarc.com/system/CodeIgniter.php(361): CodeIgniter\CodeIgniter->handleRequest(NULL, Object(Config\Cache), false)
#12 /home/neuralarcteam/public_html/advaya.neuralarc.com/index.php(79): CodeIgniter\CodeIgniter->run()
#13 {main}
CRITICAL - 2025-09-10 11:04:05 --> Cannot add or update a child row: a foreign key constraint fails (`neuralarcteam_elders_care`.`guest_guardians`, CONSTRAINT `guest_guardians_ibfk_1` FOREIGN KEY (`guest_id`) REFERENCES `guests_personal` (`guest_id`) ON DELETE CASCADE)
in SYSTEMPATH/Database/BaseConnection.php on line 647.
 1 SYSTEMPATH/Database/BaseBuilder.php(2308): CodeIgniter\Database\BaseConnection->query('INSERT INTO `guest_guardians` (`guest_id`, `full_name`, `relationship_with_guest`, `contact_number`, `alternate_contact`, `email`, `current_address`, `id_proof`, `updated_on`, `created_on`) VALUES (:guest_id:, :full_name:, :relationship_with_guest:, :contact_number:, :alternate_contact:, :email:, :current_address:, :id_proof:, :updated_on:, :created_on:)', [...], false)
 2 SYSTEMPATH/Model.php(319): CodeIgniter\Database\BaseBuilder->insert()
 3 SYSTEMPATH/BaseModel.php(788): CodeIgniter\Model->doInsert([...])
 4 SYSTEMPATH/Model.php(715): CodeIgniter\BaseModel->insert([...], true)
 5 APPPATH/Controllers/GuestInfo.php(653): CodeIgniter\Model->insert([...])
 6 APPPATH/Controllers/GuestInfo.php(509): App\Controllers\GuestInfo->processGuardians('0', [...])
 7 SYSTEMPATH/CodeIgniter.php(942): App\Controllers\GuestInfo->update('0')
 8 SYSTEMPATH/CodeIgniter.php(502): CodeIgniter\CodeIgniter->runController(Object(App\Controllers\GuestInfo))
 9 SYSTEMPATH/CodeIgniter.php(361): CodeIgniter\CodeIgniter->handleRequest(null, Object(Config\Cache), false)
10 FCPATH/index.php(79): CodeIgniter\CodeIgniter->run()
ERROR - 2025-09-10 11:04:08 --> mysqli_sql_exception: Cannot add or update a child row: a foreign key constraint fails (`neuralarcteam_elders_care`.`guest_guardians`, CONSTRAINT `guest_guardians_ibfk_1` FOREIGN KEY (`guest_id`) REFERENCES `guests_personal` (`guest_id`) ON DELETE CASCADE) in /home/neuralarcteam/public_html/advaya.neuralarc.com/system/Database/MySQLi/Connection.php:306
Stack trace:
#0 /home/neuralarcteam/public_html/advaya.neuralarc.com/system/Database/MySQLi/Connection.php(306): mysqli->query('INSERT INTO `gu...', 0)
#1 /home/neuralarcteam/public_html/advaya.neuralarc.com/system/Database/BaseConnection.php(693): CodeIgniter\Database\MySQLi\Connection->execute('INSERT INTO `gu...')
#2 /home/neuralarcteam/public_html/advaya.neuralarc.com/system/Database/BaseConnection.php(607): CodeIgniter\Database\BaseConnection->simpleQuery('INSERT INTO `gu...')
#3 /home/neuralarcteam/public_html/advaya.neuralarc.com/system/Database/BaseBuilder.php(2308): CodeIgniter\Database\BaseConnection->query('INSERT INTO `gu...', Array, false)
#4 /home/neuralarcteam/public_html/advaya.neuralarc.com/system/Model.php(319): CodeIgniter\Database\BaseBuilder->insert()
#5 /home/neuralarcteam/public_html/advaya.neuralarc.com/system/BaseModel.php(788): CodeIgniter\Model->doInsert(Array)
#6 /home/neuralarcteam/public_html/advaya.neuralarc.com/system/Model.php(715): CodeIgniter\BaseModel->insert(Array, true)
#7 /home/neuralarcteam/public_html/advaya.neuralarc.com/app/Controllers/GuestInfo.php(653): CodeIgniter\Model->insert(Array)
#8 /home/neuralarcteam/public_html/advaya.neuralarc.com/app/Controllers/GuestInfo.php(509): App\Controllers\GuestInfo->processGuardians('0', Array)
#9 /home/neuralarcteam/public_html/advaya.neuralarc.com/system/CodeIgniter.php(942): App\Controllers\GuestInfo->update('0')
#10 /home/neuralarcteam/public_html/advaya.neuralarc.com/system/CodeIgniter.php(502): CodeIgniter\CodeIgniter->runController(Object(App\Controllers\GuestInfo))
#11 /home/neuralarcteam/public_html/advaya.neuralarc.com/system/CodeIgniter.php(361): CodeIgniter\CodeIgniter->handleRequest(NULL, Object(Config\Cache), false)
#12 /home/neuralarcteam/public_html/advaya.neuralarc.com/index.php(79): CodeIgniter\CodeIgniter->run()
#13 {main}
CRITICAL - 2025-09-10 11:04:08 --> Cannot add or update a child row: a foreign key constraint fails (`neuralarcteam_elders_care`.`guest_guardians`, CONSTRAINT `guest_guardians_ibfk_1` FOREIGN KEY (`guest_id`) REFERENCES `guests_personal` (`guest_id`) ON DELETE CASCADE)
in SYSTEMPATH/Database/BaseConnection.php on line 647.
 1 SYSTEMPATH/Database/BaseBuilder.php(2308): CodeIgniter\Database\BaseConnection->query('INSERT INTO `guest_guardians` (`guest_id`, `full_name`, `relationship_with_guest`, `contact_number`, `alternate_contact`, `email`, `current_address`, `id_proof`, `updated_on`, `created_on`) VALUES (:guest_id:, :full_name:, :relationship_with_guest:, :contact_number:, :alternate_contact:, :email:, :current_address:, :id_proof:, :updated_on:, :created_on:)', [...], false)
 2 SYSTEMPATH/Model.php(319): CodeIgniter\Database\BaseBuilder->insert()
 3 SYSTEMPATH/BaseModel.php(788): CodeIgniter\Model->doInsert([...])
 4 SYSTEMPATH/Model.php(715): CodeIgniter\BaseModel->insert([...], true)
 5 APPPATH/Controllers/GuestInfo.php(653): CodeIgniter\Model->insert([...])
 6 APPPATH/Controllers/GuestInfo.php(509): App\Controllers\GuestInfo->processGuardians('0', [...])
 7 SYSTEMPATH/CodeIgniter.php(942): App\Controllers\GuestInfo->update('0')
 8 SYSTEMPATH/CodeIgniter.php(502): CodeIgniter\CodeIgniter->runController(Object(App\Controllers\GuestInfo))
 9 SYSTEMPATH/CodeIgniter.php(361): CodeIgniter\CodeIgniter->handleRequest(null, Object(Config\Cache), false)
10 FCPATH/index.php(79): CodeIgniter\CodeIgniter->run()
ERROR - 2025-09-10 11:04:27 --> mysqli_sql_exception: Cannot add or update a child row: a foreign key constraint fails (`neuralarcteam_elders_care`.`guest_guardians`, CONSTRAINT `guest_guardians_ibfk_1` FOREIGN KEY (`guest_id`) REFERENCES `guests_personal` (`guest_id`) ON DELETE CASCADE) in /home/neuralarcteam/public_html/advaya.neuralarc.com/system/Database/MySQLi/Connection.php:306
Stack trace:
#0 /home/neuralarcteam/public_html/advaya.neuralarc.com/system/Database/MySQLi/Connection.php(306): mysqli->query('INSERT INTO `gu...', 0)
#1 /home/neuralarcteam/public_html/advaya.neuralarc.com/system/Database/BaseConnection.php(693): CodeIgniter\Database\MySQLi\Connection->execute('INSERT INTO `gu...')
#2 /home/neuralarcteam/public_html/advaya.neuralarc.com/system/Database/BaseConnection.php(607): CodeIgniter\Database\BaseConnection->simpleQuery('INSERT INTO `gu...')
#3 /home/neuralarcteam/public_html/advaya.neuralarc.com/system/Database/BaseBuilder.php(2308): CodeIgniter\Database\BaseConnection->query('INSERT INTO `gu...', Array, false)
#4 /home/neuralarcteam/public_html/advaya.neuralarc.com/system/Model.php(319): CodeIgniter\Database\BaseBuilder->insert()
#5 /home/neuralarcteam/public_html/advaya.neuralarc.com/system/BaseModel.php(788): CodeIgniter\Model->doInsert(Array)
#6 /home/neuralarcteam/public_html/advaya.neuralarc.com/system/Model.php(715): CodeIgniter\BaseModel->insert(Array, true)
#7 /home/neuralarcteam/public_html/advaya.neuralarc.com/app/Controllers/GuestInfo.php(653): CodeIgniter\Model->insert(Array)
#8 /home/neuralarcteam/public_html/advaya.neuralarc.com/app/Controllers/GuestInfo.php(509): App\Controllers\GuestInfo->processGuardians('0', Array)
#9 /home/neuralarcteam/public_html/advaya.neuralarc.com/system/CodeIgniter.php(942): App\Controllers\GuestInfo->update('0')
#10 /home/neuralarcteam/public_html/advaya.neuralarc.com/system/CodeIgniter.php(502): CodeIgniter\CodeIgniter->runController(Object(App\Controllers\GuestInfo))
#11 /home/neuralarcteam/public_html/advaya.neuralarc.com/system/CodeIgniter.php(361): CodeIgniter\CodeIgniter->handleRequest(NULL, Object(Config\Cache), false)
#12 /home/neuralarcteam/public_html/advaya.neuralarc.com/index.php(79): CodeIgniter\CodeIgniter->run()
#13 {main}
CRITICAL - 2025-09-10 11:04:27 --> Cannot add or update a child row: a foreign key constraint fails (`neuralarcteam_elders_care`.`guest_guardians`, CONSTRAINT `guest_guardians_ibfk_1` FOREIGN KEY (`guest_id`) REFERENCES `guests_personal` (`guest_id`) ON DELETE CASCADE)
in SYSTEMPATH/Database/BaseConnection.php on line 647.
 1 SYSTEMPATH/Database/BaseBuilder.php(2308): CodeIgniter\Database\BaseConnection->query('INSERT INTO `guest_guardians` (`guest_id`, `full_name`, `relationship_with_guest`, `contact_number`, `alternate_contact`, `email`, `current_address`, `id_proof`, `updated_on`, `created_on`) VALUES (:guest_id:, :full_name:, :relationship_with_guest:, :contact_number:, :alternate_contact:, :email:, :current_address:, :id_proof:, :updated_on:, :created_on:)', [...], false)
 2 SYSTEMPATH/Model.php(319): CodeIgniter\Database\BaseBuilder->insert()
 3 SYSTEMPATH/BaseModel.php(788): CodeIgniter\Model->doInsert([...])
 4 SYSTEMPATH/Model.php(715): CodeIgniter\BaseModel->insert([...], true)
 5 APPPATH/Controllers/GuestInfo.php(653): CodeIgniter\Model->insert([...])
 6 APPPATH/Controllers/GuestInfo.php(509): App\Controllers\GuestInfo->processGuardians('0', [...])
 7 SYSTEMPATH/CodeIgniter.php(942): App\Controllers\GuestInfo->update('0')
 8 SYSTEMPATH/CodeIgniter.php(502): CodeIgniter\CodeIgniter->runController(Object(App\Controllers\GuestInfo))
 9 SYSTEMPATH/CodeIgniter.php(361): CodeIgniter\CodeIgniter->handleRequest(null, Object(Config\Cache), false)
10 FCPATH/index.php(79): CodeIgniter\CodeIgniter->run()
ERROR - 2025-09-10 11:04:36 --> mysqli_sql_exception: Cannot add or update a child row: a foreign key constraint fails (`neuralarcteam_elders_care`.`guest_guardians`, CONSTRAINT `guest_guardians_ibfk_1` FOREIGN KEY (`guest_id`) REFERENCES `guests_personal` (`guest_id`) ON DELETE CASCADE) in /home/neuralarcteam/public_html/advaya.neuralarc.com/system/Database/MySQLi/Connection.php:306
Stack trace:
#0 /home/neuralarcteam/public_html/advaya.neuralarc.com/system/Database/MySQLi/Connection.php(306): mysqli->query('INSERT INTO `gu...', 0)
#1 /home/neuralarcteam/public_html/advaya.neuralarc.com/system/Database/BaseConnection.php(693): CodeIgniter\Database\MySQLi\Connection->execute('INSERT INTO `gu...')
#2 /home/neuralarcteam/public_html/advaya.neuralarc.com/system/Database/BaseConnection.php(607): CodeIgniter\Database\BaseConnection->simpleQuery('INSERT INTO `gu...')
#3 /home/neuralarcteam/public_html/advaya.neuralarc.com/system/Database/BaseBuilder.php(2308): CodeIgniter\Database\BaseConnection->query('INSERT INTO `gu...', Array, false)
#4 /home/neuralarcteam/public_html/advaya.neuralarc.com/system/Model.php(319): CodeIgniter\Database\BaseBuilder->insert()
#5 /home/neuralarcteam/public_html/advaya.neuralarc.com/system/BaseModel.php(788): CodeIgniter\Model->doInsert(Array)
#6 /home/neuralarcteam/public_html/advaya.neuralarc.com/system/Model.php(715): CodeIgniter\BaseModel->insert(Array, true)
#7 /home/neuralarcteam/public_html/advaya.neuralarc.com/app/Controllers/GuestInfo.php(653): CodeIgniter\Model->insert(Array)
#8 /home/neuralarcteam/public_html/advaya.neuralarc.com/app/Controllers/GuestInfo.php(509): App\Controllers\GuestInfo->processGuardians('0', Array)
#9 /home/neuralarcteam/public_html/advaya.neuralarc.com/system/CodeIgniter.php(942): App\Controllers\GuestInfo->update('0')
#10 /home/neuralarcteam/public_html/advaya.neuralarc.com/system/CodeIgniter.php(502): CodeIgniter\CodeIgniter->runController(Object(App\Controllers\GuestInfo))
#11 /home/neuralarcteam/public_html/advaya.neuralarc.com/system/CodeIgniter.php(361): CodeIgniter\CodeIgniter->handleRequest(NULL, Object(Config\Cache), false)
#12 /home/neuralarcteam/public_html/advaya.neuralarc.com/index.php(79): CodeIgniter\CodeIgniter->run()
#13 {main}
CRITICAL - 2025-09-10 11:04:36 --> Cannot add or update a child row: a foreign key constraint fails (`neuralarcteam_elders_care`.`guest_guardians`, CONSTRAINT `guest_guardians_ibfk_1` FOREIGN KEY (`guest_id`) REFERENCES `guests_personal` (`guest_id`) ON DELETE CASCADE)
in SYSTEMPATH/Database/BaseConnection.php on line 647.
 1 SYSTEMPATH/Database/BaseBuilder.php(2308): CodeIgniter\Database\BaseConnection->query('INSERT INTO `guest_guardians` (`guest_id`, `full_name`, `relationship_with_guest`, `contact_number`, `alternate_contact`, `email`, `current_address`, `id_proof`, `updated_on`, `created_on`) VALUES (:guest_id:, :full_name:, :relationship_with_guest:, :contact_number:, :alternate_contact:, :email:, :current_address:, :id_proof:, :updated_on:, :created_on:)', [...], false)
 2 SYSTEMPATH/Model.php(319): CodeIgniter\Database\BaseBuilder->insert()
 3 SYSTEMPATH/BaseModel.php(788): CodeIgniter\Model->doInsert([...])
 4 SYSTEMPATH/Model.php(715): CodeIgniter\BaseModel->insert([...], true)
 5 APPPATH/Controllers/GuestInfo.php(653): CodeIgniter\Model->insert([...])
 6 APPPATH/Controllers/GuestInfo.php(509): App\Controllers\GuestInfo->processGuardians('0', [...])
 7 SYSTEMPATH/CodeIgniter.php(942): App\Controllers\GuestInfo->update('0')
 8 SYSTEMPATH/CodeIgniter.php(502): CodeIgniter\CodeIgniter->runController(Object(App\Controllers\GuestInfo))
 9 SYSTEMPATH/CodeIgniter.php(361): CodeIgniter\CodeIgniter->handleRequest(null, Object(Config\Cache), false)
10 FCPATH/index.php(79): CodeIgniter\CodeIgniter->run()
ERROR - 2025-09-10 11:05:30 --> mysqli_sql_exception: Cannot add or update a child row: a foreign key constraint fails (`neuralarcteam_elders_care`.`guest_guardians`, CONSTRAINT `guest_guardians_ibfk_1` FOREIGN KEY (`guest_id`) REFERENCES `guests_personal` (`guest_id`) ON DELETE CASCADE) in /home/neuralarcteam/public_html/advaya.neuralarc.com/system/Database/MySQLi/Connection.php:306
Stack trace:
#0 /home/neuralarcteam/public_html/advaya.neuralarc.com/system/Database/MySQLi/Connection.php(306): mysqli->query('INSERT INTO `gu...', 0)
#1 /home/neuralarcteam/public_html/advaya.neuralarc.com/system/Database/BaseConnection.php(693): CodeIgniter\Database\MySQLi\Connection->execute('INSERT INTO `gu...')
#2 /home/neuralarcteam/public_html/advaya.neuralarc.com/system/Database/BaseConnection.php(607): CodeIgniter\Database\BaseConnection->simpleQuery('INSERT INTO `gu...')
#3 /home/neuralarcteam/public_html/advaya.neuralarc.com/system/Database/BaseBuilder.php(2308): CodeIgniter\Database\BaseConnection->query('INSERT INTO `gu...', Array, false)
#4 /home/neuralarcteam/public_html/advaya.neuralarc.com/system/Model.php(319): CodeIgniter\Database\BaseBuilder->insert()
#5 /home/neuralarcteam/public_html/advaya.neuralarc.com/system/BaseModel.php(788): CodeIgniter\Model->doInsert(Array)
#6 /home/neuralarcteam/public_html/advaya.neuralarc.com/system/Model.php(715): CodeIgniter\BaseModel->insert(Array, true)
#7 /home/neuralarcteam/public_html/advaya.neuralarc.com/app/Controllers/GuestInfo.php(653): CodeIgniter\Model->insert(Array)
#8 /home/neuralarcteam/public_html/advaya.neuralarc.com/app/Controllers/GuestInfo.php(509): App\Controllers\GuestInfo->processGuardians('0', Array)
#9 /home/neuralarcteam/public_html/advaya.neuralarc.com/system/CodeIgniter.php(942): App\Controllers\GuestInfo->update('0')
#10 /home/neuralarcteam/public_html/advaya.neuralarc.com/system/CodeIgniter.php(502): CodeIgniter\CodeIgniter->runController(Object(App\Controllers\GuestInfo))
#11 /home/neuralarcteam/public_html/advaya.neuralarc.com/system/CodeIgniter.php(361): CodeIgniter\CodeIgniter->handleRequest(NULL, Object(Config\Cache), false)
#12 /home/neuralarcteam/public_html/advaya.neuralarc.com/index.php(79): CodeIgniter\CodeIgniter->run()
#13 {main}
CRITICAL - 2025-09-10 11:05:30 --> Cannot add or update a child row: a foreign key constraint fails (`neuralarcteam_elders_care`.`guest_guardians`, CONSTRAINT `guest_guardians_ibfk_1` FOREIGN KEY (`guest_id`) REFERENCES `guests_personal` (`guest_id`) ON DELETE CASCADE)
in SYSTEMPATH/Database/BaseConnection.php on line 647.
 1 SYSTEMPATH/Database/BaseBuilder.php(2308): CodeIgniter\Database\BaseConnection->query('INSERT INTO `guest_guardians` (`guest_id`, `full_name`, `relationship_with_guest`, `contact_number`, `alternate_contact`, `email`, `current_address`, `id_proof`, `updated_on`, `created_on`) VALUES (:guest_id:, :full_name:, :relationship_with_guest:, :contact_number:, :alternate_contact:, :email:, :current_address:, :id_proof:, :updated_on:, :created_on:)', [...], false)
 2 SYSTEMPATH/Model.php(319): CodeIgniter\Database\BaseBuilder->insert()
 3 SYSTEMPATH/BaseModel.php(788): CodeIgniter\Model->doInsert([...])
 4 SYSTEMPATH/Model.php(715): CodeIgniter\BaseModel->insert([...], true)
 5 APPPATH/Controllers/GuestInfo.php(653): CodeIgniter\Model->insert([...])
 6 APPPATH/Controllers/GuestInfo.php(509): App\Controllers\GuestInfo->processGuardians('0', [...])
 7 SYSTEMPATH/CodeIgniter.php(942): App\Controllers\GuestInfo->update('0')
 8 SYSTEMPATH/CodeIgniter.php(502): CodeIgniter\CodeIgniter->runController(Object(App\Controllers\GuestInfo))
 9 SYSTEMPATH/CodeIgniter.php(361): CodeIgniter\CodeIgniter->handleRequest(null, Object(Config\Cache), false)
10 FCPATH/index.php(79): CodeIgniter\CodeIgniter->run()
ERROR - 2025-09-10 11:13:22 --> mysqli_sql_exception: Cannot add or update a child row: a foreign key constraint fails (`neuralarcteam_elders_care`.`guest_guardians`, CONSTRAINT `guest_guardians_ibfk_1` FOREIGN KEY (`guest_id`) REFERENCES `guests_personal` (`guest_id`) ON DELETE CASCADE) in /home/neuralarcteam/public_html/advaya.neuralarc.com/system/Database/MySQLi/Connection.php:306
Stack trace:
#0 /home/neuralarcteam/public_html/advaya.neuralarc.com/system/Database/MySQLi/Connection.php(306): mysqli->query('INSERT INTO `gu...', 0)
#1 /home/neuralarcteam/public_html/advaya.neuralarc.com/system/Database/BaseConnection.php(693): CodeIgniter\Database\MySQLi\Connection->execute('INSERT INTO `gu...')
#2 /home/neuralarcteam/public_html/advaya.neuralarc.com/system/Database/BaseConnection.php(607): CodeIgniter\Database\BaseConnection->simpleQuery('INSERT INTO `gu...')
#3 /home/neuralarcteam/public_html/advaya.neuralarc.com/system/Database/BaseBuilder.php(2308): CodeIgniter\Database\BaseConnection->query('INSERT INTO `gu...', Array, false)
#4 /home/neuralarcteam/public_html/advaya.neuralarc.com/system/Model.php(319): CodeIgniter\Database\BaseBuilder->insert()
#5 /home/neuralarcteam/public_html/advaya.neuralarc.com/system/BaseModel.php(788): CodeIgniter\Model->doInsert(Array)
#6 /home/neuralarcteam/public_html/advaya.neuralarc.com/system/Model.php(715): CodeIgniter\BaseModel->insert(Array, true)
#7 /home/neuralarcteam/public_html/advaya.neuralarc.com/app/Controllers/GuestInfo.php(653): CodeIgniter\Model->insert(Array)
#8 /home/neuralarcteam/public_html/advaya.neuralarc.com/app/Controllers/GuestInfo.php(509): App\Controllers\GuestInfo->processGuardians('0', Array)
#9 /home/neuralarcteam/public_html/advaya.neuralarc.com/system/CodeIgniter.php(942): App\Controllers\GuestInfo->update('0')
#10 /home/neuralarcteam/public_html/advaya.neuralarc.com/system/CodeIgniter.php(502): CodeIgniter\CodeIgniter->runController(Object(App\Controllers\GuestInfo))
#11 /home/neuralarcteam/public_html/advaya.neuralarc.com/system/CodeIgniter.php(361): CodeIgniter\CodeIgniter->handleRequest(NULL, Object(Config\Cache), false)
#12 /home/neuralarcteam/public_html/advaya.neuralarc.com/index.php(79): CodeIgniter\CodeIgniter->run()
#13 {main}
CRITICAL - 2025-09-10 11:13:22 --> Cannot add or update a child row: a foreign key constraint fails (`neuralarcteam_elders_care`.`guest_guardians`, CONSTRAINT `guest_guardians_ibfk_1` FOREIGN KEY (`guest_id`) REFERENCES `guests_personal` (`guest_id`) ON DELETE CASCADE)
in SYSTEMPATH/Database/BaseConnection.php on line 647.
 1 SYSTEMPATH/Database/BaseBuilder.php(2308): CodeIgniter\Database\BaseConnection->query('INSERT INTO `guest_guardians` (`guest_id`, `full_name`, `relationship_with_guest`, `contact_number`, `alternate_contact`, `email`, `current_address`, `id_proof`, `updated_on`, `created_on`) VALUES (:guest_id:, :full_name:, :relationship_with_guest:, :contact_number:, :alternate_contact:, :email:, :current_address:, :id_proof:, :updated_on:, :created_on:)', [...], false)
 2 SYSTEMPATH/Model.php(319): CodeIgniter\Database\BaseBuilder->insert()
 3 SYSTEMPATH/BaseModel.php(788): CodeIgniter\Model->doInsert([...])
 4 SYSTEMPATH/Model.php(715): CodeIgniter\BaseModel->insert([...], true)
 5 APPPATH/Controllers/GuestInfo.php(653): CodeIgniter\Model->insert([...])
 6 APPPATH/Controllers/GuestInfo.php(509): App\Controllers\GuestInfo->processGuardians('0', [...])
 7 SYSTEMPATH/CodeIgniter.php(942): App\Controllers\GuestInfo->update('0')
 8 SYSTEMPATH/CodeIgniter.php(502): CodeIgniter\CodeIgniter->runController(Object(App\Controllers\GuestInfo))
 9 SYSTEMPATH/CodeIgniter.php(361): CodeIgniter\CodeIgniter->handleRequest(null, Object(Config\Cache), false)
10 FCPATH/index.php(79): CodeIgniter\CodeIgniter->run()
ERROR - 2025-09-10 11:13:23 --> mysqli_sql_exception: Cannot add or update a child row: a foreign key constraint fails (`neuralarcteam_elders_care`.`guest_guardians`, CONSTRAINT `guest_guardians_ibfk_1` FOREIGN KEY (`guest_id`) REFERENCES `guests_personal` (`guest_id`) ON DELETE CASCADE) in /home/neuralarcteam/public_html/advaya.neuralarc.com/system/Database/MySQLi/Connection.php:306
Stack trace:
#0 /home/neuralarcteam/public_html/advaya.neuralarc.com/system/Database/MySQLi/Connection.php(306): mysqli->query('INSERT INTO `gu...', 0)
#1 /home/neuralarcteam/public_html/advaya.neuralarc.com/system/Database/BaseConnection.php(693): CodeIgniter\Database\MySQLi\Connection->execute('INSERT INTO `gu...')
#2 /home/neuralarcteam/public_html/advaya.neuralarc.com/system/Database/BaseConnection.php(607): CodeIgniter\Database\BaseConnection->simpleQuery('INSERT INTO `gu...')
#3 /home/neuralarcteam/public_html/advaya.neuralarc.com/system/Database/BaseBuilder.php(2308): CodeIgniter\Database\BaseConnection->query('INSERT INTO `gu...', Array, false)
#4 /home/neuralarcteam/public_html/advaya.neuralarc.com/system/Model.php(319): CodeIgniter\Database\BaseBuilder->insert()
#5 /home/neuralarcteam/public_html/advaya.neuralarc.com/system/BaseModel.php(788): CodeIgniter\Model->doInsert(Array)
#6 /home/neuralarcteam/public_html/advaya.neuralarc.com/system/Model.php(715): CodeIgniter\BaseModel->insert(Array, true)
#7 /home/neuralarcteam/public_html/advaya.neuralarc.com/app/Controllers/GuestInfo.php(653): CodeIgniter\Model->insert(Array)
#8 /home/neuralarcteam/public_html/advaya.neuralarc.com/app/Controllers/GuestInfo.php(509): App\Controllers\GuestInfo->processGuardians('0', Array)
#9 /home/neuralarcteam/public_html/advaya.neuralarc.com/system/CodeIgniter.php(942): App\Controllers\GuestInfo->update('0')
#10 /home/neuralarcteam/public_html/advaya.neuralarc.com/system/CodeIgniter.php(502): CodeIgniter\CodeIgniter->runController(Object(App\Controllers\GuestInfo))
#11 /home/neuralarcteam/public_html/advaya.neuralarc.com/system/CodeIgniter.php(361): CodeIgniter\CodeIgniter->handleRequest(NULL, Object(Config\Cache), false)
#12 /home/neuralarcteam/public_html/advaya.neuralarc.com/index.php(79): CodeIgniter\CodeIgniter->run()
#13 {main}
CRITICAL - 2025-09-10 11:13:23 --> Cannot add or update a child row: a foreign key constraint fails (`neuralarcteam_elders_care`.`guest_guardians`, CONSTRAINT `guest_guardians_ibfk_1` FOREIGN KEY (`guest_id`) REFERENCES `guests_personal` (`guest_id`) ON DELETE CASCADE)
in SYSTEMPATH/Database/BaseConnection.php on line 647.
 1 SYSTEMPATH/Database/BaseBuilder.php(2308): CodeIgniter\Database\BaseConnection->query('INSERT INTO `guest_guardians` (`guest_id`, `full_name`, `relationship_with_guest`, `contact_number`, `alternate_contact`, `email`, `current_address`, `id_proof`, `updated_on`, `created_on`) VALUES (:guest_id:, :full_name:, :relationship_with_guest:, :contact_number:, :alternate_contact:, :email:, :current_address:, :id_proof:, :updated_on:, :created_on:)', [...], false)
 2 SYSTEMPATH/Model.php(319): CodeIgniter\Database\BaseBuilder->insert()
 3 SYSTEMPATH/BaseModel.php(788): CodeIgniter\Model->doInsert([...])
 4 SYSTEMPATH/Model.php(715): CodeIgniter\BaseModel->insert([...], true)
 5 APPPATH/Controllers/GuestInfo.php(653): CodeIgniter\Model->insert([...])
 6 APPPATH/Controllers/GuestInfo.php(509): App\Controllers\GuestInfo->processGuardians('0', [...])
 7 SYSTEMPATH/CodeIgniter.php(942): App\Controllers\GuestInfo->update('0')
 8 SYSTEMPATH/CodeIgniter.php(502): CodeIgniter\CodeIgniter->runController(Object(App\Controllers\GuestInfo))
 9 SYSTEMPATH/CodeIgniter.php(361): CodeIgniter\CodeIgniter->handleRequest(null, Object(Config\Cache), false)
10 FCPATH/index.php(79): CodeIgniter\CodeIgniter->run()
CRITICAL - 2025-09-10 13:49:25 --> Call to undefined method Mpdf\Mpdf::setLinkTarget()
in FCPATH/vendor/mpdf/mpdf/src/Strict.php on line 15.
 1 APPPATH/Controllers/AdvBooking.php(1081): Mpdf\Mpdf->__call('setLinkTarget', [...])
 2 SYSTEMPATH/CodeIgniter.php(942): App\Controllers\AdvBooking->generate_pdf('32')
 3 SYSTEMPATH/CodeIgniter.php(502): CodeIgniter\CodeIgniter->runController(Object(App\Controllers\AdvBooking))
 4 SYSTEMPATH/CodeIgniter.php(361): CodeIgniter\CodeIgniter->handleRequest(null, Object(Config\Cache), false)
 5 FCPATH/index.php(79): CodeIgniter\CodeIgniter->run()
