CRITICAL - 2024-09-13 06:57:49 --> Undefined array key "assets_deleted_on"
in APPPATH/Views/assetsvalue/view.php on line 1816.
 1 APPPATH/Views/assetsvalue/view.php(1816): CodeIgniter\Debug\Exceptions->errorHandler(2, 'Undefined array key "assets_deleted_on"', '/home/freelance/public_html/viyoma/app/Views/assetsvalue/view.php', 1816)
 2 SYSTEMPATH/View/View.php(228): include('/home/freelance/public_html/viyoma/app/Views/assetsvalue/view.php')
 3 SYSTEMPATH/View/View.php(231): CodeIgniter\View\View->CodeIgniter\View\{closure}()
 4 SYSTEMPATH/Common.php(1190): CodeIgniter\View\View->render('assetsvalue/view', [], true)
 5 APPPATH/Controllers/Assetsvalue.php(108): view('assetsvalue/view', [...])
 6 SYSTEMPATH/CodeIgniter.php(942): App\Controllers\Assetsvalue->view()
 7 SYSTEMPATH/CodeIgniter.php(502): CodeIgniter\CodeIgniter->runController(Object(App\Controllers\Assetsvalue))
 8 SYSTEMPATH/CodeIgniter.php(361): CodeIgniter\CodeIgniter->handleRequest(null, Object(Config\Cache), false)
 9 FCPATH/index.php(79): CodeIgniter\CodeIgniter->run()
CRITICAL - 2024-09-13 10:14:29 --> Trying to access array offset on value of type null
in APPPATH/Controllers/AssignedAssets.php on line 132.
 1 APPPATH/Controllers/AssignedAssets.php(132): CodeIgniter\Debug\Exceptions->errorHandler(2, 'Trying to access array offset on value of type null', '/home/freelance/public_html/viyoma/app/Controllers/AssignedAssets.php', 132)
 2 SYSTEMPATH/CodeIgniter.php(942): App\Controllers\AssignedAssets->view()
 3 SYSTEMPATH/CodeIgniter.php(502): CodeIgniter\CodeIgniter->runController(Object(App\Controllers\AssignedAssets))
 4 SYSTEMPATH/CodeIgniter.php(361): CodeIgniter\CodeIgniter->handleRequest(null, Object(Config\Cache), false)
 5 FCPATH/index.php(79): CodeIgniter\CodeIgniter->run()
CRITICAL - 2024-09-13 10:15:44 --> Trying to access array offset on value of type null
in APPPATH/Controllers/AssignedAssets.php on line 132.
 1 APPPATH/Controllers/AssignedAssets.php(132): CodeIgniter\Debug\Exceptions->errorHandler(2, 'Trying to access array offset on value of type null', '/home/freelance/public_html/viyoma/app/Controllers/AssignedAssets.php', 132)
 2 SYSTEMPATH/CodeIgniter.php(942): App\Controllers\AssignedAssets->view()
 3 SYSTEMPATH/CodeIgniter.php(502): CodeIgniter\CodeIgniter->runController(Object(App\Controllers\AssignedAssets))
 4 SYSTEMPATH/CodeIgniter.php(361): CodeIgniter\CodeIgniter->handleRequest(null, Object(Config\Cache), false)
 5 FCPATH/index.php(79): CodeIgniter\CodeIgniter->run()
CRITICAL - 2024-09-13 10:16:14 --> Trying to access array offset on value of type null
in APPPATH/Controllers/AssignedAssets.php on line 135.
 1 APPPATH/Controllers/AssignedAssets.php(135): CodeIgniter\Debug\Exceptions->errorHandler(2, 'Trying to access array offset on value of type null', '/home/freelance/public_html/viyoma/app/Controllers/AssignedAssets.php', 135)
 2 SYSTEMPATH/CodeIgniter.php(942): App\Controllers\AssignedAssets->view()
 3 SYSTEMPATH/CodeIgniter.php(502): CodeIgniter\CodeIgniter->runController(Object(App\Controllers\AssignedAssets))
 4 SYSTEMPATH/CodeIgniter.php(361): CodeIgniter\CodeIgniter->handleRequest(null, Object(Config\Cache), false)
 5 FCPATH/index.php(79): CodeIgniter\CodeIgniter->run()
CRITICAL - 2024-09-13 10:18:43 --> Trying to access array offset on value of type null
in APPPATH/Controllers/AssignedAssets.php on line 136.
 1 APPPATH/Controllers/AssignedAssets.php(136): CodeIgniter\Debug\Exceptions->errorHandler(2, 'Trying to access array offset on value of type null', '/home/freelance/public_html/viyoma/app/Controllers/AssignedAssets.php', 136)
 2 SYSTEMPATH/CodeIgniter.php(942): App\Controllers\AssignedAssets->view()
 3 SYSTEMPATH/CodeIgniter.php(502): CodeIgniter\CodeIgniter->runController(Object(App\Controllers\AssignedAssets))
 4 SYSTEMPATH/CodeIgniter.php(361): CodeIgniter\CodeIgniter->handleRequest(null, Object(Config\Cache), false)
 5 FCPATH/index.php(79): CodeIgniter\CodeIgniter->run()
CRITICAL - 2024-09-13 22:38:17 --> Undefined variable $assets_type
in APPPATH/Views/purchase/view.php on line 1829.
 1 APPPATH/Views/purchase/view.php(1829): CodeIgniter\Debug\Exceptions->errorHandler(2, 'Undefined variable $assets_type', '/home/freelance/public_html/viyoma/app/Views/purchase/view.php', 1829)
 2 SYSTEMPATH/View/View.php(228): include('/home/freelance/public_html/viyoma/app/Views/purchase/view.php')
 3 SYSTEMPATH/View/View.php(231): CodeIgniter\View\View->CodeIgniter\View\{closure}()
 4 SYSTEMPATH/Common.php(1190): CodeIgniter\View\View->render('purchase/view', [], true)
 5 APPPATH/Controllers/Purchase.php(139): view('purchase/view', [...])
 6 SYSTEMPATH/CodeIgniter.php(942): App\Controllers\Purchase->view()
 7 SYSTEMPATH/CodeIgniter.php(502): CodeIgniter\CodeIgniter->runController(Object(App\Controllers\Purchase))
 8 SYSTEMPATH/CodeIgniter.php(361): CodeIgniter\CodeIgniter->handleRequest(null, Object(Config\Cache), false)
 9 FCPATH/index.php(79): CodeIgniter\CodeIgniter->run()
CRITICAL - 2024-09-13 17:09:55 --> Undefined variable $assets_type
in APPPATH/Views/purchase/view.php on line 1829.
 1 APPPATH/Views/purchase/view.php(1829): CodeIgniter\Debug\Exceptions->errorHandler(2, 'Undefined variable $assets_type', '/home/freelance/public_html/viyoma/app/Views/purchase/view.php', 1829)
 2 SYSTEMPATH/View/View.php(228): include('/home/freelance/public_html/viyoma/app/Views/purchase/view.php')
 3 SYSTEMPATH/View/View.php(231): CodeIgniter\View\View->CodeIgniter\View\{closure}()
 4 SYSTEMPATH/Common.php(1190): CodeIgniter\View\View->render('purchase/view', [], true)
 5 APPPATH/Controllers/Purchase.php(140): view('purchase/view', [...])
 6 SYSTEMPATH/CodeIgniter.php(942): App\Controllers\Purchase->view()
 7 SYSTEMPATH/CodeIgniter.php(502): CodeIgniter\CodeIgniter->runController(Object(App\Controllers\Purchase))
 8 SYSTEMPATH/CodeIgniter.php(361): CodeIgniter\CodeIgniter->handleRequest(null, Object(Config\Cache), false)
 9 FCPATH/index.php(79): CodeIgniter\CodeIgniter->run()
CRITICAL - 2024-09-13 17:09:59 --> Undefined variable $assets_type
in APPPATH/Views/purchase/view.php on line 1829.
 1 APPPATH/Views/purchase/view.php(1829): CodeIgniter\Debug\Exceptions->errorHandler(2, 'Undefined variable $assets_type', '/home/freelance/public_html/viyoma/app/Views/purchase/view.php', 1829)
 2 SYSTEMPATH/View/View.php(228): include('/home/freelance/public_html/viyoma/app/Views/purchase/view.php')
 3 SYSTEMPATH/View/View.php(231): CodeIgniter\View\View->CodeIgniter\View\{closure}()
 4 SYSTEMPATH/Common.php(1190): CodeIgniter\View\View->render('purchase/view', [], true)
 5 APPPATH/Controllers/Purchase.php(140): view('purchase/view', [...])
 6 SYSTEMPATH/CodeIgniter.php(942): App\Controllers\Purchase->view()
 7 SYSTEMPATH/CodeIgniter.php(502): CodeIgniter\CodeIgniter->runController(Object(App\Controllers\Purchase))
 8 SYSTEMPATH/CodeIgniter.php(361): CodeIgniter\CodeIgniter->handleRequest(null, Object(Config\Cache), false)
 9 FCPATH/index.php(79): CodeIgniter\CodeIgniter->run()
CRITICAL - 2024-09-13 23:41:05 --> Undefined variable $to_correctdate
in APPPATH/Controllers/Depreciation.php on line 107.
 1 APPPATH/Controllers/Depreciation.php(107): CodeIgniter\Debug\Exceptions->errorHandler(2, 'Undefined variable $to_correctdate', '/home/freelance/public_html/viyoma/app/Controllers/Depreciation.php', 107)
 2 SYSTEMPATH/CodeIgniter.php(942): App\Controllers\Depreciation->view()
 3 SYSTEMPATH/CodeIgniter.php(502): CodeIgniter\CodeIgniter->runController(Object(App\Controllers\Depreciation))
 4 SYSTEMPATH/CodeIgniter.php(361): CodeIgniter\CodeIgniter->handleRequest(null, Object(Config\Cache), false)
 5 FCPATH/index.php(79): CodeIgniter\CodeIgniter->run()
CRITICAL - 2024-09-13 18:23:49 --> Undefined variable $assets_type
in APPPATH/Views/depreciation/view.php on line 1824.
 1 APPPATH/Views/depreciation/view.php(1824): CodeIgniter\Debug\Exceptions->errorHandler(2, 'Undefined variable $assets_type', '/home/freelance/public_html/viyoma/app/Views/depreciation/view.php', 1824)
 2 SYSTEMPATH/View/View.php(228): include('/home/freelance/public_html/viyoma/app/Views/depreciation/view.php')
 3 SYSTEMPATH/View/View.php(231): CodeIgniter\View\View->CodeIgniter\View\{closure}()
 4 SYSTEMPATH/Common.php(1190): CodeIgniter\View\View->render('depreciation/view', [], true)
 5 APPPATH/Controllers/Depreciation.php(136): view('depreciation/view', [...])
 6 SYSTEMPATH/CodeIgniter.php(942): App\Controllers\Depreciation->view()
 7 SYSTEMPATH/CodeIgniter.php(502): CodeIgniter\CodeIgniter->runController(Object(App\Controllers\Depreciation))
 8 SYSTEMPATH/CodeIgniter.php(361): CodeIgniter\CodeIgniter->handleRequest(null, Object(Config\Cache), false)
 9 FCPATH/index.php(79): CodeIgniter\CodeIgniter->run()
CRITICAL - 2024-09-13 18:23:51 --> Undefined variable $assets_type
in APPPATH/Views/depreciation/view.php on line 1824.
 1 APPPATH/Views/depreciation/view.php(1824): CodeIgniter\Debug\Exceptions->errorHandler(2, 'Undefined variable $assets_type', '/home/freelance/public_html/viyoma/app/Views/depreciation/view.php', 1824)
 2 SYSTEMPATH/View/View.php(228): include('/home/freelance/public_html/viyoma/app/Views/depreciation/view.php')
 3 SYSTEMPATH/View/View.php(231): CodeIgniter\View\View->CodeIgniter\View\{closure}()
 4 SYSTEMPATH/Common.php(1190): CodeIgniter\View\View->render('depreciation/view', [], true)
 5 APPPATH/Controllers/Depreciation.php(136): view('depreciation/view', [...])
 6 SYSTEMPATH/CodeIgniter.php(942): App\Controllers\Depreciation->view()
 7 SYSTEMPATH/CodeIgniter.php(502): CodeIgniter\CodeIgniter->runController(Object(App\Controllers\Depreciation))
 8 SYSTEMPATH/CodeIgniter.php(361): CodeIgniter\CodeIgniter->handleRequest(null, Object(Config\Cache), false)
 9 FCPATH/index.php(79): CodeIgniter\CodeIgniter->run()
CRITICAL - 2024-09-13 18:24:53 --> Undefined variable $assets_type
in APPPATH/Views/depreciation/view.php on line 1824.
 1 APPPATH/Views/depreciation/view.php(1824): CodeIgniter\Debug\Exceptions->errorHandler(2, 'Undefined variable $assets_type', '/home/freelance/public_html/viyoma/app/Views/depreciation/view.php', 1824)
 2 SYSTEMPATH/View/View.php(228): include('/home/freelance/public_html/viyoma/app/Views/depreciation/view.php')
 3 SYSTEMPATH/View/View.php(231): CodeIgniter\View\View->CodeIgniter\View\{closure}()
 4 SYSTEMPATH/Common.php(1190): CodeIgniter\View\View->render('depreciation/view', [], true)
 5 APPPATH/Controllers/Depreciation.php(138): view('depreciation/view', [...])
 6 SYSTEMPATH/CodeIgniter.php(942): App\Controllers\Depreciation->view()
 7 SYSTEMPATH/CodeIgniter.php(502): CodeIgniter\CodeIgniter->runController(Object(App\Controllers\Depreciation))
 8 SYSTEMPATH/CodeIgniter.php(361): CodeIgniter\CodeIgniter->handleRequest(null, Object(Config\Cache), false)
 9 FCPATH/index.php(79): CodeIgniter\CodeIgniter->run()
