CRITICAL - 2024-09-14 15:47:31 --> Undefined constant "App\Controllers\this"
in APPPATH/Controllers/AssignedAssets.php on line 41.
 1 SYSTEMPATH/CodeIgniter.php(942): App\Controllers\AssignedAssets->index()
 2 SYSTEMPATH/CodeIgniter.php(502): CodeIgniter\CodeIgniter->runController(Object(App\Controllers\AssignedAssets))
 3 SYSTEMPATH/CodeIgniter.php(361): CodeIgniter\CodeIgniter->handleRequest(null, Object(Config\Cache), false)
 4 FCPATH/index.php(79): CodeIgniter\CodeIgniter->run()
CRITICAL - 2024-09-14 15:48:05 --> Array to string conversion
in APPPATH/Controllers/AssignedAssets.php on line 41.
 1 APPPATH/Controllers/AssignedAssets.php(41): CodeIgniter\Debug\Exceptions->errorHandler(2, 'Array to string conversion', '/home/freelance/public_html/viyoma/app/Controllers/AssignedAssets.php', 41)
 2 SYSTEMPATH/CodeIgniter.php(942): App\Controllers\AssignedAssets->index()
 3 SYSTEMPATH/CodeIgniter.php(502): CodeIgniter\CodeIgniter->runController(Object(App\Controllers\AssignedAssets))
 4 SYSTEMPATH/CodeIgniter.php(361): CodeIgniter\CodeIgniter->handleRequest(null, Object(Config\Cache), false)
 5 FCPATH/index.php(79): CodeIgniter\CodeIgniter->run()
CRITICAL - 2024-09-14 15:48:06 --> Array to string conversion
in APPPATH/Controllers/AssignedAssets.php on line 41.
 1 APPPATH/Controllers/AssignedAssets.php(41): CodeIgniter\Debug\Exceptions->errorHandler(2, 'Array to string conversion', '/home/freelance/public_html/viyoma/app/Controllers/AssignedAssets.php', 41)
 2 SYSTEMPATH/CodeIgniter.php(942): App\Controllers\AssignedAssets->index()
 3 SYSTEMPATH/CodeIgniter.php(502): CodeIgniter\CodeIgniter->runController(Object(App\Controllers\AssignedAssets))
 4 SYSTEMPATH/CodeIgniter.php(361): CodeIgniter\CodeIgniter->handleRequest(null, Object(Config\Cache), false)
 5 FCPATH/index.php(79): CodeIgniter\CodeIgniter->run()
CRITICAL - 2024-09-14 15:48:17 --> Array to string conversion
in APPPATH/Controllers/AssignedAssets.php on line 41.
 1 APPPATH/Controllers/AssignedAssets.php(41): CodeIgniter\Debug\Exceptions->errorHandler(2, 'Array to string conversion', '/home/freelance/public_html/viyoma/app/Controllers/AssignedAssets.php', 41)
 2 SYSTEMPATH/CodeIgniter.php(942): App\Controllers\AssignedAssets->index()
 3 SYSTEMPATH/CodeIgniter.php(502): CodeIgniter\CodeIgniter->runController(Object(App\Controllers\AssignedAssets))
 4 SYSTEMPATH/CodeIgniter.php(361): CodeIgniter\CodeIgniter->handleRequest(null, Object(Config\Cache), false)
 5 FCPATH/index.php(79): CodeIgniter\CodeIgniter->run()
CRITICAL - 2024-09-14 15:48:48 --> Array to string conversion
in APPPATH/Controllers/AssignedAssets.php on line 44.
 1 APPPATH/Controllers/AssignedAssets.php(44): CodeIgniter\Debug\Exceptions->errorHandler(2, 'Array to string conversion', '/home/freelance/public_html/viyoma/app/Controllers/AssignedAssets.php', 44)
 2 SYSTEMPATH/CodeIgniter.php(942): App\Controllers\AssignedAssets->index()
 3 SYSTEMPATH/CodeIgniter.php(502): CodeIgniter\CodeIgniter->runController(Object(App\Controllers\AssignedAssets))
 4 SYSTEMPATH/CodeIgniter.php(361): CodeIgniter\CodeIgniter->handleRequest(null, Object(Config\Cache), false)
 5 FCPATH/index.php(79): CodeIgniter\CodeIgniter->run()
CRITICAL - 2024-09-14 17:50:49 --> Invalid file: "assignedassets/childpart.php"
in SYSTEMPATH/Exceptions/FrameworkException.php on line 39.
 1 SYSTEMPATH/View/View.php(216): CodeIgniter\Exceptions\FrameworkException::forInvalidFile('assignedassets/childpart.php')
 2 SYSTEMPATH/Common.php(1190): CodeIgniter\View\View->render('assignedassets/childpart', [], true)
 3 APPPATH/Controllers/AssignedAssets.php(406): view('assignedassets/childpart', [...])
 4 SYSTEMPATH/CodeIgniter.php(942): App\Controllers\AssignedAssets->childpart('VG1jOVBRPT0=')
 5 SYSTEMPATH/CodeIgniter.php(502): CodeIgniter\CodeIgniter->runController(Object(App\Controllers\AssignedAssets))
 6 SYSTEMPATH/CodeIgniter.php(361): CodeIgniter\CodeIgniter->handleRequest(null, Object(Config\Cache), false)
 7 FCPATH/index.php(79): CodeIgniter\CodeIgniter->run()
CRITICAL - 2024-09-14 17:53:42 --> Invalid file: "assignedassets/childpart.php"
in SYSTEMPATH/Exceptions/FrameworkException.php on line 39.
 1 SYSTEMPATH/View/View.php(216): CodeIgniter\Exceptions\FrameworkException::forInvalidFile('assignedassets/childpart.php')
 2 SYSTEMPATH/Common.php(1190): CodeIgniter\View\View->render('assignedassets/childpart', [], true)
 3 APPPATH/Controllers/AssignedAssets.php(406): view('assignedassets/childpart', [...])
 4 SYSTEMPATH/CodeIgniter.php(942): App\Controllers\AssignedAssets->childpart('VG1jOVBRPT0=')
 5 SYSTEMPATH/CodeIgniter.php(502): CodeIgniter\CodeIgniter->runController(Object(App\Controllers\AssignedAssets))
 6 SYSTEMPATH/CodeIgniter.php(361): CodeIgniter\CodeIgniter->handleRequest(null, Object(Config\Cache), false)
 7 FCPATH/index.php(79): CodeIgniter\CodeIgniter->run()
CRITICAL - 2024-09-14 17:54:19 --> Invalid file: "assignedassets/childpart.php"
in SYSTEMPATH/Exceptions/FrameworkException.php on line 39.
 1 SYSTEMPATH/View/View.php(216): CodeIgniter\Exceptions\FrameworkException::forInvalidFile('assignedassets/childpart.php')
 2 SYSTEMPATH/Common.php(1190): CodeIgniter\View\View->render('assignedassets/childpart', [], true)
 3 APPPATH/Controllers/AssignedAssets.php(406): view('assignedassets/childpart', [...])
 4 SYSTEMPATH/CodeIgniter.php(942): App\Controllers\AssignedAssets->childpart('VG1jOVBRPT0=')
 5 SYSTEMPATH/CodeIgniter.php(502): CodeIgniter\CodeIgniter->runController(Object(App\Controllers\AssignedAssets))
 6 SYSTEMPATH/CodeIgniter.php(361): CodeIgniter\CodeIgniter->handleRequest(null, Object(Config\Cache), false)
 7 FCPATH/index.php(79): CodeIgniter\CodeIgniter->run()
CRITICAL - 2024-09-14 17:54:20 --> Invalid file: "assignedassets/childpart.php"
in SYSTEMPATH/Exceptions/FrameworkException.php on line 39.
 1 SYSTEMPATH/View/View.php(216): CodeIgniter\Exceptions\FrameworkException::forInvalidFile('assignedassets/childpart.php')
 2 SYSTEMPATH/Common.php(1190): CodeIgniter\View\View->render('assignedassets/childpart', [], true)
 3 APPPATH/Controllers/AssignedAssets.php(406): view('assignedassets/childpart', [...])
 4 SYSTEMPATH/CodeIgniter.php(942): App\Controllers\AssignedAssets->childpart('VG1jOVBRPT0=')
 5 SYSTEMPATH/CodeIgniter.php(502): CodeIgniter\CodeIgniter->runController(Object(App\Controllers\AssignedAssets))
 6 SYSTEMPATH/CodeIgniter.php(361): CodeIgniter\CodeIgniter->handleRequest(null, Object(Config\Cache), false)
 7 FCPATH/index.php(79): CodeIgniter\CodeIgniter->run()
CRITICAL - 2024-09-14 17:54:23 --> Invalid file: "assignedassets/childpart.php"
in SYSTEMPATH/Exceptions/FrameworkException.php on line 39.
 1 SYSTEMPATH/View/View.php(216): CodeIgniter\Exceptions\FrameworkException::forInvalidFile('assignedassets/childpart.php')
 2 SYSTEMPATH/Common.php(1190): CodeIgniter\View\View->render('assignedassets/childpart', [], true)
 3 APPPATH/Controllers/AssignedAssets.php(406): view('assignedassets/childpart', [...])
 4 SYSTEMPATH/CodeIgniter.php(942): App\Controllers\AssignedAssets->childpart('VG1jOVBRPT0=')
 5 SYSTEMPATH/CodeIgniter.php(502): CodeIgniter\CodeIgniter->runController(Object(App\Controllers\AssignedAssets))
 6 SYSTEMPATH/CodeIgniter.php(361): CodeIgniter\CodeIgniter->handleRequest(null, Object(Config\Cache), false)
 7 FCPATH/index.php(79): CodeIgniter\CodeIgniter->run()
CRITICAL - 2024-09-14 17:57:56 --> Invalid file: "assignedassets/childpart.php"
in SYSTEMPATH/Exceptions/FrameworkException.php on line 39.
 1 SYSTEMPATH/View/View.php(216): CodeIgniter\Exceptions\FrameworkException::forInvalidFile('assignedassets/childpart.php')
 2 SYSTEMPATH/Common.php(1190): CodeIgniter\View\View->render('assignedassets/childpart', [], true)
 3 APPPATH/Controllers/AssignedAssets.php(406): view('assignedassets/childpart', [...])
 4 SYSTEMPATH/CodeIgniter.php(942): App\Controllers\AssignedAssets->childpart('VG1jOVBRPT0=')
 5 SYSTEMPATH/CodeIgniter.php(502): CodeIgniter\CodeIgniter->runController(Object(App\Controllers\AssignedAssets))
 6 SYSTEMPATH/CodeIgniter.php(361): CodeIgniter\CodeIgniter->handleRequest(null, Object(Config\Cache), false)
 7 FCPATH/index.php(79): CodeIgniter\CodeIgniter->run()
CRITICAL - 2024-09-14 17:57:57 --> Invalid file: "assignedassets/childpart.php"
in SYSTEMPATH/Exceptions/FrameworkException.php on line 39.
 1 SYSTEMPATH/View/View.php(216): CodeIgniter\Exceptions\FrameworkException::forInvalidFile('assignedassets/childpart.php')
 2 SYSTEMPATH/Common.php(1190): CodeIgniter\View\View->render('assignedassets/childpart', [], true)
 3 APPPATH/Controllers/AssignedAssets.php(406): view('assignedassets/childpart', [...])
 4 SYSTEMPATH/CodeIgniter.php(942): App\Controllers\AssignedAssets->childpart('VG1jOVBRPT0=')
 5 SYSTEMPATH/CodeIgniter.php(502): CodeIgniter\CodeIgniter->runController(Object(App\Controllers\AssignedAssets))
 6 SYSTEMPATH/CodeIgniter.php(361): CodeIgniter\CodeIgniter->handleRequest(null, Object(Config\Cache), false)
 7 FCPATH/index.php(79): CodeIgniter\CodeIgniter->run()
