CRITICAL - 2024-05-29 07:21:26 --> Undefined variable $session
in APPPATH/Controllers/NomineeInfo.php on line 163.
 1 APPPATH/Controllers/NomineeInfo.php(163): CodeIgniter\Debug\Exceptions->errorHandler(2, 'Undefined variable $session', '/home/freelance/public_html/digitalflow/app/Controllers/NomineeInfo.php', 163)
 2 SYSTEMPATH/CodeIgniter.php(942): App\Controllers\NomineeInfo->view()
 3 SYSTEMPATH/CodeIgniter.php(502): CodeIgniter\CodeIgniter->runController(Object(App\Controllers\NomineeInfo))
 4 SYSTEMPATH/CodeIgniter.php(361): CodeIgniter\CodeIgniter->handleRequest(null, Object(Config\Cache), false)
 5 FCPATH/index.php(79): CodeIgniter\CodeIgniter->run()
CRITICAL - 2024-05-29 07:29:26 --> Class "App\Controllers\CompanyWorkInfoModel" not found
in APPPATH/Controllers/NomineeInfo.php on line 171.
 1 SYSTEMPATH/CodeIgniter.php(942): App\Controllers\NomineeInfo->view()
 2 SYSTEMPATH/CodeIgniter.php(502): CodeIgniter\CodeIgniter->runController(Object(App\Controllers\NomineeInfo))
 3 SYSTEMPATH/CodeIgniter.php(361): CodeIgniter\CodeIgniter->handleRequest(null, Object(Config\Cache), false)
 4 FCPATH/index.php(79): CodeIgniter\CodeIgniter->run()
CRITICAL - 2024-05-29 07:37:54 --> Trying to access array offset on value of type null
in APPPATH/Views/nomineeinfo/view.php on line 86.
 1 APPPATH/Views/nomineeinfo/view.php(86): CodeIgniter\Debug\Exceptions->errorHandler(2, 'Trying to access array offset on value of type null', '/home/freelance/public_html/digitalflow/app/Views/nomineeinfo/view.php', 86)
 2 SYSTEMPATH/View/View.php(228): include('/home/freelance/public_html/digitalflow/app/Views/nomineeinfo/view.php')
 3 SYSTEMPATH/View/View.php(231): CodeIgniter\View\View->CodeIgniter\View\{closure}()
 4 SYSTEMPATH/Common.php(1190): CodeIgniter\View\View->render('nomineeinfo/view', [], true)
 5 APPPATH/Controllers/NomineeInfo.php(195): view('nomineeinfo/view', [...])
 6 SYSTEMPATH/CodeIgniter.php(942): App\Controllers\NomineeInfo->view()
 7 SYSTEMPATH/CodeIgniter.php(502): CodeIgniter\CodeIgniter->runController(Object(App\Controllers\NomineeInfo))
 8 SYSTEMPATH/CodeIgniter.php(361): CodeIgniter\CodeIgniter->handleRequest(null, Object(Config\Cache), false)
 9 FCPATH/index.php(79): CodeIgniter\CodeIgniter->run()
CRITICAL - 2024-05-29 07:38:52 --> Trying to access array offset on value of type null
in APPPATH/Views/nomineeinfo/view.php on line 86.
 1 APPPATH/Views/nomineeinfo/view.php(86): CodeIgniter\Debug\Exceptions->errorHandler(2, 'Trying to access array offset on value of type null', '/home/freelance/public_html/digitalflow/app/Views/nomineeinfo/view.php', 86)
 2 SYSTEMPATH/View/View.php(228): include('/home/freelance/public_html/digitalflow/app/Views/nomineeinfo/view.php')
 3 SYSTEMPATH/View/View.php(231): CodeIgniter\View\View->CodeIgniter\View\{closure}()
 4 SYSTEMPATH/Common.php(1190): CodeIgniter\View\View->render('nomineeinfo/view', [], true)
 5 APPPATH/Controllers/NomineeInfo.php(198): view('nomineeinfo/view', [...])
 6 SYSTEMPATH/CodeIgniter.php(942): App\Controllers\NomineeInfo->view()
 7 SYSTEMPATH/CodeIgniter.php(502): CodeIgniter\CodeIgniter->runController(Object(App\Controllers\NomineeInfo))
 8 SYSTEMPATH/CodeIgniter.php(361): CodeIgniter\CodeIgniter->handleRequest(null, Object(Config\Cache), false)
 9 FCPATH/index.php(79): CodeIgniter\CodeIgniter->run()
CRITICAL - 2024-05-29 07:39:10 --> Trying to access array offset on value of type null
in APPPATH/Views/nomineeinfo/view.php on line 86.
 1 APPPATH/Views/nomineeinfo/view.php(86): CodeIgniter\Debug\Exceptions->errorHandler(2, 'Trying to access array offset on value of type null', '/home/freelance/public_html/digitalflow/app/Views/nomineeinfo/view.php', 86)
 2 SYSTEMPATH/View/View.php(228): include('/home/freelance/public_html/digitalflow/app/Views/nomineeinfo/view.php')
 3 SYSTEMPATH/View/View.php(231): CodeIgniter\View\View->CodeIgniter\View\{closure}()
 4 SYSTEMPATH/Common.php(1190): CodeIgniter\View\View->render('nomineeinfo/view', [], true)
 5 APPPATH/Controllers/NomineeInfo.php(198): view('nomineeinfo/view', [...])
 6 SYSTEMPATH/CodeIgniter.php(942): App\Controllers\NomineeInfo->view()
 7 SYSTEMPATH/CodeIgniter.php(502): CodeIgniter\CodeIgniter->runController(Object(App\Controllers\NomineeInfo))
 8 SYSTEMPATH/CodeIgniter.php(361): CodeIgniter\CodeIgniter->handleRequest(null, Object(Config\Cache), false)
 9 FCPATH/index.php(79): CodeIgniter\CodeIgniter->run()
CRITICAL - 2024-05-29 07:39:11 --> Trying to access array offset on value of type null
in APPPATH/Views/nomineeinfo/view.php on line 86.
 1 APPPATH/Views/nomineeinfo/view.php(86): CodeIgniter\Debug\Exceptions->errorHandler(2, 'Trying to access array offset on value of type null', '/home/freelance/public_html/digitalflow/app/Views/nomineeinfo/view.php', 86)
 2 SYSTEMPATH/View/View.php(228): include('/home/freelance/public_html/digitalflow/app/Views/nomineeinfo/view.php')
 3 SYSTEMPATH/View/View.php(231): CodeIgniter\View\View->CodeIgniter\View\{closure}()
 4 SYSTEMPATH/Common.php(1190): CodeIgniter\View\View->render('nomineeinfo/view', [], true)
 5 APPPATH/Controllers/NomineeInfo.php(198): view('nomineeinfo/view', [...])
 6 SYSTEMPATH/CodeIgniter.php(942): App\Controllers\NomineeInfo->view()
 7 SYSTEMPATH/CodeIgniter.php(502): CodeIgniter\CodeIgniter->runController(Object(App\Controllers\NomineeInfo))
 8 SYSTEMPATH/CodeIgniter.php(361): CodeIgniter\CodeIgniter->handleRequest(null, Object(Config\Cache), false)
 9 FCPATH/index.php(79): CodeIgniter\CodeIgniter->run()
CRITICAL - 2024-05-29 07:40:11 --> Trying to access array offset on value of type null
in APPPATH/Views/nomineeinfo/view.php on line 86.
 1 APPPATH/Views/nomineeinfo/view.php(86): CodeIgniter\Debug\Exceptions->errorHandler(2, 'Trying to access array offset on value of type null', '/home/freelance/public_html/digitalflow/app/Views/nomineeinfo/view.php', 86)
 2 SYSTEMPATH/View/View.php(228): include('/home/freelance/public_html/digitalflow/app/Views/nomineeinfo/view.php')
 3 SYSTEMPATH/View/View.php(231): CodeIgniter\View\View->CodeIgniter\View\{closure}()
 4 SYSTEMPATH/Common.php(1190): CodeIgniter\View\View->render('nomineeinfo/view', [], true)
 5 APPPATH/Controllers/NomineeInfo.php(198): view('nomineeinfo/view', [...])
 6 SYSTEMPATH/CodeIgniter.php(942): App\Controllers\NomineeInfo->view()
 7 SYSTEMPATH/CodeIgniter.php(502): CodeIgniter\CodeIgniter->runController(Object(App\Controllers\NomineeInfo))
 8 SYSTEMPATH/CodeIgniter.php(361): CodeIgniter\CodeIgniter->handleRequest(null, Object(Config\Cache), false)
 9 FCPATH/index.php(79): CodeIgniter\CodeIgniter->run()
CRITICAL - 2024-05-29 07:40:12 --> Trying to access array offset on value of type null
in APPPATH/Views/nomineeinfo/view.php on line 86.
 1 APPPATH/Views/nomineeinfo/view.php(86): CodeIgniter\Debug\Exceptions->errorHandler(2, 'Trying to access array offset on value of type null', '/home/freelance/public_html/digitalflow/app/Views/nomineeinfo/view.php', 86)
 2 SYSTEMPATH/View/View.php(228): include('/home/freelance/public_html/digitalflow/app/Views/nomineeinfo/view.php')
 3 SYSTEMPATH/View/View.php(231): CodeIgniter\View\View->CodeIgniter\View\{closure}()
 4 SYSTEMPATH/Common.php(1190): CodeIgniter\View\View->render('nomineeinfo/view', [], true)
 5 APPPATH/Controllers/NomineeInfo.php(198): view('nomineeinfo/view', [...])
 6 SYSTEMPATH/CodeIgniter.php(942): App\Controllers\NomineeInfo->view()
 7 SYSTEMPATH/CodeIgniter.php(502): CodeIgniter\CodeIgniter->runController(Object(App\Controllers\NomineeInfo))
 8 SYSTEMPATH/CodeIgniter.php(361): CodeIgniter\CodeIgniter->handleRequest(null, Object(Config\Cache), false)
 9 FCPATH/index.php(79): CodeIgniter\CodeIgniter->run()
CRITICAL - 2024-05-29 07:40:19 --> Trying to access array offset on value of type null
in APPPATH/Views/nomineeinfo/view.php on line 86.
 1 APPPATH/Views/nomineeinfo/view.php(86): CodeIgniter\Debug\Exceptions->errorHandler(2, 'Trying to access array offset on value of type null', '/home/freelance/public_html/digitalflow/app/Views/nomineeinfo/view.php', 86)
 2 SYSTEMPATH/View/View.php(228): include('/home/freelance/public_html/digitalflow/app/Views/nomineeinfo/view.php')
 3 SYSTEMPATH/View/View.php(231): CodeIgniter\View\View->CodeIgniter\View\{closure}()
 4 SYSTEMPATH/Common.php(1190): CodeIgniter\View\View->render('nomineeinfo/view', [], true)
 5 APPPATH/Controllers/NomineeInfo.php(198): view('nomineeinfo/view', [...])
 6 SYSTEMPATH/CodeIgniter.php(942): App\Controllers\NomineeInfo->view()
 7 SYSTEMPATH/CodeIgniter.php(502): CodeIgniter\CodeIgniter->runController(Object(App\Controllers\NomineeInfo))
 8 SYSTEMPATH/CodeIgniter.php(361): CodeIgniter\CodeIgniter->handleRequest(null, Object(Config\Cache), false)
 9 FCPATH/index.php(79): CodeIgniter\CodeIgniter->run()
CRITICAL - 2024-05-29 07:40:20 --> Trying to access array offset on value of type null
in APPPATH/Views/nomineeinfo/view.php on line 86.
 1 APPPATH/Views/nomineeinfo/view.php(86): CodeIgniter\Debug\Exceptions->errorHandler(2, 'Trying to access array offset on value of type null', '/home/freelance/public_html/digitalflow/app/Views/nomineeinfo/view.php', 86)
 2 SYSTEMPATH/View/View.php(228): include('/home/freelance/public_html/digitalflow/app/Views/nomineeinfo/view.php')
 3 SYSTEMPATH/View/View.php(231): CodeIgniter\View\View->CodeIgniter\View\{closure}()
 4 SYSTEMPATH/Common.php(1190): CodeIgniter\View\View->render('nomineeinfo/view', [], true)
 5 APPPATH/Controllers/NomineeInfo.php(198): view('nomineeinfo/view', [...])
 6 SYSTEMPATH/CodeIgniter.php(942): App\Controllers\NomineeInfo->view()
 7 SYSTEMPATH/CodeIgniter.php(502): CodeIgniter\CodeIgniter->runController(Object(App\Controllers\NomineeInfo))
 8 SYSTEMPATH/CodeIgniter.php(361): CodeIgniter\CodeIgniter->handleRequest(null, Object(Config\Cache), false)
 9 FCPATH/index.php(79): CodeIgniter\CodeIgniter->run()
CRITICAL - 2024-05-29 07:40:29 --> Trying to access array offset on value of type null
in APPPATH/Views/nomineeinfo/view.php on line 86.
 1 APPPATH/Views/nomineeinfo/view.php(86): CodeIgniter\Debug\Exceptions->errorHandler(2, 'Trying to access array offset on value of type null', '/home/freelance/public_html/digitalflow/app/Views/nomineeinfo/view.php', 86)
 2 SYSTEMPATH/View/View.php(228): include('/home/freelance/public_html/digitalflow/app/Views/nomineeinfo/view.php')
 3 SYSTEMPATH/View/View.php(231): CodeIgniter\View\View->CodeIgniter\View\{closure}()
 4 SYSTEMPATH/Common.php(1190): CodeIgniter\View\View->render('nomineeinfo/view', [], true)
 5 APPPATH/Controllers/NomineeInfo.php(198): view('nomineeinfo/view', [...])
 6 SYSTEMPATH/CodeIgniter.php(942): App\Controllers\NomineeInfo->view()
 7 SYSTEMPATH/CodeIgniter.php(502): CodeIgniter\CodeIgniter->runController(Object(App\Controllers\NomineeInfo))
 8 SYSTEMPATH/CodeIgniter.php(361): CodeIgniter\CodeIgniter->handleRequest(null, Object(Config\Cache), false)
 9 FCPATH/index.php(79): CodeIgniter\CodeIgniter->run()
CRITICAL - 2024-05-29 07:40:41 --> Trying to access array offset on value of type null
in APPPATH/Views/nomineeinfo/view.php on line 86.
 1 APPPATH/Views/nomineeinfo/view.php(86): CodeIgniter\Debug\Exceptions->errorHandler(2, 'Trying to access array offset on value of type null', '/home/freelance/public_html/digitalflow/app/Views/nomineeinfo/view.php', 86)
 2 SYSTEMPATH/View/View.php(228): include('/home/freelance/public_html/digitalflow/app/Views/nomineeinfo/view.php')
 3 SYSTEMPATH/View/View.php(231): CodeIgniter\View\View->CodeIgniter\View\{closure}()
 4 SYSTEMPATH/Common.php(1190): CodeIgniter\View\View->render('nomineeinfo/view', [], true)
 5 APPPATH/Controllers/NomineeInfo.php(198): view('nomineeinfo/view', [...])
 6 SYSTEMPATH/CodeIgniter.php(942): App\Controllers\NomineeInfo->view()
 7 SYSTEMPATH/CodeIgniter.php(502): CodeIgniter\CodeIgniter->runController(Object(App\Controllers\NomineeInfo))
 8 SYSTEMPATH/CodeIgniter.php(361): CodeIgniter\CodeIgniter->handleRequest(null, Object(Config\Cache), false)
 9 FCPATH/index.php(79): CodeIgniter\CodeIgniter->run()
CRITICAL - 2024-05-29 07:40:42 --> Trying to access array offset on value of type null
in APPPATH/Views/nomineeinfo/view.php on line 86.
 1 APPPATH/Views/nomineeinfo/view.php(86): CodeIgniter\Debug\Exceptions->errorHandler(2, 'Trying to access array offset on value of type null', '/home/freelance/public_html/digitalflow/app/Views/nomineeinfo/view.php', 86)
 2 SYSTEMPATH/View/View.php(228): include('/home/freelance/public_html/digitalflow/app/Views/nomineeinfo/view.php')
 3 SYSTEMPATH/View/View.php(231): CodeIgniter\View\View->CodeIgniter\View\{closure}()
 4 SYSTEMPATH/Common.php(1190): CodeIgniter\View\View->render('nomineeinfo/view', [], true)
 5 APPPATH/Controllers/NomineeInfo.php(198): view('nomineeinfo/view', [...])
 6 SYSTEMPATH/CodeIgniter.php(942): App\Controllers\NomineeInfo->view()
 7 SYSTEMPATH/CodeIgniter.php(502): CodeIgniter\CodeIgniter->runController(Object(App\Controllers\NomineeInfo))
 8 SYSTEMPATH/CodeIgniter.php(361): CodeIgniter\CodeIgniter->handleRequest(null, Object(Config\Cache), false)
 9 FCPATH/index.php(79): CodeIgniter\CodeIgniter->run()
CRITICAL - 2024-05-29 07:40:44 --> Trying to access array offset on value of type null
in APPPATH/Views/nomineeinfo/view.php on line 86.
 1 APPPATH/Views/nomineeinfo/view.php(86): CodeIgniter\Debug\Exceptions->errorHandler(2, 'Trying to access array offset on value of type null', '/home/freelance/public_html/digitalflow/app/Views/nomineeinfo/view.php', 86)
 2 SYSTEMPATH/View/View.php(228): include('/home/freelance/public_html/digitalflow/app/Views/nomineeinfo/view.php')
 3 SYSTEMPATH/View/View.php(231): CodeIgniter\View\View->CodeIgniter\View\{closure}()
 4 SYSTEMPATH/Common.php(1190): CodeIgniter\View\View->render('nomineeinfo/view', [], true)
 5 APPPATH/Controllers/NomineeInfo.php(198): view('nomineeinfo/view', [...])
 6 SYSTEMPATH/CodeIgniter.php(942): App\Controllers\NomineeInfo->view()
 7 SYSTEMPATH/CodeIgniter.php(502): CodeIgniter\CodeIgniter->runController(Object(App\Controllers\NomineeInfo))
 8 SYSTEMPATH/CodeIgniter.php(361): CodeIgniter\CodeIgniter->handleRequest(null, Object(Config\Cache), false)
 9 FCPATH/index.php(79): CodeIgniter\CodeIgniter->run()
CRITICAL - 2024-05-29 07:40:57 --> Trying to access array offset on value of type null
in APPPATH/Views/nomineeinfo/view.php on line 86.
 1 APPPATH/Views/nomineeinfo/view.php(86): CodeIgniter\Debug\Exceptions->errorHandler(2, 'Trying to access array offset on value of type null', '/home/freelance/public_html/digitalflow/app/Views/nomineeinfo/view.php', 86)
 2 SYSTEMPATH/View/View.php(228): include('/home/freelance/public_html/digitalflow/app/Views/nomineeinfo/view.php')
 3 SYSTEMPATH/View/View.php(231): CodeIgniter\View\View->CodeIgniter\View\{closure}()
 4 SYSTEMPATH/Common.php(1190): CodeIgniter\View\View->render('nomineeinfo/view', [], true)
 5 APPPATH/Controllers/NomineeInfo.php(198): view('nomineeinfo/view', [...])
 6 SYSTEMPATH/CodeIgniter.php(942): App\Controllers\NomineeInfo->view()
 7 SYSTEMPATH/CodeIgniter.php(502): CodeIgniter\CodeIgniter->runController(Object(App\Controllers\NomineeInfo))
 8 SYSTEMPATH/CodeIgniter.php(361): CodeIgniter\CodeIgniter->handleRequest(null, Object(Config\Cache), false)
 9 FCPATH/index.php(79): CodeIgniter\CodeIgniter->run()
CRITICAL - 2024-05-29 07:40:59 --> Trying to access array offset on value of type null
in APPPATH/Views/nomineeinfo/view.php on line 86.
 1 APPPATH/Views/nomineeinfo/view.php(86): CodeIgniter\Debug\Exceptions->errorHandler(2, 'Trying to access array offset on value of type null', '/home/freelance/public_html/digitalflow/app/Views/nomineeinfo/view.php', 86)
 2 SYSTEMPATH/View/View.php(228): include('/home/freelance/public_html/digitalflow/app/Views/nomineeinfo/view.php')
 3 SYSTEMPATH/View/View.php(231): CodeIgniter\View\View->CodeIgniter\View\{closure}()
 4 SYSTEMPATH/Common.php(1190): CodeIgniter\View\View->render('nomineeinfo/view', [], true)
 5 APPPATH/Controllers/NomineeInfo.php(198): view('nomineeinfo/view', [...])
 6 SYSTEMPATH/CodeIgniter.php(942): App\Controllers\NomineeInfo->view()
 7 SYSTEMPATH/CodeIgniter.php(502): CodeIgniter\CodeIgniter->runController(Object(App\Controllers\NomineeInfo))
 8 SYSTEMPATH/CodeIgniter.php(361): CodeIgniter\CodeIgniter->handleRequest(null, Object(Config\Cache), false)
 9 FCPATH/index.php(79): CodeIgniter\CodeIgniter->run()
CRITICAL - 2024-05-29 07:42:46 --> Trying to access array offset on value of type null
in APPPATH/Views/nomineeinfo/view.php on line 86.
 1 APPPATH/Views/nomineeinfo/view.php(86): CodeIgniter\Debug\Exceptions->errorHandler(2, 'Trying to access array offset on value of type null', '/home/freelance/public_html/digitalflow/app/Views/nomineeinfo/view.php', 86)
 2 SYSTEMPATH/View/View.php(228): include('/home/freelance/public_html/digitalflow/app/Views/nomineeinfo/view.php')
 3 SYSTEMPATH/View/View.php(231): CodeIgniter\View\View->CodeIgniter\View\{closure}()
 4 SYSTEMPATH/Common.php(1190): CodeIgniter\View\View->render('nomineeinfo/view', [], true)
 5 APPPATH/Controllers/NomineeInfo.php(201): view('nomineeinfo/view', [...])
 6 SYSTEMPATH/CodeIgniter.php(942): App\Controllers\NomineeInfo->view()
 7 SYSTEMPATH/CodeIgniter.php(502): CodeIgniter\CodeIgniter->runController(Object(App\Controllers\NomineeInfo))
 8 SYSTEMPATH/CodeIgniter.php(361): CodeIgniter\CodeIgniter->handleRequest(null, Object(Config\Cache), false)
 9 FCPATH/index.php(79): CodeIgniter\CodeIgniter->run()
CRITICAL - 2024-05-29 07:43:26 --> Trying to access array offset on value of type null
in APPPATH/Views/nomineeinfo/view.php on line 86.
 1 APPPATH/Views/nomineeinfo/view.php(86): CodeIgniter\Debug\Exceptions->errorHandler(2, 'Trying to access array offset on value of type null', '/home/freelance/public_html/digitalflow/app/Views/nomineeinfo/view.php', 86)
 2 SYSTEMPATH/View/View.php(228): include('/home/freelance/public_html/digitalflow/app/Views/nomineeinfo/view.php')
 3 SYSTEMPATH/View/View.php(231): CodeIgniter\View\View->CodeIgniter\View\{closure}()
 4 SYSTEMPATH/Common.php(1190): CodeIgniter\View\View->render('nomineeinfo/view', [], true)
 5 APPPATH/Controllers/NomineeInfo.php(201): view('nomineeinfo/view', [...])
 6 SYSTEMPATH/CodeIgniter.php(942): App\Controllers\NomineeInfo->view()
 7 SYSTEMPATH/CodeIgniter.php(502): CodeIgniter\CodeIgniter->runController(Object(App\Controllers\NomineeInfo))
 8 SYSTEMPATH/CodeIgniter.php(361): CodeIgniter\CodeIgniter->handleRequest(null, Object(Config\Cache), false)
 9 FCPATH/index.php(79): CodeIgniter\CodeIgniter->run()
CRITICAL - 2024-05-29 07:43:33 --> Trying to access array offset on value of type null
in APPPATH/Views/nomineeinfo/view.php on line 86.
 1 APPPATH/Views/nomineeinfo/view.php(86): CodeIgniter\Debug\Exceptions->errorHandler(2, 'Trying to access array offset on value of type null', '/home/freelance/public_html/digitalflow/app/Views/nomineeinfo/view.php', 86)
 2 SYSTEMPATH/View/View.php(228): include('/home/freelance/public_html/digitalflow/app/Views/nomineeinfo/view.php')
 3 SYSTEMPATH/View/View.php(231): CodeIgniter\View\View->CodeIgniter\View\{closure}()
 4 SYSTEMPATH/Common.php(1190): CodeIgniter\View\View->render('nomineeinfo/view', [], true)
 5 APPPATH/Controllers/NomineeInfo.php(201): view('nomineeinfo/view', [...])
 6 SYSTEMPATH/CodeIgniter.php(942): App\Controllers\NomineeInfo->view()
 7 SYSTEMPATH/CodeIgniter.php(502): CodeIgniter\CodeIgniter->runController(Object(App\Controllers\NomineeInfo))
 8 SYSTEMPATH/CodeIgniter.php(361): CodeIgniter\CodeIgniter->handleRequest(null, Object(Config\Cache), false)
 9 FCPATH/index.php(79): CodeIgniter\CodeIgniter->run()
CRITICAL - 2024-05-29 08:06:29 --> Undefined variable $session
in APPPATH/Controllers/EducationalInfo.php on line 131.
 1 APPPATH/Controllers/EducationalInfo.php(131): CodeIgniter\Debug\Exceptions->errorHandler(2, 'Undefined variable $session', '/home/freelance/public_html/digitalflow/app/Controllers/EducationalInfo.php', 131)
 2 SYSTEMPATH/CodeIgniter.php(942): App\Controllers\EducationalInfo->view()
 3 SYSTEMPATH/CodeIgniter.php(502): CodeIgniter\CodeIgniter->runController(Object(App\Controllers\EducationalInfo))
 4 SYSTEMPATH/CodeIgniter.php(361): CodeIgniter\CodeIgniter->handleRequest(null, Object(Config\Cache), false)
 5 FCPATH/index.php(79): CodeIgniter\CodeIgniter->run()
CRITICAL - 2024-05-29 08:07:19 --> Class "App\Controllers\CompanyWorkInfoModel" not found
in APPPATH/Controllers/EducationalInfo.php on line 138.
 1 SYSTEMPATH/CodeIgniter.php(942): App\Controllers\EducationalInfo->view()
 2 SYSTEMPATH/CodeIgniter.php(502): CodeIgniter\CodeIgniter->runController(Object(App\Controllers\EducationalInfo))
 3 SYSTEMPATH/CodeIgniter.php(361): CodeIgniter\CodeIgniter->handleRequest(null, Object(Config\Cache), false)
 4 FCPATH/index.php(79): CodeIgniter\CodeIgniter->run()
CRITICAL - 2024-05-29 08:07:42 --> Trying to access array offset on value of type null
in APPPATH/Views/educationalinfo/view.php on line 74.
 1 APPPATH/Views/educationalinfo/view.php(74): CodeIgniter\Debug\Exceptions->errorHandler(2, 'Trying to access array offset on value of type null', '/home/freelance/public_html/digitalflow/app/Views/educationalinfo/view.php', 74)
 2 SYSTEMPATH/View/View.php(228): include('/home/freelance/public_html/digitalflow/app/Views/educationalinfo/view.php')
 3 SYSTEMPATH/View/View.php(231): CodeIgniter\View\View->CodeIgniter\View\{closure}()
 4 SYSTEMPATH/Common.php(1190): CodeIgniter\View\View->render('educationalinfo/view', [], true)
 5 APPPATH/Controllers/EducationalInfo.php(162): view('educationalinfo/view', [...])
 6 SYSTEMPATH/CodeIgniter.php(942): App\Controllers\EducationalInfo->view()
 7 SYSTEMPATH/CodeIgniter.php(502): CodeIgniter\CodeIgniter->runController(Object(App\Controllers\EducationalInfo))
 8 SYSTEMPATH/CodeIgniter.php(361): CodeIgniter\CodeIgniter->handleRequest(null, Object(Config\Cache), false)
 9 FCPATH/index.php(79): CodeIgniter\CodeIgniter->run()
CRITICAL - 2024-05-29 08:08:55 --> Trying to access array offset on value of type null
in APPPATH/Views/educationalinfo/view.php on line 74.
 1 APPPATH/Views/educationalinfo/view.php(74): CodeIgniter\Debug\Exceptions->errorHandler(2, 'Trying to access array offset on value of type null', '/home/freelance/public_html/digitalflow/app/Views/educationalinfo/view.php', 74)
 2 SYSTEMPATH/View/View.php(228): include('/home/freelance/public_html/digitalflow/app/Views/educationalinfo/view.php')
 3 SYSTEMPATH/View/View.php(231): CodeIgniter\View\View->CodeIgniter\View\{closure}()
 4 SYSTEMPATH/Common.php(1190): CodeIgniter\View\View->render('educationalinfo/view', [], true)
 5 APPPATH/Controllers/EducationalInfo.php(162): view('educationalinfo/view', [...])
 6 SYSTEMPATH/CodeIgniter.php(942): App\Controllers\EducationalInfo->view()
 7 SYSTEMPATH/CodeIgniter.php(502): CodeIgniter\CodeIgniter->runController(Object(App\Controllers\EducationalInfo))
 8 SYSTEMPATH/CodeIgniter.php(361): CodeIgniter\CodeIgniter->handleRequest(null, Object(Config\Cache), false)
 9 FCPATH/index.php(79): CodeIgniter\CodeIgniter->run()
CRITICAL - 2024-05-29 08:08:57 --> Trying to access array offset on value of type null
in APPPATH/Views/educationalinfo/view.php on line 74.
 1 APPPATH/Views/educationalinfo/view.php(74): CodeIgniter\Debug\Exceptions->errorHandler(2, 'Trying to access array offset on value of type null', '/home/freelance/public_html/digitalflow/app/Views/educationalinfo/view.php', 74)
 2 SYSTEMPATH/View/View.php(228): include('/home/freelance/public_html/digitalflow/app/Views/educationalinfo/view.php')
 3 SYSTEMPATH/View/View.php(231): CodeIgniter\View\View->CodeIgniter\View\{closure}()
 4 SYSTEMPATH/Common.php(1190): CodeIgniter\View\View->render('educationalinfo/view', [], true)
 5 APPPATH/Controllers/EducationalInfo.php(162): view('educationalinfo/view', [...])
 6 SYSTEMPATH/CodeIgniter.php(942): App\Controllers\EducationalInfo->view()
 7 SYSTEMPATH/CodeIgniter.php(502): CodeIgniter\CodeIgniter->runController(Object(App\Controllers\EducationalInfo))
 8 SYSTEMPATH/CodeIgniter.php(361): CodeIgniter\CodeIgniter->handleRequest(null, Object(Config\Cache), false)
 9 FCPATH/index.php(79): CodeIgniter\CodeIgniter->run()
CRITICAL - 2024-05-29 08:09:44 --> Trying to access array offset on value of type null
in APPPATH/Views/educationalinfo/view.php on line 74.
 1 APPPATH/Views/educationalinfo/view.php(74): CodeIgniter\Debug\Exceptions->errorHandler(2, 'Trying to access array offset on value of type null', '/home/freelance/public_html/digitalflow/app/Views/educationalinfo/view.php', 74)
 2 SYSTEMPATH/View/View.php(228): include('/home/freelance/public_html/digitalflow/app/Views/educationalinfo/view.php')
 3 SYSTEMPATH/View/View.php(231): CodeIgniter\View\View->CodeIgniter\View\{closure}()
 4 SYSTEMPATH/Common.php(1190): CodeIgniter\View\View->render('educationalinfo/view', [], true)
 5 APPPATH/Controllers/EducationalInfo.php(162): view('educationalinfo/view', [...])
 6 SYSTEMPATH/CodeIgniter.php(942): App\Controllers\EducationalInfo->view()
 7 SYSTEMPATH/CodeIgniter.php(502): CodeIgniter\CodeIgniter->runController(Object(App\Controllers\EducationalInfo))
 8 SYSTEMPATH/CodeIgniter.php(361): CodeIgniter\CodeIgniter->handleRequest(null, Object(Config\Cache), false)
 9 FCPATH/index.php(79): CodeIgniter\CodeIgniter->run()
CRITICAL - 2024-05-29 08:10:58 --> Trying to access array offset on value of type null
in APPPATH/Views/educationalinfo/view.php on line 74.
 1 APPPATH/Views/educationalinfo/view.php(74): CodeIgniter\Debug\Exceptions->errorHandler(2, 'Trying to access array offset on value of type null', '/home/freelance/public_html/digitalflow/app/Views/educationalinfo/view.php', 74)
 2 SYSTEMPATH/View/View.php(228): include('/home/freelance/public_html/digitalflow/app/Views/educationalinfo/view.php')
 3 SYSTEMPATH/View/View.php(231): CodeIgniter\View\View->CodeIgniter\View\{closure}()
 4 SYSTEMPATH/Common.php(1190): CodeIgniter\View\View->render('educationalinfo/view', [], true)
 5 APPPATH/Controllers/EducationalInfo.php(162): view('educationalinfo/view', [...])
 6 SYSTEMPATH/CodeIgniter.php(942): App\Controllers\EducationalInfo->view()
 7 SYSTEMPATH/CodeIgniter.php(502): CodeIgniter\CodeIgniter->runController(Object(App\Controllers\EducationalInfo))
 8 SYSTEMPATH/CodeIgniter.php(361): CodeIgniter\CodeIgniter->handleRequest(null, Object(Config\Cache), false)
 9 FCPATH/index.php(79): CodeIgniter\CodeIgniter->run()
CRITICAL - 2024-05-29 09:27:10 --> Undefined variable $session
in APPPATH/Controllers/ExperienceInfo.php on line 129.
 1 APPPATH/Controllers/ExperienceInfo.php(129): CodeIgniter\Debug\Exceptions->errorHandler(2, 'Undefined variable $session', '/home/freelance/public_html/digitalflow/app/Controllers/ExperienceInfo.php', 129)
 2 SYSTEMPATH/CodeIgniter.php(942): App\Controllers\ExperienceInfo->view()
 3 SYSTEMPATH/CodeIgniter.php(502): CodeIgniter\CodeIgniter->runController(Object(App\Controllers\ExperienceInfo))
 4 SYSTEMPATH/CodeIgniter.php(361): CodeIgniter\CodeIgniter->handleRequest(null, Object(Config\Cache), false)
 5 FCPATH/index.php(79): CodeIgniter\CodeIgniter->run()
CRITICAL - 2024-05-29 09:28:31 --> Class "App\Controllers\CompanyWorkInfoModel" not found
in APPPATH/Controllers/ExperienceInfo.php on line 137.
 1 SYSTEMPATH/CodeIgniter.php(942): App\Controllers\ExperienceInfo->view()
 2 SYSTEMPATH/CodeIgniter.php(502): CodeIgniter\CodeIgniter->runController(Object(App\Controllers\ExperienceInfo))
 3 SYSTEMPATH/CodeIgniter.php(361): CodeIgniter\CodeIgniter->handleRequest(null, Object(Config\Cache), false)
 4 FCPATH/index.php(79): CodeIgniter\CodeIgniter->run()
CRITICAL - 2024-05-29 09:28:54 --> Trying to access array offset on value of type null
in APPPATH/Views/experienceinfo/view.php on line 86.
 1 APPPATH/Views/experienceinfo/view.php(86): CodeIgniter\Debug\Exceptions->errorHandler(2, 'Trying to access array offset on value of type null', '/home/freelance/public_html/digitalflow/app/Views/experienceinfo/view.php', 86)
 2 SYSTEMPATH/View/View.php(228): include('/home/freelance/public_html/digitalflow/app/Views/experienceinfo/view.php')
 3 SYSTEMPATH/View/View.php(231): CodeIgniter\View\View->CodeIgniter\View\{closure}()
 4 SYSTEMPATH/Common.php(1190): CodeIgniter\View\View->render('experienceinfo/view', [], true)
 5 APPPATH/Controllers/ExperienceInfo.php(167): view('experienceinfo/view', [...])
 6 SYSTEMPATH/CodeIgniter.php(942): App\Controllers\ExperienceInfo->view()
 7 SYSTEMPATH/CodeIgniter.php(502): CodeIgniter\CodeIgniter->runController(Object(App\Controllers\ExperienceInfo))
 8 SYSTEMPATH/CodeIgniter.php(361): CodeIgniter\CodeIgniter->handleRequest(null, Object(Config\Cache), false)
 9 FCPATH/index.php(79): CodeIgniter\CodeIgniter->run()
CRITICAL - 2024-05-29 09:30:16 --> Trying to access array offset on value of type null
in APPPATH/Views/experienceinfo/view.php on line 86.
 1 APPPATH/Views/experienceinfo/view.php(86): CodeIgniter\Debug\Exceptions->errorHandler(2, 'Trying to access array offset on value of type null', '/home/freelance/public_html/digitalflow/app/Views/experienceinfo/view.php', 86)
 2 SYSTEMPATH/View/View.php(228): include('/home/freelance/public_html/digitalflow/app/Views/experienceinfo/view.php')
 3 SYSTEMPATH/View/View.php(231): CodeIgniter\View\View->CodeIgniter\View\{closure}()
 4 SYSTEMPATH/Common.php(1190): CodeIgniter\View\View->render('experienceinfo/view', [], true)
 5 APPPATH/Controllers/ExperienceInfo.php(167): view('experienceinfo/view', [...])
 6 SYSTEMPATH/CodeIgniter.php(942): App\Controllers\ExperienceInfo->view()
 7 SYSTEMPATH/CodeIgniter.php(502): CodeIgniter\CodeIgniter->runController(Object(App\Controllers\ExperienceInfo))
 8 SYSTEMPATH/CodeIgniter.php(361): CodeIgniter\CodeIgniter->handleRequest(null, Object(Config\Cache), false)
 9 FCPATH/index.php(79): CodeIgniter\CodeIgniter->run()
CRITICAL - 2024-05-29 09:31:04 --> Trying to access array offset on value of type null
in APPPATH/Views/experienceinfo/view.php on line 86.
 1 APPPATH/Views/experienceinfo/view.php(86): CodeIgniter\Debug\Exceptions->errorHandler(2, 'Trying to access array offset on value of type null', '/home/freelance/public_html/digitalflow/app/Views/experienceinfo/view.php', 86)
 2 SYSTEMPATH/View/View.php(228): include('/home/freelance/public_html/digitalflow/app/Views/experienceinfo/view.php')
 3 SYSTEMPATH/View/View.php(231): CodeIgniter\View\View->CodeIgniter\View\{closure}()
 4 SYSTEMPATH/Common.php(1190): CodeIgniter\View\View->render('experienceinfo/view', [], true)
 5 APPPATH/Controllers/ExperienceInfo.php(167): view('experienceinfo/view', [...])
 6 SYSTEMPATH/CodeIgniter.php(942): App\Controllers\ExperienceInfo->view()
 7 SYSTEMPATH/CodeIgniter.php(502): CodeIgniter\CodeIgniter->runController(Object(App\Controllers\ExperienceInfo))
 8 SYSTEMPATH/CodeIgniter.php(361): CodeIgniter\CodeIgniter->handleRequest(null, Object(Config\Cache), false)
 9 FCPATH/index.php(79): CodeIgniter\CodeIgniter->run()
CRITICAL - 2024-05-29 09:37:35 --> Undefined variable $users
in APPPATH/Controllers/CompanyWorkInfo.php on line 145.
 1 APPPATH/Controllers/CompanyWorkInfo.php(145): CodeIgniter\Debug\Exceptions->errorHandler(2, 'Undefined variable $users', '/home/freelance/public_html/digitalflow/app/Controllers/CompanyWorkInfo.php', 145)
 2 SYSTEMPATH/CodeIgniter.php(942): App\Controllers\CompanyWorkInfo->view()
 3 SYSTEMPATH/CodeIgniter.php(502): CodeIgniter\CodeIgniter->runController(Object(App\Controllers\CompanyWorkInfo))
 4 SYSTEMPATH/CodeIgniter.php(361): CodeIgniter\CodeIgniter->handleRequest(null, Object(Config\Cache), false)
 5 FCPATH/index.php(79): CodeIgniter\CodeIgniter->run()
CRITICAL - 2024-05-29 09:38:56 --> Undefined variable $users
in APPPATH/Controllers/CompanyWorkInfo.php on line 145.
 1 APPPATH/Controllers/CompanyWorkInfo.php(145): CodeIgniter\Debug\Exceptions->errorHandler(2, 'Undefined variable $users', '/home/freelance/public_html/digitalflow/app/Controllers/CompanyWorkInfo.php', 145)
 2 SYSTEMPATH/CodeIgniter.php(942): App\Controllers\CompanyWorkInfo->view()
 3 SYSTEMPATH/CodeIgniter.php(502): CodeIgniter\CodeIgniter->runController(Object(App\Controllers\CompanyWorkInfo))
 4 SYSTEMPATH/CodeIgniter.php(361): CodeIgniter\CodeIgniter->handleRequest(null, Object(Config\Cache), false)
 5 FCPATH/index.php(79): CodeIgniter\CodeIgniter->run()
CRITICAL - 2024-05-29 09:57:03 --> Class "App\Controllers\CompanyWorkInfoModel" not found
in APPPATH/Controllers/EmploymentInfo.php on line 128.
 1 SYSTEMPATH/CodeIgniter.php(942): App\Controllers\EmploymentInfo->view()
 2 SYSTEMPATH/CodeIgniter.php(502): CodeIgniter\CodeIgniter->runController(Object(App\Controllers\EmploymentInfo))
 3 SYSTEMPATH/CodeIgniter.php(361): CodeIgniter\CodeIgniter->handleRequest(null, Object(Config\Cache), false)
 4 FCPATH/index.php(79): CodeIgniter\CodeIgniter->run()
CRITICAL - 2024-05-29 09:57:34 --> Trying to access array offset on value of type null
in APPPATH/Views/employmentinfo/view.php on line 79.
 1 APPPATH/Views/employmentinfo/view.php(79): CodeIgniter\Debug\Exceptions->errorHandler(2, 'Trying to access array offset on value of type null', '/home/freelance/public_html/digitalflow/app/Views/employmentinfo/view.php', 79)
 2 SYSTEMPATH/View/View.php(228): include('/home/freelance/public_html/digitalflow/app/Views/employmentinfo/view.php')
 3 SYSTEMPATH/View/View.php(231): CodeIgniter\View\View->CodeIgniter\View\{closure}()
 4 SYSTEMPATH/Common.php(1190): CodeIgniter\View\View->render('employmentinfo/view', [], true)
 5 APPPATH/Controllers/EmploymentInfo.php(151): view('employmentinfo/view', [...])
 6 SYSTEMPATH/CodeIgniter.php(942): App\Controllers\EmploymentInfo->view()
 7 SYSTEMPATH/CodeIgniter.php(502): CodeIgniter\CodeIgniter->runController(Object(App\Controllers\EmploymentInfo))
 8 SYSTEMPATH/CodeIgniter.php(361): CodeIgniter\CodeIgniter->handleRequest(null, Object(Config\Cache), false)
 9 FCPATH/index.php(79): CodeIgniter\CodeIgniter->run()
CRITICAL - 2024-05-29 09:57:59 --> Trying to access array offset on value of type null
in APPPATH/Views/employmentinfo/view.php on line 79.
 1 APPPATH/Views/employmentinfo/view.php(79): CodeIgniter\Debug\Exceptions->errorHandler(2, 'Trying to access array offset on value of type null', '/home/freelance/public_html/digitalflow/app/Views/employmentinfo/view.php', 79)
 2 SYSTEMPATH/View/View.php(228): include('/home/freelance/public_html/digitalflow/app/Views/employmentinfo/view.php')
 3 SYSTEMPATH/View/View.php(231): CodeIgniter\View\View->CodeIgniter\View\{closure}()
 4 SYSTEMPATH/Common.php(1190): CodeIgniter\View\View->render('employmentinfo/view', [], true)
 5 APPPATH/Controllers/EmploymentInfo.php(151): view('employmentinfo/view', [...])
 6 SYSTEMPATH/CodeIgniter.php(942): App\Controllers\EmploymentInfo->view()
 7 SYSTEMPATH/CodeIgniter.php(502): CodeIgniter\CodeIgniter->runController(Object(App\Controllers\EmploymentInfo))
 8 SYSTEMPATH/CodeIgniter.php(361): CodeIgniter\CodeIgniter->handleRequest(null, Object(Config\Cache), false)
 9 FCPATH/index.php(79): CodeIgniter\CodeIgniter->run()
CRITICAL - 2024-05-29 10:09:32 --> Trying to access array offset on value of type null
in APPPATH/Views/companyresigninfo/view.php on line 75.
 1 APPPATH/Views/companyresigninfo/view.php(75): CodeIgniter\Debug\Exceptions->errorHandler(2, 'Trying to access array offset on value of type null', '/home/freelance/public_html/digitalflow/app/Views/companyresigninfo/view.php', 75)
 2 SYSTEMPATH/View/View.php(228): include('/home/freelance/public_html/digitalflow/app/Views/companyresigninfo/view.php')
 3 SYSTEMPATH/View/View.php(231): CodeIgniter\View\View->CodeIgniter\View\{closure}()
 4 SYSTEMPATH/Common.php(1190): CodeIgniter\View\View->render('companyresigninfo/view', [], true)
 5 APPPATH/Controllers/CompanyResignInfo.php(142): view('companyresigninfo/view', [...])
 6 SYSTEMPATH/CodeIgniter.php(942): App\Controllers\CompanyResignInfo->view()
 7 SYSTEMPATH/CodeIgniter.php(502): CodeIgniter\CodeIgniter->runController(Object(App\Controllers\CompanyResignInfo))
 8 SYSTEMPATH/CodeIgniter.php(361): CodeIgniter\CodeIgniter->handleRequest(null, Object(Config\Cache), false)
 9 FCPATH/index.php(79): CodeIgniter\CodeIgniter->run()
