CRITICAL - 2024-05-18 07:41:37 --> Undefined array key 0
in APPPATH/Controllers/ExperienceInfo.php on line 126.
 1 APPPATH/Controllers/ExperienceInfo.php(126): CodeIgniter\Debug\Exceptions->errorHandler(2, 'Undefined array key 0', '/home/freelance/public_html/digitalflow/app/Controllers/ExperienceInfo.php', 126)
 2 SYSTEMPATH/CodeIgniter.php(942): App\Controllers\ExperienceInfo->list('VFdjOVBRPT0=')
 3 SYSTEMPATH/CodeIgniter.php(502): CodeIgniter\CodeIgniter->runController(Object(App\Controllers\ExperienceInfo))
 4 SYSTEMPATH/CodeIgniter.php(361): CodeIgniter\CodeIgniter->handleRequest(null, Object(Config\Cache), false)
 5 FCPATH/index.php(79): CodeIgniter\CodeIgniter->run()
CRITICAL - 2024-05-18 07:42:07 --> Undefined array key "companyname"
in APPPATH/Controllers/ExperienceInfo.php on line 126.
 1 APPPATH/Controllers/ExperienceInfo.php(126): CodeIgniter\Debug\Exceptions->errorHandler(2, 'Undefined array key "companyname"', '/home/freelance/public_html/digitalflow/app/Controllers/ExperienceInfo.php', 126)
 2 SYSTEMPATH/CodeIgniter.php(942): App\Controllers\ExperienceInfo->list('VFdjOVBRPT0=')
 3 SYSTEMPATH/CodeIgniter.php(502): CodeIgniter\CodeIgniter->runController(Object(App\Controllers\ExperienceInfo))
 4 SYSTEMPATH/CodeIgniter.php(361): CodeIgniter\CodeIgniter->handleRequest(null, Object(Config\Cache), false)
 5 FCPATH/index.php(79): CodeIgniter\CodeIgniter->run()
CRITICAL - 2024-05-18 07:43:56 --> Undefined array key "companyname"
in APPPATH/Controllers/ExperienceInfo.php on line 127.
 1 APPPATH/Controllers/ExperienceInfo.php(127): CodeIgniter\Debug\Exceptions->errorHandler(2, 'Undefined array key "companyname"', '/home/freelance/public_html/digitalflow/app/Controllers/ExperienceInfo.php', 127)
 2 SYSTEMPATH/CodeIgniter.php(942): App\Controllers\ExperienceInfo->list('VFdjOVBRPT0=')
 3 SYSTEMPATH/CodeIgniter.php(502): CodeIgniter\CodeIgniter->runController(Object(App\Controllers\ExperienceInfo))
 4 SYSTEMPATH/CodeIgniter.php(361): CodeIgniter\CodeIgniter->handleRequest(null, Object(Config\Cache), false)
 5 FCPATH/index.php(79): CodeIgniter\CodeIgniter->run()
CRITICAL - 2024-05-18 07:46:55 --> Cannot access offset of type string on string
in APPPATH/Controllers/ExperienceInfo.php on line 129.
 1 SYSTEMPATH/CodeIgniter.php(942): App\Controllers\ExperienceInfo->list('VFdjOVBRPT0=')
 2 SYSTEMPATH/CodeIgniter.php(502): CodeIgniter\CodeIgniter->runController(Object(App\Controllers\ExperienceInfo))
 3 SYSTEMPATH/CodeIgniter.php(361): CodeIgniter\CodeIgniter->handleRequest(null, Object(Config\Cache), false)
 4 FCPATH/index.php(79): CodeIgniter\CodeIgniter->run()
CRITICAL - 2024-05-18 07:47:56 --> Cannot access offset of type string on string
in APPPATH/Controllers/ExperienceInfo.php on line 129.
 1 SYSTEMPATH/CodeIgniter.php(942): App\Controllers\ExperienceInfo->list('VFdjOVBRPT0=')
 2 SYSTEMPATH/CodeIgniter.php(502): CodeIgniter\CodeIgniter->runController(Object(App\Controllers\ExperienceInfo))
 3 SYSTEMPATH/CodeIgniter.php(361): CodeIgniter\CodeIgniter->handleRequest(null, Object(Config\Cache), false)
 4 FCPATH/index.php(79): CodeIgniter\CodeIgniter->run()
CRITICAL - 2024-05-18 07:48:28 --> Cannot access offset of type string on string
in APPPATH/Controllers/ExperienceInfo.php on line 129.
 1 SYSTEMPATH/CodeIgniter.php(942): App\Controllers\ExperienceInfo->list('VFdjOVBRPT0=')
 2 SYSTEMPATH/CodeIgniter.php(502): CodeIgniter\CodeIgniter->runController(Object(App\Controllers\ExperienceInfo))
 3 SYSTEMPATH/CodeIgniter.php(361): CodeIgniter\CodeIgniter->handleRequest(null, Object(Config\Cache), false)
 4 FCPATH/index.php(79): CodeIgniter\CodeIgniter->run()
CRITICAL - 2024-05-18 07:48:42 --> Cannot access offset of type string on string
in APPPATH/Controllers/ExperienceInfo.php on line 129.
 1 SYSTEMPATH/CodeIgniter.php(942): App\Controllers\ExperienceInfo->list('VFdjOVBRPT0=')
 2 SYSTEMPATH/CodeIgniter.php(502): CodeIgniter\CodeIgniter->runController(Object(App\Controllers\ExperienceInfo))
 3 SYSTEMPATH/CodeIgniter.php(361): CodeIgniter\CodeIgniter->handleRequest(null, Object(Config\Cache), false)
 4 FCPATH/index.php(79): CodeIgniter\CodeIgniter->run()
CRITICAL - 2024-05-18 07:49:01 --> Cannot access offset of type string on string
in APPPATH/Controllers/ExperienceInfo.php on line 129.
 1 SYSTEMPATH/CodeIgniter.php(942): App\Controllers\ExperienceInfo->list('VFdjOVBRPT0=')
 2 SYSTEMPATH/CodeIgniter.php(502): CodeIgniter\CodeIgniter->runController(Object(App\Controllers\ExperienceInfo))
 3 SYSTEMPATH/CodeIgniter.php(361): CodeIgniter\CodeIgniter->handleRequest(null, Object(Config\Cache), false)
 4 FCPATH/index.php(79): CodeIgniter\CodeIgniter->run()
CRITICAL - 2024-05-18 07:50:27 --> Array to string conversion
in APPPATH/Controllers/ExperienceInfo.php on line 129.
 1 APPPATH/Controllers/ExperienceInfo.php(129): CodeIgniter\Debug\Exceptions->errorHandler(2, 'Array to string conversion', '/home/freelance/public_html/digitalflow/app/Controllers/ExperienceInfo.php', 129)
 2 SYSTEMPATH/CodeIgniter.php(942): App\Controllers\ExperienceInfo->list('VFdjOVBRPT0=')
 3 SYSTEMPATH/CodeIgniter.php(502): CodeIgniter\CodeIgniter->runController(Object(App\Controllers\ExperienceInfo))
 4 SYSTEMPATH/CodeIgniter.php(361): CodeIgniter\CodeIgniter->handleRequest(null, Object(Config\Cache), false)
 5 FCPATH/index.php(79): CodeIgniter\CodeIgniter->run()
CRITICAL - 2024-05-18 07:56:12 --> Undefined variable $array_onvert
in APPPATH/Controllers/ExperienceInfo.php on line 131.
 1 APPPATH/Controllers/ExperienceInfo.php(131): CodeIgniter\Debug\Exceptions->errorHandler(2, 'Undefined variable $array_onvert', '/home/freelance/public_html/digitalflow/app/Controllers/ExperienceInfo.php', 131)
 2 SYSTEMPATH/CodeIgniter.php(942): App\Controllers\ExperienceInfo->list('VFdjOVBRPT0=')
 3 SYSTEMPATH/CodeIgniter.php(502): CodeIgniter\CodeIgniter->runController(Object(App\Controllers\ExperienceInfo))
 4 SYSTEMPATH/CodeIgniter.php(361): CodeIgniter\CodeIgniter->handleRequest(null, Object(Config\Cache), false)
 5 FCPATH/index.php(79): CodeIgniter\CodeIgniter->run()
CRITICAL - 2024-05-18 07:56:35 --> explode(): Argument #1 ($separator) cannot be empty
in APPPATH/Controllers/ExperienceInfo.php on line 131.
 1 APPPATH/Controllers/ExperienceInfo.php(131): explode('', '[{"companyname":"Neuralarc","duration":"4 years"},{"companyname":"SAPL","duration":"5 years"},{"companyname":"Neuralarc-polachi branch","duration":"5 years"}]')
 2 SYSTEMPATH/CodeIgniter.php(942): App\Controllers\ExperienceInfo->list('VFdjOVBRPT0=')
 3 SYSTEMPATH/CodeIgniter.php(502): CodeIgniter\CodeIgniter->runController(Object(App\Controllers\ExperienceInfo))
 4 SYSTEMPATH/CodeIgniter.php(361): CodeIgniter\CodeIgniter->handleRequest(null, Object(Config\Cache), false)
 5 FCPATH/index.php(79): CodeIgniter\CodeIgniter->run()
CRITICAL - 2024-05-18 07:56:54 --> Undefined variable $json_encode
in APPPATH/Controllers/ExperienceInfo.php on line 132.
 1 APPPATH/Controllers/ExperienceInfo.php(132): CodeIgniter\Debug\Exceptions->errorHandler(2, 'Undefined variable $json_encode', '/home/freelance/public_html/digitalflow/app/Controllers/ExperienceInfo.php', 132)
 2 SYSTEMPATH/CodeIgniter.php(942): App\Controllers\ExperienceInfo->list('VFdjOVBRPT0=')
 3 SYSTEMPATH/CodeIgniter.php(502): CodeIgniter\CodeIgniter->runController(Object(App\Controllers\ExperienceInfo))
 4 SYSTEMPATH/CodeIgniter.php(361): CodeIgniter\CodeIgniter->handleRequest(null, Object(Config\Cache), false)
 5 FCPATH/index.php(79): CodeIgniter\CodeIgniter->run()
CRITICAL - 2024-05-18 07:58:48 --> Undefined array key "companyname"
in APPPATH/Controllers/ExperienceInfo.php on line 132.
 1 APPPATH/Controllers/ExperienceInfo.php(132): CodeIgniter\Debug\Exceptions->errorHandler(2, 'Undefined array key "companyname"', '/home/freelance/public_html/digitalflow/app/Controllers/ExperienceInfo.php', 132)
 2 SYSTEMPATH/CodeIgniter.php(942): App\Controllers\ExperienceInfo->list('VFdjOVBRPT0=')
 3 SYSTEMPATH/CodeIgniter.php(502): CodeIgniter\CodeIgniter->runController(Object(App\Controllers\ExperienceInfo))
 4 SYSTEMPATH/CodeIgniter.php(361): CodeIgniter\CodeIgniter->handleRequest(null, Object(Config\Cache), false)
 5 FCPATH/index.php(79): CodeIgniter\CodeIgniter->run()
CRITICAL - 2024-05-18 07:59:02 --> Cannot access offset of type string on string
in APPPATH/Controllers/ExperienceInfo.php on line 132.
 1 SYSTEMPATH/CodeIgniter.php(942): App\Controllers\ExperienceInfo->list('VFdjOVBRPT0=')
 2 SYSTEMPATH/CodeIgniter.php(502): CodeIgniter\CodeIgniter->runController(Object(App\Controllers\ExperienceInfo))
 3 SYSTEMPATH/CodeIgniter.php(361): CodeIgniter\CodeIgniter->handleRequest(null, Object(Config\Cache), false)
 4 FCPATH/index.php(79): CodeIgniter\CodeIgniter->run()
CRITICAL - 2024-05-18 07:59:59 --> explode(): Argument #1 ($separator) cannot be empty
in APPPATH/Controllers/ExperienceInfo.php on line 131.
 1 APPPATH/Controllers/ExperienceInfo.php(131): explode('', '[{"companyname":"Neuralarc","duration":"4 years"},{"companyname":"SAPL","duration":"5 years"},{"companyname":"Neuralarc-polachi branch","duration":"5 years"}]')
 2 SYSTEMPATH/CodeIgniter.php(942): App\Controllers\ExperienceInfo->list('VFdjOVBRPT0=')
 3 SYSTEMPATH/CodeIgniter.php(502): CodeIgniter\CodeIgniter->runController(Object(App\Controllers\ExperienceInfo))
 4 SYSTEMPATH/CodeIgniter.php(361): CodeIgniter\CodeIgniter->handleRequest(null, Object(Config\Cache), false)
 5 FCPATH/index.php(79): CodeIgniter\CodeIgniter->run()
CRITICAL - 2024-05-18 08:00:08 --> Cannot access offset of type string on string
in APPPATH/Controllers/ExperienceInfo.php on line 132.
 1 SYSTEMPATH/CodeIgniter.php(942): App\Controllers\ExperienceInfo->list('VFdjOVBRPT0=')
 2 SYSTEMPATH/CodeIgniter.php(502): CodeIgniter\CodeIgniter->runController(Object(App\Controllers\ExperienceInfo))
 3 SYSTEMPATH/CodeIgniter.php(361): CodeIgniter\CodeIgniter->handleRequest(null, Object(Config\Cache), false)
 4 FCPATH/index.php(79): CodeIgniter\CodeIgniter->run()
CRITICAL - 2024-05-18 08:13:45 --> Call to undefined function App\Controllers\json()
in APPPATH/Controllers/ExperienceInfo.php on line 129.
 1 SYSTEMPATH/CodeIgniter.php(942): App\Controllers\ExperienceInfo->list('VFdjOVBRPT0=')
 2 SYSTEMPATH/CodeIgniter.php(502): CodeIgniter\CodeIgniter->runController(Object(App\Controllers\ExperienceInfo))
 3 SYSTEMPATH/CodeIgniter.php(361): CodeIgniter\CodeIgniter->handleRequest(null, Object(Config\Cache), false)
 4 FCPATH/index.php(79): CodeIgniter\CodeIgniter->run()
CRITICAL - 2024-05-18 08:17:33 --> Array to string conversion
in APPPATH/Controllers/ExperienceInfo.php on line 129.
 1 APPPATH/Controllers/ExperienceInfo.php(129): CodeIgniter\Debug\Exceptions->errorHandler(2, 'Array to string conversion', '/home/freelance/public_html/digitalflow/app/Controllers/ExperienceInfo.php', 129)
 2 SYSTEMPATH/CodeIgniter.php(942): App\Controllers\ExperienceInfo->list('VFdjOVBRPT0=')
 3 SYSTEMPATH/CodeIgniter.php(502): CodeIgniter\CodeIgniter->runController(Object(App\Controllers\ExperienceInfo))
 4 SYSTEMPATH/CodeIgniter.php(361): CodeIgniter\CodeIgniter->handleRequest(null, Object(Config\Cache), false)
 5 FCPATH/index.php(79): CodeIgniter\CodeIgniter->run()
CRITICAL - 2024-05-18 08:36:59 --> foreach() argument must be of type array|object, string given
in APPPATH/Controllers/ExperienceInfo.php on line 130.
 1 APPPATH/Controllers/ExperienceInfo.php(130): CodeIgniter\Debug\Exceptions->errorHandler(2, 'foreach() argument must be of type array|object, string given', '/home/freelance/public_html/digitalflow/app/Controllers/ExperienceInfo.php', 130)
 2 SYSTEMPATH/CodeIgniter.php(942): App\Controllers\ExperienceInfo->list('VFdjOVBRPT0=')
 3 SYSTEMPATH/CodeIgniter.php(502): CodeIgniter\CodeIgniter->runController(Object(App\Controllers\ExperienceInfo))
 4 SYSTEMPATH/CodeIgniter.php(361): CodeIgniter\CodeIgniter->handleRequest(null, Object(Config\Cache), false)
 5 FCPATH/index.php(79): CodeIgniter\CodeIgniter->run()
CRITICAL - 2024-05-18 08:37:32 --> Cannot use object of type stdClass as array
in APPPATH/Controllers/ExperienceInfo.php on line 131.
 1 SYSTEMPATH/CodeIgniter.php(942): App\Controllers\ExperienceInfo->list('VFdjOVBRPT0=')
 2 SYSTEMPATH/CodeIgniter.php(502): CodeIgniter\CodeIgniter->runController(Object(App\Controllers\ExperienceInfo))
 3 SYSTEMPATH/CodeIgniter.php(361): CodeIgniter\CodeIgniter->handleRequest(null, Object(Config\Cache), false)
 4 FCPATH/index.php(79): CodeIgniter\CodeIgniter->run()
CRITICAL - 2024-05-18 08:37:49 --> Object of class stdClass could not be converted to string
in APPPATH/Controllers/ExperienceInfo.php on line 131.
 1 SYSTEMPATH/CodeIgniter.php(942): App\Controllers\ExperienceInfo->list('VFdjOVBRPT0=')
 2 SYSTEMPATH/CodeIgniter.php(502): CodeIgniter\CodeIgniter->runController(Object(App\Controllers\ExperienceInfo))
 3 SYSTEMPATH/CodeIgniter.php(361): CodeIgniter\CodeIgniter->handleRequest(null, Object(Config\Cache), false)
 4 FCPATH/index.php(79): CodeIgniter\CodeIgniter->run()
CRITICAL - 2024-05-18 12:11:14 --> Undefined variable $user
in APPPATH/Views/experienceinfo/edit.php on line 30.
 1 APPPATH/Views/experienceinfo/edit.php(30): CodeIgniter\Debug\Exceptions->errorHandler(2, 'Undefined variable $user', '/home/freelance/public_html/digitalflow/app/Views/experienceinfo/edit.php', 30)
 2 SYSTEMPATH/View/View.php(228): include('/home/freelance/public_html/digitalflow/app/Views/experienceinfo/edit.php')
 3 SYSTEMPATH/View/View.php(231): CodeIgniter\View\View->CodeIgniter\View\{closure}()
 4 SYSTEMPATH/Common.php(1190): CodeIgniter\View\View->render('experienceinfo/edit', [], true)
 5 APPPATH/Controllers/ExperienceInfo.php(158): view('experienceinfo/edit', [...])
 6 SYSTEMPATH/CodeIgniter.php(942): App\Controllers\ExperienceInfo->edit('VFZFOVBRPT0=')
 7 SYSTEMPATH/CodeIgniter.php(502): CodeIgniter\CodeIgniter->runController(Object(App\Controllers\ExperienceInfo))
 8 SYSTEMPATH/CodeIgniter.php(361): CodeIgniter\CodeIgniter->handleRequest(null, Object(Config\Cache), false)
 9 FCPATH/index.php(79): CodeIgniter\CodeIgniter->run()
CRITICAL - 2024-05-18 12:11:38 --> Undefined variable $user
in APPPATH/Views/experienceinfo/edit.php on line 30.
 1 APPPATH/Views/experienceinfo/edit.php(30): CodeIgniter\Debug\Exceptions->errorHandler(2, 'Undefined variable $user', '/home/freelance/public_html/digitalflow/app/Views/experienceinfo/edit.php', 30)
 2 SYSTEMPATH/View/View.php(228): include('/home/freelance/public_html/digitalflow/app/Views/experienceinfo/edit.php')
 3 SYSTEMPATH/View/View.php(231): CodeIgniter\View\View->CodeIgniter\View\{closure}()
 4 SYSTEMPATH/Common.php(1190): CodeIgniter\View\View->render('experienceinfo/edit', [], true)
 5 APPPATH/Controllers/ExperienceInfo.php(158): view('experienceinfo/edit', [...])
 6 SYSTEMPATH/CodeIgniter.php(942): App\Controllers\ExperienceInfo->edit('VFZFOVBRPT0=')
 7 SYSTEMPATH/CodeIgniter.php(502): CodeIgniter\CodeIgniter->runController(Object(App\Controllers\ExperienceInfo))
 8 SYSTEMPATH/CodeIgniter.php(361): CodeIgniter\CodeIgniter->handleRequest(null, Object(Config\Cache), false)
 9 FCPATH/index.php(79): CodeIgniter\CodeIgniter->run()
CRITICAL - 2024-05-18 12:15:01 --> Undefined array key "expeience_list"
in APPPATH/Views/experienceinfo/edit.php on line 59.
 1 APPPATH/Views/experienceinfo/edit.php(59): CodeIgniter\Debug\Exceptions->errorHandler(2, 'Undefined array key "expeience_list"', '/home/freelance/public_html/digitalflow/app/Views/experienceinfo/edit.php', 59)
 2 SYSTEMPATH/View/View.php(228): include('/home/freelance/public_html/digitalflow/app/Views/experienceinfo/edit.php')
 3 SYSTEMPATH/View/View.php(231): CodeIgniter\View\View->CodeIgniter\View\{closure}()
 4 SYSTEMPATH/Common.php(1190): CodeIgniter\View\View->render('experienceinfo/edit', [], true)
 5 APPPATH/Controllers/ExperienceInfo.php(158): view('experienceinfo/edit', [...])
 6 SYSTEMPATH/CodeIgniter.php(942): App\Controllers\ExperienceInfo->edit('VFZFOVBRPT0=')
 7 SYSTEMPATH/CodeIgniter.php(502): CodeIgniter\CodeIgniter->runController(Object(App\Controllers\ExperienceInfo))
 8 SYSTEMPATH/CodeIgniter.php(361): CodeIgniter\CodeIgniter->handleRequest(null, Object(Config\Cache), false)
 9 FCPATH/index.php(79): CodeIgniter\CodeIgniter->run()
CRITICAL - 2024-05-18 12:15:11 --> Undefined array key "expeience_list"
in APPPATH/Views/experienceinfo/edit.php on line 59.
 1 APPPATH/Views/experienceinfo/edit.php(59): CodeIgniter\Debug\Exceptions->errorHandler(2, 'Undefined array key "expeience_list"', '/home/freelance/public_html/digitalflow/app/Views/experienceinfo/edit.php', 59)
 2 SYSTEMPATH/View/View.php(228): include('/home/freelance/public_html/digitalflow/app/Views/experienceinfo/edit.php')
 3 SYSTEMPATH/View/View.php(231): CodeIgniter\View\View->CodeIgniter\View\{closure}()
 4 SYSTEMPATH/Common.php(1190): CodeIgniter\View\View->render('experienceinfo/edit', [], true)
 5 APPPATH/Controllers/ExperienceInfo.php(158): view('experienceinfo/edit', [...])
 6 SYSTEMPATH/CodeIgniter.php(942): App\Controllers\ExperienceInfo->edit('VFZFOVBRPT0=')
 7 SYSTEMPATH/CodeIgniter.php(502): CodeIgniter\CodeIgniter->runController(Object(App\Controllers\ExperienceInfo))
 8 SYSTEMPATH/CodeIgniter.php(361): CodeIgniter\CodeIgniter->handleRequest(null, Object(Config\Cache), false)
 9 FCPATH/index.php(79): CodeIgniter\CodeIgniter->run()
CRITICAL - 2024-05-18 12:17:52 --> foreach() argument must be of type array|object, string given
in APPPATH/Views/experienceinfo/edit.php on line 61.
 1 APPPATH/Views/experienceinfo/edit.php(61): CodeIgniter\Debug\Exceptions->errorHandler(2, 'foreach() argument must be of type array|object, string given', '/home/freelance/public_html/digitalflow/app/Views/experienceinfo/edit.php', 61)
 2 SYSTEMPATH/View/View.php(228): include('/home/freelance/public_html/digitalflow/app/Views/experienceinfo/edit.php')
 3 SYSTEMPATH/View/View.php(231): CodeIgniter\View\View->CodeIgniter\View\{closure}()
 4 SYSTEMPATH/Common.php(1190): CodeIgniter\View\View->render('experienceinfo/edit', [], true)
 5 APPPATH/Controllers/ExperienceInfo.php(158): view('experienceinfo/edit', [...])
 6 SYSTEMPATH/CodeIgniter.php(942): App\Controllers\ExperienceInfo->edit('VFZFOVBRPT0=')
 7 SYSTEMPATH/CodeIgniter.php(502): CodeIgniter\CodeIgniter->runController(Object(App\Controllers\ExperienceInfo))
 8 SYSTEMPATH/CodeIgniter.php(361): CodeIgniter\CodeIgniter->handleRequest(null, Object(Config\Cache), false)
 9 FCPATH/index.php(79): CodeIgniter\CodeIgniter->run()
ERROR - 2024-05-18 19:49:19 --> mysqli_sql_exception: Unknown column 'experience_id' in 'where clause' in /home/freelance/public_html/digitalflow/system/Database/MySQLi/Connection.php:306
Stack trace:
#0 /home/freelance/public_html/digitalflow/system/Database/MySQLi/Connection.php(306): mysqli->query('UPDATE `educati...', 0)
#1 /home/freelance/public_html/digitalflow/system/Database/BaseConnection.php(693): CodeIgniter\Database\MySQLi\Connection->execute('UPDATE `educati...')
#2 /home/freelance/public_html/digitalflow/system/Database/BaseConnection.php(607): CodeIgniter\Database\BaseConnection->simpleQuery('UPDATE `educati...')
#3 /home/freelance/public_html/digitalflow/system/Database/BaseBuilder.php(2475): CodeIgniter\Database\BaseConnection->query('UPDATE `educati...', Array, false)
#4 /home/freelance/public_html/digitalflow/system/Model.php(385): CodeIgniter\Database\BaseBuilder->update()
#5 /home/freelance/public_html/digitalflow/system/BaseModel.php(949): CodeIgniter\Model->doUpdate(NULL, Array)
#6 /home/freelance/public_html/digitalflow/system/Model.php(776): CodeIgniter\BaseModel->update(NULL, Array)
#7 /home/freelance/public_html/digitalflow/app/Controllers/ExperienceInfo.php(204): CodeIgniter\Model->update(NULL, Array)
#8 /home/freelance/public_html/digitalflow/system/CodeIgniter.php(942): App\Controllers\ExperienceInfo->update()
#9 /home/freelance/public_html/digitalflow/system/CodeIgniter.php(502): CodeIgniter\CodeIgniter->runController(Object(App\Controllers\ExperienceInfo))
#10 /home/freelance/public_html/digitalflow/system/CodeIgniter.php(361): CodeIgniter\CodeIgniter->handleRequest(NULL, Object(Config\Cache), false)
#11 /home/freelance/public_html/digitalflow/index.php(79): CodeIgniter\CodeIgniter->run()
#12 {main}
CRITICAL - 2024-05-18 19:49:19 --> Unknown column 'experience_id' in 'where clause'
in SYSTEMPATH/Database/BaseConnection.php on line 647.
 1 SYSTEMPATH/Database/BaseBuilder.php(2475): CodeIgniter\Database\BaseConnection->query('UPDATE `educational_info` SET `emp_id` = :emp_id:
WHERE `experience_id` IS NULL', [...], false)
 2 SYSTEMPATH/Model.php(385): CodeIgniter\Database\BaseBuilder->update()
 3 SYSTEMPATH/BaseModel.php(949): CodeIgniter\Model->doUpdate(null, [...])
 4 SYSTEMPATH/Model.php(776): CodeIgniter\BaseModel->update(null, [...])
 5 APPPATH/Controllers/ExperienceInfo.php(204): CodeIgniter\Model->update(null, [...])
 6 SYSTEMPATH/CodeIgniter.php(942): App\Controllers\ExperienceInfo->update()
 7 SYSTEMPATH/CodeIgniter.php(502): CodeIgniter\CodeIgniter->runController(Object(App\Controllers\ExperienceInfo))
 8 SYSTEMPATH/CodeIgniter.php(361): CodeIgniter\CodeIgniter->handleRequest(null, Object(Config\Cache), false)
 9 FCPATH/index.php(79): CodeIgniter\CodeIgniter->run()
ERROR - 2024-05-18 19:53:56 --> mysqli_sql_exception: Unknown column 'experience_id' in 'where clause' in /home/freelance/public_html/digitalflow/system/Database/MySQLi/Connection.php:306
Stack trace:
#0 /home/freelance/public_html/digitalflow/system/Database/MySQLi/Connection.php(306): mysqli->query('UPDATE `educati...', 0)
#1 /home/freelance/public_html/digitalflow/system/Database/BaseConnection.php(693): CodeIgniter\Database\MySQLi\Connection->execute('UPDATE `educati...')
#2 /home/freelance/public_html/digitalflow/system/Database/BaseConnection.php(607): CodeIgniter\Database\BaseConnection->simpleQuery('UPDATE `educati...')
#3 /home/freelance/public_html/digitalflow/system/Database/BaseBuilder.php(2475): CodeIgniter\Database\BaseConnection->query('UPDATE `educati...', Array, false)
#4 /home/freelance/public_html/digitalflow/system/Model.php(385): CodeIgniter\Database\BaseBuilder->update()
#5 /home/freelance/public_html/digitalflow/system/BaseModel.php(949): CodeIgniter\Model->doUpdate(NULL, Array)
#6 /home/freelance/public_html/digitalflow/system/Model.php(776): CodeIgniter\BaseModel->update(NULL, Array)
#7 /home/freelance/public_html/digitalflow/app/Controllers/ExperienceInfo.php(204): CodeIgniter\Model->update(NULL, Array)
#8 /home/freelance/public_html/digitalflow/system/CodeIgniter.php(942): App\Controllers\ExperienceInfo->update()
#9 /home/freelance/public_html/digitalflow/system/CodeIgniter.php(502): CodeIgniter\CodeIgniter->runController(Object(App\Controllers\ExperienceInfo))
#10 /home/freelance/public_html/digitalflow/system/CodeIgniter.php(361): CodeIgniter\CodeIgniter->handleRequest(NULL, Object(Config\Cache), false)
#11 /home/freelance/public_html/digitalflow/index.php(79): CodeIgniter\CodeIgniter->run()
#12 {main}
CRITICAL - 2024-05-18 19:53:56 --> Unknown column 'experience_id' in 'where clause'
in SYSTEMPATH/Database/BaseConnection.php on line 647.
 1 SYSTEMPATH/Database/BaseBuilder.php(2475): CodeIgniter\Database\BaseConnection->query('UPDATE `educational_info` SET `emp_id` = :emp_id:
WHERE `experience_id` IS NULL', [...], false)
 2 SYSTEMPATH/Model.php(385): CodeIgniter\Database\BaseBuilder->update()
 3 SYSTEMPATH/BaseModel.php(949): CodeIgniter\Model->doUpdate(null, [...])
 4 SYSTEMPATH/Model.php(776): CodeIgniter\BaseModel->update(null, [...])
 5 APPPATH/Controllers/ExperienceInfo.php(204): CodeIgniter\Model->update(null, [...])
 6 SYSTEMPATH/CodeIgniter.php(942): App\Controllers\ExperienceInfo->update()
 7 SYSTEMPATH/CodeIgniter.php(502): CodeIgniter\CodeIgniter->runController(Object(App\Controllers\ExperienceInfo))
 8 SYSTEMPATH/CodeIgniter.php(361): CodeIgniter\CodeIgniter->handleRequest(null, Object(Config\Cache), false)
 9 FCPATH/index.php(79): CodeIgniter\CodeIgniter->run()
ERROR - 2024-05-18 20:02:04 --> mysqli_sql_exception: Unknown column 'experience_id' in 'where clause' in /home/freelance/public_html/digitalflow/system/Database/MySQLi/Connection.php:306
Stack trace:
#0 /home/freelance/public_html/digitalflow/system/Database/MySQLi/Connection.php(306): mysqli->query('UPDATE `educati...', 0)
#1 /home/freelance/public_html/digitalflow/system/Database/BaseConnection.php(693): CodeIgniter\Database\MySQLi\Connection->execute('UPDATE `educati...')
#2 /home/freelance/public_html/digitalflow/system/Database/BaseConnection.php(607): CodeIgniter\Database\BaseConnection->simpleQuery('UPDATE `educati...')
#3 /home/freelance/public_html/digitalflow/system/Database/BaseBuilder.php(2475): CodeIgniter\Database\BaseConnection->query('UPDATE `educati...', Array, false)
#4 /home/freelance/public_html/digitalflow/system/Model.php(385): CodeIgniter\Database\BaseBuilder->update()
#5 /home/freelance/public_html/digitalflow/system/BaseModel.php(949): CodeIgniter\Model->doUpdate(Array, Array)
#6 /home/freelance/public_html/digitalflow/system/Model.php(776): CodeIgniter\BaseModel->update(Array, Array)
#7 /home/freelance/public_html/digitalflow/app/Controllers/ExperienceInfo.php(204): CodeIgniter\Model->update('1', Array)
#8 /home/freelance/public_html/digitalflow/system/CodeIgniter.php(942): App\Controllers\ExperienceInfo->update()
#9 /home/freelance/public_html/digitalflow/system/CodeIgniter.php(502): CodeIgniter\CodeIgniter->runController(Object(App\Controllers\ExperienceInfo))
#10 /home/freelance/public_html/digitalflow/system/CodeIgniter.php(361): CodeIgniter\CodeIgniter->handleRequest(NULL, Object(Config\Cache), false)
#11 /home/freelance/public_html/digitalflow/index.php(79): CodeIgniter\CodeIgniter->run()
#12 {main}
CRITICAL - 2024-05-18 20:02:04 --> Unknown column 'experience_id' in 'where clause'
in SYSTEMPATH/Database/BaseConnection.php on line 647.
 1 SYSTEMPATH/Database/BaseBuilder.php(2475): CodeIgniter\Database\BaseConnection->query('UPDATE `educational_info` SET `emp_id` = :emp_id:
WHERE `experience_id` = :experience_id:
AND `educational_info`.`edu_id` IN :educational_info.edu_id:', [...], false)
 2 SYSTEMPATH/Model.php(385): CodeIgniter\Database\BaseBuilder->update()
 3 SYSTEMPATH/BaseModel.php(949): CodeIgniter\Model->doUpdate([...], [...])
 4 SYSTEMPATH/Model.php(776): CodeIgniter\BaseModel->update([...], [...])
 5 APPPATH/Controllers/ExperienceInfo.php(204): CodeIgniter\Model->update('1', [...])
 6 SYSTEMPATH/CodeIgniter.php(942): App\Controllers\ExperienceInfo->update()
 7 SYSTEMPATH/CodeIgniter.php(502): CodeIgniter\CodeIgniter->runController(Object(App\Controllers\ExperienceInfo))
 8 SYSTEMPATH/CodeIgniter.php(361): CodeIgniter\CodeIgniter->handleRequest(null, Object(Config\Cache), false)
 9 FCPATH/index.php(79): CodeIgniter\CodeIgniter->run()
