CRITICAL - 2024-05-06 06:38:03 --> Cannot use empty array elements in arrays
in APPPATH/Models/EmploymentInfoModel.php on line 10.
 1 [internal function]: CodeIgniter\Debug\Exceptions->shutdownHandler()
CRITICAL - 2024-05-06 06:39:58 --> Cannot use empty array elements in arrays
in APPPATH/Models/EmploymentInfoModel.php on line 10.
 1 [internal function]: CodeIgniter\Debug\Exceptions->shutdownHandler()
CRITICAL - 2024-05-06 06:50:27 --> Cannot use empty array elements in arrays
in APPPATH/Models/EmploymentInfoModel.php on line 10.
 1 [internal function]: CodeIgniter\Debug\Exceptions->shutdownHandler()
CRITICAL - 2024-05-06 07:57:48 --> Invalid file: "layout/user_view.php"
in SYSTEMPATH/Exceptions/FrameworkException.php on line 39.
 1 SYSTEMPATH/View/View.php(216): CodeIgniter\Exceptions\FrameworkException::forInvalidFile('layout/user_view.php')
 2 SYSTEMPATH/View/View.php(244): CodeIgniter\View\View->render('layout/user_view', [], true)
 3 SYSTEMPATH/Common.php(1190): CodeIgniter\View\View->render('users/add_user', [], true)
 4 APPPATH/Controllers/UserInfo.php(59): view('users/add_user')
 5 SYSTEMPATH/CodeIgniter.php(942): App\Controllers\UserInfo->add_user()
 6 SYSTEMPATH/CodeIgniter.php(502): CodeIgniter\CodeIgniter->runController(Object(App\Controllers\UserInfo))
 7 SYSTEMPATH/CodeIgniter.php(361): CodeIgniter\CodeIgniter->handleRequest(null, Object(Config\Cache), false)
 8 FCPATH/index.php(79): CodeIgniter\CodeIgniter->run()
CRITICAL - 2024-05-06 08:12:18 --> Undefined variable $page
in APPPATH/Views/personalinfo/view.php on line 18.
 1 APPPATH/Views/personalinfo/view.php(18): CodeIgniter\Debug\Exceptions->errorHandler(2, 'Undefined variable $page', '/home/freelance/public_html/digitalflow/app/Views/personalinfo/view.php', 18)
 2 SYSTEMPATH/View/View.php(228): include('/home/freelance/public_html/digitalflow/app/Views/personalinfo/view.php')
 3 SYSTEMPATH/View/View.php(231): CodeIgniter\View\View->CodeIgniter\View\{closure}()
 4 SYSTEMPATH/Common.php(1190): CodeIgniter\View\View->render('personalinfo/view', [], true)
 5 APPPATH/Controllers/PersonalInfo.php(175): view('personalinfo/view', [...])
 6 SYSTEMPATH/CodeIgniter.php(942): App\Controllers\PersonalInfo->view()
 7 SYSTEMPATH/CodeIgniter.php(502): CodeIgniter\CodeIgniter->runController(Object(App\Controllers\PersonalInfo))
 8 SYSTEMPATH/CodeIgniter.php(361): CodeIgniter\CodeIgniter->handleRequest(null, Object(Config\Cache), false)
 9 FCPATH/index.php(79): CodeIgniter\CodeIgniter->run()
CRITICAL - 2024-05-06 08:57:02 --> Undefined variable $page
in APPPATH/Views/personalinfo/view.php on line 18.
 1 APPPATH/Views/personalinfo/view.php(18): CodeIgniter\Debug\Exceptions->errorHandler(2, 'Undefined variable $page', '/home/freelance/public_html/digitalflow/app/Views/personalinfo/view.php', 18)
 2 SYSTEMPATH/View/View.php(228): include('/home/freelance/public_html/digitalflow/app/Views/personalinfo/view.php')
 3 SYSTEMPATH/View/View.php(231): CodeIgniter\View\View->CodeIgniter\View\{closure}()
 4 SYSTEMPATH/Common.php(1190): CodeIgniter\View\View->render('personalinfo/view', [], true)
 5 APPPATH/Controllers/PersonalInfo.php(175): view('personalinfo/view', [...])
 6 SYSTEMPATH/CodeIgniter.php(942): App\Controllers\PersonalInfo->view()
 7 SYSTEMPATH/CodeIgniter.php(502): CodeIgniter\CodeIgniter->runController(Object(App\Controllers\PersonalInfo))
 8 SYSTEMPATH/CodeIgniter.php(361): CodeIgniter\CodeIgniter->handleRequest(null, Object(Config\Cache), false)
 9 FCPATH/index.php(79): CodeIgniter\CodeIgniter->run()
CRITICAL - 2024-05-06 09:01:54 --> Undefined variable $page
in APPPATH/Views/layout/users_view.php on line 220.
 1 APPPATH/Views/layout/users_view.php(220): CodeIgniter\Debug\Exceptions->errorHandler(2, 'Undefined variable $page', '/home/freelance/public_html/digitalflow/app/Views/layout/users_view.php', 220)
 2 SYSTEMPATH/View/View.php(228): include('/home/freelance/public_html/digitalflow/app/Views/layout/users_view.php')
 3 SYSTEMPATH/View/View.php(231): CodeIgniter\View\View->CodeIgniter\View\{closure}()
 4 SYSTEMPATH/View/View.php(244): CodeIgniter\View\View->render('layout/users_view', [], true)
 5 SYSTEMPATH/Common.php(1190): CodeIgniter\View\View->render('personalinfo/view', [], true)
 6 APPPATH/Controllers/PersonalInfo.php(175): view('personalinfo/view', [...])
 7 SYSTEMPATH/CodeIgniter.php(942): App\Controllers\PersonalInfo->view()
 8 SYSTEMPATH/CodeIgniter.php(502): CodeIgniter\CodeIgniter->runController(Object(App\Controllers\PersonalInfo))
 9 SYSTEMPATH/CodeIgniter.php(361): CodeIgniter\CodeIgniter->handleRequest(null, Object(Config\Cache), false)
10 FCPATH/index.php(79): CodeIgniter\CodeIgniter->run()
CRITICAL - 2024-05-06 09:10:21 --> Undefined variable $page
in APPPATH/Views/layout/users_view.php on line 220.
 1 APPPATH/Views/layout/users_view.php(220): CodeIgniter\Debug\Exceptions->errorHandler(2, 'Undefined variable $page', '/home/freelance/public_html/digitalflow/app/Views/layout/users_view.php', 220)
 2 SYSTEMPATH/View/View.php(228): include('/home/freelance/public_html/digitalflow/app/Views/layout/users_view.php')
 3 SYSTEMPATH/View/View.php(231): CodeIgniter\View\View->CodeIgniter\View\{closure}()
 4 SYSTEMPATH/View/View.php(244): CodeIgniter\View\View->render('layout/users_view', [], true)
 5 SYSTEMPATH/Common.php(1190): CodeIgniter\View\View->render('users/add_user', [], true)
 6 APPPATH/Controllers/UserInfo.php(59): view('users/add_user')
 7 SYSTEMPATH/CodeIgniter.php(942): App\Controllers\UserInfo->add_user()
 8 SYSTEMPATH/CodeIgniter.php(502): CodeIgniter\CodeIgniter->runController(Object(App\Controllers\UserInfo))
 9 SYSTEMPATH/CodeIgniter.php(361): CodeIgniter\CodeIgniter->handleRequest(null, Object(Config\Cache), false)
10 FCPATH/index.php(79): CodeIgniter\CodeIgniter->run()
CRITICAL - 2024-05-06 09:11:10 --> Undefined variable $page
in APPPATH/Views/layout/users_view.php on line 220.
 1 APPPATH/Views/layout/users_view.php(220): CodeIgniter\Debug\Exceptions->errorHandler(2, 'Undefined variable $page', '/home/freelance/public_html/digitalflow/app/Views/layout/users_view.php', 220)
 2 SYSTEMPATH/View/View.php(228): include('/home/freelance/public_html/digitalflow/app/Views/layout/users_view.php')
 3 SYSTEMPATH/View/View.php(231): CodeIgniter\View\View->CodeIgniter\View\{closure}()
 4 SYSTEMPATH/View/View.php(244): CodeIgniter\View\View->render('layout/users_view', [], true)
 5 SYSTEMPATH/Common.php(1190): CodeIgniter\View\View->render('users/add_user', [], true)
 6 APPPATH/Controllers/UserInfo.php(59): view('users/add_user')
 7 SYSTEMPATH/CodeIgniter.php(942): App\Controllers\UserInfo->add_user()
 8 SYSTEMPATH/CodeIgniter.php(502): CodeIgniter\CodeIgniter->runController(Object(App\Controllers\UserInfo))
 9 SYSTEMPATH/CodeIgniter.php(361): CodeIgniter\CodeIgniter->handleRequest(null, Object(Config\Cache), false)
10 FCPATH/index.php(79): CodeIgniter\CodeIgniter->run()
CRITICAL - 2024-05-06 09:11:11 --> Undefined variable $page
in APPPATH/Views/layout/users_view.php on line 220.
 1 APPPATH/Views/layout/users_view.php(220): CodeIgniter\Debug\Exceptions->errorHandler(2, 'Undefined variable $page', '/home/freelance/public_html/digitalflow/app/Views/layout/users_view.php', 220)
 2 SYSTEMPATH/View/View.php(228): include('/home/freelance/public_html/digitalflow/app/Views/layout/users_view.php')
 3 SYSTEMPATH/View/View.php(231): CodeIgniter\View\View->CodeIgniter\View\{closure}()
 4 SYSTEMPATH/View/View.php(244): CodeIgniter\View\View->render('layout/users_view', [], true)
 5 SYSTEMPATH/Common.php(1190): CodeIgniter\View\View->render('users/add_user', [], true)
 6 APPPATH/Controllers/UserInfo.php(59): view('users/add_user')
 7 SYSTEMPATH/CodeIgniter.php(942): App\Controllers\UserInfo->add_user()
 8 SYSTEMPATH/CodeIgniter.php(502): CodeIgniter\CodeIgniter->runController(Object(App\Controllers\UserInfo))
 9 SYSTEMPATH/CodeIgniter.php(361): CodeIgniter\CodeIgniter->handleRequest(null, Object(Config\Cache), false)
10 FCPATH/index.php(79): CodeIgniter\CodeIgniter->run()
CRITICAL - 2024-05-06 09:11:16 --> Undefined variable $page
in APPPATH/Views/layout/users_view.php on line 220.
 1 APPPATH/Views/layout/users_view.php(220): CodeIgniter\Debug\Exceptions->errorHandler(2, 'Undefined variable $page', '/home/freelance/public_html/digitalflow/app/Views/layout/users_view.php', 220)
 2 SYSTEMPATH/View/View.php(228): include('/home/freelance/public_html/digitalflow/app/Views/layout/users_view.php')
 3 SYSTEMPATH/View/View.php(231): CodeIgniter\View\View->CodeIgniter\View\{closure}()
 4 SYSTEMPATH/View/View.php(244): CodeIgniter\View\View->render('layout/users_view', [], true)
 5 SYSTEMPATH/Common.php(1190): CodeIgniter\View\View->render('users/add_user', [], true)
 6 APPPATH/Controllers/UserInfo.php(59): view('users/add_user')
 7 SYSTEMPATH/CodeIgniter.php(942): App\Controllers\UserInfo->add_user()
 8 SYSTEMPATH/CodeIgniter.php(502): CodeIgniter\CodeIgniter->runController(Object(App\Controllers\UserInfo))
 9 SYSTEMPATH/CodeIgniter.php(361): CodeIgniter\CodeIgniter->handleRequest(null, Object(Config\Cache), false)
10 FCPATH/index.php(79): CodeIgniter\CodeIgniter->run()
CRITICAL - 2024-05-06 09:11:41 --> Undefined variable $page
in APPPATH/Views/layout/users_view.php on line 220.
 1 APPPATH/Views/layout/users_view.php(220): CodeIgniter\Debug\Exceptions->errorHandler(2, 'Undefined variable $page', '/home/freelance/public_html/digitalflow/app/Views/layout/users_view.php', 220)
 2 SYSTEMPATH/View/View.php(228): include('/home/freelance/public_html/digitalflow/app/Views/layout/users_view.php')
 3 SYSTEMPATH/View/View.php(231): CodeIgniter\View\View->CodeIgniter\View\{closure}()
 4 SYSTEMPATH/View/View.php(244): CodeIgniter\View\View->render('layout/users_view', [], true)
 5 SYSTEMPATH/Common.php(1190): CodeIgniter\View\View->render('users/add_user', [], true)
 6 APPPATH/Controllers/UserInfo.php(59): view('users/add_user')
 7 SYSTEMPATH/CodeIgniter.php(942): App\Controllers\UserInfo->add_user()
 8 SYSTEMPATH/CodeIgniter.php(502): CodeIgniter\CodeIgniter->runController(Object(App\Controllers\UserInfo))
 9 SYSTEMPATH/CodeIgniter.php(361): CodeIgniter\CodeIgniter->handleRequest(null, Object(Config\Cache), false)
10 FCPATH/index.php(79): CodeIgniter\CodeIgniter->run()
CRITICAL - 2024-05-06 09:11:42 --> Undefined variable $page
in APPPATH/Views/layout/users_view.php on line 220.
 1 APPPATH/Views/layout/users_view.php(220): CodeIgniter\Debug\Exceptions->errorHandler(2, 'Undefined variable $page', '/home/freelance/public_html/digitalflow/app/Views/layout/users_view.php', 220)
 2 SYSTEMPATH/View/View.php(228): include('/home/freelance/public_html/digitalflow/app/Views/layout/users_view.php')
 3 SYSTEMPATH/View/View.php(231): CodeIgniter\View\View->CodeIgniter\View\{closure}()
 4 SYSTEMPATH/View/View.php(244): CodeIgniter\View\View->render('layout/users_view', [], true)
 5 SYSTEMPATH/Common.php(1190): CodeIgniter\View\View->render('users/add_user', [], true)
 6 APPPATH/Controllers/UserInfo.php(59): view('users/add_user')
 7 SYSTEMPATH/CodeIgniter.php(942): App\Controllers\UserInfo->add_user()
 8 SYSTEMPATH/CodeIgniter.php(502): CodeIgniter\CodeIgniter->runController(Object(App\Controllers\UserInfo))
 9 SYSTEMPATH/CodeIgniter.php(361): CodeIgniter\CodeIgniter->handleRequest(null, Object(Config\Cache), false)
10 FCPATH/index.php(79): CodeIgniter\CodeIgniter->run()
CRITICAL - 2024-05-06 09:14:10 --> Undefined variable $page
in APPPATH/Views/layout/users_view.php on line 220.
 1 APPPATH/Views/layout/users_view.php(220): CodeIgniter\Debug\Exceptions->errorHandler(2, 'Undefined variable $page', '/home/freelance/public_html/digitalflow/app/Views/layout/users_view.php', 220)
 2 SYSTEMPATH/View/View.php(228): include('/home/freelance/public_html/digitalflow/app/Views/layout/users_view.php')
 3 SYSTEMPATH/View/View.php(231): CodeIgniter\View\View->CodeIgniter\View\{closure}()
 4 SYSTEMPATH/View/View.php(244): CodeIgniter\View\View->render('layout/users_view', [], true)
 5 SYSTEMPATH/Common.php(1190): CodeIgniter\View\View->render('users/add_user', [], true)
 6 APPPATH/Controllers/UserInfo.php(59): view('users/add_user')
 7 SYSTEMPATH/CodeIgniter.php(942): App\Controllers\UserInfo->add_user()
 8 SYSTEMPATH/CodeIgniter.php(502): CodeIgniter\CodeIgniter->runController(Object(App\Controllers\UserInfo))
 9 SYSTEMPATH/CodeIgniter.php(361): CodeIgniter\CodeIgniter->handleRequest(null, Object(Config\Cache), false)
10 FCPATH/index.php(79): CodeIgniter\CodeIgniter->run()
ERROR - 2024-05-06 09:38:23 --> mysqli_sql_exception: Unknown column 'emp_deleted_on' in 'where clause' in /home/freelance/public_html/digitalflow/system/Database/MySQLi/Connection.php:306
Stack trace:
#0 /home/freelance/public_html/digitalflow/system/Database/MySQLi/Connection.php(306): mysqli->query('SELECT *\nFROM `...', 0)
#1 /home/freelance/public_html/digitalflow/system/Database/BaseConnection.php(693): CodeIgniter\Database\MySQLi\Connection->execute('SELECT *\nFROM `...')
#2 /home/freelance/public_html/digitalflow/system/Database/BaseConnection.php(607): CodeIgniter\Database\BaseConnection->simpleQuery('SELECT *\nFROM `...')
#3 /home/freelance/public_html/digitalflow/system/Database/BaseBuilder.php(1615): CodeIgniter\Database\BaseConnection->query('SELECT *\nFROM `...', Array, false)
#4 /home/freelance/public_html/digitalflow/system/Model.php(237): CodeIgniter\Database\BaseBuilder->get()
#5 /home/freelance/public_html/digitalflow/system/BaseModel.php(624): CodeIgniter\Model->doFindAll(0, 0)
#6 /home/freelance/public_html/digitalflow/app/Controllers/BankAccountInfo.php(112): CodeIgniter\BaseModel->findAll()
#7 /home/freelance/public_html/digitalflow/system/CodeIgniter.php(942): App\Controllers\BankAccountInfo->view()
#8 /home/freelance/public_html/digitalflow/system/CodeIgniter.php(502): CodeIgniter\CodeIgniter->runController(Object(App\Controllers\BankAccountInfo))
#9 /home/freelance/public_html/digitalflow/system/CodeIgniter.php(361): CodeIgniter\CodeIgniter->handleRequest(NULL, Object(Config\Cache), false)
#10 /home/freelance/public_html/digitalflow/index.php(79): CodeIgniter\CodeIgniter->run()
#11 {main}
CRITICAL - 2024-05-06 09:38:23 --> Unknown column 'emp_deleted_on' in 'where clause'
in SYSTEMPATH/Database/BaseConnection.php on line 647.
 1 SYSTEMPATH/Database/BaseBuilder.php(1615): CodeIgniter\Database\BaseConnection->query('SELECT *
FROM `bankaccount_info`
WHERE `emp_deleted_on` IS NULL
ORDER BY `bankaccount_id` ASC', [], false)
 2 SYSTEMPATH/Model.php(237): CodeIgniter\Database\BaseBuilder->get()
 3 SYSTEMPATH/BaseModel.php(624): CodeIgniter\Model->doFindAll(0, 0)
 4 APPPATH/Controllers/BankAccountInfo.php(112): CodeIgniter\BaseModel->findAll()
 5 SYSTEMPATH/CodeIgniter.php(942): App\Controllers\BankAccountInfo->view()
 6 SYSTEMPATH/CodeIgniter.php(502): CodeIgniter\CodeIgniter->runController(Object(App\Controllers\BankAccountInfo))
 7 SYSTEMPATH/CodeIgniter.php(361): CodeIgniter\CodeIgniter->handleRequest(null, Object(Config\Cache), false)
 8 FCPATH/index.php(79): CodeIgniter\CodeIgniter->run()
CRITICAL - 2024-05-06 09:50:13 --> Undefined variable $page
in APPPATH/Views/layout/users_view.php on line 220.
 1 APPPATH/Views/layout/users_view.php(220): CodeIgniter\Debug\Exceptions->errorHandler(2, 'Undefined variable $page', '/home/freelance/public_html/digitalflow/app/Views/layout/users_view.php', 220)
 2 SYSTEMPATH/View/View.php(228): include('/home/freelance/public_html/digitalflow/app/Views/layout/users_view.php')
 3 SYSTEMPATH/View/View.php(231): CodeIgniter\View\View->CodeIgniter\View\{closure}()
 4 SYSTEMPATH/View/View.php(244): CodeIgniter\View\View->render('layout/users_view', [], true)
 5 SYSTEMPATH/Common.php(1190): CodeIgniter\View\View->render('users/users_table', [], true)
 6 APPPATH/Controllers/UserInfo.php(260): view('users/users_table', [...])
 7 SYSTEMPATH/CodeIgniter.php(942): App\Controllers\UserInfo->users_view()
 8 SYSTEMPATH/CodeIgniter.php(502): CodeIgniter\CodeIgniter->runController(Object(App\Controllers\UserInfo))
 9 SYSTEMPATH/CodeIgniter.php(361): CodeIgniter\CodeIgniter->handleRequest(null, Object(Config\Cache), false)
10 FCPATH/index.php(79): CodeIgniter\CodeIgniter->run()
CRITICAL - 2024-05-06 09:50:34 --> Undefined variable $page
in APPPATH/Views/layout/users_view.php on line 220.
 1 APPPATH/Views/layout/users_view.php(220): CodeIgniter\Debug\Exceptions->errorHandler(2, 'Undefined variable $page', '/home/freelance/public_html/digitalflow/app/Views/layout/users_view.php', 220)
 2 SYSTEMPATH/View/View.php(228): include('/home/freelance/public_html/digitalflow/app/Views/layout/users_view.php')
 3 SYSTEMPATH/View/View.php(231): CodeIgniter\View\View->CodeIgniter\View\{closure}()
 4 SYSTEMPATH/View/View.php(244): CodeIgniter\View\View->render('layout/users_view', [], true)
 5 SYSTEMPATH/Common.php(1190): CodeIgniter\View\View->render('users/users_table', [], true)
 6 APPPATH/Controllers/UserInfo.php(260): view('users/users_table', [...])
 7 SYSTEMPATH/CodeIgniter.php(942): App\Controllers\UserInfo->users_view()
 8 SYSTEMPATH/CodeIgniter.php(502): CodeIgniter\CodeIgniter->runController(Object(App\Controllers\UserInfo))
 9 SYSTEMPATH/CodeIgniter.php(361): CodeIgniter\CodeIgniter->handleRequest(null, Object(Config\Cache), false)
10 FCPATH/index.php(79): CodeIgniter\CodeIgniter->run()
CRITICAL - 2024-05-06 09:50:37 --> Undefined variable $page
in APPPATH/Views/layout/users_view.php on line 220.
 1 APPPATH/Views/layout/users_view.php(220): CodeIgniter\Debug\Exceptions->errorHandler(2, 'Undefined variable $page', '/home/freelance/public_html/digitalflow/app/Views/layout/users_view.php', 220)
 2 SYSTEMPATH/View/View.php(228): include('/home/freelance/public_html/digitalflow/app/Views/layout/users_view.php')
 3 SYSTEMPATH/View/View.php(231): CodeIgniter\View\View->CodeIgniter\View\{closure}()
 4 SYSTEMPATH/View/View.php(244): CodeIgniter\View\View->render('layout/users_view', [], true)
 5 SYSTEMPATH/Common.php(1190): CodeIgniter\View\View->render('users/users_table', [], true)
 6 APPPATH/Controllers/UserInfo.php(260): view('users/users_table', [...])
 7 SYSTEMPATH/CodeIgniter.php(942): App\Controllers\UserInfo->users_view()
 8 SYSTEMPATH/CodeIgniter.php(502): CodeIgniter\CodeIgniter->runController(Object(App\Controllers\UserInfo))
 9 SYSTEMPATH/CodeIgniter.php(361): CodeIgniter\CodeIgniter->handleRequest(null, Object(Config\Cache), false)
10 FCPATH/index.php(79): CodeIgniter\CodeIgniter->run()
CRITICAL - 2024-05-06 09:50:45 --> Undefined variable $page
in APPPATH/Views/layout/users_view.php on line 220.
 1 APPPATH/Views/layout/users_view.php(220): CodeIgniter\Debug\Exceptions->errorHandler(2, 'Undefined variable $page', '/home/freelance/public_html/digitalflow/app/Views/layout/users_view.php', 220)
 2 SYSTEMPATH/View/View.php(228): include('/home/freelance/public_html/digitalflow/app/Views/layout/users_view.php')
 3 SYSTEMPATH/View/View.php(231): CodeIgniter\View\View->CodeIgniter\View\{closure}()
 4 SYSTEMPATH/View/View.php(244): CodeIgniter\View\View->render('layout/users_view', [], true)
 5 SYSTEMPATH/Common.php(1190): CodeIgniter\View\View->render('users/users_table', [], true)
 6 APPPATH/Controllers/UserInfo.php(260): view('users/users_table', [...])
 7 SYSTEMPATH/CodeIgniter.php(942): App\Controllers\UserInfo->users_view()
 8 SYSTEMPATH/CodeIgniter.php(502): CodeIgniter\CodeIgniter->runController(Object(App\Controllers\UserInfo))
 9 SYSTEMPATH/CodeIgniter.php(361): CodeIgniter\CodeIgniter->handleRequest(null, Object(Config\Cache), false)
10 FCPATH/index.php(79): CodeIgniter\CodeIgniter->run()
CRITICAL - 2024-05-06 09:51:54 --> Undefined variable $page
in APPPATH/Views/layout/users_view.php on line 220.
 1 APPPATH/Views/layout/users_view.php(220): CodeIgniter\Debug\Exceptions->errorHandler(2, 'Undefined variable $page', '/home/freelance/public_html/digitalflow/app/Views/layout/users_view.php', 220)
 2 SYSTEMPATH/View/View.php(228): include('/home/freelance/public_html/digitalflow/app/Views/layout/users_view.php')
 3 SYSTEMPATH/View/View.php(231): CodeIgniter\View\View->CodeIgniter\View\{closure}()
 4 SYSTEMPATH/View/View.php(244): CodeIgniter\View\View->render('layout/users_view', [], true)
 5 SYSTEMPATH/Common.php(1190): CodeIgniter\View\View->render('users/users_table', [], true)
 6 APPPATH/Controllers/UserInfo.php(260): view('users/users_table', [...])
 7 SYSTEMPATH/CodeIgniter.php(942): App\Controllers\UserInfo->users_view()
 8 SYSTEMPATH/CodeIgniter.php(502): CodeIgniter\CodeIgniter->runController(Object(App\Controllers\UserInfo))
 9 SYSTEMPATH/CodeIgniter.php(361): CodeIgniter\CodeIgniter->handleRequest(null, Object(Config\Cache), false)
10 FCPATH/index.php(79): CodeIgniter\CodeIgniter->run()
CRITICAL - 2024-05-06 10:03:11 --> Undefined variable $page
in APPPATH/Views/layout/users_view.php on line 220.
 1 APPPATH/Views/layout/users_view.php(220): CodeIgniter\Debug\Exceptions->errorHandler(2, 'Undefined variable $page', '/home/freelance/public_html/digitalflow/app/Views/layout/users_view.php', 220)
 2 SYSTEMPATH/View/View.php(228): include('/home/freelance/public_html/digitalflow/app/Views/layout/users_view.php')
 3 SYSTEMPATH/View/View.php(231): CodeIgniter\View\View->CodeIgniter\View\{closure}()
 4 SYSTEMPATH/View/View.php(244): CodeIgniter\View\View->render('layout/users_view', [], true)
 5 SYSTEMPATH/Common.php(1190): CodeIgniter\View\View->render('users/users_table', [], true)
 6 APPPATH/Controllers/UserInfo.php(260): view('users/users_table', [...])
 7 SYSTEMPATH/CodeIgniter.php(942): App\Controllers\UserInfo->users_view()
 8 SYSTEMPATH/CodeIgniter.php(502): CodeIgniter\CodeIgniter->runController(Object(App\Controllers\UserInfo))
 9 SYSTEMPATH/CodeIgniter.php(361): CodeIgniter\CodeIgniter->handleRequest(null, Object(Config\Cache), false)
10 FCPATH/index.php(79): CodeIgniter\CodeIgniter->run()
CRITICAL - 2024-05-06 10:24:12 --> Cannot use empty array elements in arrays
in APPPATH/Models/EmploymentInfoModel.php on line 10.
 1 [internal function]: CodeIgniter\Debug\Exceptions->shutdownHandler()
CRITICAL - 2024-05-06 10:27:03 --> Cannot use empty array elements in arrays
in APPPATH/Models/EmploymentInfoModel.php on line 10.
 1 [internal function]: CodeIgniter\Debug\Exceptions->shutdownHandler()
CRITICAL - 2024-05-06 10:27:05 --> Cannot use empty array elements in arrays
in APPPATH/Models/EmploymentInfoModel.php on line 10.
 1 [internal function]: CodeIgniter\Debug\Exceptions->shutdownHandler()
CRITICAL - 2024-05-06 16:06:50 --> There is no data to update.
in SYSTEMPATH/BaseModel.php on line 930.
 1 SYSTEMPATH/BaseModel.php(930): CodeIgniter\Database\Exceptions\DataException::forEmptyDataset('update')
 2 SYSTEMPATH/Model.php(776): CodeIgniter\BaseModel->update([...], [])
 3 APPPATH/Controllers/EmploymentInfo.php(208): CodeIgniter\Model->update('7', [...])
 4 SYSTEMPATH/CodeIgniter.php(942): App\Controllers\EmploymentInfo->delete('VG5jOVBRPT0=')
 5 SYSTEMPATH/CodeIgniter.php(502): CodeIgniter\CodeIgniter->runController(Object(App\Controllers\EmploymentInfo))
 6 SYSTEMPATH/CodeIgniter.php(361): CodeIgniter\CodeIgniter->handleRequest(null, Object(Config\Cache), false)
 7 FCPATH/index.php(79): CodeIgniter\CodeIgniter->run()
CRITICAL - 2024-05-06 11:24:39 --> Undefined variable $page
in APPPATH/Views/layout/users_view.php on line 220.
 1 APPPATH/Views/layout/users_view.php(220): CodeIgniter\Debug\Exceptions->errorHandler(2, 'Undefined variable $page', '/home/freelance/public_html/digitalflow/app/Views/layout/users_view.php', 220)
 2 SYSTEMPATH/View/View.php(228): include('/home/freelance/public_html/digitalflow/app/Views/layout/users_view.php')
 3 SYSTEMPATH/View/View.php(231): CodeIgniter\View\View->CodeIgniter\View\{closure}()
 4 SYSTEMPATH/View/View.php(244): CodeIgniter\View\View->render('layout/users_view', [], true)
 5 SYSTEMPATH/Common.php(1190): CodeIgniter\View\View->render('users/users_table', [], true)
 6 APPPATH/Controllers/UserInfo.php(260): view('users/users_table', [...])
 7 SYSTEMPATH/CodeIgniter.php(942): App\Controllers\UserInfo->users_view()
 8 SYSTEMPATH/CodeIgniter.php(502): CodeIgniter\CodeIgniter->runController(Object(App\Controllers\UserInfo))
 9 SYSTEMPATH/CodeIgniter.php(361): CodeIgniter\CodeIgniter->handleRequest(null, Object(Config\Cache), false)
10 FCPATH/index.php(79): CodeIgniter\CodeIgniter->run()
CRITICAL - 2024-05-06 11:25:29 --> Undefined variable $page
in APPPATH/Views/layout/users_view.php on line 220.
 1 APPPATH/Views/layout/users_view.php(220): CodeIgniter\Debug\Exceptions->errorHandler(2, 'Undefined variable $page', '/home/freelance/public_html/digitalflow/app/Views/layout/users_view.php', 220)
 2 SYSTEMPATH/View/View.php(228): include('/home/freelance/public_html/digitalflow/app/Views/layout/users_view.php')
 3 SYSTEMPATH/View/View.php(231): CodeIgniter\View\View->CodeIgniter\View\{closure}()
 4 SYSTEMPATH/View/View.php(244): CodeIgniter\View\View->render('layout/users_view', [], true)
 5 SYSTEMPATH/Common.php(1190): CodeIgniter\View\View->render('users/users_table', [], true)
 6 APPPATH/Controllers/UserInfo.php(260): view('users/users_table', [...])
 7 SYSTEMPATH/CodeIgniter.php(942): App\Controllers\UserInfo->users_view()
 8 SYSTEMPATH/CodeIgniter.php(502): CodeIgniter\CodeIgniter->runController(Object(App\Controllers\UserInfo))
 9 SYSTEMPATH/CodeIgniter.php(361): CodeIgniter\CodeIgniter->handleRequest(null, Object(Config\Cache), false)
10 FCPATH/index.php(79): CodeIgniter\CodeIgniter->run()
CRITICAL - 2024-05-06 11:25:32 --> Undefined variable $page
in APPPATH/Views/layout/users_view.php on line 220.
 1 APPPATH/Views/layout/users_view.php(220): CodeIgniter\Debug\Exceptions->errorHandler(2, 'Undefined variable $page', '/home/freelance/public_html/digitalflow/app/Views/layout/users_view.php', 220)
 2 SYSTEMPATH/View/View.php(228): include('/home/freelance/public_html/digitalflow/app/Views/layout/users_view.php')
 3 SYSTEMPATH/View/View.php(231): CodeIgniter\View\View->CodeIgniter\View\{closure}()
 4 SYSTEMPATH/View/View.php(244): CodeIgniter\View\View->render('layout/users_view', [], true)
 5 SYSTEMPATH/Common.php(1190): CodeIgniter\View\View->render('users/users_table', [], true)
 6 APPPATH/Controllers/UserInfo.php(260): view('users/users_table', [...])
 7 SYSTEMPATH/CodeIgniter.php(942): App\Controllers\UserInfo->users_view()
 8 SYSTEMPATH/CodeIgniter.php(502): CodeIgniter\CodeIgniter->runController(Object(App\Controllers\UserInfo))
 9 SYSTEMPATH/CodeIgniter.php(361): CodeIgniter\CodeIgniter->handleRequest(null, Object(Config\Cache), false)
10 FCPATH/index.php(79): CodeIgniter\CodeIgniter->run()
CRITICAL - 2024-05-06 11:25:38 --> Undefined variable $page
in APPPATH/Views/layout/users_view.php on line 220.
 1 APPPATH/Views/layout/users_view.php(220): CodeIgniter\Debug\Exceptions->errorHandler(2, 'Undefined variable $page', '/home/freelance/public_html/digitalflow/app/Views/layout/users_view.php', 220)
 2 SYSTEMPATH/View/View.php(228): include('/home/freelance/public_html/digitalflow/app/Views/layout/users_view.php')
 3 SYSTEMPATH/View/View.php(231): CodeIgniter\View\View->CodeIgniter\View\{closure}()
 4 SYSTEMPATH/View/View.php(244): CodeIgniter\View\View->render('layout/users_view', [], true)
 5 SYSTEMPATH/Common.php(1190): CodeIgniter\View\View->render('users/users_table', [], true)
 6 APPPATH/Controllers/UserInfo.php(260): view('users/users_table', [...])
 7 SYSTEMPATH/CodeIgniter.php(942): App\Controllers\UserInfo->users_view()
 8 SYSTEMPATH/CodeIgniter.php(502): CodeIgniter\CodeIgniter->runController(Object(App\Controllers\UserInfo))
 9 SYSTEMPATH/CodeIgniter.php(361): CodeIgniter\CodeIgniter->handleRequest(null, Object(Config\Cache), false)
10 FCPATH/index.php(79): CodeIgniter\CodeIgniter->run()
CRITICAL - 2024-05-06 11:27:52 --> Undefined variable $page
in APPPATH/Views/layout/users_view.php on line 220.
 1 APPPATH/Views/layout/users_view.php(220): CodeIgniter\Debug\Exceptions->errorHandler(2, 'Undefined variable $page', '/home/freelance/public_html/digitalflow/app/Views/layout/users_view.php', 220)
 2 SYSTEMPATH/View/View.php(228): include('/home/freelance/public_html/digitalflow/app/Views/layout/users_view.php')
 3 SYSTEMPATH/View/View.php(231): CodeIgniter\View\View->CodeIgniter\View\{closure}()
 4 SYSTEMPATH/View/View.php(244): CodeIgniter\View\View->render('layout/users_view', [], true)
 5 SYSTEMPATH/Common.php(1190): CodeIgniter\View\View->render('users/users_table', [], true)
 6 APPPATH/Controllers/UserInfo.php(260): view('users/users_table', [...])
 7 SYSTEMPATH/CodeIgniter.php(942): App\Controllers\UserInfo->users_view()
 8 SYSTEMPATH/CodeIgniter.php(502): CodeIgniter\CodeIgniter->runController(Object(App\Controllers\UserInfo))
 9 SYSTEMPATH/CodeIgniter.php(361): CodeIgniter\CodeIgniter->handleRequest(null, Object(Config\Cache), false)
10 FCPATH/index.php(79): CodeIgniter\CodeIgniter->run()
CRITICAL - 2024-05-06 11:31:54 --> Undefined variable $page
in APPPATH/Views/layout/users_view.php on line 223.
 1 APPPATH/Views/layout/users_view.php(223): CodeIgniter\Debug\Exceptions->errorHandler(2, 'Undefined variable $page', '/home/freelance/public_html/digitalflow/app/Views/layout/users_view.php', 223)
 2 SYSTEMPATH/View/View.php(228): include('/home/freelance/public_html/digitalflow/app/Views/layout/users_view.php')
 3 SYSTEMPATH/View/View.php(231): CodeIgniter\View\View->CodeIgniter\View\{closure}()
 4 SYSTEMPATH/View/View.php(244): CodeIgniter\View\View->render('layout/users_view', [], true)
 5 SYSTEMPATH/Common.php(1190): CodeIgniter\View\View->render('users/users_table', [], true)
 6 APPPATH/Controllers/UserInfo.php(260): view('users/users_table', [...])
 7 SYSTEMPATH/CodeIgniter.php(942): App\Controllers\UserInfo->users_view()
 8 SYSTEMPATH/CodeIgniter.php(502): CodeIgniter\CodeIgniter->runController(Object(App\Controllers\UserInfo))
 9 SYSTEMPATH/CodeIgniter.php(361): CodeIgniter\CodeIgniter->handleRequest(null, Object(Config\Cache), false)
10 FCPATH/index.php(79): CodeIgniter\CodeIgniter->run()
CRITICAL - 2024-05-06 11:32:25 --> Undefined variable $page
in APPPATH/Views/layout/users_view.php on line 223.
 1 APPPATH/Views/layout/users_view.php(223): CodeIgniter\Debug\Exceptions->errorHandler(2, 'Undefined variable $page', '/home/freelance/public_html/digitalflow/app/Views/layout/users_view.php', 223)
 2 SYSTEMPATH/View/View.php(228): include('/home/freelance/public_html/digitalflow/app/Views/layout/users_view.php')
 3 SYSTEMPATH/View/View.php(231): CodeIgniter\View\View->CodeIgniter\View\{closure}()
 4 SYSTEMPATH/View/View.php(244): CodeIgniter\View\View->render('layout/users_view', [], true)
 5 SYSTEMPATH/Common.php(1190): CodeIgniter\View\View->render('users/users_table', [], true)
 6 APPPATH/Controllers/UserInfo.php(260): view('users/users_table', [...])
 7 SYSTEMPATH/CodeIgniter.php(942): App\Controllers\UserInfo->users_view()
 8 SYSTEMPATH/CodeIgniter.php(502): CodeIgniter\CodeIgniter->runController(Object(App\Controllers\UserInfo))
 9 SYSTEMPATH/CodeIgniter.php(361): CodeIgniter\CodeIgniter->handleRequest(null, Object(Config\Cache), false)
10 FCPATH/index.php(79): CodeIgniter\CodeIgniter->run()
CRITICAL - 2024-05-06 11:34:44 --> Undefined variable $page
in APPPATH/Views/layout/users_view.php on line 223.
 1 APPPATH/Views/layout/users_view.php(223): CodeIgniter\Debug\Exceptions->errorHandler(2, 'Undefined variable $page', '/home/freelance/public_html/digitalflow/app/Views/layout/users_view.php', 223)
 2 SYSTEMPATH/View/View.php(228): include('/home/freelance/public_html/digitalflow/app/Views/layout/users_view.php')
 3 SYSTEMPATH/View/View.php(231): CodeIgniter\View\View->CodeIgniter\View\{closure}()
 4 SYSTEMPATH/View/View.php(244): CodeIgniter\View\View->render('layout/users_view', [], true)
 5 SYSTEMPATH/Common.php(1190): CodeIgniter\View\View->render('users/add_user', [], true)
 6 APPPATH/Controllers/UserInfo.php(59): view('users/add_user')
 7 SYSTEMPATH/CodeIgniter.php(942): App\Controllers\UserInfo->add_user()
 8 SYSTEMPATH/CodeIgniter.php(502): CodeIgniter\CodeIgniter->runController(Object(App\Controllers\UserInfo))
 9 SYSTEMPATH/CodeIgniter.php(361): CodeIgniter\CodeIgniter->handleRequest(null, Object(Config\Cache), false)
10 FCPATH/index.php(79): CodeIgniter\CodeIgniter->run()
CRITICAL - 2024-05-06 11:35:45 --> Undefined variable $page
in APPPATH/Views/layout/users_view.php on line 223.
 1 APPPATH/Views/layout/users_view.php(223): CodeIgniter\Debug\Exceptions->errorHandler(2, 'Undefined variable $page', '/home/freelance/public_html/digitalflow/app/Views/layout/users_view.php', 223)
 2 SYSTEMPATH/View/View.php(228): include('/home/freelance/public_html/digitalflow/app/Views/layout/users_view.php')
 3 SYSTEMPATH/View/View.php(231): CodeIgniter\View\View->CodeIgniter\View\{closure}()
 4 SYSTEMPATH/View/View.php(244): CodeIgniter\View\View->render('layout/users_view', [], true)
 5 SYSTEMPATH/Common.php(1190): CodeIgniter\View\View->render('users/add_user', [], true)
 6 APPPATH/Controllers/UserInfo.php(59): view('users/add_user')
 7 SYSTEMPATH/CodeIgniter.php(942): App\Controllers\UserInfo->add_user()
 8 SYSTEMPATH/CodeIgniter.php(502): CodeIgniter\CodeIgniter->runController(Object(App\Controllers\UserInfo))
 9 SYSTEMPATH/CodeIgniter.php(361): CodeIgniter\CodeIgniter->handleRequest(null, Object(Config\Cache), false)
10 FCPATH/index.php(79): CodeIgniter\CodeIgniter->run()
CRITICAL - 2024-05-06 11:35:49 --> Undefined variable $page
in APPPATH/Views/layout/users_view.php on line 223.
 1 APPPATH/Views/layout/users_view.php(223): CodeIgniter\Debug\Exceptions->errorHandler(2, 'Undefined variable $page', '/home/freelance/public_html/digitalflow/app/Views/layout/users_view.php', 223)
 2 SYSTEMPATH/View/View.php(228): include('/home/freelance/public_html/digitalflow/app/Views/layout/users_view.php')
 3 SYSTEMPATH/View/View.php(231): CodeIgniter\View\View->CodeIgniter\View\{closure}()
 4 SYSTEMPATH/View/View.php(244): CodeIgniter\View\View->render('layout/users_view', [], true)
 5 SYSTEMPATH/Common.php(1190): CodeIgniter\View\View->render('users/edit_user', [], true)
 6 APPPATH/Controllers/UserInfo.php(275): view('users/edit_user', [...])
 7 SYSTEMPATH/CodeIgniter.php(942): App\Controllers\UserInfo->edit('VFZSUlBRPT0=')
 8 SYSTEMPATH/CodeIgniter.php(502): CodeIgniter\CodeIgniter->runController(Object(App\Controllers\UserInfo))
 9 SYSTEMPATH/CodeIgniter.php(361): CodeIgniter\CodeIgniter->handleRequest(null, Object(Config\Cache), false)
10 FCPATH/index.php(79): CodeIgniter\CodeIgniter->run()
CRITICAL - 2024-05-06 12:23:26 --> Invalid file: "personalinfo/user_table.php"
in SYSTEMPATH/Exceptions/FrameworkException.php on line 39.
 1 SYSTEMPATH/View/View.php(216): CodeIgniter\Exceptions\FrameworkException::forInvalidFile('personalinfo/user_table.php')
 2 SYSTEMPATH/Common.php(1190): CodeIgniter\View\View->render('personalinfo/user_table', [], true)
 3 APPPATH/Controllers/Employee.php(17): view('personalinfo/user_table', [...])
 4 SYSTEMPATH/CodeIgniter.php(942): App\Controllers\Employee->index()
 5 SYSTEMPATH/CodeIgniter.php(502): CodeIgniter\CodeIgniter->runController(Object(App\Controllers\Employee))
 6 SYSTEMPATH/CodeIgniter.php(361): CodeIgniter\CodeIgniter->handleRequest(null, Object(Config\Cache), false)
 7 FCPATH/index.php(79): CodeIgniter\CodeIgniter->run()
CRITICAL - 2024-05-06 12:24:02 --> Invalid file: "personalinfo/users_table.php"
in SYSTEMPATH/Exceptions/FrameworkException.php on line 39.
 1 SYSTEMPATH/View/View.php(216): CodeIgniter\Exceptions\FrameworkException::forInvalidFile('personalinfo/users_table.php')
 2 SYSTEMPATH/Common.php(1190): CodeIgniter\View\View->render('personalinfo/users_table', [], true)
 3 APPPATH/Controllers/Employee.php(17): view('personalinfo/users_table', [...])
 4 SYSTEMPATH/CodeIgniter.php(942): App\Controllers\Employee->index()
 5 SYSTEMPATH/CodeIgniter.php(502): CodeIgniter\CodeIgniter->runController(Object(App\Controllers\Employee))
 6 SYSTEMPATH/CodeIgniter.php(361): CodeIgniter\CodeIgniter->handleRequest(null, Object(Config\Cache), false)
 7 FCPATH/index.php(79): CodeIgniter\CodeIgniter->run()
CRITICAL - 2024-05-06 12:24:05 --> Invalid file: "personalinfo/users_table.php"
in SYSTEMPATH/Exceptions/FrameworkException.php on line 39.
 1 SYSTEMPATH/View/View.php(216): CodeIgniter\Exceptions\FrameworkException::forInvalidFile('personalinfo/users_table.php')
 2 SYSTEMPATH/Common.php(1190): CodeIgniter\View\View->render('personalinfo/users_table', [], true)
 3 APPPATH/Controllers/Employee.php(17): view('personalinfo/users_table', [...])
 4 SYSTEMPATH/CodeIgniter.php(942): App\Controllers\Employee->index()
 5 SYSTEMPATH/CodeIgniter.php(502): CodeIgniter\CodeIgniter->runController(Object(App\Controllers\Employee))
 6 SYSTEMPATH/CodeIgniter.php(361): CodeIgniter\CodeIgniter->handleRequest(null, Object(Config\Cache), false)
 7 FCPATH/index.php(79): CodeIgniter\CodeIgniter->run()
CRITICAL - 2024-05-06 12:25:22 --> Invalid file: "personalinfo/users_table.php"
in SYSTEMPATH/Exceptions/FrameworkException.php on line 39.
 1 SYSTEMPATH/View/View.php(216): CodeIgniter\Exceptions\FrameworkException::forInvalidFile('personalinfo/users_table.php')
 2 SYSTEMPATH/Common.php(1190): CodeIgniter\View\View->render('personalinfo/users_table', [], true)
 3 APPPATH/Controllers/Employee.php(17): view('personalinfo/users_table', [...])
 4 SYSTEMPATH/CodeIgniter.php(942): App\Controllers\Employee->index()
 5 SYSTEMPATH/CodeIgniter.php(502): CodeIgniter\CodeIgniter->runController(Object(App\Controllers\Employee))
 6 SYSTEMPATH/CodeIgniter.php(361): CodeIgniter\CodeIgniter->handleRequest(null, Object(Config\Cache), false)
 7 FCPATH/index.php(79): CodeIgniter\CodeIgniter->run()
CRITICAL - 2024-05-06 12:25:48 --> Invalid file: "personalinfo/users_table.php"
in SYSTEMPATH/Exceptions/FrameworkException.php on line 39.
 1 SYSTEMPATH/View/View.php(216): CodeIgniter\Exceptions\FrameworkException::forInvalidFile('personalinfo/users_table.php')
 2 SYSTEMPATH/Common.php(1190): CodeIgniter\View\View->render('personalinfo/users_table', [], true)
 3 APPPATH/Controllers/Employee.php(17): view('personalinfo/users_table', [...])
 4 SYSTEMPATH/CodeIgniter.php(942): App\Controllers\Employee->index()
 5 SYSTEMPATH/CodeIgniter.php(502): CodeIgniter\CodeIgniter->runController(Object(App\Controllers\Employee))
 6 SYSTEMPATH/CodeIgniter.php(361): CodeIgniter\CodeIgniter->handleRequest(null, Object(Config\Cache), false)
 7 FCPATH/index.php(79): CodeIgniter\CodeIgniter->run()
CRITICAL - 2024-05-06 12:26:21 --> Invalid file: "personalinfo/users_table.php"
in SYSTEMPATH/Exceptions/FrameworkException.php on line 39.
 1 SYSTEMPATH/View/View.php(216): CodeIgniter\Exceptions\FrameworkException::forInvalidFile('personalinfo/users_table.php')
 2 SYSTEMPATH/Common.php(1190): CodeIgniter\View\View->render('personalinfo/users_table', [], true)
 3 APPPATH/Controllers/Employee.php(17): view('personalinfo/users_table', [...])
 4 SYSTEMPATH/CodeIgniter.php(942): App\Controllers\Employee->index()
 5 SYSTEMPATH/CodeIgniter.php(502): CodeIgniter\CodeIgniter->runController(Object(App\Controllers\Employee))
 6 SYSTEMPATH/CodeIgniter.php(361): CodeIgniter\CodeIgniter->handleRequest(null, Object(Config\Cache), false)
 7 FCPATH/index.php(79): CodeIgniter\CodeIgniter->run()
