CRITICAL - 2024-04-11 08:09:48 --> Invalid file: "users/reports_table.php"
in SYSTEMPATH\Exceptions\FrameworkException.php on line 39.
 1 SYSTEMPATH\View\View.php(216): CodeIgniter\Exceptions\FrameworkException::forInvalidFile('users/reports_table.php')
 2 SYSTEMPATH\Common.php(1190): CodeIgniter\View\View->render('users/reports_table', [], true)
 3 APPPATH\Controllers\BloodDonors.php(125): view('users/reports_table')
 4 SYSTEMPATH\CodeIgniter.php(942): App\Controllers\BloodDonors->report_view()
 5 SYSTEMPATH\CodeIgniter.php(502): CodeIgniter\CodeIgniter->runController(Object(App\Controllers\BloodDonors))
 6 SYSTEMPATH\CodeIgniter.php(361): CodeIgniter\CodeIgniter->handleRequest(null, Object(Config\Cache), false)
 7 FCPATH\index.php(79): CodeIgniter\CodeIgniter->run()
CRITICAL - 2024-04-11 08:17:13 --> Undefined variable $user
in APPPATH\Views\users\reports_table.php on line 13.
 1 APPPATH\Views\users\reports_table.php(13): CodeIgniter\Debug\Exceptions->errorHandler(2, 'Undefined variable $user', 'C:\\xampp\\htdocs\\bloodbank_ci4\\app\\Views\\users\\reports_table.php', 13)
 2 SYSTEMPATH\View\View.php(228): include('C:\\xampp\\htdocs\\bloodbank_ci4\\app\\Views\\users\\reports_table.php')
 3 SYSTEMPATH\View\View.php(231): CodeIgniter\View\View->CodeIgniter\View\{closure}()
 4 SYSTEMPATH\Common.php(1190): CodeIgniter\View\View->render('users/reports_table', [], true)
 5 APPPATH\Controllers\BloodDonors.php(123): view('users/reports_table', [...])
 6 SYSTEMPATH\CodeIgniter.php(942): App\Controllers\BloodDonors->report_view()
 7 SYSTEMPATH\CodeIgniter.php(502): CodeIgniter\CodeIgniter->runController(Object(App\Controllers\BloodDonors))
 8 SYSTEMPATH\CodeIgniter.php(361): CodeIgniter\CodeIgniter->handleRequest(null, Object(Config\Cache), false)
 9 FCPATH\index.php(79): CodeIgniter\CodeIgniter->run()
CRITICAL - 2024-04-11 08:17:27 --> Undefined variable $user
in APPPATH\Views\users\reports_table.php on line 13.
 1 APPPATH\Views\users\reports_table.php(13): CodeIgniter\Debug\Exceptions->errorHandler(2, 'Undefined variable $user', 'C:\\xampp\\htdocs\\bloodbank_ci4\\app\\Views\\users\\reports_table.php', 13)
 2 SYSTEMPATH\View\View.php(228): include('C:\\xampp\\htdocs\\bloodbank_ci4\\app\\Views\\users\\reports_table.php')
 3 SYSTEMPATH\View\View.php(231): CodeIgniter\View\View->CodeIgniter\View\{closure}()
 4 SYSTEMPATH\Common.php(1190): CodeIgniter\View\View->render('users/reports_table', [], true)
 5 APPPATH\Controllers\BloodDonors.php(123): view('users/reports_table', [...])
 6 SYSTEMPATH\CodeIgniter.php(942): App\Controllers\BloodDonors->report_view()
 7 SYSTEMPATH\CodeIgniter.php(502): CodeIgniter\CodeIgniter->runController(Object(App\Controllers\BloodDonors))
 8 SYSTEMPATH\CodeIgniter.php(361): CodeIgniter\CodeIgniter->handleRequest(null, Object(Config\Cache), false)
 9 FCPATH\index.php(79): CodeIgniter\CodeIgniter->run()
CRITICAL - 2024-04-11 08:17:28 --> Undefined variable $user
in APPPATH\Views\users\reports_table.php on line 13.
 1 APPPATH\Views\users\reports_table.php(13): CodeIgniter\Debug\Exceptions->errorHandler(2, 'Undefined variable $user', 'C:\\xampp\\htdocs\\bloodbank_ci4\\app\\Views\\users\\reports_table.php', 13)
 2 SYSTEMPATH\View\View.php(228): include('C:\\xampp\\htdocs\\bloodbank_ci4\\app\\Views\\users\\reports_table.php')
 3 SYSTEMPATH\View\View.php(231): CodeIgniter\View\View->CodeIgniter\View\{closure}()
 4 SYSTEMPATH\Common.php(1190): CodeIgniter\View\View->render('users/reports_table', [], true)
 5 APPPATH\Controllers\BloodDonors.php(123): view('users/reports_table', [...])
 6 SYSTEMPATH\CodeIgniter.php(942): App\Controllers\BloodDonors->report_view()
 7 SYSTEMPATH\CodeIgniter.php(502): CodeIgniter\CodeIgniter->runController(Object(App\Controllers\BloodDonors))
 8 SYSTEMPATH\CodeIgniter.php(361): CodeIgniter\CodeIgniter->handleRequest(null, Object(Config\Cache), false)
 9 FCPATH\index.php(79): CodeIgniter\CodeIgniter->run()
CRITICAL - 2024-04-11 08:17:28 --> Undefined variable $user
in APPPATH\Views\users\reports_table.php on line 13.
 1 APPPATH\Views\users\reports_table.php(13): CodeIgniter\Debug\Exceptions->errorHandler(2, 'Undefined variable $user', 'C:\\xampp\\htdocs\\bloodbank_ci4\\app\\Views\\users\\reports_table.php', 13)
 2 SYSTEMPATH\View\View.php(228): include('C:\\xampp\\htdocs\\bloodbank_ci4\\app\\Views\\users\\reports_table.php')
 3 SYSTEMPATH\View\View.php(231): CodeIgniter\View\View->CodeIgniter\View\{closure}()
 4 SYSTEMPATH\Common.php(1190): CodeIgniter\View\View->render('users/reports_table', [], true)
 5 APPPATH\Controllers\BloodDonors.php(123): view('users/reports_table', [...])
 6 SYSTEMPATH\CodeIgniter.php(942): App\Controllers\BloodDonors->report_view()
 7 SYSTEMPATH\CodeIgniter.php(502): CodeIgniter\CodeIgniter->runController(Object(App\Controllers\BloodDonors))
 8 SYSTEMPATH\CodeIgniter.php(361): CodeIgniter\CodeIgniter->handleRequest(null, Object(Config\Cache), false)
 9 FCPATH\index.php(79): CodeIgniter\CodeIgniter->run()
CRITICAL - 2024-04-11 08:56:32 --> Undefined array key "fullname"
in APPPATH\Views\users\reports_table.php on line 23.
 1 APPPATH\Views\users\reports_table.php(23): CodeIgniter\Debug\Exceptions->errorHandler(2, 'Undefined array key "fullname"', 'C:\\xampp\\htdocs\\bloodbank_ci4\\app\\Views\\users\\reports_table.php', 23)
 2 SYSTEMPATH\View\View.php(228): include('C:\\xampp\\htdocs\\bloodbank_ci4\\app\\Views\\users\\reports_table.php')
 3 SYSTEMPATH\View\View.php(231): CodeIgniter\View\View->CodeIgniter\View\{closure}()
 4 SYSTEMPATH\Common.php(1190): CodeIgniter\View\View->render('users/reports_table', [], true)
 5 APPPATH\Controllers\BloodDonors.php(123): view('users/reports_table', [...])
 6 SYSTEMPATH\CodeIgniter.php(942): App\Controllers\BloodDonors->report_view()
 7 SYSTEMPATH\CodeIgniter.php(502): CodeIgniter\CodeIgniter->runController(Object(App\Controllers\BloodDonors))
 8 SYSTEMPATH\CodeIgniter.php(361): CodeIgniter\CodeIgniter->handleRequest(null, Object(Config\Cache), false)
 9 FCPATH\index.php(79): CodeIgniter\CodeIgniter->run()
CRITICAL - 2024-04-11 08:57:17 --> Undefined array key "fullname"
in APPPATH\Views\users\reports_table.php on line 23.
 1 APPPATH\Views\users\reports_table.php(23): CodeIgniter\Debug\Exceptions->errorHandler(2, 'Undefined array key "fullname"', 'C:\\xampp\\htdocs\\bloodbank_ci4\\app\\Views\\users\\reports_table.php', 23)
 2 SYSTEMPATH\View\View.php(228): include('C:\\xampp\\htdocs\\bloodbank_ci4\\app\\Views\\users\\reports_table.php')
 3 SYSTEMPATH\View\View.php(231): CodeIgniter\View\View->CodeIgniter\View\{closure}()
 4 SYSTEMPATH\Common.php(1190): CodeIgniter\View\View->render('users/reports_table', [], true)
 5 APPPATH\Controllers\BloodDonors.php(123): view('users/reports_table', [...])
 6 SYSTEMPATH\CodeIgniter.php(942): App\Controllers\BloodDonors->report_view()
 7 SYSTEMPATH\CodeIgniter.php(502): CodeIgniter\CodeIgniter->runController(Object(App\Controllers\BloodDonors))
 8 SYSTEMPATH\CodeIgniter.php(361): CodeIgniter\CodeIgniter->handleRequest(null, Object(Config\Cache), false)
 9 FCPATH\index.php(79): CodeIgniter\CodeIgniter->run()
CRITICAL - 2024-04-11 08:57:18 --> Undefined array key "fullname"
in APPPATH\Views\users\reports_table.php on line 23.
 1 APPPATH\Views\users\reports_table.php(23): CodeIgniter\Debug\Exceptions->errorHandler(2, 'Undefined array key "fullname"', 'C:\\xampp\\htdocs\\bloodbank_ci4\\app\\Views\\users\\reports_table.php', 23)
 2 SYSTEMPATH\View\View.php(228): include('C:\\xampp\\htdocs\\bloodbank_ci4\\app\\Views\\users\\reports_table.php')
 3 SYSTEMPATH\View\View.php(231): CodeIgniter\View\View->CodeIgniter\View\{closure}()
 4 SYSTEMPATH\Common.php(1190): CodeIgniter\View\View->render('users/reports_table', [], true)
 5 APPPATH\Controllers\BloodDonors.php(123): view('users/reports_table', [...])
 6 SYSTEMPATH\CodeIgniter.php(942): App\Controllers\BloodDonors->report_view()
 7 SYSTEMPATH\CodeIgniter.php(502): CodeIgniter\CodeIgniter->runController(Object(App\Controllers\BloodDonors))
 8 SYSTEMPATH\CodeIgniter.php(361): CodeIgniter\CodeIgniter->handleRequest(null, Object(Config\Cache), false)
 9 FCPATH\index.php(79): CodeIgniter\CodeIgniter->run()
CRITICAL - 2024-04-11 09:05:34 --> Undefined array key "fullname"
in APPPATH\Views\users\reports_table.php on line 34.
 1 APPPATH\Views\users\reports_table.php(34): CodeIgniter\Debug\Exceptions->errorHandler(2, 'Undefined array key "fullname"', 'C:\\xampp\\htdocs\\bloodbank_ci4\\app\\Views\\users\\reports_table.php', 34)
 2 SYSTEMPATH\View\View.php(228): include('C:\\xampp\\htdocs\\bloodbank_ci4\\app\\Views\\users\\reports_table.php')
 3 SYSTEMPATH\View\View.php(231): CodeIgniter\View\View->CodeIgniter\View\{closure}()
 4 SYSTEMPATH\Common.php(1190): CodeIgniter\View\View->render('users/reports_table', [], true)
 5 APPPATH\Controllers\BloodDonors.php(123): view('users/reports_table', [...])
 6 SYSTEMPATH\CodeIgniter.php(942): App\Controllers\BloodDonors->report_view()
 7 SYSTEMPATH\CodeIgniter.php(502): CodeIgniter\CodeIgniter->runController(Object(App\Controllers\BloodDonors))
 8 SYSTEMPATH\CodeIgniter.php(361): CodeIgniter\CodeIgniter->handleRequest(null, Object(Config\Cache), false)
 9 FCPATH\index.php(79): CodeIgniter\CodeIgniter->run()
CRITICAL - 2024-04-11 09:05:46 --> Undefined array key "fullname"
in APPPATH\Views\users\reports_table.php on line 34.
 1 APPPATH\Views\users\reports_table.php(34): CodeIgniter\Debug\Exceptions->errorHandler(2, 'Undefined array key "fullname"', 'C:\\xampp\\htdocs\\bloodbank_ci4\\app\\Views\\users\\reports_table.php', 34)
 2 SYSTEMPATH\View\View.php(228): include('C:\\xampp\\htdocs\\bloodbank_ci4\\app\\Views\\users\\reports_table.php')
 3 SYSTEMPATH\View\View.php(231): CodeIgniter\View\View->CodeIgniter\View\{closure}()
 4 SYSTEMPATH\Common.php(1190): CodeIgniter\View\View->render('users/reports_table', [], true)
 5 APPPATH\Controllers\BloodDonors.php(123): view('users/reports_table', [...])
 6 SYSTEMPATH\CodeIgniter.php(942): App\Controllers\BloodDonors->report_view()
 7 SYSTEMPATH\CodeIgniter.php(502): CodeIgniter\CodeIgniter->runController(Object(App\Controllers\BloodDonors))
 8 SYSTEMPATH\CodeIgniter.php(361): CodeIgniter\CodeIgniter->handleRequest(null, Object(Config\Cache), false)
 9 FCPATH\index.php(79): CodeIgniter\CodeIgniter->run()
CRITICAL - 2024-04-11 09:05:55 --> Attempt to read property "fullname" on array
in APPPATH\Views\users\reports_table.php on line 34.
 1 APPPATH\Views\users\reports_table.php(34): CodeIgniter\Debug\Exceptions->errorHandler(2, 'Attempt to read property "fullname" on array', 'C:\\xampp\\htdocs\\bloodbank_ci4\\app\\Views\\users\\reports_table.php', 34)
 2 SYSTEMPATH\View\View.php(228): include('C:\\xampp\\htdocs\\bloodbank_ci4\\app\\Views\\users\\reports_table.php')
 3 SYSTEMPATH\View\View.php(231): CodeIgniter\View\View->CodeIgniter\View\{closure}()
 4 SYSTEMPATH\Common.php(1190): CodeIgniter\View\View->render('users/reports_table', [], true)
 5 APPPATH\Controllers\BloodDonors.php(123): view('users/reports_table', [...])
 6 SYSTEMPATH\CodeIgniter.php(942): App\Controllers\BloodDonors->report_view()
 7 SYSTEMPATH\CodeIgniter.php(502): CodeIgniter\CodeIgniter->runController(Object(App\Controllers\BloodDonors))
 8 SYSTEMPATH\CodeIgniter.php(361): CodeIgniter\CodeIgniter->handleRequest(null, Object(Config\Cache), false)
 9 FCPATH\index.php(79): CodeIgniter\CodeIgniter->run()
CRITICAL - 2024-04-11 09:06:04 --> Attempt to read property "fullname" on array
in APPPATH\Views\users\reports_table.php on line 34.
 1 APPPATH\Views\users\reports_table.php(34): CodeIgniter\Debug\Exceptions->errorHandler(2, 'Attempt to read property "fullname" on array', 'C:\\xampp\\htdocs\\bloodbank_ci4\\app\\Views\\users\\reports_table.php', 34)
 2 SYSTEMPATH\View\View.php(228): include('C:\\xampp\\htdocs\\bloodbank_ci4\\app\\Views\\users\\reports_table.php')
 3 SYSTEMPATH\View\View.php(231): CodeIgniter\View\View->CodeIgniter\View\{closure}()
 4 SYSTEMPATH\Common.php(1190): CodeIgniter\View\View->render('users/reports_table', [], true)
 5 APPPATH\Controllers\BloodDonors.php(123): view('users/reports_table', [...])
 6 SYSTEMPATH\CodeIgniter.php(942): App\Controllers\BloodDonors->report_view()
 7 SYSTEMPATH\CodeIgniter.php(502): CodeIgniter\CodeIgniter->runController(Object(App\Controllers\BloodDonors))
 8 SYSTEMPATH\CodeIgniter.php(361): CodeIgniter\CodeIgniter->handleRequest(null, Object(Config\Cache), false)
 9 FCPATH\index.php(79): CodeIgniter\CodeIgniter->run()
CRITICAL - 2024-04-11 09:06:05 --> Attempt to read property "fullname" on array
in APPPATH\Views\users\reports_table.php on line 34.
 1 APPPATH\Views\users\reports_table.php(34): CodeIgniter\Debug\Exceptions->errorHandler(2, 'Attempt to read property "fullname" on array', 'C:\\xampp\\htdocs\\bloodbank_ci4\\app\\Views\\users\\reports_table.php', 34)
 2 SYSTEMPATH\View\View.php(228): include('C:\\xampp\\htdocs\\bloodbank_ci4\\app\\Views\\users\\reports_table.php')
 3 SYSTEMPATH\View\View.php(231): CodeIgniter\View\View->CodeIgniter\View\{closure}()
 4 SYSTEMPATH\Common.php(1190): CodeIgniter\View\View->render('users/reports_table', [], true)
 5 APPPATH\Controllers\BloodDonors.php(123): view('users/reports_table', [...])
 6 SYSTEMPATH\CodeIgniter.php(942): App\Controllers\BloodDonors->report_view()
 7 SYSTEMPATH\CodeIgniter.php(502): CodeIgniter\CodeIgniter->runController(Object(App\Controllers\BloodDonors))
 8 SYSTEMPATH\CodeIgniter.php(361): CodeIgniter\CodeIgniter->handleRequest(null, Object(Config\Cache), false)
 9 FCPATH\index.php(79): CodeIgniter\CodeIgniter->run()
CRITICAL - 2024-04-11 09:06:56 --> Attempt to read property "fullname" on array
in APPPATH\Views\users\reports_table.php on line 34.
 1 APPPATH\Views\users\reports_table.php(34): CodeIgniter\Debug\Exceptions->errorHandler(2, 'Attempt to read property "fullname" on array', 'C:\\xampp\\htdocs\\bloodbank_ci4\\app\\Views\\users\\reports_table.php', 34)
 2 SYSTEMPATH\View\View.php(228): include('C:\\xampp\\htdocs\\bloodbank_ci4\\app\\Views\\users\\reports_table.php')
 3 SYSTEMPATH\View\View.php(231): CodeIgniter\View\View->CodeIgniter\View\{closure}()
 4 SYSTEMPATH\Common.php(1190): CodeIgniter\View\View->render('users/reports_table', [], true)
 5 APPPATH\Controllers\BloodDonors.php(123): view('users/reports_table', [...])
 6 SYSTEMPATH\CodeIgniter.php(942): App\Controllers\BloodDonors->report_view()
 7 SYSTEMPATH\CodeIgniter.php(502): CodeIgniter\CodeIgniter->runController(Object(App\Controllers\BloodDonors))
 8 SYSTEMPATH\CodeIgniter.php(361): CodeIgniter\CodeIgniter->handleRequest(null, Object(Config\Cache), false)
 9 FCPATH\index.php(79): CodeIgniter\CodeIgniter->run()
CRITICAL - 2024-04-11 09:06:58 --> Attempt to read property "fullname" on array
in APPPATH\Views\users\reports_table.php on line 34.
 1 APPPATH\Views\users\reports_table.php(34): CodeIgniter\Debug\Exceptions->errorHandler(2, 'Attempt to read property "fullname" on array', 'C:\\xampp\\htdocs\\bloodbank_ci4\\app\\Views\\users\\reports_table.php', 34)
 2 SYSTEMPATH\View\View.php(228): include('C:\\xampp\\htdocs\\bloodbank_ci4\\app\\Views\\users\\reports_table.php')
 3 SYSTEMPATH\View\View.php(231): CodeIgniter\View\View->CodeIgniter\View\{closure}()
 4 SYSTEMPATH\Common.php(1190): CodeIgniter\View\View->render('users/reports_table', [], true)
 5 APPPATH\Controllers\BloodDonors.php(123): view('users/reports_table', [...])
 6 SYSTEMPATH\CodeIgniter.php(942): App\Controllers\BloodDonors->report_view()
 7 SYSTEMPATH\CodeIgniter.php(502): CodeIgniter\CodeIgniter->runController(Object(App\Controllers\BloodDonors))
 8 SYSTEMPATH\CodeIgniter.php(361): CodeIgniter\CodeIgniter->handleRequest(null, Object(Config\Cache), false)
 9 FCPATH\index.php(79): CodeIgniter\CodeIgniter->run()
CRITICAL - 2024-04-11 09:06:58 --> Attempt to read property "fullname" on array
in APPPATH\Views\users\reports_table.php on line 34.
 1 APPPATH\Views\users\reports_table.php(34): CodeIgniter\Debug\Exceptions->errorHandler(2, 'Attempt to read property "fullname" on array', 'C:\\xampp\\htdocs\\bloodbank_ci4\\app\\Views\\users\\reports_table.php', 34)
 2 SYSTEMPATH\View\View.php(228): include('C:\\xampp\\htdocs\\bloodbank_ci4\\app\\Views\\users\\reports_table.php')
 3 SYSTEMPATH\View\View.php(231): CodeIgniter\View\View->CodeIgniter\View\{closure}()
 4 SYSTEMPATH\Common.php(1190): CodeIgniter\View\View->render('users/reports_table', [], true)
 5 APPPATH\Controllers\BloodDonors.php(123): view('users/reports_table', [...])
 6 SYSTEMPATH\CodeIgniter.php(942): App\Controllers\BloodDonors->report_view()
 7 SYSTEMPATH\CodeIgniter.php(502): CodeIgniter\CodeIgniter->runController(Object(App\Controllers\BloodDonors))
 8 SYSTEMPATH\CodeIgniter.php(361): CodeIgniter\CodeIgniter->handleRequest(null, Object(Config\Cache), false)
 9 FCPATH\index.php(79): CodeIgniter\CodeIgniter->run()
CRITICAL - 2024-04-11 09:07:19 --> Array to string conversion
in APPPATH\Views\users\reports_table.php on line 35.
 1 APPPATH\Views\users\reports_table.php(35): CodeIgniter\Debug\Exceptions->errorHandler(2, 'Array to string conversion', 'C:\\xampp\\htdocs\\bloodbank_ci4\\app\\Views\\users\\reports_table.php', 35)
 2 SYSTEMPATH\View\View.php(228): include('C:\\xampp\\htdocs\\bloodbank_ci4\\app\\Views\\users\\reports_table.php')
 3 SYSTEMPATH\View\View.php(231): CodeIgniter\View\View->CodeIgniter\View\{closure}()
 4 SYSTEMPATH\Common.php(1190): CodeIgniter\View\View->render('users/reports_table', [], true)
 5 APPPATH\Controllers\BloodDonors.php(123): view('users/reports_table', [...])
 6 SYSTEMPATH\CodeIgniter.php(942): App\Controllers\BloodDonors->report_view()
 7 SYSTEMPATH\CodeIgniter.php(502): CodeIgniter\CodeIgniter->runController(Object(App\Controllers\BloodDonors))
 8 SYSTEMPATH\CodeIgniter.php(361): CodeIgniter\CodeIgniter->handleRequest(null, Object(Config\Cache), false)
 9 FCPATH\index.php(79): CodeIgniter\CodeIgniter->run()
CRITICAL - 2024-04-11 09:09:06 --> Attempt to read property "fullname" on array
in APPPATH\Views\users\reports_table.php on line 35.
 1 APPPATH\Views\users\reports_table.php(35): CodeIgniter\Debug\Exceptions->errorHandler(2, 'Attempt to read property "fullname" on array', 'C:\\xampp\\htdocs\\bloodbank_ci4\\app\\Views\\users\\reports_table.php', 35)
 2 SYSTEMPATH\View\View.php(228): include('C:\\xampp\\htdocs\\bloodbank_ci4\\app\\Views\\users\\reports_table.php')
 3 SYSTEMPATH\View\View.php(231): CodeIgniter\View\View->CodeIgniter\View\{closure}()
 4 SYSTEMPATH\Common.php(1190): CodeIgniter\View\View->render('users/reports_table', [], true)
 5 APPPATH\Controllers\BloodDonors.php(123): view('users/reports_table', [...])
 6 SYSTEMPATH\CodeIgniter.php(942): App\Controllers\BloodDonors->report_view()
 7 SYSTEMPATH\CodeIgniter.php(502): CodeIgniter\CodeIgniter->runController(Object(App\Controllers\BloodDonors))
 8 SYSTEMPATH\CodeIgniter.php(361): CodeIgniter\CodeIgniter->handleRequest(null, Object(Config\Cache), false)
 9 FCPATH\index.php(79): CodeIgniter\CodeIgniter->run()
CRITICAL - 2024-04-11 09:09:46 --> Undefined array key "fullname"
in APPPATH\Views\users\reports_table.php on line 35.
 1 APPPATH\Views\users\reports_table.php(35): CodeIgniter\Debug\Exceptions->errorHandler(2, 'Undefined array key "fullname"', 'C:\\xampp\\htdocs\\bloodbank_ci4\\app\\Views\\users\\reports_table.php', 35)
 2 SYSTEMPATH\View\View.php(228): include('C:\\xampp\\htdocs\\bloodbank_ci4\\app\\Views\\users\\reports_table.php')
 3 SYSTEMPATH\View\View.php(231): CodeIgniter\View\View->CodeIgniter\View\{closure}()
 4 SYSTEMPATH\Common.php(1190): CodeIgniter\View\View->render('users/reports_table', [], true)
 5 APPPATH\Controllers\BloodDonors.php(123): view('users/reports_table', [...])
 6 SYSTEMPATH\CodeIgniter.php(942): App\Controllers\BloodDonors->report_view()
 7 SYSTEMPATH\CodeIgniter.php(502): CodeIgniter\CodeIgniter->runController(Object(App\Controllers\BloodDonors))
 8 SYSTEMPATH\CodeIgniter.php(361): CodeIgniter\CodeIgniter->handleRequest(null, Object(Config\Cache), false)
 9 FCPATH\index.php(79): CodeIgniter\CodeIgniter->run()
CRITICAL - 2024-04-11 09:09:47 --> Undefined array key "fullname"
in APPPATH\Views\users\reports_table.php on line 35.
 1 APPPATH\Views\users\reports_table.php(35): CodeIgniter\Debug\Exceptions->errorHandler(2, 'Undefined array key "fullname"', 'C:\\xampp\\htdocs\\bloodbank_ci4\\app\\Views\\users\\reports_table.php', 35)
 2 SYSTEMPATH\View\View.php(228): include('C:\\xampp\\htdocs\\bloodbank_ci4\\app\\Views\\users\\reports_table.php')
 3 SYSTEMPATH\View\View.php(231): CodeIgniter\View\View->CodeIgniter\View\{closure}()
 4 SYSTEMPATH\Common.php(1190): CodeIgniter\View\View->render('users/reports_table', [], true)
 5 APPPATH\Controllers\BloodDonors.php(123): view('users/reports_table', [...])
 6 SYSTEMPATH\CodeIgniter.php(942): App\Controllers\BloodDonors->report_view()
 7 SYSTEMPATH\CodeIgniter.php(502): CodeIgniter\CodeIgniter->runController(Object(App\Controllers\BloodDonors))
 8 SYSTEMPATH\CodeIgniter.php(361): CodeIgniter\CodeIgniter->handleRequest(null, Object(Config\Cache), false)
 9 FCPATH\index.php(79): CodeIgniter\CodeIgniter->run()
CRITICAL - 2024-04-11 09:09:47 --> Undefined array key "fullname"
in APPPATH\Views\users\reports_table.php on line 35.
 1 APPPATH\Views\users\reports_table.php(35): CodeIgniter\Debug\Exceptions->errorHandler(2, 'Undefined array key "fullname"', 'C:\\xampp\\htdocs\\bloodbank_ci4\\app\\Views\\users\\reports_table.php', 35)
 2 SYSTEMPATH\View\View.php(228): include('C:\\xampp\\htdocs\\bloodbank_ci4\\app\\Views\\users\\reports_table.php')
 3 SYSTEMPATH\View\View.php(231): CodeIgniter\View\View->CodeIgniter\View\{closure}()
 4 SYSTEMPATH\Common.php(1190): CodeIgniter\View\View->render('users/reports_table', [], true)
 5 APPPATH\Controllers\BloodDonors.php(123): view('users/reports_table', [...])
 6 SYSTEMPATH\CodeIgniter.php(942): App\Controllers\BloodDonors->report_view()
 7 SYSTEMPATH\CodeIgniter.php(502): CodeIgniter\CodeIgniter->runController(Object(App\Controllers\BloodDonors))
 8 SYSTEMPATH\CodeIgniter.php(361): CodeIgniter\CodeIgniter->handleRequest(null, Object(Config\Cache), false)
 9 FCPATH\index.php(79): CodeIgniter\CodeIgniter->run()
CRITICAL - 2024-04-11 09:09:57 --> Attempt to read property "fullname" on array
in APPPATH\Views\users\reports_table.php on line 35.
 1 APPPATH\Views\users\reports_table.php(35): CodeIgniter\Debug\Exceptions->errorHandler(2, 'Attempt to read property "fullname" on array', 'C:\\xampp\\htdocs\\bloodbank_ci4\\app\\Views\\users\\reports_table.php', 35)
 2 SYSTEMPATH\View\View.php(228): include('C:\\xampp\\htdocs\\bloodbank_ci4\\app\\Views\\users\\reports_table.php')
 3 SYSTEMPATH\View\View.php(231): CodeIgniter\View\View->CodeIgniter\View\{closure}()
 4 SYSTEMPATH\Common.php(1190): CodeIgniter\View\View->render('users/reports_table', [], true)
 5 APPPATH\Controllers\BloodDonors.php(123): view('users/reports_table', [...])
 6 SYSTEMPATH\CodeIgniter.php(942): App\Controllers\BloodDonors->report_view()
 7 SYSTEMPATH\CodeIgniter.php(502): CodeIgniter\CodeIgniter->runController(Object(App\Controllers\BloodDonors))
 8 SYSTEMPATH\CodeIgniter.php(361): CodeIgniter\CodeIgniter->handleRequest(null, Object(Config\Cache), false)
 9 FCPATH\index.php(79): CodeIgniter\CodeIgniter->run()
CRITICAL - 2024-04-11 09:09:57 --> Attempt to read property "fullname" on array
in APPPATH\Views\users\reports_table.php on line 35.
 1 APPPATH\Views\users\reports_table.php(35): CodeIgniter\Debug\Exceptions->errorHandler(2, 'Attempt to read property "fullname" on array', 'C:\\xampp\\htdocs\\bloodbank_ci4\\app\\Views\\users\\reports_table.php', 35)
 2 SYSTEMPATH\View\View.php(228): include('C:\\xampp\\htdocs\\bloodbank_ci4\\app\\Views\\users\\reports_table.php')
 3 SYSTEMPATH\View\View.php(231): CodeIgniter\View\View->CodeIgniter\View\{closure}()
 4 SYSTEMPATH\Common.php(1190): CodeIgniter\View\View->render('users/reports_table', [], true)
 5 APPPATH\Controllers\BloodDonors.php(123): view('users/reports_table', [...])
 6 SYSTEMPATH\CodeIgniter.php(942): App\Controllers\BloodDonors->report_view()
 7 SYSTEMPATH\CodeIgniter.php(502): CodeIgniter\CodeIgniter->runController(Object(App\Controllers\BloodDonors))
 8 SYSTEMPATH\CodeIgniter.php(361): CodeIgniter\CodeIgniter->handleRequest(null, Object(Config\Cache), false)
 9 FCPATH\index.php(79): CodeIgniter\CodeIgniter->run()
CRITICAL - 2024-04-11 09:10:07 --> Array to string conversion
in APPPATH\Views\users\reports_table.php on line 35.
 1 APPPATH\Views\users\reports_table.php(35): CodeIgniter\Debug\Exceptions->errorHandler(2, 'Array to string conversion', 'C:\\xampp\\htdocs\\bloodbank_ci4\\app\\Views\\users\\reports_table.php', 35)
 2 SYSTEMPATH\View\View.php(228): include('C:\\xampp\\htdocs\\bloodbank_ci4\\app\\Views\\users\\reports_table.php')
 3 SYSTEMPATH\View\View.php(231): CodeIgniter\View\View->CodeIgniter\View\{closure}()
 4 SYSTEMPATH\Common.php(1190): CodeIgniter\View\View->render('users/reports_table', [], true)
 5 APPPATH\Controllers\BloodDonors.php(123): view('users/reports_table', [...])
 6 SYSTEMPATH\CodeIgniter.php(942): App\Controllers\BloodDonors->report_view()
 7 SYSTEMPATH\CodeIgniter.php(502): CodeIgniter\CodeIgniter->runController(Object(App\Controllers\BloodDonors))
 8 SYSTEMPATH\CodeIgniter.php(361): CodeIgniter\CodeIgniter->handleRequest(null, Object(Config\Cache), false)
 9 FCPATH\index.php(79): CodeIgniter\CodeIgniter->run()
CRITICAL - 2024-04-11 10:25:28 --> Undefined variable $donors
in APPPATH\Views\users\reports_table.php on line 44.
 1 APPPATH\Views\users\reports_table.php(44): CodeIgniter\Debug\Exceptions->errorHandler(2, 'Undefined variable $donors', 'C:\\xampp\\htdocs\\bloodbank_ci4\\app\\Views\\users\\reports_table.php', 44)
 2 SYSTEMPATH\View\View.php(228): include('C:\\xampp\\htdocs\\bloodbank_ci4\\app\\Views\\users\\reports_table.php')
 3 SYSTEMPATH\View\View.php(231): CodeIgniter\View\View->CodeIgniter\View\{closure}()
 4 SYSTEMPATH\Common.php(1190): CodeIgniter\View\View->render('users/reports_table', [], true)
 5 APPPATH\Controllers\BloodDonors.php(123): view('users/reports_table', [...])
 6 SYSTEMPATH\CodeIgniter.php(942): App\Controllers\BloodDonors->report_view()
 7 SYSTEMPATH\CodeIgniter.php(502): CodeIgniter\CodeIgniter->runController(Object(App\Controllers\BloodDonors))
 8 SYSTEMPATH\CodeIgniter.php(361): CodeIgniter\CodeIgniter->handleRequest(null, Object(Config\Cache), false)
 9 FCPATH\index.php(79): CodeIgniter\CodeIgniter->run()
CRITICAL - 2024-04-11 10:25:30 --> Undefined variable $donors
in APPPATH\Views\users\reports_table.php on line 44.
 1 APPPATH\Views\users\reports_table.php(44): CodeIgniter\Debug\Exceptions->errorHandler(2, 'Undefined variable $donors', 'C:\\xampp\\htdocs\\bloodbank_ci4\\app\\Views\\users\\reports_table.php', 44)
 2 SYSTEMPATH\View\View.php(228): include('C:\\xampp\\htdocs\\bloodbank_ci4\\app\\Views\\users\\reports_table.php')
 3 SYSTEMPATH\View\View.php(231): CodeIgniter\View\View->CodeIgniter\View\{closure}()
 4 SYSTEMPATH\Common.php(1190): CodeIgniter\View\View->render('users/reports_table', [], true)
 5 APPPATH\Controllers\BloodDonors.php(123): view('users/reports_table', [...])
 6 SYSTEMPATH\CodeIgniter.php(942): App\Controllers\BloodDonors->report_view()
 7 SYSTEMPATH\CodeIgniter.php(502): CodeIgniter\CodeIgniter->runController(Object(App\Controllers\BloodDonors))
 8 SYSTEMPATH\CodeIgniter.php(361): CodeIgniter\CodeIgniter->handleRequest(null, Object(Config\Cache), false)
 9 FCPATH\index.php(79): CodeIgniter\CodeIgniter->run()
CRITICAL - 2024-04-11 10:25:30 --> Undefined variable $donors
in APPPATH\Views\users\reports_table.php on line 44.
 1 APPPATH\Views\users\reports_table.php(44): CodeIgniter\Debug\Exceptions->errorHandler(2, 'Undefined variable $donors', 'C:\\xampp\\htdocs\\bloodbank_ci4\\app\\Views\\users\\reports_table.php', 44)
 2 SYSTEMPATH\View\View.php(228): include('C:\\xampp\\htdocs\\bloodbank_ci4\\app\\Views\\users\\reports_table.php')
 3 SYSTEMPATH\View\View.php(231): CodeIgniter\View\View->CodeIgniter\View\{closure}()
 4 SYSTEMPATH\Common.php(1190): CodeIgniter\View\View->render('users/reports_table', [], true)
 5 APPPATH\Controllers\BloodDonors.php(123): view('users/reports_table', [...])
 6 SYSTEMPATH\CodeIgniter.php(942): App\Controllers\BloodDonors->report_view()
 7 SYSTEMPATH\CodeIgniter.php(502): CodeIgniter\CodeIgniter->runController(Object(App\Controllers\BloodDonors))
 8 SYSTEMPATH\CodeIgniter.php(361): CodeIgniter\CodeIgniter->handleRequest(null, Object(Config\Cache), false)
 9 FCPATH\index.php(79): CodeIgniter\CodeIgniter->run()
CRITICAL - 2024-04-11 10:25:55 --> Undefined variable $donors
in APPPATH\Views\users\reports_table.php on line 44.
 1 APPPATH\Views\users\reports_table.php(44): CodeIgniter\Debug\Exceptions->errorHandler(2, 'Undefined variable $donors', 'C:\\xampp\\htdocs\\bloodbank_ci4\\app\\Views\\users\\reports_table.php', 44)
 2 SYSTEMPATH\View\View.php(228): include('C:\\xampp\\htdocs\\bloodbank_ci4\\app\\Views\\users\\reports_table.php')
 3 SYSTEMPATH\View\View.php(231): CodeIgniter\View\View->CodeIgniter\View\{closure}()
 4 SYSTEMPATH\Common.php(1190): CodeIgniter\View\View->render('users/reports_table', [], true)
 5 APPPATH\Controllers\BloodDonors.php(123): view('users/reports_table', [...])
 6 SYSTEMPATH\CodeIgniter.php(942): App\Controllers\BloodDonors->report_view()
 7 SYSTEMPATH\CodeIgniter.php(502): CodeIgniter\CodeIgniter->runController(Object(App\Controllers\BloodDonors))
 8 SYSTEMPATH\CodeIgniter.php(361): CodeIgniter\CodeIgniter->handleRequest(null, Object(Config\Cache), false)
 9 FCPATH\index.php(79): CodeIgniter\CodeIgniter->run()
CRITICAL - 2024-04-11 10:25:55 --> Undefined variable $donors
in APPPATH\Views\users\reports_table.php on line 44.
 1 APPPATH\Views\users\reports_table.php(44): CodeIgniter\Debug\Exceptions->errorHandler(2, 'Undefined variable $donors', 'C:\\xampp\\htdocs\\bloodbank_ci4\\app\\Views\\users\\reports_table.php', 44)
 2 SYSTEMPATH\View\View.php(228): include('C:\\xampp\\htdocs\\bloodbank_ci4\\app\\Views\\users\\reports_table.php')
 3 SYSTEMPATH\View\View.php(231): CodeIgniter\View\View->CodeIgniter\View\{closure}()
 4 SYSTEMPATH\Common.php(1190): CodeIgniter\View\View->render('users/reports_table', [], true)
 5 APPPATH\Controllers\BloodDonors.php(123): view('users/reports_table', [...])
 6 SYSTEMPATH\CodeIgniter.php(942): App\Controllers\BloodDonors->report_view()
 7 SYSTEMPATH\CodeIgniter.php(502): CodeIgniter\CodeIgniter->runController(Object(App\Controllers\BloodDonors))
 8 SYSTEMPATH\CodeIgniter.php(361): CodeIgniter\CodeIgniter->handleRequest(null, Object(Config\Cache), false)
 9 FCPATH\index.php(79): CodeIgniter\CodeIgniter->run()
CRITICAL - 2024-04-11 10:25:56 --> Undefined variable $donors
in APPPATH\Views\users\reports_table.php on line 44.
 1 APPPATH\Views\users\reports_table.php(44): CodeIgniter\Debug\Exceptions->errorHandler(2, 'Undefined variable $donors', 'C:\\xampp\\htdocs\\bloodbank_ci4\\app\\Views\\users\\reports_table.php', 44)
 2 SYSTEMPATH\View\View.php(228): include('C:\\xampp\\htdocs\\bloodbank_ci4\\app\\Views\\users\\reports_table.php')
 3 SYSTEMPATH\View\View.php(231): CodeIgniter\View\View->CodeIgniter\View\{closure}()
 4 SYSTEMPATH\Common.php(1190): CodeIgniter\View\View->render('users/reports_table', [], true)
 5 APPPATH\Controllers\BloodDonors.php(123): view('users/reports_table', [...])
 6 SYSTEMPATH\CodeIgniter.php(942): App\Controllers\BloodDonors->report_view()
 7 SYSTEMPATH\CodeIgniter.php(502): CodeIgniter\CodeIgniter->runController(Object(App\Controllers\BloodDonors))
 8 SYSTEMPATH\CodeIgniter.php(361): CodeIgniter\CodeIgniter->handleRequest(null, Object(Config\Cache), false)
 9 FCPATH\index.php(79): CodeIgniter\CodeIgniter->run()
CRITICAL - 2024-04-11 10:26:12 --> Undefined variable $donors
in APPPATH\Views\users\reports_table.php on line 44.
 1 APPPATH\Views\users\reports_table.php(44): CodeIgniter\Debug\Exceptions->errorHandler(2, 'Undefined variable $donors', 'C:\\xampp\\htdocs\\bloodbank_ci4\\app\\Views\\users\\reports_table.php', 44)
 2 SYSTEMPATH\View\View.php(228): include('C:\\xampp\\htdocs\\bloodbank_ci4\\app\\Views\\users\\reports_table.php')
 3 SYSTEMPATH\View\View.php(231): CodeIgniter\View\View->CodeIgniter\View\{closure}()
 4 SYSTEMPATH\Common.php(1190): CodeIgniter\View\View->render('users/reports_table', [], true)
 5 APPPATH\Controllers\BloodDonors.php(123): view('users/reports_table', [...])
 6 SYSTEMPATH\CodeIgniter.php(942): App\Controllers\BloodDonors->report_view()
 7 SYSTEMPATH\CodeIgniter.php(502): CodeIgniter\CodeIgniter->runController(Object(App\Controllers\BloodDonors))
 8 SYSTEMPATH\CodeIgniter.php(361): CodeIgniter\CodeIgniter->handleRequest(null, Object(Config\Cache), false)
 9 FCPATH\index.php(79): CodeIgniter\CodeIgniter->run()
CRITICAL - 2024-04-11 10:27:26 --> Undefined variable $donors
in APPPATH\Views\users\reports_table.php on line 44.
 1 APPPATH\Views\users\reports_table.php(44): CodeIgniter\Debug\Exceptions->errorHandler(2, 'Undefined variable $donors', 'C:\\xampp\\htdocs\\bloodbank_ci4\\app\\Views\\users\\reports_table.php', 44)
 2 SYSTEMPATH\View\View.php(228): include('C:\\xampp\\htdocs\\bloodbank_ci4\\app\\Views\\users\\reports_table.php')
 3 SYSTEMPATH\View\View.php(231): CodeIgniter\View\View->CodeIgniter\View\{closure}()
 4 SYSTEMPATH\Common.php(1190): CodeIgniter\View\View->render('users/reports_table', [], true)
 5 APPPATH\Controllers\BloodDonors.php(123): view('users/reports_table', [...])
 6 SYSTEMPATH\CodeIgniter.php(942): App\Controllers\BloodDonors->report_view()
 7 SYSTEMPATH\CodeIgniter.php(502): CodeIgniter\CodeIgniter->runController(Object(App\Controllers\BloodDonors))
 8 SYSTEMPATH\CodeIgniter.php(361): CodeIgniter\CodeIgniter->handleRequest(null, Object(Config\Cache), false)
 9 FCPATH\index.php(79): CodeIgniter\CodeIgniter->run()
CRITICAL - 2024-04-11 10:27:27 --> Undefined variable $donors
in APPPATH\Views\users\reports_table.php on line 44.
 1 APPPATH\Views\users\reports_table.php(44): CodeIgniter\Debug\Exceptions->errorHandler(2, 'Undefined variable $donors', 'C:\\xampp\\htdocs\\bloodbank_ci4\\app\\Views\\users\\reports_table.php', 44)
 2 SYSTEMPATH\View\View.php(228): include('C:\\xampp\\htdocs\\bloodbank_ci4\\app\\Views\\users\\reports_table.php')
 3 SYSTEMPATH\View\View.php(231): CodeIgniter\View\View->CodeIgniter\View\{closure}()
 4 SYSTEMPATH\Common.php(1190): CodeIgniter\View\View->render('users/reports_table', [], true)
 5 APPPATH\Controllers\BloodDonors.php(123): view('users/reports_table', [...])
 6 SYSTEMPATH\CodeIgniter.php(942): App\Controllers\BloodDonors->report_view()
 7 SYSTEMPATH\CodeIgniter.php(502): CodeIgniter\CodeIgniter->runController(Object(App\Controllers\BloodDonors))
 8 SYSTEMPATH\CodeIgniter.php(361): CodeIgniter\CodeIgniter->handleRequest(null, Object(Config\Cache), false)
 9 FCPATH\index.php(79): CodeIgniter\CodeIgniter->run()
CRITICAL - 2024-04-11 10:27:27 --> Undefined variable $donors
in APPPATH\Views\users\reports_table.php on line 44.
 1 APPPATH\Views\users\reports_table.php(44): CodeIgniter\Debug\Exceptions->errorHandler(2, 'Undefined variable $donors', 'C:\\xampp\\htdocs\\bloodbank_ci4\\app\\Views\\users\\reports_table.php', 44)
 2 SYSTEMPATH\View\View.php(228): include('C:\\xampp\\htdocs\\bloodbank_ci4\\app\\Views\\users\\reports_table.php')
 3 SYSTEMPATH\View\View.php(231): CodeIgniter\View\View->CodeIgniter\View\{closure}()
 4 SYSTEMPATH\Common.php(1190): CodeIgniter\View\View->render('users/reports_table', [], true)
 5 APPPATH\Controllers\BloodDonors.php(123): view('users/reports_table', [...])
 6 SYSTEMPATH\CodeIgniter.php(942): App\Controllers\BloodDonors->report_view()
 7 SYSTEMPATH\CodeIgniter.php(502): CodeIgniter\CodeIgniter->runController(Object(App\Controllers\BloodDonors))
 8 SYSTEMPATH\CodeIgniter.php(361): CodeIgniter\CodeIgniter->handleRequest(null, Object(Config\Cache), false)
 9 FCPATH\index.php(79): CodeIgniter\CodeIgniter->run()
CRITICAL - 2024-04-11 10:28:04 --> Undefined variable $users
in APPPATH\Views\users\reports_table.php on line 22.
 1 APPPATH\Views\users\reports_table.php(22): CodeIgniter\Debug\Exceptions->errorHandler(2, 'Undefined variable $users', 'C:\\xampp\\htdocs\\bloodbank_ci4\\app\\Views\\users\\reports_table.php', 22)
 2 SYSTEMPATH\View\View.php(228): include('C:\\xampp\\htdocs\\bloodbank_ci4\\app\\Views\\users\\reports_table.php')
 3 SYSTEMPATH\View\View.php(231): CodeIgniter\View\View->CodeIgniter\View\{closure}()
 4 SYSTEMPATH\Common.php(1190): CodeIgniter\View\View->render('users/reports_table', [], true)
 5 APPPATH\Controllers\BloodDonors.php(141): view('users/reports_table', [...])
 6 SYSTEMPATH\CodeIgniter.php(942): App\Controllers\BloodDonors->search()
 7 SYSTEMPATH\CodeIgniter.php(502): CodeIgniter\CodeIgniter->runController(Object(App\Controllers\BloodDonors))
 8 SYSTEMPATH\CodeIgniter.php(361): CodeIgniter\CodeIgniter->handleRequest(null, Object(Config\Cache), false)
 9 FCPATH\index.php(79): CodeIgniter\CodeIgniter->run()
CRITICAL - 2024-04-11 11:22:12 --> Cannot redeclare App\Controllers\BloodDonors::search()
in APPPATH\Controllers\BloodDonors.php on line 163.
 1 [internal function]: CodeIgniter\Debug\Exceptions->shutdownHandler()
CRITICAL - 2024-04-11 11:22:15 --> Cannot redeclare App\Controllers\BloodDonors::search()
in APPPATH\Controllers\BloodDonors.php on line 163.
 1 [internal function]: CodeIgniter\Debug\Exceptions->shutdownHandler()
ERROR - 2024-04-11 11:22:39 --> mysqli_sql_exception: Unknown column 'name' in 'where clause' in C:\xampp\htdocs\bloodbank_ci4\system\Database\MySQLi\Connection.php:306
Stack trace:
#0 C:\xampp\htdocs\bloodbank_ci4\system\Database\MySQLi\Connection.php(306): mysqli->query('SELECT *\nFROM `...', 0)
#1 C:\xampp\htdocs\bloodbank_ci4\system\Database\BaseConnection.php(693): CodeIgniter\Database\MySQLi\Connection->execute('SELECT *\nFROM `...')
#2 C:\xampp\htdocs\bloodbank_ci4\system\Database\BaseConnection.php(607): CodeIgniter\Database\BaseConnection->simpleQuery('SELECT *\nFROM `...')
#3 C:\xampp\htdocs\bloodbank_ci4\system\Database\BaseBuilder.php(1615): CodeIgniter\Database\BaseConnection->query('SELECT *\nFROM `...', Array, false)
#4 C:\xampp\htdocs\bloodbank_ci4\system\Model.php(871): CodeIgniter\Database\BaseBuilder->get()
#5 C:\xampp\htdocs\bloodbank_ci4\app\Controllers\BloodDonors.php(151): CodeIgniter\Model->__call('get', Array)
#6 C:\xampp\htdocs\bloodbank_ci4\system\CodeIgniter.php(942): App\Controllers\BloodDonors->search()
#7 C:\xampp\htdocs\bloodbank_ci4\system\CodeIgniter.php(502): CodeIgniter\CodeIgniter->runController(Object(App\Controllers\BloodDonors))
#8 C:\xampp\htdocs\bloodbank_ci4\system\CodeIgniter.php(361): CodeIgniter\CodeIgniter->handleRequest(NULL, Object(Config\Cache), false)
#9 C:\xampp\htdocs\bloodbank_ci4\index.php(79): CodeIgniter\CodeIgniter->run()
#10 {main}
CRITICAL - 2024-04-11 11:22:39 --> Unknown column 'name' in 'where clause'
in SYSTEMPATH\Database\BaseConnection.php on line 647.
 1 SYSTEMPATH\Database\BaseBuilder.php(1615): CodeIgniter\Database\BaseConnection->query('SELECT *
FROM `donors`
WHERE `name` LIKE :name: ESCAPE \'!\'
AND `date_column` = :date_column:', [...], false)
 2 SYSTEMPATH\Model.php(871): CodeIgniter\Database\BaseBuilder->get()
 3 APPPATH\Controllers\BloodDonors.php(151): CodeIgniter\Model->__call('get', [])
 4 SYSTEMPATH\CodeIgniter.php(942): App\Controllers\BloodDonors->search()
 5 SYSTEMPATH\CodeIgniter.php(502): CodeIgniter\CodeIgniter->runController(Object(App\Controllers\BloodDonors))
 6 SYSTEMPATH\CodeIgniter.php(361): CodeIgniter\CodeIgniter->handleRequest(null, Object(Config\Cache), false)
 7 FCPATH\index.php(79): CodeIgniter\CodeIgniter->run()
CRITICAL - 2024-04-11 11:27:17 --> Undefined variable $date1
in APPPATH\Controllers\BloodDonors.php on line 162.
 1 APPPATH\Controllers\BloodDonors.php(162): CodeIgniter\Debug\Exceptions->errorHandler(2, 'Undefined variable $date1', 'C:\\xampp\\htdocs\\bloodbank_ci4\\app\\Controllers\\BloodDonors.php', 162)
 2 SYSTEMPATH\CodeIgniter.php(942): App\Controllers\BloodDonors->search()
 3 SYSTEMPATH\CodeIgniter.php(502): CodeIgniter\CodeIgniter->runController(Object(App\Controllers\BloodDonors))
 4 SYSTEMPATH\CodeIgniter.php(361): CodeIgniter\CodeIgniter->handleRequest(null, Object(Config\Cache), false)
 5 FCPATH\index.php(79): CodeIgniter\CodeIgniter->run()
CRITICAL - 2024-04-11 11:28:02 --> Undefined variable $date1
in APPPATH\Views\users\reports_table.php on line 45.
 1 APPPATH\Views\users\reports_table.php(45): CodeIgniter\Debug\Exceptions->errorHandler(2, 'Undefined variable $date1', 'C:\\xampp\\htdocs\\bloodbank_ci4\\app\\Views\\users\\reports_table.php', 45)
 2 SYSTEMPATH\View\View.php(228): include('C:\\xampp\\htdocs\\bloodbank_ci4\\app\\Views\\users\\reports_table.php')
 3 SYSTEMPATH\View\View.php(231): CodeIgniter\View\View->CodeIgniter\View\{closure}()
 4 SYSTEMPATH\Common.php(1190): CodeIgniter\View\View->render('users/reports_table', [], true)
 5 APPPATH\Controllers\BloodDonors.php(161): view('users/reports_table', [...])
 6 SYSTEMPATH\CodeIgniter.php(942): App\Controllers\BloodDonors->search()
 7 SYSTEMPATH\CodeIgniter.php(502): CodeIgniter\CodeIgniter->runController(Object(App\Controllers\BloodDonors))
 8 SYSTEMPATH\CodeIgniter.php(361): CodeIgniter\CodeIgniter->handleRequest(null, Object(Config\Cache), false)
 9 FCPATH\index.php(79): CodeIgniter\CodeIgniter->run()
CRITICAL - 2024-04-11 11:32:28 --> Undefined variable $user
in APPPATH\Views\users\reports_table.php on line 44.
 1 APPPATH\Views\users\reports_table.php(44): CodeIgniter\Debug\Exceptions->errorHandler(2, 'Undefined variable $user', 'C:\\xampp\\htdocs\\bloodbank_ci4\\app\\Views\\users\\reports_table.php', 44)
 2 SYSTEMPATH\View\View.php(228): include('C:\\xampp\\htdocs\\bloodbank_ci4\\app\\Views\\users\\reports_table.php')
 3 SYSTEMPATH\View\View.php(231): CodeIgniter\View\View->CodeIgniter\View\{closure}()
 4 SYSTEMPATH\Common.php(1190): CodeIgniter\View\View->render('users/reports_table', [], true)
 5 APPPATH\Controllers\BloodDonors.php(123): view('users/reports_table', [...])
 6 SYSTEMPATH\CodeIgniter.php(942): App\Controllers\BloodDonors->report_view()
 7 SYSTEMPATH\CodeIgniter.php(502): CodeIgniter\CodeIgniter->runController(Object(App\Controllers\BloodDonors))
 8 SYSTEMPATH\CodeIgniter.php(361): CodeIgniter\CodeIgniter->handleRequest(null, Object(Config\Cache), false)
 9 FCPATH\index.php(79): CodeIgniter\CodeIgniter->run()
CRITICAL - 2024-04-11 11:32:37 --> Undefined variable $user
in APPPATH\Views\users\reports_table.php on line 44.
 1 APPPATH\Views\users\reports_table.php(44): CodeIgniter\Debug\Exceptions->errorHandler(2, 'Undefined variable $user', 'C:\\xampp\\htdocs\\bloodbank_ci4\\app\\Views\\users\\reports_table.php', 44)
 2 SYSTEMPATH\View\View.php(228): include('C:\\xampp\\htdocs\\bloodbank_ci4\\app\\Views\\users\\reports_table.php')
 3 SYSTEMPATH\View\View.php(231): CodeIgniter\View\View->CodeIgniter\View\{closure}()
 4 SYSTEMPATH\Common.php(1190): CodeIgniter\View\View->render('users/reports_table', [], true)
 5 APPPATH\Controllers\BloodDonors.php(123): view('users/reports_table', [...])
 6 SYSTEMPATH\CodeIgniter.php(942): App\Controllers\BloodDonors->report_view()
 7 SYSTEMPATH\CodeIgniter.php(502): CodeIgniter\CodeIgniter->runController(Object(App\Controllers\BloodDonors))
 8 SYSTEMPATH\CodeIgniter.php(361): CodeIgniter\CodeIgniter->handleRequest(null, Object(Config\Cache), false)
 9 FCPATH\index.php(79): CodeIgniter\CodeIgniter->run()
CRITICAL - 2024-04-11 11:32:40 --> Undefined variable $user
in APPPATH\Views\users\reports_table.php on line 44.
 1 APPPATH\Views\users\reports_table.php(44): CodeIgniter\Debug\Exceptions->errorHandler(2, 'Undefined variable $user', 'C:\\xampp\\htdocs\\bloodbank_ci4\\app\\Views\\users\\reports_table.php', 44)
 2 SYSTEMPATH\View\View.php(228): include('C:\\xampp\\htdocs\\bloodbank_ci4\\app\\Views\\users\\reports_table.php')
 3 SYSTEMPATH\View\View.php(231): CodeIgniter\View\View->CodeIgniter\View\{closure}()
 4 SYSTEMPATH\Common.php(1190): CodeIgniter\View\View->render('users/reports_table', [], true)
 5 APPPATH\Controllers\BloodDonors.php(123): view('users/reports_table', [...])
 6 SYSTEMPATH\CodeIgniter.php(942): App\Controllers\BloodDonors->report_view()
 7 SYSTEMPATH\CodeIgniter.php(502): CodeIgniter\CodeIgniter->runController(Object(App\Controllers\BloodDonors))
 8 SYSTEMPATH\CodeIgniter.php(361): CodeIgniter\CodeIgniter->handleRequest(null, Object(Config\Cache), false)
 9 FCPATH\index.php(79): CodeIgniter\CodeIgniter->run()
CRITICAL - 2024-04-11 11:32:48 --> Undefined variable $user
in APPPATH\Views\users\reports_table.php on line 44.
 1 APPPATH\Views\users\reports_table.php(44): CodeIgniter\Debug\Exceptions->errorHandler(2, 'Undefined variable $user', 'C:\\xampp\\htdocs\\bloodbank_ci4\\app\\Views\\users\\reports_table.php', 44)
 2 SYSTEMPATH\View\View.php(228): include('C:\\xampp\\htdocs\\bloodbank_ci4\\app\\Views\\users\\reports_table.php')
 3 SYSTEMPATH\View\View.php(231): CodeIgniter\View\View->CodeIgniter\View\{closure}()
 4 SYSTEMPATH\Common.php(1190): CodeIgniter\View\View->render('users/reports_table', [], true)
 5 APPPATH\Controllers\BloodDonors.php(123): view('users/reports_table', [...])
 6 SYSTEMPATH\CodeIgniter.php(942): App\Controllers\BloodDonors->report_view()
 7 SYSTEMPATH\CodeIgniter.php(502): CodeIgniter\CodeIgniter->runController(Object(App\Controllers\BloodDonors))
 8 SYSTEMPATH\CodeIgniter.php(361): CodeIgniter\CodeIgniter->handleRequest(null, Object(Config\Cache), false)
 9 FCPATH\index.php(79): CodeIgniter\CodeIgniter->run()
CRITICAL - 2024-04-11 11:33:28 --> Undefined variable $user
in APPPATH\Views\users\reports_table.php on line 44.
 1 APPPATH\Views\users\reports_table.php(44): CodeIgniter\Debug\Exceptions->errorHandler(2, 'Undefined variable $user', 'C:\\xampp\\htdocs\\bloodbank_ci4\\app\\Views\\users\\reports_table.php', 44)
 2 SYSTEMPATH\View\View.php(228): include('C:\\xampp\\htdocs\\bloodbank_ci4\\app\\Views\\users\\reports_table.php')
 3 SYSTEMPATH\View\View.php(231): CodeIgniter\View\View->CodeIgniter\View\{closure}()
 4 SYSTEMPATH\Common.php(1190): CodeIgniter\View\View->render('users/reports_table', [], true)
 5 APPPATH\Controllers\BloodDonors.php(126): view('users/reports_table', [...])
 6 SYSTEMPATH\CodeIgniter.php(942): App\Controllers\BloodDonors->report_view()
 7 SYSTEMPATH\CodeIgniter.php(502): CodeIgniter\CodeIgniter->runController(Object(App\Controllers\BloodDonors))
 8 SYSTEMPATH\CodeIgniter.php(361): CodeIgniter\CodeIgniter->handleRequest(null, Object(Config\Cache), false)
 9 FCPATH\index.php(79): CodeIgniter\CodeIgniter->run()
CRITICAL - 2024-04-11 11:44:40 --> Undefined array key "date"
in APPPATH\Views\users\reports_table.php on line 74.
 1 APPPATH\Views\users\reports_table.php(74): CodeIgniter\Debug\Exceptions->errorHandler(2, 'Undefined array key "date"', 'C:\\xampp\\htdocs\\bloodbank_ci4\\app\\Views\\users\\reports_table.php', 74)
 2 SYSTEMPATH\View\View.php(228): include('C:\\xampp\\htdocs\\bloodbank_ci4\\app\\Views\\users\\reports_table.php')
 3 SYSTEMPATH\View\View.php(231): CodeIgniter\View\View->CodeIgniter\View\{closure}()
 4 SYSTEMPATH\Common.php(1190): CodeIgniter\View\View->render('users/reports_table', [], true)
 5 APPPATH\Controllers\BloodDonors.php(126): view('users/reports_table', [...])
 6 SYSTEMPATH\CodeIgniter.php(942): App\Controllers\BloodDonors->report_view()
 7 SYSTEMPATH\CodeIgniter.php(502): CodeIgniter\CodeIgniter->runController(Object(App\Controllers\BloodDonors))
 8 SYSTEMPATH\CodeIgniter.php(361): CodeIgniter\CodeIgniter->handleRequest(null, Object(Config\Cache), false)
 9 FCPATH\index.php(79): CodeIgniter\CodeIgniter->run()
CRITICAL - 2024-04-11 12:20:28 --> syntax error, unexpected variable "$users"
in APPPATH\Controllers\BloodDonors.php on line 156.
 1 SYSTEMPATH\Autoloader\Autoloader.php(291): CodeIgniter\Autoloader\Autoloader->includeFile('C:\\xampp\\htdocs\\bloodbank_ci4\\app\\Controllers\\BloodDonors.php')
 2 SYSTEMPATH\Autoloader\Autoloader.php(269): CodeIgniter\Autoloader\Autoloader->loadInNamespace('App\\Controllers\\BloodDonors')
 3 [internal function]: CodeIgniter\Autoloader\Autoloader->loadClass('App\\Controllers\\BloodDonors')
 4 SYSTEMPATH\CodeIgniter.php(900): class_exists('\\App\\Controllers\\BloodDonors', true)
 5 SYSTEMPATH\CodeIgniter.php(489): CodeIgniter\CodeIgniter->startController()
 6 SYSTEMPATH\CodeIgniter.php(361): CodeIgniter\CodeIgniter->handleRequest(null, Object(Config\Cache), false)
 7 FCPATH\index.php(79): CodeIgniter\CodeIgniter->run()
CRITICAL - 2024-04-11 12:20:42 --> syntax error, unexpected variable "$users"
in APPPATH\Controllers\BloodDonors.php on line 156.
 1 SYSTEMPATH\Autoloader\Autoloader.php(291): CodeIgniter\Autoloader\Autoloader->includeFile('C:\\xampp\\htdocs\\bloodbank_ci4\\app\\Controllers\\BloodDonors.php')
 2 SYSTEMPATH\Autoloader\Autoloader.php(269): CodeIgniter\Autoloader\Autoloader->loadInNamespace('App\\Controllers\\BloodDonors')
 3 [internal function]: CodeIgniter\Autoloader\Autoloader->loadClass('App\\Controllers\\BloodDonors')
 4 SYSTEMPATH\CodeIgniter.php(900): class_exists('\\App\\Controllers\\BloodDonors', true)
 5 SYSTEMPATH\CodeIgniter.php(489): CodeIgniter\CodeIgniter->startController()
 6 SYSTEMPATH\CodeIgniter.php(361): CodeIgniter\CodeIgniter->handleRequest(null, Object(Config\Cache), false)
 7 FCPATH\index.php(79): CodeIgniter\CodeIgniter->run()
CRITICAL - 2024-04-11 12:20:50 --> syntax error, unexpected variable "$users"
in APPPATH\Controllers\BloodDonors.php on line 156.
 1 SYSTEMPATH\Autoloader\Autoloader.php(291): CodeIgniter\Autoloader\Autoloader->includeFile('C:\\xampp\\htdocs\\bloodbank_ci4\\app\\Controllers\\BloodDonors.php')
 2 SYSTEMPATH\Autoloader\Autoloader.php(269): CodeIgniter\Autoloader\Autoloader->loadInNamespace('App\\Controllers\\BloodDonors')
 3 [internal function]: CodeIgniter\Autoloader\Autoloader->loadClass('App\\Controllers\\BloodDonors')
 4 SYSTEMPATH\CodeIgniter.php(900): class_exists('\\App\\Controllers\\BloodDonors', true)
 5 SYSTEMPATH\CodeIgniter.php(489): CodeIgniter\CodeIgniter->startController()
 6 SYSTEMPATH\CodeIgniter.php(361): CodeIgniter\CodeIgniter->handleRequest(null, Object(Config\Cache), false)
 7 FCPATH\index.php(79): CodeIgniter\CodeIgniter->run()
CRITICAL - 2024-04-11 12:42:05 --> Call to undefined method App\Models\BloodBankDonorsModel::getResult
in SYSTEMPATH\Model.php on line 873.
 1 APPPATH\Models\BloodBankDonorsModel.php(54): CodeIgniter\Model->__call('getResult', [])
 2 APPPATH\Controllers\BloodDonors.php(141): App\Models\BloodBankDonorsModel->getdatename('Select', '2024-04-10')
 3 SYSTEMPATH\CodeIgniter.php(942): App\Controllers\BloodDonors->search()
 4 SYSTEMPATH\CodeIgniter.php(502): CodeIgniter\CodeIgniter->runController(Object(App\Controllers\BloodDonors))
 5 SYSTEMPATH\CodeIgniter.php(361): CodeIgniter\CodeIgniter->handleRequest(null, Object(Config\Cache), false)
 6 FCPATH\index.php(79): CodeIgniter\CodeIgniter->run()
CRITICAL - 2024-04-11 12:50:25 --> syntax error, unexpected token "->", expecting identifier or variable or "{" or "$"
in APPPATH\Models\BloodBankDonorsModel.php on line 52.
 1 SYSTEMPATH\Autoloader\Autoloader.php(291): CodeIgniter\Autoloader\Autoloader->includeFile('C:\\xampp\\htdocs\\bloodbank_ci4\\app\\Models\\BloodBankDonorsModel.php')
 2 SYSTEMPATH\Autoloader\Autoloader.php(269): CodeIgniter\Autoloader\Autoloader->loadInNamespace('App\\Models\\BloodBankDonorsModel')
 3 APPPATH\Controllers\BloodDonors.php(135): CodeIgniter\Autoloader\Autoloader->loadClass('App\\Models\\BloodBankDonorsModel')
 4 SYSTEMPATH\CodeIgniter.php(942): App\Controllers\BloodDonors->search()
 5 SYSTEMPATH\CodeIgniter.php(502): CodeIgniter\CodeIgniter->runController(Object(App\Controllers\BloodDonors))
 6 SYSTEMPATH\CodeIgniter.php(361): CodeIgniter\CodeIgniter->handleRequest(null, Object(Config\Cache), false)
 7 FCPATH\index.php(79): CodeIgniter\CodeIgniter->run()
CRITICAL - 2024-04-11 13:00:05 --> Call to a member function getResult() on array
in APPPATH\Models\BloodBankDonorsModel.php on line 55.
 1 APPPATH\Controllers\BloodDonors.php(141): App\Models\BloodBankDonorsModel->getdatename('Select', '2024-04-10')
 2 SYSTEMPATH\CodeIgniter.php(942): App\Controllers\BloodDonors->search()
 3 SYSTEMPATH\CodeIgniter.php(502): CodeIgniter\CodeIgniter->runController(Object(App\Controllers\BloodDonors))
 4 SYSTEMPATH\CodeIgniter.php(361): CodeIgniter\CodeIgniter->handleRequest(null, Object(Config\Cache), false)
 5 FCPATH\index.php(79): CodeIgniter\CodeIgniter->run()
CRITICAL - 2024-04-11 13:12:12 --> Call to undefined method App\Models\BloodBankDonorsModel::getdate
in SYSTEMPATH\Model.php on line 873.
 1 APPPATH\Controllers\BloodDonors.php(142): CodeIgniter\Model->__call('getdate', [...])
 2 SYSTEMPATH\CodeIgniter.php(942): App\Controllers\BloodDonors->search()
 3 SYSTEMPATH\CodeIgniter.php(502): CodeIgniter\CodeIgniter->runController(Object(App\Controllers\BloodDonors))
 4 SYSTEMPATH\CodeIgniter.php(361): CodeIgniter\CodeIgniter->handleRequest(null, Object(Config\Cache), false)
 5 FCPATH\index.php(79): CodeIgniter\CodeIgniter->run()
CRITICAL - 2024-04-11 13:29:38 --> Undefined variable $user
in APPPATH\Views\users\reports_table.php on line 110.
 1 APPPATH\Views\users\reports_table.php(110): CodeIgniter\Debug\Exceptions->errorHandler(2, 'Undefined variable $user', 'C:\\xampp\\htdocs\\bloodbank_ci4\\app\\Views\\users\\reports_table.php', 110)
 2 SYSTEMPATH\View\View.php(228): include('C:\\xampp\\htdocs\\bloodbank_ci4\\app\\Views\\users\\reports_table.php')
 3 SYSTEMPATH\View\View.php(231): CodeIgniter\View\View->CodeIgniter\View\{closure}()
 4 SYSTEMPATH\Common.php(1190): CodeIgniter\View\View->render('users/reports_table', [], true)
 5 APPPATH\Controllers\BloodDonors.php(146): view('users/reports_table', [...])
 6 SYSTEMPATH\CodeIgniter.php(942): App\Controllers\BloodDonors->search()
 7 SYSTEMPATH\CodeIgniter.php(502): CodeIgniter\CodeIgniter->runController(Object(App\Controllers\BloodDonors))
 8 SYSTEMPATH\CodeIgniter.php(361): CodeIgniter\CodeIgniter->handleRequest(null, Object(Config\Cache), false)
 9 FCPATH\index.php(79): CodeIgniter\CodeIgniter->run()
CRITICAL - 2024-04-11 13:29:48 --> Undefined variable $user
in APPPATH\Views\users\reports_table.php on line 113.
 1 APPPATH\Views\users\reports_table.php(113): CodeIgniter\Debug\Exceptions->errorHandler(2, 'Undefined variable $user', 'C:\\xampp\\htdocs\\bloodbank_ci4\\app\\Views\\users\\reports_table.php', 113)
 2 SYSTEMPATH\View\View.php(228): include('C:\\xampp\\htdocs\\bloodbank_ci4\\app\\Views\\users\\reports_table.php')
 3 SYSTEMPATH\View\View.php(231): CodeIgniter\View\View->CodeIgniter\View\{closure}()
 4 SYSTEMPATH\Common.php(1190): CodeIgniter\View\View->render('users/reports_table', [], true)
 5 APPPATH\Controllers\BloodDonors.php(146): view('users/reports_table', [...])
 6 SYSTEMPATH\CodeIgniter.php(942): App\Controllers\BloodDonors->search()
 7 SYSTEMPATH\CodeIgniter.php(502): CodeIgniter\CodeIgniter->runController(Object(App\Controllers\BloodDonors))
 8 SYSTEMPATH\CodeIgniter.php(361): CodeIgniter\CodeIgniter->handleRequest(null, Object(Config\Cache), false)
 9 FCPATH\index.php(79): CodeIgniter\CodeIgniter->run()
CRITICAL - 2024-04-11 13:30:17 --> Cannot use object of type stdClass as array
in APPPATH\Views\users\reports_table.php on line 118.
 1 SYSTEMPATH\View\View.php(228): include()
 2 SYSTEMPATH\View\View.php(231): CodeIgniter\View\View->CodeIgniter\View\{closure}()
 3 SYSTEMPATH\Common.php(1190): CodeIgniter\View\View->render('users/reports_table', [], true)
 4 APPPATH\Controllers\BloodDonors.php(146): view('users/reports_table', [...])
 5 SYSTEMPATH\CodeIgniter.php(942): App\Controllers\BloodDonors->search()
 6 SYSTEMPATH\CodeIgniter.php(502): CodeIgniter\CodeIgniter->runController(Object(App\Controllers\BloodDonors))
 7 SYSTEMPATH\CodeIgniter.php(361): CodeIgniter\CodeIgniter->handleRequest(null, Object(Config\Cache), false)
 8 FCPATH\index.php(79): CodeIgniter\CodeIgniter->run()
CRITICAL - 2024-04-11 13:30:30 --> Cannot use object of type stdClass as array
in APPPATH\Views\users\reports_table.php on line 118.
 1 SYSTEMPATH\View\View.php(228): include()
 2 SYSTEMPATH\View\View.php(231): CodeIgniter\View\View->CodeIgniter\View\{closure}()
 3 SYSTEMPATH\Common.php(1190): CodeIgniter\View\View->render('users/reports_table', [], true)
 4 APPPATH\Controllers\BloodDonors.php(146): view('users/reports_table', [...])
 5 SYSTEMPATH\CodeIgniter.php(942): App\Controllers\BloodDonors->search()
 6 SYSTEMPATH\CodeIgniter.php(502): CodeIgniter\CodeIgniter->runController(Object(App\Controllers\BloodDonors))
 7 SYSTEMPATH\CodeIgniter.php(361): CodeIgniter\CodeIgniter->handleRequest(null, Object(Config\Cache), false)
 8 FCPATH\index.php(79): CodeIgniter\CodeIgniter->run()
CRITICAL - 2024-04-11 13:31:08 --> Cannot use object of type stdClass as array
in APPPATH\Views\users\reports_table.php on line 118.
 1 SYSTEMPATH\View\View.php(228): include()
 2 SYSTEMPATH\View\View.php(231): CodeIgniter\View\View->CodeIgniter\View\{closure}()
 3 SYSTEMPATH\Common.php(1190): CodeIgniter\View\View->render('users/reports_table', [], true)
 4 APPPATH\Controllers\BloodDonors.php(146): view('users/reports_table', [...])
 5 SYSTEMPATH\CodeIgniter.php(942): App\Controllers\BloodDonors->search()
 6 SYSTEMPATH\CodeIgniter.php(502): CodeIgniter\CodeIgniter->runController(Object(App\Controllers\BloodDonors))
 7 SYSTEMPATH\CodeIgniter.php(361): CodeIgniter\CodeIgniter->handleRequest(null, Object(Config\Cache), false)
 8 FCPATH\index.php(79): CodeIgniter\CodeIgniter->run()
CRITICAL - 2024-04-11 13:36:56 --> Cannot use object of type stdClass as array
in APPPATH\Views\users\reports_table.php on line 117.
 1 SYSTEMPATH\View\View.php(228): include()
 2 SYSTEMPATH\View\View.php(231): CodeIgniter\View\View->CodeIgniter\View\{closure}()
 3 SYSTEMPATH\Common.php(1190): CodeIgniter\View\View->render('users/reports_table', [], true)
 4 APPPATH\Controllers\BloodDonors.php(147): view('users/reports_table', [...])
 5 SYSTEMPATH\CodeIgniter.php(942): App\Controllers\BloodDonors->search()
 6 SYSTEMPATH\CodeIgniter.php(502): CodeIgniter\CodeIgniter->runController(Object(App\Controllers\BloodDonors))
 7 SYSTEMPATH\CodeIgniter.php(361): CodeIgniter\CodeIgniter->handleRequest(null, Object(Config\Cache), false)
 8 FCPATH\index.php(79): CodeIgniter\CodeIgniter->run()
CRITICAL - 2024-04-11 13:37:59 --> Cannot use object of type stdClass as array
in APPPATH\Views\users\reports_table.php on line 117.
 1 SYSTEMPATH\View\View.php(228): include()
 2 SYSTEMPATH\View\View.php(231): CodeIgniter\View\View->CodeIgniter\View\{closure}()
 3 SYSTEMPATH\Common.php(1190): CodeIgniter\View\View->render('users/reports_table', [], true)
 4 APPPATH\Controllers\BloodDonors.php(147): view('users/reports_table', [...])
 5 SYSTEMPATH\CodeIgniter.php(942): App\Controllers\BloodDonors->search()
 6 SYSTEMPATH\CodeIgniter.php(502): CodeIgniter\CodeIgniter->runController(Object(App\Controllers\BloodDonors))
 7 SYSTEMPATH\CodeIgniter.php(361): CodeIgniter\CodeIgniter->handleRequest(null, Object(Config\Cache), false)
 8 FCPATH\index.php(79): CodeIgniter\CodeIgniter->run()
CRITICAL - 2024-04-11 13:41:23 --> Cannot use object of type stdClass as array
in APPPATH\Views\users\reports_table.php on line 117.
 1 SYSTEMPATH\View\View.php(228): include()
 2 SYSTEMPATH\View\View.php(231): CodeIgniter\View\View->CodeIgniter\View\{closure}()
 3 SYSTEMPATH\Common.php(1190): CodeIgniter\View\View->render('users/reports_table', [], true)
 4 APPPATH\Controllers\BloodDonors.php(147): view('users/reports_table', [...])
 5 SYSTEMPATH\CodeIgniter.php(942): App\Controllers\BloodDonors->search()
 6 SYSTEMPATH\CodeIgniter.php(502): CodeIgniter\CodeIgniter->runController(Object(App\Controllers\BloodDonors))
 7 SYSTEMPATH\CodeIgniter.php(361): CodeIgniter\CodeIgniter->handleRequest(null, Object(Config\Cache), false)
 8 FCPATH\index.php(79): CodeIgniter\CodeIgniter->run()
CRITICAL - 2024-04-11 13:42:32 --> Cannot use object of type stdClass as array
in APPPATH\Views\users\reports_table.php on line 118.
 1 SYSTEMPATH\View\View.php(228): include()
 2 SYSTEMPATH\View\View.php(231): CodeIgniter\View\View->CodeIgniter\View\{closure}()
 3 SYSTEMPATH\Common.php(1190): CodeIgniter\View\View->render('users/reports_table', [], true)
 4 APPPATH\Controllers\BloodDonors.php(147): view('users/reports_table', [...])
 5 SYSTEMPATH\CodeIgniter.php(942): App\Controllers\BloodDonors->search()
 6 SYSTEMPATH\CodeIgniter.php(502): CodeIgniter\CodeIgniter->runController(Object(App\Controllers\BloodDonors))
 7 SYSTEMPATH\CodeIgniter.php(361): CodeIgniter\CodeIgniter->handleRequest(null, Object(Config\Cache), false)
 8 FCPATH\index.php(79): CodeIgniter\CodeIgniter->run()
CRITICAL - 2024-04-11 13:42:54 --> Cannot use object of type stdClass as array
in APPPATH\Views\users\reports_table.php on line 120.
 1 SYSTEMPATH\View\View.php(228): include()
 2 SYSTEMPATH\View\View.php(231): CodeIgniter\View\View->CodeIgniter\View\{closure}()
 3 SYSTEMPATH\Common.php(1190): CodeIgniter\View\View->render('users/reports_table', [], true)
 4 APPPATH\Controllers\BloodDonors.php(147): view('users/reports_table', [...])
 5 SYSTEMPATH\CodeIgniter.php(942): App\Controllers\BloodDonors->search()
 6 SYSTEMPATH\CodeIgniter.php(502): CodeIgniter\CodeIgniter->runController(Object(App\Controllers\BloodDonors))
 7 SYSTEMPATH\CodeIgniter.php(361): CodeIgniter\CodeIgniter->handleRequest(null, Object(Config\Cache), false)
 8 FCPATH\index.php(79): CodeIgniter\CodeIgniter->run()
CRITICAL - 2024-04-11 13:43:53 --> Undefined variable $value
in APPPATH\Views\users\reports_table.php on line 122.
 1 APPPATH\Views\users\reports_table.php(122): CodeIgniter\Debug\Exceptions->errorHandler(2, 'Undefined variable $value', 'C:\\xampp\\htdocs\\bloodbank_ci4\\app\\Views\\users\\reports_table.php', 122)
 2 SYSTEMPATH\View\View.php(228): include('C:\\xampp\\htdocs\\bloodbank_ci4\\app\\Views\\users\\reports_table.php')
 3 SYSTEMPATH\View\View.php(231): CodeIgniter\View\View->CodeIgniter\View\{closure}()
 4 SYSTEMPATH\Common.php(1190): CodeIgniter\View\View->render('users/reports_table', [], true)
 5 APPPATH\Controllers\BloodDonors.php(147): view('users/reports_table', [...])
 6 SYSTEMPATH\CodeIgniter.php(942): App\Controllers\BloodDonors->search()
 7 SYSTEMPATH\CodeIgniter.php(502): CodeIgniter\CodeIgniter->runController(Object(App\Controllers\BloodDonors))
 8 SYSTEMPATH\CodeIgniter.php(361): CodeIgniter\CodeIgniter->handleRequest(null, Object(Config\Cache), false)
 9 FCPATH\index.php(79): CodeIgniter\CodeIgniter->run()
CRITICAL - 2024-04-11 13:44:14 --> Undefined variable $value1
in APPPATH\Views\users\reports_table.php on line 124.
 1 APPPATH\Views\users\reports_table.php(124): CodeIgniter\Debug\Exceptions->errorHandler(2, 'Undefined variable $value1', 'C:\\xampp\\htdocs\\bloodbank_ci4\\app\\Views\\users\\reports_table.php', 124)
 2 SYSTEMPATH\View\View.php(228): include('C:\\xampp\\htdocs\\bloodbank_ci4\\app\\Views\\users\\reports_table.php')
 3 SYSTEMPATH\View\View.php(231): CodeIgniter\View\View->CodeIgniter\View\{closure}()
 4 SYSTEMPATH\Common.php(1190): CodeIgniter\View\View->render('users/reports_table', [], true)
 5 APPPATH\Controllers\BloodDonors.php(147): view('users/reports_table', [...])
 6 SYSTEMPATH\CodeIgniter.php(942): App\Controllers\BloodDonors->search()
 7 SYSTEMPATH\CodeIgniter.php(502): CodeIgniter\CodeIgniter->runController(Object(App\Controllers\BloodDonors))
 8 SYSTEMPATH\CodeIgniter.php(361): CodeIgniter\CodeIgniter->handleRequest(null, Object(Config\Cache), false)
 9 FCPATH\index.php(79): CodeIgniter\CodeIgniter->run()
