CRITICAL - 2024-06-29 06:59:18 --> Undefined array key "department_id"
in APPPATH/Views/manpowerinfo/index.php on line 102.
 1 APPPATH/Views/manpowerinfo/index.php(102): CodeIgniter\Debug\Exceptions->errorHandler(2, 'Undefined array key "department_id"', '/home/freelance/public_html/digitalflow/app/Views/manpowerinfo/index.php', 102)
 2 SYSTEMPATH/View/View.php(228): include('/home/freelance/public_html/digitalflow/app/Views/manpowerinfo/index.php')
 3 SYSTEMPATH/View/View.php(231): CodeIgniter\View\View->CodeIgniter\View\{closure}()
 4 SYSTEMPATH/Common.php(1190): CodeIgniter\View\View->render('manpowerinfo/index', [], true)
 5 APPPATH/Controllers/ManpowerInfo.php(103): view('manpowerinfo/index', [...])
 6 SYSTEMPATH/CodeIgniter.php(942): App\Controllers\ManpowerInfo->index()
 7 SYSTEMPATH/CodeIgniter.php(502): CodeIgniter\CodeIgniter->runController(Object(App\Controllers\ManpowerInfo))
 8 SYSTEMPATH/CodeIgniter.php(361): CodeIgniter\CodeIgniter->handleRequest(null, Object(Config\Cache), false)
 9 FCPATH/index.php(79): CodeIgniter\CodeIgniter->run()
CRITICAL - 2024-06-29 12:43:06 --> Undefined variable $project
in APPPATH/Views/manpowerinfo/index.php on line 85.
 1 APPPATH/Views/manpowerinfo/index.php(85): CodeIgniter\Debug\Exceptions->errorHandler(2, 'Undefined variable $project', '/home/freelance/public_html/digitalflow/app/Views/manpowerinfo/index.php', 85)
 2 SYSTEMPATH/View/View.php(228): include('/home/freelance/public_html/digitalflow/app/Views/manpowerinfo/index.php')
 3 SYSTEMPATH/View/View.php(231): CodeIgniter\View\View->CodeIgniter\View\{closure}()
 4 SYSTEMPATH/Common.php(1190): CodeIgniter\View\View->render('manpowerinfo/index', [], true)
 5 APPPATH/Controllers/ManpowerInfo.php(85): view('manpowerinfo/index', [...])
 6 SYSTEMPATH/CodeIgniter.php(942): App\Controllers\ManpowerInfo->index()
 7 SYSTEMPATH/CodeIgniter.php(502): CodeIgniter\CodeIgniter->runController(Object(App\Controllers\ManpowerInfo))
 8 SYSTEMPATH/CodeIgniter.php(361): CodeIgniter\CodeIgniter->handleRequest(null, Object(Config\Cache), false)
 9 FCPATH/index.php(79): CodeIgniter\CodeIgniter->run()
CRITICAL - 2024-06-29 12:45:34 --> Undefined variable $project
in APPPATH/Views/manpowerinfo/index.php on line 85.
 1 APPPATH/Views/manpowerinfo/index.php(85): CodeIgniter\Debug\Exceptions->errorHandler(2, 'Undefined variable $project', '/home/freelance/public_html/digitalflow/app/Views/manpowerinfo/index.php', 85)
 2 SYSTEMPATH/View/View.php(228): include('/home/freelance/public_html/digitalflow/app/Views/manpowerinfo/index.php')
 3 SYSTEMPATH/View/View.php(231): CodeIgniter\View\View->CodeIgniter\View\{closure}()
 4 SYSTEMPATH/Common.php(1190): CodeIgniter\View\View->render('manpowerinfo/index', [], true)
 5 APPPATH/Controllers/ManpowerInfo.php(83): view('manpowerinfo/index', [...])
 6 SYSTEMPATH/CodeIgniter.php(942): App\Controllers\ManpowerInfo->index()
 7 SYSTEMPATH/CodeIgniter.php(502): CodeIgniter\CodeIgniter->runController(Object(App\Controllers\ManpowerInfo))
 8 SYSTEMPATH/CodeIgniter.php(361): CodeIgniter\CodeIgniter->handleRequest(null, Object(Config\Cache), false)
 9 FCPATH/index.php(79): CodeIgniter\CodeIgniter->run()
CRITICAL - 2024-06-29 12:45:45 --> Undefined variable $project
in APPPATH/Views/manpowerinfo/index.php on line 85.
 1 APPPATH/Views/manpowerinfo/index.php(85): CodeIgniter\Debug\Exceptions->errorHandler(2, 'Undefined variable $project', '/home/freelance/public_html/digitalflow/app/Views/manpowerinfo/index.php', 85)
 2 SYSTEMPATH/View/View.php(228): include('/home/freelance/public_html/digitalflow/app/Views/manpowerinfo/index.php')
 3 SYSTEMPATH/View/View.php(231): CodeIgniter\View\View->CodeIgniter\View\{closure}()
 4 SYSTEMPATH/Common.php(1190): CodeIgniter\View\View->render('manpowerinfo/index', [], true)
 5 APPPATH/Controllers/ManpowerInfo.php(83): view('manpowerinfo/index', [...])
 6 SYSTEMPATH/CodeIgniter.php(942): App\Controllers\ManpowerInfo->index()
 7 SYSTEMPATH/CodeIgniter.php(502): CodeIgniter\CodeIgniter->runController(Object(App\Controllers\ManpowerInfo))
 8 SYSTEMPATH/CodeIgniter.php(361): CodeIgniter\CodeIgniter->handleRequest(null, Object(Config\Cache), false)
 9 FCPATH/index.php(79): CodeIgniter\CodeIgniter->run()
CRITICAL - 2024-06-29 10:13:07 --> Undefined array key 0
in APPPATH/Views/manpowerinfo/view.php on line 76.
 1 APPPATH/Views/manpowerinfo/view.php(76): CodeIgniter\Debug\Exceptions->errorHandler(2, 'Undefined array key 0', '/home/freelance/public_html/digitalflow/app/Views/manpowerinfo/view.php', 76)
 2 SYSTEMPATH/View/View.php(228): include('/home/freelance/public_html/digitalflow/app/Views/manpowerinfo/view.php')
 3 SYSTEMPATH/View/View.php(231): CodeIgniter\View\View->CodeIgniter\View\{closure}()
 4 SYSTEMPATH/Common.php(1190): CodeIgniter\View\View->render('manpowerinfo/view', [], true)
 5 APPPATH/Controllers/ManpowerInfo.php(161): view('manpowerinfo/view', [...])
 6 SYSTEMPATH/CodeIgniter.php(942): App\Controllers\ManpowerInfo->view()
 7 SYSTEMPATH/CodeIgniter.php(502): CodeIgniter\CodeIgniter->runController(Object(App\Controllers\ManpowerInfo))
 8 SYSTEMPATH/CodeIgniter.php(361): CodeIgniter\CodeIgniter->handleRequest(null, Object(Config\Cache), false)
 9 FCPATH/index.php(79): CodeIgniter\CodeIgniter->run()
CRITICAL - 2024-06-29 10:13:41 --> Undefined array key "project_name"
in APPPATH/Views/manpowerinfo/view.php on line 76.
 1 APPPATH/Views/manpowerinfo/view.php(76): CodeIgniter\Debug\Exceptions->errorHandler(2, 'Undefined array key "project_name"', '/home/freelance/public_html/digitalflow/app/Views/manpowerinfo/view.php', 76)
 2 SYSTEMPATH/View/View.php(228): include('/home/freelance/public_html/digitalflow/app/Views/manpowerinfo/view.php')
 3 SYSTEMPATH/View/View.php(231): CodeIgniter\View\View->CodeIgniter\View\{closure}()
 4 SYSTEMPATH/Common.php(1190): CodeIgniter\View\View->render('manpowerinfo/view', [], true)
 5 APPPATH/Controllers/ManpowerInfo.php(161): view('manpowerinfo/view', [...])
 6 SYSTEMPATH/CodeIgniter.php(942): App\Controllers\ManpowerInfo->view()
 7 SYSTEMPATH/CodeIgniter.php(502): CodeIgniter\CodeIgniter->runController(Object(App\Controllers\ManpowerInfo))
 8 SYSTEMPATH/CodeIgniter.php(361): CodeIgniter\CodeIgniter->handleRequest(null, Object(Config\Cache), false)
 9 FCPATH/index.php(79): CodeIgniter\CodeIgniter->run()
CRITICAL - 2024-06-29 10:16:46 --> Undefined array key 0
in APPPATH/Views/manpowerinfo/view.php on line 76.
 1 APPPATH/Views/manpowerinfo/view.php(76): CodeIgniter\Debug\Exceptions->errorHandler(2, 'Undefined array key 0', '/home/freelance/public_html/digitalflow/app/Views/manpowerinfo/view.php', 76)
 2 SYSTEMPATH/View/View.php(228): include('/home/freelance/public_html/digitalflow/app/Views/manpowerinfo/view.php')
 3 SYSTEMPATH/View/View.php(231): CodeIgniter\View\View->CodeIgniter\View\{closure}()
 4 SYSTEMPATH/Common.php(1190): CodeIgniter\View\View->render('manpowerinfo/view', [], true)
 5 APPPATH/Controllers/ManpowerInfo.php(161): view('manpowerinfo/view', [...])
 6 SYSTEMPATH/CodeIgniter.php(942): App\Controllers\ManpowerInfo->view()
 7 SYSTEMPATH/CodeIgniter.php(502): CodeIgniter\CodeIgniter->runController(Object(App\Controllers\ManpowerInfo))
 8 SYSTEMPATH/CodeIgniter.php(361): CodeIgniter\CodeIgniter->handleRequest(null, Object(Config\Cache), false)
 9 FCPATH/index.php(79): CodeIgniter\CodeIgniter->run()
CRITICAL - 2024-06-29 10:18:17 --> Undefined variable $project_data
in APPPATH/Views/manpowerinfo/view.php on line 68.
 1 APPPATH/Views/manpowerinfo/view.php(68): CodeIgniter\Debug\Exceptions->errorHandler(2, 'Undefined variable $project_data', '/home/freelance/public_html/digitalflow/app/Views/manpowerinfo/view.php', 68)
 2 SYSTEMPATH/View/View.php(228): include('/home/freelance/public_html/digitalflow/app/Views/manpowerinfo/view.php')
 3 SYSTEMPATH/View/View.php(231): CodeIgniter\View\View->CodeIgniter\View\{closure}()
 4 SYSTEMPATH/Common.php(1190): CodeIgniter\View\View->render('manpowerinfo/view', [], true)
 5 APPPATH/Controllers/ManpowerInfo.php(161): view('manpowerinfo/view', [...])
 6 SYSTEMPATH/CodeIgniter.php(942): App\Controllers\ManpowerInfo->view()
 7 SYSTEMPATH/CodeIgniter.php(502): CodeIgniter\CodeIgniter->runController(Object(App\Controllers\ManpowerInfo))
 8 SYSTEMPATH/CodeIgniter.php(361): CodeIgniter\CodeIgniter->handleRequest(null, Object(Config\Cache), false)
 9 FCPATH/index.php(79): CodeIgniter\CodeIgniter->run()
CRITICAL - 2024-06-29 10:18:57 --> Undefined array key 0
in APPPATH/Views/manpowerinfo/view.php on line 68.
 1 APPPATH/Views/manpowerinfo/view.php(68): CodeIgniter\Debug\Exceptions->errorHandler(2, 'Undefined array key 0', '/home/freelance/public_html/digitalflow/app/Views/manpowerinfo/view.php', 68)
 2 SYSTEMPATH/View/View.php(228): include('/home/freelance/public_html/digitalflow/app/Views/manpowerinfo/view.php')
 3 SYSTEMPATH/View/View.php(231): CodeIgniter\View\View->CodeIgniter\View\{closure}()
 4 SYSTEMPATH/Common.php(1190): CodeIgniter\View\View->render('manpowerinfo/view', [], true)
 5 APPPATH/Controllers/ManpowerInfo.php(161): view('manpowerinfo/view', [...])
 6 SYSTEMPATH/CodeIgniter.php(942): App\Controllers\ManpowerInfo->view()
 7 SYSTEMPATH/CodeIgniter.php(502): CodeIgniter\CodeIgniter->runController(Object(App\Controllers\ManpowerInfo))
 8 SYSTEMPATH/CodeIgniter.php(361): CodeIgniter\CodeIgniter->handleRequest(null, Object(Config\Cache), false)
 9 FCPATH/index.php(79): CodeIgniter\CodeIgniter->run()
CRITICAL - 2024-06-29 10:19:14 --> Array to string conversion
in APPPATH/Views/manpowerinfo/view.php on line 68.
 1 APPPATH/Views/manpowerinfo/view.php(68): CodeIgniter\Debug\Exceptions->errorHandler(2, 'Array to string conversion', '/home/freelance/public_html/digitalflow/app/Views/manpowerinfo/view.php', 68)
 2 SYSTEMPATH/View/View.php(228): include('/home/freelance/public_html/digitalflow/app/Views/manpowerinfo/view.php')
 3 SYSTEMPATH/View/View.php(231): CodeIgniter\View\View->CodeIgniter\View\{closure}()
 4 SYSTEMPATH/Common.php(1190): CodeIgniter\View\View->render('manpowerinfo/view', [], true)
 5 APPPATH/Controllers/ManpowerInfo.php(161): view('manpowerinfo/view', [...])
 6 SYSTEMPATH/CodeIgniter.php(942): App\Controllers\ManpowerInfo->view()
 7 SYSTEMPATH/CodeIgniter.php(502): CodeIgniter\CodeIgniter->runController(Object(App\Controllers\ManpowerInfo))
 8 SYSTEMPATH/CodeIgniter.php(361): CodeIgniter\CodeIgniter->handleRequest(null, Object(Config\Cache), false)
 9 FCPATH/index.php(79): CodeIgniter\CodeIgniter->run()
CRITICAL - 2024-06-29 10:21:00 --> Array to string conversion
in APPPATH/Views/manpowerinfo/view.php on line 68.
 1 APPPATH/Views/manpowerinfo/view.php(68): CodeIgniter\Debug\Exceptions->errorHandler(2, 'Array to string conversion', '/home/freelance/public_html/digitalflow/app/Views/manpowerinfo/view.php', 68)
 2 SYSTEMPATH/View/View.php(228): include('/home/freelance/public_html/digitalflow/app/Views/manpowerinfo/view.php')
 3 SYSTEMPATH/View/View.php(231): CodeIgniter\View\View->CodeIgniter\View\{closure}()
 4 SYSTEMPATH/Common.php(1190): CodeIgniter\View\View->render('manpowerinfo/view', [], true)
 5 APPPATH/Controllers/ManpowerInfo.php(161): view('manpowerinfo/view', [...])
 6 SYSTEMPATH/CodeIgniter.php(942): App\Controllers\ManpowerInfo->view()
 7 SYSTEMPATH/CodeIgniter.php(502): CodeIgniter\CodeIgniter->runController(Object(App\Controllers\ManpowerInfo))
 8 SYSTEMPATH/CodeIgniter.php(361): CodeIgniter\CodeIgniter->handleRequest(null, Object(Config\Cache), false)
 9 FCPATH/index.php(79): CodeIgniter\CodeIgniter->run()
CRITICAL - 2024-06-29 10:23:40 --> Trying to access array offset on value of type null
in APPPATH/Views/manpowerinfo/view.php on line 77.
 1 APPPATH/Views/manpowerinfo/view.php(77): CodeIgniter\Debug\Exceptions->errorHandler(2, 'Trying to access array offset on value of type null', '/home/freelance/public_html/digitalflow/app/Views/manpowerinfo/view.php', 77)
 2 SYSTEMPATH/View/View.php(228): include('/home/freelance/public_html/digitalflow/app/Views/manpowerinfo/view.php')
 3 SYSTEMPATH/View/View.php(231): CodeIgniter\View\View->CodeIgniter\View\{closure}()
 4 SYSTEMPATH/Common.php(1190): CodeIgniter\View\View->render('manpowerinfo/view', [], true)
 5 APPPATH/Controllers/ManpowerInfo.php(161): view('manpowerinfo/view', [...])
 6 SYSTEMPATH/CodeIgniter.php(942): App\Controllers\ManpowerInfo->view()
 7 SYSTEMPATH/CodeIgniter.php(502): CodeIgniter\CodeIgniter->runController(Object(App\Controllers\ManpowerInfo))
 8 SYSTEMPATH/CodeIgniter.php(361): CodeIgniter\CodeIgniter->handleRequest(null, Object(Config\Cache), false)
 9 FCPATH/index.php(79): CodeIgniter\CodeIgniter->run()
CRITICAL - 2024-06-29 10:24:08 --> Trying to access array offset on value of type null
in APPPATH/Views/manpowerinfo/view.php on line 77.
 1 APPPATH/Views/manpowerinfo/view.php(77): CodeIgniter\Debug\Exceptions->errorHandler(2, 'Trying to access array offset on value of type null', '/home/freelance/public_html/digitalflow/app/Views/manpowerinfo/view.php', 77)
 2 SYSTEMPATH/View/View.php(228): include('/home/freelance/public_html/digitalflow/app/Views/manpowerinfo/view.php')
 3 SYSTEMPATH/View/View.php(231): CodeIgniter\View\View->CodeIgniter\View\{closure}()
 4 SYSTEMPATH/Common.php(1190): CodeIgniter\View\View->render('manpowerinfo/view', [], true)
 5 APPPATH/Controllers/ManpowerInfo.php(161): view('manpowerinfo/view', [...])
 6 SYSTEMPATH/CodeIgniter.php(942): App\Controllers\ManpowerInfo->view()
 7 SYSTEMPATH/CodeIgniter.php(502): CodeIgniter\CodeIgniter->runController(Object(App\Controllers\ManpowerInfo))
 8 SYSTEMPATH/CodeIgniter.php(361): CodeIgniter\CodeIgniter->handleRequest(null, Object(Config\Cache), false)
 9 FCPATH/index.php(79): CodeIgniter\CodeIgniter->run()
CRITICAL - 2024-06-29 10:34:54 --> Undefined array key "department_id"
in APPPATH/Controllers/ManpowerInfo.php on line 134.
 1 APPPATH/Controllers/ManpowerInfo.php(134): CodeIgniter\Debug\Exceptions->errorHandler(2, 'Undefined array key "department_id"', '/home/freelance/public_html/digitalflow/app/Controllers/ManpowerInfo.php', 134)
 2 SYSTEMPATH/CodeIgniter.php(942): App\Controllers\ManpowerInfo->view()
 3 SYSTEMPATH/CodeIgniter.php(502): CodeIgniter\CodeIgniter->runController(Object(App\Controllers\ManpowerInfo))
 4 SYSTEMPATH/CodeIgniter.php(361): CodeIgniter\CodeIgniter->handleRequest(null, Object(Config\Cache), false)
 5 FCPATH/index.php(79): CodeIgniter\CodeIgniter->run()
CRITICAL - 2024-06-29 10:35:40 --> Undefined array key "department_id"
in APPPATH/Controllers/ManpowerInfo.php on line 134.
 1 APPPATH/Controllers/ManpowerInfo.php(134): CodeIgniter\Debug\Exceptions->errorHandler(2, 'Undefined array key "department_id"', '/home/freelance/public_html/digitalflow/app/Controllers/ManpowerInfo.php', 134)
 2 SYSTEMPATH/CodeIgniter.php(942): App\Controllers\ManpowerInfo->view()
 3 SYSTEMPATH/CodeIgniter.php(502): CodeIgniter\CodeIgniter->runController(Object(App\Controllers\ManpowerInfo))
 4 SYSTEMPATH/CodeIgniter.php(361): CodeIgniter\CodeIgniter->handleRequest(null, Object(Config\Cache), false)
 5 FCPATH/index.php(79): CodeIgniter\CodeIgniter->run()
CRITICAL - 2024-06-29 10:35:45 --> Undefined array key "department_id"
in APPPATH/Controllers/ManpowerInfo.php on line 134.
 1 APPPATH/Controllers/ManpowerInfo.php(134): CodeIgniter\Debug\Exceptions->errorHandler(2, 'Undefined array key "department_id"', '/home/freelance/public_html/digitalflow/app/Controllers/ManpowerInfo.php', 134)
 2 SYSTEMPATH/CodeIgniter.php(942): App\Controllers\ManpowerInfo->view()
 3 SYSTEMPATH/CodeIgniter.php(502): CodeIgniter\CodeIgniter->runController(Object(App\Controllers\ManpowerInfo))
 4 SYSTEMPATH/CodeIgniter.php(361): CodeIgniter\CodeIgniter->handleRequest(null, Object(Config\Cache), false)
 5 FCPATH/index.php(79): CodeIgniter\CodeIgniter->run()
ERROR - 2024-06-29 10:36:09 --> mysqli_sql_exception: Unknown column 'department_id' in 'where clause' in /home/freelance/public_html/digitalflow/system/Database/MySQLi/Connection.php:306
Stack trace:
#0 /home/freelance/public_html/digitalflow/system/Database/MySQLi/Connection.php(306): mysqli->query('SELECT *\nFROM `...', 0)
#1 /home/freelance/public_html/digitalflow/system/Database/BaseConnection.php(693): CodeIgniter\Database\MySQLi\Connection->execute('SELECT *\nFROM `...')
#2 /home/freelance/public_html/digitalflow/system/Database/BaseConnection.php(607): CodeIgniter\Database\BaseConnection->simpleQuery('SELECT *\nFROM `...')
#3 /home/freelance/public_html/digitalflow/system/Database/BaseBuilder.php(1615): CodeIgniter\Database\BaseConnection->query('SELECT *\nFROM `...', Array, false)
#4 /home/freelance/public_html/digitalflow/system/Model.php(264): CodeIgniter\Database\BaseBuilder->get()
#5 /home/freelance/public_html/digitalflow/system/BaseModel.php(662): CodeIgniter\Model->doFirst()
#6 /home/freelance/public_html/digitalflow/app/Controllers/ManpowerInfo.php(134): CodeIgniter\BaseModel->first()
#7 /home/freelance/public_html/digitalflow/system/CodeIgniter.php(942): App\Controllers\ManpowerInfo->view()
#8 /home/freelance/public_html/digitalflow/system/CodeIgniter.php(502): CodeIgniter\CodeIgniter->runController(Object(App\Controllers\ManpowerInfo))
#9 /home/freelance/public_html/digitalflow/system/CodeIgniter.php(361): CodeIgniter\CodeIgniter->handleRequest(NULL, Object(Config\Cache), false)
#10 /home/freelance/public_html/digitalflow/index.php(79): CodeIgniter\CodeIgniter->run()
#11 {main}
CRITICAL - 2024-06-29 10:36:09 --> Unknown column 'department_id' in 'where clause'
in SYSTEMPATH/Database/BaseConnection.php on line 647.
 1 SYSTEMPATH/Database/BaseBuilder.php(1615): CodeIgniter\Database\BaseConnection->query('SELECT *
FROM `project_info`
WHERE `department_id` = :department_id:
 LIMIT 1', [...], false)
 2 SYSTEMPATH/Model.php(264): CodeIgniter\Database\BaseBuilder->get()
 3 SYSTEMPATH/BaseModel.php(662): CodeIgniter\Model->doFirst()
 4 APPPATH/Controllers/ManpowerInfo.php(134): CodeIgniter\BaseModel->first()
 5 SYSTEMPATH/CodeIgniter.php(942): App\Controllers\ManpowerInfo->view()
 6 SYSTEMPATH/CodeIgniter.php(502): CodeIgniter\CodeIgniter->runController(Object(App\Controllers\ManpowerInfo))
 7 SYSTEMPATH/CodeIgniter.php(361): CodeIgniter\CodeIgniter->handleRequest(null, Object(Config\Cache), false)
 8 FCPATH/index.php(79): CodeIgniter\CodeIgniter->run()
ERROR - 2024-06-29 10:36:44 --> mysqli_sql_exception: Unknown column 'department_id' in 'where clause' in /home/freelance/public_html/digitalflow/system/Database/MySQLi/Connection.php:306
Stack trace:
#0 /home/freelance/public_html/digitalflow/system/Database/MySQLi/Connection.php(306): mysqli->query('SELECT *\nFROM `...', 0)
#1 /home/freelance/public_html/digitalflow/system/Database/BaseConnection.php(693): CodeIgniter\Database\MySQLi\Connection->execute('SELECT *\nFROM `...')
#2 /home/freelance/public_html/digitalflow/system/Database/BaseConnection.php(607): CodeIgniter\Database\BaseConnection->simpleQuery('SELECT *\nFROM `...')
#3 /home/freelance/public_html/digitalflow/system/Database/BaseBuilder.php(1615): CodeIgniter\Database\BaseConnection->query('SELECT *\nFROM `...', Array, false)
#4 /home/freelance/public_html/digitalflow/system/Model.php(264): CodeIgniter\Database\BaseBuilder->get()
#5 /home/freelance/public_html/digitalflow/system/BaseModel.php(662): CodeIgniter\Model->doFirst()
#6 /home/freelance/public_html/digitalflow/app/Controllers/ManpowerInfo.php(135): CodeIgniter\BaseModel->first()
#7 /home/freelance/public_html/digitalflow/system/CodeIgniter.php(942): App\Controllers\ManpowerInfo->view()
#8 /home/freelance/public_html/digitalflow/system/CodeIgniter.php(502): CodeIgniter\CodeIgniter->runController(Object(App\Controllers\ManpowerInfo))
#9 /home/freelance/public_html/digitalflow/system/CodeIgniter.php(361): CodeIgniter\CodeIgniter->handleRequest(NULL, Object(Config\Cache), false)
#10 /home/freelance/public_html/digitalflow/index.php(79): CodeIgniter\CodeIgniter->run()
#11 {main}
CRITICAL - 2024-06-29 10:36:44 --> Unknown column 'department_id' in 'where clause'
in SYSTEMPATH/Database/BaseConnection.php on line 647.
 1 SYSTEMPATH/Database/BaseBuilder.php(1615): CodeIgniter\Database\BaseConnection->query('SELECT *
FROM `project_info`
WHERE `department_id` = :department_id:
 LIMIT 1', [...], false)
 2 SYSTEMPATH/Model.php(264): CodeIgniter\Database\BaseBuilder->get()
 3 SYSTEMPATH/BaseModel.php(662): CodeIgniter\Model->doFirst()
 4 APPPATH/Controllers/ManpowerInfo.php(135): CodeIgniter\BaseModel->first()
 5 SYSTEMPATH/CodeIgniter.php(942): App\Controllers\ManpowerInfo->view()
 6 SYSTEMPATH/CodeIgniter.php(502): CodeIgniter\CodeIgniter->runController(Object(App\Controllers\ManpowerInfo))
 7 SYSTEMPATH/CodeIgniter.php(361): CodeIgniter\CodeIgniter->handleRequest(null, Object(Config\Cache), false)
 8 FCPATH/index.php(79): CodeIgniter\CodeIgniter->run()
CRITICAL - 2024-06-29 10:37:19 --> Cannot use App\Models\DepartmentInfoModel as DepartmentInfoModel because the name is already in use
in APPPATH/Controllers/ManpowerInfo.php on line 10.
 1 [internal function]: CodeIgniter\Debug\Exceptions->shutdownHandler()
ERROR - 2024-06-29 10:38:02 --> mysqli_sql_exception: Unknown column 'department_id' in 'where clause' in /home/freelance/public_html/digitalflow/system/Database/MySQLi/Connection.php:306
Stack trace:
#0 /home/freelance/public_html/digitalflow/system/Database/MySQLi/Connection.php(306): mysqli->query('SELECT *\nFROM `...', 0)
#1 /home/freelance/public_html/digitalflow/system/Database/BaseConnection.php(693): CodeIgniter\Database\MySQLi\Connection->execute('SELECT *\nFROM `...')
#2 /home/freelance/public_html/digitalflow/system/Database/BaseConnection.php(607): CodeIgniter\Database\BaseConnection->simpleQuery('SELECT *\nFROM `...')
#3 /home/freelance/public_html/digitalflow/system/Database/BaseBuilder.php(1615): CodeIgniter\Database\BaseConnection->query('SELECT *\nFROM `...', Array, false)
#4 /home/freelance/public_html/digitalflow/system/Model.php(264): CodeIgniter\Database\BaseBuilder->get()
#5 /home/freelance/public_html/digitalflow/system/BaseModel.php(662): CodeIgniter\Model->doFirst()
#6 /home/freelance/public_html/digitalflow/app/Controllers/ManpowerInfo.php(136): CodeIgniter\BaseModel->first()
#7 /home/freelance/public_html/digitalflow/system/CodeIgniter.php(942): App\Controllers\ManpowerInfo->view()
#8 /home/freelance/public_html/digitalflow/system/CodeIgniter.php(502): CodeIgniter\CodeIgniter->runController(Object(App\Controllers\ManpowerInfo))
#9 /home/freelance/public_html/digitalflow/system/CodeIgniter.php(361): CodeIgniter\CodeIgniter->handleRequest(NULL, Object(Config\Cache), false)
#10 /home/freelance/public_html/digitalflow/index.php(79): CodeIgniter\CodeIgniter->run()
#11 {main}
CRITICAL - 2024-06-29 10:38:02 --> Unknown column 'department_id' in 'where clause'
in SYSTEMPATH/Database/BaseConnection.php on line 647.
 1 SYSTEMPATH/Database/BaseBuilder.php(1615): CodeIgniter\Database\BaseConnection->query('SELECT *
FROM `project_info`
WHERE `department_id` = :department_id:
 LIMIT 1', [...], false)
 2 SYSTEMPATH/Model.php(264): CodeIgniter\Database\BaseBuilder->get()
 3 SYSTEMPATH/BaseModel.php(662): CodeIgniter\Model->doFirst()
 4 APPPATH/Controllers/ManpowerInfo.php(136): CodeIgniter\BaseModel->first()
 5 SYSTEMPATH/CodeIgniter.php(942): App\Controllers\ManpowerInfo->view()
 6 SYSTEMPATH/CodeIgniter.php(502): CodeIgniter\CodeIgniter->runController(Object(App\Controllers\ManpowerInfo))
 7 SYSTEMPATH/CodeIgniter.php(361): CodeIgniter\CodeIgniter->handleRequest(null, Object(Config\Cache), false)
 8 FCPATH/index.php(79): CodeIgniter\CodeIgniter->run()
CRITICAL - 2024-06-29 10:40:37 --> Trying to access array offset on value of type null
in APPPATH/Controllers/ManpowerInfo.php on line 166.
 1 APPPATH/Controllers/ManpowerInfo.php(166): CodeIgniter\Debug\Exceptions->errorHandler(2, 'Trying to access array offset on value of type null', '/home/freelance/public_html/digitalflow/app/Controllers/ManpowerInfo.php', 166)
 2 SYSTEMPATH/CodeIgniter.php(942): App\Controllers\ManpowerInfo->view()
 3 SYSTEMPATH/CodeIgniter.php(502): CodeIgniter\CodeIgniter->runController(Object(App\Controllers\ManpowerInfo))
 4 SYSTEMPATH/CodeIgniter.php(361): CodeIgniter\CodeIgniter->handleRequest(null, Object(Config\Cache), false)
 5 FCPATH/index.php(79): CodeIgniter\CodeIgniter->run()
CRITICAL - 2024-06-29 10:42:26 --> Trying to access array offset on value of type null
in APPPATH/Controllers/ManpowerInfo.php on line 166.
 1 APPPATH/Controllers/ManpowerInfo.php(166): CodeIgniter\Debug\Exceptions->errorHandler(2, 'Trying to access array offset on value of type null', '/home/freelance/public_html/digitalflow/app/Controllers/ManpowerInfo.php', 166)
 2 SYSTEMPATH/CodeIgniter.php(942): App\Controllers\ManpowerInfo->view()
 3 SYSTEMPATH/CodeIgniter.php(502): CodeIgniter\CodeIgniter->runController(Object(App\Controllers\ManpowerInfo))
 4 SYSTEMPATH/CodeIgniter.php(361): CodeIgniter\CodeIgniter->handleRequest(null, Object(Config\Cache), false)
 5 FCPATH/index.php(79): CodeIgniter\CodeIgniter->run()
CRITICAL - 2024-06-29 10:42:28 --> Trying to access array offset on value of type null
in APPPATH/Controllers/ManpowerInfo.php on line 166.
 1 APPPATH/Controllers/ManpowerInfo.php(166): CodeIgniter\Debug\Exceptions->errorHandler(2, 'Trying to access array offset on value of type null', '/home/freelance/public_html/digitalflow/app/Controllers/ManpowerInfo.php', 166)
 2 SYSTEMPATH/CodeIgniter.php(942): App\Controllers\ManpowerInfo->view()
 3 SYSTEMPATH/CodeIgniter.php(502): CodeIgniter\CodeIgniter->runController(Object(App\Controllers\ManpowerInfo))
 4 SYSTEMPATH/CodeIgniter.php(361): CodeIgniter\CodeIgniter->handleRequest(null, Object(Config\Cache), false)
 5 FCPATH/index.php(79): CodeIgniter\CodeIgniter->run()
CRITICAL - 2024-06-29 10:42:36 --> Undefined array key "project_id"
in APPPATH/Controllers/ManpowerInfo.php on line 166.
 1 APPPATH/Controllers/ManpowerInfo.php(166): CodeIgniter\Debug\Exceptions->errorHandler(2, 'Undefined array key "project_id"', '/home/freelance/public_html/digitalflow/app/Controllers/ManpowerInfo.php', 166)
 2 SYSTEMPATH/CodeIgniter.php(942): App\Controllers\ManpowerInfo->view()
 3 SYSTEMPATH/CodeIgniter.php(502): CodeIgniter\CodeIgniter->runController(Object(App\Controllers\ManpowerInfo))
 4 SYSTEMPATH/CodeIgniter.php(361): CodeIgniter\CodeIgniter->handleRequest(null, Object(Config\Cache), false)
 5 FCPATH/index.php(79): CodeIgniter\CodeIgniter->run()
CRITICAL - 2024-06-29 10:43:14 --> Trying to access array offset on value of type null
in APPPATH/Controllers/ManpowerInfo.php on line 166.
 1 APPPATH/Controllers/ManpowerInfo.php(166): CodeIgniter\Debug\Exceptions->errorHandler(2, 'Trying to access array offset on value of type null', '/home/freelance/public_html/digitalflow/app/Controllers/ManpowerInfo.php', 166)
 2 SYSTEMPATH/CodeIgniter.php(942): App\Controllers\ManpowerInfo->view()
 3 SYSTEMPATH/CodeIgniter.php(502): CodeIgniter\CodeIgniter->runController(Object(App\Controllers\ManpowerInfo))
 4 SYSTEMPATH/CodeIgniter.php(361): CodeIgniter\CodeIgniter->handleRequest(null, Object(Config\Cache), false)
 5 FCPATH/index.php(79): CodeIgniter\CodeIgniter->run()
CRITICAL - 2024-06-29 10:45:47 --> Undefined array key "project_id"
in APPPATH/Controllers/ManpowerInfo.php on line 167.
 1 APPPATH/Controllers/ManpowerInfo.php(167): CodeIgniter\Debug\Exceptions->errorHandler(2, 'Undefined array key "project_id"', '/home/freelance/public_html/digitalflow/app/Controllers/ManpowerInfo.php', 167)
 2 SYSTEMPATH/CodeIgniter.php(942): App\Controllers\ManpowerInfo->view()
 3 SYSTEMPATH/CodeIgniter.php(502): CodeIgniter\CodeIgniter->runController(Object(App\Controllers\ManpowerInfo))
 4 SYSTEMPATH/CodeIgniter.php(361): CodeIgniter\CodeIgniter->handleRequest(null, Object(Config\Cache), false)
 5 FCPATH/index.php(79): CodeIgniter\CodeIgniter->run()
CRITICAL - 2024-06-29 10:49:02 --> Undefined variable $data
in APPPATH/Controllers/ManpowerInfo.php on line 173.
 1 APPPATH/Controllers/ManpowerInfo.php(173): CodeIgniter\Debug\Exceptions->errorHandler(2, 'Undefined variable $data', '/home/freelance/public_html/digitalflow/app/Controllers/ManpowerInfo.php', 173)
 2 SYSTEMPATH/CodeIgniter.php(942): App\Controllers\ManpowerInfo->view()
 3 SYSTEMPATH/CodeIgniter.php(502): CodeIgniter\CodeIgniter->runController(Object(App\Controllers\ManpowerInfo))
 4 SYSTEMPATH/CodeIgniter.php(361): CodeIgniter\CodeIgniter->handleRequest(null, Object(Config\Cache), false)
 5 FCPATH/index.php(79): CodeIgniter\CodeIgniter->run()
CRITICAL - 2024-06-29 10:51:28 --> Call to a member function where() on string
in APPPATH/Controllers/ManpowerInfo.php on line 153.
 1 SYSTEMPATH/CodeIgniter.php(942): App\Controllers\ManpowerInfo->view()
 2 SYSTEMPATH/CodeIgniter.php(502): CodeIgniter\CodeIgniter->runController(Object(App\Controllers\ManpowerInfo))
 3 SYSTEMPATH/CodeIgniter.php(361): CodeIgniter\CodeIgniter->handleRequest(null, Object(Config\Cache), false)
 4 FCPATH/index.php(79): CodeIgniter\CodeIgniter->run()
CRITICAL - 2024-06-29 10:51:29 --> Call to a member function where() on string
in APPPATH/Controllers/ManpowerInfo.php on line 153.
 1 SYSTEMPATH/CodeIgniter.php(942): App\Controllers\ManpowerInfo->view()
 2 SYSTEMPATH/CodeIgniter.php(502): CodeIgniter\CodeIgniter->runController(Object(App\Controllers\ManpowerInfo))
 3 SYSTEMPATH/CodeIgniter.php(361): CodeIgniter\CodeIgniter->handleRequest(null, Object(Config\Cache), false)
 4 FCPATH/index.php(79): CodeIgniter\CodeIgniter->run()
CRITICAL - 2024-06-29 10:56:56 --> Trying to access array offset on value of type null
in APPPATH/Views/manpowerinfo/view.php on line 71.
 1 APPPATH/Views/manpowerinfo/view.php(71): CodeIgniter\Debug\Exceptions->errorHandler(2, 'Trying to access array offset on value of type null', '/home/freelance/public_html/digitalflow/app/Views/manpowerinfo/view.php', 71)
 2 SYSTEMPATH/View/View.php(228): include('/home/freelance/public_html/digitalflow/app/Views/manpowerinfo/view.php')
 3 SYSTEMPATH/View/View.php(231): CodeIgniter\View\View->CodeIgniter\View\{closure}()
 4 SYSTEMPATH/Common.php(1190): CodeIgniter\View\View->render('manpowerinfo/view', [], true)
 5 APPPATH/Controllers/ManpowerInfo.php(173): view('manpowerinfo/view', [...])
 6 SYSTEMPATH/CodeIgniter.php(942): App\Controllers\ManpowerInfo->view()
 7 SYSTEMPATH/CodeIgniter.php(502): CodeIgniter\CodeIgniter->runController(Object(App\Controllers\ManpowerInfo))
 8 SYSTEMPATH/CodeIgniter.php(361): CodeIgniter\CodeIgniter->handleRequest(null, Object(Config\Cache), false)
 9 FCPATH/index.php(79): CodeIgniter\CodeIgniter->run()
CRITICAL - 2024-06-29 10:58:14 --> Trying to access array offset on value of type null
in APPPATH/Views/manpowerinfo/view.php on line 71.
 1 APPPATH/Views/manpowerinfo/view.php(71): CodeIgniter\Debug\Exceptions->errorHandler(2, 'Trying to access array offset on value of type null', '/home/freelance/public_html/digitalflow/app/Views/manpowerinfo/view.php', 71)
 2 SYSTEMPATH/View/View.php(228): include('/home/freelance/public_html/digitalflow/app/Views/manpowerinfo/view.php')
 3 SYSTEMPATH/View/View.php(231): CodeIgniter\View\View->CodeIgniter\View\{closure}()
 4 SYSTEMPATH/Common.php(1190): CodeIgniter\View\View->render('manpowerinfo/view', [], true)
 5 APPPATH/Controllers/ManpowerInfo.php(174): view('manpowerinfo/view', [...])
 6 SYSTEMPATH/CodeIgniter.php(942): App\Controllers\ManpowerInfo->view()
 7 SYSTEMPATH/CodeIgniter.php(502): CodeIgniter\CodeIgniter->runController(Object(App\Controllers\ManpowerInfo))
 8 SYSTEMPATH/CodeIgniter.php(361): CodeIgniter\CodeIgniter->handleRequest(null, Object(Config\Cache), false)
 9 FCPATH/index.php(79): CodeIgniter\CodeIgniter->run()
CRITICAL - 2024-06-29 11:01:31 --> Call to a member function where() on string
in APPPATH/Controllers/ManpowerInfo.php on line 154.
 1 SYSTEMPATH/CodeIgniter.php(942): App\Controllers\ManpowerInfo->view()
 2 SYSTEMPATH/CodeIgniter.php(502): CodeIgniter\CodeIgniter->runController(Object(App\Controllers\ManpowerInfo))
 3 SYSTEMPATH/CodeIgniter.php(361): CodeIgniter\CodeIgniter->handleRequest(null, Object(Config\Cache), false)
 4 FCPATH/index.php(79): CodeIgniter\CodeIgniter->run()
CRITICAL - 2024-06-29 11:02:29 --> Trying to access array offset on value of type null
in APPPATH/Controllers/ManpowerInfo.php on line 153.
 1 APPPATH/Controllers/ManpowerInfo.php(153): CodeIgniter\Debug\Exceptions->errorHandler(2, 'Trying to access array offset on value of type null', '/home/freelance/public_html/digitalflow/app/Controllers/ManpowerInfo.php', 153)
 2 SYSTEMPATH/CodeIgniter.php(942): App\Controllers\ManpowerInfo->view()
 3 SYSTEMPATH/CodeIgniter.php(502): CodeIgniter\CodeIgniter->runController(Object(App\Controllers\ManpowerInfo))
 4 SYSTEMPATH/CodeIgniter.php(361): CodeIgniter\CodeIgniter->handleRequest(null, Object(Config\Cache), false)
 5 FCPATH/index.php(79): CodeIgniter\CodeIgniter->run()
CRITICAL - 2024-06-29 11:05:03 --> Trying to access array offset on value of type null
in APPPATH/Controllers/ManpowerInfo.php on line 154.
 1 APPPATH/Controllers/ManpowerInfo.php(154): CodeIgniter\Debug\Exceptions->errorHandler(2, 'Trying to access array offset on value of type null', '/home/freelance/public_html/digitalflow/app/Controllers/ManpowerInfo.php', 154)
 2 SYSTEMPATH/CodeIgniter.php(942): App\Controllers\ManpowerInfo->view()
 3 SYSTEMPATH/CodeIgniter.php(502): CodeIgniter\CodeIgniter->runController(Object(App\Controllers\ManpowerInfo))
 4 SYSTEMPATH/CodeIgniter.php(361): CodeIgniter\CodeIgniter->handleRequest(null, Object(Config\Cache), false)
 5 FCPATH/index.php(79): CodeIgniter\CodeIgniter->run()
CRITICAL - 2024-06-29 11:06:25 --> Trying to access array offset on value of type null
in APPPATH/Views/manpowerinfo/view.php on line 71.
 1 APPPATH/Views/manpowerinfo/view.php(71): CodeIgniter\Debug\Exceptions->errorHandler(2, 'Trying to access array offset on value of type null', '/home/freelance/public_html/digitalflow/app/Views/manpowerinfo/view.php', 71)
 2 SYSTEMPATH/View/View.php(228): include('/home/freelance/public_html/digitalflow/app/Views/manpowerinfo/view.php')
 3 SYSTEMPATH/View/View.php(231): CodeIgniter\View\View->CodeIgniter\View\{closure}()
 4 SYSTEMPATH/Common.php(1190): CodeIgniter\View\View->render('manpowerinfo/view', [], true)
 5 APPPATH/Controllers/ManpowerInfo.php(178): view('manpowerinfo/view', [...])
 6 SYSTEMPATH/CodeIgniter.php(942): App\Controllers\ManpowerInfo->view()
 7 SYSTEMPATH/CodeIgniter.php(502): CodeIgniter\CodeIgniter->runController(Object(App\Controllers\ManpowerInfo))
 8 SYSTEMPATH/CodeIgniter.php(361): CodeIgniter\CodeIgniter->handleRequest(null, Object(Config\Cache), false)
 9 FCPATH/index.php(79): CodeIgniter\CodeIgniter->run()
CRITICAL - 2024-06-29 11:06:44 --> Trying to access array offset on value of type null
in APPPATH/Views/manpowerinfo/view.php on line 71.
 1 APPPATH/Views/manpowerinfo/view.php(71): CodeIgniter\Debug\Exceptions->errorHandler(2, 'Trying to access array offset on value of type null', '/home/freelance/public_html/digitalflow/app/Views/manpowerinfo/view.php', 71)
 2 SYSTEMPATH/View/View.php(228): include('/home/freelance/public_html/digitalflow/app/Views/manpowerinfo/view.php')
 3 SYSTEMPATH/View/View.php(231): CodeIgniter\View\View->CodeIgniter\View\{closure}()
 4 SYSTEMPATH/Common.php(1190): CodeIgniter\View\View->render('manpowerinfo/view', [], true)
 5 APPPATH/Controllers/ManpowerInfo.php(178): view('manpowerinfo/view', [...])
 6 SYSTEMPATH/CodeIgniter.php(942): App\Controllers\ManpowerInfo->view()
 7 SYSTEMPATH/CodeIgniter.php(502): CodeIgniter\CodeIgniter->runController(Object(App\Controllers\ManpowerInfo))
 8 SYSTEMPATH/CodeIgniter.php(361): CodeIgniter\CodeIgniter->handleRequest(null, Object(Config\Cache), false)
 9 FCPATH/index.php(79): CodeIgniter\CodeIgniter->run()
CRITICAL - 2024-06-29 11:06:45 --> Trying to access array offset on value of type null
in APPPATH/Views/manpowerinfo/view.php on line 71.
 1 APPPATH/Views/manpowerinfo/view.php(71): CodeIgniter\Debug\Exceptions->errorHandler(2, 'Trying to access array offset on value of type null', '/home/freelance/public_html/digitalflow/app/Views/manpowerinfo/view.php', 71)
 2 SYSTEMPATH/View/View.php(228): include('/home/freelance/public_html/digitalflow/app/Views/manpowerinfo/view.php')
 3 SYSTEMPATH/View/View.php(231): CodeIgniter\View\View->CodeIgniter\View\{closure}()
 4 SYSTEMPATH/Common.php(1190): CodeIgniter\View\View->render('manpowerinfo/view', [], true)
 5 APPPATH/Controllers/ManpowerInfo.php(178): view('manpowerinfo/view', [...])
 6 SYSTEMPATH/CodeIgniter.php(942): App\Controllers\ManpowerInfo->view()
 7 SYSTEMPATH/CodeIgniter.php(502): CodeIgniter\CodeIgniter->runController(Object(App\Controllers\ManpowerInfo))
 8 SYSTEMPATH/CodeIgniter.php(361): CodeIgniter\CodeIgniter->handleRequest(null, Object(Config\Cache), false)
 9 FCPATH/index.php(79): CodeIgniter\CodeIgniter->run()
CRITICAL - 2024-06-29 11:06:47 --> Trying to access array offset on value of type null
in APPPATH/Views/manpowerinfo/view.php on line 71.
 1 APPPATH/Views/manpowerinfo/view.php(71): CodeIgniter\Debug\Exceptions->errorHandler(2, 'Trying to access array offset on value of type null', '/home/freelance/public_html/digitalflow/app/Views/manpowerinfo/view.php', 71)
 2 SYSTEMPATH/View/View.php(228): include('/home/freelance/public_html/digitalflow/app/Views/manpowerinfo/view.php')
 3 SYSTEMPATH/View/View.php(231): CodeIgniter\View\View->CodeIgniter\View\{closure}()
 4 SYSTEMPATH/Common.php(1190): CodeIgniter\View\View->render('manpowerinfo/view', [], true)
 5 APPPATH/Controllers/ManpowerInfo.php(178): view('manpowerinfo/view', [...])
 6 SYSTEMPATH/CodeIgniter.php(942): App\Controllers\ManpowerInfo->view()
 7 SYSTEMPATH/CodeIgniter.php(502): CodeIgniter\CodeIgniter->runController(Object(App\Controllers\ManpowerInfo))
 8 SYSTEMPATH/CodeIgniter.php(361): CodeIgniter\CodeIgniter->handleRequest(null, Object(Config\Cache), false)
 9 FCPATH/index.php(79): CodeIgniter\CodeIgniter->run()
CRITICAL - 2024-06-29 11:06:49 --> Trying to access array offset on value of type null
in APPPATH/Views/manpowerinfo/view.php on line 71.
 1 APPPATH/Views/manpowerinfo/view.php(71): CodeIgniter\Debug\Exceptions->errorHandler(2, 'Trying to access array offset on value of type null', '/home/freelance/public_html/digitalflow/app/Views/manpowerinfo/view.php', 71)
 2 SYSTEMPATH/View/View.php(228): include('/home/freelance/public_html/digitalflow/app/Views/manpowerinfo/view.php')
 3 SYSTEMPATH/View/View.php(231): CodeIgniter\View\View->CodeIgniter\View\{closure}()
 4 SYSTEMPATH/Common.php(1190): CodeIgniter\View\View->render('manpowerinfo/view', [], true)
 5 APPPATH/Controllers/ManpowerInfo.php(178): view('manpowerinfo/view', [...])
 6 SYSTEMPATH/CodeIgniter.php(942): App\Controllers\ManpowerInfo->view()
 7 SYSTEMPATH/CodeIgniter.php(502): CodeIgniter\CodeIgniter->runController(Object(App\Controllers\ManpowerInfo))
 8 SYSTEMPATH/CodeIgniter.php(361): CodeIgniter\CodeIgniter->handleRequest(null, Object(Config\Cache), false)
 9 FCPATH/index.php(79): CodeIgniter\CodeIgniter->run()
CRITICAL - 2024-06-29 11:06:53 --> Trying to access array offset on value of type null
in APPPATH/Views/manpowerinfo/view.php on line 71.
 1 APPPATH/Views/manpowerinfo/view.php(71): CodeIgniter\Debug\Exceptions->errorHandler(2, 'Trying to access array offset on value of type null', '/home/freelance/public_html/digitalflow/app/Views/manpowerinfo/view.php', 71)
 2 SYSTEMPATH/View/View.php(228): include('/home/freelance/public_html/digitalflow/app/Views/manpowerinfo/view.php')
 3 SYSTEMPATH/View/View.php(231): CodeIgniter\View\View->CodeIgniter\View\{closure}()
 4 SYSTEMPATH/Common.php(1190): CodeIgniter\View\View->render('manpowerinfo/view', [], true)
 5 APPPATH/Controllers/ManpowerInfo.php(178): view('manpowerinfo/view', [...])
 6 SYSTEMPATH/CodeIgniter.php(942): App\Controllers\ManpowerInfo->view()
 7 SYSTEMPATH/CodeIgniter.php(502): CodeIgniter\CodeIgniter->runController(Object(App\Controllers\ManpowerInfo))
 8 SYSTEMPATH/CodeIgniter.php(361): CodeIgniter\CodeIgniter->handleRequest(null, Object(Config\Cache), false)
 9 FCPATH/index.php(79): CodeIgniter\CodeIgniter->run()
CRITICAL - 2024-06-29 11:08:25 --> Trying to access array offset on value of type null
in APPPATH/Controllers/ManpowerInfo.php on line 154.
 1 APPPATH/Controllers/ManpowerInfo.php(154): CodeIgniter\Debug\Exceptions->errorHandler(2, 'Trying to access array offset on value of type null', '/home/freelance/public_html/digitalflow/app/Controllers/ManpowerInfo.php', 154)
 2 SYSTEMPATH/CodeIgniter.php(942): App\Controllers\ManpowerInfo->view()
 3 SYSTEMPATH/CodeIgniter.php(502): CodeIgniter\CodeIgniter->runController(Object(App\Controllers\ManpowerInfo))
 4 SYSTEMPATH/CodeIgniter.php(361): CodeIgniter\CodeIgniter->handleRequest(null, Object(Config\Cache), false)
 5 FCPATH/index.php(79): CodeIgniter\CodeIgniter->run()
CRITICAL - 2024-06-29 11:09:22 --> Trying to access array offset on value of type null
in APPPATH/Controllers/ManpowerInfo.php on line 154.
 1 APPPATH/Controllers/ManpowerInfo.php(154): CodeIgniter\Debug\Exceptions->errorHandler(2, 'Trying to access array offset on value of type null', '/home/freelance/public_html/digitalflow/app/Controllers/ManpowerInfo.php', 154)
 2 SYSTEMPATH/CodeIgniter.php(942): App\Controllers\ManpowerInfo->view()
 3 SYSTEMPATH/CodeIgniter.php(502): CodeIgniter\CodeIgniter->runController(Object(App\Controllers\ManpowerInfo))
 4 SYSTEMPATH/CodeIgniter.php(361): CodeIgniter\CodeIgniter->handleRequest(null, Object(Config\Cache), false)
 5 FCPATH/index.php(79): CodeIgniter\CodeIgniter->run()
CRITICAL - 2024-06-29 11:10:30 --> Trying to access array offset on value of type null
in APPPATH/Controllers/ManpowerInfo.php on line 157.
 1 APPPATH/Controllers/ManpowerInfo.php(157): CodeIgniter\Debug\Exceptions->errorHandler(2, 'Trying to access array offset on value of type null', '/home/freelance/public_html/digitalflow/app/Controllers/ManpowerInfo.php', 157)
 2 SYSTEMPATH/CodeIgniter.php(942): App\Controllers\ManpowerInfo->view()
 3 SYSTEMPATH/CodeIgniter.php(502): CodeIgniter\CodeIgniter->runController(Object(App\Controllers\ManpowerInfo))
 4 SYSTEMPATH/CodeIgniter.php(361): CodeIgniter\CodeIgniter->handleRequest(null, Object(Config\Cache), false)
 5 FCPATH/index.php(79): CodeIgniter\CodeIgniter->run()
CRITICAL - 2024-06-29 11:11:43 --> Trying to access array offset on value of type null
in APPPATH/Views/manpowerinfo/view.php on line 71.
 1 APPPATH/Views/manpowerinfo/view.php(71): CodeIgniter\Debug\Exceptions->errorHandler(2, 'Trying to access array offset on value of type null', '/home/freelance/public_html/digitalflow/app/Views/manpowerinfo/view.php', 71)
 2 SYSTEMPATH/View/View.php(228): include('/home/freelance/public_html/digitalflow/app/Views/manpowerinfo/view.php')
 3 SYSTEMPATH/View/View.php(231): CodeIgniter\View\View->CodeIgniter\View\{closure}()
 4 SYSTEMPATH/Common.php(1190): CodeIgniter\View\View->render('manpowerinfo/view', [], true)
 5 APPPATH/Controllers/ManpowerInfo.php(172): view('manpowerinfo/view', [...])
 6 SYSTEMPATH/CodeIgniter.php(942): App\Controllers\ManpowerInfo->view()
 7 SYSTEMPATH/CodeIgniter.php(502): CodeIgniter\CodeIgniter->runController(Object(App\Controllers\ManpowerInfo))
 8 SYSTEMPATH/CodeIgniter.php(361): CodeIgniter\CodeIgniter->handleRequest(null, Object(Config\Cache), false)
 9 FCPATH/index.php(79): CodeIgniter\CodeIgniter->run()
CRITICAL - 2024-06-29 11:44:28 --> Trying to access array offset on value of type null
in APPPATH/Views/manpowerinfo/view.php on line 71.
 1 APPPATH/Views/manpowerinfo/view.php(71): CodeIgniter\Debug\Exceptions->errorHandler(2, 'Trying to access array offset on value of type null', '/home/freelance/public_html/digitalflow/app/Views/manpowerinfo/view.php', 71)
 2 SYSTEMPATH/View/View.php(228): include('/home/freelance/public_html/digitalflow/app/Views/manpowerinfo/view.php')
 3 SYSTEMPATH/View/View.php(231): CodeIgniter\View\View->CodeIgniter\View\{closure}()
 4 SYSTEMPATH/Common.php(1190): CodeIgniter\View\View->render('manpowerinfo/view', [], true)
 5 APPPATH/Controllers/ManpowerInfo.php(182): view('manpowerinfo/view', [...])
 6 SYSTEMPATH/CodeIgniter.php(942): App\Controllers\ManpowerInfo->view()
 7 SYSTEMPATH/CodeIgniter.php(502): CodeIgniter\CodeIgniter->runController(Object(App\Controllers\ManpowerInfo))
 8 SYSTEMPATH/CodeIgniter.php(361): CodeIgniter\CodeIgniter->handleRequest(null, Object(Config\Cache), false)
 9 FCPATH/index.php(79): CodeIgniter\CodeIgniter->run()
CRITICAL - 2024-06-29 11:50:03 --> Trying to access array offset on value of type null
in APPPATH/Views/manpowerinfo/view.php on line 71.
 1 APPPATH/Views/manpowerinfo/view.php(71): CodeIgniter\Debug\Exceptions->errorHandler(2, 'Trying to access array offset on value of type null', '/home/freelance/public_html/digitalflow/app/Views/manpowerinfo/view.php', 71)
 2 SYSTEMPATH/View/View.php(228): include('/home/freelance/public_html/digitalflow/app/Views/manpowerinfo/view.php')
 3 SYSTEMPATH/View/View.php(231): CodeIgniter\View\View->CodeIgniter\View\{closure}()
 4 SYSTEMPATH/Common.php(1190): CodeIgniter\View\View->render('manpowerinfo/view', [], true)
 5 APPPATH/Controllers/ManpowerInfo.php(183): view('manpowerinfo/view', [...])
 6 SYSTEMPATH/CodeIgniter.php(942): App\Controllers\ManpowerInfo->view()
 7 SYSTEMPATH/CodeIgniter.php(502): CodeIgniter\CodeIgniter->runController(Object(App\Controllers\ManpowerInfo))
 8 SYSTEMPATH/CodeIgniter.php(361): CodeIgniter\CodeIgniter->handleRequest(null, Object(Config\Cache), false)
 9 FCPATH/index.php(79): CodeIgniter\CodeIgniter->run()
CRITICAL - 2024-06-29 11:51:58 --> Call to undefined function App\Controllers\josn_encode()
in APPPATH/Controllers/ManpowerInfo.php on line 183.
 1 SYSTEMPATH/CodeIgniter.php(942): App\Controllers\ManpowerInfo->view()
 2 SYSTEMPATH/CodeIgniter.php(502): CodeIgniter\CodeIgniter->runController(Object(App\Controllers\ManpowerInfo))
 3 SYSTEMPATH/CodeIgniter.php(361): CodeIgniter\CodeIgniter->handleRequest(null, Object(Config\Cache), false)
 4 FCPATH/index.php(79): CodeIgniter\CodeIgniter->run()
CRITICAL - 2024-06-29 11:53:25 --> Trying to access array offset on value of type null
in APPPATH/Views/manpowerinfo/view.php on line 71.
 1 APPPATH/Views/manpowerinfo/view.php(71): CodeIgniter\Debug\Exceptions->errorHandler(2, 'Trying to access array offset on value of type null', '/home/freelance/public_html/digitalflow/app/Views/manpowerinfo/view.php', 71)
 2 SYSTEMPATH/View/View.php(228): include('/home/freelance/public_html/digitalflow/app/Views/manpowerinfo/view.php')
 3 SYSTEMPATH/View/View.php(231): CodeIgniter\View\View->CodeIgniter\View\{closure}()
 4 SYSTEMPATH/Common.php(1190): CodeIgniter\View\View->render('manpowerinfo/view', [], true)
 5 APPPATH/Controllers/ManpowerInfo.php(184): view('manpowerinfo/view', [...])
 6 SYSTEMPATH/CodeIgniter.php(942): App\Controllers\ManpowerInfo->view()
 7 SYSTEMPATH/CodeIgniter.php(502): CodeIgniter\CodeIgniter->runController(Object(App\Controllers\ManpowerInfo))
 8 SYSTEMPATH/CodeIgniter.php(361): CodeIgniter\CodeIgniter->handleRequest(null, Object(Config\Cache), false)
 9 FCPATH/index.php(79): CodeIgniter\CodeIgniter->run()
CRITICAL - 2024-06-29 11:55:02 --> Trying to access array offset on value of type null
in APPPATH/Views/manpowerinfo/view.php on line 91.
 1 APPPATH/Views/manpowerinfo/view.php(91): CodeIgniter\Debug\Exceptions->errorHandler(2, 'Trying to access array offset on value of type null', '/home/freelance/public_html/digitalflow/app/Views/manpowerinfo/view.php', 91)
 2 SYSTEMPATH/View/View.php(228): include('/home/freelance/public_html/digitalflow/app/Views/manpowerinfo/view.php')
 3 SYSTEMPATH/View/View.php(231): CodeIgniter\View\View->CodeIgniter\View\{closure}()
 4 SYSTEMPATH/Common.php(1190): CodeIgniter\View\View->render('manpowerinfo/view', [], true)
 5 APPPATH/Controllers/ManpowerInfo.php(184): view('manpowerinfo/view', [...])
 6 SYSTEMPATH/CodeIgniter.php(942): App\Controllers\ManpowerInfo->view()
 7 SYSTEMPATH/CodeIgniter.php(502): CodeIgniter\CodeIgniter->runController(Object(App\Controllers\ManpowerInfo))
 8 SYSTEMPATH/CodeIgniter.php(361): CodeIgniter\CodeIgniter->handleRequest(null, Object(Config\Cache), false)
 9 FCPATH/index.php(79): CodeIgniter\CodeIgniter->run()
CRITICAL - 2024-06-29 11:57:36 --> Trying to access array offset on value of type null
in APPPATH/Views/manpowerinfo/view.php on line 72.
 1 APPPATH/Views/manpowerinfo/view.php(72): CodeIgniter\Debug\Exceptions->errorHandler(2, 'Trying to access array offset on value of type null', '/home/freelance/public_html/digitalflow/app/Views/manpowerinfo/view.php', 72)
 2 SYSTEMPATH/View/View.php(228): include('/home/freelance/public_html/digitalflow/app/Views/manpowerinfo/view.php')
 3 SYSTEMPATH/View/View.php(231): CodeIgniter\View\View->CodeIgniter\View\{closure}()
 4 SYSTEMPATH/Common.php(1190): CodeIgniter\View\View->render('manpowerinfo/view', [], true)
 5 APPPATH/Controllers/ManpowerInfo.php(184): view('manpowerinfo/view', [...])
 6 SYSTEMPATH/CodeIgniter.php(942): App\Controllers\ManpowerInfo->view()
 7 SYSTEMPATH/CodeIgniter.php(502): CodeIgniter\CodeIgniter->runController(Object(App\Controllers\ManpowerInfo))
 8 SYSTEMPATH/CodeIgniter.php(361): CodeIgniter\CodeIgniter->handleRequest(null, Object(Config\Cache), false)
 9 FCPATH/index.php(79): CodeIgniter\CodeIgniter->run()
CRITICAL - 2024-06-29 11:57:55 --> Undefined array key 0
in APPPATH/Views/manpowerinfo/view.php on line 72.
 1 APPPATH/Views/manpowerinfo/view.php(72): CodeIgniter\Debug\Exceptions->errorHandler(2, 'Undefined array key 0', '/home/freelance/public_html/digitalflow/app/Views/manpowerinfo/view.php', 72)
 2 SYSTEMPATH/View/View.php(228): include('/home/freelance/public_html/digitalflow/app/Views/manpowerinfo/view.php')
 3 SYSTEMPATH/View/View.php(231): CodeIgniter\View\View->CodeIgniter\View\{closure}()
 4 SYSTEMPATH/Common.php(1190): CodeIgniter\View\View->render('manpowerinfo/view', [], true)
 5 APPPATH/Controllers/ManpowerInfo.php(184): view('manpowerinfo/view', [...])
 6 SYSTEMPATH/CodeIgniter.php(942): App\Controllers\ManpowerInfo->view()
 7 SYSTEMPATH/CodeIgniter.php(502): CodeIgniter\CodeIgniter->runController(Object(App\Controllers\ManpowerInfo))
 8 SYSTEMPATH/CodeIgniter.php(361): CodeIgniter\CodeIgniter->handleRequest(null, Object(Config\Cache), false)
 9 FCPATH/index.php(79): CodeIgniter\CodeIgniter->run()
CRITICAL - 2024-06-29 11:58:33 --> Undefined variable $value
in APPPATH/Views/manpowerinfo/view.php on line 68.
 1 APPPATH/Views/manpowerinfo/view.php(68): CodeIgniter\Debug\Exceptions->errorHandler(2, 'Undefined variable $value', '/home/freelance/public_html/digitalflow/app/Views/manpowerinfo/view.php', 68)
 2 SYSTEMPATH/View/View.php(228): include('/home/freelance/public_html/digitalflow/app/Views/manpowerinfo/view.php')
 3 SYSTEMPATH/View/View.php(231): CodeIgniter\View\View->CodeIgniter\View\{closure}()
 4 SYSTEMPATH/Common.php(1190): CodeIgniter\View\View->render('manpowerinfo/view', [], true)
 5 APPPATH/Controllers/ManpowerInfo.php(184): view('manpowerinfo/view', [...])
 6 SYSTEMPATH/CodeIgniter.php(942): App\Controllers\ManpowerInfo->view()
 7 SYSTEMPATH/CodeIgniter.php(502): CodeIgniter\CodeIgniter->runController(Object(App\Controllers\ManpowerInfo))
 8 SYSTEMPATH/CodeIgniter.php(361): CodeIgniter\CodeIgniter->handleRequest(null, Object(Config\Cache), false)
 9 FCPATH/index.php(79): CodeIgniter\CodeIgniter->run()
CRITICAL - 2024-06-29 11:58:56 --> Trying to access array offset on value of type null
in APPPATH/Views/manpowerinfo/view.php on line 93.
 1 APPPATH/Views/manpowerinfo/view.php(93): CodeIgniter\Debug\Exceptions->errorHandler(2, 'Trying to access array offset on value of type null', '/home/freelance/public_html/digitalflow/app/Views/manpowerinfo/view.php', 93)
 2 SYSTEMPATH/View/View.php(228): include('/home/freelance/public_html/digitalflow/app/Views/manpowerinfo/view.php')
 3 SYSTEMPATH/View/View.php(231): CodeIgniter\View\View->CodeIgniter\View\{closure}()
 4 SYSTEMPATH/Common.php(1190): CodeIgniter\View\View->render('manpowerinfo/view', [], true)
 5 APPPATH/Controllers/ManpowerInfo.php(184): view('manpowerinfo/view', [...])
 6 SYSTEMPATH/CodeIgniter.php(942): App\Controllers\ManpowerInfo->view()
 7 SYSTEMPATH/CodeIgniter.php(502): CodeIgniter\CodeIgniter->runController(Object(App\Controllers\ManpowerInfo))
 8 SYSTEMPATH/CodeIgniter.php(361): CodeIgniter\CodeIgniter->handleRequest(null, Object(Config\Cache), false)
 9 FCPATH/index.php(79): CodeIgniter\CodeIgniter->run()
CRITICAL - 2024-06-29 11:59:16 --> Trying to access array offset on value of type null
in APPPATH/Views/manpowerinfo/view.php on line 93.
 1 APPPATH/Views/manpowerinfo/view.php(93): CodeIgniter\Debug\Exceptions->errorHandler(2, 'Trying to access array offset on value of type null', '/home/freelance/public_html/digitalflow/app/Views/manpowerinfo/view.php', 93)
 2 SYSTEMPATH/View/View.php(228): include('/home/freelance/public_html/digitalflow/app/Views/manpowerinfo/view.php')
 3 SYSTEMPATH/View/View.php(231): CodeIgniter\View\View->CodeIgniter\View\{closure}()
 4 SYSTEMPATH/Common.php(1190): CodeIgniter\View\View->render('manpowerinfo/view', [], true)
 5 APPPATH/Controllers/ManpowerInfo.php(184): view('manpowerinfo/view', [...])
 6 SYSTEMPATH/CodeIgniter.php(942): App\Controllers\ManpowerInfo->view()
 7 SYSTEMPATH/CodeIgniter.php(502): CodeIgniter\CodeIgniter->runController(Object(App\Controllers\ManpowerInfo))
 8 SYSTEMPATH/CodeIgniter.php(361): CodeIgniter\CodeIgniter->handleRequest(null, Object(Config\Cache), false)
 9 FCPATH/index.php(79): CodeIgniter\CodeIgniter->run()
CRITICAL - 2024-06-29 11:59:43 --> Trying to access array offset on value of type null
in APPPATH/Views/manpowerinfo/view.php on line 93.
 1 APPPATH/Views/manpowerinfo/view.php(93): CodeIgniter\Debug\Exceptions->errorHandler(2, 'Trying to access array offset on value of type null', '/home/freelance/public_html/digitalflow/app/Views/manpowerinfo/view.php', 93)
 2 SYSTEMPATH/View/View.php(228): include('/home/freelance/public_html/digitalflow/app/Views/manpowerinfo/view.php')
 3 SYSTEMPATH/View/View.php(231): CodeIgniter\View\View->CodeIgniter\View\{closure}()
 4 SYSTEMPATH/Common.php(1190): CodeIgniter\View\View->render('manpowerinfo/view', [], true)
 5 APPPATH/Controllers/ManpowerInfo.php(184): view('manpowerinfo/view', [...])
 6 SYSTEMPATH/CodeIgniter.php(942): App\Controllers\ManpowerInfo->view()
 7 SYSTEMPATH/CodeIgniter.php(502): CodeIgniter\CodeIgniter->runController(Object(App\Controllers\ManpowerInfo))
 8 SYSTEMPATH/CodeIgniter.php(361): CodeIgniter\CodeIgniter->handleRequest(null, Object(Config\Cache), false)
 9 FCPATH/index.php(79): CodeIgniter\CodeIgniter->run()
CRITICAL - 2024-06-29 12:02:04 --> Trying to access array offset on value of type null
in APPPATH/Views/manpowerinfo/view.php on line 92.
 1 APPPATH/Views/manpowerinfo/view.php(92): CodeIgniter\Debug\Exceptions->errorHandler(2, 'Trying to access array offset on value of type null', '/home/freelance/public_html/digitalflow/app/Views/manpowerinfo/view.php', 92)
 2 SYSTEMPATH/View/View.php(228): include('/home/freelance/public_html/digitalflow/app/Views/manpowerinfo/view.php')
 3 SYSTEMPATH/View/View.php(231): CodeIgniter\View\View->CodeIgniter\View\{closure}()
 4 SYSTEMPATH/Common.php(1190): CodeIgniter\View\View->render('manpowerinfo/view', [], true)
 5 APPPATH/Controllers/ManpowerInfo.php(184): view('manpowerinfo/view', [...])
 6 SYSTEMPATH/CodeIgniter.php(942): App\Controllers\ManpowerInfo->view()
 7 SYSTEMPATH/CodeIgniter.php(502): CodeIgniter\CodeIgniter->runController(Object(App\Controllers\ManpowerInfo))
 8 SYSTEMPATH/CodeIgniter.php(361): CodeIgniter\CodeIgniter->handleRequest(null, Object(Config\Cache), false)
 9 FCPATH/index.php(79): CodeIgniter\CodeIgniter->run()
CRITICAL - 2024-06-29 12:02:27 --> Trying to access array offset on value of type null
in APPPATH/Views/manpowerinfo/view.php on line 73.
 1 APPPATH/Views/manpowerinfo/view.php(73): CodeIgniter\Debug\Exceptions->errorHandler(2, 'Trying to access array offset on value of type null', '/home/freelance/public_html/digitalflow/app/Views/manpowerinfo/view.php', 73)
 2 SYSTEMPATH/View/View.php(228): include('/home/freelance/public_html/digitalflow/app/Views/manpowerinfo/view.php')
 3 SYSTEMPATH/View/View.php(231): CodeIgniter\View\View->CodeIgniter\View\{closure}()
 4 SYSTEMPATH/Common.php(1190): CodeIgniter\View\View->render('manpowerinfo/view', [], true)
 5 APPPATH/Controllers/ManpowerInfo.php(184): view('manpowerinfo/view', [...])
 6 SYSTEMPATH/CodeIgniter.php(942): App\Controllers\ManpowerInfo->view()
 7 SYSTEMPATH/CodeIgniter.php(502): CodeIgniter\CodeIgniter->runController(Object(App\Controllers\ManpowerInfo))
 8 SYSTEMPATH/CodeIgniter.php(361): CodeIgniter\CodeIgniter->handleRequest(null, Object(Config\Cache), false)
 9 FCPATH/index.php(79): CodeIgniter\CodeIgniter->run()
CRITICAL - 2024-06-29 12:02:54 --> Trying to access array offset on value of type null
in APPPATH/Views/manpowerinfo/view.php on line 73.
 1 APPPATH/Views/manpowerinfo/view.php(73): CodeIgniter\Debug\Exceptions->errorHandler(2, 'Trying to access array offset on value of type null', '/home/freelance/public_html/digitalflow/app/Views/manpowerinfo/view.php', 73)
 2 SYSTEMPATH/View/View.php(228): include('/home/freelance/public_html/digitalflow/app/Views/manpowerinfo/view.php')
 3 SYSTEMPATH/View/View.php(231): CodeIgniter\View\View->CodeIgniter\View\{closure}()
 4 SYSTEMPATH/Common.php(1190): CodeIgniter\View\View->render('manpowerinfo/view', [], true)
 5 APPPATH/Controllers/ManpowerInfo.php(184): view('manpowerinfo/view', [...])
 6 SYSTEMPATH/CodeIgniter.php(942): App\Controllers\ManpowerInfo->view()
 7 SYSTEMPATH/CodeIgniter.php(502): CodeIgniter\CodeIgniter->runController(Object(App\Controllers\ManpowerInfo))
 8 SYSTEMPATH/CodeIgniter.php(361): CodeIgniter\CodeIgniter->handleRequest(null, Object(Config\Cache), false)
 9 FCPATH/index.php(79): CodeIgniter\CodeIgniter->run()
CRITICAL - 2024-06-29 12:02:56 --> Trying to access array offset on value of type null
in APPPATH/Views/manpowerinfo/view.php on line 73.
 1 APPPATH/Views/manpowerinfo/view.php(73): CodeIgniter\Debug\Exceptions->errorHandler(2, 'Trying to access array offset on value of type null', '/home/freelance/public_html/digitalflow/app/Views/manpowerinfo/view.php', 73)
 2 SYSTEMPATH/View/View.php(228): include('/home/freelance/public_html/digitalflow/app/Views/manpowerinfo/view.php')
 3 SYSTEMPATH/View/View.php(231): CodeIgniter\View\View->CodeIgniter\View\{closure}()
 4 SYSTEMPATH/Common.php(1190): CodeIgniter\View\View->render('manpowerinfo/view', [], true)
 5 APPPATH/Controllers/ManpowerInfo.php(184): view('manpowerinfo/view', [...])
 6 SYSTEMPATH/CodeIgniter.php(942): App\Controllers\ManpowerInfo->view()
 7 SYSTEMPATH/CodeIgniter.php(502): CodeIgniter\CodeIgniter->runController(Object(App\Controllers\ManpowerInfo))
 8 SYSTEMPATH/CodeIgniter.php(361): CodeIgniter\CodeIgniter->handleRequest(null, Object(Config\Cache), false)
 9 FCPATH/index.php(79): CodeIgniter\CodeIgniter->run()
CRITICAL - 2024-06-29 12:02:57 --> Trying to access array offset on value of type null
in APPPATH/Views/manpowerinfo/view.php on line 73.
 1 APPPATH/Views/manpowerinfo/view.php(73): CodeIgniter\Debug\Exceptions->errorHandler(2, 'Trying to access array offset on value of type null', '/home/freelance/public_html/digitalflow/app/Views/manpowerinfo/view.php', 73)
 2 SYSTEMPATH/View/View.php(228): include('/home/freelance/public_html/digitalflow/app/Views/manpowerinfo/view.php')
 3 SYSTEMPATH/View/View.php(231): CodeIgniter\View\View->CodeIgniter\View\{closure}()
 4 SYSTEMPATH/Common.php(1190): CodeIgniter\View\View->render('manpowerinfo/view', [], true)
 5 APPPATH/Controllers/ManpowerInfo.php(184): view('manpowerinfo/view', [...])
 6 SYSTEMPATH/CodeIgniter.php(942): App\Controllers\ManpowerInfo->view()
 7 SYSTEMPATH/CodeIgniter.php(502): CodeIgniter\CodeIgniter->runController(Object(App\Controllers\ManpowerInfo))
 8 SYSTEMPATH/CodeIgniter.php(361): CodeIgniter\CodeIgniter->handleRequest(null, Object(Config\Cache), false)
 9 FCPATH/index.php(79): CodeIgniter\CodeIgniter->run()
CRITICAL - 2024-06-29 12:08:35 --> Unmatched '}'
in APPPATH/Views/manpowerinfo/view.php on line 130.
 1 SYSTEMPATH/View/View.php(231): CodeIgniter\View\View->CodeIgniter\View\{closure}()
 2 SYSTEMPATH/Common.php(1190): CodeIgniter\View\View->render('manpowerinfo/view', [], true)
 3 APPPATH/Controllers/ManpowerInfo.php(184): view('manpowerinfo/view', [...])
 4 SYSTEMPATH/CodeIgniter.php(942): App\Controllers\ManpowerInfo->view()
 5 SYSTEMPATH/CodeIgniter.php(502): CodeIgniter\CodeIgniter->runController(Object(App\Controllers\ManpowerInfo))
 6 SYSTEMPATH/CodeIgniter.php(361): CodeIgniter\CodeIgniter->handleRequest(null, Object(Config\Cache), false)
 7 FCPATH/index.php(79): CodeIgniter\CodeIgniter->run()
CRITICAL - 2024-06-29 12:17:15 --> Undefined array key "project_name"
in APPPATH/Views/manpowerinfo/view.php on line 79.
 1 APPPATH/Views/manpowerinfo/view.php(79): CodeIgniter\Debug\Exceptions->errorHandler(2, 'Undefined array key "project_name"', '/home/freelance/public_html/digitalflow/app/Views/manpowerinfo/view.php', 79)
 2 SYSTEMPATH/View/View.php(228): include('/home/freelance/public_html/digitalflow/app/Views/manpowerinfo/view.php')
 3 SYSTEMPATH/View/View.php(231): CodeIgniter\View\View->CodeIgniter\View\{closure}()
 4 SYSTEMPATH/Common.php(1190): CodeIgniter\View\View->render('manpowerinfo/view', [], true)
 5 APPPATH/Controllers/ManpowerInfo.php(194): view('manpowerinfo/view', [...])
 6 SYSTEMPATH/CodeIgniter.php(942): App\Controllers\ManpowerInfo->view()
 7 SYSTEMPATH/CodeIgniter.php(502): CodeIgniter\CodeIgniter->runController(Object(App\Controllers\ManpowerInfo))
 8 SYSTEMPATH/CodeIgniter.php(361): CodeIgniter\CodeIgniter->handleRequest(null, Object(Config\Cache), false)
 9 FCPATH/index.php(79): CodeIgniter\CodeIgniter->run()
CRITICAL - 2024-06-29 12:17:50 --> Undefined array key "manpower_request_id"
in APPPATH/Views/manpowerinfo/view.php on line 73.
 1 APPPATH/Views/manpowerinfo/view.php(73): CodeIgniter\Debug\Exceptions->errorHandler(2, 'Undefined array key "manpower_request_id"', '/home/freelance/public_html/digitalflow/app/Views/manpowerinfo/view.php', 73)
 2 SYSTEMPATH/View/View.php(228): include('/home/freelance/public_html/digitalflow/app/Views/manpowerinfo/view.php')
 3 SYSTEMPATH/View/View.php(231): CodeIgniter\View\View->CodeIgniter\View\{closure}()
 4 SYSTEMPATH/Common.php(1190): CodeIgniter\View\View->render('manpowerinfo/view', [], true)
 5 APPPATH/Controllers/ManpowerInfo.php(194): view('manpowerinfo/view', [...])
 6 SYSTEMPATH/CodeIgniter.php(942): App\Controllers\ManpowerInfo->view()
 7 SYSTEMPATH/CodeIgniter.php(502): CodeIgniter\CodeIgniter->runController(Object(App\Controllers\ManpowerInfo))
 8 SYSTEMPATH/CodeIgniter.php(361): CodeIgniter\CodeIgniter->handleRequest(null, Object(Config\Cache), false)
 9 FCPATH/index.php(79): CodeIgniter\CodeIgniter->run()
CRITICAL - 2024-06-29 13:43:00 --> syntax error, unexpected identifier "base_url"
in APPPATH/Views/manpowerinfo/view.php on line 116.
 1 SYSTEMPATH/View/View.php(231): CodeIgniter\View\View->CodeIgniter\View\{closure}()
 2 SYSTEMPATH/Common.php(1190): CodeIgniter\View\View->render('manpowerinfo/view', [], true)
 3 APPPATH/Controllers/ManpowerInfo.php(194): view('manpowerinfo/view', [...])
 4 SYSTEMPATH/CodeIgniter.php(942): App\Controllers\ManpowerInfo->view()
 5 SYSTEMPATH/CodeIgniter.php(502): CodeIgniter\CodeIgniter->runController(Object(App\Controllers\ManpowerInfo))
 6 SYSTEMPATH/CodeIgniter.php(361): CodeIgniter\CodeIgniter->handleRequest(null, Object(Config\Cache), false)
 7 FCPATH/index.php(79): CodeIgniter\CodeIgniter->run()
CRITICAL - 2024-06-29 13:43:18 --> Undefined variable $project
in APPPATH/Controllers/ManpowerInfo.php on line 211.
 1 APPPATH/Controllers/ManpowerInfo.php(211): CodeIgniter\Debug\Exceptions->errorHandler(2, 'Undefined variable $project', '/home/freelance/public_html/digitalflow/app/Controllers/ManpowerInfo.php', 211)
 2 SYSTEMPATH/CodeIgniter.php(942): App\Controllers\ManpowerInfo->edit('VG1jOVBRPT0=')
 3 SYSTEMPATH/CodeIgniter.php(502): CodeIgniter\CodeIgniter->runController(Object(App\Controllers\ManpowerInfo))
 4 SYSTEMPATH/CodeIgniter.php(361): CodeIgniter\CodeIgniter->handleRequest(null, Object(Config\Cache), false)
 5 FCPATH/index.php(79): CodeIgniter\CodeIgniter->run()
CRITICAL - 2024-06-29 13:45:03 --> Undefined variable $info
in APPPATH/Controllers/ManpowerInfo.php on line 221.
 1 APPPATH/Controllers/ManpowerInfo.php(221): CodeIgniter\Debug\Exceptions->errorHandler(2, 'Undefined variable $info', '/home/freelance/public_html/digitalflow/app/Controllers/ManpowerInfo.php', 221)
 2 SYSTEMPATH/CodeIgniter.php(942): App\Controllers\ManpowerInfo->edit('VG1jOVBRPT0=')
 3 SYSTEMPATH/CodeIgniter.php(502): CodeIgniter\CodeIgniter->runController(Object(App\Controllers\ManpowerInfo))
 4 SYSTEMPATH/CodeIgniter.php(361): CodeIgniter\CodeIgniter->handleRequest(null, Object(Config\Cache), false)
 5 FCPATH/index.php(79): CodeIgniter\CodeIgniter->run()
CRITICAL - 2024-06-29 13:45:41 --> Undefined array key "project_name"
in APPPATH/Views/manpowerinfo/edit.php on line 84.
 1 APPPATH/Views/manpowerinfo/edit.php(84): CodeIgniter\Debug\Exceptions->errorHandler(2, 'Undefined array key "project_name"', '/home/freelance/public_html/digitalflow/app/Views/manpowerinfo/edit.php', 84)
 2 SYSTEMPATH/View/View.php(228): include('/home/freelance/public_html/digitalflow/app/Views/manpowerinfo/edit.php')
 3 SYSTEMPATH/View/View.php(231): CodeIgniter\View\View->CodeIgniter\View\{closure}()
 4 SYSTEMPATH/Common.php(1190): CodeIgniter\View\View->render('manpowerinfo/edit', [], true)
 5 APPPATH/Controllers/ManpowerInfo.php(227): view('manpowerinfo/edit', [...])
 6 SYSTEMPATH/CodeIgniter.php(942): App\Controllers\ManpowerInfo->edit('VG1jOVBRPT0=')
 7 SYSTEMPATH/CodeIgniter.php(502): CodeIgniter\CodeIgniter->runController(Object(App\Controllers\ManpowerInfo))
 8 SYSTEMPATH/CodeIgniter.php(361): CodeIgniter\CodeIgniter->handleRequest(null, Object(Config\Cache), false)
 9 FCPATH/index.php(79): CodeIgniter\CodeIgniter->run()
CRITICAL - 2024-06-29 13:46:10 --> Array to string conversion
in APPPATH/Views/manpowerinfo/edit.php on line 84.
 1 APPPATH/Views/manpowerinfo/edit.php(84): CodeIgniter\Debug\Exceptions->errorHandler(2, 'Array to string conversion', '/home/freelance/public_html/digitalflow/app/Views/manpowerinfo/edit.php', 84)
 2 SYSTEMPATH/View/View.php(228): include('/home/freelance/public_html/digitalflow/app/Views/manpowerinfo/edit.php')
 3 SYSTEMPATH/View/View.php(231): CodeIgniter\View\View->CodeIgniter\View\{closure}()
 4 SYSTEMPATH/Common.php(1190): CodeIgniter\View\View->render('manpowerinfo/edit', [], true)
 5 APPPATH/Controllers/ManpowerInfo.php(227): view('manpowerinfo/edit', [...])
 6 SYSTEMPATH/CodeIgniter.php(942): App\Controllers\ManpowerInfo->edit('VG1jOVBRPT0=')
 7 SYSTEMPATH/CodeIgniter.php(502): CodeIgniter\CodeIgniter->runController(Object(App\Controllers\ManpowerInfo))
 8 SYSTEMPATH/CodeIgniter.php(361): CodeIgniter\CodeIgniter->handleRequest(null, Object(Config\Cache), false)
 9 FCPATH/index.php(79): CodeIgniter\CodeIgniter->run()
CRITICAL - 2024-06-29 13:52:14 --> Undefined array key "department_name"
in APPPATH/Views/manpowerinfo/edit.php on line 102.
 1 APPPATH/Views/manpowerinfo/edit.php(102): CodeIgniter\Debug\Exceptions->errorHandler(2, 'Undefined array key "department_name"', '/home/freelance/public_html/digitalflow/app/Views/manpowerinfo/edit.php', 102)
 2 SYSTEMPATH/View/View.php(228): include('/home/freelance/public_html/digitalflow/app/Views/manpowerinfo/edit.php')
 3 SYSTEMPATH/View/View.php(231): CodeIgniter\View\View->CodeIgniter\View\{closure}()
 4 SYSTEMPATH/Common.php(1190): CodeIgniter\View\View->render('manpowerinfo/edit', [], true)
 5 APPPATH/Controllers/ManpowerInfo.php(227): view('manpowerinfo/edit', [...])
 6 SYSTEMPATH/CodeIgniter.php(942): App\Controllers\ManpowerInfo->edit('VG1jOVBRPT0=')
 7 SYSTEMPATH/CodeIgniter.php(502): CodeIgniter\CodeIgniter->runController(Object(App\Controllers\ManpowerInfo))
 8 SYSTEMPATH/CodeIgniter.php(361): CodeIgniter\CodeIgniter->handleRequest(null, Object(Config\Cache), false)
 9 FCPATH/index.php(79): CodeIgniter\CodeIgniter->run()
CRITICAL - 2024-06-29 14:05:59 --> Undefined array key "manpower_request_id"
in APPPATH/Views/manpowerinfo/edit.php on line 77.
 1 APPPATH/Views/manpowerinfo/edit.php(77): CodeIgniter\Debug\Exceptions->errorHandler(2, 'Undefined array key "manpower_request_id"', '/home/freelance/public_html/digitalflow/app/Views/manpowerinfo/edit.php', 77)
 2 SYSTEMPATH/View/View.php(228): include('/home/freelance/public_html/digitalflow/app/Views/manpowerinfo/edit.php')
 3 SYSTEMPATH/View/View.php(231): CodeIgniter\View\View->CodeIgniter\View\{closure}()
 4 SYSTEMPATH/Common.php(1190): CodeIgniter\View\View->render('manpowerinfo/edit', [], true)
 5 APPPATH/Controllers/ManpowerInfo.php(227): view('manpowerinfo/edit', [...])
 6 SYSTEMPATH/CodeIgniter.php(942): App\Controllers\ManpowerInfo->edit('VG1jOVBRPT0=')
 7 SYSTEMPATH/CodeIgniter.php(502): CodeIgniter\CodeIgniter->runController(Object(App\Controllers\ManpowerInfo))
 8 SYSTEMPATH/CodeIgniter.php(361): CodeIgniter\CodeIgniter->handleRequest(null, Object(Config\Cache), false)
 9 FCPATH/index.php(79): CodeIgniter\CodeIgniter->run()
CRITICAL - 2024-06-29 15:39:27 --> Trying to access array offset on value of type null
in APPPATH/Controllers/RecruitmentInfo.php on line 797.
 1 APPPATH/Controllers/RecruitmentInfo.php(797): CodeIgniter\Debug\Exceptions->errorHandler(2, 'Trying to access array offset on value of type null', '/home/freelance/public_html/digitalflow/app/Controllers/RecruitmentInfo.php', 797)
 2 SYSTEMPATH/CodeIgniter.php(942): App\Controllers\RecruitmentInfo->designation('All Department')
 3 SYSTEMPATH/CodeIgniter.php(502): CodeIgniter\CodeIgniter->runController(Object(App\Controllers\RecruitmentInfo))
 4 SYSTEMPATH/CodeIgniter.php(361): CodeIgniter\CodeIgniter->handleRequest(null, Object(Config\Cache), false)
 5 FCPATH/index.php(79): CodeIgniter\CodeIgniter->run()
CRITICAL - 2024-06-29 15:39:30 --> Trying to access array offset on value of type null
in APPPATH/Controllers/RecruitmentInfo.php on line 797.
 1 APPPATH/Controllers/RecruitmentInfo.php(797): CodeIgniter\Debug\Exceptions->errorHandler(2, 'Trying to access array offset on value of type null', '/home/freelance/public_html/digitalflow/app/Controllers/RecruitmentInfo.php', 797)
 2 SYSTEMPATH/CodeIgniter.php(942): App\Controllers\RecruitmentInfo->designation('All Department')
 3 SYSTEMPATH/CodeIgniter.php(502): CodeIgniter\CodeIgniter->runController(Object(App\Controllers\RecruitmentInfo))
 4 SYSTEMPATH/CodeIgniter.php(361): CodeIgniter\CodeIgniter->handleRequest(null, Object(Config\Cache), false)
 5 FCPATH/index.php(79): CodeIgniter\CodeIgniter->run()
CRITICAL - 2024-06-29 15:54:05 --> Cannot redeclare App\Controllers\ManpowerInfo::reportsdefault()
in APPPATH/Controllers/ManpowerInfo.php on line 384.
 1 [internal function]: CodeIgniter\Debug\Exceptions->shutdownHandler()
CRITICAL - 2024-06-29 15:54:33 --> Cannot redeclare App\Controllers\ManpowerInfo::reportsdefault()
in APPPATH/Controllers/ManpowerInfo.php on line 384.
 1 [internal function]: CodeIgniter\Debug\Exceptions->shutdownHandler()
CRITICAL - 2024-06-29 15:54:45 --> Cannot redeclare App\Controllers\ManpowerInfo::reportsdefault()
in APPPATH/Controllers/ManpowerInfo.php on line 384.
 1 [internal function]: CodeIgniter\Debug\Exceptions->shutdownHandler()
CRITICAL - 2024-06-29 15:54:46 --> Cannot redeclare App\Controllers\ManpowerInfo::reportsdefault()
in APPPATH/Controllers/ManpowerInfo.php on line 384.
 1 [internal function]: CodeIgniter\Debug\Exceptions->shutdownHandler()
CRITICAL - 2024-06-29 15:55:52 --> Cannot redeclare App\Controllers\ManpowerInfo::reportsdefault()
in APPPATH/Controllers/ManpowerInfo.php on line 384.
 1 [internal function]: CodeIgniter\Debug\Exceptions->shutdownHandler()
CRITICAL - 2024-06-29 15:56:01 --> Cannot redeclare App\Controllers\ManpowerInfo::reportsdefault()
in APPPATH/Controllers/ManpowerInfo.php on line 384.
 1 [internal function]: CodeIgniter\Debug\Exceptions->shutdownHandler()
CRITICAL - 2024-06-29 15:58:22 --> Cannot redeclare App\Controllers\ManpowerInfo::reportsdefault()
in APPPATH/Controllers/ManpowerInfo.php on line 384.
 1 [internal function]: CodeIgniter\Debug\Exceptions->shutdownHandler()
CRITICAL - 2024-06-29 15:58:24 --> Cannot redeclare App\Controllers\ManpowerInfo::reportsdefault()
in APPPATH/Controllers/ManpowerInfo.php on line 384.
 1 [internal function]: CodeIgniter\Debug\Exceptions->shutdownHandler()
CRITICAL - 2024-06-29 15:59:16 --> Cannot redeclare App\Controllers\ManpowerInfo::reportsdefault()
in APPPATH/Controllers/ManpowerInfo.php on line 384.
 1 [internal function]: CodeIgniter\Debug\Exceptions->shutdownHandler()
CRITICAL - 2024-06-29 15:59:18 --> Cannot redeclare App\Controllers\ManpowerInfo::reportsdefault()
in APPPATH/Controllers/ManpowerInfo.php on line 384.
 1 [internal function]: CodeIgniter\Debug\Exceptions->shutdownHandler()
CRITICAL - 2024-06-29 15:59:42 --> Cannot redeclare App\Controllers\ManpowerInfo::reportsdefault()
in APPPATH/Controllers/ManpowerInfo.php on line 385.
 1 [internal function]: CodeIgniter\Debug\Exceptions->shutdownHandler()
CRITICAL - 2024-06-29 15:59:44 --> Cannot redeclare App\Controllers\ManpowerInfo::reportsdefault()
in APPPATH/Controllers/ManpowerInfo.php on line 385.
 1 [internal function]: CodeIgniter\Debug\Exceptions->shutdownHandler()
CRITICAL - 2024-06-29 16:14:39 --> view(): Argument #2 ($data) must be of type array, string given, called in /home/freelance/public_html/digitalflow/app/Controllers/ManpowerInfo.php on line 328
in SYSTEMPATH/Common.php on line 1178.
 1 APPPATH/Controllers/ManpowerInfo.php(328): view('manpower/reports', '')
 2 SYSTEMPATH/CodeIgniter.php(942): App\Controllers\ManpowerInfo->reportsdefault('VG5jOVBRPT0=')
 3 SYSTEMPATH/CodeIgniter.php(502): CodeIgniter\CodeIgniter->runController(Object(App\Controllers\ManpowerInfo))
 4 SYSTEMPATH/CodeIgniter.php(361): CodeIgniter\CodeIgniter->handleRequest(null, Object(Config\Cache), false)
 5 FCPATH/index.php(79): CodeIgniter\CodeIgniter->run()
CRITICAL - 2024-06-29 16:15:35 --> view(): Argument #2 ($data) must be of type array, string given, called in /home/freelance/public_html/digitalflow/app/Controllers/ManpowerInfo.php on line 328
in SYSTEMPATH/Common.php on line 1178.
 1 APPPATH/Controllers/ManpowerInfo.php(328): view('manpower/reports', '')
 2 SYSTEMPATH/CodeIgniter.php(942): App\Controllers\ManpowerInfo->reportsdefault('VG5jOVBRPT0=')
 3 SYSTEMPATH/CodeIgniter.php(502): CodeIgniter\CodeIgniter->runController(Object(App\Controllers\ManpowerInfo))
 4 SYSTEMPATH/CodeIgniter.php(361): CodeIgniter\CodeIgniter->handleRequest(null, Object(Config\Cache), false)
 5 FCPATH/index.php(79): CodeIgniter\CodeIgniter->run()
CRITICAL - 2024-06-29 16:15:42 --> view(): Argument #2 ($data) must be of type array, string given, called in /home/freelance/public_html/digitalflow/app/Controllers/ManpowerInfo.php on line 328
in SYSTEMPATH/Common.php on line 1178.
 1 APPPATH/Controllers/ManpowerInfo.php(328): view('manpower/reports', '')
 2 SYSTEMPATH/CodeIgniter.php(942): App\Controllers\ManpowerInfo->reportsdefault('VG1jOVBRPT0=')
 3 SYSTEMPATH/CodeIgniter.php(502): CodeIgniter\CodeIgniter->runController(Object(App\Controllers\ManpowerInfo))
 4 SYSTEMPATH/CodeIgniter.php(361): CodeIgniter\CodeIgniter->handleRequest(null, Object(Config\Cache), false)
 5 FCPATH/index.php(79): CodeIgniter\CodeIgniter->run()
CRITICAL - 2024-06-29 16:20:34 --> view(): Argument #2 ($data) must be of type array, string given, called in /home/freelance/public_html/digitalflow/app/Controllers/ManpowerInfo.php on line 328
in SYSTEMPATH/Common.php on line 1178.
 1 APPPATH/Controllers/ManpowerInfo.php(328): view('manpower/reports', '')
 2 SYSTEMPATH/CodeIgniter.php(942): App\Controllers\ManpowerInfo->reportsdefault('VG1jOVBRPT0=')
 3 SYSTEMPATH/CodeIgniter.php(502): CodeIgniter\CodeIgniter->runController(Object(App\Controllers\ManpowerInfo))
 4 SYSTEMPATH/CodeIgniter.php(361): CodeIgniter\CodeIgniter->handleRequest(null, Object(Config\Cache), false)
 5 FCPATH/index.php(79): CodeIgniter\CodeIgniter->run()
CRITICAL - 2024-06-29 16:20:44 --> view(): Argument #2 ($data) must be of type array, string given, called in /home/freelance/public_html/digitalflow/app/Controllers/ManpowerInfo.php on line 328
in SYSTEMPATH/Common.php on line 1178.
 1 APPPATH/Controllers/ManpowerInfo.php(328): view('manpower/reports', '')
 2 SYSTEMPATH/CodeIgniter.php(942): App\Controllers\ManpowerInfo->reportsdefault('VG1jOVBRPT0=')
 3 SYSTEMPATH/CodeIgniter.php(502): CodeIgniter\CodeIgniter->runController(Object(App\Controllers\ManpowerInfo))
 4 SYSTEMPATH/CodeIgniter.php(361): CodeIgniter\CodeIgniter->handleRequest(null, Object(Config\Cache), false)
 5 FCPATH/index.php(79): CodeIgniter\CodeIgniter->run()
CRITICAL - 2024-06-29 16:22:58 --> Invalid file: "manpower/reports.php"
in SYSTEMPATH/Exceptions/FrameworkException.php on line 39.
 1 SYSTEMPATH/View/View.php(216): CodeIgniter\Exceptions\FrameworkException::forInvalidFile('manpower/reports.php')
 2 SYSTEMPATH/Common.php(1190): CodeIgniter\View\View->render('manpower/reports', [], true)
 3 APPPATH/Controllers/ManpowerInfo.php(328): view('manpower/reports')
 4 SYSTEMPATH/CodeIgniter.php(942): App\Controllers\ManpowerInfo->reportsdefault('VG1jOVBRPT0=')
 5 SYSTEMPATH/CodeIgniter.php(502): CodeIgniter\CodeIgniter->runController(Object(App\Controllers\ManpowerInfo))
 6 SYSTEMPATH/CodeIgniter.php(361): CodeIgniter\CodeIgniter->handleRequest(null, Object(Config\Cache), false)
 7 FCPATH/index.php(79): CodeIgniter\CodeIgniter->run()
CRITICAL - 2024-06-29 16:26:12 --> Invalid file: "manpower/reports.php"
in SYSTEMPATH/Exceptions/FrameworkException.php on line 39.
 1 SYSTEMPATH/View/View.php(216): CodeIgniter\Exceptions\FrameworkException::forInvalidFile('manpower/reports.php')
 2 SYSTEMPATH/Common.php(1190): CodeIgniter\View\View->render('manpower/reports', [], true)
 3 APPPATH/Controllers/ManpowerInfo.php(328): view('manpower/reports')
 4 SYSTEMPATH/CodeIgniter.php(942): App\Controllers\ManpowerInfo->reportsdefault('VG1jOVBRPT0=')
 5 SYSTEMPATH/CodeIgniter.php(502): CodeIgniter\CodeIgniter->runController(Object(App\Controllers\ManpowerInfo))
 6 SYSTEMPATH/CodeIgniter.php(361): CodeIgniter\CodeIgniter->handleRequest(null, Object(Config\Cache), false)
 7 FCPATH/index.php(79): CodeIgniter\CodeIgniter->run()
CRITICAL - 2024-06-29 16:26:14 --> Invalid file: "manpower/reports.php"
in SYSTEMPATH/Exceptions/FrameworkException.php on line 39.
 1 SYSTEMPATH/View/View.php(216): CodeIgniter\Exceptions\FrameworkException::forInvalidFile('manpower/reports.php')
 2 SYSTEMPATH/Common.php(1190): CodeIgniter\View\View->render('manpower/reports', [], true)
 3 APPPATH/Controllers/ManpowerInfo.php(328): view('manpower/reports')
 4 SYSTEMPATH/CodeIgniter.php(942): App\Controllers\ManpowerInfo->reportsdefault('VG1jOVBRPT0=')
 5 SYSTEMPATH/CodeIgniter.php(502): CodeIgniter\CodeIgniter->runController(Object(App\Controllers\ManpowerInfo))
 6 SYSTEMPATH/CodeIgniter.php(361): CodeIgniter\CodeIgniter->handleRequest(null, Object(Config\Cache), false)
 7 FCPATH/index.php(79): CodeIgniter\CodeIgniter->run()
CRITICAL - 2024-06-29 16:26:42 --> Invalid file: "manpower/reports.php"
in SYSTEMPATH/Exceptions/FrameworkException.php on line 39.
 1 SYSTEMPATH/View/View.php(216): CodeIgniter\Exceptions\FrameworkException::forInvalidFile('manpower/reports.php')
 2 SYSTEMPATH/Common.php(1190): CodeIgniter\View\View->render('manpower/reports', [], true)
 3 APPPATH/Controllers/ManpowerInfo.php(328): view('manpower/reports')
 4 SYSTEMPATH/CodeIgniter.php(942): App\Controllers\ManpowerInfo->reportsdefault('VG5jOVBRPT0=')
 5 SYSTEMPATH/CodeIgniter.php(502): CodeIgniter\CodeIgniter->runController(Object(App\Controllers\ManpowerInfo))
 6 SYSTEMPATH/CodeIgniter.php(361): CodeIgniter\CodeIgniter->handleRequest(null, Object(Config\Cache), false)
 7 FCPATH/index.php(79): CodeIgniter\CodeIgniter->run()
