ERROR - 2024-04-04 05:35:58 --> mysqli_sql_exception: Column 'blood_bank_message' cannot be null in C:\xampp\htdocs\bloodbank_ci4\system\Database\MySQLi\Connection.php:306
Stack trace:
#0 C:\xampp\htdocs\bloodbank_ci4\system\Database\MySQLi\Connection.php(306): mysqli->query('INSERT INTO `do...', 0)
#1 C:\xampp\htdocs\bloodbank_ci4\system\Database\BaseConnection.php(693): CodeIgniter\Database\MySQLi\Connection->execute('INSERT INTO `do...')
#2 C:\xampp\htdocs\bloodbank_ci4\system\Database\BaseConnection.php(607): CodeIgniter\Database\BaseConnection->simpleQuery('INSERT INTO `do...')
#3 C:\xampp\htdocs\bloodbank_ci4\system\Database\BaseBuilder.php(2308): CodeIgniter\Database\BaseConnection->query('INSERT INTO `do...', Array, false)
#4 C:\xampp\htdocs\bloodbank_ci4\system\Model.php(319): CodeIgniter\Database\BaseBuilder->insert()
#5 C:\xampp\htdocs\bloodbank_ci4\system\BaseModel.php(788): CodeIgniter\Model->doInsert(Array)
#6 C:\xampp\htdocs\bloodbank_ci4\system\Model.php(715): CodeIgniter\BaseModel->insert(Array, false)
#7 C:\xampp\htdocs\bloodbank_ci4\system\BaseModel.php(698): CodeIgniter\Model->insert(Array, false)
#8 C:\xampp\htdocs\bloodbank_ci4\app\Controllers\BloodDonors.php(48): CodeIgniter\BaseModel->save(Array)
#9 C:\xampp\htdocs\bloodbank_ci4\system\CodeIgniter.php(942): App\Controllers\BloodDonors->add_donor()
#10 C:\xampp\htdocs\bloodbank_ci4\system\CodeIgniter.php(502): CodeIgniter\CodeIgniter->runController(Object(App\Controllers\BloodDonors))
#11 C:\xampp\htdocs\bloodbank_ci4\system\CodeIgniter.php(361): CodeIgniter\CodeIgniter->handleRequest(NULL, Object(Config\Cache), false)
#12 C:\xampp\htdocs\bloodbank_ci4\index.php(79): CodeIgniter\CodeIgniter->run()
#13 {main}
CRITICAL - 2024-04-04 05:35:58 --> Column 'blood_bank_message' cannot be null
in SYSTEMPATH\Database\BaseConnection.php on line 647.
 1 SYSTEMPATH\Database\BaseBuilder.php(2308): CodeIgniter\Database\BaseConnection->query('INSERT INTO `donors` (`fullname`, `address`, `email`, `phone_number`, `blood_group`, `dob`, `donated_count`, `blood_bank_message`) VALUES (:fullname:, :address:, :email:, :phone_number:, :blood_group:, :dob:, :donated_count:, :blood_bank_message:)', [...], false)
 2 SYSTEMPATH\Model.php(319): CodeIgniter\Database\BaseBuilder->insert()
 3 SYSTEMPATH\BaseModel.php(788): CodeIgniter\Model->doInsert([...])
 4 SYSTEMPATH\Model.php(715): CodeIgniter\BaseModel->insert([...], false)
 5 SYSTEMPATH\BaseModel.php(698): CodeIgniter\Model->insert([...], false)
 6 APPPATH\Controllers\BloodDonors.php(48): CodeIgniter\BaseModel->save([...])
 7 SYSTEMPATH\CodeIgniter.php(942): App\Controllers\BloodDonors->add_donor()
 8 SYSTEMPATH\CodeIgniter.php(502): CodeIgniter\CodeIgniter->runController(Object(App\Controllers\BloodDonors))
 9 SYSTEMPATH\CodeIgniter.php(361): CodeIgniter\CodeIgniter->handleRequest(null, Object(Config\Cache), false)
10 FCPATH\index.php(79): CodeIgniter\CodeIgniter->run()
CRITICAL - 2024-04-04 05:44:05 --> Undefined variable $data
in APPPATH\Views\users\edit_donor.php on line 96.
 1 APPPATH\Views\users\edit_donor.php(96): CodeIgniter\Debug\Exceptions->errorHandler(2, 'Undefined variable $data', 'C:\\xampp\\htdocs\\bloodbank_ci4\\app\\Views\\users\\edit_donor.php', 96)
 2 SYSTEMPATH\View\View.php(228): include('C:\\xampp\\htdocs\\bloodbank_ci4\\app\\Views\\users\\edit_donor.php')
 3 SYSTEMPATH\View\View.php(231): CodeIgniter\View\View->CodeIgniter\View\{closure}()
 4 SYSTEMPATH\Common.php(1190): CodeIgniter\View\View->render('users/edit_donor', [], true)
 5 APPPATH\Controllers\BloodDonors.php(61): view('users/edit_donor', [...])
 6 SYSTEMPATH\CodeIgniter.php(942): App\Controllers\BloodDonors->edit_donor('1')
 7 SYSTEMPATH\CodeIgniter.php(502): CodeIgniter\CodeIgniter->runController(Object(App\Controllers\BloodDonors))
 8 SYSTEMPATH\CodeIgniter.php(361): CodeIgniter\CodeIgniter->handleRequest(null, Object(Config\Cache), false)
 9 FCPATH\index.php(79): CodeIgniter\CodeIgniter->run()
CRITICAL - 2024-04-04 05:44:07 --> Undefined variable $data
in APPPATH\Views\users\edit_donor.php on line 96.
 1 APPPATH\Views\users\edit_donor.php(96): CodeIgniter\Debug\Exceptions->errorHandler(2, 'Undefined variable $data', 'C:\\xampp\\htdocs\\bloodbank_ci4\\app\\Views\\users\\edit_donor.php', 96)
 2 SYSTEMPATH\View\View.php(228): include('C:\\xampp\\htdocs\\bloodbank_ci4\\app\\Views\\users\\edit_donor.php')
 3 SYSTEMPATH\View\View.php(231): CodeIgniter\View\View->CodeIgniter\View\{closure}()
 4 SYSTEMPATH\Common.php(1190): CodeIgniter\View\View->render('users/edit_donor', [], true)
 5 APPPATH\Controllers\BloodDonors.php(61): view('users/edit_donor', [...])
 6 SYSTEMPATH\CodeIgniter.php(942): App\Controllers\BloodDonors->edit_donor('1')
 7 SYSTEMPATH\CodeIgniter.php(502): CodeIgniter\CodeIgniter->runController(Object(App\Controllers\BloodDonors))
 8 SYSTEMPATH\CodeIgniter.php(361): CodeIgniter\CodeIgniter->handleRequest(null, Object(Config\Cache), false)
 9 FCPATH\index.php(79): CodeIgniter\CodeIgniter->run()
CRITICAL - 2024-04-04 08:56:03 --> require_once(C:\xampp\htdocs\bloodbank_ci4\app\Controllers/app/vendor/autoload.php): Failed to open stream: No such file or directory
in APPPATH\Controllers\BloodDonors.php on line 6.
 1 APPPATH\Controllers\BloodDonors.php(6): CodeIgniter\Debug\Exceptions->errorHandler(2, 'require_once(C:\\xampp\\htdocs\\bloodbank_ci4\\app\\Controllers/app/vendor/autoload.php): Failed to open stream: No such file or directory', 'C:\\xampp\\htdocs\\bloodbank_ci4\\app\\Controllers\\BloodDonors.php', 6)
 2 APPPATH\Controllers\BloodDonors.php(6): require_once()
 3 SYSTEMPATH\Autoloader\Autoloader.php(312): include_once('C:\\xampp\\htdocs\\bloodbank_ci4\\app\\Controllers\\BloodDonors.php')
 4 SYSTEMPATH\Autoloader\Autoloader.php(291): CodeIgniter\Autoloader\Autoloader->includeFile('C:\\xampp\\htdocs\\bloodbank_ci4\\app\\Controllers\\BloodDonors.php')
 5 SYSTEMPATH\Autoloader\Autoloader.php(269): CodeIgniter\Autoloader\Autoloader->loadInNamespace('App\\Controllers\\BloodDonors')
 6 [internal function]: CodeIgniter\Autoloader\Autoloader->loadClass('App\\Controllers\\BloodDonors')
 7 SYSTEMPATH\CodeIgniter.php(900): class_exists('\\App\\Controllers\\BloodDonors', true)
 8 SYSTEMPATH\CodeIgniter.php(489): CodeIgniter\CodeIgniter->startController()
 9 SYSTEMPATH\CodeIgniter.php(361): CodeIgniter\CodeIgniter->handleRequest(null, Object(Config\Cache), false)
10 FCPATH\index.php(79): CodeIgniter\CodeIgniter->run()
CRITICAL - 2024-04-04 08:56:03 --> require_once(C:\xampp\htdocs\bloodbank_ci4\app\Controllers/app/vendor/autoload.php): Failed to open stream: No such file or directory
in APPPATH\Controllers\BloodDonors.php on line 6.
 1 APPPATH\Controllers\BloodDonors.php(6): CodeIgniter\Debug\Exceptions->errorHandler(2, 'require_once(C:\\xampp\\htdocs\\bloodbank_ci4\\app\\Controllers/app/vendor/autoload.php): Failed to open stream: No such file or directory', 'C:\\xampp\\htdocs\\bloodbank_ci4\\app\\Controllers\\BloodDonors.php', 6)
 2 APPPATH\Controllers\BloodDonors.php(6): require_once()
 3 SYSTEMPATH\Autoloader\Autoloader.php(312): include_once('C:\\xampp\\htdocs\\bloodbank_ci4\\app\\Controllers\\BloodDonors.php')
 4 SYSTEMPATH\Autoloader\Autoloader.php(291): CodeIgniter\Autoloader\Autoloader->includeFile('C:\\xampp\\htdocs\\bloodbank_ci4\\app\\Controllers\\BloodDonors.php')
 5 SYSTEMPATH\Autoloader\Autoloader.php(269): CodeIgniter\Autoloader\Autoloader->loadInNamespace('App\\Controllers\\BloodDonors')
 6 [internal function]: CodeIgniter\Autoloader\Autoloader->loadClass('App\\Controllers\\BloodDonors')
 7 SYSTEMPATH\CodeIgniter.php(900): class_exists('\\App\\Controllers\\BloodDonors', true)
 8 SYSTEMPATH\CodeIgniter.php(489): CodeIgniter\CodeIgniter->startController()
 9 SYSTEMPATH\CodeIgniter.php(361): CodeIgniter\CodeIgniter->handleRequest(null, Object(Config\Cache), false)
10 FCPATH\index.php(79): CodeIgniter\CodeIgniter->run()
CRITICAL - 2024-04-04 08:56:09 --> require_once(C:\xampp\htdocs\bloodbank_ci4\app\Controllers/app/vendor/autoload.php): Failed to open stream: No such file or directory
in APPPATH\Controllers\BloodDonors.php on line 6.
 1 APPPATH\Controllers\BloodDonors.php(6): CodeIgniter\Debug\Exceptions->errorHandler(2, 'require_once(C:\\xampp\\htdocs\\bloodbank_ci4\\app\\Controllers/app/vendor/autoload.php): Failed to open stream: No such file or directory', 'C:\\xampp\\htdocs\\bloodbank_ci4\\app\\Controllers\\BloodDonors.php', 6)
 2 APPPATH\Controllers\BloodDonors.php(6): require_once()
 3 SYSTEMPATH\Autoloader\Autoloader.php(312): include_once('C:\\xampp\\htdocs\\bloodbank_ci4\\app\\Controllers\\BloodDonors.php')
 4 SYSTEMPATH\Autoloader\Autoloader.php(291): CodeIgniter\Autoloader\Autoloader->includeFile('C:\\xampp\\htdocs\\bloodbank_ci4\\app\\Controllers\\BloodDonors.php')
 5 SYSTEMPATH\Autoloader\Autoloader.php(269): CodeIgniter\Autoloader\Autoloader->loadInNamespace('App\\Controllers\\BloodDonors')
 6 [internal function]: CodeIgniter\Autoloader\Autoloader->loadClass('App\\Controllers\\BloodDonors')
 7 SYSTEMPATH\CodeIgniter.php(900): class_exists('\\App\\Controllers\\BloodDonors', true)
 8 SYSTEMPATH\CodeIgniter.php(489): CodeIgniter\CodeIgniter->startController()
 9 SYSTEMPATH\CodeIgniter.php(361): CodeIgniter\CodeIgniter->handleRequest(null, Object(Config\Cache), false)
10 FCPATH\index.php(79): CodeIgniter\CodeIgniter->run()
CRITICAL - 2024-04-04 08:58:05 --> syntax error, unexpected token "catch", expecting "function" or "const"
in APPPATH\Controllers\BloodDonors.php on line 131.
 1 SYSTEMPATH\Autoloader\Autoloader.php(291): CodeIgniter\Autoloader\Autoloader->includeFile('C:\\xampp\\htdocs\\bloodbank_ci4\\app\\Controllers\\BloodDonors.php')
 2 SYSTEMPATH\Autoloader\Autoloader.php(269): CodeIgniter\Autoloader\Autoloader->loadInNamespace('App\\Controllers\\BloodDonors')
 3 [internal function]: CodeIgniter\Autoloader\Autoloader->loadClass('App\\Controllers\\BloodDonors')
 4 SYSTEMPATH\CodeIgniter.php(900): class_exists('\\App\\Controllers\\BloodDonors', true)
 5 SYSTEMPATH\CodeIgniter.php(489): CodeIgniter\CodeIgniter->startController()
 6 SYSTEMPATH\CodeIgniter.php(361): CodeIgniter\CodeIgniter->handleRequest(null, Object(Config\Cache), false)
 7 FCPATH\index.php(79): CodeIgniter\CodeIgniter->run()
CRITICAL - 2024-04-04 08:58:20 --> syntax error, unexpected token "catch", expecting "function" or "const"
in APPPATH\Controllers\BloodDonors.php on line 131.
 1 SYSTEMPATH\Autoloader\Autoloader.php(291): CodeIgniter\Autoloader\Autoloader->includeFile('C:\\xampp\\htdocs\\bloodbank_ci4\\app\\Controllers\\BloodDonors.php')
 2 SYSTEMPATH\Autoloader\Autoloader.php(269): CodeIgniter\Autoloader\Autoloader->loadInNamespace('App\\Controllers\\BloodDonors')
 3 [internal function]: CodeIgniter\Autoloader\Autoloader->loadClass('App\\Controllers\\BloodDonors')
 4 SYSTEMPATH\CodeIgniter.php(900): class_exists('\\App\\Controllers\\BloodDonors', true)
 5 SYSTEMPATH\CodeIgniter.php(489): CodeIgniter\CodeIgniter->startController()
 6 SYSTEMPATH\CodeIgniter.php(361): CodeIgniter\CodeIgniter->handleRequest(null, Object(Config\Cache), false)
 7 FCPATH\index.php(79): CodeIgniter\CodeIgniter->run()
CRITICAL - 2024-04-04 08:58:21 --> syntax error, unexpected token "catch", expecting "function" or "const"
in APPPATH\Controllers\BloodDonors.php on line 131.
 1 SYSTEMPATH\Autoloader\Autoloader.php(291): CodeIgniter\Autoloader\Autoloader->includeFile('C:\\xampp\\htdocs\\bloodbank_ci4\\app\\Controllers\\BloodDonors.php')
 2 SYSTEMPATH\Autoloader\Autoloader.php(269): CodeIgniter\Autoloader\Autoloader->loadInNamespace('App\\Controllers\\BloodDonors')
 3 [internal function]: CodeIgniter\Autoloader\Autoloader->loadClass('App\\Controllers\\BloodDonors')
 4 SYSTEMPATH\CodeIgniter.php(900): class_exists('\\App\\Controllers\\BloodDonors', true)
 5 SYSTEMPATH\CodeIgniter.php(489): CodeIgniter\CodeIgniter->startController()
 6 SYSTEMPATH\CodeIgniter.php(361): CodeIgniter\CodeIgniter->handleRequest(null, Object(Config\Cache), false)
 7 FCPATH\index.php(79): CodeIgniter\CodeIgniter->run()
CRITICAL - 2024-04-04 08:58:25 --> syntax error, unexpected token "catch", expecting "function" or "const"
in APPPATH\Controllers\BloodDonors.php on line 131.
 1 SYSTEMPATH\Autoloader\Autoloader.php(291): CodeIgniter\Autoloader\Autoloader->includeFile('C:\\xampp\\htdocs\\bloodbank_ci4\\app\\Controllers\\BloodDonors.php')
 2 SYSTEMPATH\Autoloader\Autoloader.php(269): CodeIgniter\Autoloader\Autoloader->loadInNamespace('App\\Controllers\\BloodDonors')
 3 [internal function]: CodeIgniter\Autoloader\Autoloader->loadClass('App\\Controllers\\BloodDonors')
 4 SYSTEMPATH\CodeIgniter.php(900): class_exists('\\App\\Controllers\\BloodDonors', true)
 5 SYSTEMPATH\CodeIgniter.php(489): CodeIgniter\CodeIgniter->startController()
 6 SYSTEMPATH\CodeIgniter.php(361): CodeIgniter\CodeIgniter->handleRequest(null, Object(Config\Cache), false)
 7 FCPATH\index.php(79): CodeIgniter\CodeIgniter->run()
CRITICAL - 2024-04-04 09:00:23 --> syntax error, unexpected token "catch", expecting "function" or "const"
in APPPATH\Controllers\BloodDonors.php on line 133.
 1 SYSTEMPATH\Autoloader\Autoloader.php(291): CodeIgniter\Autoloader\Autoloader->includeFile('C:\\xampp\\htdocs\\bloodbank_ci4\\app\\Controllers\\BloodDonors.php')
 2 SYSTEMPATH\Autoloader\Autoloader.php(269): CodeIgniter\Autoloader\Autoloader->loadInNamespace('App\\Controllers\\BloodDonors')
 3 [internal function]: CodeIgniter\Autoloader\Autoloader->loadClass('App\\Controllers\\BloodDonors')
 4 SYSTEMPATH\CodeIgniter.php(900): class_exists('\\App\\Controllers\\BloodDonors', true)
 5 SYSTEMPATH\CodeIgniter.php(489): CodeIgniter\CodeIgniter->startController()
 6 SYSTEMPATH\CodeIgniter.php(361): CodeIgniter\CodeIgniter->handleRequest(null, Object(Config\Cache), false)
 7 FCPATH\index.php(79): CodeIgniter\CodeIgniter->run()
CRITICAL - 2024-04-04 09:00:48 --> require_once(C:\xampp\htdocs\bloodbank_ci4\app\Controllers/vendor/autoload.php): Failed to open stream: No such file or directory
in APPPATH\Controllers\BloodDonors.php on line 6.
 1 APPPATH\Controllers\BloodDonors.php(6): CodeIgniter\Debug\Exceptions->errorHandler(2, 'require_once(C:\\xampp\\htdocs\\bloodbank_ci4\\app\\Controllers/vendor/autoload.php): Failed to open stream: No such file or directory', 'C:\\xampp\\htdocs\\bloodbank_ci4\\app\\Controllers\\BloodDonors.php', 6)
 2 APPPATH\Controllers\BloodDonors.php(6): require_once()
 3 SYSTEMPATH\Autoloader\Autoloader.php(312): include_once('C:\\xampp\\htdocs\\bloodbank_ci4\\app\\Controllers\\BloodDonors.php')
 4 SYSTEMPATH\Autoloader\Autoloader.php(291): CodeIgniter\Autoloader\Autoloader->includeFile('C:\\xampp\\htdocs\\bloodbank_ci4\\app\\Controllers\\BloodDonors.php')
 5 SYSTEMPATH\Autoloader\Autoloader.php(269): CodeIgniter\Autoloader\Autoloader->loadInNamespace('App\\Controllers\\BloodDonors')
 6 [internal function]: CodeIgniter\Autoloader\Autoloader->loadClass('App\\Controllers\\BloodDonors')
 7 SYSTEMPATH\CodeIgniter.php(900): class_exists('\\App\\Controllers\\BloodDonors', true)
 8 SYSTEMPATH\CodeIgniter.php(489): CodeIgniter\CodeIgniter->startController()
 9 SYSTEMPATH\CodeIgniter.php(361): CodeIgniter\CodeIgniter->handleRequest(null, Object(Config\Cache), false)
10 FCPATH\index.php(79): CodeIgniter\CodeIgniter->run()
CRITICAL - 2024-04-04 09:00:49 --> require_once(C:\xampp\htdocs\bloodbank_ci4\app\Controllers/vendor/autoload.php): Failed to open stream: No such file or directory
in APPPATH\Controllers\BloodDonors.php on line 6.
 1 APPPATH\Controllers\BloodDonors.php(6): CodeIgniter\Debug\Exceptions->errorHandler(2, 'require_once(C:\\xampp\\htdocs\\bloodbank_ci4\\app\\Controllers/vendor/autoload.php): Failed to open stream: No such file or directory', 'C:\\xampp\\htdocs\\bloodbank_ci4\\app\\Controllers\\BloodDonors.php', 6)
 2 APPPATH\Controllers\BloodDonors.php(6): require_once()
 3 SYSTEMPATH\Autoloader\Autoloader.php(312): include_once('C:\\xampp\\htdocs\\bloodbank_ci4\\app\\Controllers\\BloodDonors.php')
 4 SYSTEMPATH\Autoloader\Autoloader.php(291): CodeIgniter\Autoloader\Autoloader->includeFile('C:\\xampp\\htdocs\\bloodbank_ci4\\app\\Controllers\\BloodDonors.php')
 5 SYSTEMPATH\Autoloader\Autoloader.php(269): CodeIgniter\Autoloader\Autoloader->loadInNamespace('App\\Controllers\\BloodDonors')
 6 [internal function]: CodeIgniter\Autoloader\Autoloader->loadClass('App\\Controllers\\BloodDonors')
 7 SYSTEMPATH\CodeIgniter.php(900): class_exists('\\App\\Controllers\\BloodDonors', true)
 8 SYSTEMPATH\CodeIgniter.php(489): CodeIgniter\CodeIgniter->startController()
 9 SYSTEMPATH\CodeIgniter.php(361): CodeIgniter\CodeIgniter->handleRequest(null, Object(Config\Cache), false)
10 FCPATH\index.php(79): CodeIgniter\CodeIgniter->run()
CRITICAL - 2024-04-04 09:00:49 --> require_once(C:\xampp\htdocs\bloodbank_ci4\app\Controllers/vendor/autoload.php): Failed to open stream: No such file or directory
in APPPATH\Controllers\BloodDonors.php on line 6.
 1 APPPATH\Controllers\BloodDonors.php(6): CodeIgniter\Debug\Exceptions->errorHandler(2, 'require_once(C:\\xampp\\htdocs\\bloodbank_ci4\\app\\Controllers/vendor/autoload.php): Failed to open stream: No such file or directory', 'C:\\xampp\\htdocs\\bloodbank_ci4\\app\\Controllers\\BloodDonors.php', 6)
 2 APPPATH\Controllers\BloodDonors.php(6): require_once()
 3 SYSTEMPATH\Autoloader\Autoloader.php(312): include_once('C:\\xampp\\htdocs\\bloodbank_ci4\\app\\Controllers\\BloodDonors.php')
 4 SYSTEMPATH\Autoloader\Autoloader.php(291): CodeIgniter\Autoloader\Autoloader->includeFile('C:\\xampp\\htdocs\\bloodbank_ci4\\app\\Controllers\\BloodDonors.php')
 5 SYSTEMPATH\Autoloader\Autoloader.php(269): CodeIgniter\Autoloader\Autoloader->loadInNamespace('App\\Controllers\\BloodDonors')
 6 [internal function]: CodeIgniter\Autoloader\Autoloader->loadClass('App\\Controllers\\BloodDonors')
 7 SYSTEMPATH\CodeIgniter.php(900): class_exists('\\App\\Controllers\\BloodDonors', true)
 8 SYSTEMPATH\CodeIgniter.php(489): CodeIgniter\CodeIgniter->startController()
 9 SYSTEMPATH\CodeIgniter.php(361): CodeIgniter\CodeIgniter->handleRequest(null, Object(Config\Cache), false)
10 FCPATH\index.php(79): CodeIgniter\CodeIgniter->run()
CRITICAL - 2024-04-04 09:01:12 --> require_once(C:\xampp\htdocs\bloodbank_ci4\app\Controllers/vendor/autoload.php): Failed to open stream: No such file or directory
in APPPATH\Controllers\BloodDonors.php on line 6.
 1 APPPATH\Controllers\BloodDonors.php(6): CodeIgniter\Debug\Exceptions->errorHandler(2, 'require_once(C:\\xampp\\htdocs\\bloodbank_ci4\\app\\Controllers/vendor/autoload.php): Failed to open stream: No such file or directory', 'C:\\xampp\\htdocs\\bloodbank_ci4\\app\\Controllers\\BloodDonors.php', 6)
 2 APPPATH\Controllers\BloodDonors.php(6): require_once()
 3 SYSTEMPATH\Autoloader\Autoloader.php(312): include_once('C:\\xampp\\htdocs\\bloodbank_ci4\\app\\Controllers\\BloodDonors.php')
 4 SYSTEMPATH\Autoloader\Autoloader.php(291): CodeIgniter\Autoloader\Autoloader->includeFile('C:\\xampp\\htdocs\\bloodbank_ci4\\app\\Controllers\\BloodDonors.php')
 5 SYSTEMPATH\Autoloader\Autoloader.php(269): CodeIgniter\Autoloader\Autoloader->loadInNamespace('App\\Controllers\\BloodDonors')
 6 [internal function]: CodeIgniter\Autoloader\Autoloader->loadClass('App\\Controllers\\BloodDonors')
 7 SYSTEMPATH\CodeIgniter.php(900): class_exists('\\App\\Controllers\\BloodDonors', true)
 8 SYSTEMPATH\CodeIgniter.php(489): CodeIgniter\CodeIgniter->startController()
 9 SYSTEMPATH\CodeIgniter.php(361): CodeIgniter\CodeIgniter->handleRequest(null, Object(Config\Cache), false)
10 FCPATH\index.php(79): CodeIgniter\CodeIgniter->run()
CRITICAL - 2024-04-04 09:01:12 --> require_once(C:\xampp\htdocs\bloodbank_ci4\app\Controllers/vendor/autoload.php): Failed to open stream: No such file or directory
in APPPATH\Controllers\BloodDonors.php on line 6.
 1 APPPATH\Controllers\BloodDonors.php(6): CodeIgniter\Debug\Exceptions->errorHandler(2, 'require_once(C:\\xampp\\htdocs\\bloodbank_ci4\\app\\Controllers/vendor/autoload.php): Failed to open stream: No such file or directory', 'C:\\xampp\\htdocs\\bloodbank_ci4\\app\\Controllers\\BloodDonors.php', 6)
 2 APPPATH\Controllers\BloodDonors.php(6): require_once()
 3 SYSTEMPATH\Autoloader\Autoloader.php(312): include_once('C:\\xampp\\htdocs\\bloodbank_ci4\\app\\Controllers\\BloodDonors.php')
 4 SYSTEMPATH\Autoloader\Autoloader.php(291): CodeIgniter\Autoloader\Autoloader->includeFile('C:\\xampp\\htdocs\\bloodbank_ci4\\app\\Controllers\\BloodDonors.php')
 5 SYSTEMPATH\Autoloader\Autoloader.php(269): CodeIgniter\Autoloader\Autoloader->loadInNamespace('App\\Controllers\\BloodDonors')
 6 [internal function]: CodeIgniter\Autoloader\Autoloader->loadClass('App\\Controllers\\BloodDonors')
 7 SYSTEMPATH\CodeIgniter.php(900): class_exists('\\App\\Controllers\\BloodDonors', true)
 8 SYSTEMPATH\CodeIgniter.php(489): CodeIgniter\CodeIgniter->startController()
 9 SYSTEMPATH\CodeIgniter.php(361): CodeIgniter\CodeIgniter->handleRequest(null, Object(Config\Cache), false)
10 FCPATH\index.php(79): CodeIgniter\CodeIgniter->run()
CRITICAL - 2024-04-04 09:01:21 --> Class "App\Controllers\BloodBankModel" not found
in APPPATH\Controllers\BloodDonors.php on line 110.
 1 SYSTEMPATH\CodeIgniter.php(942): App\Controllers\BloodDonors->request('1')
 2 SYSTEMPATH\CodeIgniter.php(502): CodeIgniter\CodeIgniter->runController(Object(App\Controllers\BloodDonors))
 3 SYSTEMPATH\CodeIgniter.php(361): CodeIgniter\CodeIgniter->handleRequest(null, Object(Config\Cache), false)
 4 FCPATH\index.php(79): CodeIgniter\CodeIgniter->run()
CRITICAL - 2024-04-04 09:01:47 --> syntax error, unexpected token "catch", expecting "function" or "const"
in APPPATH\Controllers\BloodDonors.php on line 133.
 1 SYSTEMPATH\Autoloader\Autoloader.php(291): CodeIgniter\Autoloader\Autoloader->includeFile('C:\\xampp\\htdocs\\bloodbank_ci4\\app\\Controllers\\BloodDonors.php')
 2 SYSTEMPATH\Autoloader\Autoloader.php(269): CodeIgniter\Autoloader\Autoloader->loadInNamespace('App\\Controllers\\BloodDonors')
 3 [internal function]: CodeIgniter\Autoloader\Autoloader->loadClass('App\\Controllers\\BloodDonors')
 4 SYSTEMPATH\CodeIgniter.php(900): class_exists('\\App\\Controllers\\BloodDonors', true)
 5 SYSTEMPATH\CodeIgniter.php(489): CodeIgniter\CodeIgniter->startController()
 6 SYSTEMPATH\CodeIgniter.php(361): CodeIgniter\CodeIgniter->handleRequest(null, Object(Config\Cache), false)
 7 FCPATH\index.php(79): CodeIgniter\CodeIgniter->run()
CRITICAL - 2024-04-04 09:01:48 --> syntax error, unexpected token "catch", expecting "function" or "const"
in APPPATH\Controllers\BloodDonors.php on line 133.
 1 SYSTEMPATH\Autoloader\Autoloader.php(291): CodeIgniter\Autoloader\Autoloader->includeFile('C:\\xampp\\htdocs\\bloodbank_ci4\\app\\Controllers\\BloodDonors.php')
 2 SYSTEMPATH\Autoloader\Autoloader.php(269): CodeIgniter\Autoloader\Autoloader->loadInNamespace('App\\Controllers\\BloodDonors')
 3 [internal function]: CodeIgniter\Autoloader\Autoloader->loadClass('App\\Controllers\\BloodDonors')
 4 SYSTEMPATH\CodeIgniter.php(900): class_exists('\\App\\Controllers\\BloodDonors', true)
 5 SYSTEMPATH\CodeIgniter.php(489): CodeIgniter\CodeIgniter->startController()
 6 SYSTEMPATH\CodeIgniter.php(361): CodeIgniter\CodeIgniter->handleRequest(null, Object(Config\Cache), false)
 7 FCPATH\index.php(79): CodeIgniter\CodeIgniter->run()
CRITICAL - 2024-04-04 09:03:16 --> Class "App\Controllers\BloodBankModel" not found
in APPPATH\Controllers\BloodDonors.php on line 110.
 1 SYSTEMPATH\CodeIgniter.php(942): App\Controllers\BloodDonors->request('2')
 2 SYSTEMPATH\CodeIgniter.php(502): CodeIgniter\CodeIgniter->runController(Object(App\Controllers\BloodDonors))
 3 SYSTEMPATH\CodeIgniter.php(361): CodeIgniter\CodeIgniter->handleRequest(null, Object(Config\Cache), false)
 4 FCPATH\index.php(79): CodeIgniter\CodeIgniter->run()
CRITICAL - 2024-04-04 09:04:40 --> Class "App\Controllers\BloodBankModel" not found
in APPPATH\Controllers\BloodDonors.php on line 110.
 1 SYSTEMPATH\CodeIgniter.php(942): App\Controllers\BloodDonors->request('2')
 2 SYSTEMPATH\CodeIgniter.php(502): CodeIgniter\CodeIgniter->runController(Object(App\Controllers\BloodDonors))
 3 SYSTEMPATH\CodeIgniter.php(361): CodeIgniter\CodeIgniter->handleRequest(null, Object(Config\Cache), false)
 4 FCPATH\index.php(79): CodeIgniter\CodeIgniter->run()
CRITICAL - 2024-04-04 09:04:50 --> require_once(C:\xampp\htdocs\bloodbank_ci4\app\Controllers/vendor/autoload.php): Failed to open stream: No such file or directory
in APPPATH\Controllers\BloodDonors.php on line 6.
 1 APPPATH\Controllers\BloodDonors.php(6): CodeIgniter\Debug\Exceptions->errorHandler(2, 'require_once(C:\\xampp\\htdocs\\bloodbank_ci4\\app\\Controllers/vendor/autoload.php): Failed to open stream: No such file or directory', 'C:\\xampp\\htdocs\\bloodbank_ci4\\app\\Controllers\\BloodDonors.php', 6)
 2 APPPATH\Controllers\BloodDonors.php(6): require_once()
 3 SYSTEMPATH\Autoloader\Autoloader.php(312): include_once('C:\\xampp\\htdocs\\bloodbank_ci4\\app\\Controllers\\BloodDonors.php')
 4 SYSTEMPATH\Autoloader\Autoloader.php(291): CodeIgniter\Autoloader\Autoloader->includeFile('C:\\xampp\\htdocs\\bloodbank_ci4\\app\\Controllers\\BloodDonors.php')
 5 SYSTEMPATH\Autoloader\Autoloader.php(269): CodeIgniter\Autoloader\Autoloader->loadInNamespace('App\\Controllers\\BloodDonors')
 6 [internal function]: CodeIgniter\Autoloader\Autoloader->loadClass('App\\Controllers\\BloodDonors')
 7 SYSTEMPATH\CodeIgniter.php(900): class_exists('\\App\\Controllers\\BloodDonors', true)
 8 SYSTEMPATH\CodeIgniter.php(489): CodeIgniter\CodeIgniter->startController()
 9 SYSTEMPATH\CodeIgniter.php(361): CodeIgniter\CodeIgniter->handleRequest(null, Object(Config\Cache), false)
10 FCPATH\index.php(79): CodeIgniter\CodeIgniter->run()
CRITICAL - 2024-04-04 09:04:51 --> require_once(C:\xampp\htdocs\bloodbank_ci4\app\Controllers/vendor/autoload.php): Failed to open stream: No such file or directory
in APPPATH\Controllers\BloodDonors.php on line 6.
 1 APPPATH\Controllers\BloodDonors.php(6): CodeIgniter\Debug\Exceptions->errorHandler(2, 'require_once(C:\\xampp\\htdocs\\bloodbank_ci4\\app\\Controllers/vendor/autoload.php): Failed to open stream: No such file or directory', 'C:\\xampp\\htdocs\\bloodbank_ci4\\app\\Controllers\\BloodDonors.php', 6)
 2 APPPATH\Controllers\BloodDonors.php(6): require_once()
 3 SYSTEMPATH\Autoloader\Autoloader.php(312): include_once('C:\\xampp\\htdocs\\bloodbank_ci4\\app\\Controllers\\BloodDonors.php')
 4 SYSTEMPATH\Autoloader\Autoloader.php(291): CodeIgniter\Autoloader\Autoloader->includeFile('C:\\xampp\\htdocs\\bloodbank_ci4\\app\\Controllers\\BloodDonors.php')
 5 SYSTEMPATH\Autoloader\Autoloader.php(269): CodeIgniter\Autoloader\Autoloader->loadInNamespace('App\\Controllers\\BloodDonors')
 6 [internal function]: CodeIgniter\Autoloader\Autoloader->loadClass('App\\Controllers\\BloodDonors')
 7 SYSTEMPATH\CodeIgniter.php(900): class_exists('\\App\\Controllers\\BloodDonors', true)
 8 SYSTEMPATH\CodeIgniter.php(489): CodeIgniter\CodeIgniter->startController()
 9 SYSTEMPATH\CodeIgniter.php(361): CodeIgniter\CodeIgniter->handleRequest(null, Object(Config\Cache), false)
10 FCPATH\index.php(79): CodeIgniter\CodeIgniter->run()
CRITICAL - 2024-04-04 09:04:51 --> require_once(C:\xampp\htdocs\bloodbank_ci4\app\Controllers/vendor/autoload.php): Failed to open stream: No such file or directory
in APPPATH\Controllers\BloodDonors.php on line 6.
 1 APPPATH\Controllers\BloodDonors.php(6): CodeIgniter\Debug\Exceptions->errorHandler(2, 'require_once(C:\\xampp\\htdocs\\bloodbank_ci4\\app\\Controllers/vendor/autoload.php): Failed to open stream: No such file or directory', 'C:\\xampp\\htdocs\\bloodbank_ci4\\app\\Controllers\\BloodDonors.php', 6)
 2 APPPATH\Controllers\BloodDonors.php(6): require_once()
 3 SYSTEMPATH\Autoloader\Autoloader.php(312): include_once('C:\\xampp\\htdocs\\bloodbank_ci4\\app\\Controllers\\BloodDonors.php')
 4 SYSTEMPATH\Autoloader\Autoloader.php(291): CodeIgniter\Autoloader\Autoloader->includeFile('C:\\xampp\\htdocs\\bloodbank_ci4\\app\\Controllers\\BloodDonors.php')
 5 SYSTEMPATH\Autoloader\Autoloader.php(269): CodeIgniter\Autoloader\Autoloader->loadInNamespace('App\\Controllers\\BloodDonors')
 6 [internal function]: CodeIgniter\Autoloader\Autoloader->loadClass('App\\Controllers\\BloodDonors')
 7 SYSTEMPATH\CodeIgniter.php(900): class_exists('\\App\\Controllers\\BloodDonors', true)
 8 SYSTEMPATH\CodeIgniter.php(489): CodeIgniter\CodeIgniter->startController()
 9 SYSTEMPATH\CodeIgniter.php(361): CodeIgniter\CodeIgniter->handleRequest(null, Object(Config\Cache), false)
10 FCPATH\index.php(79): CodeIgniter\CodeIgniter->run()
CRITICAL - 2024-04-04 09:05:08 --> require_once(C:\xampp\htdocs\bloodbank_ci4\app\Controllers/vendor/autoload.php): Failed to open stream: No such file or directory
in APPPATH\Controllers\BloodDonors.php on line 6.
 1 APPPATH\Controllers\BloodDonors.php(6): CodeIgniter\Debug\Exceptions->errorHandler(2, 'require_once(C:\\xampp\\htdocs\\bloodbank_ci4\\app\\Controllers/vendor/autoload.php): Failed to open stream: No such file or directory', 'C:\\xampp\\htdocs\\bloodbank_ci4\\app\\Controllers\\BloodDonors.php', 6)
 2 APPPATH\Controllers\BloodDonors.php(6): require_once()
 3 SYSTEMPATH\Autoloader\Autoloader.php(312): include_once('C:\\xampp\\htdocs\\bloodbank_ci4\\app\\Controllers\\BloodDonors.php')
 4 SYSTEMPATH\Autoloader\Autoloader.php(291): CodeIgniter\Autoloader\Autoloader->includeFile('C:\\xampp\\htdocs\\bloodbank_ci4\\app\\Controllers\\BloodDonors.php')
 5 SYSTEMPATH\Autoloader\Autoloader.php(269): CodeIgniter\Autoloader\Autoloader->loadInNamespace('App\\Controllers\\BloodDonors')
 6 [internal function]: CodeIgniter\Autoloader\Autoloader->loadClass('App\\Controllers\\BloodDonors')
 7 SYSTEMPATH\CodeIgniter.php(900): class_exists('\\App\\Controllers\\BloodDonors', true)
 8 SYSTEMPATH\CodeIgniter.php(489): CodeIgniter\CodeIgniter->startController()
 9 SYSTEMPATH\CodeIgniter.php(361): CodeIgniter\CodeIgniter->handleRequest(null, Object(Config\Cache), false)
10 FCPATH\index.php(79): CodeIgniter\CodeIgniter->run()
CRITICAL - 2024-04-04 09:05:09 --> require_once(C:\xampp\htdocs\bloodbank_ci4\app\Controllers/vendor/autoload.php): Failed to open stream: No such file or directory
in APPPATH\Controllers\BloodDonors.php on line 6.
 1 APPPATH\Controllers\BloodDonors.php(6): CodeIgniter\Debug\Exceptions->errorHandler(2, 'require_once(C:\\xampp\\htdocs\\bloodbank_ci4\\app\\Controllers/vendor/autoload.php): Failed to open stream: No such file or directory', 'C:\\xampp\\htdocs\\bloodbank_ci4\\app\\Controllers\\BloodDonors.php', 6)
 2 APPPATH\Controllers\BloodDonors.php(6): require_once()
 3 SYSTEMPATH\Autoloader\Autoloader.php(312): include_once('C:\\xampp\\htdocs\\bloodbank_ci4\\app\\Controllers\\BloodDonors.php')
 4 SYSTEMPATH\Autoloader\Autoloader.php(291): CodeIgniter\Autoloader\Autoloader->includeFile('C:\\xampp\\htdocs\\bloodbank_ci4\\app\\Controllers\\BloodDonors.php')
 5 SYSTEMPATH\Autoloader\Autoloader.php(269): CodeIgniter\Autoloader\Autoloader->loadInNamespace('App\\Controllers\\BloodDonors')
 6 [internal function]: CodeIgniter\Autoloader\Autoloader->loadClass('App\\Controllers\\BloodDonors')
 7 SYSTEMPATH\CodeIgniter.php(900): class_exists('\\App\\Controllers\\BloodDonors', true)
 8 SYSTEMPATH\CodeIgniter.php(489): CodeIgniter\CodeIgniter->startController()
 9 SYSTEMPATH\CodeIgniter.php(361): CodeIgniter\CodeIgniter->handleRequest(null, Object(Config\Cache), false)
10 FCPATH\index.php(79): CodeIgniter\CodeIgniter->run()
CRITICAL - 2024-04-04 09:05:09 --> require_once(C:\xampp\htdocs\bloodbank_ci4\app\Controllers/vendor/autoload.php): Failed to open stream: No such file or directory
in APPPATH\Controllers\BloodDonors.php on line 6.
 1 APPPATH\Controllers\BloodDonors.php(6): CodeIgniter\Debug\Exceptions->errorHandler(2, 'require_once(C:\\xampp\\htdocs\\bloodbank_ci4\\app\\Controllers/vendor/autoload.php): Failed to open stream: No such file or directory', 'C:\\xampp\\htdocs\\bloodbank_ci4\\app\\Controllers\\BloodDonors.php', 6)
 2 APPPATH\Controllers\BloodDonors.php(6): require_once()
 3 SYSTEMPATH\Autoloader\Autoloader.php(312): include_once('C:\\xampp\\htdocs\\bloodbank_ci4\\app\\Controllers\\BloodDonors.php')
 4 SYSTEMPATH\Autoloader\Autoloader.php(291): CodeIgniter\Autoloader\Autoloader->includeFile('C:\\xampp\\htdocs\\bloodbank_ci4\\app\\Controllers\\BloodDonors.php')
 5 SYSTEMPATH\Autoloader\Autoloader.php(269): CodeIgniter\Autoloader\Autoloader->loadInNamespace('App\\Controllers\\BloodDonors')
 6 [internal function]: CodeIgniter\Autoloader\Autoloader->loadClass('App\\Controllers\\BloodDonors')
 7 SYSTEMPATH\CodeIgniter.php(900): class_exists('\\App\\Controllers\\BloodDonors', true)
 8 SYSTEMPATH\CodeIgniter.php(489): CodeIgniter\CodeIgniter->startController()
 9 SYSTEMPATH\CodeIgniter.php(361): CodeIgniter\CodeIgniter->handleRequest(null, Object(Config\Cache), false)
10 FCPATH\index.php(79): CodeIgniter\CodeIgniter->run()
CRITICAL - 2024-04-04 09:05:09 --> require_once(C:\xampp\htdocs\bloodbank_ci4\app\Controllers/vendor/autoload.php): Failed to open stream: No such file or directory
in APPPATH\Controllers\BloodDonors.php on line 6.
 1 APPPATH\Controllers\BloodDonors.php(6): CodeIgniter\Debug\Exceptions->errorHandler(2, 'require_once(C:\\xampp\\htdocs\\bloodbank_ci4\\app\\Controllers/vendor/autoload.php): Failed to open stream: No such file or directory', 'C:\\xampp\\htdocs\\bloodbank_ci4\\app\\Controllers\\BloodDonors.php', 6)
 2 APPPATH\Controllers\BloodDonors.php(6): require_once()
 3 SYSTEMPATH\Autoloader\Autoloader.php(312): include_once('C:\\xampp\\htdocs\\bloodbank_ci4\\app\\Controllers\\BloodDonors.php')
 4 SYSTEMPATH\Autoloader\Autoloader.php(291): CodeIgniter\Autoloader\Autoloader->includeFile('C:\\xampp\\htdocs\\bloodbank_ci4\\app\\Controllers\\BloodDonors.php')
 5 SYSTEMPATH\Autoloader\Autoloader.php(269): CodeIgniter\Autoloader\Autoloader->loadInNamespace('App\\Controllers\\BloodDonors')
 6 [internal function]: CodeIgniter\Autoloader\Autoloader->loadClass('App\\Controllers\\BloodDonors')
 7 SYSTEMPATH\CodeIgniter.php(900): class_exists('\\App\\Controllers\\BloodDonors', true)
 8 SYSTEMPATH\CodeIgniter.php(489): CodeIgniter\CodeIgniter->startController()
 9 SYSTEMPATH\CodeIgniter.php(361): CodeIgniter\CodeIgniter->handleRequest(null, Object(Config\Cache), false)
10 FCPATH\index.php(79): CodeIgniter\CodeIgniter->run()
CRITICAL - 2024-04-04 09:05:12 --> require_once(C:\xampp\htdocs\bloodbank_ci4\app\Controllers/vendor/autoload.php): Failed to open stream: No such file or directory
in APPPATH\Controllers\BloodDonors.php on line 6.
 1 APPPATH\Controllers\BloodDonors.php(6): CodeIgniter\Debug\Exceptions->errorHandler(2, 'require_once(C:\\xampp\\htdocs\\bloodbank_ci4\\app\\Controllers/vendor/autoload.php): Failed to open stream: No such file or directory', 'C:\\xampp\\htdocs\\bloodbank_ci4\\app\\Controllers\\BloodDonors.php', 6)
 2 APPPATH\Controllers\BloodDonors.php(6): require_once()
 3 SYSTEMPATH\Autoloader\Autoloader.php(312): include_once('C:\\xampp\\htdocs\\bloodbank_ci4\\app\\Controllers\\BloodDonors.php')
 4 SYSTEMPATH\Autoloader\Autoloader.php(291): CodeIgniter\Autoloader\Autoloader->includeFile('C:\\xampp\\htdocs\\bloodbank_ci4\\app\\Controllers\\BloodDonors.php')
 5 SYSTEMPATH\Autoloader\Autoloader.php(269): CodeIgniter\Autoloader\Autoloader->loadInNamespace('App\\Controllers\\BloodDonors')
 6 [internal function]: CodeIgniter\Autoloader\Autoloader->loadClass('App\\Controllers\\BloodDonors')
 7 SYSTEMPATH\CodeIgniter.php(900): class_exists('\\App\\Controllers\\BloodDonors', true)
 8 SYSTEMPATH\CodeIgniter.php(489): CodeIgniter\CodeIgniter->startController()
 9 SYSTEMPATH\CodeIgniter.php(361): CodeIgniter\CodeIgniter->handleRequest(null, Object(Config\Cache), false)
10 FCPATH\index.php(79): CodeIgniter\CodeIgniter->run()
CRITICAL - 2024-04-04 09:05:32 --> require_once(C:\xampp\htdocs\bloodbank_ci4\app\Controllers/vendor/autoload.php): Failed to open stream: No such file or directory
in APPPATH\Controllers\BloodDonors.php on line 6.
 1 APPPATH\Controllers\BloodDonors.php(6): CodeIgniter\Debug\Exceptions->errorHandler(2, 'require_once(C:\\xampp\\htdocs\\bloodbank_ci4\\app\\Controllers/vendor/autoload.php): Failed to open stream: No such file or directory', 'C:\\xampp\\htdocs\\bloodbank_ci4\\app\\Controllers\\BloodDonors.php', 6)
 2 APPPATH\Controllers\BloodDonors.php(6): require_once()
 3 SYSTEMPATH\Autoloader\Autoloader.php(312): include_once('C:\\xampp\\htdocs\\bloodbank_ci4\\app\\Controllers\\BloodDonors.php')
 4 SYSTEMPATH\Autoloader\Autoloader.php(291): CodeIgniter\Autoloader\Autoloader->includeFile('C:\\xampp\\htdocs\\bloodbank_ci4\\app\\Controllers\\BloodDonors.php')
 5 SYSTEMPATH\Autoloader\Autoloader.php(269): CodeIgniter\Autoloader\Autoloader->loadInNamespace('App\\Controllers\\BloodDonors')
 6 [internal function]: CodeIgniter\Autoloader\Autoloader->loadClass('App\\Controllers\\BloodDonors')
 7 SYSTEMPATH\CodeIgniter.php(900): class_exists('\\App\\Controllers\\BloodDonors', true)
 8 SYSTEMPATH\CodeIgniter.php(489): CodeIgniter\CodeIgniter->startController()
 9 SYSTEMPATH\CodeIgniter.php(361): CodeIgniter\CodeIgniter->handleRequest(null, Object(Config\Cache), false)
10 FCPATH\index.php(79): CodeIgniter\CodeIgniter->run()
CRITICAL - 2024-04-04 09:05:33 --> require_once(C:\xampp\htdocs\bloodbank_ci4\app\Controllers/vendor/autoload.php): Failed to open stream: No such file or directory
in APPPATH\Controllers\BloodDonors.php on line 6.
 1 APPPATH\Controllers\BloodDonors.php(6): CodeIgniter\Debug\Exceptions->errorHandler(2, 'require_once(C:\\xampp\\htdocs\\bloodbank_ci4\\app\\Controllers/vendor/autoload.php): Failed to open stream: No such file or directory', 'C:\\xampp\\htdocs\\bloodbank_ci4\\app\\Controllers\\BloodDonors.php', 6)
 2 APPPATH\Controllers\BloodDonors.php(6): require_once()
 3 SYSTEMPATH\Autoloader\Autoloader.php(312): include_once('C:\\xampp\\htdocs\\bloodbank_ci4\\app\\Controllers\\BloodDonors.php')
 4 SYSTEMPATH\Autoloader\Autoloader.php(291): CodeIgniter\Autoloader\Autoloader->includeFile('C:\\xampp\\htdocs\\bloodbank_ci4\\app\\Controllers\\BloodDonors.php')
 5 SYSTEMPATH\Autoloader\Autoloader.php(269): CodeIgniter\Autoloader\Autoloader->loadInNamespace('App\\Controllers\\BloodDonors')
 6 [internal function]: CodeIgniter\Autoloader\Autoloader->loadClass('App\\Controllers\\BloodDonors')
 7 SYSTEMPATH\CodeIgniter.php(900): class_exists('\\App\\Controllers\\BloodDonors', true)
 8 SYSTEMPATH\CodeIgniter.php(489): CodeIgniter\CodeIgniter->startController()
 9 SYSTEMPATH\CodeIgniter.php(361): CodeIgniter\CodeIgniter->handleRequest(null, Object(Config\Cache), false)
10 FCPATH\index.php(79): CodeIgniter\CodeIgniter->run()
CRITICAL - 2024-04-04 09:05:35 --> require_once(C:\xampp\htdocs\bloodbank_ci4\app\Controllers/vendor/autoload.php): Failed to open stream: No such file or directory
in APPPATH\Controllers\BloodDonors.php on line 6.
 1 APPPATH\Controllers\BloodDonors.php(6): CodeIgniter\Debug\Exceptions->errorHandler(2, 'require_once(C:\\xampp\\htdocs\\bloodbank_ci4\\app\\Controllers/vendor/autoload.php): Failed to open stream: No such file or directory', 'C:\\xampp\\htdocs\\bloodbank_ci4\\app\\Controllers\\BloodDonors.php', 6)
 2 APPPATH\Controllers\BloodDonors.php(6): require_once()
 3 SYSTEMPATH\Autoloader\Autoloader.php(312): include_once('C:\\xampp\\htdocs\\bloodbank_ci4\\app\\Controllers\\BloodDonors.php')
 4 SYSTEMPATH\Autoloader\Autoloader.php(291): CodeIgniter\Autoloader\Autoloader->includeFile('C:\\xampp\\htdocs\\bloodbank_ci4\\app\\Controllers\\BloodDonors.php')
 5 SYSTEMPATH\Autoloader\Autoloader.php(269): CodeIgniter\Autoloader\Autoloader->loadInNamespace('App\\Controllers\\BloodDonors')
 6 [internal function]: CodeIgniter\Autoloader\Autoloader->loadClass('App\\Controllers\\BloodDonors')
 7 SYSTEMPATH\CodeIgniter.php(900): class_exists('\\App\\Controllers\\BloodDonors', true)
 8 SYSTEMPATH\CodeIgniter.php(489): CodeIgniter\CodeIgniter->startController()
 9 SYSTEMPATH\CodeIgniter.php(361): CodeIgniter\CodeIgniter->handleRequest(null, Object(Config\Cache), false)
10 FCPATH\index.php(79): CodeIgniter\CodeIgniter->run()
CRITICAL - 2024-04-04 09:05:38 --> require_once(C:\xampp\htdocs\bloodbank_ci4\app\Controllers/vendor/autoload.php): Failed to open stream: No such file or directory
in APPPATH\Controllers\BloodDonors.php on line 6.
 1 APPPATH\Controllers\BloodDonors.php(6): CodeIgniter\Debug\Exceptions->errorHandler(2, 'require_once(C:\\xampp\\htdocs\\bloodbank_ci4\\app\\Controllers/vendor/autoload.php): Failed to open stream: No such file or directory', 'C:\\xampp\\htdocs\\bloodbank_ci4\\app\\Controllers\\BloodDonors.php', 6)
 2 APPPATH\Controllers\BloodDonors.php(6): require_once()
 3 SYSTEMPATH\Autoloader\Autoloader.php(312): include_once('C:\\xampp\\htdocs\\bloodbank_ci4\\app\\Controllers\\BloodDonors.php')
 4 SYSTEMPATH\Autoloader\Autoloader.php(291): CodeIgniter\Autoloader\Autoloader->includeFile('C:\\xampp\\htdocs\\bloodbank_ci4\\app\\Controllers\\BloodDonors.php')
 5 SYSTEMPATH\Autoloader\Autoloader.php(269): CodeIgniter\Autoloader\Autoloader->loadInNamespace('App\\Controllers\\BloodDonors')
 6 [internal function]: CodeIgniter\Autoloader\Autoloader->loadClass('App\\Controllers\\BloodDonors')
 7 SYSTEMPATH\CodeIgniter.php(900): class_exists('\\App\\Controllers\\BloodDonors', true)
 8 SYSTEMPATH\CodeIgniter.php(489): CodeIgniter\CodeIgniter->startController()
 9 SYSTEMPATH\CodeIgniter.php(361): CodeIgniter\CodeIgniter->handleRequest(null, Object(Config\Cache), false)
10 FCPATH\index.php(79): CodeIgniter\CodeIgniter->run()
CRITICAL - 2024-04-04 09:05:58 --> Namespace declaration statement has to be the very first statement or after any declare call in the script
in APPPATH\Controllers\BloodDonors.php on line 10.
 1 [internal function]: CodeIgniter\Debug\Exceptions->shutdownHandler()
CRITICAL - 2024-04-04 09:06:20 --> Namespace declaration statement has to be the very first statement or after any declare call in the script
in APPPATH\Controllers\BloodDonors.php on line 10.
 1 [internal function]: CodeIgniter\Debug\Exceptions->shutdownHandler()
CRITICAL - 2024-04-04 09:08:21 --> Namespace declaration statement has to be the very first statement or after any declare call in the script
in APPPATH\Controllers\BloodDonors.php on line 10.
 1 [internal function]: CodeIgniter\Debug\Exceptions->shutdownHandler()
CRITICAL - 2024-04-04 09:32:52 --> Namespace declaration statement has to be the very first statement or after any declare call in the script
in APPPATH\Controllers\BloodDonors.php on line 10.
 1 [internal function]: CodeIgniter\Debug\Exceptions->shutdownHandler()
CRITICAL - 2024-04-04 09:33:18 --> Class "App\Controllers\BloodBankModel" not found
in APPPATH\Controllers\BloodDonors.php on line 119.
 1 SYSTEMPATH\CodeIgniter.php(942): App\Controllers\BloodDonors->request('1')
 2 SYSTEMPATH\CodeIgniter.php(502): CodeIgniter\CodeIgniter->runController(Object(App\Controllers\BloodDonors))
 3 SYSTEMPATH\CodeIgniter.php(361): CodeIgniter\CodeIgniter->handleRequest(null, Object(Config\Cache), false)
 4 FCPATH\index.php(79): CodeIgniter\CodeIgniter->run()
CRITICAL - 2024-04-04 09:33:40 --> Class "App\Controllers\Client" not found
in APPPATH\Controllers\BloodDonors.php on line 129.
 1 SYSTEMPATH\CodeIgniter.php(942): App\Controllers\BloodDonors->request('1')
 2 SYSTEMPATH\CodeIgniter.php(502): CodeIgniter\CodeIgniter->runController(Object(App\Controllers\BloodDonors))
 3 SYSTEMPATH\CodeIgniter.php(361): CodeIgniter\CodeIgniter->handleRequest(null, Object(Config\Cache), false)
 4 FCPATH\index.php(79): CodeIgniter\CodeIgniter->run()
CRITICAL - 2024-04-04 09:35:05 --> syntax error, unexpected token "catch", expecting "function" or "const"
in APPPATH\Controllers\BloodDonors.php on line 145.
 1 SYSTEMPATH\Autoloader\Autoloader.php(291): CodeIgniter\Autoloader\Autoloader->includeFile('C:\\xampp\\htdocs\\bloodbank_ci4\\app\\Controllers\\BloodDonors.php')
 2 SYSTEMPATH\Autoloader\Autoloader.php(269): CodeIgniter\Autoloader\Autoloader->loadInNamespace('App\\Controllers\\BloodDonors')
 3 [internal function]: CodeIgniter\Autoloader\Autoloader->loadClass('App\\Controllers\\BloodDonors')
 4 SYSTEMPATH\CodeIgniter.php(900): class_exists('\\App\\Controllers\\BloodDonors', true)
 5 SYSTEMPATH\CodeIgniter.php(489): CodeIgniter\CodeIgniter->startController()
 6 SYSTEMPATH\CodeIgniter.php(361): CodeIgniter\CodeIgniter->handleRequest(null, Object(Config\Cache), false)
 7 FCPATH\index.php(79): CodeIgniter\CodeIgniter->run()
CRITICAL - 2024-04-04 09:35:07 --> syntax error, unexpected token "catch", expecting "function" or "const"
in APPPATH\Controllers\BloodDonors.php on line 145.
 1 SYSTEMPATH\Autoloader\Autoloader.php(291): CodeIgniter\Autoloader\Autoloader->includeFile('C:\\xampp\\htdocs\\bloodbank_ci4\\app\\Controllers\\BloodDonors.php')
 2 SYSTEMPATH\Autoloader\Autoloader.php(269): CodeIgniter\Autoloader\Autoloader->loadInNamespace('App\\Controllers\\BloodDonors')
 3 [internal function]: CodeIgniter\Autoloader\Autoloader->loadClass('App\\Controllers\\BloodDonors')
 4 SYSTEMPATH\CodeIgniter.php(900): class_exists('\\App\\Controllers\\BloodDonors', true)
 5 SYSTEMPATH\CodeIgniter.php(489): CodeIgniter\CodeIgniter->startController()
 6 SYSTEMPATH\CodeIgniter.php(361): CodeIgniter\CodeIgniter->handleRequest(null, Object(Config\Cache), false)
 7 FCPATH\index.php(79): CodeIgniter\CodeIgniter->run()
CRITICAL - 2024-04-04 09:35:08 --> syntax error, unexpected token "catch", expecting "function" or "const"
in APPPATH\Controllers\BloodDonors.php on line 145.
 1 SYSTEMPATH\Autoloader\Autoloader.php(291): CodeIgniter\Autoloader\Autoloader->includeFile('C:\\xampp\\htdocs\\bloodbank_ci4\\app\\Controllers\\BloodDonors.php')
 2 SYSTEMPATH\Autoloader\Autoloader.php(269): CodeIgniter\Autoloader\Autoloader->loadInNamespace('App\\Controllers\\BloodDonors')
 3 [internal function]: CodeIgniter\Autoloader\Autoloader->loadClass('App\\Controllers\\BloodDonors')
 4 SYSTEMPATH\CodeIgniter.php(900): class_exists('\\App\\Controllers\\BloodDonors', true)
 5 SYSTEMPATH\CodeIgniter.php(489): CodeIgniter\CodeIgniter->startController()
 6 SYSTEMPATH\CodeIgniter.php(361): CodeIgniter\CodeIgniter->handleRequest(null, Object(Config\Cache), false)
 7 FCPATH\index.php(79): CodeIgniter\CodeIgniter->run()
CRITICAL - 2024-04-04 09:35:09 --> syntax error, unexpected token "catch", expecting "function" or "const"
in APPPATH\Controllers\BloodDonors.php on line 145.
 1 SYSTEMPATH\Autoloader\Autoloader.php(291): CodeIgniter\Autoloader\Autoloader->includeFile('C:\\xampp\\htdocs\\bloodbank_ci4\\app\\Controllers\\BloodDonors.php')
 2 SYSTEMPATH\Autoloader\Autoloader.php(269): CodeIgniter\Autoloader\Autoloader->loadInNamespace('App\\Controllers\\BloodDonors')
 3 [internal function]: CodeIgniter\Autoloader\Autoloader->loadClass('App\\Controllers\\BloodDonors')
 4 SYSTEMPATH\CodeIgniter.php(900): class_exists('\\App\\Controllers\\BloodDonors', true)
 5 SYSTEMPATH\CodeIgniter.php(489): CodeIgniter\CodeIgniter->startController()
 6 SYSTEMPATH\CodeIgniter.php(361): CodeIgniter\CodeIgniter->handleRequest(null, Object(Config\Cache), false)
 7 FCPATH\index.php(79): CodeIgniter\CodeIgniter->run()
CRITICAL - 2024-04-04 09:35:09 --> syntax error, unexpected token "catch", expecting "function" or "const"
in APPPATH\Controllers\BloodDonors.php on line 145.
 1 SYSTEMPATH\Autoloader\Autoloader.php(291): CodeIgniter\Autoloader\Autoloader->includeFile('C:\\xampp\\htdocs\\bloodbank_ci4\\app\\Controllers\\BloodDonors.php')
 2 SYSTEMPATH\Autoloader\Autoloader.php(269): CodeIgniter\Autoloader\Autoloader->loadInNamespace('App\\Controllers\\BloodDonors')
 3 [internal function]: CodeIgniter\Autoloader\Autoloader->loadClass('App\\Controllers\\BloodDonors')
 4 SYSTEMPATH\CodeIgniter.php(900): class_exists('\\App\\Controllers\\BloodDonors', true)
 5 SYSTEMPATH\CodeIgniter.php(489): CodeIgniter\CodeIgniter->startController()
 6 SYSTEMPATH\CodeIgniter.php(361): CodeIgniter\CodeIgniter->handleRequest(null, Object(Config\Cache), false)
 7 FCPATH\index.php(79): CodeIgniter\CodeIgniter->run()
CRITICAL - 2024-04-04 09:35:13 --> syntax error, unexpected token "catch", expecting "function" or "const"
in APPPATH\Controllers\BloodDonors.php on line 145.
 1 SYSTEMPATH\Autoloader\Autoloader.php(291): CodeIgniter\Autoloader\Autoloader->includeFile('C:\\xampp\\htdocs\\bloodbank_ci4\\app\\Controllers\\BloodDonors.php')
 2 SYSTEMPATH\Autoloader\Autoloader.php(269): CodeIgniter\Autoloader\Autoloader->loadInNamespace('App\\Controllers\\BloodDonors')
 3 [internal function]: CodeIgniter\Autoloader\Autoloader->loadClass('App\\Controllers\\BloodDonors')
 4 SYSTEMPATH\CodeIgniter.php(900): class_exists('\\App\\Controllers\\BloodDonors', true)
 5 SYSTEMPATH\CodeIgniter.php(489): CodeIgniter\CodeIgniter->startController()
 6 SYSTEMPATH\CodeIgniter.php(361): CodeIgniter\CodeIgniter->handleRequest(null, Object(Config\Cache), false)
 7 FCPATH\index.php(79): CodeIgniter\CodeIgniter->run()
CRITICAL - 2024-04-04 09:36:04 --> syntax error, unexpected token "catch", expecting "function" or "const"
in APPPATH\Controllers\BloodDonors.php on line 145.
 1 SYSTEMPATH\Autoloader\Autoloader.php(291): CodeIgniter\Autoloader\Autoloader->includeFile('C:\\xampp\\htdocs\\bloodbank_ci4\\app\\Controllers\\BloodDonors.php')
 2 SYSTEMPATH\Autoloader\Autoloader.php(269): CodeIgniter\Autoloader\Autoloader->loadInNamespace('App\\Controllers\\BloodDonors')
 3 [internal function]: CodeIgniter\Autoloader\Autoloader->loadClass('App\\Controllers\\BloodDonors')
 4 SYSTEMPATH\CodeIgniter.php(900): class_exists('\\App\\Controllers\\BloodDonors', true)
 5 SYSTEMPATH\CodeIgniter.php(489): CodeIgniter\CodeIgniter->startController()
 6 SYSTEMPATH\CodeIgniter.php(361): CodeIgniter\CodeIgniter->handleRequest(null, Object(Config\Cache), false)
 7 FCPATH\index.php(79): CodeIgniter\CodeIgniter->run()
CRITICAL - 2024-04-04 09:36:16 --> syntax error, unexpected token "catch", expecting "function" or "const"
in APPPATH\Controllers\BloodDonors.php on line 145.
 1 SYSTEMPATH\Autoloader\Autoloader.php(291): CodeIgniter\Autoloader\Autoloader->includeFile('C:\\xampp\\htdocs\\bloodbank_ci4\\app\\Controllers\\BloodDonors.php')
 2 SYSTEMPATH\Autoloader\Autoloader.php(269): CodeIgniter\Autoloader\Autoloader->loadInNamespace('App\\Controllers\\BloodDonors')
 3 [internal function]: CodeIgniter\Autoloader\Autoloader->loadClass('App\\Controllers\\BloodDonors')
 4 SYSTEMPATH\CodeIgniter.php(900): class_exists('\\App\\Controllers\\BloodDonors', true)
 5 SYSTEMPATH\CodeIgniter.php(489): CodeIgniter\CodeIgniter->startController()
 6 SYSTEMPATH\CodeIgniter.php(361): CodeIgniter\CodeIgniter->handleRequest(null, Object(Config\Cache), false)
 7 FCPATH\index.php(79): CodeIgniter\CodeIgniter->run()
CRITICAL - 2024-04-04 09:36:20 --> syntax error, unexpected token "catch", expecting "function" or "const"
in APPPATH\Controllers\BloodDonors.php on line 145.
 1 SYSTEMPATH\Autoloader\Autoloader.php(291): CodeIgniter\Autoloader\Autoloader->includeFile('C:\\xampp\\htdocs\\bloodbank_ci4\\app\\Controllers\\BloodDonors.php')
 2 SYSTEMPATH\Autoloader\Autoloader.php(269): CodeIgniter\Autoloader\Autoloader->loadInNamespace('App\\Controllers\\BloodDonors')
 3 [internal function]: CodeIgniter\Autoloader\Autoloader->loadClass('App\\Controllers\\BloodDonors')
 4 SYSTEMPATH\CodeIgniter.php(900): class_exists('\\App\\Controllers\\BloodDonors', true)
 5 SYSTEMPATH\CodeIgniter.php(489): CodeIgniter\CodeIgniter->startController()
 6 SYSTEMPATH\CodeIgniter.php(361): CodeIgniter\CodeIgniter->handleRequest(null, Object(Config\Cache), false)
 7 FCPATH\index.php(79): CodeIgniter\CodeIgniter->run()
CRITICAL - 2024-04-04 09:36:41 --> Namespace declaration statement has to be the very first statement or after any declare call in the script
in APPPATH\Controllers\BloodDonors.php on line 10.
 1 [internal function]: CodeIgniter\Debug\Exceptions->shutdownHandler()
CRITICAL - 2024-04-04 09:36:42 --> Namespace declaration statement has to be the very first statement or after any declare call in the script
in APPPATH\Controllers\BloodDonors.php on line 10.
 1 [internal function]: CodeIgniter\Debug\Exceptions->shutdownHandler()
CRITICAL - 2024-04-04 09:36:45 --> Namespace declaration statement has to be the very first statement or after any declare call in the script
in APPPATH\Controllers\BloodDonors.php on line 10.
 1 [internal function]: CodeIgniter\Debug\Exceptions->shutdownHandler()
CRITICAL - 2024-04-04 09:37:23 --> require_once(C:\xampp\htdocs\bloodbank_ci4\app\Controllers/vendor/autoload.php): Failed to open stream: No such file or directory
in APPPATH\Controllers\BloodDonors.php on line 7.
 1 APPPATH\Controllers\BloodDonors.php(7): CodeIgniter\Debug\Exceptions->errorHandler(2, 'require_once(C:\\xampp\\htdocs\\bloodbank_ci4\\app\\Controllers/vendor/autoload.php): Failed to open stream: No such file or directory', 'C:\\xampp\\htdocs\\bloodbank_ci4\\app\\Controllers\\BloodDonors.php', 7)
 2 APPPATH\Controllers\BloodDonors.php(7): require_once()
 3 SYSTEMPATH\Autoloader\Autoloader.php(312): include_once('C:\\xampp\\htdocs\\bloodbank_ci4\\app\\Controllers\\BloodDonors.php')
 4 SYSTEMPATH\Autoloader\Autoloader.php(291): CodeIgniter\Autoloader\Autoloader->includeFile('C:\\xampp\\htdocs\\bloodbank_ci4\\app\\Controllers\\BloodDonors.php')
 5 SYSTEMPATH\Autoloader\Autoloader.php(269): CodeIgniter\Autoloader\Autoloader->loadInNamespace('App\\Controllers\\BloodDonors')
 6 [internal function]: CodeIgniter\Autoloader\Autoloader->loadClass('App\\Controllers\\BloodDonors')
 7 SYSTEMPATH\CodeIgniter.php(900): class_exists('\\App\\Controllers\\BloodDonors', true)
 8 SYSTEMPATH\CodeIgniter.php(489): CodeIgniter\CodeIgniter->startController()
 9 SYSTEMPATH\CodeIgniter.php(361): CodeIgniter\CodeIgniter->handleRequest(null, Object(Config\Cache), false)
10 FCPATH\index.php(79): CodeIgniter\CodeIgniter->run()
CRITICAL - 2024-04-04 10:34:30 --> Namespace declaration statement has to be the very first statement or after any declare call in the script
in APPPATH\Controllers\BloodDonors.php on line 4.
 1 [internal function]: CodeIgniter\Debug\Exceptions->shutdownHandler()
CRITICAL - 2024-04-04 10:35:09 --> Unclosed '{' on line 8
in APPPATH\Controllers\BloodDonors.php on line 110.
 1 SYSTEMPATH\Autoloader\Autoloader.php(291): CodeIgniter\Autoloader\Autoloader->includeFile('C:\\xampp\\htdocs\\bloodbank_ci4\\app\\Controllers\\BloodDonors.php')
 2 SYSTEMPATH\Autoloader\Autoloader.php(269): CodeIgniter\Autoloader\Autoloader->loadInNamespace('App\\Controllers\\BloodDonors')
 3 [internal function]: CodeIgniter\Autoloader\Autoloader->loadClass('App\\Controllers\\BloodDonors')
 4 SYSTEMPATH\CodeIgniter.php(900): class_exists('\\App\\Controllers\\BloodDonors', true)
 5 SYSTEMPATH\CodeIgniter.php(489): CodeIgniter\CodeIgniter->startController()
 6 SYSTEMPATH\CodeIgniter.php(361): CodeIgniter\CodeIgniter->handleRequest(null, Object(Config\Cache), false)
 7 FCPATH\index.php(79): CodeIgniter\CodeIgniter->run()
CRITICAL - 2024-04-04 10:35:10 --> Unclosed '{' on line 8
in APPPATH\Controllers\BloodDonors.php on line 110.
 1 SYSTEMPATH\Autoloader\Autoloader.php(291): CodeIgniter\Autoloader\Autoloader->includeFile('C:\\xampp\\htdocs\\bloodbank_ci4\\app\\Controllers\\BloodDonors.php')
 2 SYSTEMPATH\Autoloader\Autoloader.php(269): CodeIgniter\Autoloader\Autoloader->loadInNamespace('App\\Controllers\\BloodDonors')
 3 [internal function]: CodeIgniter\Autoloader\Autoloader->loadClass('App\\Controllers\\BloodDonors')
 4 SYSTEMPATH\CodeIgniter.php(900): class_exists('\\App\\Controllers\\BloodDonors', true)
 5 SYSTEMPATH\CodeIgniter.php(489): CodeIgniter\CodeIgniter->startController()
 6 SYSTEMPATH\CodeIgniter.php(361): CodeIgniter\CodeIgniter->handleRequest(null, Object(Config\Cache), false)
 7 FCPATH\index.php(79): CodeIgniter\CodeIgniter->run()
CRITICAL - 2024-04-04 10:35:30 --> Unclosed '{' on line 8
in APPPATH\Controllers\BloodDonors.php on line 110.
 1 SYSTEMPATH\Autoloader\Autoloader.php(291): CodeIgniter\Autoloader\Autoloader->includeFile('C:\\xampp\\htdocs\\bloodbank_ci4\\app\\Controllers\\BloodDonors.php')
 2 SYSTEMPATH\Autoloader\Autoloader.php(269): CodeIgniter\Autoloader\Autoloader->loadInNamespace('App\\Controllers\\BloodDonors')
 3 [internal function]: CodeIgniter\Autoloader\Autoloader->loadClass('App\\Controllers\\BloodDonors')
 4 SYSTEMPATH\CodeIgniter.php(900): class_exists('\\App\\Controllers\\BloodDonors', true)
 5 SYSTEMPATH\CodeIgniter.php(489): CodeIgniter\CodeIgniter->startController()
 6 SYSTEMPATH\CodeIgniter.php(361): CodeIgniter\CodeIgniter->handleRequest(null, Object(Config\Cache), false)
 7 FCPATH\index.php(79): CodeIgniter\CodeIgniter->run()
CRITICAL - 2024-04-04 11:40:05 --> Call to undefined function App\Controllers\send_sms()
in APPPATH\Controllers\BloodDonors.php on line 140.
 1 SYSTEMPATH\CodeIgniter.php(942): App\Controllers\BloodDonors->sendSms('2')
 2 SYSTEMPATH\CodeIgniter.php(502): CodeIgniter\CodeIgniter->runController(Object(App\Controllers\BloodDonors))
 3 SYSTEMPATH\CodeIgniter.php(361): CodeIgniter\CodeIgniter->handleRequest(null, Object(Config\Cache), false)
 4 FCPATH\index.php(79): CodeIgniter\CodeIgniter->run()
CRITICAL - 2024-04-04 11:40:33 --> Call to undefined function App\Controllers\send_sms()
in APPPATH\Controllers\BloodDonors.php on line 140.
 1 SYSTEMPATH\CodeIgniter.php(942): App\Controllers\BloodDonors->sendSms('2')
 2 SYSTEMPATH\CodeIgniter.php(502): CodeIgniter\CodeIgniter->runController(Object(App\Controllers\BloodDonors))
 3 SYSTEMPATH\CodeIgniter.php(361): CodeIgniter\CodeIgniter->handleRequest(null, Object(Config\Cache), false)
 4 FCPATH\index.php(79): CodeIgniter\CodeIgniter->run()
CRITICAL - 2024-04-04 11:40:37 --> Call to undefined function App\Controllers\send_sms()
in APPPATH\Controllers\BloodDonors.php on line 140.
 1 SYSTEMPATH\CodeIgniter.php(942): App\Controllers\BloodDonors->sendSms('2')
 2 SYSTEMPATH\CodeIgniter.php(502): CodeIgniter\CodeIgniter->runController(Object(App\Controllers\BloodDonors))
 3 SYSTEMPATH\CodeIgniter.php(361): CodeIgniter\CodeIgniter->handleRequest(null, Object(Config\Cache), false)
 4 FCPATH\index.php(79): CodeIgniter\CodeIgniter->run()
CRITICAL - 2024-04-04 11:41:27 --> Call to undefined function App\Controllers\send_sms()
in APPPATH\Controllers\BloodDonors.php on line 140.
 1 SYSTEMPATH\CodeIgniter.php(942): App\Controllers\BloodDonors->sendSms()
 2 SYSTEMPATH\CodeIgniter.php(502): CodeIgniter\CodeIgniter->runController(Object(App\Controllers\BloodDonors))
 3 SYSTEMPATH\CodeIgniter.php(361): CodeIgniter\CodeIgniter->handleRequest(null, Object(Config\Cache), false)
 4 FCPATH\index.php(79): CodeIgniter\CodeIgniter->run()
CRITICAL - 2024-04-04 12:04:20 --> Call to undefined function App\Controllers\send_sms()
in APPPATH\Controllers\BloodDonors.php on line 140.
 1 SYSTEMPATH\CodeIgniter.php(942): App\Controllers\BloodDonors->sendSms()
 2 SYSTEMPATH\CodeIgniter.php(502): CodeIgniter\CodeIgniter->runController(Object(App\Controllers\BloodDonors))
 3 SYSTEMPATH\CodeIgniter.php(361): CodeIgniter\CodeIgniter->handleRequest(null, Object(Config\Cache), false)
 4 FCPATH\index.php(79): CodeIgniter\CodeIgniter->run()
CRITICAL - 2024-04-04 12:29:51 --> Namespace declaration statement has to be the very first statement or after any declare call in the script
in APPPATH\Controllers\BloodDonors.php on line 4.
 1 [internal function]: CodeIgniter\Debug\Exceptions->shutdownHandler()
CRITICAL - 2024-04-04 12:29:52 --> Namespace declaration statement has to be the very first statement or after any declare call in the script
in APPPATH\Controllers\BloodDonors.php on line 4.
 1 [internal function]: CodeIgniter\Debug\Exceptions->shutdownHandler()
CRITICAL - 2024-04-04 12:29:52 --> Namespace declaration statement has to be the very first statement or after any declare call in the script
in APPPATH\Controllers\BloodDonors.php on line 4.
 1 [internal function]: CodeIgniter\Debug\Exceptions->shutdownHandler()
CRITICAL - 2024-04-04 12:30:02 --> Namespace declaration statement has to be the very first statement or after any declare call in the script
in APPPATH\Controllers\BloodDonors.php on line 4.
 1 [internal function]: CodeIgniter\Debug\Exceptions->shutdownHandler()
CRITICAL - 2024-04-04 12:47:12 --> syntax error, unexpected token ".", expecting "," or ";"
in APPPATH\Controllers\BloodDonors.php on line 3.
 1 SYSTEMPATH\Autoloader\Autoloader.php(291): CodeIgniter\Autoloader\Autoloader->includeFile('C:\\xampp\\htdocs\\bloodbank_ci4\\app\\Controllers\\BloodDonors.php')
 2 SYSTEMPATH\Autoloader\Autoloader.php(269): CodeIgniter\Autoloader\Autoloader->loadInNamespace('App\\Controllers\\BloodDonors')
 3 [internal function]: CodeIgniter\Autoloader\Autoloader->loadClass('App\\Controllers\\BloodDonors')
 4 SYSTEMPATH\CodeIgniter.php(900): class_exists('\\App\\Controllers\\BloodDonors', true)
 5 SYSTEMPATH\CodeIgniter.php(489): CodeIgniter\CodeIgniter->startController()
 6 SYSTEMPATH\CodeIgniter.php(361): CodeIgniter\CodeIgniter->handleRequest(null, Object(Config\Cache), false)
 7 FCPATH\index.php(79): CodeIgniter\CodeIgniter->run()
CRITICAL - 2024-04-04 12:47:20 --> syntax error, unexpected token ".", expecting "," or ";"
in APPPATH\Controllers\BloodDonors.php on line 3.
 1 SYSTEMPATH\Autoloader\Autoloader.php(291): CodeIgniter\Autoloader\Autoloader->includeFile('C:\\xampp\\htdocs\\bloodbank_ci4\\app\\Controllers\\BloodDonors.php')
 2 SYSTEMPATH\Autoloader\Autoloader.php(269): CodeIgniter\Autoloader\Autoloader->loadInNamespace('App\\Controllers\\BloodDonors')
 3 [internal function]: CodeIgniter\Autoloader\Autoloader->loadClass('App\\Controllers\\BloodDonors')
 4 SYSTEMPATH\CodeIgniter.php(900): class_exists('\\App\\Controllers\\BloodDonors', true)
 5 SYSTEMPATH\CodeIgniter.php(489): CodeIgniter\CodeIgniter->startController()
 6 SYSTEMPATH\CodeIgniter.php(361): CodeIgniter\CodeIgniter->handleRequest(null, Object(Config\Cache), false)
 7 FCPATH\index.php(79): CodeIgniter\CodeIgniter->run()
CRITICAL - 2024-04-04 12:47:22 --> syntax error, unexpected token ".", expecting "," or ";"
in APPPATH\Controllers\BloodDonors.php on line 3.
 1 SYSTEMPATH\Autoloader\Autoloader.php(291): CodeIgniter\Autoloader\Autoloader->includeFile('C:\\xampp\\htdocs\\bloodbank_ci4\\app\\Controllers\\BloodDonors.php')
 2 SYSTEMPATH\Autoloader\Autoloader.php(269): CodeIgniter\Autoloader\Autoloader->loadInNamespace('App\\Controllers\\BloodDonors')
 3 [internal function]: CodeIgniter\Autoloader\Autoloader->loadClass('App\\Controllers\\BloodDonors')
 4 SYSTEMPATH\CodeIgniter.php(900): class_exists('\\App\\Controllers\\BloodDonors', true)
 5 SYSTEMPATH\CodeIgniter.php(489): CodeIgniter\CodeIgniter->startController()
 6 SYSTEMPATH\CodeIgniter.php(361): CodeIgniter\CodeIgniter->handleRequest(null, Object(Config\Cache), false)
 7 FCPATH\index.php(79): CodeIgniter\CodeIgniter->run()
CRITICAL - 2024-04-04 12:58:58 --> Undefined array key "phone_number"
in APPPATH\Controllers\BloodDonors.php on line 128.
 1 APPPATH\Controllers\BloodDonors.php(128): CodeIgniter\Debug\Exceptions->errorHandler(2, 'Undefined array key "phone_number"', 'C:\\xampp\\htdocs\\bloodbank_ci4\\app\\Controllers\\BloodDonors.php', 128)
 2 SYSTEMPATH\CodeIgniter.php(942): App\Controllers\BloodDonors->request()
 3 SYSTEMPATH\CodeIgniter.php(502): CodeIgniter\CodeIgniter->runController(Object(App\Controllers\BloodDonors))
 4 SYSTEMPATH\CodeIgniter.php(361): CodeIgniter\CodeIgniter->handleRequest(null, Object(Config\Cache), false)
 5 FCPATH\index.php(79): CodeIgniter\CodeIgniter->run()
CRITICAL - 2024-04-04 13:02:17 --> Class "Libraries\Twilio\Rest\Client" not found
in APPPATH\Controllers\BloodDonors.php on line 124.
 1 SYSTEMPATH\CodeIgniter.php(942): App\Controllers\BloodDonors->request()
 2 SYSTEMPATH\CodeIgniter.php(502): CodeIgniter\CodeIgniter->runController(Object(App\Controllers\BloodDonors))
 3 SYSTEMPATH\CodeIgniter.php(361): CodeIgniter\CodeIgniter->handleRequest(null, Object(Config\Cache), false)
 4 FCPATH\index.php(79): CodeIgniter\CodeIgniter->run()
CRITICAL - 2024-04-04 13:24:03 --> Undefined variable $users
in APPPATH\Views\users\donors_table.php on line 38.
 1 APPPATH\Views\users\donors_table.php(38): CodeIgniter\Debug\Exceptions->errorHandler(2, 'Undefined variable $users', 'C:\\xampp\\htdocs\\bloodbank_ci4\\app\\Views\\users\\donors_table.php', 38)
 2 SYSTEMPATH\View\View.php(228): include('C:\\xampp\\htdocs\\bloodbank_ci4\\app\\Views\\users\\donors_table.php')
 3 SYSTEMPATH\View\View.php(231): CodeIgniter\View\View->CodeIgniter\View\{closure}()
 4 SYSTEMPATH\Common.php(1190): CodeIgniter\View\View->render('users/donors_table', [], true)
 5 APPPATH\Controllers\BloodDonors.php(144): view('users/donors_table')
 6 SYSTEMPATH\CodeIgniter.php(942): App\Controllers\BloodDonors->request('2')
 7 SYSTEMPATH\CodeIgniter.php(502): CodeIgniter\CodeIgniter->runController(Object(App\Controllers\BloodDonors))
 8 SYSTEMPATH\CodeIgniter.php(361): CodeIgniter\CodeIgniter->handleRequest(null, Object(Config\Cache), false)
 9 FCPATH\index.php(79): CodeIgniter\CodeIgniter->run()
