CRITICAL - 2024-11-23 05:26:33 --> Undefined variable $assetModel
in APPPATH\Controllers\Asset.php on line 250.
 1 APPPATH\Controllers\Asset.php(250): CodeIgniter\Debug\Exceptions->errorHandler(2, 'Undefined variable $assetModel', 'C:\\xampp\\htdocs\\viyoma\\app\\Controllers\\Asset.php', 250)
 2 SYSTEMPATH\CodeIgniter.php(942): App\Controllers\Asset->viewAsset()
 3 SYSTEMPATH\CodeIgniter.php(502): CodeIgniter\CodeIgniter->runController(Object(App\Controllers\Asset))
 4 SYSTEMPATH\CodeIgniter.php(361): CodeIgniter\CodeIgniter->handleRequest(null, Object(Config\Cache), false)
 5 FCPATH\index.php(79): CodeIgniter\CodeIgniter->run()
CRITICAL - 2024-11-23 05:30:14 --> Call to a member function whereIn() on array
in APPPATH\Controllers\Asset.php on line 253.
 1 SYSTEMPATH\CodeIgniter.php(942): App\Controllers\Asset->viewAsset()
 2 SYSTEMPATH\CodeIgniter.php(502): CodeIgniter\CodeIgniter->runController(Object(App\Controllers\Asset))
 3 SYSTEMPATH\CodeIgniter.php(361): CodeIgniter\CodeIgniter->handleRequest(null, Object(Config\Cache), false)
 4 FCPATH\index.php(79): CodeIgniter\CodeIgniter->run()
CRITICAL - 2024-11-23 05:56:11 --> Undefined variable $assetMakes
in APPPATH\Controllers\Asset.php on line 301.
 1 APPPATH\Controllers\Asset.php(301): CodeIgniter\Debug\Exceptions->errorHandler(2, 'Undefined variable $assetMakes', 'C:\\xampp\\htdocs\\viyoma\\app\\Controllers\\Asset.php', 301)
 2 SYSTEMPATH\CodeIgniter.php(942): App\Controllers\Asset->all_asset_makes()
 3 SYSTEMPATH\CodeIgniter.php(502): CodeIgniter\CodeIgniter->runController(Object(App\Controllers\Asset))
 4 SYSTEMPATH\CodeIgniter.php(361): CodeIgniter\CodeIgniter->handleRequest(null, Object(Config\Cache), false)
 5 FCPATH\index.php(79): CodeIgniter\CodeIgniter->run()
CRITICAL - 2024-11-23 05:56:22 --> Undefined variable $assetMakes
in APPPATH\Controllers\Asset.php on line 301.
 1 APPPATH\Controllers\Asset.php(301): CodeIgniter\Debug\Exceptions->errorHandler(2, 'Undefined variable $assetMakes', 'C:\\xampp\\htdocs\\viyoma\\app\\Controllers\\Asset.php', 301)
 2 SYSTEMPATH\CodeIgniter.php(942): App\Controllers\Asset->all_asset_makes()
 3 SYSTEMPATH\CodeIgniter.php(502): CodeIgniter\CodeIgniter->runController(Object(App\Controllers\Asset))
 4 SYSTEMPATH\CodeIgniter.php(361): CodeIgniter\CodeIgniter->handleRequest(null, Object(Config\Cache), false)
 5 FCPATH\index.php(79): CodeIgniter\CodeIgniter->run()
