CRITICAL - 2025-09-19 04:13:53 --> Trying to access array offset on value of type null
in APPPATH/Controllers/Inhouseguest.php on line 43.
 1 APPPATH/Controllers/Inhouseguest.php(43): CodeIgniter\Debug\Exceptions->errorHandler(2, 'Trying to access array offset on value of type null', '/home/neuralarcteam/public_html/advaya.neuralarc.com/app/Controllers/Inhouseguest.php', 43)
 2 SYSTEMPATH/CodeIgniter.php(942): App\Controllers\Inhouseguest->room_guest('1')
 3 SYSTEMPATH/CodeIgniter.php(502): CodeIgniter\CodeIgniter->runController(Object(App\Controllers\Inhouseguest))
 4 SYSTEMPATH/CodeIgniter.php(361): CodeIgniter\CodeIgniter->handleRequest(null, Object(Config\Cache), false)
 5 FCPATH/index.php(79): CodeIgniter\CodeIgniter->run()
CRITICAL - 2025-09-19 04:19:36 --> Trying to access array offset on value of type null
in APPPATH/Controllers/Inhouseguest.php on line 43.
 1 APPPATH/Controllers/Inhouseguest.php(43): CodeIgniter\Debug\Exceptions->errorHandler(2, 'Trying to access array offset on value of type null', '/home/neuralarcteam/public_html/advaya.neuralarc.com/app/Controllers/Inhouseguest.php', 43)
 2 SYSTEMPATH/CodeIgniter.php(942): App\Controllers\Inhouseguest->room_guest('1')
 3 SYSTEMPATH/CodeIgniter.php(502): CodeIgniter\CodeIgniter->runController(Object(App\Controllers\Inhouseguest))
 4 SYSTEMPATH/CodeIgniter.php(361): CodeIgniter\CodeIgniter->handleRequest(null, Object(Config\Cache), false)
 5 FCPATH/index.php(79): CodeIgniter\CodeIgniter->run()
CRITICAL - 2025-09-19 04:19:47 --> Trying to access array offset on value of type null
in APPPATH/Controllers/Inhouseguest.php on line 43.
 1 APPPATH/Controllers/Inhouseguest.php(43): CodeIgniter\Debug\Exceptions->errorHandler(2, 'Trying to access array offset on value of type null', '/home/neuralarcteam/public_html/advaya.neuralarc.com/app/Controllers/Inhouseguest.php', 43)
 2 SYSTEMPATH/CodeIgniter.php(942): App\Controllers\Inhouseguest->room_guest('1')
 3 SYSTEMPATH/CodeIgniter.php(502): CodeIgniter\CodeIgniter->runController(Object(App\Controllers\Inhouseguest))
 4 SYSTEMPATH/CodeIgniter.php(361): CodeIgniter\CodeIgniter->handleRequest(null, Object(Config\Cache), false)
 5 FCPATH/index.php(79): CodeIgniter\CodeIgniter->run()
CRITICAL - 2025-09-19 04:19:59 --> Trying to access array offset on value of type null
in APPPATH/Controllers/Inhouseguest.php on line 43.
 1 APPPATH/Controllers/Inhouseguest.php(43): CodeIgniter\Debug\Exceptions->errorHandler(2, 'Trying to access array offset on value of type null', '/home/neuralarcteam/public_html/advaya.neuralarc.com/app/Controllers/Inhouseguest.php', 43)
 2 SYSTEMPATH/CodeIgniter.php(942): App\Controllers\Inhouseguest->room_guest('1')
 3 SYSTEMPATH/CodeIgniter.php(502): CodeIgniter\CodeIgniter->runController(Object(App\Controllers\Inhouseguest))
 4 SYSTEMPATH/CodeIgniter.php(361): CodeIgniter\CodeIgniter->handleRequest(null, Object(Config\Cache), false)
 5 FCPATH/index.php(79): CodeIgniter\CodeIgniter->run()
CRITICAL - 2025-09-19 04:20:42 --> Trying to access array offset on value of type null
in APPPATH/Controllers/Inhouseguest.php on line 43.
 1 APPPATH/Controllers/Inhouseguest.php(43): CodeIgniter\Debug\Exceptions->errorHandler(2, 'Trying to access array offset on value of type null', '/home/neuralarcteam/public_html/advaya.neuralarc.com/app/Controllers/Inhouseguest.php', 43)
 2 SYSTEMPATH/CodeIgniter.php(942): App\Controllers\Inhouseguest->room_guest('1')
 3 SYSTEMPATH/CodeIgniter.php(502): CodeIgniter\CodeIgniter->runController(Object(App\Controllers\Inhouseguest))
 4 SYSTEMPATH/CodeIgniter.php(361): CodeIgniter\CodeIgniter->handleRequest(null, Object(Config\Cache), false)
 5 FCPATH/index.php(79): CodeIgniter\CodeIgniter->run()
CRITICAL - 2025-09-19 04:21:16 --> Trying to access array offset on value of type null
in APPPATH/Controllers/Inhouseguest.php on line 43.
 1 APPPATH/Controllers/Inhouseguest.php(43): CodeIgniter\Debug\Exceptions->errorHandler(2, 'Trying to access array offset on value of type null', '/home/neuralarcteam/public_html/advaya.neuralarc.com/app/Controllers/Inhouseguest.php', 43)
 2 SYSTEMPATH/CodeIgniter.php(942): App\Controllers\Inhouseguest->room_guest('1')
 3 SYSTEMPATH/CodeIgniter.php(502): CodeIgniter\CodeIgniter->runController(Object(App\Controllers\Inhouseguest))
 4 SYSTEMPATH/CodeIgniter.php(361): CodeIgniter\CodeIgniter->handleRequest(null, Object(Config\Cache), false)
 5 FCPATH/index.php(79): CodeIgniter\CodeIgniter->run()
CRITICAL - 2025-09-19 04:21:29 --> Trying to access array offset on value of type null
in APPPATH/Controllers/Inhouseguest.php on line 43.
 1 APPPATH/Controllers/Inhouseguest.php(43): CodeIgniter\Debug\Exceptions->errorHandler(2, 'Trying to access array offset on value of type null', '/home/neuralarcteam/public_html/advaya.neuralarc.com/app/Controllers/Inhouseguest.php', 43)
 2 SYSTEMPATH/CodeIgniter.php(942): App\Controllers\Inhouseguest->room_guest('1')
 3 SYSTEMPATH/CodeIgniter.php(502): CodeIgniter\CodeIgniter->runController(Object(App\Controllers\Inhouseguest))
 4 SYSTEMPATH/CodeIgniter.php(361): CodeIgniter\CodeIgniter->handleRequest(null, Object(Config\Cache), false)
 5 FCPATH/index.php(79): CodeIgniter\CodeIgniter->run()
CRITICAL - 2025-09-19 04:29:04 --> Trying to access array offset on value of type null
in APPPATH/Controllers/Inhouseguest.php on line 43.
 1 APPPATH/Controllers/Inhouseguest.php(43): CodeIgniter\Debug\Exceptions->errorHandler(2, 'Trying to access array offset on value of type null', '/home/neuralarcteam/public_html/advaya.neuralarc.com/app/Controllers/Inhouseguest.php', 43)
 2 SYSTEMPATH/CodeIgniter.php(942): App\Controllers\Inhouseguest->room_guest('1')
 3 SYSTEMPATH/CodeIgniter.php(502): CodeIgniter\CodeIgniter->runController(Object(App\Controllers\Inhouseguest))
 4 SYSTEMPATH/CodeIgniter.php(361): CodeIgniter\CodeIgniter->handleRequest(null, Object(Config\Cache), false)
 5 FCPATH/index.php(79): CodeIgniter\CodeIgniter->run()
CRITICAL - 2025-09-19 04:41:17 --> Trying to access array offset on value of type null
in APPPATH/Controllers/Inhouseguest.php on line 43.
 1 APPPATH/Controllers/Inhouseguest.php(43): CodeIgniter\Debug\Exceptions->errorHandler(2, 'Trying to access array offset on value of type null', '/home/neuralarcteam/public_html/advaya.neuralarc.com/app/Controllers/Inhouseguest.php', 43)
 2 SYSTEMPATH/CodeIgniter.php(942): App\Controllers\Inhouseguest->room_guest('1')
 3 SYSTEMPATH/CodeIgniter.php(502): CodeIgniter\CodeIgniter->runController(Object(App\Controllers\Inhouseguest))
 4 SYSTEMPATH/CodeIgniter.php(361): CodeIgniter\CodeIgniter->handleRequest(null, Object(Config\Cache), false)
 5 FCPATH/index.php(79): CodeIgniter\CodeIgniter->run()
