CRITICAL - 2024-05-25 11:49:13 --> Undefined variable $info
in APPPATH/Controllers/Jobvacancy.php on line 229.
 1 APPPATH/Controllers/Jobvacancy.php(229): CodeIgniter\Debug\Exceptions->errorHandler(2, 'Undefined variable $info', '/home/freelance/public_html/digitalflow/app/Controllers/Jobvacancy.php', 229)
 2 SYSTEMPATH/CodeIgniter.php(942): App\Controllers\Jobvacancy->list()
 3 SYSTEMPATH/CodeIgniter.php(502): CodeIgniter\CodeIgniter->runController(Object(App\Controllers\Jobvacancy))
 4 SYSTEMPATH/CodeIgniter.php(361): CodeIgniter\CodeIgniter->handleRequest(null, Object(Config\Cache), false)
 5 FCPATH/index.php(79): CodeIgniter\CodeIgniter->run()
CRITICAL - 2024-05-25 11:50:01 --> json_decode(): Argument #1 ($json) must be of type string, array given
in APPPATH/Controllers/Jobvacancy.php on line 232.
 1 APPPATH/Controllers/Jobvacancy.php(232): json_decode([...])
 2 SYSTEMPATH/CodeIgniter.php(942): App\Controllers\Jobvacancy->list()
 3 SYSTEMPATH/CodeIgniter.php(502): CodeIgniter\CodeIgniter->runController(Object(App\Controllers\Jobvacancy))
 4 SYSTEMPATH/CodeIgniter.php(361): CodeIgniter\CodeIgniter->handleRequest(null, Object(Config\Cache), false)
 5 FCPATH/index.php(79): CodeIgniter\CodeIgniter->run()
CRITICAL - 2024-05-25 11:53:37 --> Undefined variable $dat
in APPPATH/Controllers/Jobvacancy.php on line 252.
 1 APPPATH/Controllers/Jobvacancy.php(252): CodeIgniter\Debug\Exceptions->errorHandler(2, 'Undefined variable $dat', '/home/freelance/public_html/digitalflow/app/Controllers/Jobvacancy.php', 252)
 2 SYSTEMPATH/CodeIgniter.php(942): App\Controllers\Jobvacancy->list()
 3 SYSTEMPATH/CodeIgniter.php(502): CodeIgniter\CodeIgniter->runController(Object(App\Controllers\Jobvacancy))
 4 SYSTEMPATH/CodeIgniter.php(361): CodeIgniter\CodeIgniter->handleRequest(null, Object(Config\Cache), false)
 5 FCPATH/index.php(79): CodeIgniter\CodeIgniter->run()
CRITICAL - 2024-05-25 12:01:07 --> Undefined array key "qualification"
in APPPATH/Controllers/Jobvacancy.php on line 245.
 1 APPPATH/Controllers/Jobvacancy.php(245): CodeIgniter\Debug\Exceptions->errorHandler(2, 'Undefined array key "qualification"', '/home/freelance/public_html/digitalflow/app/Controllers/Jobvacancy.php', 245)
 2 SYSTEMPATH/CodeIgniter.php(942): App\Controllers\Jobvacancy->list()
 3 SYSTEMPATH/CodeIgniter.php(502): CodeIgniter\CodeIgniter->runController(Object(App\Controllers\Jobvacancy))
 4 SYSTEMPATH/CodeIgniter.php(361): CodeIgniter\CodeIgniter->handleRequest(null, Object(Config\Cache), false)
 5 FCPATH/index.php(79): CodeIgniter\CodeIgniter->run()
CRITICAL - 2024-05-25 14:14:02 --> Undefined array key "job_vacancy_Qualification"
in APPPATH/Views/jobvacancy/vacancy.php on line 80.
 1 APPPATH/Views/jobvacancy/vacancy.php(80): CodeIgniter\Debug\Exceptions->errorHandler(2, 'Undefined array key "job_vacancy_Qualification"', '/home/freelance/public_html/digitalflow/app/Views/jobvacancy/vacancy.php', 80)
 2 SYSTEMPATH/View/View.php(228): include('/home/freelance/public_html/digitalflow/app/Views/jobvacancy/vacancy.php')
 3 SYSTEMPATH/View/View.php(231): CodeIgniter\View\View->CodeIgniter\View\{closure}()
 4 SYSTEMPATH/Common.php(1190): CodeIgniter\View\View->render('jobvacancy/vacancy', [], true)
 5 APPPATH/Controllers/Jobvacancy.php(217): view('jobvacancy/vacancy', [...])
 6 SYSTEMPATH/CodeIgniter.php(942): App\Controllers\Jobvacancy->vacancy('$1')
 7 SYSTEMPATH/CodeIgniter.php(502): CodeIgniter\CodeIgniter->runController(Object(App\Controllers\Jobvacancy))
 8 SYSTEMPATH/CodeIgniter.php(361): CodeIgniter\CodeIgniter->handleRequest(null, Object(Config\Cache), false)
 9 FCPATH/index.php(79): CodeIgniter\CodeIgniter->run()
CRITICAL - 2024-05-25 14:14:37 --> Undefined array key "job_vacancy_Qualification"
in APPPATH/Views/jobvacancy/vacancy.php on line 80.
 1 APPPATH/Views/jobvacancy/vacancy.php(80): CodeIgniter\Debug\Exceptions->errorHandler(2, 'Undefined array key "job_vacancy_Qualification"', '/home/freelance/public_html/digitalflow/app/Views/jobvacancy/vacancy.php', 80)
 2 SYSTEMPATH/View/View.php(228): include('/home/freelance/public_html/digitalflow/app/Views/jobvacancy/vacancy.php')
 3 SYSTEMPATH/View/View.php(231): CodeIgniter\View\View->CodeIgniter\View\{closure}()
 4 SYSTEMPATH/Common.php(1190): CodeIgniter\View\View->render('jobvacancy/vacancy', [], true)
 5 APPPATH/Controllers/Jobvacancy.php(217): view('jobvacancy/vacancy', [...])
 6 SYSTEMPATH/CodeIgniter.php(942): App\Controllers\Jobvacancy->vacancy('$1')
 7 SYSTEMPATH/CodeIgniter.php(502): CodeIgniter\CodeIgniter->runController(Object(App\Controllers\Jobvacancy))
 8 SYSTEMPATH/CodeIgniter.php(361): CodeIgniter\CodeIgniter->handleRequest(null, Object(Config\Cache), false)
 9 FCPATH/index.php(79): CodeIgniter\CodeIgniter->run()
