CRITICAL - 2024-05-26 05:02:18 --> Undefined variable $data
in APPPATH/Controllers/RecruitmentInfo.php on line 85.
 1 APPPATH/Controllers/RecruitmentInfo.php(85): CodeIgniter\Debug\Exceptions->errorHandler(2, 'Undefined variable $data', '/home/freelance/public_html/digitalflow/app/Controllers/RecruitmentInfo.php', 85)
 2 SYSTEMPATH/CodeIgniter.php(942): App\Controllers\RecruitmentInfo->index()
 3 SYSTEMPATH/CodeIgniter.php(502): CodeIgniter\CodeIgniter->runController(Object(App\Controllers\RecruitmentInfo))
 4 SYSTEMPATH/CodeIgniter.php(361): CodeIgniter\CodeIgniter->handleRequest(null, Object(Config\Cache), false)
 5 FCPATH/index.php(79): CodeIgniter\CodeIgniter->run()
CRITICAL - 2024-05-26 05:11:51 --> Undefined variable $emp_id
in APPPATH/Views/recruitmentinfo/index.php on line 92.
 1 APPPATH/Views/recruitmentinfo/index.php(92): CodeIgniter\Debug\Exceptions->errorHandler(2, 'Undefined variable $emp_id', '/home/freelance/public_html/digitalflow/app/Views/recruitmentinfo/index.php', 92)
 2 SYSTEMPATH/View/View.php(228): include('/home/freelance/public_html/digitalflow/app/Views/recruitmentinfo/index.php')
 3 SYSTEMPATH/View/View.php(231): CodeIgniter\View\View->CodeIgniter\View\{closure}()
 4 SYSTEMPATH/Common.php(1190): CodeIgniter\View\View->render('recruitmentinfo/index', [], true)
 5 APPPATH/Controllers/RecruitmentInfo.php(85): view('recruitmentinfo/index')
 6 SYSTEMPATH/CodeIgniter.php(942): App\Controllers\RecruitmentInfo->index()
 7 SYSTEMPATH/CodeIgniter.php(502): CodeIgniter\CodeIgniter->runController(Object(App\Controllers\RecruitmentInfo))
 8 SYSTEMPATH/CodeIgniter.php(361): CodeIgniter\CodeIgniter->handleRequest(null, Object(Config\Cache), false)
 9 FCPATH/index.php(79): CodeIgniter\CodeIgniter->run()
ERROR - 2024-05-26 13:08:56 --> mysqli_sql_exception: Operand should contain 1 column(s) in /home/freelance/public_html/digitalflow/system/Database/MySQLi/Connection.php:306
Stack trace:
#0 /home/freelance/public_html/digitalflow/system/Database/MySQLi/Connection.php(306): mysqli->query('INSERT INTO `de...', 0)
#1 /home/freelance/public_html/digitalflow/system/Database/BaseConnection.php(693): CodeIgniter\Database\MySQLi\Connection->execute('INSERT INTO `de...')
#2 /home/freelance/public_html/digitalflow/system/Database/BaseConnection.php(607): CodeIgniter\Database\BaseConnection->simpleQuery('INSERT INTO `de...')
#3 /home/freelance/public_html/digitalflow/system/Database/BaseBuilder.php(2308): CodeIgniter\Database\BaseConnection->query('INSERT INTO `de...', Array, false)
#4 /home/freelance/public_html/digitalflow/system/Model.php(319): CodeIgniter\Database\BaseBuilder->insert()
#5 /home/freelance/public_html/digitalflow/system/BaseModel.php(788): CodeIgniter\Model->doInsert(Array)
#6 /home/freelance/public_html/digitalflow/system/Model.php(715): CodeIgniter\BaseModel->insert(Array, false)
#7 /home/freelance/public_html/digitalflow/system/BaseModel.php(698): CodeIgniter\Model->insert(Array, false)
#8 /home/freelance/public_html/digitalflow/app/Controllers/DepartmentInfo.php(59): CodeIgniter\BaseModel->save(Array)
#9 /home/freelance/public_html/digitalflow/system/CodeIgniter.php(942): App\Controllers\DepartmentInfo->index()
#10 /home/freelance/public_html/digitalflow/system/CodeIgniter.php(502): CodeIgniter\CodeIgniter->runController(Object(App\Controllers\DepartmentInfo))
#11 /home/freelance/public_html/digitalflow/system/CodeIgniter.php(361): CodeIgniter\CodeIgniter->handleRequest(NULL, Object(Config\Cache), false)
#12 /home/freelance/public_html/digitalflow/index.php(79): CodeIgniter\CodeIgniter->run()
#13 {main}
CRITICAL - 2024-05-26 13:08:56 --> Operand should contain 1 column(s)
in SYSTEMPATH/Database/BaseConnection.php on line 647.
 1 SYSTEMPATH/Database/BaseBuilder.php(2308): CodeIgniter\Database\BaseConnection->query('INSERT INTO `department_info` (`department_name`, `department_roletype`, `department_created_on`, `department_updated_on`) VALUES (:department_name:, :department_roletype:, :department_created_on:, :department_updated_on:)', [...], false)
 2 SYSTEMPATH/Model.php(319): CodeIgniter\Database\BaseBuilder->insert()
 3 SYSTEMPATH/BaseModel.php(788): CodeIgniter\Model->doInsert([...])
 4 SYSTEMPATH/Model.php(715): CodeIgniter\BaseModel->insert([...], false)
 5 SYSTEMPATH/BaseModel.php(698): CodeIgniter\Model->insert([...], false)
 6 APPPATH/Controllers/DepartmentInfo.php(59): CodeIgniter\BaseModel->save([...])
 7 SYSTEMPATH/CodeIgniter.php(942): App\Controllers\DepartmentInfo->index()
 8 SYSTEMPATH/CodeIgniter.php(502): CodeIgniter\CodeIgniter->runController(Object(App\Controllers\DepartmentInfo))
 9 SYSTEMPATH/CodeIgniter.php(361): CodeIgniter\CodeIgniter->handleRequest(null, Object(Config\Cache), false)
10 FCPATH/index.php(79): CodeIgniter\CodeIgniter->run()
CRITICAL - 2024-05-26 07:55:09 --> foreach() argument must be of type array|object, null given
in APPPATH/Views/departmentinfo/view.php on line 77.
 1 APPPATH/Views/departmentinfo/view.php(77): CodeIgniter\Debug\Exceptions->errorHandler(2, 'foreach() argument must be of type array|object, null given', '/home/freelance/public_html/digitalflow/app/Views/departmentinfo/view.php', 77)
 2 SYSTEMPATH/View/View.php(228): include('/home/freelance/public_html/digitalflow/app/Views/departmentinfo/view.php')
 3 SYSTEMPATH/View/View.php(231): CodeIgniter\View\View->CodeIgniter\View\{closure}()
 4 SYSTEMPATH/Common.php(1190): CodeIgniter\View\View->render('departmentinfo/view', [], true)
 5 APPPATH/Controllers/DepartmentInfo.php(107): view('departmentinfo/view', [...])
 6 SYSTEMPATH/CodeIgniter.php(942): App\Controllers\DepartmentInfo->view()
 7 SYSTEMPATH/CodeIgniter.php(502): CodeIgniter\CodeIgniter->runController(Object(App\Controllers\DepartmentInfo))
 8 SYSTEMPATH/CodeIgniter.php(361): CodeIgniter\CodeIgniter->handleRequest(null, Object(Config\Cache), false)
 9 FCPATH/index.php(79): CodeIgniter\CodeIgniter->run()
CRITICAL - 2024-05-26 07:56:02 --> Cannot use object of type stdClass as array
in APPPATH/Views/departmentinfo/view.php on line 78.
 1 SYSTEMPATH/View/View.php(228): include()
 2 SYSTEMPATH/View/View.php(231): CodeIgniter\View\View->CodeIgniter\View\{closure}()
 3 SYSTEMPATH/Common.php(1190): CodeIgniter\View\View->render('departmentinfo/view', [], true)
 4 APPPATH/Controllers/DepartmentInfo.php(107): view('departmentinfo/view', [...])
 5 SYSTEMPATH/CodeIgniter.php(942): App\Controllers\DepartmentInfo->view()
 6 SYSTEMPATH/CodeIgniter.php(502): CodeIgniter\CodeIgniter->runController(Object(App\Controllers\DepartmentInfo))
 7 SYSTEMPATH/CodeIgniter.php(361): CodeIgniter\CodeIgniter->handleRequest(null, Object(Config\Cache), false)
 8 FCPATH/index.php(79): CodeIgniter\CodeIgniter->run()
CRITICAL - 2024-05-26 07:57:53 --> Cannot use object of type stdClass as array
in APPPATH/Views/departmentinfo/view.php on line 78.
 1 SYSTEMPATH/View/View.php(228): include()
 2 SYSTEMPATH/View/View.php(231): CodeIgniter\View\View->CodeIgniter\View\{closure}()
 3 SYSTEMPATH/Common.php(1190): CodeIgniter\View\View->render('departmentinfo/view', [], true)
 4 APPPATH/Controllers/DepartmentInfo.php(107): view('departmentinfo/view', [...])
 5 SYSTEMPATH/CodeIgniter.php(942): App\Controllers\DepartmentInfo->view()
 6 SYSTEMPATH/CodeIgniter.php(502): CodeIgniter\CodeIgniter->runController(Object(App\Controllers\DepartmentInfo))
 7 SYSTEMPATH/CodeIgniter.php(361): CodeIgniter\CodeIgniter->handleRequest(null, Object(Config\Cache), false)
 8 FCPATH/index.php(79): CodeIgniter\CodeIgniter->run()
CRITICAL - 2024-05-26 07:58:09 --> Object of class stdClass could not be converted to string
in APPPATH/Views/departmentinfo/view.php on line 78.
 1 SYSTEMPATH/View/View.php(228): include()
 2 SYSTEMPATH/View/View.php(231): CodeIgniter\View\View->CodeIgniter\View\{closure}()
 3 SYSTEMPATH/Common.php(1190): CodeIgniter\View\View->render('departmentinfo/view', [], true)
 4 APPPATH/Controllers/DepartmentInfo.php(107): view('departmentinfo/view', [...])
 5 SYSTEMPATH/CodeIgniter.php(942): App\Controllers\DepartmentInfo->view()
 6 SYSTEMPATH/CodeIgniter.php(502): CodeIgniter\CodeIgniter->runController(Object(App\Controllers\DepartmentInfo))
 7 SYSTEMPATH/CodeIgniter.php(361): CodeIgniter\CodeIgniter->handleRequest(null, Object(Config\Cache), false)
 8 FCPATH/index.php(79): CodeIgniter\CodeIgniter->run()
CRITICAL - 2024-05-26 07:59:04 --> Cannot use object of type stdClass as array
in APPPATH/Views/departmentinfo/view.php on line 78.
 1 SYSTEMPATH/View/View.php(228): include()
 2 SYSTEMPATH/View/View.php(231): CodeIgniter\View\View->CodeIgniter\View\{closure}()
 3 SYSTEMPATH/Common.php(1190): CodeIgniter\View\View->render('departmentinfo/view', [], true)
 4 APPPATH/Controllers/DepartmentInfo.php(107): view('departmentinfo/view', [...])
 5 SYSTEMPATH/CodeIgniter.php(942): App\Controllers\DepartmentInfo->view()
 6 SYSTEMPATH/CodeIgniter.php(502): CodeIgniter\CodeIgniter->runController(Object(App\Controllers\DepartmentInfo))
 7 SYSTEMPATH/CodeIgniter.php(361): CodeIgniter\CodeIgniter->handleRequest(null, Object(Config\Cache), false)
 8 FCPATH/index.php(79): CodeIgniter\CodeIgniter->run()
CRITICAL - 2024-05-26 07:59:20 --> Undefined array key "company_resign_id"
in APPPATH/Views/departmentinfo/view.php on line 85.
 1 APPPATH/Views/departmentinfo/view.php(85): CodeIgniter\Debug\Exceptions->errorHandler(2, 'Undefined array key "company_resign_id"', '/home/freelance/public_html/digitalflow/app/Views/departmentinfo/view.php', 85)
 2 SYSTEMPATH/View/View.php(228): include('/home/freelance/public_html/digitalflow/app/Views/departmentinfo/view.php')
 3 SYSTEMPATH/View/View.php(231): CodeIgniter\View\View->CodeIgniter\View\{closure}()
 4 SYSTEMPATH/Common.php(1190): CodeIgniter\View\View->render('departmentinfo/view', [], true)
 5 APPPATH/Controllers/DepartmentInfo.php(107): view('departmentinfo/view', [...])
 6 SYSTEMPATH/CodeIgniter.php(942): App\Controllers\DepartmentInfo->view()
 7 SYSTEMPATH/CodeIgniter.php(502): CodeIgniter\CodeIgniter->runController(Object(App\Controllers\DepartmentInfo))
 8 SYSTEMPATH/CodeIgniter.php(361): CodeIgniter\CodeIgniter->handleRequest(null, Object(Config\Cache), false)
 9 FCPATH/index.php(79): CodeIgniter\CodeIgniter->run()
CRITICAL - 2024-05-26 08:01:05 --> Undefined variable $page
in APPPATH/Views/layout/users_view.php on line 165.
 1 APPPATH/Views/layout/users_view.php(165): CodeIgniter\Debug\Exceptions->errorHandler(2, 'Undefined variable $page', '/home/freelance/public_html/digitalflow/app/Views/layout/users_view.php', 165)
 2 SYSTEMPATH/View/View.php(228): include('/home/freelance/public_html/digitalflow/app/Views/layout/users_view.php')
 3 SYSTEMPATH/View/View.php(231): CodeIgniter\View\View->CodeIgniter\View\{closure}()
 4 SYSTEMPATH/View/View.php(244): CodeIgniter\View\View->render('layout/users_view', [], true)
 5 SYSTEMPATH/Common.php(1190): CodeIgniter\View\View->render('departmentinfo/view', [], true)
 6 APPPATH/Controllers/DepartmentInfo.php(107): view('departmentinfo/view', [...])
 7 SYSTEMPATH/CodeIgniter.php(942): App\Controllers\DepartmentInfo->view()
 8 SYSTEMPATH/CodeIgniter.php(502): CodeIgniter\CodeIgniter->runController(Object(App\Controllers\DepartmentInfo))
 9 SYSTEMPATH/CodeIgniter.php(361): CodeIgniter\CodeIgniter->handleRequest(null, Object(Config\Cache), false)
10 FCPATH/index.php(79): CodeIgniter\CodeIgniter->run()
CRITICAL - 2024-05-26 08:03:30 --> Undefined array key "department_roletype"
in APPPATH/Views/departmentinfo/view.php on line 67.
 1 APPPATH/Views/departmentinfo/view.php(67): CodeIgniter\Debug\Exceptions->errorHandler(2, 'Undefined array key "department_roletype"', '/home/freelance/public_html/digitalflow/app/Views/departmentinfo/view.php', 67)
 2 SYSTEMPATH/View/View.php(228): include('/home/freelance/public_html/digitalflow/app/Views/departmentinfo/view.php')
 3 SYSTEMPATH/View/View.php(231): CodeIgniter\View\View->CodeIgniter\View\{closure}()
 4 SYSTEMPATH/Common.php(1190): CodeIgniter\View\View->render('departmentinfo/view', [], true)
 5 APPPATH/Controllers/DepartmentInfo.php(107): view('departmentinfo/view', [...])
 6 SYSTEMPATH/CodeIgniter.php(942): App\Controllers\DepartmentInfo->view()
 7 SYSTEMPATH/CodeIgniter.php(502): CodeIgniter\CodeIgniter->runController(Object(App\Controllers\DepartmentInfo))
 8 SYSTEMPATH/CodeIgniter.php(361): CodeIgniter\CodeIgniter->handleRequest(null, Object(Config\Cache), false)
 9 FCPATH/index.php(79): CodeIgniter\CodeIgniter->run()
CRITICAL - 2024-05-26 08:03:45 --> Cannot use object of type stdClass as array
in APPPATH/Views/departmentinfo/view.php on line 67.
 1 SYSTEMPATH/View/View.php(228): include()
 2 SYSTEMPATH/View/View.php(231): CodeIgniter\View\View->CodeIgniter\View\{closure}()
 3 SYSTEMPATH/Common.php(1190): CodeIgniter\View\View->render('departmentinfo/view', [], true)
 4 APPPATH/Controllers/DepartmentInfo.php(107): view('departmentinfo/view', [...])
 5 SYSTEMPATH/CodeIgniter.php(942): App\Controllers\DepartmentInfo->view()
 6 SYSTEMPATH/CodeIgniter.php(502): CodeIgniter\CodeIgniter->runController(Object(App\Controllers\DepartmentInfo))
 7 SYSTEMPATH/CodeIgniter.php(361): CodeIgniter\CodeIgniter->handleRequest(null, Object(Config\Cache), false)
 8 FCPATH/index.php(79): CodeIgniter\CodeIgniter->run()
CRITICAL - 2024-05-26 08:05:16 --> Cannot use object of type stdClass as array
in APPPATH/Views/departmentinfo/view.php on line 68.
 1 SYSTEMPATH/View/View.php(228): include()
 2 SYSTEMPATH/View/View.php(231): CodeIgniter\View\View->CodeIgniter\View\{closure}()
 3 SYSTEMPATH/Common.php(1190): CodeIgniter\View\View->render('departmentinfo/view', [], true)
 4 APPPATH/Controllers/DepartmentInfo.php(107): view('departmentinfo/view', [...])
 5 SYSTEMPATH/CodeIgniter.php(942): App\Controllers\DepartmentInfo->view()
 6 SYSTEMPATH/CodeIgniter.php(502): CodeIgniter\CodeIgniter->runController(Object(App\Controllers\DepartmentInfo))
 7 SYSTEMPATH/CodeIgniter.php(361): CodeIgniter\CodeIgniter->handleRequest(null, Object(Config\Cache), false)
 8 FCPATH/index.php(79): CodeIgniter\CodeIgniter->run()
CRITICAL - 2024-05-26 08:05:53 --> Cannot use object of type stdClass as array
in APPPATH/Views/departmentinfo/view.php on line 68.
 1 SYSTEMPATH/View/View.php(228): include()
 2 SYSTEMPATH/View/View.php(231): CodeIgniter\View\View->CodeIgniter\View\{closure}()
 3 SYSTEMPATH/Common.php(1190): CodeIgniter\View\View->render('departmentinfo/view', [], true)
 4 APPPATH/Controllers/DepartmentInfo.php(107): view('departmentinfo/view', [...])
 5 SYSTEMPATH/CodeIgniter.php(942): App\Controllers\DepartmentInfo->view()
 6 SYSTEMPATH/CodeIgniter.php(502): CodeIgniter\CodeIgniter->runController(Object(App\Controllers\DepartmentInfo))
 7 SYSTEMPATH/CodeIgniter.php(361): CodeIgniter\CodeIgniter->handleRequest(null, Object(Config\Cache), false)
 8 FCPATH/index.php(79): CodeIgniter\CodeIgniter->run()
CRITICAL - 2024-05-26 08:06:05 --> Cannot use object of type stdClass as array
in APPPATH/Views/departmentinfo/view.php on line 68.
 1 SYSTEMPATH/View/View.php(228): include()
 2 SYSTEMPATH/View/View.php(231): CodeIgniter\View\View->CodeIgniter\View\{closure}()
 3 SYSTEMPATH/Common.php(1190): CodeIgniter\View\View->render('departmentinfo/view', [], true)
 4 APPPATH/Controllers/DepartmentInfo.php(107): view('departmentinfo/view', [...])
 5 SYSTEMPATH/CodeIgniter.php(942): App\Controllers\DepartmentInfo->view()
 6 SYSTEMPATH/CodeIgniter.php(502): CodeIgniter\CodeIgniter->runController(Object(App\Controllers\DepartmentInfo))
 7 SYSTEMPATH/CodeIgniter.php(361): CodeIgniter\CodeIgniter->handleRequest(null, Object(Config\Cache), false)
 8 FCPATH/index.php(79): CodeIgniter\CodeIgniter->run()
CRITICAL - 2024-05-26 08:06:14 --> Object of class stdClass could not be converted to string
in APPPATH/Views/departmentinfo/view.php on line 68.
 1 SYSTEMPATH/View/View.php(228): include()
 2 SYSTEMPATH/View/View.php(231): CodeIgniter\View\View->CodeIgniter\View\{closure}()
 3 SYSTEMPATH/Common.php(1190): CodeIgniter\View\View->render('departmentinfo/view', [], true)
 4 APPPATH/Controllers/DepartmentInfo.php(107): view('departmentinfo/view', [...])
 5 SYSTEMPATH/CodeIgniter.php(942): App\Controllers\DepartmentInfo->view()
 6 SYSTEMPATH/CodeIgniter.php(502): CodeIgniter\CodeIgniter->runController(Object(App\Controllers\DepartmentInfo))
 7 SYSTEMPATH/CodeIgniter.php(361): CodeIgniter\CodeIgniter->handleRequest(null, Object(Config\Cache), false)
 8 FCPATH/index.php(79): CodeIgniter\CodeIgniter->run()
CRITICAL - 2024-05-26 08:06:34 --> syntax error, unexpected variable "$ty", expecting "," or ";"
in APPPATH/Views/departmentinfo/view.php on line 68.
 1 SYSTEMPATH/View/View.php(231): CodeIgniter\View\View->CodeIgniter\View\{closure}()
 2 SYSTEMPATH/Common.php(1190): CodeIgniter\View\View->render('departmentinfo/view', [], true)
 3 APPPATH/Controllers/DepartmentInfo.php(107): view('departmentinfo/view', [...])
 4 SYSTEMPATH/CodeIgniter.php(942): App\Controllers\DepartmentInfo->view()
 5 SYSTEMPATH/CodeIgniter.php(502): CodeIgniter\CodeIgniter->runController(Object(App\Controllers\DepartmentInfo))
 6 SYSTEMPATH/CodeIgniter.php(361): CodeIgniter\CodeIgniter->handleRequest(null, Object(Config\Cache), false)
 7 FCPATH/index.php(79): CodeIgniter\CodeIgniter->run()
CRITICAL - 2024-05-26 08:06:45 --> foreach() argument must be of type array|object, string given
in APPPATH/Views/departmentinfo/view.php on line 67.
 1 APPPATH/Views/departmentinfo/view.php(67): CodeIgniter\Debug\Exceptions->errorHandler(2, 'foreach() argument must be of type array|object, string given', '/home/freelance/public_html/digitalflow/app/Views/departmentinfo/view.php', 67)
 2 SYSTEMPATH/View/View.php(228): include('/home/freelance/public_html/digitalflow/app/Views/departmentinfo/view.php')
 3 SYSTEMPATH/View/View.php(231): CodeIgniter\View\View->CodeIgniter\View\{closure}()
 4 SYSTEMPATH/Common.php(1190): CodeIgniter\View\View->render('departmentinfo/view', [], true)
 5 APPPATH/Controllers/DepartmentInfo.php(107): view('departmentinfo/view', [...])
 6 SYSTEMPATH/CodeIgniter.php(942): App\Controllers\DepartmentInfo->view()
 7 SYSTEMPATH/CodeIgniter.php(502): CodeIgniter\CodeIgniter->runController(Object(App\Controllers\DepartmentInfo))
 8 SYSTEMPATH/CodeIgniter.php(361): CodeIgniter\CodeIgniter->handleRequest(null, Object(Config\Cache), false)
 9 FCPATH/index.php(79): CodeIgniter\CodeIgniter->run()
CRITICAL - 2024-05-26 08:08:12 --> foreach() argument must be of type array|object, string given
in APPPATH/Views/departmentinfo/view.php on line 67.
 1 APPPATH/Views/departmentinfo/view.php(67): CodeIgniter\Debug\Exceptions->errorHandler(2, 'foreach() argument must be of type array|object, string given', '/home/freelance/public_html/digitalflow/app/Views/departmentinfo/view.php', 67)
 2 SYSTEMPATH/View/View.php(228): include('/home/freelance/public_html/digitalflow/app/Views/departmentinfo/view.php')
 3 SYSTEMPATH/View/View.php(231): CodeIgniter\View\View->CodeIgniter\View\{closure}()
 4 SYSTEMPATH/Common.php(1190): CodeIgniter\View\View->render('departmentinfo/view', [], true)
 5 APPPATH/Controllers/DepartmentInfo.php(107): view('departmentinfo/view', [...])
 6 SYSTEMPATH/CodeIgniter.php(942): App\Controllers\DepartmentInfo->view()
 7 SYSTEMPATH/CodeIgniter.php(502): CodeIgniter\CodeIgniter->runController(Object(App\Controllers\DepartmentInfo))
 8 SYSTEMPATH/CodeIgniter.php(361): CodeIgniter\CodeIgniter->handleRequest(null, Object(Config\Cache), false)
 9 FCPATH/index.php(79): CodeIgniter\CodeIgniter->run()
CRITICAL - 2024-05-26 08:08:14 --> foreach() argument must be of type array|object, string given
in APPPATH/Views/departmentinfo/view.php on line 67.
 1 APPPATH/Views/departmentinfo/view.php(67): CodeIgniter\Debug\Exceptions->errorHandler(2, 'foreach() argument must be of type array|object, string given', '/home/freelance/public_html/digitalflow/app/Views/departmentinfo/view.php', 67)
 2 SYSTEMPATH/View/View.php(228): include('/home/freelance/public_html/digitalflow/app/Views/departmentinfo/view.php')
 3 SYSTEMPATH/View/View.php(231): CodeIgniter\View\View->CodeIgniter\View\{closure}()
 4 SYSTEMPATH/Common.php(1190): CodeIgniter\View\View->render('departmentinfo/view', [], true)
 5 APPPATH/Controllers/DepartmentInfo.php(107): view('departmentinfo/view', [...])
 6 SYSTEMPATH/CodeIgniter.php(942): App\Controllers\DepartmentInfo->view()
 7 SYSTEMPATH/CodeIgniter.php(502): CodeIgniter\CodeIgniter->runController(Object(App\Controllers\DepartmentInfo))
 8 SYSTEMPATH/CodeIgniter.php(361): CodeIgniter\CodeIgniter->handleRequest(null, Object(Config\Cache), false)
 9 FCPATH/index.php(79): CodeIgniter\CodeIgniter->run()
CRITICAL - 2024-05-26 08:08:46 --> foreach() argument must be of type array|object, string given
in APPPATH/Views/departmentinfo/view.php on line 67.
 1 APPPATH/Views/departmentinfo/view.php(67): CodeIgniter\Debug\Exceptions->errorHandler(2, 'foreach() argument must be of type array|object, string given', '/home/freelance/public_html/digitalflow/app/Views/departmentinfo/view.php', 67)
 2 SYSTEMPATH/View/View.php(228): include('/home/freelance/public_html/digitalflow/app/Views/departmentinfo/view.php')
 3 SYSTEMPATH/View/View.php(231): CodeIgniter\View\View->CodeIgniter\View\{closure}()
 4 SYSTEMPATH/Common.php(1190): CodeIgniter\View\View->render('departmentinfo/view', [], true)
 5 APPPATH/Controllers/DepartmentInfo.php(107): view('departmentinfo/view', [...])
 6 SYSTEMPATH/CodeIgniter.php(942): App\Controllers\DepartmentInfo->view()
 7 SYSTEMPATH/CodeIgniter.php(502): CodeIgniter\CodeIgniter->runController(Object(App\Controllers\DepartmentInfo))
 8 SYSTEMPATH/CodeIgniter.php(361): CodeIgniter\CodeIgniter->handleRequest(null, Object(Config\Cache), false)
 9 FCPATH/index.php(79): CodeIgniter\CodeIgniter->run()
CRITICAL - 2024-05-26 08:08:47 --> foreach() argument must be of type array|object, string given
in APPPATH/Views/departmentinfo/view.php on line 67.
 1 APPPATH/Views/departmentinfo/view.php(67): CodeIgniter\Debug\Exceptions->errorHandler(2, 'foreach() argument must be of type array|object, string given', '/home/freelance/public_html/digitalflow/app/Views/departmentinfo/view.php', 67)
 2 SYSTEMPATH/View/View.php(228): include('/home/freelance/public_html/digitalflow/app/Views/departmentinfo/view.php')
 3 SYSTEMPATH/View/View.php(231): CodeIgniter\View\View->CodeIgniter\View\{closure}()
 4 SYSTEMPATH/Common.php(1190): CodeIgniter\View\View->render('departmentinfo/view', [], true)
 5 APPPATH/Controllers/DepartmentInfo.php(107): view('departmentinfo/view', [...])
 6 SYSTEMPATH/CodeIgniter.php(942): App\Controllers\DepartmentInfo->view()
 7 SYSTEMPATH/CodeIgniter.php(502): CodeIgniter\CodeIgniter->runController(Object(App\Controllers\DepartmentInfo))
 8 SYSTEMPATH/CodeIgniter.php(361): CodeIgniter\CodeIgniter->handleRequest(null, Object(Config\Cache), false)
 9 FCPATH/index.php(79): CodeIgniter\CodeIgniter->run()
CRITICAL - 2024-05-26 08:08:52 --> foreach() argument must be of type array|object, string given
in APPPATH/Views/departmentinfo/view.php on line 67.
 1 APPPATH/Views/departmentinfo/view.php(67): CodeIgniter\Debug\Exceptions->errorHandler(2, 'foreach() argument must be of type array|object, string given', '/home/freelance/public_html/digitalflow/app/Views/departmentinfo/view.php', 67)
 2 SYSTEMPATH/View/View.php(228): include('/home/freelance/public_html/digitalflow/app/Views/departmentinfo/view.php')
 3 SYSTEMPATH/View/View.php(231): CodeIgniter\View\View->CodeIgniter\View\{closure}()
 4 SYSTEMPATH/Common.php(1190): CodeIgniter\View\View->render('departmentinfo/view', [], true)
 5 APPPATH/Controllers/DepartmentInfo.php(107): view('departmentinfo/view', [...])
 6 SYSTEMPATH/CodeIgniter.php(942): App\Controllers\DepartmentInfo->view()
 7 SYSTEMPATH/CodeIgniter.php(502): CodeIgniter\CodeIgniter->runController(Object(App\Controllers\DepartmentInfo))
 8 SYSTEMPATH/CodeIgniter.php(361): CodeIgniter\CodeIgniter->handleRequest(null, Object(Config\Cache), false)
 9 FCPATH/index.php(79): CodeIgniter\CodeIgniter->run()
CRITICAL - 2024-05-26 08:09:18 --> Call to undefined function josn_encode()
in APPPATH/Views/departmentinfo/view.php on line 68.
 1 SYSTEMPATH/View/View.php(228): include()
 2 SYSTEMPATH/View/View.php(231): CodeIgniter\View\View->CodeIgniter\View\{closure}()
 3 SYSTEMPATH/Common.php(1190): CodeIgniter\View\View->render('departmentinfo/view', [], true)
 4 APPPATH/Controllers/DepartmentInfo.php(107): view('departmentinfo/view', [...])
 5 SYSTEMPATH/CodeIgniter.php(942): App\Controllers\DepartmentInfo->view()
 6 SYSTEMPATH/CodeIgniter.php(502): CodeIgniter\CodeIgniter->runController(Object(App\Controllers\DepartmentInfo))
 7 SYSTEMPATH/CodeIgniter.php(361): CodeIgniter\CodeIgniter->handleRequest(null, Object(Config\Cache), false)
 8 FCPATH/index.php(79): CodeIgniter\CodeIgniter->run()
CRITICAL - 2024-05-26 08:11:00 --> count(): Argument #1 ($value) must be of type Countable|array, string given
in APPPATH/Views/departmentinfo/view.php on line 67.
 1 SYSTEMPATH/View/View.php(228): include()
 2 SYSTEMPATH/View/View.php(231): CodeIgniter\View\View->CodeIgniter\View\{closure}()
 3 SYSTEMPATH/Common.php(1190): CodeIgniter\View\View->render('departmentinfo/view', [], true)
 4 APPPATH/Controllers/DepartmentInfo.php(107): view('departmentinfo/view', [...])
 5 SYSTEMPATH/CodeIgniter.php(942): App\Controllers\DepartmentInfo->view()
 6 SYSTEMPATH/CodeIgniter.php(502): CodeIgniter\CodeIgniter->runController(Object(App\Controllers\DepartmentInfo))
 7 SYSTEMPATH/CodeIgniter.php(361): CodeIgniter\CodeIgniter->handleRequest(null, Object(Config\Cache), false)
 8 FCPATH/index.php(79): CodeIgniter\CodeIgniter->run()
CRITICAL - 2024-05-26 08:11:20 --> Undefined array key 2
in APPPATH/Views/departmentinfo/view.php on line 69.
 1 APPPATH/Views/departmentinfo/view.php(69): CodeIgniter\Debug\Exceptions->errorHandler(2, 'Undefined array key 2', '/home/freelance/public_html/digitalflow/app/Views/departmentinfo/view.php', 69)
 2 SYSTEMPATH/View/View.php(228): include('/home/freelance/public_html/digitalflow/app/Views/departmentinfo/view.php')
 3 SYSTEMPATH/View/View.php(231): CodeIgniter\View\View->CodeIgniter\View\{closure}()
 4 SYSTEMPATH/Common.php(1190): CodeIgniter\View\View->render('departmentinfo/view', [], true)
 5 APPPATH/Controllers/DepartmentInfo.php(107): view('departmentinfo/view', [...])
 6 SYSTEMPATH/CodeIgniter.php(942): App\Controllers\DepartmentInfo->view()
 7 SYSTEMPATH/CodeIgniter.php(502): CodeIgniter\CodeIgniter->runController(Object(App\Controllers\DepartmentInfo))
 8 SYSTEMPATH/CodeIgniter.php(361): CodeIgniter\CodeIgniter->handleRequest(null, Object(Config\Cache), false)
 9 FCPATH/index.php(79): CodeIgniter\CodeIgniter->run()
CRITICAL - 2024-05-26 09:13:03 --> Call to undefined function post()
in APPPATH/Config/Routes.php on line 177.
 1 SYSTEMPATH/Router/RouteCollection.php(344): require()
 2 SYSTEMPATH/CodeIgniter.php(810): CodeIgniter\Router\RouteCollection->loadRoutes()
 3 SYSTEMPATH/CodeIgniter.php(450): CodeIgniter\CodeIgniter->tryToRouteIt(null)
 4 SYSTEMPATH/CodeIgniter.php(361): CodeIgniter\CodeIgniter->handleRequest(null, Object(Config\Cache), false)
 5 FCPATH/index.php(79): CodeIgniter\CodeIgniter->run()
CRITICAL - 2024-05-26 09:13:29 --> Call to undefined function post()
in APPPATH/Config/Routes.php on line 177.
 1 SYSTEMPATH/Router/RouteCollection.php(344): require()
 2 SYSTEMPATH/CodeIgniter.php(810): CodeIgniter\Router\RouteCollection->loadRoutes()
 3 SYSTEMPATH/CodeIgniter.php(450): CodeIgniter\CodeIgniter->tryToRouteIt(null)
 4 SYSTEMPATH/CodeIgniter.php(361): CodeIgniter\CodeIgniter->handleRequest(null, Object(Config\Cache), false)
 5 FCPATH/index.php(79): CodeIgniter\CodeIgniter->run()
CRITICAL - 2024-05-26 09:14:52 --> Call to undefined function post()
in APPPATH/Config/Routes.php on line 177.
 1 SYSTEMPATH/Router/RouteCollection.php(344): require()
 2 SYSTEMPATH/CodeIgniter.php(810): CodeIgniter\Router\RouteCollection->loadRoutes()
 3 SYSTEMPATH/CodeIgniter.php(450): CodeIgniter\CodeIgniter->tryToRouteIt(null)
 4 SYSTEMPATH/CodeIgniter.php(361): CodeIgniter\CodeIgniter->handleRequest(null, Object(Config\Cache), false)
 5 FCPATH/index.php(79): CodeIgniter\CodeIgniter->run()
CRITICAL - 2024-05-26 09:15:29 --> Call to undefined function post()
in APPPATH/Config/Routes.php on line 177.
 1 SYSTEMPATH/Router/RouteCollection.php(344): require()
 2 SYSTEMPATH/CodeIgniter.php(810): CodeIgniter\Router\RouteCollection->loadRoutes()
 3 SYSTEMPATH/CodeIgniter.php(450): CodeIgniter\CodeIgniter->tryToRouteIt(null)
 4 SYSTEMPATH/CodeIgniter.php(361): CodeIgniter\CodeIgniter->handleRequest(null, Object(Config\Cache), false)
 5 FCPATH/index.php(79): CodeIgniter\CodeIgniter->run()
CRITICAL - 2024-05-26 09:15:35 --> Call to undefined function post()
in APPPATH/Config/Routes.php on line 177.
 1 SYSTEMPATH/Router/RouteCollection.php(344): require()
 2 SYSTEMPATH/CodeIgniter.php(810): CodeIgniter\Router\RouteCollection->loadRoutes()
 3 SYSTEMPATH/CodeIgniter.php(450): CodeIgniter\CodeIgniter->tryToRouteIt(null)
 4 SYSTEMPATH/CodeIgniter.php(361): CodeIgniter\CodeIgniter->handleRequest(null, Object(Config\Cache), false)
 5 FCPATH/index.php(79): CodeIgniter\CodeIgniter->run()
CRITICAL - 2024-05-26 09:15:40 --> Call to undefined function post()
in APPPATH/Config/Routes.php on line 177.
 1 SYSTEMPATH/Router/RouteCollection.php(344): require()
 2 SYSTEMPATH/CodeIgniter.php(810): CodeIgniter\Router\RouteCollection->loadRoutes()
 3 SYSTEMPATH/CodeIgniter.php(450): CodeIgniter\CodeIgniter->tryToRouteIt(null)
 4 SYSTEMPATH/CodeIgniter.php(361): CodeIgniter\CodeIgniter->handleRequest(null, Object(Config\Cache), false)
 5 FCPATH/index.php(79): CodeIgniter\CodeIgniter->run()
CRITICAL - 2024-05-26 09:15:43 --> Call to undefined function post()
in APPPATH/Config/Routes.php on line 177.
 1 SYSTEMPATH/Router/RouteCollection.php(344): require()
 2 SYSTEMPATH/CodeIgniter.php(810): CodeIgniter\Router\RouteCollection->loadRoutes()
 3 SYSTEMPATH/CodeIgniter.php(450): CodeIgniter\CodeIgniter->tryToRouteIt(null)
 4 SYSTEMPATH/CodeIgniter.php(361): CodeIgniter\CodeIgniter->handleRequest(null, Object(Config\Cache), false)
 5 FCPATH/index.php(79): CodeIgniter\CodeIgniter->run()
CRITICAL - 2024-05-26 09:15:45 --> Call to undefined function post()
in APPPATH/Config/Routes.php on line 177.
 1 SYSTEMPATH/Router/RouteCollection.php(344): require()
 2 SYSTEMPATH/CodeIgniter.php(810): CodeIgniter\Router\RouteCollection->loadRoutes()
 3 SYSTEMPATH/CodeIgniter.php(450): CodeIgniter\CodeIgniter->tryToRouteIt(null)
 4 SYSTEMPATH/CodeIgniter.php(361): CodeIgniter\CodeIgniter->handleRequest(null, Object(Config\Cache), false)
 5 FCPATH/index.php(79): CodeIgniter\CodeIgniter->run()
CRITICAL - 2024-05-26 09:15:46 --> Call to undefined function post()
in APPPATH/Config/Routes.php on line 177.
 1 SYSTEMPATH/Router/RouteCollection.php(344): require()
 2 SYSTEMPATH/CodeIgniter.php(810): CodeIgniter\Router\RouteCollection->loadRoutes()
 3 SYSTEMPATH/CodeIgniter.php(450): CodeIgniter\CodeIgniter->tryToRouteIt(null)
 4 SYSTEMPATH/CodeIgniter.php(361): CodeIgniter\CodeIgniter->handleRequest(null, Object(Config\Cache), false)
 5 FCPATH/index.php(79): CodeIgniter\CodeIgniter->run()
CRITICAL - 2024-05-26 09:15:51 --> Call to undefined function post()
in APPPATH/Config/Routes.php on line 177.
 1 SYSTEMPATH/Router/RouteCollection.php(344): require()
 2 SYSTEMPATH/CodeIgniter.php(810): CodeIgniter\Router\RouteCollection->loadRoutes()
 3 SYSTEMPATH/CodeIgniter.php(450): CodeIgniter\CodeIgniter->tryToRouteIt(null)
 4 SYSTEMPATH/CodeIgniter.php(361): CodeIgniter\CodeIgniter->handleRequest(null, Object(Config\Cache), false)
 5 FCPATH/index.php(79): CodeIgniter\CodeIgniter->run()
CRITICAL - 2024-05-26 09:15:51 --> Call to undefined function post()
in APPPATH/Config/Routes.php on line 177.
 1 SYSTEMPATH/Router/RouteCollection.php(344): require()
 2 SYSTEMPATH/CodeIgniter.php(810): CodeIgniter\Router\RouteCollection->loadRoutes()
 3 SYSTEMPATH/CodeIgniter.php(450): CodeIgniter\CodeIgniter->tryToRouteIt(null)
 4 SYSTEMPATH/CodeIgniter.php(361): CodeIgniter\CodeIgniter->handleRequest(null, Object(Config\Cache), false)
 5 FCPATH/index.php(79): CodeIgniter\CodeIgniter->run()
CRITICAL - 2024-05-26 09:15:56 --> Call to undefined function post()
in APPPATH/Config/Routes.php on line 177.
 1 SYSTEMPATH/Router/RouteCollection.php(344): require()
 2 SYSTEMPATH/CodeIgniter.php(810): CodeIgniter\Router\RouteCollection->loadRoutes()
 3 SYSTEMPATH/CodeIgniter.php(450): CodeIgniter\CodeIgniter->tryToRouteIt(null)
 4 SYSTEMPATH/CodeIgniter.php(361): CodeIgniter\CodeIgniter->handleRequest(null, Object(Config\Cache), false)
 5 FCPATH/index.php(79): CodeIgniter\CodeIgniter->run()
CRITICAL - 2024-05-26 09:16:06 --> Call to undefined function post()
in APPPATH/Config/Routes.php on line 177.
 1 SYSTEMPATH/Router/RouteCollection.php(344): require()
 2 SYSTEMPATH/CodeIgniter.php(810): CodeIgniter\Router\RouteCollection->loadRoutes()
 3 SYSTEMPATH/CodeIgniter.php(450): CodeIgniter\CodeIgniter->tryToRouteIt(null)
 4 SYSTEMPATH/CodeIgniter.php(361): CodeIgniter\CodeIgniter->handleRequest(null, Object(Config\Cache), false)
 5 FCPATH/index.php(79): CodeIgniter\CodeIgniter->run()
CRITICAL - 2024-05-26 09:16:35 --> Call to undefined function post()
in APPPATH/Config/Routes.php on line 177.
 1 SYSTEMPATH/Router/RouteCollection.php(344): require()
 2 SYSTEMPATH/CodeIgniter.php(810): CodeIgniter\Router\RouteCollection->loadRoutes()
 3 SYSTEMPATH/CodeIgniter.php(450): CodeIgniter\CodeIgniter->tryToRouteIt(null)
 4 SYSTEMPATH/CodeIgniter.php(361): CodeIgniter\CodeIgniter->handleRequest(null, Object(Config\Cache), false)
 5 FCPATH/index.php(79): CodeIgniter\CodeIgniter->run()
CRITICAL - 2024-05-26 09:16:52 --> Call to undefined function post()
in APPPATH/Config/Routes.php on line 177.
 1 SYSTEMPATH/Router/RouteCollection.php(344): require()
 2 SYSTEMPATH/CodeIgniter.php(810): CodeIgniter\Router\RouteCollection->loadRoutes()
 3 SYSTEMPATH/CodeIgniter.php(450): CodeIgniter\CodeIgniter->tryToRouteIt(null)
 4 SYSTEMPATH/CodeIgniter.php(361): CodeIgniter\CodeIgniter->handleRequest(null, Object(Config\Cache), false)
 5 FCPATH/index.php(79): CodeIgniter\CodeIgniter->run()
CRITICAL - 2024-05-26 09:17:53 --> Call to undefined function post()
in APPPATH/Config/Routes.php on line 177.
 1 SYSTEMPATH/Router/RouteCollection.php(344): require()
 2 SYSTEMPATH/CodeIgniter.php(810): CodeIgniter\Router\RouteCollection->loadRoutes()
 3 SYSTEMPATH/CodeIgniter.php(450): CodeIgniter\CodeIgniter->tryToRouteIt(null)
 4 SYSTEMPATH/CodeIgniter.php(361): CodeIgniter\CodeIgniter->handleRequest(null, Object(Config\Cache), false)
 5 FCPATH/index.php(79): CodeIgniter\CodeIgniter->run()
CRITICAL - 2024-05-26 09:17:54 --> Call to undefined function post()
in APPPATH/Config/Routes.php on line 177.
 1 SYSTEMPATH/Router/RouteCollection.php(344): require()
 2 SYSTEMPATH/CodeIgniter.php(810): CodeIgniter\Router\RouteCollection->loadRoutes()
 3 SYSTEMPATH/CodeIgniter.php(450): CodeIgniter\CodeIgniter->tryToRouteIt(null)
 4 SYSTEMPATH/CodeIgniter.php(361): CodeIgniter\CodeIgniter->handleRequest(null, Object(Config\Cache), false)
 5 FCPATH/index.php(79): CodeIgniter\CodeIgniter->run()
CRITICAL - 2024-05-26 09:18:17 --> Call to undefined function post()
in APPPATH/Config/Routes.php on line 177.
 1 SYSTEMPATH/Router/RouteCollection.php(344): require()
 2 SYSTEMPATH/CodeIgniter.php(810): CodeIgniter\Router\RouteCollection->loadRoutes()
 3 SYSTEMPATH/CodeIgniter.php(450): CodeIgniter\CodeIgniter->tryToRouteIt(null)
 4 SYSTEMPATH/CodeIgniter.php(361): CodeIgniter\CodeIgniter->handleRequest(null, Object(Config\Cache), false)
 5 FCPATH/index.php(79): CodeIgniter\CodeIgniter->run()
CRITICAL - 2024-05-26 09:18:20 --> Call to undefined function post()
in APPPATH/Config/Routes.php on line 177.
 1 SYSTEMPATH/Router/RouteCollection.php(344): require()
 2 SYSTEMPATH/CodeIgniter.php(810): CodeIgniter\Router\RouteCollection->loadRoutes()
 3 SYSTEMPATH/CodeIgniter.php(450): CodeIgniter\CodeIgniter->tryToRouteIt(null)
 4 SYSTEMPATH/CodeIgniter.php(361): CodeIgniter\CodeIgniter->handleRequest(null, Object(Config\Cache), false)
 5 FCPATH/index.php(79): CodeIgniter\CodeIgniter->run()
CRITICAL - 2024-05-26 09:18:21 --> Call to undefined function post()
in APPPATH/Config/Routes.php on line 177.
 1 SYSTEMPATH/Router/RouteCollection.php(344): require()
 2 SYSTEMPATH/CodeIgniter.php(810): CodeIgniter\Router\RouteCollection->loadRoutes()
 3 SYSTEMPATH/CodeIgniter.php(450): CodeIgniter\CodeIgniter->tryToRouteIt(null)
 4 SYSTEMPATH/CodeIgniter.php(361): CodeIgniter\CodeIgniter->handleRequest(null, Object(Config\Cache), false)
 5 FCPATH/index.php(79): CodeIgniter\CodeIgniter->run()
CRITICAL - 2024-05-26 09:19:03 --> Call to undefined function post()
in APPPATH/Config/Routes.php on line 177.
 1 SYSTEMPATH/Router/RouteCollection.php(344): require()
 2 SYSTEMPATH/CodeIgniter.php(810): CodeIgniter\Router\RouteCollection->loadRoutes()
 3 SYSTEMPATH/CodeIgniter.php(450): CodeIgniter\CodeIgniter->tryToRouteIt(null)
 4 SYSTEMPATH/CodeIgniter.php(361): CodeIgniter\CodeIgniter->handleRequest(null, Object(Config\Cache), false)
 5 FCPATH/index.php(79): CodeIgniter\CodeIgniter->run()
CRITICAL - 2024-05-26 09:19:06 --> Call to undefined function post()
in APPPATH/Config/Routes.php on line 177.
 1 SYSTEMPATH/Router/RouteCollection.php(344): require()
 2 SYSTEMPATH/CodeIgniter.php(810): CodeIgniter\Router\RouteCollection->loadRoutes()
 3 SYSTEMPATH/CodeIgniter.php(450): CodeIgniter\CodeIgniter->tryToRouteIt(null)
 4 SYSTEMPATH/CodeIgniter.php(361): CodeIgniter\CodeIgniter->handleRequest(null, Object(Config\Cache), false)
 5 FCPATH/index.php(79): CodeIgniter\CodeIgniter->run()
CRITICAL - 2024-05-26 09:19:07 --> Call to undefined function post()
in APPPATH/Config/Routes.php on line 177.
 1 SYSTEMPATH/Router/RouteCollection.php(344): require()
 2 SYSTEMPATH/CodeIgniter.php(810): CodeIgniter\Router\RouteCollection->loadRoutes()
 3 SYSTEMPATH/CodeIgniter.php(450): CodeIgniter\CodeIgniter->tryToRouteIt(null)
 4 SYSTEMPATH/CodeIgniter.php(361): CodeIgniter\CodeIgniter->handleRequest(null, Object(Config\Cache), false)
 5 FCPATH/index.php(79): CodeIgniter\CodeIgniter->run()
CRITICAL - 2024-05-26 09:19:27 --> Call to undefined function post()
in APPPATH/Config/Routes.php on line 177.
 1 SYSTEMPATH/Router/RouteCollection.php(344): require()
 2 SYSTEMPATH/CodeIgniter.php(810): CodeIgniter\Router\RouteCollection->loadRoutes()
 3 SYSTEMPATH/CodeIgniter.php(450): CodeIgniter\CodeIgniter->tryToRouteIt(null)
 4 SYSTEMPATH/CodeIgniter.php(361): CodeIgniter\CodeIgniter->handleRequest(null, Object(Config\Cache), false)
 5 FCPATH/index.php(79): CodeIgniter\CodeIgniter->run()
CRITICAL - 2024-05-26 09:19:28 --> Call to undefined function post()
in APPPATH/Config/Routes.php on line 177.
 1 SYSTEMPATH/Router/RouteCollection.php(344): require()
 2 SYSTEMPATH/CodeIgniter.php(810): CodeIgniter\Router\RouteCollection->loadRoutes()
 3 SYSTEMPATH/CodeIgniter.php(450): CodeIgniter\CodeIgniter->tryToRouteIt(null)
 4 SYSTEMPATH/CodeIgniter.php(361): CodeIgniter\CodeIgniter->handleRequest(null, Object(Config\Cache), false)
 5 FCPATH/index.php(79): CodeIgniter\CodeIgniter->run()
CRITICAL - 2024-05-26 09:23:28 --> Call to undefined function post()
in APPPATH/Config/Routes.php on line 177.
 1 SYSTEMPATH/Router/RouteCollection.php(344): require()
 2 SYSTEMPATH/CodeIgniter.php(810): CodeIgniter\Router\RouteCollection->loadRoutes()
 3 SYSTEMPATH/CodeIgniter.php(450): CodeIgniter\CodeIgniter->tryToRouteIt(null)
 4 SYSTEMPATH/CodeIgniter.php(361): CodeIgniter\CodeIgniter->handleRequest(null, Object(Config\Cache), false)
 5 FCPATH/index.php(79): CodeIgniter\CodeIgniter->run()
CRITICAL - 2024-05-26 09:33:06 --> count(): Argument #1 ($value) must be of type Countable|array, string given
in APPPATH/Views/departmentinfo/edit.php on line 36.
 1 SYSTEMPATH/View/View.php(228): include()
 2 SYSTEMPATH/View/View.php(231): CodeIgniter\View\View->CodeIgniter\View\{closure}()
 3 SYSTEMPATH/Common.php(1190): CodeIgniter\View\View->render('departmentinfo/edit', [], true)
 4 APPPATH/Controllers/DepartmentInfo.php(121): view('departmentinfo/edit', [...])
 5 SYSTEMPATH/CodeIgniter.php(942): App\Controllers\DepartmentInfo->edit('VFZFOVBRPT0=')
 6 SYSTEMPATH/CodeIgniter.php(502): CodeIgniter\CodeIgniter->runController(Object(App\Controllers\DepartmentInfo))
 7 SYSTEMPATH/CodeIgniter.php(361): CodeIgniter\CodeIgniter->handleRequest(null, Object(Config\Cache), false)
 8 FCPATH/index.php(79): CodeIgniter\CodeIgniter->run()
CRITICAL - 2024-05-26 09:35:53 --> Call to undefined function post()
in APPPATH/Config/Routes.php on line 177.
 1 SYSTEMPATH/Router/RouteCollection.php(344): require()
 2 SYSTEMPATH/CodeIgniter.php(810): CodeIgniter\Router\RouteCollection->loadRoutes()
 3 SYSTEMPATH/CodeIgniter.php(450): CodeIgniter\CodeIgniter->tryToRouteIt(null)
 4 SYSTEMPATH/CodeIgniter.php(361): CodeIgniter\CodeIgniter->handleRequest(null, Object(Config\Cache), false)
 5 FCPATH/index.php(79): CodeIgniter\CodeIgniter->run()
ERROR - 2024-05-26 15:07:33 --> mysqli_sql_exception: Unknown column 'company_resign_deleted_on' in 'where clause' in /home/freelance/public_html/digitalflow/system/Database/MySQLi/Connection.php:306
Stack trace:
#0 /home/freelance/public_html/digitalflow/system/Database/MySQLi/Connection.php(306): mysqli->query('SELECT *\nFROM `...', 0)
#1 /home/freelance/public_html/digitalflow/system/Database/BaseConnection.php(693): CodeIgniter\Database\MySQLi\Connection->execute('SELECT *\nFROM `...')
#2 /home/freelance/public_html/digitalflow/system/Database/BaseConnection.php(607): CodeIgniter\Database\BaseConnection->simpleQuery('SELECT *\nFROM `...')
#3 /home/freelance/public_html/digitalflow/system/Database/BaseBuilder.php(1615): CodeIgniter\Database\BaseConnection->query('SELECT *\nFROM `...', Array, false)
#4 /home/freelance/public_html/digitalflow/system/Model.php(237): CodeIgniter\Database\BaseBuilder->get()
#5 /home/freelance/public_html/digitalflow/system/BaseModel.php(624): CodeIgniter\Model->doFindAll(0, 0)
#6 /home/freelance/public_html/digitalflow/app/Controllers/DepartmentInfo.php(178): CodeIgniter\BaseModel->findAll()
#7 /home/freelance/public_html/digitalflow/system/CodeIgniter.php(942): App\Controllers\DepartmentInfo->update()
#8 /home/freelance/public_html/digitalflow/system/CodeIgniter.php(502): CodeIgniter\CodeIgniter->runController(Object(App\Controllers\DepartmentInfo))
#9 /home/freelance/public_html/digitalflow/system/CodeIgniter.php(361): CodeIgniter\CodeIgniter->handleRequest(NULL, Object(Config\Cache), false)
#10 /home/freelance/public_html/digitalflow/index.php(79): CodeIgniter\CodeIgniter->run()
#11 {main}
CRITICAL - 2024-05-26 15:07:33 --> Unknown column 'company_resign_deleted_on' in 'where clause'
in SYSTEMPATH/Database/BaseConnection.php on line 647.
 1 SYSTEMPATH/Database/BaseBuilder.php(1615): CodeIgniter\Database\BaseConnection->query('SELECT *
FROM `department_info`
WHERE `company_resign_deleted_on` IS NULL
ORDER BY `department_id` ASC', [], false)
 2 SYSTEMPATH/Model.php(237): CodeIgniter\Database\BaseBuilder->get()
 3 SYSTEMPATH/BaseModel.php(624): CodeIgniter\Model->doFindAll(0, 0)
 4 APPPATH/Controllers/DepartmentInfo.php(178): CodeIgniter\BaseModel->findAll()
 5 SYSTEMPATH/CodeIgniter.php(942): App\Controllers\DepartmentInfo->update()
 6 SYSTEMPATH/CodeIgniter.php(502): CodeIgniter\CodeIgniter->runController(Object(App\Controllers\DepartmentInfo))
 7 SYSTEMPATH/CodeIgniter.php(361): CodeIgniter\CodeIgniter->handleRequest(null, Object(Config\Cache), false)
 8 FCPATH/index.php(79): CodeIgniter\CodeIgniter->run()
CRITICAL - 2024-05-26 15:15:22 --> There is no data to update.
in SYSTEMPATH/BaseModel.php on line 930.
 1 SYSTEMPATH/BaseModel.php(930): CodeIgniter\Database\Exceptions\DataException::forEmptyDataset('update')
 2 SYSTEMPATH/Model.php(776): CodeIgniter\BaseModel->update([...], [])
 3 APPPATH/Controllers/DepartmentInfo.php(205): CodeIgniter\Model->update('2', [...])
 4 SYSTEMPATH/CodeIgniter.php(942): App\Controllers\DepartmentInfo->delete('VFdjOVBRPT0=')
 5 SYSTEMPATH/CodeIgniter.php(502): CodeIgniter\CodeIgniter->runController(Object(App\Controllers\DepartmentInfo))
 6 SYSTEMPATH/CodeIgniter.php(361): CodeIgniter\CodeIgniter->handleRequest(null, Object(Config\Cache), false)
 7 FCPATH/index.php(79): CodeIgniter\CodeIgniter->run()
CRITICAL - 2024-05-26 15:15:26 --> There is no data to update.
in SYSTEMPATH/BaseModel.php on line 930.
 1 SYSTEMPATH/BaseModel.php(930): CodeIgniter\Database\Exceptions\DataException::forEmptyDataset('update')
 2 SYSTEMPATH/Model.php(776): CodeIgniter\BaseModel->update([...], [])
 3 APPPATH/Controllers/DepartmentInfo.php(205): CodeIgniter\Model->update('2', [...])
 4 SYSTEMPATH/CodeIgniter.php(942): App\Controllers\DepartmentInfo->delete('VFdjOVBRPT0=')
 5 SYSTEMPATH/CodeIgniter.php(502): CodeIgniter\CodeIgniter->runController(Object(App\Controllers\DepartmentInfo))
 6 SYSTEMPATH/CodeIgniter.php(361): CodeIgniter\CodeIgniter->handleRequest(null, Object(Config\Cache), false)
 7 FCPATH/index.php(79): CodeIgniter\CodeIgniter->run()
CRITICAL - 2024-05-26 15:15:31 --> There is no data to update.
in SYSTEMPATH/BaseModel.php on line 930.
 1 SYSTEMPATH/BaseModel.php(930): CodeIgniter\Database\Exceptions\DataException::forEmptyDataset('update')
 2 SYSTEMPATH/Model.php(776): CodeIgniter\BaseModel->update([...], [])
 3 APPPATH/Controllers/DepartmentInfo.php(205): CodeIgniter\Model->update('2', [...])
 4 SYSTEMPATH/CodeIgniter.php(942): App\Controllers\DepartmentInfo->delete('VFdjOVBRPT0=')
 5 SYSTEMPATH/CodeIgniter.php(502): CodeIgniter\CodeIgniter->runController(Object(App\Controllers\DepartmentInfo))
 6 SYSTEMPATH/CodeIgniter.php(361): CodeIgniter\CodeIgniter->handleRequest(null, Object(Config\Cache), false)
 7 FCPATH/index.php(79): CodeIgniter\CodeIgniter->run()
CRITICAL - 2024-05-26 09:47:41 --> Object of class stdClass could not be converted to string
in APPPATH/Views/departmentinfo/view.php on line 81.
 1 SYSTEMPATH/View/View.php(228): include()
 2 SYSTEMPATH/View/View.php(231): CodeIgniter\View\View->CodeIgniter\View\{closure}()
 3 SYSTEMPATH/Common.php(1190): CodeIgniter\View\View->render('departmentinfo/view', [], true)
 4 APPPATH/Controllers/DepartmentInfo.php(107): view('departmentinfo/view', [...])
 5 SYSTEMPATH/CodeIgniter.php(942): App\Controllers\DepartmentInfo->view()
 6 SYSTEMPATH/CodeIgniter.php(502): CodeIgniter\CodeIgniter->runController(Object(App\Controllers\DepartmentInfo))
 7 SYSTEMPATH/CodeIgniter.php(361): CodeIgniter\CodeIgniter->handleRequest(null, Object(Config\Cache), false)
 8 FCPATH/index.php(79): CodeIgniter\CodeIgniter->run()
CRITICAL - 2024-05-26 09:48:05 --> Object of class stdClass could not be converted to string
in APPPATH/Views/departmentinfo/view.php on line 81.
 1 SYSTEMPATH/View/View.php(228): include()
 2 SYSTEMPATH/View/View.php(231): CodeIgniter\View\View->CodeIgniter\View\{closure}()
 3 SYSTEMPATH/Common.php(1190): CodeIgniter\View\View->render('departmentinfo/view', [], true)
 4 APPPATH/Controllers/DepartmentInfo.php(107): view('departmentinfo/view', [...])
 5 SYSTEMPATH/CodeIgniter.php(942): App\Controllers\DepartmentInfo->view()
 6 SYSTEMPATH/CodeIgniter.php(502): CodeIgniter\CodeIgniter->runController(Object(App\Controllers\DepartmentInfo))
 7 SYSTEMPATH/CodeIgniter.php(361): CodeIgniter\CodeIgniter->handleRequest(null, Object(Config\Cache), false)
 8 FCPATH/index.php(79): CodeIgniter\CodeIgniter->run()
CRITICAL - 2024-05-26 09:48:57 --> Object of class stdClass could not be converted to string
in APPPATH/Views/departmentinfo/view.php on line 81.
 1 SYSTEMPATH/View/View.php(228): include()
 2 SYSTEMPATH/View/View.php(231): CodeIgniter\View\View->CodeIgniter\View\{closure}()
 3 SYSTEMPATH/Common.php(1190): CodeIgniter\View\View->render('departmentinfo/view', [], true)
 4 APPPATH/Controllers/DepartmentInfo.php(107): view('departmentinfo/view', [...])
 5 SYSTEMPATH/CodeIgniter.php(942): App\Controllers\DepartmentInfo->view()
 6 SYSTEMPATH/CodeIgniter.php(502): CodeIgniter\CodeIgniter->runController(Object(App\Controllers\DepartmentInfo))
 7 SYSTEMPATH/CodeIgniter.php(361): CodeIgniter\CodeIgniter->handleRequest(null, Object(Config\Cache), false)
 8 FCPATH/index.php(79): CodeIgniter\CodeIgniter->run()
CRITICAL - 2024-05-26 09:50:12 --> Object of class stdClass could not be converted to string
in APPPATH/Views/departmentinfo/view.php on line 81.
 1 SYSTEMPATH/View/View.php(228): include()
 2 SYSTEMPATH/View/View.php(231): CodeIgniter\View\View->CodeIgniter\View\{closure}()
 3 SYSTEMPATH/Common.php(1190): CodeIgniter\View\View->render('departmentinfo/view', [], true)
 4 APPPATH/Controllers/DepartmentInfo.php(107): view('departmentinfo/view', [...])
 5 SYSTEMPATH/CodeIgniter.php(942): App\Controllers\DepartmentInfo->view()
 6 SYSTEMPATH/CodeIgniter.php(502): CodeIgniter\CodeIgniter->runController(Object(App\Controllers\DepartmentInfo))
 7 SYSTEMPATH/CodeIgniter.php(361): CodeIgniter\CodeIgniter->handleRequest(null, Object(Config\Cache), false)
 8 FCPATH/index.php(79): CodeIgniter\CodeIgniter->run()
CRITICAL - 2024-05-26 09:50:22 --> Object of class stdClass could not be converted to string
in APPPATH/Views/departmentinfo/view.php on line 81.
 1 SYSTEMPATH/View/View.php(228): include()
 2 SYSTEMPATH/View/View.php(231): CodeIgniter\View\View->CodeIgniter\View\{closure}()
 3 SYSTEMPATH/Common.php(1190): CodeIgniter\View\View->render('departmentinfo/view', [], true)
 4 APPPATH/Controllers/DepartmentInfo.php(107): view('departmentinfo/view', [...])
 5 SYSTEMPATH/CodeIgniter.php(942): App\Controllers\DepartmentInfo->view()
 6 SYSTEMPATH/CodeIgniter.php(502): CodeIgniter\CodeIgniter->runController(Object(App\Controllers\DepartmentInfo))
 7 SYSTEMPATH/CodeIgniter.php(361): CodeIgniter\CodeIgniter->handleRequest(null, Object(Config\Cache), false)
 8 FCPATH/index.php(79): CodeIgniter\CodeIgniter->run()
CRITICAL - 2024-05-26 09:50:46 --> Object of class stdClass could not be converted to string
in APPPATH/Views/departmentinfo/view.php on line 81.
 1 SYSTEMPATH/View/View.php(228): include()
 2 SYSTEMPATH/View/View.php(231): CodeIgniter\View\View->CodeIgniter\View\{closure}()
 3 SYSTEMPATH/Common.php(1190): CodeIgniter\View\View->render('departmentinfo/view', [], true)
 4 APPPATH/Controllers/DepartmentInfo.php(107): view('departmentinfo/view', [...])
 5 SYSTEMPATH/CodeIgniter.php(942): App\Controllers\DepartmentInfo->view()
 6 SYSTEMPATH/CodeIgniter.php(502): CodeIgniter\CodeIgniter->runController(Object(App\Controllers\DepartmentInfo))
 7 SYSTEMPATH/CodeIgniter.php(361): CodeIgniter\CodeIgniter->handleRequest(null, Object(Config\Cache), false)
 8 FCPATH/index.php(79): CodeIgniter\CodeIgniter->run()
CRITICAL - 2024-05-26 09:51:34 --> Object of class stdClass could not be converted to string
in APPPATH/Views/departmentinfo/view.php on line 81.
 1 SYSTEMPATH/View/View.php(228): include()
 2 SYSTEMPATH/View/View.php(231): CodeIgniter\View\View->CodeIgniter\View\{closure}()
 3 SYSTEMPATH/Common.php(1190): CodeIgniter\View\View->render('departmentinfo/view', [], true)
 4 APPPATH/Controllers/DepartmentInfo.php(107): view('departmentinfo/view', [...])
 5 SYSTEMPATH/CodeIgniter.php(942): App\Controllers\DepartmentInfo->view()
 6 SYSTEMPATH/CodeIgniter.php(502): CodeIgniter\CodeIgniter->runController(Object(App\Controllers\DepartmentInfo))
 7 SYSTEMPATH/CodeIgniter.php(361): CodeIgniter\CodeIgniter->handleRequest(null, Object(Config\Cache), false)
 8 FCPATH/index.php(79): CodeIgniter\CodeIgniter->run()
CRITICAL - 2024-05-26 11:29:13 --> Undefined variable $emp_id
in APPPATH/Views/users/register.php on line 84.
 1 APPPATH/Views/users/register.php(84): CodeIgniter\Debug\Exceptions->errorHandler(2, 'Undefined variable $emp_id', '/home/freelance/public_html/digitalflow/app/Views/users/register.php', 84)
 2 SYSTEMPATH/View/View.php(228): include('/home/freelance/public_html/digitalflow/app/Views/users/register.php')
 3 SYSTEMPATH/View/View.php(231): CodeIgniter\View\View->CodeIgniter\View\{closure}()
 4 SYSTEMPATH/Common.php(1190): CodeIgniter\View\View->render('users/register', [], true)
 5 APPPATH/Controllers/UserInfo.php(405): view('users/register')
 6 SYSTEMPATH/CodeIgniter.php(942): App\Controllers\UserInfo->index_new()
 7 SYSTEMPATH/CodeIgniter.php(502): CodeIgniter\CodeIgniter->runController(Object(App\Controllers\UserInfo))
 8 SYSTEMPATH/CodeIgniter.php(361): CodeIgniter\CodeIgniter->handleRequest(null, Object(Config\Cache), false)
 9 FCPATH/index.php(79): CodeIgniter\CodeIgniter->run()
CRITICAL - 2024-05-26 11:29:51 --> Undefined variable $emp_id
in APPPATH/Views/users/register.php on line 84.
 1 APPPATH/Views/users/register.php(84): CodeIgniter\Debug\Exceptions->errorHandler(2, 'Undefined variable $emp_id', '/home/freelance/public_html/digitalflow/app/Views/users/register.php', 84)
 2 SYSTEMPATH/View/View.php(228): include('/home/freelance/public_html/digitalflow/app/Views/users/register.php')
 3 SYSTEMPATH/View/View.php(231): CodeIgniter\View\View->CodeIgniter\View\{closure}()
 4 SYSTEMPATH/Common.php(1190): CodeIgniter\View\View->render('users/register', [], true)
 5 APPPATH/Controllers/UserInfo.php(405): view('users/register')
 6 SYSTEMPATH/CodeIgniter.php(942): App\Controllers\UserInfo->index_new()
 7 SYSTEMPATH/CodeIgniter.php(502): CodeIgniter\CodeIgniter->runController(Object(App\Controllers\UserInfo))
 8 SYSTEMPATH/CodeIgniter.php(361): CodeIgniter\CodeIgniter->handleRequest(null, Object(Config\Cache), false)
 9 FCPATH/index.php(79): CodeIgniter\CodeIgniter->run()
CRITICAL - 2024-05-26 11:30:44 --> Undefined variable $emp_id
in APPPATH/Views/users/register.php on line 84.
 1 APPPATH/Views/users/register.php(84): CodeIgniter\Debug\Exceptions->errorHandler(2, 'Undefined variable $emp_id', '/home/freelance/public_html/digitalflow/app/Views/users/register.php', 84)
 2 SYSTEMPATH/View/View.php(228): include('/home/freelance/public_html/digitalflow/app/Views/users/register.php')
 3 SYSTEMPATH/View/View.php(231): CodeIgniter\View\View->CodeIgniter\View\{closure}()
 4 SYSTEMPATH/Common.php(1190): CodeIgniter\View\View->render('users/register', [], true)
 5 APPPATH/Controllers/UserInfo.php(405): view('users/register')
 6 SYSTEMPATH/CodeIgniter.php(942): App\Controllers\UserInfo->index_new()
 7 SYSTEMPATH/CodeIgniter.php(502): CodeIgniter\CodeIgniter->runController(Object(App\Controllers\UserInfo))
 8 SYSTEMPATH/CodeIgniter.php(361): CodeIgniter\CodeIgniter->handleRequest(null, Object(Config\Cache), false)
 9 FCPATH/index.php(79): CodeIgniter\CodeIgniter->run()
CRITICAL - 2024-05-26 11:53:46 --> Class "App\Controllers\CompanyWorkInfoModel" not found
in APPPATH/Controllers/UserInfo.php on line 421.
 1 SYSTEMPATH/CodeIgniter.php(942): App\Controllers\UserInfo->list('VGxFOVBRPT0=')
 2 SYSTEMPATH/CodeIgniter.php(502): CodeIgniter\CodeIgniter->runController(Object(App\Controllers\UserInfo))
 3 SYSTEMPATH/CodeIgniter.php(361): CodeIgniter\CodeIgniter->handleRequest(null, Object(Config\Cache), false)
 4 FCPATH/index.php(79): CodeIgniter\CodeIgniter->run()
CRITICAL - 2024-05-26 11:54:07 --> Trying to access array offset on value of type null
in APPPATH/Controllers/UserInfo.php on line 424.
 1 APPPATH/Controllers/UserInfo.php(424): CodeIgniter\Debug\Exceptions->errorHandler(2, 'Trying to access array offset on value of type null', '/home/freelance/public_html/digitalflow/app/Controllers/UserInfo.php', 424)
 2 SYSTEMPATH/CodeIgniter.php(942): App\Controllers\UserInfo->list('VGxFOVBRPT0=')
 3 SYSTEMPATH/CodeIgniter.php(502): CodeIgniter\CodeIgniter->runController(Object(App\Controllers\UserInfo))
 4 SYSTEMPATH/CodeIgniter.php(361): CodeIgniter\CodeIgniter->handleRequest(null, Object(Config\Cache), false)
 5 FCPATH/index.php(79): CodeIgniter\CodeIgniter->run()
CRITICAL - 2024-05-26 11:56:29 --> Trying to access array offset on value of type null
in APPPATH/Controllers/UserInfo.php on line 425.
 1 APPPATH/Controllers/UserInfo.php(425): CodeIgniter\Debug\Exceptions->errorHandler(2, 'Trying to access array offset on value of type null', '/home/freelance/public_html/digitalflow/app/Controllers/UserInfo.php', 425)
 2 SYSTEMPATH/CodeIgniter.php(942): App\Controllers\UserInfo->list('VGxFOVBRPT0=')
 3 SYSTEMPATH/CodeIgniter.php(502): CodeIgniter\CodeIgniter->runController(Object(App\Controllers\UserInfo))
 4 SYSTEMPATH/CodeIgniter.php(361): CodeIgniter\CodeIgniter->handleRequest(null, Object(Config\Cache), false)
 5 FCPATH/index.php(79): CodeIgniter\CodeIgniter->run()
CRITICAL - 2024-05-26 12:08:56 --> Trying to access array offset on value of type null
in APPPATH/Controllers/ExperienceInfo.php on line 146.
 1 APPPATH/Controllers/ExperienceInfo.php(146): CodeIgniter\Debug\Exceptions->errorHandler(2, 'Trying to access array offset on value of type null', '/home/freelance/public_html/digitalflow/app/Controllers/ExperienceInfo.php', 146)
 2 SYSTEMPATH/CodeIgniter.php(942): App\Controllers\ExperienceInfo->list('undefined')
 3 SYSTEMPATH/CodeIgniter.php(502): CodeIgniter\CodeIgniter->runController(Object(App\Controllers\ExperienceInfo))
 4 SYSTEMPATH/CodeIgniter.php(361): CodeIgniter\CodeIgniter->handleRequest(null, Object(Config\Cache), false)
 5 FCPATH/index.php(79): CodeIgniter\CodeIgniter->run()
CRITICAL - 2024-05-26 12:09:19 --> Trying to access array offset on value of type null
in APPPATH/Controllers/ExperienceInfo.php on line 146.
 1 APPPATH/Controllers/ExperienceInfo.php(146): CodeIgniter\Debug\Exceptions->errorHandler(2, 'Trying to access array offset on value of type null', '/home/freelance/public_html/digitalflow/app/Controllers/ExperienceInfo.php', 146)
 2 SYSTEMPATH/CodeIgniter.php(942): App\Controllers\ExperienceInfo->list('undefined')
 3 SYSTEMPATH/CodeIgniter.php(502): CodeIgniter\CodeIgniter->runController(Object(App\Controllers\ExperienceInfo))
 4 SYSTEMPATH/CodeIgniter.php(361): CodeIgniter\CodeIgniter->handleRequest(null, Object(Config\Cache), false)
 5 FCPATH/index.php(79): CodeIgniter\CodeIgniter->run()
CRITICAL - 2024-05-26 12:10:09 --> Trying to access array offset on value of type null
in APPPATH/Controllers/ExperienceInfo.php on line 146.
 1 APPPATH/Controllers/ExperienceInfo.php(146): CodeIgniter\Debug\Exceptions->errorHandler(2, 'Trying to access array offset on value of type null', '/home/freelance/public_html/digitalflow/app/Controllers/ExperienceInfo.php', 146)
 2 SYSTEMPATH/CodeIgniter.php(942): App\Controllers\ExperienceInfo->list('undefined')
 3 SYSTEMPATH/CodeIgniter.php(502): CodeIgniter\CodeIgniter->runController(Object(App\Controllers\ExperienceInfo))
 4 SYSTEMPATH/CodeIgniter.php(361): CodeIgniter\CodeIgniter->handleRequest(null, Object(Config\Cache), false)
 5 FCPATH/index.php(79): CodeIgniter\CodeIgniter->run()
CRITICAL - 2024-05-26 12:10:23 --> Trying to access array offset on value of type null
in APPPATH/Controllers/ExperienceInfo.php on line 146.
 1 APPPATH/Controllers/ExperienceInfo.php(146): CodeIgniter\Debug\Exceptions->errorHandler(2, 'Trying to access array offset on value of type null', '/home/freelance/public_html/digitalflow/app/Controllers/ExperienceInfo.php', 146)
 2 SYSTEMPATH/CodeIgniter.php(942): App\Controllers\ExperienceInfo->list('undefined')
 3 SYSTEMPATH/CodeIgniter.php(502): CodeIgniter\CodeIgniter->runController(Object(App\Controllers\ExperienceInfo))
 4 SYSTEMPATH/CodeIgniter.php(361): CodeIgniter\CodeIgniter->handleRequest(null, Object(Config\Cache), false)
 5 FCPATH/index.php(79): CodeIgniter\CodeIgniter->run()
CRITICAL - 2024-05-26 12:13:18 --> Trying to access array offset on value of type null
in APPPATH/Controllers/ExperienceInfo.php on line 146.
 1 APPPATH/Controllers/ExperienceInfo.php(146): CodeIgniter\Debug\Exceptions->errorHandler(2, 'Trying to access array offset on value of type null', '/home/freelance/public_html/digitalflow/app/Controllers/ExperienceInfo.php', 146)
 2 SYSTEMPATH/CodeIgniter.php(942): App\Controllers\ExperienceInfo->list('undefined')
 3 SYSTEMPATH/CodeIgniter.php(502): CodeIgniter\CodeIgniter->runController(Object(App\Controllers\ExperienceInfo))
 4 SYSTEMPATH/CodeIgniter.php(361): CodeIgniter\CodeIgniter->handleRequest(null, Object(Config\Cache), false)
 5 FCPATH/index.php(79): CodeIgniter\CodeIgniter->run()
CRITICAL - 2024-05-26 12:14:37 --> Trying to access array offset on value of type null
in APPPATH/Controllers/ExperienceInfo.php on line 146.
 1 APPPATH/Controllers/ExperienceInfo.php(146): CodeIgniter\Debug\Exceptions->errorHandler(2, 'Trying to access array offset on value of type null', '/home/freelance/public_html/digitalflow/app/Controllers/ExperienceInfo.php', 146)
 2 SYSTEMPATH/CodeIgniter.php(942): App\Controllers\ExperienceInfo->list('undefined')
 3 SYSTEMPATH/CodeIgniter.php(502): CodeIgniter\CodeIgniter->runController(Object(App\Controllers\ExperienceInfo))
 4 SYSTEMPATH/CodeIgniter.php(361): CodeIgniter\CodeIgniter->handleRequest(null, Object(Config\Cache), false)
 5 FCPATH/index.php(79): CodeIgniter\CodeIgniter->run()
CRITICAL - 2024-05-26 12:14:45 --> Trying to access array offset on value of type null
in APPPATH/Controllers/ExperienceInfo.php on line 146.
 1 APPPATH/Controllers/ExperienceInfo.php(146): CodeIgniter\Debug\Exceptions->errorHandler(2, 'Trying to access array offset on value of type null', '/home/freelance/public_html/digitalflow/app/Controllers/ExperienceInfo.php', 146)
 2 SYSTEMPATH/CodeIgniter.php(942): App\Controllers\ExperienceInfo->list('undefined')
 3 SYSTEMPATH/CodeIgniter.php(502): CodeIgniter\CodeIgniter->runController(Object(App\Controllers\ExperienceInfo))
 4 SYSTEMPATH/CodeIgniter.php(361): CodeIgniter\CodeIgniter->handleRequest(null, Object(Config\Cache), false)
 5 FCPATH/index.php(79): CodeIgniter\CodeIgniter->run()
CRITICAL - 2024-05-26 12:15:07 --> Trying to access array offset on value of type null
in APPPATH/Controllers/ExperienceInfo.php on line 146.
 1 APPPATH/Controllers/ExperienceInfo.php(146): CodeIgniter\Debug\Exceptions->errorHandler(2, 'Trying to access array offset on value of type null', '/home/freelance/public_html/digitalflow/app/Controllers/ExperienceInfo.php', 146)
 2 SYSTEMPATH/CodeIgniter.php(942): App\Controllers\ExperienceInfo->list('test')
 3 SYSTEMPATH/CodeIgniter.php(502): CodeIgniter\CodeIgniter->runController(Object(App\Controllers\ExperienceInfo))
 4 SYSTEMPATH/CodeIgniter.php(361): CodeIgniter\CodeIgniter->handleRequest(null, Object(Config\Cache), false)
 5 FCPATH/index.php(79): CodeIgniter\CodeIgniter->run()
CRITICAL - 2024-05-26 12:15:30 --> Trying to access array offset on value of type null
in APPPATH/Controllers/ExperienceInfo.php on line 146.
 1 APPPATH/Controllers/ExperienceInfo.php(146): CodeIgniter\Debug\Exceptions->errorHandler(2, 'Trying to access array offset on value of type null', '/home/freelance/public_html/digitalflow/app/Controllers/ExperienceInfo.php', 146)
 2 SYSTEMPATH/CodeIgniter.php(942): App\Controllers\ExperienceInfo->list('1234test')
 3 SYSTEMPATH/CodeIgniter.php(502): CodeIgniter\CodeIgniter->runController(Object(App\Controllers\ExperienceInfo))
 4 SYSTEMPATH/CodeIgniter.php(361): CodeIgniter\CodeIgniter->handleRequest(null, Object(Config\Cache), false)
 5 FCPATH/index.php(79): CodeIgniter\CodeIgniter->run()
CRITICAL - 2024-05-26 12:16:46 --> Trying to access array offset on value of type null
in APPPATH/Controllers/ExperienceInfo.php on line 146.
 1 APPPATH/Controllers/ExperienceInfo.php(146): CodeIgniter\Debug\Exceptions->errorHandler(2, 'Trying to access array offset on value of type null', '/home/freelance/public_html/digitalflow/app/Controllers/ExperienceInfo.php', 146)
 2 SYSTEMPATH/CodeIgniter.php(942): App\Controllers\ExperienceInfo->list('1234')
 3 SYSTEMPATH/CodeIgniter.php(502): CodeIgniter\CodeIgniter->runController(Object(App\Controllers\ExperienceInfo))
 4 SYSTEMPATH/CodeIgniter.php(361): CodeIgniter\CodeIgniter->handleRequest(null, Object(Config\Cache), false)
 5 FCPATH/index.php(79): CodeIgniter\CodeIgniter->run()
CRITICAL - 2024-05-26 12:16:51 --> Trying to access array offset on value of type null
in APPPATH/Controllers/ExperienceInfo.php on line 146.
 1 APPPATH/Controllers/ExperienceInfo.php(146): CodeIgniter\Debug\Exceptions->errorHandler(2, 'Trying to access array offset on value of type null', '/home/freelance/public_html/digitalflow/app/Controllers/ExperienceInfo.php', 146)
 2 SYSTEMPATH/CodeIgniter.php(942): App\Controllers\ExperienceInfo->list('undefined')
 3 SYSTEMPATH/CodeIgniter.php(502): CodeIgniter\CodeIgniter->runController(Object(App\Controllers\ExperienceInfo))
 4 SYSTEMPATH/CodeIgniter.php(361): CodeIgniter\CodeIgniter->handleRequest(null, Object(Config\Cache), false)
 5 FCPATH/index.php(79): CodeIgniter\CodeIgniter->run()
CRITICAL - 2024-05-26 12:25:05 --> Trying to access array offset on value of type null
in APPPATH/Controllers/UserInfo.php on line 426.
 1 APPPATH/Controllers/UserInfo.php(426): CodeIgniter\Debug\Exceptions->errorHandler(2, 'Trying to access array offset on value of type null', '/home/freelance/public_html/digitalflow/app/Controllers/UserInfo.php', 426)
 2 SYSTEMPATH/CodeIgniter.php(942): App\Controllers\UserInfo->list('undefined')
 3 SYSTEMPATH/CodeIgniter.php(502): CodeIgniter\CodeIgniter->runController(Object(App\Controllers\UserInfo))
 4 SYSTEMPATH/CodeIgniter.php(361): CodeIgniter\CodeIgniter->handleRequest(null, Object(Config\Cache), false)
 5 FCPATH/index.php(79): CodeIgniter\CodeIgniter->run()
CRITICAL - 2024-05-26 12:32:26 --> Trying to access array offset on value of type null
in APPPATH/Controllers/UserInfo.php on line 426.
 1 APPPATH/Controllers/UserInfo.php(426): CodeIgniter\Debug\Exceptions->errorHandler(2, 'Trying to access array offset on value of type null', '/home/freelance/public_html/digitalflow/app/Controllers/UserInfo.php', 426)
 2 SYSTEMPATH/CodeIgniter.php(942): App\Controllers\UserInfo->list('VFhwQlBRPT0=')
 3 SYSTEMPATH/CodeIgniter.php(502): CodeIgniter\CodeIgniter->runController(Object(App\Controllers\UserInfo))
 4 SYSTEMPATH/CodeIgniter.php(361): CodeIgniter\CodeIgniter->handleRequest(null, Object(Config\Cache), false)
 5 FCPATH/index.php(79): CodeIgniter\CodeIgniter->run()
CRITICAL - 2024-05-26 13:05:42 --> Trying to access array offset on value of type null
in APPPATH/Controllers/UserInfo.php on line 476.
 1 APPPATH/Controllers/UserInfo.php(476): CodeIgniter\Debug\Exceptions->errorHandler(2, 'Trying to access array offset on value of type null', '/home/freelance/public_html/digitalflow/app/Controllers/UserInfo.php', 476)
 2 SYSTEMPATH/CodeIgniter.php(942): App\Controllers\UserInfo->list('neuralarcteam@gmail.com')
 3 SYSTEMPATH/CodeIgniter.php(502): CodeIgniter\CodeIgniter->runController(Object(App\Controllers\UserInfo))
 4 SYSTEMPATH/CodeIgniter.php(361): CodeIgniter\CodeIgniter->handleRequest(null, Object(Config\Cache), false)
 5 FCPATH/index.php(79): CodeIgniter\CodeIgniter->run()
CRITICAL - 2024-05-26 13:05:48 --> Trying to access array offset on value of type null
in APPPATH/Controllers/UserInfo.php on line 476.
 1 APPPATH/Controllers/UserInfo.php(476): CodeIgniter\Debug\Exceptions->errorHandler(2, 'Trying to access array offset on value of type null', '/home/freelance/public_html/digitalflow/app/Controllers/UserInfo.php', 476)
 2 SYSTEMPATH/CodeIgniter.php(942): App\Controllers\UserInfo->list('12')
 3 SYSTEMPATH/CodeIgniter.php(502): CodeIgniter\CodeIgniter->runController(Object(App\Controllers\UserInfo))
 4 SYSTEMPATH/CodeIgniter.php(361): CodeIgniter\CodeIgniter->handleRequest(null, Object(Config\Cache), false)
 5 FCPATH/index.php(79): CodeIgniter\CodeIgniter->run()
CRITICAL - 2024-05-26 13:07:40 --> Trying to access array offset on value of type null
in APPPATH/Controllers/UserInfo.php on line 476.
 1 APPPATH/Controllers/UserInfo.php(476): CodeIgniter\Debug\Exceptions->errorHandler(2, 'Trying to access array offset on value of type null', '/home/freelance/public_html/digitalflow/app/Controllers/UserInfo.php', 476)
 2 SYSTEMPATH/CodeIgniter.php(942): App\Controllers\UserInfo->list('124')
 3 SYSTEMPATH/CodeIgniter.php(502): CodeIgniter\CodeIgniter->runController(Object(App\Controllers\UserInfo))
 4 SYSTEMPATH/CodeIgniter.php(361): CodeIgniter\CodeIgniter->handleRequest(null, Object(Config\Cache), false)
 5 FCPATH/index.php(79): CodeIgniter\CodeIgniter->run()
CRITICAL - 2024-05-26 13:08:23 --> Trying to access array offset on value of type null
in APPPATH/Controllers/UserInfo.php on line 476.
 1 APPPATH/Controllers/UserInfo.php(476): CodeIgniter\Debug\Exceptions->errorHandler(2, 'Trying to access array offset on value of type null', '/home/freelance/public_html/digitalflow/app/Controllers/UserInfo.php', 476)
 2 SYSTEMPATH/CodeIgniter.php(942): App\Controllers\UserInfo->list('neuralarcteam@gmail.com')
 3 SYSTEMPATH/CodeIgniter.php(502): CodeIgniter\CodeIgniter->runController(Object(App\Controllers\UserInfo))
 4 SYSTEMPATH/CodeIgniter.php(361): CodeIgniter\CodeIgniter->handleRequest(null, Object(Config\Cache), false)
 5 FCPATH/index.php(79): CodeIgniter\CodeIgniter->run()
CRITICAL - 2024-05-26 18:48:02 --> Undefined variable $emp_id
in APPPATH/Views/users/register.php on line 86.
 1 APPPATH/Views/users/register.php(86): CodeIgniter\Debug\Exceptions->errorHandler(2, 'Undefined variable $emp_id', '/home/freelance/public_html/digitalflow/app/Views/users/register.php', 86)
 2 SYSTEMPATH/View/View.php(228): include('/home/freelance/public_html/digitalflow/app/Views/users/register.php')
 3 SYSTEMPATH/View/View.php(231): CodeIgniter\View\View->CodeIgniter\View\{closure}()
 4 SYSTEMPATH/Common.php(1190): CodeIgniter\View\View->render('users/register', [], true)
 5 APPPATH/Controllers/UserInfo.php(442): view('users/register')
 6 SYSTEMPATH/CodeIgniter.php(942): App\Controllers\UserInfo->index_new()
 7 SYSTEMPATH/CodeIgniter.php(502): CodeIgniter\CodeIgniter->runController(Object(App\Controllers\UserInfo))
 8 SYSTEMPATH/CodeIgniter.php(361): CodeIgniter\CodeIgniter->handleRequest(null, Object(Config\Cache), false)
 9 FCPATH/index.php(79): CodeIgniter\CodeIgniter->run()
CRITICAL - 2024-05-26 18:49:24 --> Undefined variable $emp_id
in APPPATH/Views/users/register.php on line 86.
 1 APPPATH/Views/users/register.php(86): CodeIgniter\Debug\Exceptions->errorHandler(2, 'Undefined variable $emp_id', '/home/freelance/public_html/digitalflow/app/Views/users/register.php', 86)
 2 SYSTEMPATH/View/View.php(228): include('/home/freelance/public_html/digitalflow/app/Views/users/register.php')
 3 SYSTEMPATH/View/View.php(231): CodeIgniter\View\View->CodeIgniter\View\{closure}()
 4 SYSTEMPATH/Common.php(1190): CodeIgniter\View\View->render('users/register', [], true)
 5 APPPATH/Controllers/UserInfo.php(442): view('users/register')
 6 SYSTEMPATH/CodeIgniter.php(942): App\Controllers\UserInfo->index_new()
 7 SYSTEMPATH/CodeIgniter.php(502): CodeIgniter\CodeIgniter->runController(Object(App\Controllers\UserInfo))
 8 SYSTEMPATH/CodeIgniter.php(361): CodeIgniter\CodeIgniter->handleRequest(null, Object(Config\Cache), false)
 9 FCPATH/index.php(79): CodeIgniter\CodeIgniter->run()
CRITICAL - 2024-05-26 18:50:20 --> Undefined variable $emp_id
in APPPATH/Views/users/register.php on line 86.
 1 APPPATH/Views/users/register.php(86): CodeIgniter\Debug\Exceptions->errorHandler(2, 'Undefined variable $emp_id', '/home/freelance/public_html/digitalflow/app/Views/users/register.php', 86)
 2 SYSTEMPATH/View/View.php(228): include('/home/freelance/public_html/digitalflow/app/Views/users/register.php')
 3 SYSTEMPATH/View/View.php(231): CodeIgniter\View\View->CodeIgniter\View\{closure}()
 4 SYSTEMPATH/Common.php(1190): CodeIgniter\View\View->render('users/register', [], true)
 5 APPPATH/Controllers/UserInfo.php(442): view('users/register')
 6 SYSTEMPATH/CodeIgniter.php(942): App\Controllers\UserInfo->index_new()
 7 SYSTEMPATH/CodeIgniter.php(502): CodeIgniter\CodeIgniter->runController(Object(App\Controllers\UserInfo))
 8 SYSTEMPATH/CodeIgniter.php(361): CodeIgniter\CodeIgniter->handleRequest(null, Object(Config\Cache), false)
 9 FCPATH/index.php(79): CodeIgniter\CodeIgniter->run()
CRITICAL - 2024-05-26 13:26:33 --> Trying to access array offset on value of type null
in APPPATH/Controllers/UserInfo.php on line 485.
 1 APPPATH/Controllers/UserInfo.php(485): CodeIgniter\Debug\Exceptions->errorHandler(2, 'Trying to access array offset on value of type null', '/home/freelance/public_html/digitalflow/app/Controllers/UserInfo.php', 485)
 2 SYSTEMPATH/CodeIgniter.php(942): App\Controllers\UserInfo->list('1235676')
 3 SYSTEMPATH/CodeIgniter.php(502): CodeIgniter\CodeIgniter->runController(Object(App\Controllers\UserInfo))
 4 SYSTEMPATH/CodeIgniter.php(361): CodeIgniter\CodeIgniter->handleRequest(null, Object(Config\Cache), false)
 5 FCPATH/index.php(79): CodeIgniter\CodeIgniter->run()
