CRITICAL - 2024-06-19 12:36:52 --> Undefined array key "job_vacancy_validity_form"
in APPPATH/Views/jobvacancy/vacancy.php on line 131.
 1 APPPATH/Views/jobvacancy/vacancy.php(131): CodeIgniter\Debug\Exceptions->errorHandler(2, 'Undefined array key "job_vacancy_validity_form"', '/home/freelance/public_html/digitalflow/app/Views/jobvacancy/vacancy.php', 131)
 2 SYSTEMPATH/View/View.php(228): include('/home/freelance/public_html/digitalflow/app/Views/jobvacancy/vacancy.php')
 3 SYSTEMPATH/View/View.php(231): CodeIgniter\View\View->CodeIgniter\View\{closure}()
 4 SYSTEMPATH/Common.php(1190): CodeIgniter\View\View->render('jobvacancy/vacancy', [], true)
 5 APPPATH/Controllers/Jobvacancy.php(224): view('jobvacancy/vacancy', [...])
 6 SYSTEMPATH/CodeIgniter.php(942): App\Controllers\Jobvacancy->vacancy('$1')
 7 SYSTEMPATH/CodeIgniter.php(502): CodeIgniter\CodeIgniter->runController(Object(App\Controllers\Jobvacancy))
 8 SYSTEMPATH/CodeIgniter.php(361): CodeIgniter\CodeIgniter->handleRequest(null, Object(Config\Cache), false)
 9 FCPATH/index.php(79): CodeIgniter\CodeIgniter->run()
CRITICAL - 2024-06-19 08:08:35 --> Undefined property: stdClass::$edu_exp_from
in APPPATH/Views/recruitmentinfo/profile.php on line 121.
 1 APPPATH/Views/recruitmentinfo/profile.php(121): CodeIgniter\Debug\Exceptions->errorHandler(2, 'Undefined property: stdClass::$edu_exp_from', '/home/freelance/public_html/digitalflow/app/Views/recruitmentinfo/profile.php', 121)
 2 SYSTEMPATH/View/View.php(228): include('/home/freelance/public_html/digitalflow/app/Views/recruitmentinfo/profile.php')
 3 SYSTEMPATH/View/View.php(231): CodeIgniter\View\View->CodeIgniter\View\{closure}()
 4 SYSTEMPATH/Common.php(1190): CodeIgniter\View\View->render('recruitmentinfo/profile', [], true)
 5 APPPATH/Controllers/RecruitmentInfo.php(324): view('recruitmentinfo/profile', [...])
 6 SYSTEMPATH/CodeIgniter.php(942): App\Controllers\RecruitmentInfo->profile('VFZSclBRPT0=')
 7 SYSTEMPATH/CodeIgniter.php(502): CodeIgniter\CodeIgniter->runController(Object(App\Controllers\RecruitmentInfo))
 8 SYSTEMPATH/CodeIgniter.php(361): CodeIgniter\CodeIgniter->handleRequest(null, Object(Config\Cache), false)
 9 FCPATH/index.php(79): CodeIgniter\CodeIgniter->run()
CRITICAL - 2024-06-19 08:11:31 --> Undefined property: stdClass::$edu_exp_from
in APPPATH/Views/recruitmentinfo/profile.php on line 121.
 1 APPPATH/Views/recruitmentinfo/profile.php(121): CodeIgniter\Debug\Exceptions->errorHandler(2, 'Undefined property: stdClass::$edu_exp_from', '/home/freelance/public_html/digitalflow/app/Views/recruitmentinfo/profile.php', 121)
 2 SYSTEMPATH/View/View.php(228): include('/home/freelance/public_html/digitalflow/app/Views/recruitmentinfo/profile.php')
 3 SYSTEMPATH/View/View.php(231): CodeIgniter\View\View->CodeIgniter\View\{closure}()
 4 SYSTEMPATH/Common.php(1190): CodeIgniter\View\View->render('recruitmentinfo/profile', [], true)
 5 APPPATH/Controllers/RecruitmentInfo.php(324): view('recruitmentinfo/profile', [...])
 6 SYSTEMPATH/CodeIgniter.php(942): App\Controllers\RecruitmentInfo->profile('VGtSUlBRPT0=')
 7 SYSTEMPATH/CodeIgniter.php(502): CodeIgniter\CodeIgniter->runController(Object(App\Controllers\RecruitmentInfo))
 8 SYSTEMPATH/CodeIgniter.php(361): CodeIgniter\CodeIgniter->handleRequest(null, Object(Config\Cache), false)
 9 FCPATH/index.php(79): CodeIgniter\CodeIgniter->run()
CRITICAL - 2024-06-19 08:18:08 --> Undefined property: stdClass::$edu_exp_from
in APPPATH/Views/recruitmentinfo/profile.php on line 121.
 1 APPPATH/Views/recruitmentinfo/profile.php(121): CodeIgniter\Debug\Exceptions->errorHandler(2, 'Undefined property: stdClass::$edu_exp_from', '/home/freelance/public_html/digitalflow/app/Views/recruitmentinfo/profile.php', 121)
 2 SYSTEMPATH/View/View.php(228): include('/home/freelance/public_html/digitalflow/app/Views/recruitmentinfo/profile.php')
 3 SYSTEMPATH/View/View.php(231): CodeIgniter\View\View->CodeIgniter\View\{closure}()
 4 SYSTEMPATH/Common.php(1190): CodeIgniter\View\View->render('recruitmentinfo/profile', [], true)
 5 APPPATH/Controllers/RecruitmentInfo.php(328): view('recruitmentinfo/profile', [...])
 6 SYSTEMPATH/CodeIgniter.php(942): App\Controllers\RecruitmentInfo->profile('VFZSclBRPT0=')
 7 SYSTEMPATH/CodeIgniter.php(502): CodeIgniter\CodeIgniter->runController(Object(App\Controllers\RecruitmentInfo))
 8 SYSTEMPATH/CodeIgniter.php(361): CodeIgniter\CodeIgniter->handleRequest(null, Object(Config\Cache), false)
 9 FCPATH/index.php(79): CodeIgniter\CodeIgniter->run()
CRITICAL - 2024-06-19 09:20:17 --> Undefined variable $dat
in APPPATH/Controllers/RecruitmentInfo.php on line 291.
 1 APPPATH/Controllers/RecruitmentInfo.php(291): CodeIgniter\Debug\Exceptions->errorHandler(2, 'Undefined variable $dat', '/home/freelance/public_html/digitalflow/app/Controllers/RecruitmentInfo.php', 291)
 2 SYSTEMPATH/CodeIgniter.php(942): App\Controllers\RecruitmentInfo->candidates()
 3 SYSTEMPATH/CodeIgniter.php(502): CodeIgniter\CodeIgniter->runController(Object(App\Controllers\RecruitmentInfo))
 4 SYSTEMPATH/CodeIgniter.php(361): CodeIgniter\CodeIgniter->handleRequest(null, Object(Config\Cache), false)
 5 FCPATH/index.php(79): CodeIgniter\CodeIgniter->run()
CRITICAL - 2024-06-19 09:20:25 --> Undefined variable $dat
in APPPATH/Controllers/RecruitmentInfo.php on line 291.
 1 APPPATH/Controllers/RecruitmentInfo.php(291): CodeIgniter\Debug\Exceptions->errorHandler(2, 'Undefined variable $dat', '/home/freelance/public_html/digitalflow/app/Controllers/RecruitmentInfo.php', 291)
 2 SYSTEMPATH/CodeIgniter.php(942): App\Controllers\RecruitmentInfo->candidates()
 3 SYSTEMPATH/CodeIgniter.php(502): CodeIgniter\CodeIgniter->runController(Object(App\Controllers\RecruitmentInfo))
 4 SYSTEMPATH/CodeIgniter.php(361): CodeIgniter\CodeIgniter->handleRequest(null, Object(Config\Cache), false)
 5 FCPATH/index.php(79): CodeIgniter\CodeIgniter->run()
CRITICAL - 2024-06-19 09:30:34 --> Undefined variable $dat
in APPPATH/Controllers/RecruitmentInfo.php on line 308.
 1 APPPATH/Controllers/RecruitmentInfo.php(308): CodeIgniter\Debug\Exceptions->errorHandler(2, 'Undefined variable $dat', '/home/freelance/public_html/digitalflow/app/Controllers/RecruitmentInfo.php', 308)
 2 SYSTEMPATH/CodeIgniter.php(942): App\Controllers\RecruitmentInfo->candidates()
 3 SYSTEMPATH/CodeIgniter.php(502): CodeIgniter\CodeIgniter->runController(Object(App\Controllers\RecruitmentInfo))
 4 SYSTEMPATH/CodeIgniter.php(361): CodeIgniter\CodeIgniter->handleRequest(null, Object(Config\Cache), false)
 5 FCPATH/index.php(79): CodeIgniter\CodeIgniter->run()
CRITICAL - 2024-06-19 13:33:35 --> Undefined array key "selection_status"
in APPPATH/Controllers/RecruitmentInfo.php on line 280.
 1 APPPATH/Controllers/RecruitmentInfo.php(280): CodeIgniter\Debug\Exceptions->errorHandler(2, 'Undefined array key "selection_status"', '/home/freelance/public_html/digitalflow/app/Controllers/RecruitmentInfo.php', 280)
 2 SYSTEMPATH/CodeIgniter.php(942): App\Controllers\RecruitmentInfo->candidates()
 3 SYSTEMPATH/CodeIgniter.php(502): CodeIgniter\CodeIgniter->runController(Object(App\Controllers\RecruitmentInfo))
 4 SYSTEMPATH/CodeIgniter.php(361): CodeIgniter\CodeIgniter->handleRequest(null, Object(Config\Cache), false)
 5 FCPATH/index.php(79): CodeIgniter\CodeIgniter->run()
CRITICAL - 2024-06-19 13:40:53 --> Undefined array key "remarks"
in APPPATH/Views/recruitmentinfo/profile.php on line 122.
 1 APPPATH/Views/recruitmentinfo/profile.php(122): CodeIgniter\Debug\Exceptions->errorHandler(2, 'Undefined array key "remarks"', '/home/freelance/public_html/digitalflow/app/Views/recruitmentinfo/profile.php', 122)
 2 SYSTEMPATH/View/View.php(228): include('/home/freelance/public_html/digitalflow/app/Views/recruitmentinfo/profile.php')
 3 SYSTEMPATH/View/View.php(231): CodeIgniter\View\View->CodeIgniter\View\{closure}()
 4 SYSTEMPATH/Common.php(1190): CodeIgniter\View\View->render('recruitmentinfo/profile', [], true)
 5 APPPATH/Controllers/RecruitmentInfo.php(341): view('recruitmentinfo/profile', [...])
 6 SYSTEMPATH/CodeIgniter.php(942): App\Controllers\RecruitmentInfo->profile('VGtSWlBRPT0=')
 7 SYSTEMPATH/CodeIgniter.php(502): CodeIgniter\CodeIgniter->runController(Object(App\Controllers\RecruitmentInfo))
 8 SYSTEMPATH/CodeIgniter.php(361): CodeIgniter\CodeIgniter->handleRequest(null, Object(Config\Cache), false)
 9 FCPATH/index.php(79): CodeIgniter\CodeIgniter->run()
CRITICAL - 2024-06-19 13:43:24 --> Undefined array key "remarks"
in APPPATH/Views/recruitmentinfo/profile.php on line 122.
 1 APPPATH/Views/recruitmentinfo/profile.php(122): CodeIgniter\Debug\Exceptions->errorHandler(2, 'Undefined array key "remarks"', '/home/freelance/public_html/digitalflow/app/Views/recruitmentinfo/profile.php', 122)
 2 SYSTEMPATH/View/View.php(228): include('/home/freelance/public_html/digitalflow/app/Views/recruitmentinfo/profile.php')
 3 SYSTEMPATH/View/View.php(231): CodeIgniter\View\View->CodeIgniter\View\{closure}()
 4 SYSTEMPATH/Common.php(1190): CodeIgniter\View\View->render('recruitmentinfo/profile', [], true)
 5 APPPATH/Controllers/RecruitmentInfo.php(341): view('recruitmentinfo/profile', [...])
 6 SYSTEMPATH/CodeIgniter.php(942): App\Controllers\RecruitmentInfo->profile('VGtSWlBRPT0=')
 7 SYSTEMPATH/CodeIgniter.php(502): CodeIgniter\CodeIgniter->runController(Object(App\Controllers\RecruitmentInfo))
 8 SYSTEMPATH/CodeIgniter.php(361): CodeIgniter\CodeIgniter->handleRequest(null, Object(Config\Cache), false)
 9 FCPATH/index.php(79): CodeIgniter\CodeIgniter->run()
