CRITICAL - 2024-05-03 10:08:45 --> Undefined array key "bankaccount_id"
in APPPATH/Views/bankaccountinfo/edit.php on line 44.
 1 APPPATH/Views/bankaccountinfo/edit.php(44): CodeIgniter\Debug\Exceptions->errorHandler(2, 'Undefined array key "bankaccount_id"', '/home/freelance/public_html/digitalflow/app/Views/bankaccountinfo/edit.php', 44)
 2 SYSTEMPATH/View/View.php(228): include('/home/freelance/public_html/digitalflow/app/Views/bankaccountinfo/edit.php')
 3 SYSTEMPATH/View/View.php(231): CodeIgniter\View\View->CodeIgniter\View\{closure}()
 4 SYSTEMPATH/Common.php(1190): CodeIgniter\View\View->render('bankaccountinfo/edit', [], true)
 5 APPPATH/Controllers/EducationalInfo.php(137): view('bankaccountinfo/edit', [...])
 6 SYSTEMPATH/CodeIgniter.php(942): App\Controllers\EducationalInfo->edit('VFhjOVBRPT0=')
 7 SYSTEMPATH/CodeIgniter.php(502): CodeIgniter\CodeIgniter->runController(Object(App\Controllers\EducationalInfo))
 8 SYSTEMPATH/CodeIgniter.php(361): CodeIgniter\CodeIgniter->handleRequest(null, Object(Config\Cache), false)
 9 FCPATH/index.php(79): CodeIgniter\CodeIgniter->run()
CRITICAL - 2024-05-03 10:10:46 --> Undefined array key "bankaccount_id"
in APPPATH/Views/bankaccountinfo/edit.php on line 44.
 1 APPPATH/Views/bankaccountinfo/edit.php(44): CodeIgniter\Debug\Exceptions->errorHandler(2, 'Undefined array key "bankaccount_id"', '/home/freelance/public_html/digitalflow/app/Views/bankaccountinfo/edit.php', 44)
 2 SYSTEMPATH/View/View.php(228): include('/home/freelance/public_html/digitalflow/app/Views/bankaccountinfo/edit.php')
 3 SYSTEMPATH/View/View.php(231): CodeIgniter\View\View->CodeIgniter\View\{closure}()
 4 SYSTEMPATH/Common.php(1190): CodeIgniter\View\View->render('bankaccountinfo/edit', [], true)
 5 APPPATH/Controllers/EducationalInfo.php(137): view('bankaccountinfo/edit', [...])
 6 SYSTEMPATH/CodeIgniter.php(942): App\Controllers\EducationalInfo->edit('VFdjOVBRPT0=')
 7 SYSTEMPATH/CodeIgniter.php(502): CodeIgniter\CodeIgniter->runController(Object(App\Controllers\EducationalInfo))
 8 SYSTEMPATH/CodeIgniter.php(361): CodeIgniter\CodeIgniter->handleRequest(null, Object(Config\Cache), false)
 9 FCPATH/index.php(79): CodeIgniter\CodeIgniter->run()
CRITICAL - 2024-05-03 10:13:11 --> Undefined array key "bankaccount_id"
in APPPATH/Views/bankaccountinfo/edit.php on line 44.
 1 APPPATH/Views/bankaccountinfo/edit.php(44): CodeIgniter\Debug\Exceptions->errorHandler(2, 'Undefined array key "bankaccount_id"', '/home/freelance/public_html/digitalflow/app/Views/bankaccountinfo/edit.php', 44)
 2 SYSTEMPATH/View/View.php(228): include('/home/freelance/public_html/digitalflow/app/Views/bankaccountinfo/edit.php')
 3 SYSTEMPATH/View/View.php(231): CodeIgniter\View\View->CodeIgniter\View\{closure}()
 4 SYSTEMPATH/Common.php(1190): CodeIgniter\View\View->render('bankaccountinfo/edit', [], true)
 5 APPPATH/Controllers/EducationalInfo.php(137): view('bankaccountinfo/edit', [...])
 6 SYSTEMPATH/CodeIgniter.php(942): App\Controllers\EducationalInfo->edit('VFdjOVBRPT0=')
 7 SYSTEMPATH/CodeIgniter.php(502): CodeIgniter\CodeIgniter->runController(Object(App\Controllers\EducationalInfo))
 8 SYSTEMPATH/CodeIgniter.php(361): CodeIgniter\CodeIgniter->handleRequest(null, Object(Config\Cache), false)
 9 FCPATH/index.php(79): CodeIgniter\CodeIgniter->run()
CRITICAL - 2024-05-03 10:17:55 --> Undefined array key "edu_total_duration"
in APPPATH/Views/educationalinfo/edit.php on line 72.
 1 APPPATH/Views/educationalinfo/edit.php(72): CodeIgniter\Debug\Exceptions->errorHandler(2, 'Undefined array key "edu_total_duration"', '/home/freelance/public_html/digitalflow/app/Views/educationalinfo/edit.php', 72)
 2 SYSTEMPATH/View/View.php(228): include('/home/freelance/public_html/digitalflow/app/Views/educationalinfo/edit.php')
 3 SYSTEMPATH/View/View.php(231): CodeIgniter\View\View->CodeIgniter\View\{closure}()
 4 SYSTEMPATH/Common.php(1190): CodeIgniter\View\View->render('educationalinfo/edit', [], true)
 5 APPPATH/Controllers/EducationalInfo.php(137): view('educationalinfo/edit', [...])
 6 SYSTEMPATH/CodeIgniter.php(942): App\Controllers\EducationalInfo->edit('VFZFOVBRPT0=')
 7 SYSTEMPATH/CodeIgniter.php(502): CodeIgniter\CodeIgniter->runController(Object(App\Controllers\EducationalInfo))
 8 SYSTEMPATH/CodeIgniter.php(361): CodeIgniter\CodeIgniter->handleRequest(null, Object(Config\Cache), false)
 9 FCPATH/index.php(79): CodeIgniter\CodeIgniter->run()
CRITICAL - 2024-05-03 10:28:53 --> Undefined variable $value
in APPPATH/Views/educationalinfo/edit.php on line 40.
 1 APPPATH/Views/educationalinfo/edit.php(40): CodeIgniter\Debug\Exceptions->errorHandler(2, 'Undefined variable $value', '/home/freelance/public_html/digitalflow/app/Views/educationalinfo/edit.php', 40)
 2 SYSTEMPATH/View/View.php(228): include('/home/freelance/public_html/digitalflow/app/Views/educationalinfo/edit.php')
 3 SYSTEMPATH/View/View.php(231): CodeIgniter\View\View->CodeIgniter\View\{closure}()
 4 SYSTEMPATH/Common.php(1190): CodeIgniter\View\View->render('educationalinfo/edit', [], true)
 5 APPPATH/Controllers/EducationalInfo.php(137): view('educationalinfo/edit', [...])
 6 SYSTEMPATH/CodeIgniter.php(942): App\Controllers\EducationalInfo->edit('VFhjOVBRPT0=')
 7 SYSTEMPATH/CodeIgniter.php(502): CodeIgniter\CodeIgniter->runController(Object(App\Controllers\EducationalInfo))
 8 SYSTEMPATH/CodeIgniter.php(361): CodeIgniter\CodeIgniter->handleRequest(null, Object(Config\Cache), false)
 9 FCPATH/index.php(79): CodeIgniter\CodeIgniter->run()
