ERROR - 2024-12-11 04:20:40 --> Error connecting to the database: ErrorException: mysqli::real_connect(): Error while reading greeting packet. PID=14644 in C:\xampp\htdocs\viyoma\system\Database\MySQLi\Connection.php:184
Stack trace:
#0 [internal function]: CodeIgniter\Debug\Exceptions->errorHandler(2, 'mysqli::real_co...', 'C:\\xampp\\htdocs...', 184)
#1 C:\xampp\htdocs\viyoma\system\Database\MySQLi\Connection.php(184): mysqli->real_connect('localhost', 'root', Object(SensitiveParameterValue), 'inventory', 3306, '', 0)
#2 C:\xampp\htdocs\viyoma\system\Database\BaseConnection.php(392): CodeIgniter\Database\MySQLi\Connection->connect(false)
#3 C:\xampp\htdocs\viyoma\system\Database\BaseConnection.php(575): CodeIgniter\Database\BaseConnection->initialize()
#4 C:\xampp\htdocs\viyoma\system\Database\BaseBuilder.php(1615): CodeIgniter\Database\BaseConnection->query('SELECT *\nFROM `...', Array, false)
#5 C:\xampp\htdocs\viyoma\system\Model.php(237): CodeIgniter\Database\BaseBuilder->get()
#6 C:\xampp\htdocs\viyoma\system\BaseModel.php(624): CodeIgniter\Model->doFindAll(0, 0)
#7 C:\xampp\htdocs\viyoma\app\Controllers\Asset.php(150): CodeIgniter\BaseModel->findAll()
#8 C:\xampp\htdocs\viyoma\system\CodeIgniter.php(942): App\Controllers\Asset->viewAsset()
#9 C:\xampp\htdocs\viyoma\system\CodeIgniter.php(502): CodeIgniter\CodeIgniter->runController(Object(App\Controllers\Asset))
#10 C:\xampp\htdocs\viyoma\system\CodeIgniter.php(361): CodeIgniter\CodeIgniter->handleRequest(NULL, Object(Config\Cache), false)
#11 C:\xampp\htdocs\viyoma\index.php(79): CodeIgniter\CodeIgniter->run()
#12 {main}

Next mysqli_sql_exception: MySQL server has gone away in C:\xampp\htdocs\viyoma\system\Database\MySQLi\Connection.php:184
Stack trace:
#0 C:\xampp\htdocs\viyoma\system\Database\MySQLi\Connection.php(184): mysqli->real_connect('localhost', 'root', Object(SensitiveParameterValue), 'inventory', 3306, '', 0)
#1 C:\xampp\htdocs\viyoma\system\Database\BaseConnection.php(392): CodeIgniter\Database\MySQLi\Connection->connect(false)
#2 C:\xampp\htdocs\viyoma\system\Database\BaseConnection.php(575): CodeIgniter\Database\BaseConnection->initialize()
#3 C:\xampp\htdocs\viyoma\system\Database\BaseBuilder.php(1615): CodeIgniter\Database\BaseConnection->query('SELECT *\nFROM `...', Array, false)
#4 C:\xampp\htdocs\viyoma\system\Model.php(237): CodeIgniter\Database\BaseBuilder->get()
#5 C:\xampp\htdocs\viyoma\system\BaseModel.php(624): CodeIgniter\Model->doFindAll(0, 0)
#6 C:\xampp\htdocs\viyoma\app\Controllers\Asset.php(150): CodeIgniter\BaseModel->findAll()
#7 C:\xampp\htdocs\viyoma\system\CodeIgniter.php(942): App\Controllers\Asset->viewAsset()
#8 C:\xampp\htdocs\viyoma\system\CodeIgniter.php(502): CodeIgniter\CodeIgniter->runController(Object(App\Controllers\Asset))
#9 C:\xampp\htdocs\viyoma\system\CodeIgniter.php(361): CodeIgniter\CodeIgniter->handleRequest(NULL, Object(Config\Cache), false)
#10 C:\xampp\htdocs\viyoma\index.php(79): CodeIgniter\CodeIgniter->run()
#11 {main}

Next CodeIgniter\Database\Exceptions\DatabaseException: MySQL server has gone away in C:\xampp\htdocs\viyoma\system\Database\MySQLi\Connection.php:229
Stack trace:
#0 C:\xampp\htdocs\viyoma\system\Database\BaseConnection.php(392): CodeIgniter\Database\MySQLi\Connection->connect(false)
#1 C:\xampp\htdocs\viyoma\system\Database\BaseConnection.php(575): CodeIgniter\Database\BaseConnection->initialize()
#2 C:\xampp\htdocs\viyoma\system\Database\BaseBuilder.php(1615): CodeIgniter\Database\BaseConnection->query('SELECT *\nFROM `...', Array, false)
#3 C:\xampp\htdocs\viyoma\system\Model.php(237): CodeIgniter\Database\BaseBuilder->get()
#4 C:\xampp\htdocs\viyoma\system\BaseModel.php(624): CodeIgniter\Model->doFindAll(0, 0)
#5 C:\xampp\htdocs\viyoma\app\Controllers\Asset.php(150): CodeIgniter\BaseModel->findAll()
#6 C:\xampp\htdocs\viyoma\system\CodeIgniter.php(942): App\Controllers\Asset->viewAsset()
#7 C:\xampp\htdocs\viyoma\system\CodeIgniter.php(502): CodeIgniter\CodeIgniter->runController(Object(App\Controllers\Asset))
#8 C:\xampp\htdocs\viyoma\system\CodeIgniter.php(361): CodeIgniter\CodeIgniter->handleRequest(NULL, Object(Config\Cache), false)
#9 C:\xampp\htdocs\viyoma\index.php(79): CodeIgniter\CodeIgniter->run()
#10 {main}
CRITICAL - 2024-12-11 04:20:40 --> Unable to connect to the database.
Main connection [MySQLi]: MySQL server has gone away
in SYSTEMPATH\Database\BaseConnection.php on line 428.
 1 SYSTEMPATH\Database\BaseConnection.php(575): CodeIgniter\Database\BaseConnection->initialize()
 2 SYSTEMPATH\Database\BaseBuilder.php(1615): CodeIgniter\Database\BaseConnection->query('SELECT *
FROM `newasset`
WHERE `deleted_on` IS NULL', [], false)
 3 SYSTEMPATH\Model.php(237): CodeIgniter\Database\BaseBuilder->get()
 4 SYSTEMPATH\BaseModel.php(624): CodeIgniter\Model->doFindAll(0, 0)
 5 APPPATH\Controllers\Asset.php(150): CodeIgniter\BaseModel->findAll()
 6 SYSTEMPATH\CodeIgniter.php(942): App\Controllers\Asset->viewAsset()
 7 SYSTEMPATH\CodeIgniter.php(502): CodeIgniter\CodeIgniter->runController(Object(App\Controllers\Asset))
 8 SYSTEMPATH\CodeIgniter.php(361): CodeIgniter\CodeIgniter->handleRequest(null, Object(Config\Cache), false)
 9 FCPATH\index.php(79): CodeIgniter\CodeIgniter->run()
ERROR - 2024-12-11 04:30:20 --> Error connecting to the database: ErrorException: mysqli::real_connect(): Error while reading greeting packet. PID=20280 in C:\xampp\htdocs\viyoma\system\Database\MySQLi\Connection.php:184
Stack trace:
#0 [internal function]: CodeIgniter\Debug\Exceptions->errorHandler(2, 'mysqli::real_co...', 'C:\\xampp\\htdocs...', 184)
#1 C:\xampp\htdocs\viyoma\system\Database\MySQLi\Connection.php(184): mysqli->real_connect('localhost', 'root', Object(SensitiveParameterValue), 'inventory', 3306, '', 0)
#2 C:\xampp\htdocs\viyoma\system\Database\BaseConnection.php(392): CodeIgniter\Database\MySQLi\Connection->connect(false)
#3 C:\xampp\htdocs\viyoma\system\Database\BaseConnection.php(575): CodeIgniter\Database\BaseConnection->initialize()
#4 C:\xampp\htdocs\viyoma\system\Database\BaseBuilder.php(1615): CodeIgniter\Database\BaseConnection->query('SELECT *\nFROM `...', Array, false)
#5 C:\xampp\htdocs\viyoma\system\Model.php(237): CodeIgniter\Database\BaseBuilder->get()
#6 C:\xampp\htdocs\viyoma\system\BaseModel.php(624): CodeIgniter\Model->doFindAll(0, 0)
#7 C:\xampp\htdocs\viyoma\app\Controllers\Asset.php(150): CodeIgniter\BaseModel->findAll()
#8 C:\xampp\htdocs\viyoma\system\CodeIgniter.php(942): App\Controllers\Asset->viewAsset()
#9 C:\xampp\htdocs\viyoma\system\CodeIgniter.php(502): CodeIgniter\CodeIgniter->runController(Object(App\Controllers\Asset))
#10 C:\xampp\htdocs\viyoma\system\CodeIgniter.php(361): CodeIgniter\CodeIgniter->handleRequest(NULL, Object(Config\Cache), false)
#11 C:\xampp\htdocs\viyoma\index.php(79): CodeIgniter\CodeIgniter->run()
#12 {main}

Next mysqli_sql_exception: MySQL server has gone away in C:\xampp\htdocs\viyoma\system\Database\MySQLi\Connection.php:184
Stack trace:
#0 C:\xampp\htdocs\viyoma\system\Database\MySQLi\Connection.php(184): mysqli->real_connect('localhost', 'root', Object(SensitiveParameterValue), 'inventory', 3306, '', 0)
#1 C:\xampp\htdocs\viyoma\system\Database\BaseConnection.php(392): CodeIgniter\Database\MySQLi\Connection->connect(false)
#2 C:\xampp\htdocs\viyoma\system\Database\BaseConnection.php(575): CodeIgniter\Database\BaseConnection->initialize()
#3 C:\xampp\htdocs\viyoma\system\Database\BaseBuilder.php(1615): CodeIgniter\Database\BaseConnection->query('SELECT *\nFROM `...', Array, false)
#4 C:\xampp\htdocs\viyoma\system\Model.php(237): CodeIgniter\Database\BaseBuilder->get()
#5 C:\xampp\htdocs\viyoma\system\BaseModel.php(624): CodeIgniter\Model->doFindAll(0, 0)
#6 C:\xampp\htdocs\viyoma\app\Controllers\Asset.php(150): CodeIgniter\BaseModel->findAll()
#7 C:\xampp\htdocs\viyoma\system\CodeIgniter.php(942): App\Controllers\Asset->viewAsset()
#8 C:\xampp\htdocs\viyoma\system\CodeIgniter.php(502): CodeIgniter\CodeIgniter->runController(Object(App\Controllers\Asset))
#9 C:\xampp\htdocs\viyoma\system\CodeIgniter.php(361): CodeIgniter\CodeIgniter->handleRequest(NULL, Object(Config\Cache), false)
#10 C:\xampp\htdocs\viyoma\index.php(79): CodeIgniter\CodeIgniter->run()
#11 {main}

Next CodeIgniter\Database\Exceptions\DatabaseException: MySQL server has gone away in C:\xampp\htdocs\viyoma\system\Database\MySQLi\Connection.php:229
Stack trace:
#0 C:\xampp\htdocs\viyoma\system\Database\BaseConnection.php(392): CodeIgniter\Database\MySQLi\Connection->connect(false)
#1 C:\xampp\htdocs\viyoma\system\Database\BaseConnection.php(575): CodeIgniter\Database\BaseConnection->initialize()
#2 C:\xampp\htdocs\viyoma\system\Database\BaseBuilder.php(1615): CodeIgniter\Database\BaseConnection->query('SELECT *\nFROM `...', Array, false)
#3 C:\xampp\htdocs\viyoma\system\Model.php(237): CodeIgniter\Database\BaseBuilder->get()
#4 C:\xampp\htdocs\viyoma\system\BaseModel.php(624): CodeIgniter\Model->doFindAll(0, 0)
#5 C:\xampp\htdocs\viyoma\app\Controllers\Asset.php(150): CodeIgniter\BaseModel->findAll()
#6 C:\xampp\htdocs\viyoma\system\CodeIgniter.php(942): App\Controllers\Asset->viewAsset()
#7 C:\xampp\htdocs\viyoma\system\CodeIgniter.php(502): CodeIgniter\CodeIgniter->runController(Object(App\Controllers\Asset))
#8 C:\xampp\htdocs\viyoma\system\CodeIgniter.php(361): CodeIgniter\CodeIgniter->handleRequest(NULL, Object(Config\Cache), false)
#9 C:\xampp\htdocs\viyoma\index.php(79): CodeIgniter\CodeIgniter->run()
#10 {main}
CRITICAL - 2024-12-11 04:30:20 --> Unable to connect to the database.
Main connection [MySQLi]: MySQL server has gone away
in SYSTEMPATH\Database\BaseConnection.php on line 428.
 1 SYSTEMPATH\Database\BaseConnection.php(575): CodeIgniter\Database\BaseConnection->initialize()
 2 SYSTEMPATH\Database\BaseBuilder.php(1615): CodeIgniter\Database\BaseConnection->query('SELECT *
FROM `newasset`
WHERE `deleted_on` IS NULL', [], false)
 3 SYSTEMPATH\Model.php(237): CodeIgniter\Database\BaseBuilder->get()
 4 SYSTEMPATH\BaseModel.php(624): CodeIgniter\Model->doFindAll(0, 0)
 5 APPPATH\Controllers\Asset.php(150): CodeIgniter\BaseModel->findAll()
 6 SYSTEMPATH\CodeIgniter.php(942): App\Controllers\Asset->viewAsset()
 7 SYSTEMPATH\CodeIgniter.php(502): CodeIgniter\CodeIgniter->runController(Object(App\Controllers\Asset))
 8 SYSTEMPATH\CodeIgniter.php(361): CodeIgniter\CodeIgniter->handleRequest(null, Object(Config\Cache), false)
 9 FCPATH\index.php(79): CodeIgniter\CodeIgniter->run()
ERROR - 2024-12-11 04:30:32 --> Error connecting to the database: ErrorException: mysqli::real_connect(): Error while reading greeting packet. PID=20280 in C:\xampp\htdocs\viyoma\system\Database\MySQLi\Connection.php:184
Stack trace:
#0 [internal function]: CodeIgniter\Debug\Exceptions->errorHandler(2, 'mysqli::real_co...', 'C:\\xampp\\htdocs...', 184)
#1 C:\xampp\htdocs\viyoma\system\Database\MySQLi\Connection.php(184): mysqli->real_connect('localhost', 'root', Object(SensitiveParameterValue), 'inventory', 3306, '', 0)
#2 C:\xampp\htdocs\viyoma\system\Database\BaseConnection.php(392): CodeIgniter\Database\MySQLi\Connection->connect(false)
#3 C:\xampp\htdocs\viyoma\system\Database\BaseConnection.php(575): CodeIgniter\Database\BaseConnection->initialize()
#4 C:\xampp\htdocs\viyoma\system\Database\BaseBuilder.php(1615): CodeIgniter\Database\BaseConnection->query('SELECT *\nFROM `...', Array, false)
#5 C:\xampp\htdocs\viyoma\system\Model.php(237): CodeIgniter\Database\BaseBuilder->get()
#6 C:\xampp\htdocs\viyoma\system\BaseModel.php(624): CodeIgniter\Model->doFindAll(0, 0)
#7 C:\xampp\htdocs\viyoma\app\Controllers\Asset.php(150): CodeIgniter\BaseModel->findAll()
#8 C:\xampp\htdocs\viyoma\system\CodeIgniter.php(942): App\Controllers\Asset->viewAsset()
#9 C:\xampp\htdocs\viyoma\system\CodeIgniter.php(502): CodeIgniter\CodeIgniter->runController(Object(App\Controllers\Asset))
#10 C:\xampp\htdocs\viyoma\system\CodeIgniter.php(361): CodeIgniter\CodeIgniter->handleRequest(NULL, Object(Config\Cache), false)
#11 C:\xampp\htdocs\viyoma\index.php(79): CodeIgniter\CodeIgniter->run()
#12 {main}

Next mysqli_sql_exception: MySQL server has gone away in C:\xampp\htdocs\viyoma\system\Database\MySQLi\Connection.php:184
Stack trace:
#0 C:\xampp\htdocs\viyoma\system\Database\MySQLi\Connection.php(184): mysqli->real_connect('localhost', 'root', Object(SensitiveParameterValue), 'inventory', 3306, '', 0)
#1 C:\xampp\htdocs\viyoma\system\Database\BaseConnection.php(392): CodeIgniter\Database\MySQLi\Connection->connect(false)
#2 C:\xampp\htdocs\viyoma\system\Database\BaseConnection.php(575): CodeIgniter\Database\BaseConnection->initialize()
#3 C:\xampp\htdocs\viyoma\system\Database\BaseBuilder.php(1615): CodeIgniter\Database\BaseConnection->query('SELECT *\nFROM `...', Array, false)
#4 C:\xampp\htdocs\viyoma\system\Model.php(237): CodeIgniter\Database\BaseBuilder->get()
#5 C:\xampp\htdocs\viyoma\system\BaseModel.php(624): CodeIgniter\Model->doFindAll(0, 0)
#6 C:\xampp\htdocs\viyoma\app\Controllers\Asset.php(150): CodeIgniter\BaseModel->findAll()
#7 C:\xampp\htdocs\viyoma\system\CodeIgniter.php(942): App\Controllers\Asset->viewAsset()
#8 C:\xampp\htdocs\viyoma\system\CodeIgniter.php(502): CodeIgniter\CodeIgniter->runController(Object(App\Controllers\Asset))
#9 C:\xampp\htdocs\viyoma\system\CodeIgniter.php(361): CodeIgniter\CodeIgniter->handleRequest(NULL, Object(Config\Cache), false)
#10 C:\xampp\htdocs\viyoma\index.php(79): CodeIgniter\CodeIgniter->run()
#11 {main}

Next CodeIgniter\Database\Exceptions\DatabaseException: MySQL server has gone away in C:\xampp\htdocs\viyoma\system\Database\MySQLi\Connection.php:229
Stack trace:
#0 C:\xampp\htdocs\viyoma\system\Database\BaseConnection.php(392): CodeIgniter\Database\MySQLi\Connection->connect(false)
#1 C:\xampp\htdocs\viyoma\system\Database\BaseConnection.php(575): CodeIgniter\Database\BaseConnection->initialize()
#2 C:\xampp\htdocs\viyoma\system\Database\BaseBuilder.php(1615): CodeIgniter\Database\BaseConnection->query('SELECT *\nFROM `...', Array, false)
#3 C:\xampp\htdocs\viyoma\system\Model.php(237): CodeIgniter\Database\BaseBuilder->get()
#4 C:\xampp\htdocs\viyoma\system\BaseModel.php(624): CodeIgniter\Model->doFindAll(0, 0)
#5 C:\xampp\htdocs\viyoma\app\Controllers\Asset.php(150): CodeIgniter\BaseModel->findAll()
#6 C:\xampp\htdocs\viyoma\system\CodeIgniter.php(942): App\Controllers\Asset->viewAsset()
#7 C:\xampp\htdocs\viyoma\system\CodeIgniter.php(502): CodeIgniter\CodeIgniter->runController(Object(App\Controllers\Asset))
#8 C:\xampp\htdocs\viyoma\system\CodeIgniter.php(361): CodeIgniter\CodeIgniter->handleRequest(NULL, Object(Config\Cache), false)
#9 C:\xampp\htdocs\viyoma\index.php(79): CodeIgniter\CodeIgniter->run()
#10 {main}
CRITICAL - 2024-12-11 04:30:32 --> Unable to connect to the database.
Main connection [MySQLi]: MySQL server has gone away
in SYSTEMPATH\Database\BaseConnection.php on line 428.
 1 SYSTEMPATH\Database\BaseConnection.php(575): CodeIgniter\Database\BaseConnection->initialize()
 2 SYSTEMPATH\Database\BaseBuilder.php(1615): CodeIgniter\Database\BaseConnection->query('SELECT *
FROM `newasset`
WHERE `deleted_on` IS NULL', [], false)
 3 SYSTEMPATH\Model.php(237): CodeIgniter\Database\BaseBuilder->get()
 4 SYSTEMPATH\BaseModel.php(624): CodeIgniter\Model->doFindAll(0, 0)
 5 APPPATH\Controllers\Asset.php(150): CodeIgniter\BaseModel->findAll()
 6 SYSTEMPATH\CodeIgniter.php(942): App\Controllers\Asset->viewAsset()
 7 SYSTEMPATH\CodeIgniter.php(502): CodeIgniter\CodeIgniter->runController(Object(App\Controllers\Asset))
 8 SYSTEMPATH\CodeIgniter.php(361): CodeIgniter\CodeIgniter->handleRequest(null, Object(Config\Cache), false)
 9 FCPATH\index.php(79): CodeIgniter\CodeIgniter->run()
ERROR - 2024-12-11 04:31:05 --> Error connecting to the database: ErrorException: mysqli::real_connect(): Error while reading greeting packet. PID=21940 in C:\xampp\htdocs\viyoma\system\Database\MySQLi\Connection.php:184
Stack trace:
#0 [internal function]: CodeIgniter\Debug\Exceptions->errorHandler(2, 'mysqli::real_co...', 'C:\\xampp\\htdocs...', 184)
#1 C:\xampp\htdocs\viyoma\system\Database\MySQLi\Connection.php(184): mysqli->real_connect('localhost', 'root', Object(SensitiveParameterValue), 'inventory', 3306, '', 0)
#2 C:\xampp\htdocs\viyoma\system\Database\BaseConnection.php(392): CodeIgniter\Database\MySQLi\Connection->connect(false)
#3 C:\xampp\htdocs\viyoma\system\Database\BaseConnection.php(575): CodeIgniter\Database\BaseConnection->initialize()
#4 C:\xampp\htdocs\viyoma\system\Database\BaseBuilder.php(1615): CodeIgniter\Database\BaseConnection->query('SELECT *\nFROM `...', Array, false)
#5 C:\xampp\htdocs\viyoma\system\Model.php(237): CodeIgniter\Database\BaseBuilder->get()
#6 C:\xampp\htdocs\viyoma\system\BaseModel.php(624): CodeIgniter\Model->doFindAll(0, 0)
#7 C:\xampp\htdocs\viyoma\app\Controllers\Asset.php(150): CodeIgniter\BaseModel->findAll()
#8 C:\xampp\htdocs\viyoma\system\CodeIgniter.php(942): App\Controllers\Asset->viewAsset()
#9 C:\xampp\htdocs\viyoma\system\CodeIgniter.php(502): CodeIgniter\CodeIgniter->runController(Object(App\Controllers\Asset))
#10 C:\xampp\htdocs\viyoma\system\CodeIgniter.php(361): CodeIgniter\CodeIgniter->handleRequest(NULL, Object(Config\Cache), false)
#11 C:\xampp\htdocs\viyoma\index.php(79): CodeIgniter\CodeIgniter->run()
#12 {main}

Next mysqli_sql_exception: MySQL server has gone away in C:\xampp\htdocs\viyoma\system\Database\MySQLi\Connection.php:184
Stack trace:
#0 C:\xampp\htdocs\viyoma\system\Database\MySQLi\Connection.php(184): mysqli->real_connect('localhost', 'root', Object(SensitiveParameterValue), 'inventory', 3306, '', 0)
#1 C:\xampp\htdocs\viyoma\system\Database\BaseConnection.php(392): CodeIgniter\Database\MySQLi\Connection->connect(false)
#2 C:\xampp\htdocs\viyoma\system\Database\BaseConnection.php(575): CodeIgniter\Database\BaseConnection->initialize()
#3 C:\xampp\htdocs\viyoma\system\Database\BaseBuilder.php(1615): CodeIgniter\Database\BaseConnection->query('SELECT *\nFROM `...', Array, false)
#4 C:\xampp\htdocs\viyoma\system\Model.php(237): CodeIgniter\Database\BaseBuilder->get()
#5 C:\xampp\htdocs\viyoma\system\BaseModel.php(624): CodeIgniter\Model->doFindAll(0, 0)
#6 C:\xampp\htdocs\viyoma\app\Controllers\Asset.php(150): CodeIgniter\BaseModel->findAll()
#7 C:\xampp\htdocs\viyoma\system\CodeIgniter.php(942): App\Controllers\Asset->viewAsset()
#8 C:\xampp\htdocs\viyoma\system\CodeIgniter.php(502): CodeIgniter\CodeIgniter->runController(Object(App\Controllers\Asset))
#9 C:\xampp\htdocs\viyoma\system\CodeIgniter.php(361): CodeIgniter\CodeIgniter->handleRequest(NULL, Object(Config\Cache), false)
#10 C:\xampp\htdocs\viyoma\index.php(79): CodeIgniter\CodeIgniter->run()
#11 {main}

Next CodeIgniter\Database\Exceptions\DatabaseException: MySQL server has gone away in C:\xampp\htdocs\viyoma\system\Database\MySQLi\Connection.php:229
Stack trace:
#0 C:\xampp\htdocs\viyoma\system\Database\BaseConnection.php(392): CodeIgniter\Database\MySQLi\Connection->connect(false)
#1 C:\xampp\htdocs\viyoma\system\Database\BaseConnection.php(575): CodeIgniter\Database\BaseConnection->initialize()
#2 C:\xampp\htdocs\viyoma\system\Database\BaseBuilder.php(1615): CodeIgniter\Database\BaseConnection->query('SELECT *\nFROM `...', Array, false)
#3 C:\xampp\htdocs\viyoma\system\Model.php(237): CodeIgniter\Database\BaseBuilder->get()
#4 C:\xampp\htdocs\viyoma\system\BaseModel.php(624): CodeIgniter\Model->doFindAll(0, 0)
#5 C:\xampp\htdocs\viyoma\app\Controllers\Asset.php(150): CodeIgniter\BaseModel->findAll()
#6 C:\xampp\htdocs\viyoma\system\CodeIgniter.php(942): App\Controllers\Asset->viewAsset()
#7 C:\xampp\htdocs\viyoma\system\CodeIgniter.php(502): CodeIgniter\CodeIgniter->runController(Object(App\Controllers\Asset))
#8 C:\xampp\htdocs\viyoma\system\CodeIgniter.php(361): CodeIgniter\CodeIgniter->handleRequest(NULL, Object(Config\Cache), false)
#9 C:\xampp\htdocs\viyoma\index.php(79): CodeIgniter\CodeIgniter->run()
#10 {main}
CRITICAL - 2024-12-11 04:31:05 --> Unable to connect to the database.
Main connection [MySQLi]: MySQL server has gone away
in SYSTEMPATH\Database\BaseConnection.php on line 428.
 1 SYSTEMPATH\Database\BaseConnection.php(575): CodeIgniter\Database\BaseConnection->initialize()
 2 SYSTEMPATH\Database\BaseBuilder.php(1615): CodeIgniter\Database\BaseConnection->query('SELECT *
FROM `newasset`
WHERE `deleted_on` IS NULL', [], false)
 3 SYSTEMPATH\Model.php(237): CodeIgniter\Database\BaseBuilder->get()
 4 SYSTEMPATH\BaseModel.php(624): CodeIgniter\Model->doFindAll(0, 0)
 5 APPPATH\Controllers\Asset.php(150): CodeIgniter\BaseModel->findAll()
 6 SYSTEMPATH\CodeIgniter.php(942): App\Controllers\Asset->viewAsset()
 7 SYSTEMPATH\CodeIgniter.php(502): CodeIgniter\CodeIgniter->runController(Object(App\Controllers\Asset))
 8 SYSTEMPATH\CodeIgniter.php(361): CodeIgniter\CodeIgniter->handleRequest(null, Object(Config\Cache), false)
 9 FCPATH\index.php(79): CodeIgniter\CodeIgniter->run()
CRITICAL - 2024-12-11 04:37:52 --> Maximum execution time of 120 seconds exceeded
in SYSTEMPATH\Debug\Exceptions.php on line 194.
 1 [internal function]: CodeIgniter\Debug\Exceptions->shutdownHandler()
CRITICAL - 2024-12-11 07:56:06 --> Class "Locale" not found
in SYSTEMPATH\CodeIgniter.php on line 218.
 1 FCPATH\index.php(67): CodeIgniter\CodeIgniter->initialize()
CRITICAL - 2024-12-11 08:00:53 --> Class "Locale" not found
in SYSTEMPATH\CodeIgniter.php on line 218.
 1 FCPATH\index.php(67): CodeIgniter\CodeIgniter->initialize()
CRITICAL - 2024-12-11 08:02:10 --> Class "Locale" not found
in SYSTEMPATH\CodeIgniter.php on line 218.
 1 FCPATH\index.php(67): CodeIgniter\CodeIgniter->initialize()
CRITICAL - 2024-12-11 08:02:11 --> Class "Locale" not found
in SYSTEMPATH\CodeIgniter.php on line 218.
 1 FCPATH\index.php(67): CodeIgniter\CodeIgniter->initialize()
CRITICAL - 2024-12-11 08:02:11 --> Class "Locale" not found
in SYSTEMPATH\CodeIgniter.php on line 218.
 1 FCPATH\index.php(67): CodeIgniter\CodeIgniter->initialize()
CRITICAL - 2024-12-11 08:02:11 --> Class "Locale" not found
in SYSTEMPATH\CodeIgniter.php on line 218.
 1 FCPATH\index.php(67): CodeIgniter\CodeIgniter->initialize()
CRITICAL - 2024-12-11 08:02:24 --> Class "Locale" not found
in SYSTEMPATH\CodeIgniter.php on line 218.
 1 FCPATH\index.php(67): CodeIgniter\CodeIgniter->initialize()
CRITICAL - 2024-12-11 08:38:12 --> Class "Locale" not found
in SYSTEMPATH\CodeIgniter.php on line 218.
 1 FCPATH\index.php(67): CodeIgniter\CodeIgniter->initialize()
CRITICAL - 2024-12-11 08:38:17 --> Class "Locale" not found
in SYSTEMPATH\CodeIgniter.php on line 218.
 1 FCPATH\index.php(67): CodeIgniter\CodeIgniter->initialize()
CRITICAL - 2024-12-11 08:38:54 --> Class "Locale" not found
in SYSTEMPATH\CodeIgniter.php on line 218.
 1 FCPATH\index.php(67): CodeIgniter\CodeIgniter->initialize()
CRITICAL - 2024-12-11 07:56:25 --> Class "PhpOffice\PhpSpreadsheet\Spreadsheet" not found
in APPPATH\Controllers\Asset.php on line 561.
 1 SYSTEMPATH\CodeIgniter.php(942): App\Controllers\Asset->exportToExcel()
 2 SYSTEMPATH\CodeIgniter.php(502): CodeIgniter\CodeIgniter->runController(Object(App\Controllers\Asset))
 3 SYSTEMPATH\CodeIgniter.php(361): CodeIgniter\CodeIgniter->handleRequest(null, Object(Config\Cache), false)
 4 FCPATH\index.php(79): CodeIgniter\CodeIgniter->run()
CRITICAL - 2024-12-11 08:38:25 --> Undefined array key "$serialNo"
in APPPATH\Controllers\Asset.php on line 577.
 1 APPPATH\Controllers\Asset.php(577): CodeIgniter\Debug\Exceptions->errorHandler(2, 'Undefined array key "$serialNo"', 'C:\\xampp\\htdocs\\viyoma\\app\\Controllers\\Asset.php', 577)
 2 SYSTEMPATH\CodeIgniter.php(942): App\Controllers\Asset->exportToExcel()
 3 SYSTEMPATH\CodeIgniter.php(502): CodeIgniter\CodeIgniter->runController(Object(App\Controllers\Asset))
 4 SYSTEMPATH\CodeIgniter.php(361): CodeIgniter\CodeIgniter->handleRequest(null, Object(Config\Cache), false)
 5 FCPATH\index.php(79): CodeIgniter\CodeIgniter->run()
CRITICAL - 2024-12-11 08:39:18 --> Undefined array key ""
in APPPATH\Controllers\Asset.php on line 575.
 1 APPPATH\Controllers\Asset.php(575): CodeIgniter\Debug\Exceptions->errorHandler(2, 'Undefined array key ""', 'C:\\xampp\\htdocs\\viyoma\\app\\Controllers\\Asset.php', 575)
 2 SYSTEMPATH\CodeIgniter.php(942): App\Controllers\Asset->exportToExcel()
 3 SYSTEMPATH\CodeIgniter.php(502): CodeIgniter\CodeIgniter->runController(Object(App\Controllers\Asset))
 4 SYSTEMPATH\CodeIgniter.php(361): CodeIgniter\CodeIgniter->handleRequest(null, Object(Config\Cache), false)
 5 FCPATH\index.php(79): CodeIgniter\CodeIgniter->run()
CRITICAL - 2024-12-11 08:39:22 --> Undefined array key ""
in APPPATH\Controllers\Asset.php on line 575.
 1 APPPATH\Controllers\Asset.php(575): CodeIgniter\Debug\Exceptions->errorHandler(2, 'Undefined array key ""', 'C:\\xampp\\htdocs\\viyoma\\app\\Controllers\\Asset.php', 575)
 2 SYSTEMPATH\CodeIgniter.php(942): App\Controllers\Asset->exportToExcel()
 3 SYSTEMPATH\CodeIgniter.php(502): CodeIgniter\CodeIgniter->runController(Object(App\Controllers\Asset))
 4 SYSTEMPATH\CodeIgniter.php(361): CodeIgniter\CodeIgniter->handleRequest(null, Object(Config\Cache), false)
 5 FCPATH\index.php(79): CodeIgniter\CodeIgniter->run()
CRITICAL - 2024-12-11 08:41:13 --> Undefined variable $data
in APPPATH\Controllers\Asset.php on line 575.
 1 APPPATH\Controllers\Asset.php(575): CodeIgniter\Debug\Exceptions->errorHandler(2, 'Undefined variable $data', 'C:\\xampp\\htdocs\\viyoma\\app\\Controllers\\Asset.php', 575)
 2 SYSTEMPATH\CodeIgniter.php(942): App\Controllers\Asset->exportToExcel()
 3 SYSTEMPATH\CodeIgniter.php(502): CodeIgniter\CodeIgniter->runController(Object(App\Controllers\Asset))
 4 SYSTEMPATH\CodeIgniter.php(361): CodeIgniter\CodeIgniter->handleRequest(null, Object(Config\Cache), false)
 5 FCPATH\index.php(79): CodeIgniter\CodeIgniter->run()
CRITICAL - 2024-12-11 08:42:27 --> Undefined variable $data
in APPPATH\Controllers\Asset.php on line 576.
 1 APPPATH\Controllers\Asset.php(576): CodeIgniter\Debug\Exceptions->errorHandler(2, 'Undefined variable $data', 'C:\\xampp\\htdocs\\viyoma\\app\\Controllers\\Asset.php', 576)
 2 SYSTEMPATH\CodeIgniter.php(942): App\Controllers\Asset->exportToExcel()
 3 SYSTEMPATH\CodeIgniter.php(502): CodeIgniter\CodeIgniter->runController(Object(App\Controllers\Asset))
 4 SYSTEMPATH\CodeIgniter.php(361): CodeIgniter\CodeIgniter->handleRequest(null, Object(Config\Cache), false)
 5 FCPATH\index.php(79): CodeIgniter\CodeIgniter->run()
CRITICAL - 2024-12-11 09:16:41 --> Too few arguments to function App\Controllers\Asset::download(), 0 passed in C:\xampp\htdocs\viyoma\system\CodeIgniter.php on line 942 and exactly 1 expected
in APPPATH\Controllers\Asset.php on line 528.
 1 SYSTEMPATH\CodeIgniter.php(942): App\Controllers\Asset->download()
 2 SYSTEMPATH\CodeIgniter.php(502): CodeIgniter\CodeIgniter->runController(Object(App\Controllers\Asset))
 3 SYSTEMPATH\CodeIgniter.php(361): CodeIgniter\CodeIgniter->handleRequest(null, Object(Config\Cache), false)
 4 FCPATH\index.php(79): CodeIgniter\CodeIgniter->run()
CRITICAL - 2024-12-11 09:25:07 --> Too few arguments to function App\Controllers\Asset::download(), 0 passed in C:\xampp\htdocs\viyoma\system\CodeIgniter.php on line 942 and exactly 1 expected
in APPPATH\Controllers\Asset.php on line 528.
 1 SYSTEMPATH\CodeIgniter.php(942): App\Controllers\Asset->download()
 2 SYSTEMPATH\CodeIgniter.php(502): CodeIgniter\CodeIgniter->runController(Object(App\Controllers\Asset))
 3 SYSTEMPATH\CodeIgniter.php(361): CodeIgniter\CodeIgniter->handleRequest(null, Object(Config\Cache), false)
 4 FCPATH\index.php(79): CodeIgniter\CodeIgniter->run()
CRITICAL - 2024-12-11 09:31:43 --> syntax error, unexpected token "public"
in APPPATH\Controllers\Asset.php on line 534.
 1 SYSTEMPATH\Autoloader\Autoloader.php(291): CodeIgniter\Autoloader\Autoloader->includeFile('C:\\xampp\\htdocs\\viyoma\\app\\Controllers\\Asset.php')
 2 SYSTEMPATH\Autoloader\Autoloader.php(269): CodeIgniter\Autoloader\Autoloader->loadInNamespace('App\\Controllers\\Asset')
 3 [internal function]: CodeIgniter\Autoloader\Autoloader->loadClass('App\\Controllers\\Asset')
 4 SYSTEMPATH\CodeIgniter.php(900): class_exists('\\App\\Controllers\\Asset', true)
 5 SYSTEMPATH\CodeIgniter.php(489): CodeIgniter\CodeIgniter->startController()
 6 SYSTEMPATH\CodeIgniter.php(361): CodeIgniter\CodeIgniter->handleRequest(null, Object(Config\Cache), false)
 7 FCPATH\index.php(79): CodeIgniter\CodeIgniter->run()
CRITICAL - 2024-12-11 09:31:46 --> syntax error, unexpected token "public"
in APPPATH\Controllers\Asset.php on line 534.
 1 SYSTEMPATH\Autoloader\Autoloader.php(291): CodeIgniter\Autoloader\Autoloader->includeFile('C:\\xampp\\htdocs\\viyoma\\app\\Controllers\\Asset.php')
 2 SYSTEMPATH\Autoloader\Autoloader.php(269): CodeIgniter\Autoloader\Autoloader->loadInNamespace('App\\Controllers\\Asset')
 3 [internal function]: CodeIgniter\Autoloader\Autoloader->loadClass('App\\Controllers\\Asset')
 4 SYSTEMPATH\CodeIgniter.php(900): class_exists('\\App\\Controllers\\Asset', true)
 5 SYSTEMPATH\CodeIgniter.php(489): CodeIgniter\CodeIgniter->startController()
 6 SYSTEMPATH\CodeIgniter.php(361): CodeIgniter\CodeIgniter->handleRequest(null, Object(Config\Cache), false)
 7 FCPATH\index.php(79): CodeIgniter\CodeIgniter->run()
CRITICAL - 2024-12-11 09:31:47 --> syntax error, unexpected token "public"
in APPPATH\Controllers\Asset.php on line 534.
 1 SYSTEMPATH\Autoloader\Autoloader.php(291): CodeIgniter\Autoloader\Autoloader->includeFile('C:\\xampp\\htdocs\\viyoma\\app\\Controllers\\Asset.php')
 2 SYSTEMPATH\Autoloader\Autoloader.php(269): CodeIgniter\Autoloader\Autoloader->loadInNamespace('App\\Controllers\\Asset')
 3 [internal function]: CodeIgniter\Autoloader\Autoloader->loadClass('App\\Controllers\\Asset')
 4 SYSTEMPATH\CodeIgniter.php(900): class_exists('\\App\\Controllers\\Asset', true)
 5 SYSTEMPATH\CodeIgniter.php(489): CodeIgniter\CodeIgniter->startController()
 6 SYSTEMPATH\CodeIgniter.php(361): CodeIgniter\CodeIgniter->handleRequest(null, Object(Config\Cache), false)
 7 FCPATH\index.php(79): CodeIgniter\CodeIgniter->run()
CRITICAL - 2024-12-11 09:31:48 --> syntax error, unexpected token "public"
in APPPATH\Controllers\Asset.php on line 534.
 1 SYSTEMPATH\Autoloader\Autoloader.php(291): CodeIgniter\Autoloader\Autoloader->includeFile('C:\\xampp\\htdocs\\viyoma\\app\\Controllers\\Asset.php')
 2 SYSTEMPATH\Autoloader\Autoloader.php(269): CodeIgniter\Autoloader\Autoloader->loadInNamespace('App\\Controllers\\Asset')
 3 [internal function]: CodeIgniter\Autoloader\Autoloader->loadClass('App\\Controllers\\Asset')
 4 SYSTEMPATH\CodeIgniter.php(900): class_exists('\\App\\Controllers\\Asset', true)
 5 SYSTEMPATH\CodeIgniter.php(489): CodeIgniter\CodeIgniter->startController()
 6 SYSTEMPATH\CodeIgniter.php(361): CodeIgniter\CodeIgniter->handleRequest(null, Object(Config\Cache), false)
 7 FCPATH\index.php(79): CodeIgniter\CodeIgniter->run()
CRITICAL - 2024-12-11 09:32:21 --> Too few arguments to function App\Controllers\Asset::download(), 0 passed in C:\xampp\htdocs\viyoma\system\CodeIgniter.php on line 942 and exactly 1 expected
in APPPATH\Controllers\Asset.php on line 528.
 1 SYSTEMPATH\CodeIgniter.php(942): App\Controllers\Asset->download()
 2 SYSTEMPATH\CodeIgniter.php(502): CodeIgniter\CodeIgniter->runController(Object(App\Controllers\Asset))
 3 SYSTEMPATH\CodeIgniter.php(361): CodeIgniter\CodeIgniter->handleRequest(null, Object(Config\Cache), false)
 4 FCPATH\index.php(79): CodeIgniter\CodeIgniter->run()
CRITICAL - 2024-12-11 09:32:31 --> Too few arguments to function App\Controllers\Asset::download(), 0 passed in C:\xampp\htdocs\viyoma\system\CodeIgniter.php on line 942 and exactly 1 expected
in APPPATH\Controllers\Asset.php on line 528.
 1 SYSTEMPATH\CodeIgniter.php(942): App\Controllers\Asset->download()
 2 SYSTEMPATH\CodeIgniter.php(502): CodeIgniter\CodeIgniter->runController(Object(App\Controllers\Asset))
 3 SYSTEMPATH\CodeIgniter.php(361): CodeIgniter\CodeIgniter->handleRequest(null, Object(Config\Cache), false)
 4 FCPATH\index.php(79): CodeIgniter\CodeIgniter->run()
CRITICAL - 2024-12-11 09:32:36 --> Too few arguments to function App\Controllers\Asset::download(), 0 passed in C:\xampp\htdocs\viyoma\system\CodeIgniter.php on line 942 and exactly 1 expected
in APPPATH\Controllers\Asset.php on line 528.
 1 SYSTEMPATH\CodeIgniter.php(942): App\Controllers\Asset->download()
 2 SYSTEMPATH\CodeIgniter.php(502): CodeIgniter\CodeIgniter->runController(Object(App\Controllers\Asset))
 3 SYSTEMPATH\CodeIgniter.php(361): CodeIgniter\CodeIgniter->handleRequest(null, Object(Config\Cache), false)
 4 FCPATH\index.php(79): CodeIgniter\CodeIgniter->run()
CRITICAL - 2024-12-11 09:37:55 --> Too few arguments to function App\Controllers\Asset::download(), 0 passed in C:\xampp\htdocs\viyoma\system\CodeIgniter.php on line 942 and exactly 1 expected
in APPPATH\Controllers\Asset.php on line 527.
 1 SYSTEMPATH\CodeIgniter.php(942): App\Controllers\Asset->download()
 2 SYSTEMPATH\CodeIgniter.php(502): CodeIgniter\CodeIgniter->runController(Object(App\Controllers\Asset))
 3 SYSTEMPATH\CodeIgniter.php(361): CodeIgniter\CodeIgniter->handleRequest(null, Object(Config\Cache), false)
 4 FCPATH\index.php(79): CodeIgniter\CodeIgniter->run()
CRITICAL - 2024-12-11 09:38:16 --> Too few arguments to function App\Controllers\Asset::download(), 0 passed in C:\xampp\htdocs\viyoma\system\CodeIgniter.php on line 942 and exactly 1 expected
in APPPATH\Controllers\Asset.php on line 529.
 1 SYSTEMPATH\CodeIgniter.php(942): App\Controllers\Asset->download()
 2 SYSTEMPATH\CodeIgniter.php(502): CodeIgniter\CodeIgniter->runController(Object(App\Controllers\Asset))
 3 SYSTEMPATH\CodeIgniter.php(361): CodeIgniter\CodeIgniter->handleRequest(null, Object(Config\Cache), false)
 4 FCPATH\index.php(79): CodeIgniter\CodeIgniter->run()
