CRITICAL - 2024-06-25 09:18:05 --> Invalid file: "ProjectInfo/index.php"
in SYSTEMPATH/Exceptions/FrameworkException.php on line 39.
 1 SYSTEMPATH/View/View.php(216): CodeIgniter\Exceptions\FrameworkException::forInvalidFile('ProjectInfo/index.php')
 2 SYSTEMPATH/Common.php(1190): CodeIgniter\View\View->render('ProjectInfo/index', [], true)
 3 APPPATH/Controllers/ProjectInfo.php(82): view('ProjectInfo/index')
 4 SYSTEMPATH/CodeIgniter.php(942): App\Controllers\ProjectInfo->index()
 5 SYSTEMPATH/CodeIgniter.php(502): CodeIgniter\CodeIgniter->runController(Object(App\Controllers\ProjectInfo))
 6 SYSTEMPATH/CodeIgniter.php(361): CodeIgniter\CodeIgniter->handleRequest(null, Object(Config\Cache), false)
 7 FCPATH/index.php(79): CodeIgniter\CodeIgniter->run()
CRITICAL - 2024-06-25 09:22:35 --> Invalid file: "ProjectInfo/index.php"
in SYSTEMPATH/Exceptions/FrameworkException.php on line 39.
 1 SYSTEMPATH/View/View.php(216): CodeIgniter\Exceptions\FrameworkException::forInvalidFile('ProjectInfo/index.php')
 2 SYSTEMPATH/Common.php(1190): CodeIgniter\View\View->render('ProjectInfo/index', [], true)
 3 APPPATH/Controllers/ProjectInfo.php(82): view('ProjectInfo/index')
 4 SYSTEMPATH/CodeIgniter.php(942): App\Controllers\ProjectInfo->index()
 5 SYSTEMPATH/CodeIgniter.php(502): CodeIgniter\CodeIgniter->runController(Object(App\Controllers\ProjectInfo))
 6 SYSTEMPATH/CodeIgniter.php(361): CodeIgniter\CodeIgniter->handleRequest(null, Object(Config\Cache), false)
 7 FCPATH/index.php(79): CodeIgniter\CodeIgniter->run()
CRITICAL - 2024-06-25 09:46:20 --> Undefined variable $count
in APPPATH/Controllers/ProjectInfo.php on line 33.
 1 APPPATH/Controllers/ProjectInfo.php(33): CodeIgniter\Debug\Exceptions->errorHandler(2, 'Undefined variable $count', '/home/freelance/public_html/digitalflow/app/Controllers/ProjectInfo.php', 33)
 2 SYSTEMPATH/CodeIgniter.php(942): App\Controllers\ProjectInfo->index()
 3 SYSTEMPATH/CodeIgniter.php(502): CodeIgniter\CodeIgniter->runController(Object(App\Controllers\ProjectInfo))
 4 SYSTEMPATH/CodeIgniter.php(361): CodeIgniter\CodeIgniter->handleRequest(null, Object(Config\Cache), false)
 5 FCPATH/index.php(79): CodeIgniter\CodeIgniter->run()
CRITICAL - 2024-06-25 10:50:54 --> Class "App\Controllers\ExperienceInfoModel" not found
in APPPATH/Controllers/ProjectInfo.php on line 177.
 1 SYSTEMPATH/CodeIgniter.php(942): App\Controllers\ProjectInfo->work_type('VFZFOVBRPT0=')
 2 SYSTEMPATH/CodeIgniter.php(502): CodeIgniter\CodeIgniter->runController(Object(App\Controllers\ProjectInfo))
 3 SYSTEMPATH/CodeIgniter.php(361): CodeIgniter\CodeIgniter->handleRequest(null, Object(Config\Cache), false)
 4 FCPATH/index.php(79): CodeIgniter\CodeIgniter->run()
CRITICAL - 2024-06-25 10:50:55 --> Class "App\Controllers\ExperienceInfoModel" not found
in APPPATH/Controllers/ProjectInfo.php on line 177.
 1 SYSTEMPATH/CodeIgniter.php(942): App\Controllers\ProjectInfo->work_type('VFdjOVBRPT0=')
 2 SYSTEMPATH/CodeIgniter.php(502): CodeIgniter\CodeIgniter->runController(Object(App\Controllers\ProjectInfo))
 3 SYSTEMPATH/CodeIgniter.php(361): CodeIgniter\CodeIgniter->handleRequest(null, Object(Config\Cache), false)
 4 FCPATH/index.php(79): CodeIgniter\CodeIgniter->run()
CRITICAL - 2024-06-25 11:10:16 --> Undefined variable $page
in APPPATH/Views/layout/users_view.php on line 216.
 1 APPPATH/Views/layout/users_view.php(216): CodeIgniter\Debug\Exceptions->errorHandler(2, 'Undefined variable $page', '/home/freelance/public_html/digitalflow/app/Views/layout/users_view.php', 216)
 2 SYSTEMPATH/View/View.php(228): include('/home/freelance/public_html/digitalflow/app/Views/layout/users_view.php')
 3 SYSTEMPATH/View/View.php(231): CodeIgniter\View\View->CodeIgniter\View\{closure}()
 4 SYSTEMPATH/View/View.php(244): CodeIgniter\View\View->render('layout/users_view', [], true)
 5 SYSTEMPATH/Common.php(1190): CodeIgniter\View\View->render('projectinfo/edit', [], true)
 6 APPPATH/Controllers/ProjectInfo.php(162): view('projectinfo/edit', [...])
 7 SYSTEMPATH/CodeIgniter.php(942): App\Controllers\ProjectInfo->edit('VFhjOVBRPT0=')
 8 SYSTEMPATH/CodeIgniter.php(502): CodeIgniter\CodeIgniter->runController(Object(App\Controllers\ProjectInfo))
 9 SYSTEMPATH/CodeIgniter.php(361): CodeIgniter\CodeIgniter->handleRequest(null, Object(Config\Cache), false)
10 FCPATH/index.php(79): CodeIgniter\CodeIgniter->run()
ERROR - 2024-06-25 16:45:03 --> mysqli_sql_exception: Operand should contain 1 column(s) in /home/freelance/public_html/digitalflow/system/Database/MySQLi/Connection.php:306
Stack trace:
#0 /home/freelance/public_html/digitalflow/system/Database/MySQLi/Connection.php(306): mysqli->query('UPDATE `project...', 0)
#1 /home/freelance/public_html/digitalflow/system/Database/BaseConnection.php(693): CodeIgniter\Database\MySQLi\Connection->execute('UPDATE `project...')
#2 /home/freelance/public_html/digitalflow/system/Database/BaseConnection.php(607): CodeIgniter\Database\BaseConnection->simpleQuery('UPDATE `project...')
#3 /home/freelance/public_html/digitalflow/system/Database/BaseBuilder.php(2475): CodeIgniter\Database\BaseConnection->query('UPDATE `project...', Array, false)
#4 /home/freelance/public_html/digitalflow/system/Model.php(385): CodeIgniter\Database\BaseBuilder->update()
#5 /home/freelance/public_html/digitalflow/system/BaseModel.php(949): CodeIgniter\Model->doUpdate(Array, Array)
#6 /home/freelance/public_html/digitalflow/system/Model.php(776): CodeIgniter\BaseModel->update(Array, Array)
#7 /home/freelance/public_html/digitalflow/app/Controllers/ProjectInfo.php(215): CodeIgniter\Model->update('3', Array)
#8 /home/freelance/public_html/digitalflow/system/CodeIgniter.php(942): App\Controllers\ProjectInfo->update()
#9 /home/freelance/public_html/digitalflow/system/CodeIgniter.php(502): CodeIgniter\CodeIgniter->runController(Object(App\Controllers\ProjectInfo))
#10 /home/freelance/public_html/digitalflow/system/CodeIgniter.php(361): CodeIgniter\CodeIgniter->handleRequest(NULL, Object(Config\Cache), false)
#11 /home/freelance/public_html/digitalflow/index.php(79): CodeIgniter\CodeIgniter->run()
#12 {main}
CRITICAL - 2024-06-25 16:45:03 --> Operand should contain 1 column(s)
in SYSTEMPATH/Database/BaseConnection.php on line 647.
 1 SYSTEMPATH/Database/BaseBuilder.php(2475): CodeIgniter\Database\BaseConnection->query('UPDATE `project_info` SET `project_name` = :project_name:, `project_type` = :project_type:, `project_work_type_list` = :project_work_type_list:, `emp_id` = :emp_id:, `project_updated_on` = :project_updated_on:
WHERE `project_id` = :project_id:
AND `project_info`.`project_id` IN :project_info.project_id:', [...], false)
 2 SYSTEMPATH/Model.php(385): CodeIgniter\Database\BaseBuilder->update()
 3 SYSTEMPATH/BaseModel.php(949): CodeIgniter\Model->doUpdate([...], [...])
 4 SYSTEMPATH/Model.php(776): CodeIgniter\BaseModel->update([...], [...])
 5 APPPATH/Controllers/ProjectInfo.php(215): CodeIgniter\Model->update('3', [...])
 6 SYSTEMPATH/CodeIgniter.php(942): App\Controllers\ProjectInfo->update()
 7 SYSTEMPATH/CodeIgniter.php(502): CodeIgniter\CodeIgniter->runController(Object(App\Controllers\ProjectInfo))
 8 SYSTEMPATH/CodeIgniter.php(361): CodeIgniter\CodeIgniter->handleRequest(null, Object(Config\Cache), false)
 9 FCPATH/index.php(79): CodeIgniter\CodeIgniter->run()
CRITICAL - 2024-06-25 16:47:46 --> Array to string conversion
in SYSTEMPATH/Database/Query.php on line 327.
 1 [internal function]: CodeIgniter\Debug\Exceptions->errorHandler(2, 'Array to string conversion', '/home/freelance/public_html/digitalflow/system/Database/Query.php', 327)
 2 SYSTEMPATH/Database/Query.php(327): implode(',', [...])
 3 SYSTEMPATH/Database/Query.php(308): CodeIgniter\Database\Query->matchNamedBinds('UPDATE `project_info` SET `project_name` = :project_name:, `project_type` = :project_type:, `project_work_type_list` = :project_work_type_list:, `emp_id` = :emp_id:, `project_updated_on` = :project_updated_on:
WHERE `project_id` = :project_id:
AND `project_info`.`project_id` IN :project_info.project_id:', [...])
 4 SYSTEMPATH/Database/Query.php(159): CodeIgniter\Database\Query->compileBinds()
 5 SYSTEMPATH/Database/BaseConnection.php(607): CodeIgniter\Database\Query->getQuery()
 6 SYSTEMPATH/Database/BaseBuilder.php(2475): CodeIgniter\Database\BaseConnection->query('UPDATE `project_info` SET `project_name` = :project_name:, `project_type` = :project_type:, `project_work_type_list` = :project_work_type_list:, `emp_id` = :emp_id:, `project_updated_on` = :project_updated_on:
WHERE `project_id` = :project_id:
AND `project_info`.`project_id` IN :project_info.project_id:', [...], false)
 7 SYSTEMPATH/Model.php(385): CodeIgniter\Database\BaseBuilder->update()
 8 SYSTEMPATH/BaseModel.php(949): CodeIgniter\Model->doUpdate([...], [...])
 9 SYSTEMPATH/Model.php(776): CodeIgniter\BaseModel->update([...], [...])
10 APPPATH/Controllers/ProjectInfo.php(227): CodeIgniter\Model->update('3', [...])
11 SYSTEMPATH/CodeIgniter.php(942): App\Controllers\ProjectInfo->update()
12 SYSTEMPATH/CodeIgniter.php(502): CodeIgniter\CodeIgniter->runController(Object(App\Controllers\ProjectInfo))
13 SYSTEMPATH/CodeIgniter.php(361): CodeIgniter\CodeIgniter->handleRequest(null, Object(Config\Cache), false)
14 FCPATH/index.php(79): CodeIgniter\CodeIgniter->run()
CRITICAL - 2024-06-25 16:47:57 --> Array to string conversion
in SYSTEMPATH/Database/Query.php on line 327.
 1 [internal function]: CodeIgniter\Debug\Exceptions->errorHandler(2, 'Array to string conversion', '/home/freelance/public_html/digitalflow/system/Database/Query.php', 327)
 2 SYSTEMPATH/Database/Query.php(327): implode(',', [...])
 3 SYSTEMPATH/Database/Query.php(308): CodeIgniter\Database\Query->matchNamedBinds('UPDATE `project_info` SET `project_name` = :project_name:, `project_type` = :project_type:, `project_work_type_list` = :project_work_type_list:, `emp_id` = :emp_id:, `project_updated_on` = :project_updated_on:
WHERE `project_id` = :project_id:
AND `project_info`.`project_id` IN :project_info.project_id:', [...])
 4 SYSTEMPATH/Database/Query.php(159): CodeIgniter\Database\Query->compileBinds()
 5 SYSTEMPATH/Database/BaseConnection.php(607): CodeIgniter\Database\Query->getQuery()
 6 SYSTEMPATH/Database/BaseBuilder.php(2475): CodeIgniter\Database\BaseConnection->query('UPDATE `project_info` SET `project_name` = :project_name:, `project_type` = :project_type:, `project_work_type_list` = :project_work_type_list:, `emp_id` = :emp_id:, `project_updated_on` = :project_updated_on:
WHERE `project_id` = :project_id:
AND `project_info`.`project_id` IN :project_info.project_id:', [...], false)
 7 SYSTEMPATH/Model.php(385): CodeIgniter\Database\BaseBuilder->update()
 8 SYSTEMPATH/BaseModel.php(949): CodeIgniter\Model->doUpdate([...], [...])
 9 SYSTEMPATH/Model.php(776): CodeIgniter\BaseModel->update([...], [...])
10 APPPATH/Controllers/ProjectInfo.php(227): CodeIgniter\Model->update('3', [...])
11 SYSTEMPATH/CodeIgniter.php(942): App\Controllers\ProjectInfo->update()
12 SYSTEMPATH/CodeIgniter.php(502): CodeIgniter\CodeIgniter->runController(Object(App\Controllers\ProjectInfo))
13 SYSTEMPATH/CodeIgniter.php(361): CodeIgniter\CodeIgniter->handleRequest(null, Object(Config\Cache), false)
14 FCPATH/index.php(79): CodeIgniter\CodeIgniter->run()
CRITICAL - 2024-06-25 16:48:01 --> Array to string conversion
in SYSTEMPATH/Database/Query.php on line 327.
 1 [internal function]: CodeIgniter\Debug\Exceptions->errorHandler(2, 'Array to string conversion', '/home/freelance/public_html/digitalflow/system/Database/Query.php', 327)
 2 SYSTEMPATH/Database/Query.php(327): implode(',', [...])
 3 SYSTEMPATH/Database/Query.php(308): CodeIgniter\Database\Query->matchNamedBinds('UPDATE `project_info` SET `project_name` = :project_name:, `project_type` = :project_type:, `project_work_type_list` = :project_work_type_list:, `emp_id` = :emp_id:, `project_updated_on` = :project_updated_on:
WHERE `project_id` = :project_id:
AND `project_info`.`project_id` IN :project_info.project_id:', [...])
 4 SYSTEMPATH/Database/Query.php(159): CodeIgniter\Database\Query->compileBinds()
 5 SYSTEMPATH/Database/BaseConnection.php(607): CodeIgniter\Database\Query->getQuery()
 6 SYSTEMPATH/Database/BaseBuilder.php(2475): CodeIgniter\Database\BaseConnection->query('UPDATE `project_info` SET `project_name` = :project_name:, `project_type` = :project_type:, `project_work_type_list` = :project_work_type_list:, `emp_id` = :emp_id:, `project_updated_on` = :project_updated_on:
WHERE `project_id` = :project_id:
AND `project_info`.`project_id` IN :project_info.project_id:', [...], false)
 7 SYSTEMPATH/Model.php(385): CodeIgniter\Database\BaseBuilder->update()
 8 SYSTEMPATH/BaseModel.php(949): CodeIgniter\Model->doUpdate([...], [...])
 9 SYSTEMPATH/Model.php(776): CodeIgniter\BaseModel->update([...], [...])
10 APPPATH/Controllers/ProjectInfo.php(227): CodeIgniter\Model->update('3', [...])
11 SYSTEMPATH/CodeIgniter.php(942): App\Controllers\ProjectInfo->update()
12 SYSTEMPATH/CodeIgniter.php(502): CodeIgniter\CodeIgniter->runController(Object(App\Controllers\ProjectInfo))
13 SYSTEMPATH/CodeIgniter.php(361): CodeIgniter\CodeIgniter->handleRequest(null, Object(Config\Cache), false)
14 FCPATH/index.php(79): CodeIgniter\CodeIgniter->run()
CRITICAL - 2024-06-25 17:26:17 --> Undefined variable $data
in APPPATH/Controllers/GrievancesInfo.php on line 128.
 1 APPPATH/Controllers/GrievancesInfo.php(128): CodeIgniter\Debug\Exceptions->errorHandler(2, 'Undefined variable $data', '/home/freelance/public_html/digitalflow/app/Controllers/GrievancesInfo.php', 128)
 2 SYSTEMPATH/CodeIgniter.php(942): App\Controllers\GrievancesInfo->view()
 3 SYSTEMPATH/CodeIgniter.php(502): CodeIgniter\CodeIgniter->runController(Object(App\Controllers\GrievancesInfo))
 4 SYSTEMPATH/CodeIgniter.php(361): CodeIgniter\CodeIgniter->handleRequest(null, Object(Config\Cache), false)
 5 FCPATH/index.php(79): CodeIgniter\CodeIgniter->run()
