CRITICAL - 2025-09-18 12:18:10 --> Trying to access array offset on value of type null
in APPPATH/Controllers/Inhouseguest.php on line 43.
 1 APPPATH/Controllers/Inhouseguest.php(43): CodeIgniter\Debug\Exceptions->errorHandler(2, 'Trying to access array offset on value of type null', '/home/neuralarcteam/public_html/advaya.neuralarc.com/app/Controllers/Inhouseguest.php', 43)
 2 SYSTEMPATH/CodeIgniter.php(942): App\Controllers\Inhouseguest->room_guest('1')
 3 SYSTEMPATH/CodeIgniter.php(502): CodeIgniter\CodeIgniter->runController(Object(App\Controllers\Inhouseguest))
 4 SYSTEMPATH/CodeIgniter.php(361): CodeIgniter\CodeIgniter->handleRequest(null, Object(Config\Cache), false)
 5 FCPATH/index.php(79): CodeIgniter\CodeIgniter->run()
CRITICAL - 2025-09-18 12:18:17 --> Trying to access array offset on value of type null
in APPPATH/Controllers/Inhouseguest.php on line 43.
 1 APPPATH/Controllers/Inhouseguest.php(43): CodeIgniter\Debug\Exceptions->errorHandler(2, 'Trying to access array offset on value of type null', '/home/neuralarcteam/public_html/advaya.neuralarc.com/app/Controllers/Inhouseguest.php', 43)
 2 SYSTEMPATH/CodeIgniter.php(942): App\Controllers\Inhouseguest->room_guest('1')
 3 SYSTEMPATH/CodeIgniter.php(502): CodeIgniter\CodeIgniter->runController(Object(App\Controllers\Inhouseguest))
 4 SYSTEMPATH/CodeIgniter.php(361): CodeIgniter\CodeIgniter->handleRequest(null, Object(Config\Cache), false)
 5 FCPATH/index.php(79): CodeIgniter\CodeIgniter->run()
CRITICAL - 2025-09-18 12:18:34 --> Trying to access array offset on value of type null
in APPPATH/Controllers/Inhouseguest.php on line 43.
 1 APPPATH/Controllers/Inhouseguest.php(43): CodeIgniter\Debug\Exceptions->errorHandler(2, 'Trying to access array offset on value of type null', '/home/neuralarcteam/public_html/advaya.neuralarc.com/app/Controllers/Inhouseguest.php', 43)
 2 SYSTEMPATH/CodeIgniter.php(942): App\Controllers\Inhouseguest->room_guest('1')
 3 SYSTEMPATH/CodeIgniter.php(502): CodeIgniter\CodeIgniter->runController(Object(App\Controllers\Inhouseguest))
 4 SYSTEMPATH/CodeIgniter.php(361): CodeIgniter\CodeIgniter->handleRequest(null, Object(Config\Cache), false)
 5 FCPATH/index.php(79): CodeIgniter\CodeIgniter->run()
CRITICAL - 2025-09-18 17:48:47 --> Trying to access array offset on value of type null
in APPPATH/Controllers/Wallet.php on line 506.
 1 APPPATH/Controllers/Wallet.php(506): CodeIgniter\Debug\Exceptions->errorHandler(2, 'Trying to access array offset on value of type null', '/home/neuralarcteam/public_html/advaya.neuralarc.com/app/Controllers/Wallet.php', 506)
 2 SYSTEMPATH/CodeIgniter.php(942): App\Controllers\Wallet->paymentrecd()
 3 SYSTEMPATH/CodeIgniter.php(502): CodeIgniter\CodeIgniter->runController(Object(App\Controllers\Wallet))
 4 SYSTEMPATH/CodeIgniter.php(361): CodeIgniter\CodeIgniter->handleRequest(null, Object(Config\Cache), false)
 5 FCPATH/index.php(79): CodeIgniter\CodeIgniter->run()
CRITICAL - 2025-09-18 12:18:56 --> Trying to access array offset on value of type null
in APPPATH/Controllers/Inhouseguest.php on line 43.
 1 APPPATH/Controllers/Inhouseguest.php(43): CodeIgniter\Debug\Exceptions->errorHandler(2, 'Trying to access array offset on value of type null', '/home/neuralarcteam/public_html/advaya.neuralarc.com/app/Controllers/Inhouseguest.php', 43)
 2 SYSTEMPATH/CodeIgniter.php(942): App\Controllers\Inhouseguest->room_guest('1')
 3 SYSTEMPATH/CodeIgniter.php(502): CodeIgniter\CodeIgniter->runController(Object(App\Controllers\Inhouseguest))
 4 SYSTEMPATH/CodeIgniter.php(361): CodeIgniter\CodeIgniter->handleRequest(null, Object(Config\Cache), false)
 5 FCPATH/index.php(79): CodeIgniter\CodeIgniter->run()
CRITICAL - 2025-09-18 12:19:11 --> Trying to access array offset on value of type null
in APPPATH/Controllers/Inhouseguest.php on line 43.
 1 APPPATH/Controllers/Inhouseguest.php(43): CodeIgniter\Debug\Exceptions->errorHandler(2, 'Trying to access array offset on value of type null', '/home/neuralarcteam/public_html/advaya.neuralarc.com/app/Controllers/Inhouseguest.php', 43)
 2 SYSTEMPATH/CodeIgniter.php(942): App\Controllers\Inhouseguest->room_guest('1')
 3 SYSTEMPATH/CodeIgniter.php(502): CodeIgniter\CodeIgniter->runController(Object(App\Controllers\Inhouseguest))
 4 SYSTEMPATH/CodeIgniter.php(361): CodeIgniter\CodeIgniter->handleRequest(null, Object(Config\Cache), false)
 5 FCPATH/index.php(79): CodeIgniter\CodeIgniter->run()
