ERROR - 2024-04-03 04:27:20 --> mysqli_sql_exception: Column 'blood_bank_message' cannot be null in C:\xampp\htdocs\bloodbank_ci4\system\Database\MySQLi\Connection.php:306
Stack trace:
#0 C:\xampp\htdocs\bloodbank_ci4\system\Database\MySQLi\Connection.php(306): mysqli->query('INSERT INTO `do...', 0)
#1 C:\xampp\htdocs\bloodbank_ci4\system\Database\BaseConnection.php(693): CodeIgniter\Database\MySQLi\Connection->execute('INSERT INTO `do...')
#2 C:\xampp\htdocs\bloodbank_ci4\system\Database\BaseConnection.php(607): CodeIgniter\Database\BaseConnection->simpleQuery('INSERT INTO `do...')
#3 C:\xampp\htdocs\bloodbank_ci4\system\Database\BaseBuilder.php(2308): CodeIgniter\Database\BaseConnection->query('INSERT INTO `do...', Array, false)
#4 C:\xampp\htdocs\bloodbank_ci4\system\Model.php(319): CodeIgniter\Database\BaseBuilder->insert()
#5 C:\xampp\htdocs\bloodbank_ci4\system\BaseModel.php(788): CodeIgniter\Model->doInsert(Array)
#6 C:\xampp\htdocs\bloodbank_ci4\system\Model.php(715): CodeIgniter\BaseModel->insert(Array, false)
#7 C:\xampp\htdocs\bloodbank_ci4\system\BaseModel.php(698): CodeIgniter\Model->insert(Array, false)
#8 C:\xampp\htdocs\bloodbank_ci4\app\Controllers\BloodBank.php(109): CodeIgniter\BaseModel->save(Array)
#9 C:\xampp\htdocs\bloodbank_ci4\system\CodeIgniter.php(942): App\Controllers\BloodBank->donor_add()
#10 C:\xampp\htdocs\bloodbank_ci4\system\CodeIgniter.php(502): CodeIgniter\CodeIgniter->runController(Object(App\Controllers\BloodBank))
#11 C:\xampp\htdocs\bloodbank_ci4\system\CodeIgniter.php(361): CodeIgniter\CodeIgniter->handleRequest(NULL, Object(Config\Cache), false)
#12 C:\xampp\htdocs\bloodbank_ci4\index.php(79): CodeIgniter\CodeIgniter->run()
#13 {main}
CRITICAL - 2024-04-03 04:27:20 --> Column 'blood_bank_message' cannot be null
in SYSTEMPATH\Database\BaseConnection.php on line 647.
 1 SYSTEMPATH\Database\BaseBuilder.php(2308): CodeIgniter\Database\BaseConnection->query('INSERT INTO `donors` (`fullname`, `address`, `phone_number`, `blood_group`, `dob`, `donated_count`, `blood_bank_message`) VALUES (:fullname:, :address:, :phone_number:, :blood_group:, :dob:, :donated_count:, :blood_bank_message:)', [...], false)
 2 SYSTEMPATH\Model.php(319): CodeIgniter\Database\BaseBuilder->insert()
 3 SYSTEMPATH\BaseModel.php(788): CodeIgniter\Model->doInsert([...])
 4 SYSTEMPATH\Model.php(715): CodeIgniter\BaseModel->insert([...], false)
 5 SYSTEMPATH\BaseModel.php(698): CodeIgniter\Model->insert([...], false)
 6 APPPATH\Controllers\BloodBank.php(109): CodeIgniter\BaseModel->save([...])
 7 SYSTEMPATH\CodeIgniter.php(942): App\Controllers\BloodBank->donor_add()
 8 SYSTEMPATH\CodeIgniter.php(502): CodeIgniter\CodeIgniter->runController(Object(App\Controllers\BloodBank))
 9 SYSTEMPATH\CodeIgniter.php(361): CodeIgniter\CodeIgniter->handleRequest(null, Object(Config\Cache), false)
10 FCPATH\index.php(79): CodeIgniter\CodeIgniter->run()
CRITICAL - 2024-04-03 05:06:31 --> Unclosed '{' on line 8
in APPPATH\Controllers\BloodBank.php on line 13.
 1 SYSTEMPATH\Autoloader\Autoloader.php(291): CodeIgniter\Autoloader\Autoloader->includeFile('C:\\xampp\\htdocs\\bloodbank_ci4\\app\\Controllers\\BloodBank.php')
 2 SYSTEMPATH\Autoloader\Autoloader.php(269): CodeIgniter\Autoloader\Autoloader->loadInNamespace('App\\Controllers\\BloodBank')
 3 [internal function]: CodeIgniter\Autoloader\Autoloader->loadClass('App\\Controllers\\BloodBank')
 4 SYSTEMPATH\CodeIgniter.php(900): class_exists('\\App\\Controllers\\BloodBank', true)
 5 SYSTEMPATH\CodeIgniter.php(489): CodeIgniter\CodeIgniter->startController()
 6 SYSTEMPATH\CodeIgniter.php(361): CodeIgniter\CodeIgniter->handleRequest(null, Object(Config\Cache), false)
 7 FCPATH\index.php(79): CodeIgniter\CodeIgniter->run()
CRITICAL - 2024-04-03 05:06:36 --> Unclosed '{' on line 8
in APPPATH\Controllers\BloodBank.php on line 13.
 1 SYSTEMPATH\Autoloader\Autoloader.php(291): CodeIgniter\Autoloader\Autoloader->includeFile('C:\\xampp\\htdocs\\bloodbank_ci4\\app\\Controllers\\BloodBank.php')
 2 SYSTEMPATH\Autoloader\Autoloader.php(269): CodeIgniter\Autoloader\Autoloader->loadInNamespace('App\\Controllers\\BloodBank')
 3 [internal function]: CodeIgniter\Autoloader\Autoloader->loadClass('App\\Controllers\\BloodBank')
 4 SYSTEMPATH\CodeIgniter.php(900): class_exists('\\App\\Controllers\\BloodBank', true)
 5 SYSTEMPATH\CodeIgniter.php(489): CodeIgniter\CodeIgniter->startController()
 6 SYSTEMPATH\CodeIgniter.php(361): CodeIgniter\CodeIgniter->handleRequest(null, Object(Config\Cache), false)
 7 FCPATH\index.php(79): CodeIgniter\CodeIgniter->run()
CRITICAL - 2024-04-03 05:08:34 --> Unclosed '{' on line 8
in APPPATH\Controllers\BloodBank.php on line 13.
 1 SYSTEMPATH\Autoloader\Autoloader.php(291): CodeIgniter\Autoloader\Autoloader->includeFile('C:\\xampp\\htdocs\\bloodbank_ci4\\app\\Controllers\\BloodBank.php')
 2 SYSTEMPATH\Autoloader\Autoloader.php(269): CodeIgniter\Autoloader\Autoloader->loadInNamespace('App\\Controllers\\BloodBank')
 3 [internal function]: CodeIgniter\Autoloader\Autoloader->loadClass('App\\Controllers\\BloodBank')
 4 SYSTEMPATH\CodeIgniter.php(900): class_exists('\\App\\Controllers\\BloodBank', true)
 5 SYSTEMPATH\CodeIgniter.php(489): CodeIgniter\CodeIgniter->startController()
 6 SYSTEMPATH\CodeIgniter.php(361): CodeIgniter\CodeIgniter->handleRequest(null, Object(Config\Cache), false)
 7 FCPATH\index.php(79): CodeIgniter\CodeIgniter->run()
CRITICAL - 2024-04-03 05:08:37 --> Unclosed '{' on line 8
in APPPATH\Controllers\BloodBank.php on line 13.
 1 SYSTEMPATH\Autoloader\Autoloader.php(291): CodeIgniter\Autoloader\Autoloader->includeFile('C:\\xampp\\htdocs\\bloodbank_ci4\\app\\Controllers\\BloodBank.php')
 2 SYSTEMPATH\Autoloader\Autoloader.php(269): CodeIgniter\Autoloader\Autoloader->loadInNamespace('App\\Controllers\\BloodBank')
 3 [internal function]: CodeIgniter\Autoloader\Autoloader->loadClass('App\\Controllers\\BloodBank')
 4 SYSTEMPATH\CodeIgniter.php(900): class_exists('\\App\\Controllers\\BloodBank', true)
 5 SYSTEMPATH\CodeIgniter.php(489): CodeIgniter\CodeIgniter->startController()
 6 SYSTEMPATH\CodeIgniter.php(361): CodeIgniter\CodeIgniter->handleRequest(null, Object(Config\Cache), false)
 7 FCPATH\index.php(79): CodeIgniter\CodeIgniter->run()
ERROR - 2024-04-03 05:31:27 --> mysqli_sql_exception: Unknown column 'email' in 'where clause' in C:\xampp\htdocs\bloodbank_ci4\system\Database\MySQLi\Connection.php:306
Stack trace:
#0 C:\xampp\htdocs\bloodbank_ci4\system\Database\MySQLi\Connection.php(306): mysqli->query('SELECT *\nFROM `...', 0)
#1 C:\xampp\htdocs\bloodbank_ci4\system\Database\BaseConnection.php(693): CodeIgniter\Database\MySQLi\Connection->execute('SELECT *\nFROM `...')
#2 C:\xampp\htdocs\bloodbank_ci4\system\Database\BaseConnection.php(607): CodeIgniter\Database\BaseConnection->simpleQuery('SELECT *\nFROM `...')
#3 C:\xampp\htdocs\bloodbank_ci4\system\Database\BaseBuilder.php(1615): CodeIgniter\Database\BaseConnection->query('SELECT *\nFROM `...', Array, false)
#4 C:\xampp\htdocs\bloodbank_ci4\system\Model.php(264): CodeIgniter\Database\BaseBuilder->get()
#5 C:\xampp\htdocs\bloodbank_ci4\system\BaseModel.php(662): CodeIgniter\Model->doFirst()
#6 C:\xampp\htdocs\bloodbank_ci4\app\Controllers\BloodBank.php(66): CodeIgniter\BaseModel->first()
#7 C:\xampp\htdocs\bloodbank_ci4\system\CodeIgniter.php(942): App\Controllers\BloodBank->login()
#8 C:\xampp\htdocs\bloodbank_ci4\system\CodeIgniter.php(502): CodeIgniter\CodeIgniter->runController(Object(App\Controllers\BloodBank))
#9 C:\xampp\htdocs\bloodbank_ci4\system\CodeIgniter.php(361): CodeIgniter\CodeIgniter->handleRequest(NULL, Object(Config\Cache), false)
#10 C:\xampp\htdocs\bloodbank_ci4\index.php(79): CodeIgniter\CodeIgniter->run()
#11 {main}
CRITICAL - 2024-04-03 05:31:27 --> Unknown column 'email' in 'where clause'
in SYSTEMPATH\Database\BaseConnection.php on line 647.
 1 SYSTEMPATH\Database\BaseBuilder.php(1615): CodeIgniter\Database\BaseConnection->query('SELECT *
FROM `user_data`
WHERE `email` = :email:
 LIMIT 1', [...], false)
 2 SYSTEMPATH\Model.php(264): CodeIgniter\Database\BaseBuilder->get()
 3 SYSTEMPATH\BaseModel.php(662): CodeIgniter\Model->doFirst()
 4 APPPATH\Controllers\BloodBank.php(66): CodeIgniter\BaseModel->first()
 5 SYSTEMPATH\CodeIgniter.php(942): App\Controllers\BloodBank->login()
 6 SYSTEMPATH\CodeIgniter.php(502): CodeIgniter\CodeIgniter->runController(Object(App\Controllers\BloodBank))
 7 SYSTEMPATH\CodeIgniter.php(361): CodeIgniter\CodeIgniter->handleRequest(null, Object(Config\Cache), false)
 8 FCPATH\index.php(79): CodeIgniter\CodeIgniter->run()
ERROR - 2024-04-03 05:33:20 --> mysqli_sql_exception: Unknown column 'email' in 'where clause' in C:\xampp\htdocs\bloodbank_ci4\system\Database\MySQLi\Connection.php:306
Stack trace:
#0 C:\xampp\htdocs\bloodbank_ci4\system\Database\MySQLi\Connection.php(306): mysqli->query('SELECT *\nFROM `...', 0)
#1 C:\xampp\htdocs\bloodbank_ci4\system\Database\BaseConnection.php(693): CodeIgniter\Database\MySQLi\Connection->execute('SELECT *\nFROM `...')
#2 C:\xampp\htdocs\bloodbank_ci4\system\Database\BaseConnection.php(607): CodeIgniter\Database\BaseConnection->simpleQuery('SELECT *\nFROM `...')
#3 C:\xampp\htdocs\bloodbank_ci4\system\Database\BaseBuilder.php(1615): CodeIgniter\Database\BaseConnection->query('SELECT *\nFROM `...', Array, false)
#4 C:\xampp\htdocs\bloodbank_ci4\system\Model.php(264): CodeIgniter\Database\BaseBuilder->get()
#5 C:\xampp\htdocs\bloodbank_ci4\system\BaseModel.php(662): CodeIgniter\Model->doFirst()
#6 C:\xampp\htdocs\bloodbank_ci4\app\Controllers\BloodBank.php(66): CodeIgniter\BaseModel->first()
#7 C:\xampp\htdocs\bloodbank_ci4\system\CodeIgniter.php(942): App\Controllers\BloodBank->login()
#8 C:\xampp\htdocs\bloodbank_ci4\system\CodeIgniter.php(502): CodeIgniter\CodeIgniter->runController(Object(App\Controllers\BloodBank))
#9 C:\xampp\htdocs\bloodbank_ci4\system\CodeIgniter.php(361): CodeIgniter\CodeIgniter->handleRequest(NULL, Object(Config\Cache), false)
#10 C:\xampp\htdocs\bloodbank_ci4\index.php(79): CodeIgniter\CodeIgniter->run()
#11 {main}
CRITICAL - 2024-04-03 05:33:20 --> Unknown column 'email' in 'where clause'
in SYSTEMPATH\Database\BaseConnection.php on line 647.
 1 SYSTEMPATH\Database\BaseBuilder.php(1615): CodeIgniter\Database\BaseConnection->query('SELECT *
FROM `user_data`
WHERE `email` = :email:
 LIMIT 1', [...], false)
 2 SYSTEMPATH\Model.php(264): CodeIgniter\Database\BaseBuilder->get()
 3 SYSTEMPATH\BaseModel.php(662): CodeIgniter\Model->doFirst()
 4 APPPATH\Controllers\BloodBank.php(66): CodeIgniter\BaseModel->first()
 5 SYSTEMPATH\CodeIgniter.php(942): App\Controllers\BloodBank->login()
 6 SYSTEMPATH\CodeIgniter.php(502): CodeIgniter\CodeIgniter->runController(Object(App\Controllers\BloodBank))
 7 SYSTEMPATH\CodeIgniter.php(361): CodeIgniter\CodeIgniter->handleRequest(null, Object(Config\Cache), false)
 8 FCPATH\index.php(79): CodeIgniter\CodeIgniter->run()
ERROR - 2024-04-03 05:38:09 --> mysqli_sql_exception: Unknown column 'email' in 'where clause' in C:\xampp\htdocs\bloodbank_ci4\system\Database\MySQLi\Connection.php:306
Stack trace:
#0 C:\xampp\htdocs\bloodbank_ci4\system\Database\MySQLi\Connection.php(306): mysqli->query('SELECT *\nFROM `...', 0)
#1 C:\xampp\htdocs\bloodbank_ci4\system\Database\BaseConnection.php(693): CodeIgniter\Database\MySQLi\Connection->execute('SELECT *\nFROM `...')
#2 C:\xampp\htdocs\bloodbank_ci4\system\Database\BaseConnection.php(607): CodeIgniter\Database\BaseConnection->simpleQuery('SELECT *\nFROM `...')
#3 C:\xampp\htdocs\bloodbank_ci4\system\Database\BaseBuilder.php(1615): CodeIgniter\Database\BaseConnection->query('SELECT *\nFROM `...', Array, false)
#4 C:\xampp\htdocs\bloodbank_ci4\system\Model.php(264): CodeIgniter\Database\BaseBuilder->get()
#5 C:\xampp\htdocs\bloodbank_ci4\system\BaseModel.php(662): CodeIgniter\Model->doFirst()
#6 C:\xampp\htdocs\bloodbank_ci4\app\Controllers\BloodBank.php(70): CodeIgniter\BaseModel->first()
#7 C:\xampp\htdocs\bloodbank_ci4\system\CodeIgniter.php(942): App\Controllers\BloodBank->login()
#8 C:\xampp\htdocs\bloodbank_ci4\system\CodeIgniter.php(502): CodeIgniter\CodeIgniter->runController(Object(App\Controllers\BloodBank))
#9 C:\xampp\htdocs\bloodbank_ci4\system\CodeIgniter.php(361): CodeIgniter\CodeIgniter->handleRequest(NULL, Object(Config\Cache), false)
#10 C:\xampp\htdocs\bloodbank_ci4\index.php(79): CodeIgniter\CodeIgniter->run()
#11 {main}
CRITICAL - 2024-04-03 05:38:09 --> Unknown column 'email' in 'where clause'
in SYSTEMPATH\Database\BaseConnection.php on line 647.
 1 SYSTEMPATH\Database\BaseBuilder.php(1615): CodeIgniter\Database\BaseConnection->query('SELECT *
FROM `user_data`
WHERE `email` = :email:
 LIMIT 1', [...], false)
 2 SYSTEMPATH\Model.php(264): CodeIgniter\Database\BaseBuilder->get()
 3 SYSTEMPATH\BaseModel.php(662): CodeIgniter\Model->doFirst()
 4 APPPATH\Controllers\BloodBank.php(70): CodeIgniter\BaseModel->first()
 5 SYSTEMPATH\CodeIgniter.php(942): App\Controllers\BloodBank->login()
 6 SYSTEMPATH\CodeIgniter.php(502): CodeIgniter\CodeIgniter->runController(Object(App\Controllers\BloodBank))
 7 SYSTEMPATH\CodeIgniter.php(361): CodeIgniter\CodeIgniter->handleRequest(null, Object(Config\Cache), false)
 8 FCPATH\index.php(79): CodeIgniter\CodeIgniter->run()
CRITICAL - 2024-04-03 05:39:49 --> Array to string conversion
in APPPATH\Controllers\BloodBank.php on line 71.
 1 APPPATH\Controllers\BloodBank.php(71): CodeIgniter\Debug\Exceptions->errorHandler(2, 'Array to string conversion', 'C:\\xampp\\htdocs\\bloodbank_ci4\\app\\Controllers\\BloodBank.php', 71)
 2 SYSTEMPATH\CodeIgniter.php(942): App\Controllers\BloodBank->login()
 3 SYSTEMPATH\CodeIgniter.php(502): CodeIgniter\CodeIgniter->runController(Object(App\Controllers\BloodBank))
 4 SYSTEMPATH\CodeIgniter.php(361): CodeIgniter\CodeIgniter->handleRequest(null, Object(Config\Cache), false)
 5 FCPATH\index.php(79): CodeIgniter\CodeIgniter->run()
CRITICAL - 2024-04-03 05:59:53 --> Unclosed '{' on line 8
in APPPATH\Controllers\BloodBank.php on line 141.
 1 SYSTEMPATH\Autoloader\Autoloader.php(291): CodeIgniter\Autoloader\Autoloader->includeFile('C:\\xampp\\htdocs\\bloodbank_ci4\\app\\Controllers\\BloodBank.php')
 2 SYSTEMPATH\Autoloader\Autoloader.php(269): CodeIgniter\Autoloader\Autoloader->loadInNamespace('App\\Controllers\\BloodBank')
 3 [internal function]: CodeIgniter\Autoloader\Autoloader->loadClass('App\\Controllers\\BloodBank')
 4 SYSTEMPATH\CodeIgniter.php(900): class_exists('\\App\\Controllers\\BloodBank', true)
 5 SYSTEMPATH\CodeIgniter.php(489): CodeIgniter\CodeIgniter->startController()
 6 SYSTEMPATH\CodeIgniter.php(361): CodeIgniter\CodeIgniter->handleRequest(null, Object(Config\Cache), false)
 7 FCPATH\index.php(79): CodeIgniter\CodeIgniter->run()
CRITICAL - 2024-04-03 06:11:37 --> syntax error, unexpected variable "$storedPasswordHash"
in APPPATH\Controllers\BloodBank.php on line 125.
 1 SYSTEMPATH\Autoloader\Autoloader.php(291): CodeIgniter\Autoloader\Autoloader->includeFile('C:\\xampp\\htdocs\\bloodbank_ci4\\app\\Controllers\\BloodBank.php')
 2 SYSTEMPATH\Autoloader\Autoloader.php(269): CodeIgniter\Autoloader\Autoloader->loadInNamespace('App\\Controllers\\BloodBank')
 3 [internal function]: CodeIgniter\Autoloader\Autoloader->loadClass('App\\Controllers\\BloodBank')
 4 SYSTEMPATH\CodeIgniter.php(900): class_exists('\\App\\Controllers\\BloodBank', true)
 5 SYSTEMPATH\CodeIgniter.php(489): CodeIgniter\CodeIgniter->startController()
 6 SYSTEMPATH\CodeIgniter.php(361): CodeIgniter\CodeIgniter->handleRequest(null, Object(Config\Cache), false)
 7 FCPATH\index.php(79): CodeIgniter\CodeIgniter->run()
CRITICAL - 2024-04-03 06:14:45 --> Unmatched '}'
in APPPATH\Controllers\BloodBank.php on line 141.
 1 SYSTEMPATH\Autoloader\Autoloader.php(291): CodeIgniter\Autoloader\Autoloader->includeFile('C:\\xampp\\htdocs\\bloodbank_ci4\\app\\Controllers\\BloodBank.php')
 2 SYSTEMPATH\Autoloader\Autoloader.php(269): CodeIgniter\Autoloader\Autoloader->loadInNamespace('App\\Controllers\\BloodBank')
 3 [internal function]: CodeIgniter\Autoloader\Autoloader->loadClass('App\\Controllers\\BloodBank')
 4 SYSTEMPATH\CodeIgniter.php(900): class_exists('\\App\\Controllers\\BloodBank', true)
 5 SYSTEMPATH\CodeIgniter.php(489): CodeIgniter\CodeIgniter->startController()
 6 SYSTEMPATH\CodeIgniter.php(361): CodeIgniter\CodeIgniter->handleRequest(null, Object(Config\Cache), false)
 7 FCPATH\index.php(79): CodeIgniter\CodeIgniter->run()
CRITICAL - 2024-04-03 06:14:57 --> Unmatched '}'
in APPPATH\Controllers\BloodBank.php on line 141.
 1 SYSTEMPATH\Autoloader\Autoloader.php(291): CodeIgniter\Autoloader\Autoloader->includeFile('C:\\xampp\\htdocs\\bloodbank_ci4\\app\\Controllers\\BloodBank.php')
 2 SYSTEMPATH\Autoloader\Autoloader.php(269): CodeIgniter\Autoloader\Autoloader->loadInNamespace('App\\Controllers\\BloodBank')
 3 [internal function]: CodeIgniter\Autoloader\Autoloader->loadClass('App\\Controllers\\BloodBank')
 4 SYSTEMPATH\CodeIgniter.php(900): class_exists('\\App\\Controllers\\BloodBank', true)
 5 SYSTEMPATH\CodeIgniter.php(489): CodeIgniter\CodeIgniter->startController()
 6 SYSTEMPATH\CodeIgniter.php(361): CodeIgniter\CodeIgniter->handleRequest(null, Object(Config\Cache), false)
 7 FCPATH\index.php(79): CodeIgniter\CodeIgniter->run()
CRITICAL - 2024-04-03 06:14:58 --> Unmatched '}'
in APPPATH\Controllers\BloodBank.php on line 141.
 1 SYSTEMPATH\Autoloader\Autoloader.php(291): CodeIgniter\Autoloader\Autoloader->includeFile('C:\\xampp\\htdocs\\bloodbank_ci4\\app\\Controllers\\BloodBank.php')
 2 SYSTEMPATH\Autoloader\Autoloader.php(269): CodeIgniter\Autoloader\Autoloader->loadInNamespace('App\\Controllers\\BloodBank')
 3 [internal function]: CodeIgniter\Autoloader\Autoloader->loadClass('App\\Controllers\\BloodBank')
 4 SYSTEMPATH\CodeIgniter.php(900): class_exists('\\App\\Controllers\\BloodBank', true)
 5 SYSTEMPATH\CodeIgniter.php(489): CodeIgniter\CodeIgniter->startController()
 6 SYSTEMPATH\CodeIgniter.php(361): CodeIgniter\CodeIgniter->handleRequest(null, Object(Config\Cache), false)
 7 FCPATH\index.php(79): CodeIgniter\CodeIgniter->run()
CRITICAL - 2024-04-03 06:15:17 --> Unmatched '}'
in APPPATH\Controllers\BloodBank.php on line 141.
 1 SYSTEMPATH\Autoloader\Autoloader.php(291): CodeIgniter\Autoloader\Autoloader->includeFile('C:\\xampp\\htdocs\\bloodbank_ci4\\app\\Controllers\\BloodBank.php')
 2 SYSTEMPATH\Autoloader\Autoloader.php(269): CodeIgniter\Autoloader\Autoloader->loadInNamespace('App\\Controllers\\BloodBank')
 3 [internal function]: CodeIgniter\Autoloader\Autoloader->loadClass('App\\Controllers\\BloodBank')
 4 SYSTEMPATH\CodeIgniter.php(900): class_exists('\\App\\Controllers\\BloodBank', true)
 5 SYSTEMPATH\CodeIgniter.php(489): CodeIgniter\CodeIgniter->startController()
 6 SYSTEMPATH\CodeIgniter.php(361): CodeIgniter\CodeIgniter->handleRequest(null, Object(Config\Cache), false)
 7 FCPATH\index.php(79): CodeIgniter\CodeIgniter->run()
CRITICAL - 2024-04-03 06:15:20 --> Unmatched '}'
in APPPATH\Controllers\BloodBank.php on line 141.
 1 SYSTEMPATH\Autoloader\Autoloader.php(291): CodeIgniter\Autoloader\Autoloader->includeFile('C:\\xampp\\htdocs\\bloodbank_ci4\\app\\Controllers\\BloodBank.php')
 2 SYSTEMPATH\Autoloader\Autoloader.php(269): CodeIgniter\Autoloader\Autoloader->loadInNamespace('App\\Controllers\\BloodBank')
 3 [internal function]: CodeIgniter\Autoloader\Autoloader->loadClass('App\\Controllers\\BloodBank')
 4 SYSTEMPATH\CodeIgniter.php(900): class_exists('\\App\\Controllers\\BloodBank', true)
 5 SYSTEMPATH\CodeIgniter.php(489): CodeIgniter\CodeIgniter->startController()
 6 SYSTEMPATH\CodeIgniter.php(361): CodeIgniter\CodeIgniter->handleRequest(null, Object(Config\Cache), false)
 7 FCPATH\index.php(79): CodeIgniter\CodeIgniter->run()
CRITICAL - 2024-04-03 06:15:20 --> Unmatched '}'
in APPPATH\Controllers\BloodBank.php on line 141.
 1 SYSTEMPATH\Autoloader\Autoloader.php(291): CodeIgniter\Autoloader\Autoloader->includeFile('C:\\xampp\\htdocs\\bloodbank_ci4\\app\\Controllers\\BloodBank.php')
 2 SYSTEMPATH\Autoloader\Autoloader.php(269): CodeIgniter\Autoloader\Autoloader->loadInNamespace('App\\Controllers\\BloodBank')
 3 [internal function]: CodeIgniter\Autoloader\Autoloader->loadClass('App\\Controllers\\BloodBank')
 4 SYSTEMPATH\CodeIgniter.php(900): class_exists('\\App\\Controllers\\BloodBank', true)
 5 SYSTEMPATH\CodeIgniter.php(489): CodeIgniter\CodeIgniter->startController()
 6 SYSTEMPATH\CodeIgniter.php(361): CodeIgniter\CodeIgniter->handleRequest(null, Object(Config\Cache), false)
 7 FCPATH\index.php(79): CodeIgniter\CodeIgniter->run()
CRITICAL - 2024-04-03 06:33:23 --> Class "App\Controllers\Config\Services" not found
in APPPATH\Controllers\BloodBank.php on line 71.
 1 SYSTEMPATH\CodeIgniter.php(942): App\Controllers\BloodBank->login()
 2 SYSTEMPATH\CodeIgniter.php(502): CodeIgniter\CodeIgniter->runController(Object(App\Controllers\BloodBank))
 3 SYSTEMPATH\CodeIgniter.php(361): CodeIgniter\CodeIgniter->handleRequest(null, Object(Config\Cache), false)
 4 FCPATH\index.php(79): CodeIgniter\CodeIgniter->run()
CRITICAL - 2024-04-03 06:40:19 --> Unclosed '{' on line 77 does not match ')'
in APPPATH\Controllers\BloodBank.php on line 79.
 1 SYSTEMPATH\Autoloader\Autoloader.php(291): CodeIgniter\Autoloader\Autoloader->includeFile('C:\\xampp\\htdocs\\bloodbank_ci4\\app\\Controllers\\BloodBank.php')
 2 SYSTEMPATH\Autoloader\Autoloader.php(269): CodeIgniter\Autoloader\Autoloader->loadInNamespace('App\\Controllers\\BloodBank')
 3 [internal function]: CodeIgniter\Autoloader\Autoloader->loadClass('App\\Controllers\\BloodBank')
 4 SYSTEMPATH\CodeIgniter.php(900): class_exists('\\App\\Controllers\\BloodBank', true)
 5 SYSTEMPATH\CodeIgniter.php(489): CodeIgniter\CodeIgniter->startController()
 6 SYSTEMPATH\CodeIgniter.php(361): CodeIgniter\CodeIgniter->handleRequest(null, Object(Config\Cache), false)
 7 FCPATH\index.php(79): CodeIgniter\CodeIgniter->run()
CRITICAL - 2024-04-03 06:40:21 --> Unclosed '{' on line 77 does not match ')'
in APPPATH\Controllers\BloodBank.php on line 79.
 1 SYSTEMPATH\Autoloader\Autoloader.php(291): CodeIgniter\Autoloader\Autoloader->includeFile('C:\\xampp\\htdocs\\bloodbank_ci4\\app\\Controllers\\BloodBank.php')
 2 SYSTEMPATH\Autoloader\Autoloader.php(269): CodeIgniter\Autoloader\Autoloader->loadInNamespace('App\\Controllers\\BloodBank')
 3 [internal function]: CodeIgniter\Autoloader\Autoloader->loadClass('App\\Controllers\\BloodBank')
 4 SYSTEMPATH\CodeIgniter.php(900): class_exists('\\App\\Controllers\\BloodBank', true)
 5 SYSTEMPATH\CodeIgniter.php(489): CodeIgniter\CodeIgniter->startController()
 6 SYSTEMPATH\CodeIgniter.php(361): CodeIgniter\CodeIgniter->handleRequest(null, Object(Config\Cache), false)
 7 FCPATH\index.php(79): CodeIgniter\CodeIgniter->run()
CRITICAL - 2024-04-03 06:40:55 --> Unclosed '{' on line 77 does not match ')'
in APPPATH\Controllers\BloodBank.php on line 79.
 1 SYSTEMPATH\Autoloader\Autoloader.php(291): CodeIgniter\Autoloader\Autoloader->includeFile('C:\\xampp\\htdocs\\bloodbank_ci4\\app\\Controllers\\BloodBank.php')
 2 SYSTEMPATH\Autoloader\Autoloader.php(269): CodeIgniter\Autoloader\Autoloader->loadInNamespace('App\\Controllers\\BloodBank')
 3 [internal function]: CodeIgniter\Autoloader\Autoloader->loadClass('App\\Controllers\\BloodBank')
 4 SYSTEMPATH\CodeIgniter.php(900): class_exists('\\App\\Controllers\\BloodBank', true)
 5 SYSTEMPATH\CodeIgniter.php(489): CodeIgniter\CodeIgniter->startController()
 6 SYSTEMPATH\CodeIgniter.php(361): CodeIgniter\CodeIgniter->handleRequest(null, Object(Config\Cache), false)
 7 FCPATH\index.php(79): CodeIgniter\CodeIgniter->run()
CRITICAL - 2024-04-03 06:40:56 --> Unclosed '{' on line 77 does not match ')'
in APPPATH\Controllers\BloodBank.php on line 79.
 1 SYSTEMPATH\Autoloader\Autoloader.php(291): CodeIgniter\Autoloader\Autoloader->includeFile('C:\\xampp\\htdocs\\bloodbank_ci4\\app\\Controllers\\BloodBank.php')
 2 SYSTEMPATH\Autoloader\Autoloader.php(269): CodeIgniter\Autoloader\Autoloader->loadInNamespace('App\\Controllers\\BloodBank')
 3 [internal function]: CodeIgniter\Autoloader\Autoloader->loadClass('App\\Controllers\\BloodBank')
 4 SYSTEMPATH\CodeIgniter.php(900): class_exists('\\App\\Controllers\\BloodBank', true)
 5 SYSTEMPATH\CodeIgniter.php(489): CodeIgniter\CodeIgniter->startController()
 6 SYSTEMPATH\CodeIgniter.php(361): CodeIgniter\CodeIgniter->handleRequest(null, Object(Config\Cache), false)
 7 FCPATH\index.php(79): CodeIgniter\CodeIgniter->run()
CRITICAL - 2024-04-03 06:41:06 --> Unmatched '}'
in APPPATH\Views\users\login_home.php on line 17.
 1 SYSTEMPATH\View\View.php(231): CodeIgniter\View\View->CodeIgniter\View\{closure}()
 2 SYSTEMPATH\Common.php(1190): CodeIgniter\View\View->render('users/login_home', [], true)
 3 APPPATH\Controllers\BloodBank.php(17): view('users/login_home')
 4 SYSTEMPATH\CodeIgniter.php(942): App\Controllers\BloodBank->login_view()
 5 SYSTEMPATH\CodeIgniter.php(502): CodeIgniter\CodeIgniter->runController(Object(App\Controllers\BloodBank))
 6 SYSTEMPATH\CodeIgniter.php(361): CodeIgniter\CodeIgniter->handleRequest(null, Object(Config\Cache), false)
 7 FCPATH\index.php(79): CodeIgniter\CodeIgniter->run()
CRITICAL - 2024-04-03 06:41:41 --> Unmatched '}'
in APPPATH\Views\users\login_home.php on line 17.
 1 SYSTEMPATH\View\View.php(231): CodeIgniter\View\View->CodeIgniter\View\{closure}()
 2 SYSTEMPATH\Common.php(1190): CodeIgniter\View\View->render('users/login_home', [], true)
 3 APPPATH\Controllers\BloodBank.php(17): view('users/login_home')
 4 SYSTEMPATH\CodeIgniter.php(942): App\Controllers\BloodBank->login_view()
 5 SYSTEMPATH\CodeIgniter.php(502): CodeIgniter\CodeIgniter->runController(Object(App\Controllers\BloodBank))
 6 SYSTEMPATH\CodeIgniter.php(361): CodeIgniter\CodeIgniter->handleRequest(null, Object(Config\Cache), false)
 7 FCPATH\index.php(79): CodeIgniter\CodeIgniter->run()
CRITICAL - 2024-04-03 06:41:42 --> Unmatched '}'
in APPPATH\Views\users\login_home.php on line 17.
 1 SYSTEMPATH\View\View.php(231): CodeIgniter\View\View->CodeIgniter\View\{closure}()
 2 SYSTEMPATH\Common.php(1190): CodeIgniter\View\View->render('users/login_home', [], true)
 3 APPPATH\Controllers\BloodBank.php(17): view('users/login_home')
 4 SYSTEMPATH\CodeIgniter.php(942): App\Controllers\BloodBank->login_view()
 5 SYSTEMPATH\CodeIgniter.php(502): CodeIgniter\CodeIgniter->runController(Object(App\Controllers\BloodBank))
 6 SYSTEMPATH\CodeIgniter.php(361): CodeIgniter\CodeIgniter->handleRequest(null, Object(Config\Cache), false)
 7 FCPATH\index.php(79): CodeIgniter\CodeIgniter->run()
CRITICAL - 2024-04-03 06:41:45 --> Unmatched '}'
in APPPATH\Views\users\login_home.php on line 17.
 1 SYSTEMPATH\View\View.php(231): CodeIgniter\View\View->CodeIgniter\View\{closure}()
 2 SYSTEMPATH\Common.php(1190): CodeIgniter\View\View->render('users/login_home', [], true)
 3 APPPATH\Controllers\BloodBank.php(17): view('users/login_home')
 4 SYSTEMPATH\CodeIgniter.php(942): App\Controllers\BloodBank->login_view()
 5 SYSTEMPATH\CodeIgniter.php(502): CodeIgniter\CodeIgniter->runController(Object(App\Controllers\BloodBank))
 6 SYSTEMPATH\CodeIgniter.php(361): CodeIgniter\CodeIgniter->handleRequest(null, Object(Config\Cache), false)
 7 FCPATH\index.php(79): CodeIgniter\CodeIgniter->run()
CRITICAL - 2024-04-03 06:42:08 --> view(): Argument #2 ($data) must be of type array, string given, called in C:\xampp\htdocs\bloodbank_ci4\app\Controllers\BloodBank.php on line 80
in SYSTEMPATH\Common.php on line 1178.
 1 APPPATH\Controllers\BloodBank.php(80): view('users/login_home', 'Invalid Data')
 2 SYSTEMPATH\CodeIgniter.php(942): App\Controllers\BloodBank->login()
 3 SYSTEMPATH\CodeIgniter.php(502): CodeIgniter\CodeIgniter->runController(Object(App\Controllers\BloodBank))
 4 SYSTEMPATH\CodeIgniter.php(361): CodeIgniter\CodeIgniter->handleRequest(null, Object(Config\Cache), false)
 5 FCPATH\index.php(79): CodeIgniter\CodeIgniter->run()
CRITICAL - 2024-04-03 06:43:54 --> syntax error, unexpected token "echo"
in APPPATH\Views\users\login_home.php on line 12.
 1 SYSTEMPATH\View\View.php(231): CodeIgniter\View\View->CodeIgniter\View\{closure}()
 2 SYSTEMPATH\Common.php(1190): CodeIgniter\View\View->render('users/login_home', [], true)
 3 APPPATH\Controllers\BloodBank.php(80): view('users/login_home', [...])
 4 SYSTEMPATH\CodeIgniter.php(942): App\Controllers\BloodBank->login()
 5 SYSTEMPATH\CodeIgniter.php(502): CodeIgniter\CodeIgniter->runController(Object(App\Controllers\BloodBank))
 6 SYSTEMPATH\CodeIgniter.php(361): CodeIgniter\CodeIgniter->handleRequest(null, Object(Config\Cache), false)
 7 FCPATH\index.php(79): CodeIgniter\CodeIgniter->run()
CRITICAL - 2024-04-03 09:25:41 --> Undefined variable $model
in APPPATH\Controllers\BloodBank.php on line 107.
 1 APPPATH\Controllers\BloodBank.php(107): CodeIgniter\Debug\Exceptions->errorHandler(2, 'Undefined variable $model', 'C:\\xampp\\htdocs\\bloodbank_ci4\\app\\Controllers\\BloodBank.php', 107)
 2 SYSTEMPATH\CodeIgniter.php(942): App\Controllers\BloodBank->users_view()
 3 SYSTEMPATH\CodeIgniter.php(502): CodeIgniter\CodeIgniter->runController(Object(App\Controllers\BloodBank))
 4 SYSTEMPATH\CodeIgniter.php(361): CodeIgniter\CodeIgniter->handleRequest(null, Object(Config\Cache), false)
 5 FCPATH\index.php(79): CodeIgniter\CodeIgniter->run()
CRITICAL - 2024-04-03 09:25:59 --> Undefined variable $model
in APPPATH\Controllers\BloodBank.php on line 107.
 1 APPPATH\Controllers\BloodBank.php(107): CodeIgniter\Debug\Exceptions->errorHandler(2, 'Undefined variable $model', 'C:\\xampp\\htdocs\\bloodbank_ci4\\app\\Controllers\\BloodBank.php', 107)
 2 SYSTEMPATH\CodeIgniter.php(942): App\Controllers\BloodBank->users_view()
 3 SYSTEMPATH\CodeIgniter.php(502): CodeIgniter\CodeIgniter->runController(Object(App\Controllers\BloodBank))
 4 SYSTEMPATH\CodeIgniter.php(361): CodeIgniter\CodeIgniter->handleRequest(null, Object(Config\Cache), false)
 5 FCPATH\index.php(79): CodeIgniter\CodeIgniter->run()
CRITICAL - 2024-04-03 09:25:59 --> Undefined variable $model
in APPPATH\Controllers\BloodBank.php on line 107.
 1 APPPATH\Controllers\BloodBank.php(107): CodeIgniter\Debug\Exceptions->errorHandler(2, 'Undefined variable $model', 'C:\\xampp\\htdocs\\bloodbank_ci4\\app\\Controllers\\BloodBank.php', 107)
 2 SYSTEMPATH\CodeIgniter.php(942): App\Controllers\BloodBank->users_view()
 3 SYSTEMPATH\CodeIgniter.php(502): CodeIgniter\CodeIgniter->runController(Object(App\Controllers\BloodBank))
 4 SYSTEMPATH\CodeIgniter.php(361): CodeIgniter\CodeIgniter->handleRequest(null, Object(Config\Cache), false)
 5 FCPATH\index.php(79): CodeIgniter\CodeIgniter->run()
CRITICAL - 2024-04-03 09:26:21 --> Undefined variable $model
in APPPATH\Controllers\BloodBank.php on line 107.
 1 APPPATH\Controllers\BloodBank.php(107): CodeIgniter\Debug\Exceptions->errorHandler(2, 'Undefined variable $model', 'C:\\xampp\\htdocs\\bloodbank_ci4\\app\\Controllers\\BloodBank.php', 107)
 2 SYSTEMPATH\CodeIgniter.php(942): App\Controllers\BloodBank->users_view()
 3 SYSTEMPATH\CodeIgniter.php(502): CodeIgniter\CodeIgniter->runController(Object(App\Controllers\BloodBank))
 4 SYSTEMPATH\CodeIgniter.php(361): CodeIgniter\CodeIgniter->handleRequest(null, Object(Config\Cache), false)
 5 FCPATH\index.php(79): CodeIgniter\CodeIgniter->run()
CRITICAL - 2024-04-03 09:26:21 --> Undefined variable $model
in APPPATH\Controllers\BloodBank.php on line 107.
 1 APPPATH\Controllers\BloodBank.php(107): CodeIgniter\Debug\Exceptions->errorHandler(2, 'Undefined variable $model', 'C:\\xampp\\htdocs\\bloodbank_ci4\\app\\Controllers\\BloodBank.php', 107)
 2 SYSTEMPATH\CodeIgniter.php(942): App\Controllers\BloodBank->users_view()
 3 SYSTEMPATH\CodeIgniter.php(502): CodeIgniter\CodeIgniter->runController(Object(App\Controllers\BloodBank))
 4 SYSTEMPATH\CodeIgniter.php(361): CodeIgniter\CodeIgniter->handleRequest(null, Object(Config\Cache), false)
 5 FCPATH\index.php(79): CodeIgniter\CodeIgniter->run()
CRITICAL - 2024-04-03 09:26:22 --> Undefined variable $model
in APPPATH\Controllers\BloodBank.php on line 107.
 1 APPPATH\Controllers\BloodBank.php(107): CodeIgniter\Debug\Exceptions->errorHandler(2, 'Undefined variable $model', 'C:\\xampp\\htdocs\\bloodbank_ci4\\app\\Controllers\\BloodBank.php', 107)
 2 SYSTEMPATH\CodeIgniter.php(942): App\Controllers\BloodBank->users_view()
 3 SYSTEMPATH\CodeIgniter.php(502): CodeIgniter\CodeIgniter->runController(Object(App\Controllers\BloodBank))
 4 SYSTEMPATH\CodeIgniter.php(361): CodeIgniter\CodeIgniter->handleRequest(null, Object(Config\Cache), false)
 5 FCPATH\index.php(79): CodeIgniter\CodeIgniter->run()
CRITICAL - 2024-04-03 09:26:22 --> Undefined variable $model
in APPPATH\Controllers\BloodBank.php on line 107.
 1 APPPATH\Controllers\BloodBank.php(107): CodeIgniter\Debug\Exceptions->errorHandler(2, 'Undefined variable $model', 'C:\\xampp\\htdocs\\bloodbank_ci4\\app\\Controllers\\BloodBank.php', 107)
 2 SYSTEMPATH\CodeIgniter.php(942): App\Controllers\BloodBank->users_view()
 3 SYSTEMPATH\CodeIgniter.php(502): CodeIgniter\CodeIgniter->runController(Object(App\Controllers\BloodBank))
 4 SYSTEMPATH\CodeIgniter.php(361): CodeIgniter\CodeIgniter->handleRequest(null, Object(Config\Cache), false)
 5 FCPATH\index.php(79): CodeIgniter\CodeIgniter->run()
CRITICAL - 2024-04-03 09:26:22 --> Undefined variable $model
in APPPATH\Controllers\BloodBank.php on line 107.
 1 APPPATH\Controllers\BloodBank.php(107): CodeIgniter\Debug\Exceptions->errorHandler(2, 'Undefined variable $model', 'C:\\xampp\\htdocs\\bloodbank_ci4\\app\\Controllers\\BloodBank.php', 107)
 2 SYSTEMPATH\CodeIgniter.php(942): App\Controllers\BloodBank->users_view()
 3 SYSTEMPATH\CodeIgniter.php(502): CodeIgniter\CodeIgniter->runController(Object(App\Controllers\BloodBank))
 4 SYSTEMPATH\CodeIgniter.php(361): CodeIgniter\CodeIgniter->handleRequest(null, Object(Config\Cache), false)
 5 FCPATH\index.php(79): CodeIgniter\CodeIgniter->run()
CRITICAL - 2024-04-03 09:26:23 --> Undefined variable $model
in APPPATH\Controllers\BloodBank.php on line 107.
 1 APPPATH\Controllers\BloodBank.php(107): CodeIgniter\Debug\Exceptions->errorHandler(2, 'Undefined variable $model', 'C:\\xampp\\htdocs\\bloodbank_ci4\\app\\Controllers\\BloodBank.php', 107)
 2 SYSTEMPATH\CodeIgniter.php(942): App\Controllers\BloodBank->users_view()
 3 SYSTEMPATH\CodeIgniter.php(502): CodeIgniter\CodeIgniter->runController(Object(App\Controllers\BloodBank))
 4 SYSTEMPATH\CodeIgniter.php(361): CodeIgniter\CodeIgniter->handleRequest(null, Object(Config\Cache), false)
 5 FCPATH\index.php(79): CodeIgniter\CodeIgniter->run()
CRITICAL - 2024-04-03 09:26:27 --> Undefined variable $model
in APPPATH\Controllers\BloodBank.php on line 107.
 1 APPPATH\Controllers\BloodBank.php(107): CodeIgniter\Debug\Exceptions->errorHandler(2, 'Undefined variable $model', 'C:\\xampp\\htdocs\\bloodbank_ci4\\app\\Controllers\\BloodBank.php', 107)
 2 SYSTEMPATH\CodeIgniter.php(942): App\Controllers\BloodBank->users_view()
 3 SYSTEMPATH\CodeIgniter.php(502): CodeIgniter\CodeIgniter->runController(Object(App\Controllers\BloodBank))
 4 SYSTEMPATH\CodeIgniter.php(361): CodeIgniter\CodeIgniter->handleRequest(null, Object(Config\Cache), false)
 5 FCPATH\index.php(79): CodeIgniter\CodeIgniter->run()
CRITICAL - 2024-04-03 09:31:16 --> Invalid file: "donors_view.php"
in SYSTEMPATH\Exceptions\FrameworkException.php on line 39.
 1 SYSTEMPATH\View\View.php(216): CodeIgniter\Exceptions\FrameworkException::forInvalidFile('donors_view.php')
 2 SYSTEMPATH\View\View.php(469): CodeIgniter\View\View->render('donors_view', null, true)
 3 APPPATH\Views\users\users_table.php(5): CodeIgniter\View\View->include('donors_view')
 4 SYSTEMPATH\View\View.php(228): include('C:\\xampp\\htdocs\\bloodbank_ci4\\app\\Views\\users\\users_table.php')
 5 SYSTEMPATH\View\View.php(231): CodeIgniter\View\View->CodeIgniter\View\{closure}()
 6 SYSTEMPATH\Common.php(1190): CodeIgniter\View\View->render('users/users_table', [], true)
 7 APPPATH\Controllers\BloodBank.php(108): view('users/users_table', [...])
 8 SYSTEMPATH\CodeIgniter.php(942): App\Controllers\BloodBank->users_view()
 9 SYSTEMPATH\CodeIgniter.php(502): CodeIgniter\CodeIgniter->runController(Object(App\Controllers\BloodBank))
10 SYSTEMPATH\CodeIgniter.php(361): CodeIgniter\CodeIgniter->handleRequest(null, Object(Config\Cache), false)
11 FCPATH\index.php(79): CodeIgniter\CodeIgniter->run()
CRITICAL - 2024-04-03 09:31:17 --> Invalid file: "donors_view.php"
in SYSTEMPATH\Exceptions\FrameworkException.php on line 39.
 1 SYSTEMPATH\View\View.php(216): CodeIgniter\Exceptions\FrameworkException::forInvalidFile('donors_view.php')
 2 SYSTEMPATH\View\View.php(469): CodeIgniter\View\View->render('donors_view', null, true)
 3 APPPATH\Views\users\users_table.php(5): CodeIgniter\View\View->include('donors_view')
 4 SYSTEMPATH\View\View.php(228): include('C:\\xampp\\htdocs\\bloodbank_ci4\\app\\Views\\users\\users_table.php')
 5 SYSTEMPATH\View\View.php(231): CodeIgniter\View\View->CodeIgniter\View\{closure}()
 6 SYSTEMPATH\Common.php(1190): CodeIgniter\View\View->render('users/users_table', [], true)
 7 APPPATH\Controllers\BloodBank.php(108): view('users/users_table', [...])
 8 SYSTEMPATH\CodeIgniter.php(942): App\Controllers\BloodBank->users_view()
 9 SYSTEMPATH\CodeIgniter.php(502): CodeIgniter\CodeIgniter->runController(Object(App\Controllers\BloodBank))
10 SYSTEMPATH\CodeIgniter.php(361): CodeIgniter\CodeIgniter->handleRequest(null, Object(Config\Cache), false)
11 FCPATH\index.php(79): CodeIgniter\CodeIgniter->run()
CRITICAL - 2024-04-03 09:31:17 --> Invalid file: "donors_view.php"
in SYSTEMPATH\Exceptions\FrameworkException.php on line 39.
 1 SYSTEMPATH\View\View.php(216): CodeIgniter\Exceptions\FrameworkException::forInvalidFile('donors_view.php')
 2 SYSTEMPATH\View\View.php(469): CodeIgniter\View\View->render('donors_view', null, true)
 3 APPPATH\Views\users\users_table.php(5): CodeIgniter\View\View->include('donors_view')
 4 SYSTEMPATH\View\View.php(228): include('C:\\xampp\\htdocs\\bloodbank_ci4\\app\\Views\\users\\users_table.php')
 5 SYSTEMPATH\View\View.php(231): CodeIgniter\View\View->CodeIgniter\View\{closure}()
 6 SYSTEMPATH\Common.php(1190): CodeIgniter\View\View->render('users/users_table', [], true)
 7 APPPATH\Controllers\BloodBank.php(108): view('users/users_table', [...])
 8 SYSTEMPATH\CodeIgniter.php(942): App\Controllers\BloodBank->users_view()
 9 SYSTEMPATH\CodeIgniter.php(502): CodeIgniter\CodeIgniter->runController(Object(App\Controllers\BloodBank))
10 SYSTEMPATH\CodeIgniter.php(361): CodeIgniter\CodeIgniter->handleRequest(null, Object(Config\Cache), false)
11 FCPATH\index.php(79): CodeIgniter\CodeIgniter->run()
CRITICAL - 2024-04-03 10:07:57 --> Invalid file: "donors_view.php"
in SYSTEMPATH\Exceptions\FrameworkException.php on line 39.
 1 SYSTEMPATH\View\View.php(216): CodeIgniter\Exceptions\FrameworkException::forInvalidFile('donors_view.php')
 2 SYSTEMPATH\View\View.php(469): CodeIgniter\View\View->render('donors_view', null, true)
 3 APPPATH\Views\users\donors_table.php(5): CodeIgniter\View\View->include('donors_view')
 4 SYSTEMPATH\View\View.php(228): include('C:\\xampp\\htdocs\\bloodbank_ci4\\app\\Views\\users\\donors_table.php')
 5 SYSTEMPATH\View\View.php(231): CodeIgniter\View\View->CodeIgniter\View\{closure}()
 6 SYSTEMPATH\Common.php(1190): CodeIgniter\View\View->render('users/donors_table', [], true)
 7 APPPATH\Controllers\BloodBank.php(98): view('users/donors_table')
 8 SYSTEMPATH\CodeIgniter.php(942): App\Controllers\BloodBank->donors_view()
 9 SYSTEMPATH\CodeIgniter.php(502): CodeIgniter\CodeIgniter->runController(Object(App\Controllers\BloodBank))
10 SYSTEMPATH\CodeIgniter.php(361): CodeIgniter\CodeIgniter->handleRequest(null, Object(Config\Cache), false)
11 FCPATH\index.php(79): CodeIgniter\CodeIgniter->run()
CRITICAL - 2024-04-03 10:10:43 --> Invalid file: "donors_view.php"
in SYSTEMPATH\Exceptions\FrameworkException.php on line 39.
 1 SYSTEMPATH\View\View.php(216): CodeIgniter\Exceptions\FrameworkException::forInvalidFile('donors_view.php')
 2 SYSTEMPATH\View\View.php(469): CodeIgniter\View\View->render('donors_view', null, true)
 3 APPPATH\Views\users\donors_table.php(5): CodeIgniter\View\View->include('donors_view')
 4 SYSTEMPATH\View\View.php(228): include('C:\\xampp\\htdocs\\bloodbank_ci4\\app\\Views\\users\\donors_table.php')
 5 SYSTEMPATH\View\View.php(231): CodeIgniter\View\View->CodeIgniter\View\{closure}()
 6 SYSTEMPATH\Common.php(1190): CodeIgniter\View\View->render('users/donors_table', [], true)
 7 APPPATH\Controllers\BloodBank.php(98): view('users/donors_table')
 8 SYSTEMPATH\CodeIgniter.php(942): App\Controllers\BloodBank->donors_view()
 9 SYSTEMPATH\CodeIgniter.php(502): CodeIgniter\CodeIgniter->runController(Object(App\Controllers\BloodBank))
10 SYSTEMPATH\CodeIgniter.php(361): CodeIgniter\CodeIgniter->handleRequest(null, Object(Config\Cache), false)
11 FCPATH\index.php(79): CodeIgniter\CodeIgniter->run()
CRITICAL - 2024-04-03 10:22:50 --> Invalid file: "donors_view.php"
in SYSTEMPATH\Exceptions\FrameworkException.php on line 39.
 1 SYSTEMPATH\View\View.php(216): CodeIgniter\Exceptions\FrameworkException::forInvalidFile('donors_view.php')
 2 SYSTEMPATH\View\View.php(469): CodeIgniter\View\View->render('donors_view', null, true)
 3 APPPATH\Views\users\donors_table.php(5): CodeIgniter\View\View->include('donors_view')
 4 SYSTEMPATH\View\View.php(228): include('C:\\xampp\\htdocs\\bloodbank_ci4\\app\\Views\\users\\donors_table.php')
 5 SYSTEMPATH\View\View.php(231): CodeIgniter\View\View->CodeIgniter\View\{closure}()
 6 SYSTEMPATH\Common.php(1190): CodeIgniter\View\View->render('users/donors_table', [], true)
 7 APPPATH\Controllers\BloodBank.php(98): view('users/donors_table')
 8 SYSTEMPATH\CodeIgniter.php(942): App\Controllers\BloodBank->donors_view()
 9 SYSTEMPATH\CodeIgniter.php(502): CodeIgniter\CodeIgniter->runController(Object(App\Controllers\BloodBank))
10 SYSTEMPATH\CodeIgniter.php(361): CodeIgniter\CodeIgniter->handleRequest(null, Object(Config\Cache), false)
11 FCPATH\index.php(79): CodeIgniter\CodeIgniter->run()
CRITICAL - 2024-04-03 10:23:18 --> Invalid file: "donors_view.php"
in SYSTEMPATH\Exceptions\FrameworkException.php on line 39.
 1 SYSTEMPATH\View\View.php(216): CodeIgniter\Exceptions\FrameworkException::forInvalidFile('donors_view.php')
 2 SYSTEMPATH\View\View.php(469): CodeIgniter\View\View->render('donors_view', null, true)
 3 APPPATH\Views\users\donors_table.php(5): CodeIgniter\View\View->include('donors_view')
 4 SYSTEMPATH\View\View.php(228): include('C:\\xampp\\htdocs\\bloodbank_ci4\\app\\Views\\users\\donors_table.php')
 5 SYSTEMPATH\View\View.php(231): CodeIgniter\View\View->CodeIgniter\View\{closure}()
 6 SYSTEMPATH\Common.php(1190): CodeIgniter\View\View->render('users/donors_table', [], true)
 7 APPPATH\Controllers\BloodBank.php(98): view('users/donors_table')
 8 SYSTEMPATH\CodeIgniter.php(942): App\Controllers\BloodBank->donors_view()
 9 SYSTEMPATH\CodeIgniter.php(502): CodeIgniter\CodeIgniter->runController(Object(App\Controllers\BloodBank))
10 SYSTEMPATH\CodeIgniter.php(361): CodeIgniter\CodeIgniter->handleRequest(null, Object(Config\Cache), false)
11 FCPATH\index.php(79): CodeIgniter\CodeIgniter->run()
CRITICAL - 2024-04-03 10:50:27 --> Undefined variable $users
in APPPATH\Views\users\users_table.php on line 35.
 1 APPPATH\Views\users\users_table.php(35): CodeIgniter\Debug\Exceptions->errorHandler(2, 'Undefined variable $users', 'C:\\xampp\\htdocs\\bloodbank_ci4\\app\\Views\\users\\users_table.php', 35)
 2 SYSTEMPATH\View\View.php(228): include('C:\\xampp\\htdocs\\bloodbank_ci4\\app\\Views\\users\\users_table.php')
 3 SYSTEMPATH\View\View.php(231): CodeIgniter\View\View->CodeIgniter\View\{closure}()
 4 SYSTEMPATH\Common.php(1190): CodeIgniter\View\View->render('users/users_table', [], true)
 5 APPPATH\Controllers\BloodBank.php(158): view('users/users_table')
 6 SYSTEMPATH\CodeIgniter.php(942): App\Controllers\BloodBank->update()
 7 SYSTEMPATH\CodeIgniter.php(502): CodeIgniter\CodeIgniter->runController(Object(App\Controllers\BloodBank))
 8 SYSTEMPATH\CodeIgniter.php(361): CodeIgniter\CodeIgniter->handleRequest(null, Object(Config\Cache), false)
 9 FCPATH\index.php(79): CodeIgniter\CodeIgniter->run()
CRITICAL - 2024-04-03 11:39:19 --> Invalid file: "donors_view.php"
in SYSTEMPATH\Exceptions\FrameworkException.php on line 39.
 1 SYSTEMPATH\View\View.php(216): CodeIgniter\Exceptions\FrameworkException::forInvalidFile('donors_view.php')
 2 SYSTEMPATH\View\View.php(469): CodeIgniter\View\View->render('donors_view', null, true)
 3 APPPATH\Views\users\donors_table.php(5): CodeIgniter\View\View->include('donors_view')
 4 SYSTEMPATH\View\View.php(228): include('C:\\xampp\\htdocs\\bloodbank_ci4\\app\\Views\\users\\donors_table.php')
 5 SYSTEMPATH\View\View.php(231): CodeIgniter\View\View->CodeIgniter\View\{closure}()
 6 SYSTEMPATH\Common.php(1190): CodeIgniter\View\View->render('users/donors_table', [], true)
 7 APPPATH\Controllers\BloodBank.php(98): view('users/donors_table')
 8 SYSTEMPATH\CodeIgniter.php(942): App\Controllers\BloodBank->donors_view()
 9 SYSTEMPATH\CodeIgniter.php(502): CodeIgniter\CodeIgniter->runController(Object(App\Controllers\BloodBank))
10 SYSTEMPATH\CodeIgniter.php(361): CodeIgniter\CodeIgniter->handleRequest(null, Object(Config\Cache), false)
11 FCPATH\index.php(79): CodeIgniter\CodeIgniter->run()
CRITICAL - 2024-04-03 11:39:34 --> Invalid file: "donors_view.php"
in SYSTEMPATH\Exceptions\FrameworkException.php on line 39.
 1 SYSTEMPATH\View\View.php(216): CodeIgniter\Exceptions\FrameworkException::forInvalidFile('donors_view.php')
 2 SYSTEMPATH\View\View.php(469): CodeIgniter\View\View->render('donors_view', null, true)
 3 APPPATH\Views\users\donors_table.php(5): CodeIgniter\View\View->include('donors_view')
 4 SYSTEMPATH\View\View.php(228): include('C:\\xampp\\htdocs\\bloodbank_ci4\\app\\Views\\users\\donors_table.php')
 5 SYSTEMPATH\View\View.php(231): CodeIgniter\View\View->CodeIgniter\View\{closure}()
 6 SYSTEMPATH\Common.php(1190): CodeIgniter\View\View->render('users/donors_table', [], true)
 7 APPPATH\Controllers\BloodBank.php(98): view('users/donors_table')
 8 SYSTEMPATH\CodeIgniter.php(942): App\Controllers\BloodBank->donors_view()
 9 SYSTEMPATH\CodeIgniter.php(502): CodeIgniter\CodeIgniter->runController(Object(App\Controllers\BloodBank))
10 SYSTEMPATH\CodeIgniter.php(361): CodeIgniter\CodeIgniter->handleRequest(null, Object(Config\Cache), false)
11 FCPATH\index.php(79): CodeIgniter\CodeIgniter->run()
CRITICAL - 2024-04-03 11:46:55 --> Invalid file: "donors_view.php"
in SYSTEMPATH\Exceptions\FrameworkException.php on line 39.
 1 SYSTEMPATH\View\View.php(216): CodeIgniter\Exceptions\FrameworkException::forInvalidFile('donors_view.php')
 2 SYSTEMPATH\View\View.php(469): CodeIgniter\View\View->render('donors_view', null, true)
 3 APPPATH\Views\users\donors_table.php(5): CodeIgniter\View\View->include('donors_view')
 4 SYSTEMPATH\View\View.php(228): include('C:\\xampp\\htdocs\\bloodbank_ci4\\app\\Views\\users\\donors_table.php')
 5 SYSTEMPATH\View\View.php(231): CodeIgniter\View\View->CodeIgniter\View\{closure}()
 6 SYSTEMPATH\Common.php(1190): CodeIgniter\View\View->render('users/donors_table', [], true)
 7 APPPATH\Controllers\BloodDonors.php(13): view('users/donors_table')
 8 SYSTEMPATH\CodeIgniter.php(942): App\Controllers\BloodDonors->index()
 9 SYSTEMPATH\CodeIgniter.php(502): CodeIgniter\CodeIgniter->runController(Object(App\Controllers\BloodDonors))
10 SYSTEMPATH\CodeIgniter.php(361): CodeIgniter\CodeIgniter->handleRequest(null, Object(Config\Cache), false)
11 FCPATH\index.php(79): CodeIgniter\CodeIgniter->run()
CRITICAL - 2024-04-03 11:51:24 --> Undefined variable $users
in APPPATH\Views\users\donors_table.php on line 37.
 1 APPPATH\Views\users\donors_table.php(37): CodeIgniter\Debug\Exceptions->errorHandler(2, 'Undefined variable $users', 'C:\\xampp\\htdocs\\bloodbank_ci4\\app\\Views\\users\\donors_table.php', 37)
 2 SYSTEMPATH\View\View.php(228): include('C:\\xampp\\htdocs\\bloodbank_ci4\\app\\Views\\users\\donors_table.php')
 3 SYSTEMPATH\View\View.php(231): CodeIgniter\View\View->CodeIgniter\View\{closure}()
 4 SYSTEMPATH\Common.php(1190): CodeIgniter\View\View->render('users/donors_table', [], true)
 5 APPPATH\Controllers\BloodDonors.php(17): view('users/donors_table')
 6 SYSTEMPATH\CodeIgniter.php(942): App\Controllers\BloodDonors->index()
 7 SYSTEMPATH\CodeIgniter.php(502): CodeIgniter\CodeIgniter->runController(Object(App\Controllers\BloodDonors))
 8 SYSTEMPATH\CodeIgniter.php(361): CodeIgniter\CodeIgniter->handleRequest(null, Object(Config\Cache), false)
 9 FCPATH\index.php(79): CodeIgniter\CodeIgniter->run()
CRITICAL - 2024-04-03 14:04:04 --> syntax error, unexpected token "=>"
in APPPATH\Controllers\BloodDonors.php on line 42.
 1 SYSTEMPATH\Autoloader\Autoloader.php(291): CodeIgniter\Autoloader\Autoloader->includeFile('C:\\xampp\\htdocs\\bloodbank_ci4\\app\\Controllers\\BloodDonors.php')
 2 SYSTEMPATH\Autoloader\Autoloader.php(269): CodeIgniter\Autoloader\Autoloader->loadInNamespace('App\\Controllers\\BloodDonors')
 3 [internal function]: CodeIgniter\Autoloader\Autoloader->loadClass('App\\Controllers\\BloodDonors')
 4 SYSTEMPATH\CodeIgniter.php(900): class_exists('\\App\\Controllers\\BloodDonors', true)
 5 SYSTEMPATH\CodeIgniter.php(489): CodeIgniter\CodeIgniter->startController()
 6 SYSTEMPATH\CodeIgniter.php(361): CodeIgniter\CodeIgniter->handleRequest(null, Object(Config\Cache), false)
 7 FCPATH\index.php(79): CodeIgniter\CodeIgniter->run()
CRITICAL - 2024-04-03 14:04:07 --> syntax error, unexpected token "=>"
in APPPATH\Controllers\BloodDonors.php on line 42.
 1 SYSTEMPATH\Autoloader\Autoloader.php(291): CodeIgniter\Autoloader\Autoloader->includeFile('C:\\xampp\\htdocs\\bloodbank_ci4\\app\\Controllers\\BloodDonors.php')
 2 SYSTEMPATH\Autoloader\Autoloader.php(269): CodeIgniter\Autoloader\Autoloader->loadInNamespace('App\\Controllers\\BloodDonors')
 3 [internal function]: CodeIgniter\Autoloader\Autoloader->loadClass('App\\Controllers\\BloodDonors')
 4 SYSTEMPATH\CodeIgniter.php(900): class_exists('\\App\\Controllers\\BloodDonors', true)
 5 SYSTEMPATH\CodeIgniter.php(489): CodeIgniter\CodeIgniter->startController()
 6 SYSTEMPATH\CodeIgniter.php(361): CodeIgniter\CodeIgniter->handleRequest(null, Object(Config\Cache), false)
 7 FCPATH\index.php(79): CodeIgniter\CodeIgniter->run()
CRITICAL - 2024-04-03 14:04:10 --> syntax error, unexpected token "=>"
in APPPATH\Controllers\BloodDonors.php on line 42.
 1 SYSTEMPATH\Autoloader\Autoloader.php(291): CodeIgniter\Autoloader\Autoloader->includeFile('C:\\xampp\\htdocs\\bloodbank_ci4\\app\\Controllers\\BloodDonors.php')
 2 SYSTEMPATH\Autoloader\Autoloader.php(269): CodeIgniter\Autoloader\Autoloader->loadInNamespace('App\\Controllers\\BloodDonors')
 3 [internal function]: CodeIgniter\Autoloader\Autoloader->loadClass('App\\Controllers\\BloodDonors')
 4 SYSTEMPATH\CodeIgniter.php(900): class_exists('\\App\\Controllers\\BloodDonors', true)
 5 SYSTEMPATH\CodeIgniter.php(489): CodeIgniter\CodeIgniter->startController()
 6 SYSTEMPATH\CodeIgniter.php(361): CodeIgniter\CodeIgniter->handleRequest(null, Object(Config\Cache), false)
 7 FCPATH\index.php(79): CodeIgniter\CodeIgniter->run()
CRITICAL - 2024-04-03 14:04:10 --> syntax error, unexpected token "=>"
in APPPATH\Controllers\BloodDonors.php on line 42.
 1 SYSTEMPATH\Autoloader\Autoloader.php(291): CodeIgniter\Autoloader\Autoloader->includeFile('C:\\xampp\\htdocs\\bloodbank_ci4\\app\\Controllers\\BloodDonors.php')
 2 SYSTEMPATH\Autoloader\Autoloader.php(269): CodeIgniter\Autoloader\Autoloader->loadInNamespace('App\\Controllers\\BloodDonors')
 3 [internal function]: CodeIgniter\Autoloader\Autoloader->loadClass('App\\Controllers\\BloodDonors')
 4 SYSTEMPATH\CodeIgniter.php(900): class_exists('\\App\\Controllers\\BloodDonors', true)
 5 SYSTEMPATH\CodeIgniter.php(489): CodeIgniter\CodeIgniter->startController()
 6 SYSTEMPATH\CodeIgniter.php(361): CodeIgniter\CodeIgniter->handleRequest(null, Object(Config\Cache), false)
 7 FCPATH\index.php(79): CodeIgniter\CodeIgniter->run()
CRITICAL - 2024-04-03 14:04:11 --> syntax error, unexpected token "=>"
in APPPATH\Controllers\BloodDonors.php on line 42.
 1 SYSTEMPATH\Autoloader\Autoloader.php(291): CodeIgniter\Autoloader\Autoloader->includeFile('C:\\xampp\\htdocs\\bloodbank_ci4\\app\\Controllers\\BloodDonors.php')
 2 SYSTEMPATH\Autoloader\Autoloader.php(269): CodeIgniter\Autoloader\Autoloader->loadInNamespace('App\\Controllers\\BloodDonors')
 3 [internal function]: CodeIgniter\Autoloader\Autoloader->loadClass('App\\Controllers\\BloodDonors')
 4 SYSTEMPATH\CodeIgniter.php(900): class_exists('\\App\\Controllers\\BloodDonors', true)
 5 SYSTEMPATH\CodeIgniter.php(489): CodeIgniter\CodeIgniter->startController()
 6 SYSTEMPATH\CodeIgniter.php(361): CodeIgniter\CodeIgniter->handleRequest(null, Object(Config\Cache), false)
 7 FCPATH\index.php(79): CodeIgniter\CodeIgniter->run()
CRITICAL - 2024-04-03 14:04:14 --> syntax error, unexpected token "=>"
in APPPATH\Controllers\BloodDonors.php on line 42.
 1 SYSTEMPATH\Autoloader\Autoloader.php(291): CodeIgniter\Autoloader\Autoloader->includeFile('C:\\xampp\\htdocs\\bloodbank_ci4\\app\\Controllers\\BloodDonors.php')
 2 SYSTEMPATH\Autoloader\Autoloader.php(269): CodeIgniter\Autoloader\Autoloader->loadInNamespace('App\\Controllers\\BloodDonors')
 3 [internal function]: CodeIgniter\Autoloader\Autoloader->loadClass('App\\Controllers\\BloodDonors')
 4 SYSTEMPATH\CodeIgniter.php(900): class_exists('\\App\\Controllers\\BloodDonors', true)
 5 SYSTEMPATH\CodeIgniter.php(489): CodeIgniter\CodeIgniter->startController()
 6 SYSTEMPATH\CodeIgniter.php(361): CodeIgniter\CodeIgniter->handleRequest(null, Object(Config\Cache), false)
 7 FCPATH\index.php(79): CodeIgniter\CodeIgniter->run()
CRITICAL - 2024-04-03 14:04:42 --> syntax error, unexpected token "=>"
in APPPATH\Controllers\BloodDonors.php on line 42.
 1 SYSTEMPATH\Autoloader\Autoloader.php(291): CodeIgniter\Autoloader\Autoloader->includeFile('C:\\xampp\\htdocs\\bloodbank_ci4\\app\\Controllers\\BloodDonors.php')
 2 SYSTEMPATH\Autoloader\Autoloader.php(269): CodeIgniter\Autoloader\Autoloader->loadInNamespace('App\\Controllers\\BloodDonors')
 3 [internal function]: CodeIgniter\Autoloader\Autoloader->loadClass('App\\Controllers\\BloodDonors')
 4 SYSTEMPATH\CodeIgniter.php(900): class_exists('\\App\\Controllers\\BloodDonors', true)
 5 SYSTEMPATH\CodeIgniter.php(489): CodeIgniter\CodeIgniter->startController()
 6 SYSTEMPATH\CodeIgniter.php(361): CodeIgniter\CodeIgniter->handleRequest(null, Object(Config\Cache), false)
 7 FCPATH\index.php(79): CodeIgniter\CodeIgniter->run()
CRITICAL - 2024-04-03 14:04:48 --> syntax error, unexpected token "=>"
in APPPATH\Controllers\BloodDonors.php on line 42.
 1 SYSTEMPATH\Autoloader\Autoloader.php(291): CodeIgniter\Autoloader\Autoloader->includeFile('C:\\xampp\\htdocs\\bloodbank_ci4\\app\\Controllers\\BloodDonors.php')
 2 SYSTEMPATH\Autoloader\Autoloader.php(269): CodeIgniter\Autoloader\Autoloader->loadInNamespace('App\\Controllers\\BloodDonors')
 3 [internal function]: CodeIgniter\Autoloader\Autoloader->loadClass('App\\Controllers\\BloodDonors')
 4 SYSTEMPATH\CodeIgniter.php(900): class_exists('\\App\\Controllers\\BloodDonors', true)
 5 SYSTEMPATH\CodeIgniter.php(489): CodeIgniter\CodeIgniter->startController()
 6 SYSTEMPATH\CodeIgniter.php(361): CodeIgniter\CodeIgniter->handleRequest(null, Object(Config\Cache), false)
 7 FCPATH\index.php(79): CodeIgniter\CodeIgniter->run()
CRITICAL - 2024-04-03 14:07:03 --> syntax error, unexpected token "=>"
in APPPATH\Controllers\BloodDonors.php on line 42.
 1 SYSTEMPATH\Autoloader\Autoloader.php(291): CodeIgniter\Autoloader\Autoloader->includeFile('C:\\xampp\\htdocs\\bloodbank_ci4\\app\\Controllers\\BloodDonors.php')
 2 SYSTEMPATH\Autoloader\Autoloader.php(269): CodeIgniter\Autoloader\Autoloader->loadInNamespace('App\\Controllers\\BloodDonors')
 3 [internal function]: CodeIgniter\Autoloader\Autoloader->loadClass('App\\Controllers\\BloodDonors')
 4 SYSTEMPATH\CodeIgniter.php(900): class_exists('\\App\\Controllers\\BloodDonors', true)
 5 SYSTEMPATH\CodeIgniter.php(489): CodeIgniter\CodeIgniter->startController()
 6 SYSTEMPATH\CodeIgniter.php(361): CodeIgniter\CodeIgniter->handleRequest(null, Object(Config\Cache), false)
 7 FCPATH\index.php(79): CodeIgniter\CodeIgniter->run()
CRITICAL - 2024-04-03 14:07:18 --> syntax error, unexpected token "=>"
in APPPATH\Controllers\BloodDonors.php on line 42.
 1 SYSTEMPATH\Autoloader\Autoloader.php(291): CodeIgniter\Autoloader\Autoloader->includeFile('C:\\xampp\\htdocs\\bloodbank_ci4\\app\\Controllers\\BloodDonors.php')
 2 SYSTEMPATH\Autoloader\Autoloader.php(269): CodeIgniter\Autoloader\Autoloader->loadInNamespace('App\\Controllers\\BloodDonors')
 3 [internal function]: CodeIgniter\Autoloader\Autoloader->loadClass('App\\Controllers\\BloodDonors')
 4 SYSTEMPATH\CodeIgniter.php(900): class_exists('\\App\\Controllers\\BloodDonors', true)
 5 SYSTEMPATH\CodeIgniter.php(489): CodeIgniter\CodeIgniter->startController()
 6 SYSTEMPATH\CodeIgniter.php(361): CodeIgniter\CodeIgniter->handleRequest(null, Object(Config\Cache), false)
 7 FCPATH\index.php(79): CodeIgniter\CodeIgniter->run()
CRITICAL - 2024-04-03 14:09:35 --> syntax error, unexpected token "=>"
in APPPATH\Controllers\BloodDonors.php on line 42.
 1 SYSTEMPATH\Autoloader\Autoloader.php(291): CodeIgniter\Autoloader\Autoloader->includeFile('C:\\xampp\\htdocs\\bloodbank_ci4\\app\\Controllers\\BloodDonors.php')
 2 SYSTEMPATH\Autoloader\Autoloader.php(269): CodeIgniter\Autoloader\Autoloader->loadInNamespace('App\\Controllers\\BloodDonors')
 3 [internal function]: CodeIgniter\Autoloader\Autoloader->loadClass('App\\Controllers\\BloodDonors')
 4 SYSTEMPATH\CodeIgniter.php(900): class_exists('\\App\\Controllers\\BloodDonors', true)
 5 SYSTEMPATH\CodeIgniter.php(489): CodeIgniter\CodeIgniter->startController()
 6 SYSTEMPATH\CodeIgniter.php(361): CodeIgniter\CodeIgniter->handleRequest(null, Object(Config\Cache), false)
 7 FCPATH\index.php(79): CodeIgniter\CodeIgniter->run()
CRITICAL - 2024-04-03 14:11:07 --> syntax error, unexpected token "=>"
in APPPATH\Controllers\BloodDonors.php on line 42.
 1 SYSTEMPATH\Autoloader\Autoloader.php(291): CodeIgniter\Autoloader\Autoloader->includeFile('C:\\xampp\\htdocs\\bloodbank_ci4\\app\\Controllers\\BloodDonors.php')
 2 SYSTEMPATH\Autoloader\Autoloader.php(269): CodeIgniter\Autoloader\Autoloader->loadInNamespace('App\\Controllers\\BloodDonors')
 3 [internal function]: CodeIgniter\Autoloader\Autoloader->loadClass('App\\Controllers\\BloodDonors')
 4 SYSTEMPATH\CodeIgniter.php(900): class_exists('\\App\\Controllers\\BloodDonors', true)
 5 SYSTEMPATH\CodeIgniter.php(489): CodeIgniter\CodeIgniter->startController()
 6 SYSTEMPATH\CodeIgniter.php(361): CodeIgniter\CodeIgniter->handleRequest(null, Object(Config\Cache), false)
 7 FCPATH\index.php(79): CodeIgniter\CodeIgniter->run()
CRITICAL - 2024-04-03 14:15:05 --> syntax error, unexpected token "=>"
in APPPATH\Controllers\BloodDonors.php on line 42.
 1 SYSTEMPATH\Autoloader\Autoloader.php(291): CodeIgniter\Autoloader\Autoloader->includeFile('C:\\xampp\\htdocs\\bloodbank_ci4\\app\\Controllers\\BloodDonors.php')
 2 SYSTEMPATH\Autoloader\Autoloader.php(269): CodeIgniter\Autoloader\Autoloader->loadInNamespace('App\\Controllers\\BloodDonors')
 3 [internal function]: CodeIgniter\Autoloader\Autoloader->loadClass('App\\Controllers\\BloodDonors')
 4 SYSTEMPATH\CodeIgniter.php(900): class_exists('\\App\\Controllers\\BloodDonors', true)
 5 SYSTEMPATH\CodeIgniter.php(489): CodeIgniter\CodeIgniter->startController()
 6 SYSTEMPATH\CodeIgniter.php(361): CodeIgniter\CodeIgniter->handleRequest(null, Object(Config\Cache), false)
 7 FCPATH\index.php(79): CodeIgniter\CodeIgniter->run()
CRITICAL - 2024-04-03 14:15:07 --> syntax error, unexpected token "=>"
in APPPATH\Controllers\BloodDonors.php on line 42.
 1 SYSTEMPATH\Autoloader\Autoloader.php(291): CodeIgniter\Autoloader\Autoloader->includeFile('C:\\xampp\\htdocs\\bloodbank_ci4\\app\\Controllers\\BloodDonors.php')
 2 SYSTEMPATH\Autoloader\Autoloader.php(269): CodeIgniter\Autoloader\Autoloader->loadInNamespace('App\\Controllers\\BloodDonors')
 3 [internal function]: CodeIgniter\Autoloader\Autoloader->loadClass('App\\Controllers\\BloodDonors')
 4 SYSTEMPATH\CodeIgniter.php(900): class_exists('\\App\\Controllers\\BloodDonors', true)
 5 SYSTEMPATH\CodeIgniter.php(489): CodeIgniter\CodeIgniter->startController()
 6 SYSTEMPATH\CodeIgniter.php(361): CodeIgniter\CodeIgniter->handleRequest(null, Object(Config\Cache), false)
 7 FCPATH\index.php(79): CodeIgniter\CodeIgniter->run()
CRITICAL - 2024-04-03 14:15:11 --> syntax error, unexpected token "=>"
in APPPATH\Controllers\BloodDonors.php on line 42.
 1 SYSTEMPATH\Autoloader\Autoloader.php(291): CodeIgniter\Autoloader\Autoloader->includeFile('C:\\xampp\\htdocs\\bloodbank_ci4\\app\\Controllers\\BloodDonors.php')
 2 SYSTEMPATH\Autoloader\Autoloader.php(269): CodeIgniter\Autoloader\Autoloader->loadInNamespace('App\\Controllers\\BloodDonors')
 3 [internal function]: CodeIgniter\Autoloader\Autoloader->loadClass('App\\Controllers\\BloodDonors')
 4 SYSTEMPATH\CodeIgniter.php(900): class_exists('\\App\\Controllers\\BloodDonors', true)
 5 SYSTEMPATH\CodeIgniter.php(489): CodeIgniter\CodeIgniter->startController()
 6 SYSTEMPATH\CodeIgniter.php(361): CodeIgniter\CodeIgniter->handleRequest(null, Object(Config\Cache), false)
 7 FCPATH\index.php(79): CodeIgniter\CodeIgniter->run()
CRITICAL - 2024-04-03 14:15:37 --> syntax error, unexpected token "echo", expecting ";" or "{"
in APPPATH\Controllers\BloodDonors.php on line 12.
 1 SYSTEMPATH\Autoloader\Autoloader.php(291): CodeIgniter\Autoloader\Autoloader->includeFile('C:\\xampp\\htdocs\\bloodbank_ci4\\app\\Controllers\\BloodDonors.php')
 2 SYSTEMPATH\Autoloader\Autoloader.php(269): CodeIgniter\Autoloader\Autoloader->loadInNamespace('App\\Controllers\\BloodDonors')
 3 [internal function]: CodeIgniter\Autoloader\Autoloader->loadClass('App\\Controllers\\BloodDonors')
 4 SYSTEMPATH\CodeIgniter.php(900): class_exists('\\App\\Controllers\\BloodDonors', true)
 5 SYSTEMPATH\CodeIgniter.php(489): CodeIgniter\CodeIgniter->startController()
 6 SYSTEMPATH\CodeIgniter.php(361): CodeIgniter\CodeIgniter->handleRequest(null, Object(Config\Cache), false)
 7 FCPATH\index.php(79): CodeIgniter\CodeIgniter->run()
CRITICAL - 2024-04-03 14:22:29 --> syntax error, unexpected token "=>"
in APPPATH\Controllers\BloodDonors.php on line 47.
 1 SYSTEMPATH\Autoloader\Autoloader.php(291): CodeIgniter\Autoloader\Autoloader->includeFile('C:\\xampp\\htdocs\\bloodbank_ci4\\app\\Controllers\\BloodDonors.php')
 2 SYSTEMPATH\Autoloader\Autoloader.php(269): CodeIgniter\Autoloader\Autoloader->loadInNamespace('App\\Controllers\\BloodDonors')
 3 [internal function]: CodeIgniter\Autoloader\Autoloader->loadClass('App\\Controllers\\BloodDonors')
 4 SYSTEMPATH\CodeIgniter.php(900): class_exists('\\App\\Controllers\\BloodDonors', true)
 5 SYSTEMPATH\CodeIgniter.php(489): CodeIgniter\CodeIgniter->startController()
 6 SYSTEMPATH\CodeIgniter.php(361): CodeIgniter\CodeIgniter->handleRequest(null, Object(Config\Cache), false)
 7 FCPATH\index.php(79): CodeIgniter\CodeIgniter->run()
CRITICAL - 2024-04-03 14:22:42 --> syntax error, unexpected token "=>"
in APPPATH\Controllers\BloodDonors.php on line 47.
 1 SYSTEMPATH\Autoloader\Autoloader.php(291): CodeIgniter\Autoloader\Autoloader->includeFile('C:\\xampp\\htdocs\\bloodbank_ci4\\app\\Controllers\\BloodDonors.php')
 2 SYSTEMPATH\Autoloader\Autoloader.php(269): CodeIgniter\Autoloader\Autoloader->loadInNamespace('App\\Controllers\\BloodDonors')
 3 [internal function]: CodeIgniter\Autoloader\Autoloader->loadClass('App\\Controllers\\BloodDonors')
 4 SYSTEMPATH\CodeIgniter.php(900): class_exists('\\App\\Controllers\\BloodDonors', true)
 5 SYSTEMPATH\CodeIgniter.php(489): CodeIgniter\CodeIgniter->startController()
 6 SYSTEMPATH\CodeIgniter.php(361): CodeIgniter\CodeIgniter->handleRequest(null, Object(Config\Cache), false)
 7 FCPATH\index.php(79): CodeIgniter\CodeIgniter->run()
ERROR - 2024-04-03 14:24:31 --> mysqli_sql_exception: Column 'blood_bank_message' cannot be null in C:\xampp\htdocs\bloodbank_ci4\system\Database\MySQLi\Connection.php:306
Stack trace:
#0 C:\xampp\htdocs\bloodbank_ci4\system\Database\MySQLi\Connection.php(306): mysqli->query('INSERT INTO `do...', 0)
#1 C:\xampp\htdocs\bloodbank_ci4\system\Database\BaseConnection.php(693): CodeIgniter\Database\MySQLi\Connection->execute('INSERT INTO `do...')
#2 C:\xampp\htdocs\bloodbank_ci4\system\Database\BaseConnection.php(607): CodeIgniter\Database\BaseConnection->simpleQuery('INSERT INTO `do...')
#3 C:\xampp\htdocs\bloodbank_ci4\system\Database\BaseBuilder.php(2308): CodeIgniter\Database\BaseConnection->query('INSERT INTO `do...', Array, false)
#4 C:\xampp\htdocs\bloodbank_ci4\system\Model.php(319): CodeIgniter\Database\BaseBuilder->insert()
#5 C:\xampp\htdocs\bloodbank_ci4\system\BaseModel.php(788): CodeIgniter\Model->doInsert(Array)
#6 C:\xampp\htdocs\bloodbank_ci4\system\Model.php(715): CodeIgniter\BaseModel->insert(Array, false)
#7 C:\xampp\htdocs\bloodbank_ci4\system\BaseModel.php(698): CodeIgniter\Model->insert(Array, false)
#8 C:\xampp\htdocs\bloodbank_ci4\app\Controllers\BloodDonors.php(50): CodeIgniter\BaseModel->save(Array)
#9 C:\xampp\htdocs\bloodbank_ci4\system\CodeIgniter.php(942): App\Controllers\BloodDonors->add_donor()
#10 C:\xampp\htdocs\bloodbank_ci4\system\CodeIgniter.php(502): CodeIgniter\CodeIgniter->runController(Object(App\Controllers\BloodDonors))
#11 C:\xampp\htdocs\bloodbank_ci4\system\CodeIgniter.php(361): CodeIgniter\CodeIgniter->handleRequest(NULL, Object(Config\Cache), false)
#12 C:\xampp\htdocs\bloodbank_ci4\index.php(79): CodeIgniter\CodeIgniter->run()
#13 {main}
CRITICAL - 2024-04-03 14:24:31 --> Column 'blood_bank_message' cannot be null
in SYSTEMPATH\Database\BaseConnection.php on line 647.
 1 SYSTEMPATH\Database\BaseBuilder.php(2308): CodeIgniter\Database\BaseConnection->query('INSERT INTO `donors` (`fullname`, `address`, `email`, `phone_number`, `blood_group`, `dob`, `donated_count`, `blood_bank_message`) VALUES (:fullname:, :address:, :email:, :phone_number:, :blood_group:, :dob:, :donated_count:, :blood_bank_message:)', [...], false)
 2 SYSTEMPATH\Model.php(319): CodeIgniter\Database\BaseBuilder->insert()
 3 SYSTEMPATH\BaseModel.php(788): CodeIgniter\Model->doInsert([...])
 4 SYSTEMPATH\Model.php(715): CodeIgniter\BaseModel->insert([...], false)
 5 SYSTEMPATH\BaseModel.php(698): CodeIgniter\Model->insert([...], false)
 6 APPPATH\Controllers\BloodDonors.php(50): CodeIgniter\BaseModel->save([...])
 7 SYSTEMPATH\CodeIgniter.php(942): App\Controllers\BloodDonors->add_donor()
 8 SYSTEMPATH\CodeIgniter.php(502): CodeIgniter\CodeIgniter->runController(Object(App\Controllers\BloodDonors))
 9 SYSTEMPATH\CodeIgniter.php(361): CodeIgniter\CodeIgniter->handleRequest(null, Object(Config\Cache), false)
10 FCPATH\index.php(79): CodeIgniter\CodeIgniter->run()
ERROR - 2024-04-03 14:32:58 --> mysqli_sql_exception: Column 'blood_bank_message' cannot be null in C:\xampp\htdocs\bloodbank_ci4\system\Database\MySQLi\Connection.php:306
Stack trace:
#0 C:\xampp\htdocs\bloodbank_ci4\system\Database\MySQLi\Connection.php(306): mysqli->query('INSERT INTO `do...', 0)
#1 C:\xampp\htdocs\bloodbank_ci4\system\Database\BaseConnection.php(693): CodeIgniter\Database\MySQLi\Connection->execute('INSERT INTO `do...')
#2 C:\xampp\htdocs\bloodbank_ci4\system\Database\BaseConnection.php(607): CodeIgniter\Database\BaseConnection->simpleQuery('INSERT INTO `do...')
#3 C:\xampp\htdocs\bloodbank_ci4\system\Database\BaseBuilder.php(2308): CodeIgniter\Database\BaseConnection->query('INSERT INTO `do...', Array, false)
#4 C:\xampp\htdocs\bloodbank_ci4\system\Model.php(319): CodeIgniter\Database\BaseBuilder->insert()
#5 C:\xampp\htdocs\bloodbank_ci4\system\BaseModel.php(788): CodeIgniter\Model->doInsert(Array)
#6 C:\xampp\htdocs\bloodbank_ci4\system\Model.php(715): CodeIgniter\BaseModel->insert(Array, false)
#7 C:\xampp\htdocs\bloodbank_ci4\system\BaseModel.php(698): CodeIgniter\Model->insert(Array, false)
#8 C:\xampp\htdocs\bloodbank_ci4\app\Controllers\BloodDonors.php(50): CodeIgniter\BaseModel->save(Array)
#9 C:\xampp\htdocs\bloodbank_ci4\system\CodeIgniter.php(942): App\Controllers\BloodDonors->add_donor()
#10 C:\xampp\htdocs\bloodbank_ci4\system\CodeIgniter.php(502): CodeIgniter\CodeIgniter->runController(Object(App\Controllers\BloodDonors))
#11 C:\xampp\htdocs\bloodbank_ci4\system\CodeIgniter.php(361): CodeIgniter\CodeIgniter->handleRequest(NULL, Object(Config\Cache), false)
#12 C:\xampp\htdocs\bloodbank_ci4\index.php(79): CodeIgniter\CodeIgniter->run()
#13 {main}
CRITICAL - 2024-04-03 14:32:58 --> Column 'blood_bank_message' cannot be null
in SYSTEMPATH\Database\BaseConnection.php on line 647.
 1 SYSTEMPATH\Database\BaseBuilder.php(2308): CodeIgniter\Database\BaseConnection->query('INSERT INTO `donors` (`fullname`, `address`, `email`, `phone_number`, `blood_group`, `dob`, `donated_count`, `blood_bank_message`) VALUES (:fullname:, :address:, :email:, :phone_number:, :blood_group:, :dob:, :donated_count:, :blood_bank_message:)', [...], false)
 2 SYSTEMPATH\Model.php(319): CodeIgniter\Database\BaseBuilder->insert()
 3 SYSTEMPATH\BaseModel.php(788): CodeIgniter\Model->doInsert([...])
 4 SYSTEMPATH\Model.php(715): CodeIgniter\BaseModel->insert([...], false)
 5 SYSTEMPATH\BaseModel.php(698): CodeIgniter\Model->insert([...], false)
 6 APPPATH\Controllers\BloodDonors.php(50): CodeIgniter\BaseModel->save([...])
 7 SYSTEMPATH\CodeIgniter.php(942): App\Controllers\BloodDonors->add_donor()
 8 SYSTEMPATH\CodeIgniter.php(502): CodeIgniter\CodeIgniter->runController(Object(App\Controllers\BloodDonors))
 9 SYSTEMPATH\CodeIgniter.php(361): CodeIgniter\CodeIgniter->handleRequest(null, Object(Config\Cache), false)
10 FCPATH\index.php(79): CodeIgniter\CodeIgniter->run()
ERROR - 2024-04-03 14:33:20 --> mysqli_sql_exception: Column 'blood_bank_message' cannot be null in C:\xampp\htdocs\bloodbank_ci4\system\Database\MySQLi\Connection.php:306
Stack trace:
#0 C:\xampp\htdocs\bloodbank_ci4\system\Database\MySQLi\Connection.php(306): mysqli->query('INSERT INTO `do...', 0)
#1 C:\xampp\htdocs\bloodbank_ci4\system\Database\BaseConnection.php(693): CodeIgniter\Database\MySQLi\Connection->execute('INSERT INTO `do...')
#2 C:\xampp\htdocs\bloodbank_ci4\system\Database\BaseConnection.php(607): CodeIgniter\Database\BaseConnection->simpleQuery('INSERT INTO `do...')
#3 C:\xampp\htdocs\bloodbank_ci4\system\Database\BaseBuilder.php(2308): CodeIgniter\Database\BaseConnection->query('INSERT INTO `do...', Array, false)
#4 C:\xampp\htdocs\bloodbank_ci4\system\Model.php(319): CodeIgniter\Database\BaseBuilder->insert()
#5 C:\xampp\htdocs\bloodbank_ci4\system\BaseModel.php(788): CodeIgniter\Model->doInsert(Array)
#6 C:\xampp\htdocs\bloodbank_ci4\system\Model.php(715): CodeIgniter\BaseModel->insert(Array, false)
#7 C:\xampp\htdocs\bloodbank_ci4\system\BaseModel.php(698): CodeIgniter\Model->insert(Array, false)
#8 C:\xampp\htdocs\bloodbank_ci4\app\Controllers\BloodDonors.php(50): CodeIgniter\BaseModel->save(Array)
#9 C:\xampp\htdocs\bloodbank_ci4\system\CodeIgniter.php(942): App\Controllers\BloodDonors->add_donor()
#10 C:\xampp\htdocs\bloodbank_ci4\system\CodeIgniter.php(502): CodeIgniter\CodeIgniter->runController(Object(App\Controllers\BloodDonors))
#11 C:\xampp\htdocs\bloodbank_ci4\system\CodeIgniter.php(361): CodeIgniter\CodeIgniter->handleRequest(NULL, Object(Config\Cache), false)
#12 C:\xampp\htdocs\bloodbank_ci4\index.php(79): CodeIgniter\CodeIgniter->run()
#13 {main}
CRITICAL - 2024-04-03 14:33:20 --> Column 'blood_bank_message' cannot be null
in SYSTEMPATH\Database\BaseConnection.php on line 647.
 1 SYSTEMPATH\Database\BaseBuilder.php(2308): CodeIgniter\Database\BaseConnection->query('INSERT INTO `donors` (`fullname`, `address`, `email`, `phone_number`, `blood_group`, `dob`, `donated_count`, `blood_bank_message`) VALUES (:fullname:, :address:, :email:, :phone_number:, :blood_group:, :dob:, :donated_count:, :blood_bank_message:)', [...], false)
 2 SYSTEMPATH\Model.php(319): CodeIgniter\Database\BaseBuilder->insert()
 3 SYSTEMPATH\BaseModel.php(788): CodeIgniter\Model->doInsert([...])
 4 SYSTEMPATH\Model.php(715): CodeIgniter\BaseModel->insert([...], false)
 5 SYSTEMPATH\BaseModel.php(698): CodeIgniter\Model->insert([...], false)
 6 APPPATH\Controllers\BloodDonors.php(50): CodeIgniter\BaseModel->save([...])
 7 SYSTEMPATH\CodeIgniter.php(942): App\Controllers\BloodDonors->add_donor()
 8 SYSTEMPATH\CodeIgniter.php(502): CodeIgniter\CodeIgniter->runController(Object(App\Controllers\BloodDonors))
 9 SYSTEMPATH\CodeIgniter.php(361): CodeIgniter\CodeIgniter->handleRequest(null, Object(Config\Cache), false)
10 FCPATH\index.php(79): CodeIgniter\CodeIgniter->run()
