CRITICAL - 2024-12-12 10:30:25 --> Class "App\Models\GrnModel" not found
in APPPATH\Controllers\AddPurchase.php on line 40.
 1 SYSTEMPATH\CodeIgniter.php(942): App\Controllers\AddPurchase->index()
 2 SYSTEMPATH\CodeIgniter.php(502): CodeIgniter\CodeIgniter->runController(Object(App\Controllers\AddPurchase))
 3 SYSTEMPATH\CodeIgniter.php(361): CodeIgniter\CodeIgniter->handleRequest(null, Object(Config\Cache), false)
 4 FCPATH\index.php(79): CodeIgniter\CodeIgniter->run()
CRITICAL - 2024-12-12 10:31:46 --> Call to undefined function App\Controllers\generateGrn()
in APPPATH\Controllers\AddPurchase.php on line 41.
 1 SYSTEMPATH\CodeIgniter.php(942): App\Controllers\AddPurchase->index()
 2 SYSTEMPATH\CodeIgniter.php(502): CodeIgniter\CodeIgniter->runController(Object(App\Controllers\AddPurchase))
 3 SYSTEMPATH\CodeIgniter.php(361): CodeIgniter\CodeIgniter->handleRequest(null, Object(Config\Cache), false)
 4 FCPATH\index.php(79): CodeIgniter\CodeIgniter->run()
ERROR - 2024-12-12 10:36:17 --> mysqli_sql_exception: Table 'inventory.add_purchase' doesn't exist in C:\xampp\htdocs\viyoma\system\Database\MySQLi\Connection.php:306
Stack trace:
#0 C:\xampp\htdocs\viyoma\system\Database\MySQLi\Connection.php(306): mysqli->query('SELECT `purchas...', 0)
#1 C:\xampp\htdocs\viyoma\system\Database\BaseConnection.php(693): CodeIgniter\Database\MySQLi\Connection->execute('SELECT `purchas...')
#2 C:\xampp\htdocs\viyoma\system\Database\BaseConnection.php(607): CodeIgniter\Database\BaseConnection->simpleQuery('SELECT `purchas...')
#3 C:\xampp\htdocs\viyoma\system\Database\BaseBuilder.php(1615): CodeIgniter\Database\BaseConnection->query('SELECT `purchas...', Array, false)
#4 C:\xampp\htdocs\viyoma\system\Model.php(237): CodeIgniter\Database\BaseBuilder->get()
#5 C:\xampp\htdocs\viyoma\system\BaseModel.php(624): CodeIgniter\Model->doFindAll(0, 0)
#6 C:\xampp\htdocs\viyoma\app\Controllers\AddPurchase.php(356): CodeIgniter\BaseModel->findAll()
#7 C:\xampp\htdocs\viyoma\system\CodeIgniter.php(942): App\Controllers\AddPurchase->all_purchase_reasons()
#8 C:\xampp\htdocs\viyoma\system\CodeIgniter.php(502): CodeIgniter\CodeIgniter->runController(Object(App\Controllers\AddPurchase))
#9 C:\xampp\htdocs\viyoma\system\CodeIgniter.php(361): CodeIgniter\CodeIgniter->handleRequest(NULL, Object(Config\Cache), false)
#10 C:\xampp\htdocs\viyoma\index.php(79): CodeIgniter\CodeIgniter->run()
#11 {main}
CRITICAL - 2024-12-12 10:36:18 --> Table 'inventory.add_purchase' doesn't exist
in SYSTEMPATH\Database\BaseConnection.php on line 647.
 1 SYSTEMPATH\Database\BaseBuilder.php(1615): CodeIgniter\Database\BaseConnection->query('SELECT `purchase_reason`
FROM `add_purchase`
WHERE `deleted_on` IS NULL
GROUP BY `purchase_reason`', [], false)
 2 SYSTEMPATH\Model.php(237): CodeIgniter\Database\BaseBuilder->get()
 3 SYSTEMPATH\BaseModel.php(624): CodeIgniter\Model->doFindAll(0, 0)
 4 APPPATH\Controllers\AddPurchase.php(356): CodeIgniter\BaseModel->findAll()
 5 SYSTEMPATH\CodeIgniter.php(942): App\Controllers\AddPurchase->all_purchase_reasons()
 6 SYSTEMPATH\CodeIgniter.php(502): CodeIgniter\CodeIgniter->runController(Object(App\Controllers\AddPurchase))
 7 SYSTEMPATH\CodeIgniter.php(361): CodeIgniter\CodeIgniter->handleRequest(null, Object(Config\Cache), false)
 8 FCPATH\index.php(79): CodeIgniter\CodeIgniter->run()
ERROR - 2024-12-12 10:37:22 --> mysqli_sql_exception: Table 'inventory.add_purchase' doesn't exist in C:\xampp\htdocs\viyoma\system\Database\MySQLi\Connection.php:306
Stack trace:
#0 C:\xampp\htdocs\viyoma\system\Database\MySQLi\Connection.php(306): mysqli->query('SELECT `purchas...', 0)
#1 C:\xampp\htdocs\viyoma\system\Database\BaseConnection.php(693): CodeIgniter\Database\MySQLi\Connection->execute('SELECT `purchas...')
#2 C:\xampp\htdocs\viyoma\system\Database\BaseConnection.php(607): CodeIgniter\Database\BaseConnection->simpleQuery('SELECT `purchas...')
#3 C:\xampp\htdocs\viyoma\system\Database\BaseBuilder.php(1615): CodeIgniter\Database\BaseConnection->query('SELECT `purchas...', Array, false)
#4 C:\xampp\htdocs\viyoma\system\Model.php(237): CodeIgniter\Database\BaseBuilder->get()
#5 C:\xampp\htdocs\viyoma\system\BaseModel.php(624): CodeIgniter\Model->doFindAll(0, 0)
#6 C:\xampp\htdocs\viyoma\app\Controllers\AddPurchase.php(356): CodeIgniter\BaseModel->findAll()
#7 C:\xampp\htdocs\viyoma\system\CodeIgniter.php(942): App\Controllers\AddPurchase->all_purchase_reasons()
#8 C:\xampp\htdocs\viyoma\system\CodeIgniter.php(502): CodeIgniter\CodeIgniter->runController(Object(App\Controllers\AddPurchase))
#9 C:\xampp\htdocs\viyoma\system\CodeIgniter.php(361): CodeIgniter\CodeIgniter->handleRequest(NULL, Object(Config\Cache), false)
#10 C:\xampp\htdocs\viyoma\index.php(79): CodeIgniter\CodeIgniter->run()
#11 {main}
CRITICAL - 2024-12-12 10:37:22 --> Table 'inventory.add_purchase' doesn't exist
in SYSTEMPATH\Database\BaseConnection.php on line 647.
 1 SYSTEMPATH\Database\BaseBuilder.php(1615): CodeIgniter\Database\BaseConnection->query('SELECT `purchase_reason`
FROM `add_purchase`
WHERE `deleted_on` IS NULL
GROUP BY `purchase_reason`', [], false)
 2 SYSTEMPATH\Model.php(237): CodeIgniter\Database\BaseBuilder->get()
 3 SYSTEMPATH\BaseModel.php(624): CodeIgniter\Model->doFindAll(0, 0)
 4 APPPATH\Controllers\AddPurchase.php(356): CodeIgniter\BaseModel->findAll()
 5 SYSTEMPATH\CodeIgniter.php(942): App\Controllers\AddPurchase->all_purchase_reasons()
 6 SYSTEMPATH\CodeIgniter.php(502): CodeIgniter\CodeIgniter->runController(Object(App\Controllers\AddPurchase))
 7 SYSTEMPATH\CodeIgniter.php(361): CodeIgniter\CodeIgniter->handleRequest(null, Object(Config\Cache), false)
 8 FCPATH\index.php(79): CodeIgniter\CodeIgniter->run()
ERROR - 2024-12-12 10:37:23 --> mysqli_sql_exception: Table 'inventory.add_purchase' doesn't exist in C:\xampp\htdocs\viyoma\system\Database\MySQLi\Connection.php:306
Stack trace:
#0 C:\xampp\htdocs\viyoma\system\Database\MySQLi\Connection.php(306): mysqli->query('SELECT `purchas...', 0)
#1 C:\xampp\htdocs\viyoma\system\Database\BaseConnection.php(693): CodeIgniter\Database\MySQLi\Connection->execute('SELECT `purchas...')
#2 C:\xampp\htdocs\viyoma\system\Database\BaseConnection.php(607): CodeIgniter\Database\BaseConnection->simpleQuery('SELECT `purchas...')
#3 C:\xampp\htdocs\viyoma\system\Database\BaseBuilder.php(1615): CodeIgniter\Database\BaseConnection->query('SELECT `purchas...', Array, false)
#4 C:\xampp\htdocs\viyoma\system\Model.php(237): CodeIgniter\Database\BaseBuilder->get()
#5 C:\xampp\htdocs\viyoma\system\BaseModel.php(624): CodeIgniter\Model->doFindAll(0, 0)
#6 C:\xampp\htdocs\viyoma\app\Controllers\AddPurchase.php(356): CodeIgniter\BaseModel->findAll()
#7 C:\xampp\htdocs\viyoma\system\CodeIgniter.php(942): App\Controllers\AddPurchase->all_purchase_reasons()
#8 C:\xampp\htdocs\viyoma\system\CodeIgniter.php(502): CodeIgniter\CodeIgniter->runController(Object(App\Controllers\AddPurchase))
#9 C:\xampp\htdocs\viyoma\system\CodeIgniter.php(361): CodeIgniter\CodeIgniter->handleRequest(NULL, Object(Config\Cache), false)
#10 C:\xampp\htdocs\viyoma\index.php(79): CodeIgniter\CodeIgniter->run()
#11 {main}
CRITICAL - 2024-12-12 10:37:23 --> Table 'inventory.add_purchase' doesn't exist
in SYSTEMPATH\Database\BaseConnection.php on line 647.
 1 SYSTEMPATH\Database\BaseBuilder.php(1615): CodeIgniter\Database\BaseConnection->query('SELECT `purchase_reason`
FROM `add_purchase`
WHERE `deleted_on` IS NULL
GROUP BY `purchase_reason`', [], false)
 2 SYSTEMPATH\Model.php(237): CodeIgniter\Database\BaseBuilder->get()
 3 SYSTEMPATH\BaseModel.php(624): CodeIgniter\Model->doFindAll(0, 0)
 4 APPPATH\Controllers\AddPurchase.php(356): CodeIgniter\BaseModel->findAll()
 5 SYSTEMPATH\CodeIgniter.php(942): App\Controllers\AddPurchase->all_purchase_reasons()
 6 SYSTEMPATH\CodeIgniter.php(502): CodeIgniter\CodeIgniter->runController(Object(App\Controllers\AddPurchase))
 7 SYSTEMPATH\CodeIgniter.php(361): CodeIgniter\CodeIgniter->handleRequest(null, Object(Config\Cache), false)
 8 FCPATH\index.php(79): CodeIgniter\CodeIgniter->run()
ERROR - 2024-12-12 10:37:24 --> mysqli_sql_exception: Table 'inventory.add_purchase' doesn't exist in C:\xampp\htdocs\viyoma\system\Database\MySQLi\Connection.php:306
Stack trace:
#0 C:\xampp\htdocs\viyoma\system\Database\MySQLi\Connection.php(306): mysqli->query('SELECT `purchas...', 0)
#1 C:\xampp\htdocs\viyoma\system\Database\BaseConnection.php(693): CodeIgniter\Database\MySQLi\Connection->execute('SELECT `purchas...')
#2 C:\xampp\htdocs\viyoma\system\Database\BaseConnection.php(607): CodeIgniter\Database\BaseConnection->simpleQuery('SELECT `purchas...')
#3 C:\xampp\htdocs\viyoma\system\Database\BaseBuilder.php(1615): CodeIgniter\Database\BaseConnection->query('SELECT `purchas...', Array, false)
#4 C:\xampp\htdocs\viyoma\system\Model.php(237): CodeIgniter\Database\BaseBuilder->get()
#5 C:\xampp\htdocs\viyoma\system\BaseModel.php(624): CodeIgniter\Model->doFindAll(0, 0)
#6 C:\xampp\htdocs\viyoma\app\Controllers\AddPurchase.php(356): CodeIgniter\BaseModel->findAll()
#7 C:\xampp\htdocs\viyoma\system\CodeIgniter.php(942): App\Controllers\AddPurchase->all_purchase_reasons()
#8 C:\xampp\htdocs\viyoma\system\CodeIgniter.php(502): CodeIgniter\CodeIgniter->runController(Object(App\Controllers\AddPurchase))
#9 C:\xampp\htdocs\viyoma\system\CodeIgniter.php(361): CodeIgniter\CodeIgniter->handleRequest(NULL, Object(Config\Cache), false)
#10 C:\xampp\htdocs\viyoma\index.php(79): CodeIgniter\CodeIgniter->run()
#11 {main}
CRITICAL - 2024-12-12 10:37:24 --> Table 'inventory.add_purchase' doesn't exist
in SYSTEMPATH\Database\BaseConnection.php on line 647.
 1 SYSTEMPATH\Database\BaseBuilder.php(1615): CodeIgniter\Database\BaseConnection->query('SELECT `purchase_reason`
FROM `add_purchase`
WHERE `deleted_on` IS NULL
GROUP BY `purchase_reason`', [], false)
 2 SYSTEMPATH\Model.php(237): CodeIgniter\Database\BaseBuilder->get()
 3 SYSTEMPATH\BaseModel.php(624): CodeIgniter\Model->doFindAll(0, 0)
 4 APPPATH\Controllers\AddPurchase.php(356): CodeIgniter\BaseModel->findAll()
 5 SYSTEMPATH\CodeIgniter.php(942): App\Controllers\AddPurchase->all_purchase_reasons()
 6 SYSTEMPATH\CodeIgniter.php(502): CodeIgniter\CodeIgniter->runController(Object(App\Controllers\AddPurchase))
 7 SYSTEMPATH\CodeIgniter.php(361): CodeIgniter\CodeIgniter->handleRequest(null, Object(Config\Cache), false)
 8 FCPATH\index.php(79): CodeIgniter\CodeIgniter->run()
ERROR - 2024-12-12 10:37:24 --> mysqli_sql_exception: Table 'inventory.add_purchase' doesn't exist in C:\xampp\htdocs\viyoma\system\Database\MySQLi\Connection.php:306
Stack trace:
#0 C:\xampp\htdocs\viyoma\system\Database\MySQLi\Connection.php(306): mysqli->query('SELECT `purchas...', 0)
#1 C:\xampp\htdocs\viyoma\system\Database\BaseConnection.php(693): CodeIgniter\Database\MySQLi\Connection->execute('SELECT `purchas...')
#2 C:\xampp\htdocs\viyoma\system\Database\BaseConnection.php(607): CodeIgniter\Database\BaseConnection->simpleQuery('SELECT `purchas...')
#3 C:\xampp\htdocs\viyoma\system\Database\BaseBuilder.php(1615): CodeIgniter\Database\BaseConnection->query('SELECT `purchas...', Array, false)
#4 C:\xampp\htdocs\viyoma\system\Model.php(237): CodeIgniter\Database\BaseBuilder->get()
#5 C:\xampp\htdocs\viyoma\system\BaseModel.php(624): CodeIgniter\Model->doFindAll(0, 0)
#6 C:\xampp\htdocs\viyoma\app\Controllers\AddPurchase.php(356): CodeIgniter\BaseModel->findAll()
#7 C:\xampp\htdocs\viyoma\system\CodeIgniter.php(942): App\Controllers\AddPurchase->all_purchase_reasons()
#8 C:\xampp\htdocs\viyoma\system\CodeIgniter.php(502): CodeIgniter\CodeIgniter->runController(Object(App\Controllers\AddPurchase))
#9 C:\xampp\htdocs\viyoma\system\CodeIgniter.php(361): CodeIgniter\CodeIgniter->handleRequest(NULL, Object(Config\Cache), false)
#10 C:\xampp\htdocs\viyoma\index.php(79): CodeIgniter\CodeIgniter->run()
#11 {main}
CRITICAL - 2024-12-12 10:37:24 --> Table 'inventory.add_purchase' doesn't exist
in SYSTEMPATH\Database\BaseConnection.php on line 647.
 1 SYSTEMPATH\Database\BaseBuilder.php(1615): CodeIgniter\Database\BaseConnection->query('SELECT `purchase_reason`
FROM `add_purchase`
WHERE `deleted_on` IS NULL
GROUP BY `purchase_reason`', [], false)
 2 SYSTEMPATH\Model.php(237): CodeIgniter\Database\BaseBuilder->get()
 3 SYSTEMPATH\BaseModel.php(624): CodeIgniter\Model->doFindAll(0, 0)
 4 APPPATH\Controllers\AddPurchase.php(356): CodeIgniter\BaseModel->findAll()
 5 SYSTEMPATH\CodeIgniter.php(942): App\Controllers\AddPurchase->all_purchase_reasons()
 6 SYSTEMPATH\CodeIgniter.php(502): CodeIgniter\CodeIgniter->runController(Object(App\Controllers\AddPurchase))
 7 SYSTEMPATH\CodeIgniter.php(361): CodeIgniter\CodeIgniter->handleRequest(null, Object(Config\Cache), false)
 8 FCPATH\index.php(79): CodeIgniter\CodeIgniter->run()
ERROR - 2024-12-12 10:37:24 --> mysqli_sql_exception: Table 'inventory.add_purchase' doesn't exist in C:\xampp\htdocs\viyoma\system\Database\MySQLi\Connection.php:306
Stack trace:
#0 C:\xampp\htdocs\viyoma\system\Database\MySQLi\Connection.php(306): mysqli->query('SELECT `purchas...', 0)
#1 C:\xampp\htdocs\viyoma\system\Database\BaseConnection.php(693): CodeIgniter\Database\MySQLi\Connection->execute('SELECT `purchas...')
#2 C:\xampp\htdocs\viyoma\system\Database\BaseConnection.php(607): CodeIgniter\Database\BaseConnection->simpleQuery('SELECT `purchas...')
#3 C:\xampp\htdocs\viyoma\system\Database\BaseBuilder.php(1615): CodeIgniter\Database\BaseConnection->query('SELECT `purchas...', Array, false)
#4 C:\xampp\htdocs\viyoma\system\Model.php(237): CodeIgniter\Database\BaseBuilder->get()
#5 C:\xampp\htdocs\viyoma\system\BaseModel.php(624): CodeIgniter\Model->doFindAll(0, 0)
#6 C:\xampp\htdocs\viyoma\app\Controllers\AddPurchase.php(356): CodeIgniter\BaseModel->findAll()
#7 C:\xampp\htdocs\viyoma\system\CodeIgniter.php(942): App\Controllers\AddPurchase->all_purchase_reasons()
#8 C:\xampp\htdocs\viyoma\system\CodeIgniter.php(502): CodeIgniter\CodeIgniter->runController(Object(App\Controllers\AddPurchase))
#9 C:\xampp\htdocs\viyoma\system\CodeIgniter.php(361): CodeIgniter\CodeIgniter->handleRequest(NULL, Object(Config\Cache), false)
#10 C:\xampp\htdocs\viyoma\index.php(79): CodeIgniter\CodeIgniter->run()
#11 {main}
CRITICAL - 2024-12-12 10:37:24 --> Table 'inventory.add_purchase' doesn't exist
in SYSTEMPATH\Database\BaseConnection.php on line 647.
 1 SYSTEMPATH\Database\BaseBuilder.php(1615): CodeIgniter\Database\BaseConnection->query('SELECT `purchase_reason`
FROM `add_purchase`
WHERE `deleted_on` IS NULL
GROUP BY `purchase_reason`', [], false)
 2 SYSTEMPATH\Model.php(237): CodeIgniter\Database\BaseBuilder->get()
 3 SYSTEMPATH\BaseModel.php(624): CodeIgniter\Model->doFindAll(0, 0)
 4 APPPATH\Controllers\AddPurchase.php(356): CodeIgniter\BaseModel->findAll()
 5 SYSTEMPATH\CodeIgniter.php(942): App\Controllers\AddPurchase->all_purchase_reasons()
 6 SYSTEMPATH\CodeIgniter.php(502): CodeIgniter\CodeIgniter->runController(Object(App\Controllers\AddPurchase))
 7 SYSTEMPATH\CodeIgniter.php(361): CodeIgniter\CodeIgniter->handleRequest(null, Object(Config\Cache), false)
 8 FCPATH\index.php(79): CodeIgniter\CodeIgniter->run()
ERROR - 2024-12-12 10:37:25 --> mysqli_sql_exception: Table 'inventory.add_purchase' doesn't exist in C:\xampp\htdocs\viyoma\system\Database\MySQLi\Connection.php:306
Stack trace:
#0 C:\xampp\htdocs\viyoma\system\Database\MySQLi\Connection.php(306): mysqli->query('SELECT `purchas...', 0)
#1 C:\xampp\htdocs\viyoma\system\Database\BaseConnection.php(693): CodeIgniter\Database\MySQLi\Connection->execute('SELECT `purchas...')
#2 C:\xampp\htdocs\viyoma\system\Database\BaseConnection.php(607): CodeIgniter\Database\BaseConnection->simpleQuery('SELECT `purchas...')
#3 C:\xampp\htdocs\viyoma\system\Database\BaseBuilder.php(1615): CodeIgniter\Database\BaseConnection->query('SELECT `purchas...', Array, false)
#4 C:\xampp\htdocs\viyoma\system\Model.php(237): CodeIgniter\Database\BaseBuilder->get()
#5 C:\xampp\htdocs\viyoma\system\BaseModel.php(624): CodeIgniter\Model->doFindAll(0, 0)
#6 C:\xampp\htdocs\viyoma\app\Controllers\AddPurchase.php(356): CodeIgniter\BaseModel->findAll()
#7 C:\xampp\htdocs\viyoma\system\CodeIgniter.php(942): App\Controllers\AddPurchase->all_purchase_reasons()
#8 C:\xampp\htdocs\viyoma\system\CodeIgniter.php(502): CodeIgniter\CodeIgniter->runController(Object(App\Controllers\AddPurchase))
#9 C:\xampp\htdocs\viyoma\system\CodeIgniter.php(361): CodeIgniter\CodeIgniter->handleRequest(NULL, Object(Config\Cache), false)
#10 C:\xampp\htdocs\viyoma\index.php(79): CodeIgniter\CodeIgniter->run()
#11 {main}
CRITICAL - 2024-12-12 10:37:25 --> Table 'inventory.add_purchase' doesn't exist
in SYSTEMPATH\Database\BaseConnection.php on line 647.
 1 SYSTEMPATH\Database\BaseBuilder.php(1615): CodeIgniter\Database\BaseConnection->query('SELECT `purchase_reason`
FROM `add_purchase`
WHERE `deleted_on` IS NULL
GROUP BY `purchase_reason`', [], false)
 2 SYSTEMPATH\Model.php(237): CodeIgniter\Database\BaseBuilder->get()
 3 SYSTEMPATH\BaseModel.php(624): CodeIgniter\Model->doFindAll(0, 0)
 4 APPPATH\Controllers\AddPurchase.php(356): CodeIgniter\BaseModel->findAll()
 5 SYSTEMPATH\CodeIgniter.php(942): App\Controllers\AddPurchase->all_purchase_reasons()
 6 SYSTEMPATH\CodeIgniter.php(502): CodeIgniter\CodeIgniter->runController(Object(App\Controllers\AddPurchase))
 7 SYSTEMPATH\CodeIgniter.php(361): CodeIgniter\CodeIgniter->handleRequest(null, Object(Config\Cache), false)
 8 FCPATH\index.php(79): CodeIgniter\CodeIgniter->run()
ERROR - 2024-12-12 10:37:25 --> mysqli_sql_exception: Table 'inventory.add_purchase' doesn't exist in C:\xampp\htdocs\viyoma\system\Database\MySQLi\Connection.php:306
Stack trace:
#0 C:\xampp\htdocs\viyoma\system\Database\MySQLi\Connection.php(306): mysqli->query('SELECT `purchas...', 0)
#1 C:\xampp\htdocs\viyoma\system\Database\BaseConnection.php(693): CodeIgniter\Database\MySQLi\Connection->execute('SELECT `purchas...')
#2 C:\xampp\htdocs\viyoma\system\Database\BaseConnection.php(607): CodeIgniter\Database\BaseConnection->simpleQuery('SELECT `purchas...')
#3 C:\xampp\htdocs\viyoma\system\Database\BaseBuilder.php(1615): CodeIgniter\Database\BaseConnection->query('SELECT `purchas...', Array, false)
#4 C:\xampp\htdocs\viyoma\system\Model.php(237): CodeIgniter\Database\BaseBuilder->get()
#5 C:\xampp\htdocs\viyoma\system\BaseModel.php(624): CodeIgniter\Model->doFindAll(0, 0)
#6 C:\xampp\htdocs\viyoma\app\Controllers\AddPurchase.php(356): CodeIgniter\BaseModel->findAll()
#7 C:\xampp\htdocs\viyoma\system\CodeIgniter.php(942): App\Controllers\AddPurchase->all_purchase_reasons()
#8 C:\xampp\htdocs\viyoma\system\CodeIgniter.php(502): CodeIgniter\CodeIgniter->runController(Object(App\Controllers\AddPurchase))
#9 C:\xampp\htdocs\viyoma\system\CodeIgniter.php(361): CodeIgniter\CodeIgniter->handleRequest(NULL, Object(Config\Cache), false)
#10 C:\xampp\htdocs\viyoma\index.php(79): CodeIgniter\CodeIgniter->run()
#11 {main}
CRITICAL - 2024-12-12 10:37:25 --> Table 'inventory.add_purchase' doesn't exist
in SYSTEMPATH\Database\BaseConnection.php on line 647.
 1 SYSTEMPATH\Database\BaseBuilder.php(1615): CodeIgniter\Database\BaseConnection->query('SELECT `purchase_reason`
FROM `add_purchase`
WHERE `deleted_on` IS NULL
GROUP BY `purchase_reason`', [], false)
 2 SYSTEMPATH\Model.php(237): CodeIgniter\Database\BaseBuilder->get()
 3 SYSTEMPATH\BaseModel.php(624): CodeIgniter\Model->doFindAll(0, 0)
 4 APPPATH\Controllers\AddPurchase.php(356): CodeIgniter\BaseModel->findAll()
 5 SYSTEMPATH\CodeIgniter.php(942): App\Controllers\AddPurchase->all_purchase_reasons()
 6 SYSTEMPATH\CodeIgniter.php(502): CodeIgniter\CodeIgniter->runController(Object(App\Controllers\AddPurchase))
 7 SYSTEMPATH\CodeIgniter.php(361): CodeIgniter\CodeIgniter->handleRequest(null, Object(Config\Cache), false)
 8 FCPATH\index.php(79): CodeIgniter\CodeIgniter->run()
ERROR - 2024-12-12 10:37:26 --> mysqli_sql_exception: Table 'inventory.add_purchase' doesn't exist in C:\xampp\htdocs\viyoma\system\Database\MySQLi\Connection.php:306
Stack trace:
#0 C:\xampp\htdocs\viyoma\system\Database\MySQLi\Connection.php(306): mysqli->query('SELECT `purchas...', 0)
#1 C:\xampp\htdocs\viyoma\system\Database\BaseConnection.php(693): CodeIgniter\Database\MySQLi\Connection->execute('SELECT `purchas...')
#2 C:\xampp\htdocs\viyoma\system\Database\BaseConnection.php(607): CodeIgniter\Database\BaseConnection->simpleQuery('SELECT `purchas...')
#3 C:\xampp\htdocs\viyoma\system\Database\BaseBuilder.php(1615): CodeIgniter\Database\BaseConnection->query('SELECT `purchas...', Array, false)
#4 C:\xampp\htdocs\viyoma\system\Model.php(237): CodeIgniter\Database\BaseBuilder->get()
#5 C:\xampp\htdocs\viyoma\system\BaseModel.php(624): CodeIgniter\Model->doFindAll(0, 0)
#6 C:\xampp\htdocs\viyoma\app\Controllers\AddPurchase.php(356): CodeIgniter\BaseModel->findAll()
#7 C:\xampp\htdocs\viyoma\system\CodeIgniter.php(942): App\Controllers\AddPurchase->all_purchase_reasons()
#8 C:\xampp\htdocs\viyoma\system\CodeIgniter.php(502): CodeIgniter\CodeIgniter->runController(Object(App\Controllers\AddPurchase))
#9 C:\xampp\htdocs\viyoma\system\CodeIgniter.php(361): CodeIgniter\CodeIgniter->handleRequest(NULL, Object(Config\Cache), false)
#10 C:\xampp\htdocs\viyoma\index.php(79): CodeIgniter\CodeIgniter->run()
#11 {main}
CRITICAL - 2024-12-12 10:37:26 --> Table 'inventory.add_purchase' doesn't exist
in SYSTEMPATH\Database\BaseConnection.php on line 647.
 1 SYSTEMPATH\Database\BaseBuilder.php(1615): CodeIgniter\Database\BaseConnection->query('SELECT `purchase_reason`
FROM `add_purchase`
WHERE `deleted_on` IS NULL
GROUP BY `purchase_reason`', [], false)
 2 SYSTEMPATH\Model.php(237): CodeIgniter\Database\BaseBuilder->get()
 3 SYSTEMPATH\BaseModel.php(624): CodeIgniter\Model->doFindAll(0, 0)
 4 APPPATH\Controllers\AddPurchase.php(356): CodeIgniter\BaseModel->findAll()
 5 SYSTEMPATH\CodeIgniter.php(942): App\Controllers\AddPurchase->all_purchase_reasons()
 6 SYSTEMPATH\CodeIgniter.php(502): CodeIgniter\CodeIgniter->runController(Object(App\Controllers\AddPurchase))
 7 SYSTEMPATH\CodeIgniter.php(361): CodeIgniter\CodeIgniter->handleRequest(null, Object(Config\Cache), false)
 8 FCPATH\index.php(79): CodeIgniter\CodeIgniter->run()
ERROR - 2024-12-12 10:38:45 --> mysqli_sql_exception: Table 'inventory.add_purchase' doesn't exist in C:\xampp\htdocs\viyoma\system\Database\MySQLi\Connection.php:306
Stack trace:
#0 C:\xampp\htdocs\viyoma\system\Database\MySQLi\Connection.php(306): mysqli->query('SELECT *\nFROM `...', 0)
#1 C:\xampp\htdocs\viyoma\system\Database\BaseConnection.php(693): CodeIgniter\Database\MySQLi\Connection->execute('SELECT *\nFROM `...')
#2 C:\xampp\htdocs\viyoma\system\Database\BaseConnection.php(607): CodeIgniter\Database\BaseConnection->simpleQuery('SELECT *\nFROM `...')
#3 C:\xampp\htdocs\viyoma\system\Database\BaseBuilder.php(1615): CodeIgniter\Database\BaseConnection->query('SELECT *\nFROM `...', Array, false)
#4 C:\xampp\htdocs\viyoma\system\Model.php(237): CodeIgniter\Database\BaseBuilder->get()
#5 C:\xampp\htdocs\viyoma\system\BaseModel.php(624): CodeIgniter\Model->doFindAll(0, 0)
#6 C:\xampp\htdocs\viyoma\app\Controllers\AddPurchase.php(272): CodeIgniter\BaseModel->findAll()
#7 C:\xampp\htdocs\viyoma\system\CodeIgniter.php(942): App\Controllers\AddPurchase->view()
#8 C:\xampp\htdocs\viyoma\system\CodeIgniter.php(502): CodeIgniter\CodeIgniter->runController(Object(App\Controllers\AddPurchase))
#9 C:\xampp\htdocs\viyoma\system\CodeIgniter.php(361): CodeIgniter\CodeIgniter->handleRequest(NULL, Object(Config\Cache), false)
#10 C:\xampp\htdocs\viyoma\index.php(79): CodeIgniter\CodeIgniter->run()
#11 {main}
CRITICAL - 2024-12-12 10:38:45 --> Table 'inventory.add_purchase' doesn't exist
in SYSTEMPATH\Database\BaseConnection.php on line 647.
 1 SYSTEMPATH\Database\BaseBuilder.php(1615): CodeIgniter\Database\BaseConnection->query('SELECT *
FROM `add_purchase`
WHERE `deleted_on` IS NULL', [], false)
 2 SYSTEMPATH\Model.php(237): CodeIgniter\Database\BaseBuilder->get()
 3 SYSTEMPATH\BaseModel.php(624): CodeIgniter\Model->doFindAll(0, 0)
 4 APPPATH\Controllers\AddPurchase.php(272): CodeIgniter\BaseModel->findAll()
 5 SYSTEMPATH\CodeIgniter.php(942): App\Controllers\AddPurchase->view()
 6 SYSTEMPATH\CodeIgniter.php(502): CodeIgniter\CodeIgniter->runController(Object(App\Controllers\AddPurchase))
 7 SYSTEMPATH\CodeIgniter.php(361): CodeIgniter\CodeIgniter->handleRequest(null, Object(Config\Cache), false)
 8 FCPATH\index.php(79): CodeIgniter\CodeIgniter->run()
ERROR - 2024-12-12 10:38:57 --> mysqli_sql_exception: Table 'inventory.add_purchase' doesn't exist in C:\xampp\htdocs\viyoma\system\Database\MySQLi\Connection.php:306
Stack trace:
#0 C:\xampp\htdocs\viyoma\system\Database\MySQLi\Connection.php(306): mysqli->query('SELECT `purchas...', 0)
#1 C:\xampp\htdocs\viyoma\system\Database\BaseConnection.php(693): CodeIgniter\Database\MySQLi\Connection->execute('SELECT `purchas...')
#2 C:\xampp\htdocs\viyoma\system\Database\BaseConnection.php(607): CodeIgniter\Database\BaseConnection->simpleQuery('SELECT `purchas...')
#3 C:\xampp\htdocs\viyoma\system\Database\BaseBuilder.php(1615): CodeIgniter\Database\BaseConnection->query('SELECT `purchas...', Array, false)
#4 C:\xampp\htdocs\viyoma\system\Model.php(237): CodeIgniter\Database\BaseBuilder->get()
#5 C:\xampp\htdocs\viyoma\system\BaseModel.php(624): CodeIgniter\Model->doFindAll(0, 0)
#6 C:\xampp\htdocs\viyoma\app\Controllers\AddPurchase.php(356): CodeIgniter\BaseModel->findAll()
#7 C:\xampp\htdocs\viyoma\system\CodeIgniter.php(942): App\Controllers\AddPurchase->all_purchase_reasons()
#8 C:\xampp\htdocs\viyoma\system\CodeIgniter.php(502): CodeIgniter\CodeIgniter->runController(Object(App\Controllers\AddPurchase))
#9 C:\xampp\htdocs\viyoma\system\CodeIgniter.php(361): CodeIgniter\CodeIgniter->handleRequest(NULL, Object(Config\Cache), false)
#10 C:\xampp\htdocs\viyoma\index.php(79): CodeIgniter\CodeIgniter->run()
#11 {main}
CRITICAL - 2024-12-12 10:38:57 --> Table 'inventory.add_purchase' doesn't exist
in SYSTEMPATH\Database\BaseConnection.php on line 647.
 1 SYSTEMPATH\Database\BaseBuilder.php(1615): CodeIgniter\Database\BaseConnection->query('SELECT `purchase_reason`
FROM `add_purchase`
WHERE `deleted_on` IS NULL
GROUP BY `purchase_reason`', [], false)
 2 SYSTEMPATH\Model.php(237): CodeIgniter\Database\BaseBuilder->get()
 3 SYSTEMPATH\BaseModel.php(624): CodeIgniter\Model->doFindAll(0, 0)
 4 APPPATH\Controllers\AddPurchase.php(356): CodeIgniter\BaseModel->findAll()
 5 SYSTEMPATH\CodeIgniter.php(942): App\Controllers\AddPurchase->all_purchase_reasons()
 6 SYSTEMPATH\CodeIgniter.php(502): CodeIgniter\CodeIgniter->runController(Object(App\Controllers\AddPurchase))
 7 SYSTEMPATH\CodeIgniter.php(361): CodeIgniter\CodeIgniter->handleRequest(null, Object(Config\Cache), false)
 8 FCPATH\index.php(79): CodeIgniter\CodeIgniter->run()
ERROR - 2024-12-12 10:39:02 --> mysqli_sql_exception: Table 'inventory.add_purchase' doesn't exist in C:\xampp\htdocs\viyoma\system\Database\MySQLi\Connection.php:306
Stack trace:
#0 C:\xampp\htdocs\viyoma\system\Database\MySQLi\Connection.php(306): mysqli->query('SELECT *\nFROM `...', 0)
#1 C:\xampp\htdocs\viyoma\system\Database\BaseConnection.php(693): CodeIgniter\Database\MySQLi\Connection->execute('SELECT *\nFROM `...')
#2 C:\xampp\htdocs\viyoma\system\Database\BaseConnection.php(607): CodeIgniter\Database\BaseConnection->simpleQuery('SELECT *\nFROM `...')
#3 C:\xampp\htdocs\viyoma\system\Database\BaseBuilder.php(1615): CodeIgniter\Database\BaseConnection->query('SELECT *\nFROM `...', Array, false)
#4 C:\xampp\htdocs\viyoma\system\Model.php(237): CodeIgniter\Database\BaseBuilder->get()
#5 C:\xampp\htdocs\viyoma\system\BaseModel.php(624): CodeIgniter\Model->doFindAll(0, 0)
#6 C:\xampp\htdocs\viyoma\app\Controllers\AddPurchase.php(272): CodeIgniter\BaseModel->findAll()
#7 C:\xampp\htdocs\viyoma\system\CodeIgniter.php(942): App\Controllers\AddPurchase->view()
#8 C:\xampp\htdocs\viyoma\system\CodeIgniter.php(502): CodeIgniter\CodeIgniter->runController(Object(App\Controllers\AddPurchase))
#9 C:\xampp\htdocs\viyoma\system\CodeIgniter.php(361): CodeIgniter\CodeIgniter->handleRequest(NULL, Object(Config\Cache), false)
#10 C:\xampp\htdocs\viyoma\index.php(79): CodeIgniter\CodeIgniter->run()
#11 {main}
CRITICAL - 2024-12-12 10:39:02 --> Table 'inventory.add_purchase' doesn't exist
in SYSTEMPATH\Database\BaseConnection.php on line 647.
 1 SYSTEMPATH\Database\BaseBuilder.php(1615): CodeIgniter\Database\BaseConnection->query('SELECT *
FROM `add_purchase`
WHERE `deleted_on` IS NULL', [], false)
 2 SYSTEMPATH\Model.php(237): CodeIgniter\Database\BaseBuilder->get()
 3 SYSTEMPATH\BaseModel.php(624): CodeIgniter\Model->doFindAll(0, 0)
 4 APPPATH\Controllers\AddPurchase.php(272): CodeIgniter\BaseModel->findAll()
 5 SYSTEMPATH\CodeIgniter.php(942): App\Controllers\AddPurchase->view()
 6 SYSTEMPATH\CodeIgniter.php(502): CodeIgniter\CodeIgniter->runController(Object(App\Controllers\AddPurchase))
 7 SYSTEMPATH\CodeIgniter.php(361): CodeIgniter\CodeIgniter->handleRequest(null, Object(Config\Cache), false)
 8 FCPATH\index.php(79): CodeIgniter\CodeIgniter->run()
ERROR - 2024-12-12 10:39:21 --> mysqli_sql_exception: Table 'inventory.add_purchase' doesn't exist in C:\xampp\htdocs\viyoma\system\Database\MySQLi\Connection.php:306
Stack trace:
#0 C:\xampp\htdocs\viyoma\system\Database\MySQLi\Connection.php(306): mysqli->query('SELECT `purchas...', 0)
#1 C:\xampp\htdocs\viyoma\system\Database\BaseConnection.php(693): CodeIgniter\Database\MySQLi\Connection->execute('SELECT `purchas...')
#2 C:\xampp\htdocs\viyoma\system\Database\BaseConnection.php(607): CodeIgniter\Database\BaseConnection->simpleQuery('SELECT `purchas...')
#3 C:\xampp\htdocs\viyoma\system\Database\BaseBuilder.php(1615): CodeIgniter\Database\BaseConnection->query('SELECT `purchas...', Array, false)
#4 C:\xampp\htdocs\viyoma\system\Model.php(237): CodeIgniter\Database\BaseBuilder->get()
#5 C:\xampp\htdocs\viyoma\system\BaseModel.php(624): CodeIgniter\Model->doFindAll(0, 0)
#6 C:\xampp\htdocs\viyoma\app\Controllers\AddPurchase.php(356): CodeIgniter\BaseModel->findAll()
#7 C:\xampp\htdocs\viyoma\system\CodeIgniter.php(942): App\Controllers\AddPurchase->all_purchase_reasons()
#8 C:\xampp\htdocs\viyoma\system\CodeIgniter.php(502): CodeIgniter\CodeIgniter->runController(Object(App\Controllers\AddPurchase))
#9 C:\xampp\htdocs\viyoma\system\CodeIgniter.php(361): CodeIgniter\CodeIgniter->handleRequest(NULL, Object(Config\Cache), false)
#10 C:\xampp\htdocs\viyoma\index.php(79): CodeIgniter\CodeIgniter->run()
#11 {main}
CRITICAL - 2024-12-12 10:39:21 --> Table 'inventory.add_purchase' doesn't exist
in SYSTEMPATH\Database\BaseConnection.php on line 647.
 1 SYSTEMPATH\Database\BaseBuilder.php(1615): CodeIgniter\Database\BaseConnection->query('SELECT `purchase_reason`
FROM `add_purchase`
WHERE `deleted_on` IS NULL
GROUP BY `purchase_reason`', [], false)
 2 SYSTEMPATH\Model.php(237): CodeIgniter\Database\BaseBuilder->get()
 3 SYSTEMPATH\BaseModel.php(624): CodeIgniter\Model->doFindAll(0, 0)
 4 APPPATH\Controllers\AddPurchase.php(356): CodeIgniter\BaseModel->findAll()
 5 SYSTEMPATH\CodeIgniter.php(942): App\Controllers\AddPurchase->all_purchase_reasons()
 6 SYSTEMPATH\CodeIgniter.php(502): CodeIgniter\CodeIgniter->runController(Object(App\Controllers\AddPurchase))
 7 SYSTEMPATH\CodeIgniter.php(361): CodeIgniter\CodeIgniter->handleRequest(null, Object(Config\Cache), false)
 8 FCPATH\index.php(79): CodeIgniter\CodeIgniter->run()
ERROR - 2024-12-12 10:39:27 --> mysqli_sql_exception: Table 'inventory.add_purchase' doesn't exist in C:\xampp\htdocs\viyoma\system\Database\MySQLi\Connection.php:306
Stack trace:
#0 C:\xampp\htdocs\viyoma\system\Database\MySQLi\Connection.php(306): mysqli->query('SELECT *\nFROM `...', 0)
#1 C:\xampp\htdocs\viyoma\system\Database\BaseConnection.php(693): CodeIgniter\Database\MySQLi\Connection->execute('SELECT *\nFROM `...')
#2 C:\xampp\htdocs\viyoma\system\Database\BaseConnection.php(607): CodeIgniter\Database\BaseConnection->simpleQuery('SELECT *\nFROM `...')
#3 C:\xampp\htdocs\viyoma\system\Database\BaseBuilder.php(1615): CodeIgniter\Database\BaseConnection->query('SELECT *\nFROM `...', Array, false)
#4 C:\xampp\htdocs\viyoma\system\Model.php(237): CodeIgniter\Database\BaseBuilder->get()
#5 C:\xampp\htdocs\viyoma\system\BaseModel.php(624): CodeIgniter\Model->doFindAll(0, 0)
#6 C:\xampp\htdocs\viyoma\app\Controllers\AddPurchase.php(272): CodeIgniter\BaseModel->findAll()
#7 C:\xampp\htdocs\viyoma\system\CodeIgniter.php(942): App\Controllers\AddPurchase->view()
#8 C:\xampp\htdocs\viyoma\system\CodeIgniter.php(502): CodeIgniter\CodeIgniter->runController(Object(App\Controllers\AddPurchase))
#9 C:\xampp\htdocs\viyoma\system\CodeIgniter.php(361): CodeIgniter\CodeIgniter->handleRequest(NULL, Object(Config\Cache), false)
#10 C:\xampp\htdocs\viyoma\index.php(79): CodeIgniter\CodeIgniter->run()
#11 {main}
CRITICAL - 2024-12-12 10:39:27 --> Table 'inventory.add_purchase' doesn't exist
in SYSTEMPATH\Database\BaseConnection.php on line 647.
 1 SYSTEMPATH\Database\BaseBuilder.php(1615): CodeIgniter\Database\BaseConnection->query('SELECT *
FROM `add_purchase`
WHERE `deleted_on` IS NULL', [], false)
 2 SYSTEMPATH\Model.php(237): CodeIgniter\Database\BaseBuilder->get()
 3 SYSTEMPATH\BaseModel.php(624): CodeIgniter\Model->doFindAll(0, 0)
 4 APPPATH\Controllers\AddPurchase.php(272): CodeIgniter\BaseModel->findAll()
 5 SYSTEMPATH\CodeIgniter.php(942): App\Controllers\AddPurchase->view()
 6 SYSTEMPATH\CodeIgniter.php(502): CodeIgniter\CodeIgniter->runController(Object(App\Controllers\AddPurchase))
 7 SYSTEMPATH\CodeIgniter.php(361): CodeIgniter\CodeIgniter->handleRequest(null, Object(Config\Cache), false)
 8 FCPATH\index.php(79): CodeIgniter\CodeIgniter->run()
ERROR - 2024-12-12 10:40:08 --> mysqli_sql_exception: Table 'inventory.add_purchase' doesn't exist in C:\xampp\htdocs\viyoma\system\Database\MySQLi\Connection.php:306
Stack trace:
#0 C:\xampp\htdocs\viyoma\system\Database\MySQLi\Connection.php(306): mysqli->query('SELECT `purchas...', 0)
#1 C:\xampp\htdocs\viyoma\system\Database\BaseConnection.php(693): CodeIgniter\Database\MySQLi\Connection->execute('SELECT `purchas...')
#2 C:\xampp\htdocs\viyoma\system\Database\BaseConnection.php(607): CodeIgniter\Database\BaseConnection->simpleQuery('SELECT `purchas...')
#3 C:\xampp\htdocs\viyoma\system\Database\BaseBuilder.php(1615): CodeIgniter\Database\BaseConnection->query('SELECT `purchas...', Array, false)
#4 C:\xampp\htdocs\viyoma\system\Model.php(237): CodeIgniter\Database\BaseBuilder->get()
#5 C:\xampp\htdocs\viyoma\system\BaseModel.php(624): CodeIgniter\Model->doFindAll(0, 0)
#6 C:\xampp\htdocs\viyoma\app\Controllers\AddPurchase.php(356): CodeIgniter\BaseModel->findAll()
#7 C:\xampp\htdocs\viyoma\system\CodeIgniter.php(942): App\Controllers\AddPurchase->all_purchase_reasons()
#8 C:\xampp\htdocs\viyoma\system\CodeIgniter.php(502): CodeIgniter\CodeIgniter->runController(Object(App\Controllers\AddPurchase))
#9 C:\xampp\htdocs\viyoma\system\CodeIgniter.php(361): CodeIgniter\CodeIgniter->handleRequest(NULL, Object(Config\Cache), false)
#10 C:\xampp\htdocs\viyoma\index.php(79): CodeIgniter\CodeIgniter->run()
#11 {main}
CRITICAL - 2024-12-12 10:40:08 --> Table 'inventory.add_purchase' doesn't exist
in SYSTEMPATH\Database\BaseConnection.php on line 647.
 1 SYSTEMPATH\Database\BaseBuilder.php(1615): CodeIgniter\Database\BaseConnection->query('SELECT `purchase_reason`
FROM `add_purchase`
WHERE `deleted_on` IS NULL
GROUP BY `purchase_reason`', [], false)
 2 SYSTEMPATH\Model.php(237): CodeIgniter\Database\BaseBuilder->get()
 3 SYSTEMPATH\BaseModel.php(624): CodeIgniter\Model->doFindAll(0, 0)
 4 APPPATH\Controllers\AddPurchase.php(356): CodeIgniter\BaseModel->findAll()
 5 SYSTEMPATH\CodeIgniter.php(942): App\Controllers\AddPurchase->all_purchase_reasons()
 6 SYSTEMPATH\CodeIgniter.php(502): CodeIgniter\CodeIgniter->runController(Object(App\Controllers\AddPurchase))
 7 SYSTEMPATH\CodeIgniter.php(361): CodeIgniter\CodeIgniter->handleRequest(null, Object(Config\Cache), false)
 8 FCPATH\index.php(79): CodeIgniter\CodeIgniter->run()
CRITICAL - 2024-12-12 10:47:12 --> Class "App\Controllers\Spreadsheet" not found
in APPPATH\Controllers\Asset.php on line 570.
 1 SYSTEMPATH\CodeIgniter.php(942): App\Controllers\Asset->exportToExcel()
 2 SYSTEMPATH\CodeIgniter.php(502): CodeIgniter\CodeIgniter->runController(Object(App\Controllers\Asset))
 3 SYSTEMPATH\CodeIgniter.php(361): CodeIgniter\CodeIgniter->handleRequest(null, Object(Config\Cache), false)
 4 FCPATH\index.php(79): CodeIgniter\CodeIgniter->run()
CRITICAL - 2024-12-12 10:47:28 --> Class "App\Controllers\Spreadsheet" not found
in APPPATH\Controllers\Asset.php on line 570.
 1 SYSTEMPATH\CodeIgniter.php(942): App\Controllers\Asset->exportToExcel()
 2 SYSTEMPATH\CodeIgniter.php(502): CodeIgniter\CodeIgniter->runController(Object(App\Controllers\Asset))
 3 SYSTEMPATH\CodeIgniter.php(361): CodeIgniter\CodeIgniter->handleRequest(null, Object(Config\Cache), false)
 4 FCPATH\index.php(79): CodeIgniter\CodeIgniter->run()
CRITICAL - 2024-12-12 10:47:33 --> Class "App\Controllers\Spreadsheet" not found
in APPPATH\Controllers\Asset.php on line 570.
 1 SYSTEMPATH\CodeIgniter.php(942): App\Controllers\Asset->exportToExcel()
 2 SYSTEMPATH\CodeIgniter.php(502): CodeIgniter\CodeIgniter->runController(Object(App\Controllers\Asset))
 3 SYSTEMPATH\CodeIgniter.php(361): CodeIgniter\CodeIgniter->handleRequest(null, Object(Config\Cache), false)
 4 FCPATH\index.php(79): CodeIgniter\CodeIgniter->run()
CRITICAL - 2024-12-12 10:47:40 --> Class "App\Controllers\Spreadsheet" not found
in APPPATH\Controllers\Asset.php on line 570.
 1 SYSTEMPATH\CodeIgniter.php(942): App\Controllers\Asset->exportToExcel()
 2 SYSTEMPATH\CodeIgniter.php(502): CodeIgniter\CodeIgniter->runController(Object(App\Controllers\Asset))
 3 SYSTEMPATH\CodeIgniter.php(361): CodeIgniter\CodeIgniter->handleRequest(null, Object(Config\Cache), false)
 4 FCPATH\index.php(79): CodeIgniter\CodeIgniter->run()
CRITICAL - 2024-12-12 16:26:45 --> Could not move file "phpD8B5.tmp" to "C:\xampp\htdocs\viyoma\public/". Reason: 
in SYSTEMPATH\HTTP\Files\UploadedFile.php on line 158.
 1 SYSTEMPATH\HTTP\Files\UploadedFile.php(158): CodeIgniter\HTTP\Exceptions\HTTPException::forMoveFailed('phpD8B5.tmp', 'C:\\xampp\\htdocs\\viyoma\\public/', '')
 2 APPPATH\Controllers\AddPurchase.php(433): CodeIgniter\HTTP\Files\UploadedFile->move('C:\\xampp\\htdocs\\viyoma\\public/', 'public/1734001005_c87be053fbb3801c25d1.png')
 3 SYSTEMPATH\CodeIgniter.php(942): App\Controllers\AddPurchase->update()
 4 SYSTEMPATH\CodeIgniter.php(502): CodeIgniter\CodeIgniter->runController(Object(App\Controllers\AddPurchase))
 5 SYSTEMPATH\CodeIgniter.php(361): CodeIgniter\CodeIgniter->handleRequest(null, Object(Config\Cache), false)
 6 FCPATH\index.php(79): CodeIgniter\CodeIgniter->run()
CRITICAL - 2024-12-12 16:27:21 --> Could not move file "php640E.tmp" to "C:\xampp\htdocs\viyoma\public/". Reason: 
in SYSTEMPATH\HTTP\Files\UploadedFile.php on line 158.
 1 SYSTEMPATH\HTTP\Files\UploadedFile.php(158): CodeIgniter\HTTP\Exceptions\HTTPException::forMoveFailed('php640E.tmp', 'C:\\xampp\\htdocs\\viyoma\\public/', '')
 2 APPPATH\Controllers\AddPurchase.php(433): CodeIgniter\HTTP\Files\UploadedFile->move('C:\\xampp\\htdocs\\viyoma\\public/', 'public/1734001041_3217913cc602bbd98410.png')
 3 SYSTEMPATH\CodeIgniter.php(942): App\Controllers\AddPurchase->update()
 4 SYSTEMPATH\CodeIgniter.php(502): CodeIgniter\CodeIgniter->runController(Object(App\Controllers\AddPurchase))
 5 SYSTEMPATH\CodeIgniter.php(361): CodeIgniter\CodeIgniter->handleRequest(null, Object(Config\Cache), false)
 6 FCPATH\index.php(79): CodeIgniter\CodeIgniter->run()
CRITICAL - 2024-12-12 10:58:46 --> Class "App\Controllers\Spreadsheet" not found
in APPPATH\Controllers\Asset.php on line 570.
 1 SYSTEMPATH\CodeIgniter.php(942): App\Controllers\Asset->exportToExcel()
 2 SYSTEMPATH\CodeIgniter.php(502): CodeIgniter\CodeIgniter->runController(Object(App\Controllers\Asset))
 3 SYSTEMPATH\CodeIgniter.php(361): CodeIgniter\CodeIgniter->handleRequest(null, Object(Config\Cache), false)
 4 FCPATH\index.php(79): CodeIgniter\CodeIgniter->run()
CRITICAL - 2024-12-12 11:01:39 --> Class "App\Controllers\Spreadsheet" not found
in APPPATH\Controllers\Asset.php on line 573.
 1 SYSTEMPATH\CodeIgniter.php(942): App\Controllers\Asset->exportToExcel()
 2 SYSTEMPATH\CodeIgniter.php(502): CodeIgniter\CodeIgniter->runController(Object(App\Controllers\Asset))
 3 SYSTEMPATH\CodeIgniter.php(361): CodeIgniter\CodeIgniter->handleRequest(null, Object(Config\Cache), false)
 4 FCPATH\index.php(79): CodeIgniter\CodeIgniter->run()
