CRITICAL - 2024-09-04 12:06:40 --> Undefined array key "assets_id"
in APPPATH/Views/assetsvalue/edit.php on line 93.
 1 APPPATH/Views/assetsvalue/edit.php(93): CodeIgniter\Debug\Exceptions->errorHandler(2, 'Undefined array key "assets_id"', '/home/freelance/public_html/viyoma/app/Views/assetsvalue/edit.php', 93)
 2 SYSTEMPATH/View/View.php(228): include('/home/freelance/public_html/viyoma/app/Views/assetsvalue/edit.php')
 3 SYSTEMPATH/View/View.php(231): CodeIgniter\View\View->CodeIgniter\View\{closure}()
 4 SYSTEMPATH/Common.php(1190): CodeIgniter\View\View->render('assetsvalue/edit', [], true)
 5 APPPATH/Controllers/Assetsvalue.php(175): view('assetsvalue/edit', [...])
 6 SYSTEMPATH/CodeIgniter.php(942): App\Controllers\Assetsvalue->edit('VG1jOVBRPT0=')
 7 SYSTEMPATH/CodeIgniter.php(502): CodeIgniter\CodeIgniter->runController(Object(App\Controllers\Assetsvalue))
 8 SYSTEMPATH/CodeIgniter.php(361): CodeIgniter\CodeIgniter->handleRequest(null, Object(Config\Cache), false)
 9 FCPATH/index.php(79): CodeIgniter\CodeIgniter->run()
CRITICAL - 2024-09-04 12:29:25 --> Undefined variable $base
in APPPATH/Views/assignedassets/edit.php on line 2062.
 1 APPPATH/Views/assignedassets/edit.php(2062): CodeIgniter\Debug\Exceptions->errorHandler(2, 'Undefined variable $base', '/home/freelance/public_html/viyoma/app/Views/assignedassets/edit.php', 2062)
 2 SYSTEMPATH/View/View.php(228): include('/home/freelance/public_html/viyoma/app/Views/assignedassets/edit.php')
 3 SYSTEMPATH/View/View.php(231): CodeIgniter\View\View->CodeIgniter\View\{closure}()
 4 SYSTEMPATH/Common.php(1190): CodeIgniter\View\View->render('assignedassets/edit', [], true)
 5 APPPATH/Controllers/AssignedAssets.php(244): view('assignedassets/edit', [...])
 6 SYSTEMPATH/CodeIgniter.php(942): App\Controllers\AssignedAssets->edit('VG5jOVBRPT0=')
 7 SYSTEMPATH/CodeIgniter.php(502): CodeIgniter\CodeIgniter->runController(Object(App\Controllers\AssignedAssets))
 8 SYSTEMPATH/CodeIgniter.php(361): CodeIgniter\CodeIgniter->handleRequest(null, Object(Config\Cache), false)
 9 FCPATH/index.php(79): CodeIgniter\CodeIgniter->run()
CRITICAL - 2024-09-04 12:30:17 --> Undefined variable $base
in APPPATH/Views/assignedassets/edit.php on line 2062.
 1 APPPATH/Views/assignedassets/edit.php(2062): CodeIgniter\Debug\Exceptions->errorHandler(2, 'Undefined variable $base', '/home/freelance/public_html/viyoma/app/Views/assignedassets/edit.php', 2062)
 2 SYSTEMPATH/View/View.php(228): include('/home/freelance/public_html/viyoma/app/Views/assignedassets/edit.php')
 3 SYSTEMPATH/View/View.php(231): CodeIgniter\View\View->CodeIgniter\View\{closure}()
 4 SYSTEMPATH/Common.php(1190): CodeIgniter\View\View->render('assignedassets/edit', [], true)
 5 APPPATH/Controllers/AssignedAssets.php(244): view('assignedassets/edit', [...])
 6 SYSTEMPATH/CodeIgniter.php(942): App\Controllers\AssignedAssets->edit('VG5jOVBRPT0=')
 7 SYSTEMPATH/CodeIgniter.php(502): CodeIgniter\CodeIgniter->runController(Object(App\Controllers\AssignedAssets))
 8 SYSTEMPATH/CodeIgniter.php(361): CodeIgniter\CodeIgniter->handleRequest(null, Object(Config\Cache), false)
 9 FCPATH/index.php(79): CodeIgniter\CodeIgniter->run()
CRITICAL - 2024-09-04 12:30:20 --> Undefined variable $base
in APPPATH/Views/assignedassets/edit.php on line 2062.
 1 APPPATH/Views/assignedassets/edit.php(2062): CodeIgniter\Debug\Exceptions->errorHandler(2, 'Undefined variable $base', '/home/freelance/public_html/viyoma/app/Views/assignedassets/edit.php', 2062)
 2 SYSTEMPATH/View/View.php(228): include('/home/freelance/public_html/viyoma/app/Views/assignedassets/edit.php')
 3 SYSTEMPATH/View/View.php(231): CodeIgniter\View\View->CodeIgniter\View\{closure}()
 4 SYSTEMPATH/Common.php(1190): CodeIgniter\View\View->render('assignedassets/edit', [], true)
 5 APPPATH/Controllers/AssignedAssets.php(244): view('assignedassets/edit', [...])
 6 SYSTEMPATH/CodeIgniter.php(942): App\Controllers\AssignedAssets->edit('VG5jOVBRPT0=')
 7 SYSTEMPATH/CodeIgniter.php(502): CodeIgniter\CodeIgniter->runController(Object(App\Controllers\AssignedAssets))
 8 SYSTEMPATH/CodeIgniter.php(361): CodeIgniter\CodeIgniter->handleRequest(null, Object(Config\Cache), false)
 9 FCPATH/index.php(79): CodeIgniter\CodeIgniter->run()
CRITICAL - 2024-09-04 12:30:29 --> Undefined variable $base
in APPPATH/Views/assignedassets/edit.php on line 2062.
 1 APPPATH/Views/assignedassets/edit.php(2062): CodeIgniter\Debug\Exceptions->errorHandler(2, 'Undefined variable $base', '/home/freelance/public_html/viyoma/app/Views/assignedassets/edit.php', 2062)
 2 SYSTEMPATH/View/View.php(228): include('/home/freelance/public_html/viyoma/app/Views/assignedassets/edit.php')
 3 SYSTEMPATH/View/View.php(231): CodeIgniter\View\View->CodeIgniter\View\{closure}()
 4 SYSTEMPATH/Common.php(1190): CodeIgniter\View\View->render('assignedassets/edit', [], true)
 5 APPPATH/Controllers/AssignedAssets.php(244): view('assignedassets/edit', [...])
 6 SYSTEMPATH/CodeIgniter.php(942): App\Controllers\AssignedAssets->edit('VGxFOVBRPT0=')
 7 SYSTEMPATH/CodeIgniter.php(502): CodeIgniter\CodeIgniter->runController(Object(App\Controllers\AssignedAssets))
 8 SYSTEMPATH/CodeIgniter.php(361): CodeIgniter\CodeIgniter->handleRequest(null, Object(Config\Cache), false)
 9 FCPATH/index.php(79): CodeIgniter\CodeIgniter->run()
CRITICAL - 2024-09-04 12:32:29 --> Undefined variable $base
in APPPATH/Views/assignedassets/edit.php on line 1921.
 1 APPPATH/Views/assignedassets/edit.php(1921): CodeIgniter\Debug\Exceptions->errorHandler(2, 'Undefined variable $base', '/home/freelance/public_html/viyoma/app/Views/assignedassets/edit.php', 1921)
 2 SYSTEMPATH/View/View.php(228): include('/home/freelance/public_html/viyoma/app/Views/assignedassets/edit.php')
 3 SYSTEMPATH/View/View.php(231): CodeIgniter\View\View->CodeIgniter\View\{closure}()
 4 SYSTEMPATH/Common.php(1190): CodeIgniter\View\View->render('assignedassets/edit', [], true)
 5 APPPATH/Controllers/AssignedAssets.php(244): view('assignedassets/edit', [...])
 6 SYSTEMPATH/CodeIgniter.php(942): App\Controllers\AssignedAssets->edit('VGxFOVBRPT0=')
 7 SYSTEMPATH/CodeIgniter.php(502): CodeIgniter\CodeIgniter->runController(Object(App\Controllers\AssignedAssets))
 8 SYSTEMPATH/CodeIgniter.php(361): CodeIgniter\CodeIgniter->handleRequest(null, Object(Config\Cache), false)
 9 FCPATH/index.php(79): CodeIgniter\CodeIgniter->run()
CRITICAL - 2024-09-04 12:32:31 --> Undefined variable $base
in APPPATH/Views/assignedassets/edit.php on line 1921.
 1 APPPATH/Views/assignedassets/edit.php(1921): CodeIgniter\Debug\Exceptions->errorHandler(2, 'Undefined variable $base', '/home/freelance/public_html/viyoma/app/Views/assignedassets/edit.php', 1921)
 2 SYSTEMPATH/View/View.php(228): include('/home/freelance/public_html/viyoma/app/Views/assignedassets/edit.php')
 3 SYSTEMPATH/View/View.php(231): CodeIgniter\View\View->CodeIgniter\View\{closure}()
 4 SYSTEMPATH/Common.php(1190): CodeIgniter\View\View->render('assignedassets/edit', [], true)
 5 APPPATH/Controllers/AssignedAssets.php(244): view('assignedassets/edit', [...])
 6 SYSTEMPATH/CodeIgniter.php(942): App\Controllers\AssignedAssets->edit('VGxFOVBRPT0=')
 7 SYSTEMPATH/CodeIgniter.php(502): CodeIgniter\CodeIgniter->runController(Object(App\Controllers\AssignedAssets))
 8 SYSTEMPATH/CodeIgniter.php(361): CodeIgniter\CodeIgniter->handleRequest(null, Object(Config\Cache), false)
 9 FCPATH/index.php(79): CodeIgniter\CodeIgniter->run()
CRITICAL - 2024-09-04 12:32:40 --> Undefined variable $base
in APPPATH/Views/assignedassets/edit.php on line 1921.
 1 APPPATH/Views/assignedassets/edit.php(1921): CodeIgniter\Debug\Exceptions->errorHandler(2, 'Undefined variable $base', '/home/freelance/public_html/viyoma/app/Views/assignedassets/edit.php', 1921)
 2 SYSTEMPATH/View/View.php(228): include('/home/freelance/public_html/viyoma/app/Views/assignedassets/edit.php')
 3 SYSTEMPATH/View/View.php(231): CodeIgniter\View\View->CodeIgniter\View\{closure}()
 4 SYSTEMPATH/Common.php(1190): CodeIgniter\View\View->render('assignedassets/edit', [], true)
 5 APPPATH/Controllers/AssignedAssets.php(244): view('assignedassets/edit', [...])
 6 SYSTEMPATH/CodeIgniter.php(942): App\Controllers\AssignedAssets->edit('VGxFOVBRPT0=')
 7 SYSTEMPATH/CodeIgniter.php(502): CodeIgniter\CodeIgniter->runController(Object(App\Controllers\AssignedAssets))
 8 SYSTEMPATH/CodeIgniter.php(361): CodeIgniter\CodeIgniter->handleRequest(null, Object(Config\Cache), false)
 9 FCPATH/index.php(79): CodeIgniter\CodeIgniter->run()
CRITICAL - 2024-09-04 12:36:59 --> Undefined variable $alldata
in APPPATH/Views/assignedassets/edit.php on line 1857.
 1 APPPATH/Views/assignedassets/edit.php(1857): CodeIgniter\Debug\Exceptions->errorHandler(2, 'Undefined variable $alldata', '/home/freelance/public_html/viyoma/app/Views/assignedassets/edit.php', 1857)
 2 SYSTEMPATH/View/View.php(228): include('/home/freelance/public_html/viyoma/app/Views/assignedassets/edit.php')
 3 SYSTEMPATH/View/View.php(231): CodeIgniter\View\View->CodeIgniter\View\{closure}()
 4 SYSTEMPATH/Common.php(1190): CodeIgniter\View\View->render('assignedassets/edit', [], true)
 5 APPPATH/Controllers/AssignedAssets.php(244): view('assignedassets/edit', [...])
 6 SYSTEMPATH/CodeIgniter.php(942): App\Controllers\AssignedAssets->edit('VGxFOVBRPT0=')
 7 SYSTEMPATH/CodeIgniter.php(502): CodeIgniter\CodeIgniter->runController(Object(App\Controllers\AssignedAssets))
 8 SYSTEMPATH/CodeIgniter.php(361): CodeIgniter\CodeIgniter->handleRequest(null, Object(Config\Cache), false)
 9 FCPATH/index.php(79): CodeIgniter\CodeIgniter->run()
CRITICAL - 2024-09-04 12:52:16 --> Undefined variable $alldata
in APPPATH/Views/assignedassets/edit.php on line 1857.
 1 APPPATH/Views/assignedassets/edit.php(1857): CodeIgniter\Debug\Exceptions->errorHandler(2, 'Undefined variable $alldata', '/home/freelance/public_html/viyoma/app/Views/assignedassets/edit.php', 1857)
 2 SYSTEMPATH/View/View.php(228): include('/home/freelance/public_html/viyoma/app/Views/assignedassets/edit.php')
 3 SYSTEMPATH/View/View.php(231): CodeIgniter\View\View->CodeIgniter\View\{closure}()
 4 SYSTEMPATH/Common.php(1190): CodeIgniter\View\View->render('assignedassets/edit', [], true)
 5 APPPATH/Controllers/AssignedAssets.php(244): view('assignedassets/edit', [...])
 6 SYSTEMPATH/CodeIgniter.php(942): App\Controllers\AssignedAssets->edit('VG5jOVBRPT0=')
 7 SYSTEMPATH/CodeIgniter.php(502): CodeIgniter\CodeIgniter->runController(Object(App\Controllers\AssignedAssets))
 8 SYSTEMPATH/CodeIgniter.php(361): CodeIgniter\CodeIgniter->handleRequest(null, Object(Config\Cache), false)
 9 FCPATH/index.php(79): CodeIgniter\CodeIgniter->run()
CRITICAL - 2024-09-04 13:06:32 --> Undefined variable $alldata
in APPPATH/Views/assignedassets/edit.php on line 1857.
 1 APPPATH/Views/assignedassets/edit.php(1857): CodeIgniter\Debug\Exceptions->errorHandler(2, 'Undefined variable $alldata', '/home/freelance/public_html/viyoma/app/Views/assignedassets/edit.php', 1857)
 2 SYSTEMPATH/View/View.php(228): include('/home/freelance/public_html/viyoma/app/Views/assignedassets/edit.php')
 3 SYSTEMPATH/View/View.php(231): CodeIgniter\View\View->CodeIgniter\View\{closure}()
 4 SYSTEMPATH/Common.php(1190): CodeIgniter\View\View->render('assignedassets/edit', [], true)
 5 APPPATH/Controllers/AssignedAssets.php(244): view('assignedassets/edit', [...])
 6 SYSTEMPATH/CodeIgniter.php(942): App\Controllers\AssignedAssets->edit('VDBFOVBRPT0=')
 7 SYSTEMPATH/CodeIgniter.php(502): CodeIgniter\CodeIgniter->runController(Object(App\Controllers\AssignedAssets))
 8 SYSTEMPATH/CodeIgniter.php(361): CodeIgniter\CodeIgniter->handleRequest(null, Object(Config\Cache), false)
 9 FCPATH/index.php(79): CodeIgniter\CodeIgniter->run()
CRITICAL - 2024-09-04 13:08:05 --> Undefined variable $alldata
in APPPATH/Views/assignedassets/edit.php on line 1865.
 1 APPPATH/Views/assignedassets/edit.php(1865): CodeIgniter\Debug\Exceptions->errorHandler(2, 'Undefined variable $alldata', '/home/freelance/public_html/viyoma/app/Views/assignedassets/edit.php', 1865)
 2 SYSTEMPATH/View/View.php(228): include('/home/freelance/public_html/viyoma/app/Views/assignedassets/edit.php')
 3 SYSTEMPATH/View/View.php(231): CodeIgniter\View\View->CodeIgniter\View\{closure}()
 4 SYSTEMPATH/Common.php(1190): CodeIgniter\View\View->render('assignedassets/edit', [], true)
 5 APPPATH/Controllers/AssignedAssets.php(244): view('assignedassets/edit', [...])
 6 SYSTEMPATH/CodeIgniter.php(942): App\Controllers\AssignedAssets->edit('VDBFOVBRPT0=')
 7 SYSTEMPATH/CodeIgniter.php(502): CodeIgniter\CodeIgniter->runController(Object(App\Controllers\AssignedAssets))
 8 SYSTEMPATH/CodeIgniter.php(361): CodeIgniter\CodeIgniter->handleRequest(null, Object(Config\Cache), false)
 9 FCPATH/index.php(79): CodeIgniter\CodeIgniter->run()
CRITICAL - 2024-09-04 13:50:16 --> Undefined variable $base
in APPPATH/Views/return_info/edit.php on line 1889.
 1 APPPATH/Views/return_info/edit.php(1889): CodeIgniter\Debug\Exceptions->errorHandler(2, 'Undefined variable $base', '/home/freelance/public_html/viyoma/app/Views/return_info/edit.php', 1889)
 2 SYSTEMPATH/View/View.php(228): include('/home/freelance/public_html/viyoma/app/Views/return_info/edit.php')
 3 SYSTEMPATH/View/View.php(231): CodeIgniter\View\View->CodeIgniter\View\{closure}()
 4 SYSTEMPATH/Common.php(1190): CodeIgniter\View\View->render('return_info/edit', [], true)
 5 APPPATH/Controllers/ReturnInfo.php(200): view('return_info/edit', [...])
 6 SYSTEMPATH/CodeIgniter.php(942): App\Controllers\ReturnInfo->edit('VGxFOVBRPT0=')
 7 SYSTEMPATH/CodeIgniter.php(502): CodeIgniter\CodeIgniter->runController(Object(App\Controllers\ReturnInfo))
 8 SYSTEMPATH/CodeIgniter.php(361): CodeIgniter\CodeIgniter->handleRequest(null, Object(Config\Cache), false)
 9 FCPATH/index.php(79): CodeIgniter\CodeIgniter->run()
CRITICAL - 2024-09-04 13:51:37 --> Undefined variable $base
in APPPATH/Views/return_info/edit.php on line 1889.
 1 APPPATH/Views/return_info/edit.php(1889): CodeIgniter\Debug\Exceptions->errorHandler(2, 'Undefined variable $base', '/home/freelance/public_html/viyoma/app/Views/return_info/edit.php', 1889)
 2 SYSTEMPATH/View/View.php(228): include('/home/freelance/public_html/viyoma/app/Views/return_info/edit.php')
 3 SYSTEMPATH/View/View.php(231): CodeIgniter\View\View->CodeIgniter\View\{closure}()
 4 SYSTEMPATH/Common.php(1190): CodeIgniter\View\View->render('return_info/edit', [], true)
 5 APPPATH/Controllers/ReturnInfo.php(200): view('return_info/edit', [...])
 6 SYSTEMPATH/CodeIgniter.php(942): App\Controllers\ReturnInfo->edit('VGxFOVBRPT0=')
 7 SYSTEMPATH/CodeIgniter.php(502): CodeIgniter\CodeIgniter->runController(Object(App\Controllers\ReturnInfo))
 8 SYSTEMPATH/CodeIgniter.php(361): CodeIgniter\CodeIgniter->handleRequest(null, Object(Config\Cache), false)
 9 FCPATH/index.php(79): CodeIgniter\CodeIgniter->run()
CRITICAL - 2024-09-04 13:51:39 --> Undefined variable $base
in APPPATH/Views/return_info/edit.php on line 1889.
 1 APPPATH/Views/return_info/edit.php(1889): CodeIgniter\Debug\Exceptions->errorHandler(2, 'Undefined variable $base', '/home/freelance/public_html/viyoma/app/Views/return_info/edit.php', 1889)
 2 SYSTEMPATH/View/View.php(228): include('/home/freelance/public_html/viyoma/app/Views/return_info/edit.php')
 3 SYSTEMPATH/View/View.php(231): CodeIgniter\View\View->CodeIgniter\View\{closure}()
 4 SYSTEMPATH/Common.php(1190): CodeIgniter\View\View->render('return_info/edit', [], true)
 5 APPPATH/Controllers/ReturnInfo.php(200): view('return_info/edit', [...])
 6 SYSTEMPATH/CodeIgniter.php(942): App\Controllers\ReturnInfo->edit('VGxFOVBRPT0=')
 7 SYSTEMPATH/CodeIgniter.php(502): CodeIgniter\CodeIgniter->runController(Object(App\Controllers\ReturnInfo))
 8 SYSTEMPATH/CodeIgniter.php(361): CodeIgniter\CodeIgniter->handleRequest(null, Object(Config\Cache), false)
 9 FCPATH/index.php(79): CodeIgniter\CodeIgniter->run()
CRITICAL - 2024-09-04 13:51:46 --> Undefined variable $base
in APPPATH/Views/return_info/edit.php on line 1889.
 1 APPPATH/Views/return_info/edit.php(1889): CodeIgniter\Debug\Exceptions->errorHandler(2, 'Undefined variable $base', '/home/freelance/public_html/viyoma/app/Views/return_info/edit.php', 1889)
 2 SYSTEMPATH/View/View.php(228): include('/home/freelance/public_html/viyoma/app/Views/return_info/edit.php')
 3 SYSTEMPATH/View/View.php(231): CodeIgniter\View\View->CodeIgniter\View\{closure}()
 4 SYSTEMPATH/Common.php(1190): CodeIgniter\View\View->render('return_info/edit', [], true)
 5 APPPATH/Controllers/ReturnInfo.php(200): view('return_info/edit', [...])
 6 SYSTEMPATH/CodeIgniter.php(942): App\Controllers\ReturnInfo->edit('VGxFOVBRPT0=')
 7 SYSTEMPATH/CodeIgniter.php(502): CodeIgniter\CodeIgniter->runController(Object(App\Controllers\ReturnInfo))
 8 SYSTEMPATH/CodeIgniter.php(361): CodeIgniter\CodeIgniter->handleRequest(null, Object(Config\Cache), false)
 9 FCPATH/index.php(79): CodeIgniter\CodeIgniter->run()
