CRITICAL - 2024-11-30 08:33:44 --> Undefined variable $base
in APPPATH\Views\addpurchase\edit.php on line 2117.
 1 APPPATH\Views\addpurchase\edit.php(2117): CodeIgniter\Debug\Exceptions->errorHandler(2, 'Undefined variable $base', 'C:\\xampp\\htdocs\\viyoma\\app\\Views\\addpurchase\\edit.php', 2117)
 2 SYSTEMPATH\View\View.php(228): include('C:\\xampp\\htdocs\\viyoma\\app\\Views\\addpurchase\\edit.php')
 3 SYSTEMPATH\View\View.php(231): CodeIgniter\View\View->CodeIgniter\View\{closure}()
 4 SYSTEMPATH\Common.php(1190): CodeIgniter\View\View->render('addpurchase/edit', [], true)
 5 APPPATH\Controllers\AddPurchase.php(187): view('addpurchase/edit', [...])
 6 SYSTEMPATH\CodeIgniter.php(942): App\Controllers\AddPurchase->edit('VGtSVlBRPT0=')
 7 SYSTEMPATH\CodeIgniter.php(502): CodeIgniter\CodeIgniter->runController(Object(App\Controllers\AddPurchase))
 8 SYSTEMPATH\CodeIgniter.php(361): CodeIgniter\CodeIgniter->handleRequest(null, Object(Config\Cache), false)
 9 FCPATH\index.php(79): CodeIgniter\CodeIgniter->run()
CRITICAL - 2024-11-30 08:34:55 --> Undefined variable $base
in APPPATH\Views\addpurchase\edit.php on line 2117.
 1 APPPATH\Views\addpurchase\edit.php(2117): CodeIgniter\Debug\Exceptions->errorHandler(2, 'Undefined variable $base', 'C:\\xampp\\htdocs\\viyoma\\app\\Views\\addpurchase\\edit.php', 2117)
 2 SYSTEMPATH\View\View.php(228): include('C:\\xampp\\htdocs\\viyoma\\app\\Views\\addpurchase\\edit.php')
 3 SYSTEMPATH\View\View.php(231): CodeIgniter\View\View->CodeIgniter\View\{closure}()
 4 SYSTEMPATH\Common.php(1190): CodeIgniter\View\View->render('addpurchase/edit', [], true)
 5 APPPATH\Controllers\AddPurchase.php(187): view('addpurchase/edit', [...])
 6 SYSTEMPATH\CodeIgniter.php(942): App\Controllers\AddPurchase->edit('VGtSVlBRPT0=')
 7 SYSTEMPATH\CodeIgniter.php(502): CodeIgniter\CodeIgniter->runController(Object(App\Controllers\AddPurchase))
 8 SYSTEMPATH\CodeIgniter.php(361): CodeIgniter\CodeIgniter->handleRequest(null, Object(Config\Cache), false)
 9 FCPATH\index.php(79): CodeIgniter\CodeIgniter->run()
