CRITICAL - 2024-11-25 05:11:27 --> Undefined variable $alldata
in APPPATH\Views\newasset\edit.php on line 152.
 1 APPPATH\Views\newasset\edit.php(152): CodeIgniter\Debug\Exceptions->errorHandler(2, 'Undefined variable $alldata', 'C:\\xampp\\htdocs\\viyoma\\app\\Views\\newasset\\edit.php', 152)
 2 SYSTEMPATH\View\View.php(228): include('C:\\xampp\\htdocs\\viyoma\\app\\Views\\newasset\\edit.php')
 3 SYSTEMPATH\View\View.php(231): CodeIgniter\View\View->CodeIgniter\View\{closure}()
 4 SYSTEMPATH\Common.php(1190): CodeIgniter\View\View->render('newasset/edit', [], true)
 5 APPPATH\Controllers\Asset.php(439): view('newasset/edit', [...])
 6 SYSTEMPATH\CodeIgniter.php(942): App\Controllers\Asset->edit('32')
 7 SYSTEMPATH\CodeIgniter.php(502): CodeIgniter\CodeIgniter->runController(Object(App\Controllers\Asset))
 8 SYSTEMPATH\CodeIgniter.php(361): CodeIgniter\CodeIgniter->handleRequest(null, Object(Config\Cache), false)
 9 FCPATH\index.php(79): CodeIgniter\CodeIgniter->run()
CRITICAL - 2024-11-25 05:22:44 --> Undefined variable $assets_type
in APPPATH\Views\newasset\view.php on line 1847.
 1 APPPATH\Views\newasset\view.php(1847): CodeIgniter\Debug\Exceptions->errorHandler(2, 'Undefined variable $assets_type', 'C:\\xampp\\htdocs\\viyoma\\app\\Views\\newasset\\view.php', 1847)
 2 SYSTEMPATH\View\View.php(228): include('C:\\xampp\\htdocs\\viyoma\\app\\Views\\newasset\\view.php')
 3 SYSTEMPATH\View\View.php(231): CodeIgniter\View\View->CodeIgniter\View\{closure}()
 4 SYSTEMPATH\Common.php(1190): CodeIgniter\View\View->render('newasset/view', [], true)
 5 APPPATH\Controllers\Asset.php(313): view('newasset/view', [...])
 6 SYSTEMPATH\CodeIgniter.php(942): App\Controllers\Asset->viewAsset()
 7 SYSTEMPATH\CodeIgniter.php(502): CodeIgniter\CodeIgniter->runController(Object(App\Controllers\Asset))
 8 SYSTEMPATH\CodeIgniter.php(361): CodeIgniter\CodeIgniter->handleRequest(null, Object(Config\Cache), false)
 9 FCPATH\index.php(79): CodeIgniter\CodeIgniter->run()
CRITICAL - 2024-11-25 05:27:19 --> Undefined variable $alldata
in APPPATH\Views\newasset\edit.php on line 94.
 1 APPPATH\Views\newasset\edit.php(94): CodeIgniter\Debug\Exceptions->errorHandler(2, 'Undefined variable $alldata', 'C:\\xampp\\htdocs\\viyoma\\app\\Views\\newasset\\edit.php', 94)
 2 SYSTEMPATH\View\View.php(228): include('C:\\xampp\\htdocs\\viyoma\\app\\Views\\newasset\\edit.php')
 3 SYSTEMPATH\View\View.php(231): CodeIgniter\View\View->CodeIgniter\View\{closure}()
 4 SYSTEMPATH\Common.php(1190): CodeIgniter\View\View->render('newasset/edit', [], true)
 5 APPPATH\Controllers\Asset.php(439): view('newasset/edit', [...])
 6 SYSTEMPATH\CodeIgniter.php(942): App\Controllers\Asset->edit('29')
 7 SYSTEMPATH\CodeIgniter.php(502): CodeIgniter\CodeIgniter->runController(Object(App\Controllers\Asset))
 8 SYSTEMPATH\CodeIgniter.php(361): CodeIgniter\CodeIgniter->handleRequest(null, Object(Config\Cache), false)
 9 FCPATH\index.php(79): CodeIgniter\CodeIgniter->run()
CRITICAL - 2024-11-25 07:14:42 --> Class "CodeIgniter\Config\Filters" not found
in APPPATH\Config\Filters.php on line 16.
 1 SYSTEMPATH\Autoloader\Autoloader.php(312): include_once()
 2 SYSTEMPATH\Autoloader\Autoloader.php(291): CodeIgniter\Autoloader\Autoloader->includeFile('C:\\xampp\\htdocs\\viyoma\\app\\Config\\Filters.php')
 3 SYSTEMPATH\Autoloader\Autoloader.php(269): CodeIgniter\Autoloader\Autoloader->loadInNamespace('Config\\Filters')
 4 [internal function]: CodeIgniter\Autoloader\Autoloader->loadClass('Config\\Filters')
 5 SYSTEMPATH\Config\Factories.php(283): class_exists('Config\\Filters')
 6 SYSTEMPATH\Config\Factories.php(202): CodeIgniter\Config\Factories::locateClass([...], 'Config\\Filters')
 7 SYSTEMPATH\Config\Factories.php(161): CodeIgniter\Config\Factories::getDefinedInstance([...], 'Config\\Filters', [])
 8 SYSTEMPATH\Common.php(217): CodeIgniter\Config\Factories::__callStatic('config', [])
 9 SYSTEMPATH\Config\Services.php(291): config('Config\\Filters')
10 SYSTEMPATH\Config\BaseService.php(258): CodeIgniter\Config\Services::filters(null, false)
11 SYSTEMPATH\Config\BaseService.php(199): CodeIgniter\Config\BaseService::__callStatic('filters', [...])
12 SYSTEMPATH\Config\Services.php(288): CodeIgniter\Config\BaseService::getSharedInstance('filters', null)
13 SYSTEMPATH\Config\BaseService.php(258): CodeIgniter\Config\Services::filters()
14 SYSTEMPATH\CodeIgniter.php(456): CodeIgniter\Config\BaseService::__callStatic('filters', [])
15 SYSTEMPATH\CodeIgniter.php(361): CodeIgniter\CodeIgniter->handleRequest(null, Object(Config\Cache), false)
16 FCPATH\index.php(79): CodeIgniter\CodeIgniter->run()
CRITICAL - 2024-11-25 07:14:46 --> Class "CodeIgniter\Config\Filters" not found
in APPPATH\Config\Filters.php on line 16.
 1 SYSTEMPATH\Autoloader\Autoloader.php(312): include_once()
 2 SYSTEMPATH\Autoloader\Autoloader.php(291): CodeIgniter\Autoloader\Autoloader->includeFile('C:\\xampp\\htdocs\\viyoma\\app\\Config\\Filters.php')
 3 SYSTEMPATH\Autoloader\Autoloader.php(269): CodeIgniter\Autoloader\Autoloader->loadInNamespace('Config\\Filters')
 4 [internal function]: CodeIgniter\Autoloader\Autoloader->loadClass('Config\\Filters')
 5 SYSTEMPATH\Config\Factories.php(283): class_exists('Config\\Filters')
 6 SYSTEMPATH\Config\Factories.php(202): CodeIgniter\Config\Factories::locateClass([...], 'Config\\Filters')
 7 SYSTEMPATH\Config\Factories.php(161): CodeIgniter\Config\Factories::getDefinedInstance([...], 'Config\\Filters', [])
 8 SYSTEMPATH\Common.php(217): CodeIgniter\Config\Factories::__callStatic('config', [])
 9 SYSTEMPATH\Config\Services.php(291): config('Config\\Filters')
10 SYSTEMPATH\Config\BaseService.php(258): CodeIgniter\Config\Services::filters(null, false)
11 SYSTEMPATH\Config\BaseService.php(199): CodeIgniter\Config\BaseService::__callStatic('filters', [...])
12 SYSTEMPATH\Config\Services.php(288): CodeIgniter\Config\BaseService::getSharedInstance('filters', null)
13 SYSTEMPATH\Config\BaseService.php(258): CodeIgniter\Config\Services::filters()
14 SYSTEMPATH\CodeIgniter.php(456): CodeIgniter\Config\BaseService::__callStatic('filters', [])
15 SYSTEMPATH\CodeIgniter.php(361): CodeIgniter\CodeIgniter->handleRequest(null, Object(Config\Cache), false)
16 FCPATH\index.php(79): CodeIgniter\CodeIgniter->run()
CRITICAL - 2024-11-25 07:15:56 --> Class "CodeIgniter\Config\Filters" not found
in APPPATH\Config\Filters.php on line 16.
 1 SYSTEMPATH\Autoloader\Autoloader.php(312): include_once()
 2 SYSTEMPATH\Autoloader\Autoloader.php(291): CodeIgniter\Autoloader\Autoloader->includeFile('C:\\xampp\\htdocs\\viyoma\\app\\Config\\Filters.php')
 3 SYSTEMPATH\Autoloader\Autoloader.php(269): CodeIgniter\Autoloader\Autoloader->loadInNamespace('Config\\Filters')
 4 [internal function]: CodeIgniter\Autoloader\Autoloader->loadClass('Config\\Filters')
 5 SYSTEMPATH\Config\Factories.php(283): class_exists('Config\\Filters')
 6 SYSTEMPATH\Config\Factories.php(202): CodeIgniter\Config\Factories::locateClass([...], 'Config\\Filters')
 7 SYSTEMPATH\Config\Factories.php(161): CodeIgniter\Config\Factories::getDefinedInstance([...], 'Config\\Filters', [])
 8 SYSTEMPATH\Common.php(217): CodeIgniter\Config\Factories::__callStatic('config', [])
 9 SYSTEMPATH\Config\Services.php(291): config('Config\\Filters')
10 SYSTEMPATH\Config\BaseService.php(258): CodeIgniter\Config\Services::filters(null, false)
11 SYSTEMPATH\Config\BaseService.php(199): CodeIgniter\Config\BaseService::__callStatic('filters', [...])
12 SYSTEMPATH\Config\Services.php(288): CodeIgniter\Config\BaseService::getSharedInstance('filters', null)
13 SYSTEMPATH\Config\BaseService.php(258): CodeIgniter\Config\Services::filters()
14 SYSTEMPATH\CodeIgniter.php(456): CodeIgniter\Config\BaseService::__callStatic('filters', [])
15 SYSTEMPATH\CodeIgniter.php(361): CodeIgniter\CodeIgniter->handleRequest(null, Object(Config\Cache), false)
16 FCPATH\index.php(79): CodeIgniter\CodeIgniter->run()
CRITICAL - 2024-11-25 07:15:57 --> Class "CodeIgniter\Config\Filters" not found
in APPPATH\Config\Filters.php on line 16.
 1 SYSTEMPATH\Autoloader\Autoloader.php(312): include_once()
 2 SYSTEMPATH\Autoloader\Autoloader.php(291): CodeIgniter\Autoloader\Autoloader->includeFile('C:\\xampp\\htdocs\\viyoma\\app\\Config\\Filters.php')
 3 SYSTEMPATH\Autoloader\Autoloader.php(269): CodeIgniter\Autoloader\Autoloader->loadInNamespace('Config\\Filters')
 4 [internal function]: CodeIgniter\Autoloader\Autoloader->loadClass('Config\\Filters')
 5 SYSTEMPATH\Config\Factories.php(283): class_exists('Config\\Filters')
 6 SYSTEMPATH\Config\Factories.php(202): CodeIgniter\Config\Factories::locateClass([...], 'Config\\Filters')
 7 SYSTEMPATH\Config\Factories.php(161): CodeIgniter\Config\Factories::getDefinedInstance([...], 'Config\\Filters', [])
 8 SYSTEMPATH\Common.php(217): CodeIgniter\Config\Factories::__callStatic('config', [])
 9 SYSTEMPATH\Config\Services.php(291): config('Config\\Filters')
10 SYSTEMPATH\Config\BaseService.php(258): CodeIgniter\Config\Services::filters(null, false)
11 SYSTEMPATH\Config\BaseService.php(199): CodeIgniter\Config\BaseService::__callStatic('filters', [...])
12 SYSTEMPATH\Config\Services.php(288): CodeIgniter\Config\BaseService::getSharedInstance('filters', null)
13 SYSTEMPATH\Config\BaseService.php(258): CodeIgniter\Config\Services::filters()
14 SYSTEMPATH\CodeIgniter.php(456): CodeIgniter\Config\BaseService::__callStatic('filters', [])
15 SYSTEMPATH\CodeIgniter.php(361): CodeIgniter\CodeIgniter->handleRequest(null, Object(Config\Cache), false)
16 FCPATH\index.php(79): CodeIgniter\CodeIgniter->run()
CRITICAL - 2024-11-25 07:15:57 --> Class "CodeIgniter\Config\Filters" not found
in APPPATH\Config\Filters.php on line 16.
 1 SYSTEMPATH\Autoloader\Autoloader.php(312): include_once()
 2 SYSTEMPATH\Autoloader\Autoloader.php(291): CodeIgniter\Autoloader\Autoloader->includeFile('C:\\xampp\\htdocs\\viyoma\\app\\Config\\Filters.php')
 3 SYSTEMPATH\Autoloader\Autoloader.php(269): CodeIgniter\Autoloader\Autoloader->loadInNamespace('Config\\Filters')
 4 [internal function]: CodeIgniter\Autoloader\Autoloader->loadClass('Config\\Filters')
 5 SYSTEMPATH\Config\Factories.php(283): class_exists('Config\\Filters')
 6 SYSTEMPATH\Config\Factories.php(202): CodeIgniter\Config\Factories::locateClass([...], 'Config\\Filters')
 7 SYSTEMPATH\Config\Factories.php(161): CodeIgniter\Config\Factories::getDefinedInstance([...], 'Config\\Filters', [])
 8 SYSTEMPATH\Common.php(217): CodeIgniter\Config\Factories::__callStatic('config', [])
 9 SYSTEMPATH\Config\Services.php(291): config('Config\\Filters')
10 SYSTEMPATH\Config\BaseService.php(258): CodeIgniter\Config\Services::filters(null, false)
11 SYSTEMPATH\Config\BaseService.php(199): CodeIgniter\Config\BaseService::__callStatic('filters', [...])
12 SYSTEMPATH\Config\Services.php(288): CodeIgniter\Config\BaseService::getSharedInstance('filters', null)
13 SYSTEMPATH\Config\BaseService.php(258): CodeIgniter\Config\Services::filters()
14 SYSTEMPATH\CodeIgniter.php(456): CodeIgniter\Config\BaseService::__callStatic('filters', [])
15 SYSTEMPATH\CodeIgniter.php(361): CodeIgniter\CodeIgniter->handleRequest(null, Object(Config\Cache), false)
16 FCPATH\index.php(79): CodeIgniter\CodeIgniter->run()
CRITICAL - 2024-11-25 07:15:57 --> Class "CodeIgniter\Config\Filters" not found
in APPPATH\Config\Filters.php on line 16.
 1 SYSTEMPATH\Autoloader\Autoloader.php(312): include_once()
 2 SYSTEMPATH\Autoloader\Autoloader.php(291): CodeIgniter\Autoloader\Autoloader->includeFile('C:\\xampp\\htdocs\\viyoma\\app\\Config\\Filters.php')
 3 SYSTEMPATH\Autoloader\Autoloader.php(269): CodeIgniter\Autoloader\Autoloader->loadInNamespace('Config\\Filters')
 4 [internal function]: CodeIgniter\Autoloader\Autoloader->loadClass('Config\\Filters')
 5 SYSTEMPATH\Config\Factories.php(283): class_exists('Config\\Filters')
 6 SYSTEMPATH\Config\Factories.php(202): CodeIgniter\Config\Factories::locateClass([...], 'Config\\Filters')
 7 SYSTEMPATH\Config\Factories.php(161): CodeIgniter\Config\Factories::getDefinedInstance([...], 'Config\\Filters', [])
 8 SYSTEMPATH\Common.php(217): CodeIgniter\Config\Factories::__callStatic('config', [])
 9 SYSTEMPATH\Config\Services.php(291): config('Config\\Filters')
10 SYSTEMPATH\Config\BaseService.php(258): CodeIgniter\Config\Services::filters(null, false)
11 SYSTEMPATH\Config\BaseService.php(199): CodeIgniter\Config\BaseService::__callStatic('filters', [...])
12 SYSTEMPATH\Config\Services.php(288): CodeIgniter\Config\BaseService::getSharedInstance('filters', null)
13 SYSTEMPATH\Config\BaseService.php(258): CodeIgniter\Config\Services::filters()
14 SYSTEMPATH\CodeIgniter.php(456): CodeIgniter\Config\BaseService::__callStatic('filters', [])
15 SYSTEMPATH\CodeIgniter.php(361): CodeIgniter\CodeIgniter->handleRequest(null, Object(Config\Cache), false)
16 FCPATH\index.php(79): CodeIgniter\CodeIgniter->run()
CRITICAL - 2024-11-25 07:15:58 --> Class "CodeIgniter\Config\Filters" not found
in APPPATH\Config\Filters.php on line 16.
 1 SYSTEMPATH\Autoloader\Autoloader.php(312): include_once()
 2 SYSTEMPATH\Autoloader\Autoloader.php(291): CodeIgniter\Autoloader\Autoloader->includeFile('C:\\xampp\\htdocs\\viyoma\\app\\Config\\Filters.php')
 3 SYSTEMPATH\Autoloader\Autoloader.php(269): CodeIgniter\Autoloader\Autoloader->loadInNamespace('Config\\Filters')
 4 [internal function]: CodeIgniter\Autoloader\Autoloader->loadClass('Config\\Filters')
 5 SYSTEMPATH\Config\Factories.php(283): class_exists('Config\\Filters')
 6 SYSTEMPATH\Config\Factories.php(202): CodeIgniter\Config\Factories::locateClass([...], 'Config\\Filters')
 7 SYSTEMPATH\Config\Factories.php(161): CodeIgniter\Config\Factories::getDefinedInstance([...], 'Config\\Filters', [])
 8 SYSTEMPATH\Common.php(217): CodeIgniter\Config\Factories::__callStatic('config', [])
 9 SYSTEMPATH\Config\Services.php(291): config('Config\\Filters')
10 SYSTEMPATH\Config\BaseService.php(258): CodeIgniter\Config\Services::filters(null, false)
11 SYSTEMPATH\Config\BaseService.php(199): CodeIgniter\Config\BaseService::__callStatic('filters', [...])
12 SYSTEMPATH\Config\Services.php(288): CodeIgniter\Config\BaseService::getSharedInstance('filters', null)
13 SYSTEMPATH\Config\BaseService.php(258): CodeIgniter\Config\Services::filters()
14 SYSTEMPATH\CodeIgniter.php(456): CodeIgniter\Config\BaseService::__callStatic('filters', [])
15 SYSTEMPATH\CodeIgniter.php(361): CodeIgniter\CodeIgniter->handleRequest(null, Object(Config\Cache), false)
16 FCPATH\index.php(79): CodeIgniter\CodeIgniter->run()
CRITICAL - 2024-11-25 07:15:58 --> Class "CodeIgniter\Config\Filters" not found
in APPPATH\Config\Filters.php on line 16.
 1 SYSTEMPATH\Autoloader\Autoloader.php(312): include_once()
 2 SYSTEMPATH\Autoloader\Autoloader.php(291): CodeIgniter\Autoloader\Autoloader->includeFile('C:\\xampp\\htdocs\\viyoma\\app\\Config\\Filters.php')
 3 SYSTEMPATH\Autoloader\Autoloader.php(269): CodeIgniter\Autoloader\Autoloader->loadInNamespace('Config\\Filters')
 4 [internal function]: CodeIgniter\Autoloader\Autoloader->loadClass('Config\\Filters')
 5 SYSTEMPATH\Config\Factories.php(283): class_exists('Config\\Filters')
 6 SYSTEMPATH\Config\Factories.php(202): CodeIgniter\Config\Factories::locateClass([...], 'Config\\Filters')
 7 SYSTEMPATH\Config\Factories.php(161): CodeIgniter\Config\Factories::getDefinedInstance([...], 'Config\\Filters', [])
 8 SYSTEMPATH\Common.php(217): CodeIgniter\Config\Factories::__callStatic('config', [])
 9 SYSTEMPATH\Config\Services.php(291): config('Config\\Filters')
10 SYSTEMPATH\Config\BaseService.php(258): CodeIgniter\Config\Services::filters(null, false)
11 SYSTEMPATH\Config\BaseService.php(199): CodeIgniter\Config\BaseService::__callStatic('filters', [...])
12 SYSTEMPATH\Config\Services.php(288): CodeIgniter\Config\BaseService::getSharedInstance('filters', null)
13 SYSTEMPATH\Config\BaseService.php(258): CodeIgniter\Config\Services::filters()
14 SYSTEMPATH\CodeIgniter.php(456): CodeIgniter\Config\BaseService::__callStatic('filters', [])
15 SYSTEMPATH\CodeIgniter.php(361): CodeIgniter\CodeIgniter->handleRequest(null, Object(Config\Cache), false)
16 FCPATH\index.php(79): CodeIgniter\CodeIgniter->run()
CRITICAL - 2024-11-25 07:15:58 --> Class "CodeIgniter\Config\Filters" not found
in APPPATH\Config\Filters.php on line 16.
 1 SYSTEMPATH\Autoloader\Autoloader.php(312): include_once()
 2 SYSTEMPATH\Autoloader\Autoloader.php(291): CodeIgniter\Autoloader\Autoloader->includeFile('C:\\xampp\\htdocs\\viyoma\\app\\Config\\Filters.php')
 3 SYSTEMPATH\Autoloader\Autoloader.php(269): CodeIgniter\Autoloader\Autoloader->loadInNamespace('Config\\Filters')
 4 [internal function]: CodeIgniter\Autoloader\Autoloader->loadClass('Config\\Filters')
 5 SYSTEMPATH\Config\Factories.php(283): class_exists('Config\\Filters')
 6 SYSTEMPATH\Config\Factories.php(202): CodeIgniter\Config\Factories::locateClass([...], 'Config\\Filters')
 7 SYSTEMPATH\Config\Factories.php(161): CodeIgniter\Config\Factories::getDefinedInstance([...], 'Config\\Filters', [])
 8 SYSTEMPATH\Common.php(217): CodeIgniter\Config\Factories::__callStatic('config', [])
 9 SYSTEMPATH\Config\Services.php(291): config('Config\\Filters')
10 SYSTEMPATH\Config\BaseService.php(258): CodeIgniter\Config\Services::filters(null, false)
11 SYSTEMPATH\Config\BaseService.php(199): CodeIgniter\Config\BaseService::__callStatic('filters', [...])
12 SYSTEMPATH\Config\Services.php(288): CodeIgniter\Config\BaseService::getSharedInstance('filters', null)
13 SYSTEMPATH\Config\BaseService.php(258): CodeIgniter\Config\Services::filters()
14 SYSTEMPATH\CodeIgniter.php(456): CodeIgniter\Config\BaseService::__callStatic('filters', [])
15 SYSTEMPATH\CodeIgniter.php(361): CodeIgniter\CodeIgniter->handleRequest(null, Object(Config\Cache), false)
16 FCPATH\index.php(79): CodeIgniter\CodeIgniter->run()
CRITICAL - 2024-11-25 07:16:31 --> Class "CodeIgniter\Config\Filters" not found
in APPPATH\Config\Filters.php on line 16.
 1 SYSTEMPATH\Autoloader\Autoloader.php(312): include_once()
 2 SYSTEMPATH\Autoloader\Autoloader.php(291): CodeIgniter\Autoloader\Autoloader->includeFile('C:\\xampp\\htdocs\\viyoma\\app\\Config\\Filters.php')
 3 SYSTEMPATH\Autoloader\Autoloader.php(269): CodeIgniter\Autoloader\Autoloader->loadInNamespace('Config\\Filters')
 4 [internal function]: CodeIgniter\Autoloader\Autoloader->loadClass('Config\\Filters')
 5 SYSTEMPATH\Config\Factories.php(283): class_exists('Config\\Filters')
 6 SYSTEMPATH\Config\Factories.php(202): CodeIgniter\Config\Factories::locateClass([...], 'Config\\Filters')
 7 SYSTEMPATH\Config\Factories.php(161): CodeIgniter\Config\Factories::getDefinedInstance([...], 'Config\\Filters', [])
 8 SYSTEMPATH\Common.php(217): CodeIgniter\Config\Factories::__callStatic('config', [])
 9 SYSTEMPATH\Config\Services.php(291): config('Config\\Filters')
10 SYSTEMPATH\Config\BaseService.php(258): CodeIgniter\Config\Services::filters(null, false)
11 SYSTEMPATH\Config\BaseService.php(199): CodeIgniter\Config\BaseService::__callStatic('filters', [...])
12 SYSTEMPATH\Config\Services.php(288): CodeIgniter\Config\BaseService::getSharedInstance('filters', null)
13 SYSTEMPATH\Config\BaseService.php(258): CodeIgniter\Config\Services::filters()
14 SYSTEMPATH\CodeIgniter.php(456): CodeIgniter\Config\BaseService::__callStatic('filters', [])
15 SYSTEMPATH\CodeIgniter.php(361): CodeIgniter\CodeIgniter->handleRequest(null, Object(Config\Cache), false)
16 FCPATH\index.php(79): CodeIgniter\CodeIgniter->run()
CRITICAL - 2024-11-25 07:18:18 --> Class "CodeIgniter\Config\Filters" not found
in APPPATH\Config\Filters.php on line 16.
 1 SYSTEMPATH\Autoloader\Autoloader.php(312): include_once()
 2 SYSTEMPATH\Autoloader\Autoloader.php(291): CodeIgniter\Autoloader\Autoloader->includeFile('C:\\xampp\\htdocs\\viyoma\\app\\Config\\Filters.php')
 3 SYSTEMPATH\Autoloader\Autoloader.php(269): CodeIgniter\Autoloader\Autoloader->loadInNamespace('Config\\Filters')
 4 [internal function]: CodeIgniter\Autoloader\Autoloader->loadClass('Config\\Filters')
 5 SYSTEMPATH\Config\Factories.php(283): class_exists('Config\\Filters')
 6 SYSTEMPATH\Config\Factories.php(202): CodeIgniter\Config\Factories::locateClass([...], 'Config\\Filters')
 7 SYSTEMPATH\Config\Factories.php(161): CodeIgniter\Config\Factories::getDefinedInstance([...], 'Config\\Filters', [])
 8 SYSTEMPATH\Common.php(217): CodeIgniter\Config\Factories::__callStatic('config', [])
 9 SYSTEMPATH\Config\Services.php(291): config('Config\\Filters')
10 SYSTEMPATH\Config\BaseService.php(258): CodeIgniter\Config\Services::filters(null, false)
11 SYSTEMPATH\Config\BaseService.php(199): CodeIgniter\Config\BaseService::__callStatic('filters', [...])
12 SYSTEMPATH\Config\Services.php(288): CodeIgniter\Config\BaseService::getSharedInstance('filters', null)
13 SYSTEMPATH\Config\BaseService.php(258): CodeIgniter\Config\Services::filters()
14 SYSTEMPATH\CodeIgniter.php(456): CodeIgniter\Config\BaseService::__callStatic('filters', [])
15 SYSTEMPATH\CodeIgniter.php(361): CodeIgniter\CodeIgniter->handleRequest(null, Object(Config\Cache), false)
16 FCPATH\index.php(79): CodeIgniter\CodeIgniter->run()
CRITICAL - 2024-11-25 07:18:18 --> Class "CodeIgniter\Config\Filters" not found
in APPPATH\Config\Filters.php on line 16.
 1 SYSTEMPATH\Autoloader\Autoloader.php(312): include_once()
 2 SYSTEMPATH\Autoloader\Autoloader.php(291): CodeIgniter\Autoloader\Autoloader->includeFile('C:\\xampp\\htdocs\\viyoma\\app\\Config\\Filters.php')
 3 SYSTEMPATH\Autoloader\Autoloader.php(269): CodeIgniter\Autoloader\Autoloader->loadInNamespace('Config\\Filters')
 4 [internal function]: CodeIgniter\Autoloader\Autoloader->loadClass('Config\\Filters')
 5 SYSTEMPATH\Config\Factories.php(283): class_exists('Config\\Filters')
 6 SYSTEMPATH\Config\Factories.php(202): CodeIgniter\Config\Factories::locateClass([...], 'Config\\Filters')
 7 SYSTEMPATH\Config\Factories.php(161): CodeIgniter\Config\Factories::getDefinedInstance([...], 'Config\\Filters', [])
 8 SYSTEMPATH\Common.php(217): CodeIgniter\Config\Factories::__callStatic('config', [])
 9 SYSTEMPATH\Config\Services.php(291): config('Config\\Filters')
10 SYSTEMPATH\Config\BaseService.php(258): CodeIgniter\Config\Services::filters(null, false)
11 SYSTEMPATH\Config\BaseService.php(199): CodeIgniter\Config\BaseService::__callStatic('filters', [...])
12 SYSTEMPATH\Config\Services.php(288): CodeIgniter\Config\BaseService::getSharedInstance('filters', null)
13 SYSTEMPATH\Config\BaseService.php(258): CodeIgniter\Config\Services::filters()
14 SYSTEMPATH\CodeIgniter.php(456): CodeIgniter\Config\BaseService::__callStatic('filters', [])
15 SYSTEMPATH\CodeIgniter.php(361): CodeIgniter\CodeIgniter->handleRequest(null, Object(Config\Cache), false)
16 FCPATH\index.php(79): CodeIgniter\CodeIgniter->run()
CRITICAL - 2024-11-25 07:18:19 --> Class "CodeIgniter\Config\Filters" not found
in APPPATH\Config\Filters.php on line 16.
 1 SYSTEMPATH\Autoloader\Autoloader.php(312): include_once()
 2 SYSTEMPATH\Autoloader\Autoloader.php(291): CodeIgniter\Autoloader\Autoloader->includeFile('C:\\xampp\\htdocs\\viyoma\\app\\Config\\Filters.php')
 3 SYSTEMPATH\Autoloader\Autoloader.php(269): CodeIgniter\Autoloader\Autoloader->loadInNamespace('Config\\Filters')
 4 [internal function]: CodeIgniter\Autoloader\Autoloader->loadClass('Config\\Filters')
 5 SYSTEMPATH\Config\Factories.php(283): class_exists('Config\\Filters')
 6 SYSTEMPATH\Config\Factories.php(202): CodeIgniter\Config\Factories::locateClass([...], 'Config\\Filters')
 7 SYSTEMPATH\Config\Factories.php(161): CodeIgniter\Config\Factories::getDefinedInstance([...], 'Config\\Filters', [])
 8 SYSTEMPATH\Common.php(217): CodeIgniter\Config\Factories::__callStatic('config', [])
 9 SYSTEMPATH\Config\Services.php(291): config('Config\\Filters')
10 SYSTEMPATH\Config\BaseService.php(258): CodeIgniter\Config\Services::filters(null, false)
11 SYSTEMPATH\Config\BaseService.php(199): CodeIgniter\Config\BaseService::__callStatic('filters', [...])
12 SYSTEMPATH\Config\Services.php(288): CodeIgniter\Config\BaseService::getSharedInstance('filters', null)
13 SYSTEMPATH\Config\BaseService.php(258): CodeIgniter\Config\Services::filters()
14 SYSTEMPATH\CodeIgniter.php(456): CodeIgniter\Config\BaseService::__callStatic('filters', [])
15 SYSTEMPATH\CodeIgniter.php(361): CodeIgniter\CodeIgniter->handleRequest(null, Object(Config\Cache), false)
16 FCPATH\index.php(79): CodeIgniter\CodeIgniter->run()
CRITICAL - 2024-11-25 07:18:19 --> Class "CodeIgniter\Config\Filters" not found
in APPPATH\Config\Filters.php on line 16.
 1 SYSTEMPATH\Autoloader\Autoloader.php(312): include_once()
 2 SYSTEMPATH\Autoloader\Autoloader.php(291): CodeIgniter\Autoloader\Autoloader->includeFile('C:\\xampp\\htdocs\\viyoma\\app\\Config\\Filters.php')
 3 SYSTEMPATH\Autoloader\Autoloader.php(269): CodeIgniter\Autoloader\Autoloader->loadInNamespace('Config\\Filters')
 4 [internal function]: CodeIgniter\Autoloader\Autoloader->loadClass('Config\\Filters')
 5 SYSTEMPATH\Config\Factories.php(283): class_exists('Config\\Filters')
 6 SYSTEMPATH\Config\Factories.php(202): CodeIgniter\Config\Factories::locateClass([...], 'Config\\Filters')
 7 SYSTEMPATH\Config\Factories.php(161): CodeIgniter\Config\Factories::getDefinedInstance([...], 'Config\\Filters', [])
 8 SYSTEMPATH\Common.php(217): CodeIgniter\Config\Factories::__callStatic('config', [])
 9 SYSTEMPATH\Config\Services.php(291): config('Config\\Filters')
10 SYSTEMPATH\Config\BaseService.php(258): CodeIgniter\Config\Services::filters(null, false)
11 SYSTEMPATH\Config\BaseService.php(199): CodeIgniter\Config\BaseService::__callStatic('filters', [...])
12 SYSTEMPATH\Config\Services.php(288): CodeIgniter\Config\BaseService::getSharedInstance('filters', null)
13 SYSTEMPATH\Config\BaseService.php(258): CodeIgniter\Config\Services::filters()
14 SYSTEMPATH\CodeIgniter.php(456): CodeIgniter\Config\BaseService::__callStatic('filters', [])
15 SYSTEMPATH\CodeIgniter.php(361): CodeIgniter\CodeIgniter->handleRequest(null, Object(Config\Cache), false)
16 FCPATH\index.php(79): CodeIgniter\CodeIgniter->run()
CRITICAL - 2024-11-25 07:18:23 --> Class "CodeIgniter\Config\Filters" not found
in APPPATH\Config\Filters.php on line 16.
 1 SYSTEMPATH\Autoloader\Autoloader.php(312): include_once()
 2 SYSTEMPATH\Autoloader\Autoloader.php(291): CodeIgniter\Autoloader\Autoloader->includeFile('C:\\xampp\\htdocs\\viyoma\\app\\Config\\Filters.php')
 3 SYSTEMPATH\Autoloader\Autoloader.php(269): CodeIgniter\Autoloader\Autoloader->loadInNamespace('Config\\Filters')
 4 [internal function]: CodeIgniter\Autoloader\Autoloader->loadClass('Config\\Filters')
 5 SYSTEMPATH\Config\Factories.php(283): class_exists('Config\\Filters')
 6 SYSTEMPATH\Config\Factories.php(202): CodeIgniter\Config\Factories::locateClass([...], 'Config\\Filters')
 7 SYSTEMPATH\Config\Factories.php(161): CodeIgniter\Config\Factories::getDefinedInstance([...], 'Config\\Filters', [])
 8 SYSTEMPATH\Common.php(217): CodeIgniter\Config\Factories::__callStatic('config', [])
 9 SYSTEMPATH\Config\Services.php(291): config('Config\\Filters')
10 SYSTEMPATH\Config\BaseService.php(258): CodeIgniter\Config\Services::filters(null, false)
11 SYSTEMPATH\Config\BaseService.php(199): CodeIgniter\Config\BaseService::__callStatic('filters', [...])
12 SYSTEMPATH\Config\Services.php(288): CodeIgniter\Config\BaseService::getSharedInstance('filters', null)
13 SYSTEMPATH\Config\BaseService.php(258): CodeIgniter\Config\Services::filters()
14 SYSTEMPATH\CodeIgniter.php(456): CodeIgniter\Config\BaseService::__callStatic('filters', [])
15 SYSTEMPATH\CodeIgniter.php(361): CodeIgniter\CodeIgniter->handleRequest(null, Object(Config\Cache), false)
16 FCPATH\index.php(79): CodeIgniter\CodeIgniter->run()
CRITICAL - 2024-11-25 07:18:23 --> Class "CodeIgniter\Config\Filters" not found
in APPPATH\Config\Filters.php on line 16.
 1 SYSTEMPATH\Autoloader\Autoloader.php(312): include_once()
 2 SYSTEMPATH\Autoloader\Autoloader.php(291): CodeIgniter\Autoloader\Autoloader->includeFile('C:\\xampp\\htdocs\\viyoma\\app\\Config\\Filters.php')
 3 SYSTEMPATH\Autoloader\Autoloader.php(269): CodeIgniter\Autoloader\Autoloader->loadInNamespace('Config\\Filters')
 4 [internal function]: CodeIgniter\Autoloader\Autoloader->loadClass('Config\\Filters')
 5 SYSTEMPATH\Config\Factories.php(283): class_exists('Config\\Filters')
 6 SYSTEMPATH\Config\Factories.php(202): CodeIgniter\Config\Factories::locateClass([...], 'Config\\Filters')
 7 SYSTEMPATH\Config\Factories.php(161): CodeIgniter\Config\Factories::getDefinedInstance([...], 'Config\\Filters', [])
 8 SYSTEMPATH\Common.php(217): CodeIgniter\Config\Factories::__callStatic('config', [])
 9 SYSTEMPATH\Config\Services.php(291): config('Config\\Filters')
10 SYSTEMPATH\Config\BaseService.php(258): CodeIgniter\Config\Services::filters(null, false)
11 SYSTEMPATH\Config\BaseService.php(199): CodeIgniter\Config\BaseService::__callStatic('filters', [...])
12 SYSTEMPATH\Config\Services.php(288): CodeIgniter\Config\BaseService::getSharedInstance('filters', null)
13 SYSTEMPATH\Config\BaseService.php(258): CodeIgniter\Config\Services::filters()
14 SYSTEMPATH\CodeIgniter.php(456): CodeIgniter\Config\BaseService::__callStatic('filters', [])
15 SYSTEMPATH\CodeIgniter.php(361): CodeIgniter\CodeIgniter->handleRequest(null, Object(Config\Cache), false)
16 FCPATH\index.php(79): CodeIgniter\CodeIgniter->run()
CRITICAL - 2024-11-25 07:18:25 --> Class "CodeIgniter\Config\Filters" not found
in APPPATH\Config\Filters.php on line 16.
 1 SYSTEMPATH\Autoloader\Autoloader.php(312): include_once()
 2 SYSTEMPATH\Autoloader\Autoloader.php(291): CodeIgniter\Autoloader\Autoloader->includeFile('C:\\xampp\\htdocs\\viyoma\\app\\Config\\Filters.php')
 3 SYSTEMPATH\Autoloader\Autoloader.php(269): CodeIgniter\Autoloader\Autoloader->loadInNamespace('Config\\Filters')
 4 [internal function]: CodeIgniter\Autoloader\Autoloader->loadClass('Config\\Filters')
 5 SYSTEMPATH\Config\Factories.php(283): class_exists('Config\\Filters')
 6 SYSTEMPATH\Config\Factories.php(202): CodeIgniter\Config\Factories::locateClass([...], 'Config\\Filters')
 7 SYSTEMPATH\Config\Factories.php(161): CodeIgniter\Config\Factories::getDefinedInstance([...], 'Config\\Filters', [])
 8 SYSTEMPATH\Common.php(217): CodeIgniter\Config\Factories::__callStatic('config', [])
 9 SYSTEMPATH\Config\Services.php(291): config('Config\\Filters')
10 SYSTEMPATH\Config\BaseService.php(258): CodeIgniter\Config\Services::filters(null, false)
11 SYSTEMPATH\Config\BaseService.php(199): CodeIgniter\Config\BaseService::__callStatic('filters', [...])
12 SYSTEMPATH\Config\Services.php(288): CodeIgniter\Config\BaseService::getSharedInstance('filters', null)
13 SYSTEMPATH\Config\BaseService.php(258): CodeIgniter\Config\Services::filters()
14 SYSTEMPATH\CodeIgniter.php(456): CodeIgniter\Config\BaseService::__callStatic('filters', [])
15 SYSTEMPATH\CodeIgniter.php(361): CodeIgniter\CodeIgniter->handleRequest(null, Object(Config\Cache), false)
16 FCPATH\index.php(79): CodeIgniter\CodeIgniter->run()
CRITICAL - 2024-11-25 07:18:47 --> "auth" filter must have a matching alias defined.
in SYSTEMPATH\Filters\Filters.php on line 354.
 1 SYSTEMPATH\Filters\Filters.php(354): CodeIgniter\Filters\Exceptions\FilterException::forNoAlias('auth')
 2 SYSTEMPATH\CodeIgniter.php(467): CodeIgniter\Filters\Filters->enableFilter('auth', 'before')
 3 SYSTEMPATH\CodeIgniter.php(361): CodeIgniter\CodeIgniter->handleRequest(null, Object(Config\Cache), false)
 4 FCPATH\index.php(79): CodeIgniter\CodeIgniter->run()
CRITICAL - 2024-11-25 07:19:16 --> "auth" filter must have a matching alias defined.
in SYSTEMPATH\Filters\Filters.php on line 354.
 1 SYSTEMPATH\Filters\Filters.php(354): CodeIgniter\Filters\Exceptions\FilterException::forNoAlias('auth')
 2 SYSTEMPATH\CodeIgniter.php(467): CodeIgniter\Filters\Filters->enableFilter('auth', 'before')
 3 SYSTEMPATH\CodeIgniter.php(361): CodeIgniter\CodeIgniter->handleRequest(null, Object(Config\Cache), false)
 4 FCPATH\index.php(79): CodeIgniter\CodeIgniter->run()
CRITICAL - 2024-11-25 07:19:17 --> "auth" filter must have a matching alias defined.
in SYSTEMPATH\Filters\Filters.php on line 354.
 1 SYSTEMPATH\Filters\Filters.php(354): CodeIgniter\Filters\Exceptions\FilterException::forNoAlias('auth')
 2 SYSTEMPATH\CodeIgniter.php(467): CodeIgniter\Filters\Filters->enableFilter('auth', 'before')
 3 SYSTEMPATH\CodeIgniter.php(361): CodeIgniter\CodeIgniter->handleRequest(null, Object(Config\Cache), false)
 4 FCPATH\index.php(79): CodeIgniter\CodeIgniter->run()
CRITICAL - 2024-11-25 07:19:24 --> "auth" filter must have a matching alias defined.
in SYSTEMPATH\Filters\Filters.php on line 354.
 1 SYSTEMPATH\Filters\Filters.php(354): CodeIgniter\Filters\Exceptions\FilterException::forNoAlias('auth')
 2 SYSTEMPATH\CodeIgniter.php(467): CodeIgniter\Filters\Filters->enableFilter('auth', 'before')
 3 SYSTEMPATH\CodeIgniter.php(361): CodeIgniter\CodeIgniter->handleRequest(null, Object(Config\Cache), false)
 4 FCPATH\index.php(79): CodeIgniter\CodeIgniter->run()
CRITICAL - 2024-11-25 07:19:26 --> "auth" filter must have a matching alias defined.
in SYSTEMPATH\Filters\Filters.php on line 354.
 1 SYSTEMPATH\Filters\Filters.php(354): CodeIgniter\Filters\Exceptions\FilterException::forNoAlias('auth')
 2 SYSTEMPATH\CodeIgniter.php(467): CodeIgniter\Filters\Filters->enableFilter('auth', 'before')
 3 SYSTEMPATH\CodeIgniter.php(361): CodeIgniter\CodeIgniter->handleRequest(null, Object(Config\Cache), false)
 4 FCPATH\index.php(79): CodeIgniter\CodeIgniter->run()
CRITICAL - 2024-11-25 07:44:46 --> Class "App\Models\AddPurchaseModel" not found
in APPPATH\Controllers\AddPurchase.php on line 18.
 1 SYSTEMPATH\CodeIgniter.php(914): App\Controllers\AddPurchase->__construct()
 2 SYSTEMPATH\CodeIgniter.php(493): CodeIgniter\CodeIgniter->createController()
 3 SYSTEMPATH\CodeIgniter.php(361): CodeIgniter\CodeIgniter->handleRequest(null, Object(Config\Cache), false)
 4 FCPATH\index.php(79): CodeIgniter\CodeIgniter->run()
CRITICAL - 2024-11-25 07:45:16 --> Class "App\Models\AddPurchaseModel" not found
in APPPATH\Controllers\AddPurchase.php on line 18.
 1 SYSTEMPATH\CodeIgniter.php(914): App\Controllers\AddPurchase->__construct()
 2 SYSTEMPATH\CodeIgniter.php(493): CodeIgniter\CodeIgniter->createController()
 3 SYSTEMPATH\CodeIgniter.php(361): CodeIgniter\CodeIgniter->handleRequest(null, Object(Config\Cache), false)
 4 FCPATH\index.php(79): CodeIgniter\CodeIgniter->run()
CRITICAL - 2024-11-25 07:45:52 --> Class "App\Models\AddPurchaseModel" not found
in APPPATH\Controllers\AddPurchase.php on line 18.
 1 SYSTEMPATH\CodeIgniter.php(914): App\Controllers\AddPurchase->__construct()
 2 SYSTEMPATH\CodeIgniter.php(493): CodeIgniter\CodeIgniter->createController()
 3 SYSTEMPATH\CodeIgniter.php(361): CodeIgniter\CodeIgniter->handleRequest(null, Object(Config\Cache), false)
 4 FCPATH\index.php(79): CodeIgniter\CodeIgniter->run()
