CRITICAL - 2025-08-28 09:15:20 --> Invalid file: "advancebooking/view.php"
in SYSTEMPATH/Exceptions/FrameworkException.php on line 39.
 1 SYSTEMPATH/View/View.php(216): CodeIgniter\Exceptions\FrameworkException::forInvalidFile('advancebooking/view.php')
 2 SYSTEMPATH/Common.php(1190): CodeIgniter\View\View->render('advancebooking/view', [], true)
 3 APPPATH/Controllers/AdvBooking.php(155): view('advancebooking/view', [...])
 4 SYSTEMPATH/CodeIgniter.php(942): App\Controllers\AdvBooking->view()
 5 SYSTEMPATH/CodeIgniter.php(502): CodeIgniter\CodeIgniter->runController(Object(App\Controllers\AdvBooking))
 6 SYSTEMPATH/CodeIgniter.php(361): CodeIgniter\CodeIgniter->handleRequest(null, Object(Config\Cache), false)
 7 FCPATH/index.php(79): CodeIgniter\CodeIgniter->run()
CRITICAL - 2025-08-28 09:25:50 --> Trying to access array offset on value of type null
in APPPATH/Controllers/Inhouseguest.php on line 43.
 1 APPPATH/Controllers/Inhouseguest.php(43): CodeIgniter\Debug\Exceptions->errorHandler(2, 'Trying to access array offset on value of type null', '/home/neuralarcteam/public_html/advaya.neuralarc.com/viyoma/app/Controllers/Inhouseguest.php', 43)
 2 SYSTEMPATH/CodeIgniter.php(942): App\Controllers\Inhouseguest->room_guest('1')
 3 SYSTEMPATH/CodeIgniter.php(502): CodeIgniter\CodeIgniter->runController(Object(App\Controllers\Inhouseguest))
 4 SYSTEMPATH/CodeIgniter.php(361): CodeIgniter\CodeIgniter->handleRequest(null, Object(Config\Cache), false)
 5 FCPATH/index.php(79): CodeIgniter\CodeIgniter->run()
CRITICAL - 2025-08-28 09:25:52 --> Trying to access array offset on value of type null
in APPPATH/Controllers/Inhouseguest.php on line 43.
 1 APPPATH/Controllers/Inhouseguest.php(43): CodeIgniter\Debug\Exceptions->errorHandler(2, 'Trying to access array offset on value of type null', '/home/neuralarcteam/public_html/advaya.neuralarc.com/viyoma/app/Controllers/Inhouseguest.php', 43)
 2 SYSTEMPATH/CodeIgniter.php(942): App\Controllers\Inhouseguest->room_guest('207')
 3 SYSTEMPATH/CodeIgniter.php(502): CodeIgniter\CodeIgniter->runController(Object(App\Controllers\Inhouseguest))
 4 SYSTEMPATH/CodeIgniter.php(361): CodeIgniter\CodeIgniter->handleRequest(null, Object(Config\Cache), false)
 5 FCPATH/index.php(79): CodeIgniter\CodeIgniter->run()
CRITICAL - 2025-08-28 10:07:48 --> Trying to access array offset on value of type null
in APPPATH/Controllers/Inhouseguest.php on line 43.
 1 APPPATH/Controllers/Inhouseguest.php(43): CodeIgniter\Debug\Exceptions->errorHandler(2, 'Trying to access array offset on value of type null', '/home/neuralarcteam/public_html/advaya.neuralarc.com/viyoma/app/Controllers/Inhouseguest.php', 43)
 2 SYSTEMPATH/CodeIgniter.php(942): App\Controllers\Inhouseguest->room_guest('207')
 3 SYSTEMPATH/CodeIgniter.php(502): CodeIgniter\CodeIgniter->runController(Object(App\Controllers\Inhouseguest))
 4 SYSTEMPATH/CodeIgniter.php(361): CodeIgniter\CodeIgniter->handleRequest(null, Object(Config\Cache), false)
 5 FCPATH/index.php(79): CodeIgniter\CodeIgniter->run()
CRITICAL - 2025-08-28 10:07:49 --> Trying to access array offset on value of type null
in APPPATH/Controllers/Inhouseguest.php on line 43.
 1 APPPATH/Controllers/Inhouseguest.php(43): CodeIgniter\Debug\Exceptions->errorHandler(2, 'Trying to access array offset on value of type null', '/home/neuralarcteam/public_html/advaya.neuralarc.com/viyoma/app/Controllers/Inhouseguest.php', 43)
 2 SYSTEMPATH/CodeIgniter.php(942): App\Controllers\Inhouseguest->room_guest('303')
 3 SYSTEMPATH/CodeIgniter.php(502): CodeIgniter\CodeIgniter->runController(Object(App\Controllers\Inhouseguest))
 4 SYSTEMPATH/CodeIgniter.php(361): CodeIgniter\CodeIgniter->handleRequest(null, Object(Config\Cache), false)
 5 FCPATH/index.php(79): CodeIgniter\CodeIgniter->run()
CRITICAL - 2025-08-28 10:07:51 --> Trying to access array offset on value of type null
in APPPATH/Controllers/Inhouseguest.php on line 43.
 1 APPPATH/Controllers/Inhouseguest.php(43): CodeIgniter\Debug\Exceptions->errorHandler(2, 'Trying to access array offset on value of type null', '/home/neuralarcteam/public_html/advaya.neuralarc.com/viyoma/app/Controllers/Inhouseguest.php', 43)
 2 SYSTEMPATH/CodeIgniter.php(942): App\Controllers\Inhouseguest->room_guest('303')
 3 SYSTEMPATH/CodeIgniter.php(502): CodeIgniter\CodeIgniter->runController(Object(App\Controllers\Inhouseguest))
 4 SYSTEMPATH/CodeIgniter.php(361): CodeIgniter\CodeIgniter->handleRequest(null, Object(Config\Cache), false)
 5 FCPATH/index.php(79): CodeIgniter\CodeIgniter->run()
CRITICAL - 2025-08-28 10:07:52 --> Trying to access array offset on value of type null
in APPPATH/Controllers/Inhouseguest.php on line 43.
 1 APPPATH/Controllers/Inhouseguest.php(43): CodeIgniter\Debug\Exceptions->errorHandler(2, 'Trying to access array offset on value of type null', '/home/neuralarcteam/public_html/advaya.neuralarc.com/viyoma/app/Controllers/Inhouseguest.php', 43)
 2 SYSTEMPATH/CodeIgniter.php(942): App\Controllers\Inhouseguest->room_guest('303')
 3 SYSTEMPATH/CodeIgniter.php(502): CodeIgniter\CodeIgniter->runController(Object(App\Controllers\Inhouseguest))
 4 SYSTEMPATH/CodeIgniter.php(361): CodeIgniter\CodeIgniter->handleRequest(null, Object(Config\Cache), false)
 5 FCPATH/index.php(79): CodeIgniter\CodeIgniter->run()
CRITICAL - 2025-08-28 10:07:54 --> Trying to access array offset on value of type null
in APPPATH/Controllers/Inhouseguest.php on line 43.
 1 APPPATH/Controllers/Inhouseguest.php(43): CodeIgniter\Debug\Exceptions->errorHandler(2, 'Trying to access array offset on value of type null', '/home/neuralarcteam/public_html/advaya.neuralarc.com/viyoma/app/Controllers/Inhouseguest.php', 43)
 2 SYSTEMPATH/CodeIgniter.php(942): App\Controllers\Inhouseguest->room_guest('207')
 3 SYSTEMPATH/CodeIgniter.php(502): CodeIgniter\CodeIgniter->runController(Object(App\Controllers\Inhouseguest))
 4 SYSTEMPATH/CodeIgniter.php(361): CodeIgniter\CodeIgniter->handleRequest(null, Object(Config\Cache), false)
 5 FCPATH/index.php(79): CodeIgniter\CodeIgniter->run()
CRITICAL - 2025-08-28 10:07:55 --> Trying to access array offset on value of type null
in APPPATH/Controllers/Inhouseguest.php on line 43.
 1 APPPATH/Controllers/Inhouseguest.php(43): CodeIgniter\Debug\Exceptions->errorHandler(2, 'Trying to access array offset on value of type null', '/home/neuralarcteam/public_html/advaya.neuralarc.com/viyoma/app/Controllers/Inhouseguest.php', 43)
 2 SYSTEMPATH/CodeIgniter.php(942): App\Controllers\Inhouseguest->room_guest('303')
 3 SYSTEMPATH/CodeIgniter.php(502): CodeIgniter\CodeIgniter->runController(Object(App\Controllers\Inhouseguest))
 4 SYSTEMPATH/CodeIgniter.php(361): CodeIgniter\CodeIgniter->handleRequest(null, Object(Config\Cache), false)
 5 FCPATH/index.php(79): CodeIgniter\CodeIgniter->run()
ERROR - 2025-08-28 15:46:30 --> mysqli_sql_exception: Column 'status' cannot be null in /home/neuralarcteam/public_html/advaya.neuralarc.com/viyoma/system/Database/MySQLi/Connection.php:306
Stack trace:
#0 /home/neuralarcteam/public_html/advaya.neuralarc.com/viyoma/system/Database/MySQLi/Connection.php(306): mysqli->query('INSERT INTO `bo...', 0)
#1 /home/neuralarcteam/public_html/advaya.neuralarc.com/viyoma/system/Database/BaseConnection.php(693): CodeIgniter\Database\MySQLi\Connection->execute('INSERT INTO `bo...')
#2 /home/neuralarcteam/public_html/advaya.neuralarc.com/viyoma/system/Database/BaseConnection.php(607): CodeIgniter\Database\BaseConnection->simpleQuery('INSERT INTO `bo...')
#3 /home/neuralarcteam/public_html/advaya.neuralarc.com/viyoma/system/Database/BaseBuilder.php(2308): CodeIgniter\Database\BaseConnection->query('INSERT INTO `bo...', Array, false)
#4 /home/neuralarcteam/public_html/advaya.neuralarc.com/viyoma/system/Model.php(319): CodeIgniter\Database\BaseBuilder->insert()
#5 /home/neuralarcteam/public_html/advaya.neuralarc.com/viyoma/system/BaseModel.php(788): CodeIgniter\Model->doInsert(Array)
#6 /home/neuralarcteam/public_html/advaya.neuralarc.com/viyoma/system/Model.php(715): CodeIgniter\BaseModel->insert(Array, true)
#7 /home/neuralarcteam/public_html/advaya.neuralarc.com/viyoma/app/Controllers/AdvBooking.php(377): CodeIgniter\Model->insert(Array)
#8 /home/neuralarcteam/public_html/advaya.neuralarc.com/viyoma/system/CodeIgniter.php(942): App\Controllers\AdvBooking->updateBookingStatus('41')
#9 /home/neuralarcteam/public_html/advaya.neuralarc.com/viyoma/system/CodeIgniter.php(502): CodeIgniter\CodeIgniter->runController(Object(App\Controllers\AdvBooking))
#10 /home/neuralarcteam/public_html/advaya.neuralarc.com/viyoma/system/CodeIgniter.php(361): CodeIgniter\CodeIgniter->handleRequest(NULL, Object(Config\Cache), false)
#11 /home/neuralarcteam/public_html/advaya.neuralarc.com/viyoma/index.php(79): CodeIgniter\CodeIgniter->run()
#12 {main}
CRITICAL - 2025-08-28 15:46:30 --> Column 'status' cannot be null
in SYSTEMPATH/Database/BaseConnection.php on line 647.
 1 SYSTEMPATH/Database/BaseBuilder.php(2308): CodeIgniter\Database\BaseConnection->query('INSERT INTO `booking_status_tracking` (`booking_id`, `status`, `updated_on`, `remarks`) VALUES (:booking_id:, :status:, :updated_on:, :remarks:)', [...], false)
 2 SYSTEMPATH/Model.php(319): CodeIgniter\Database\BaseBuilder->insert()
 3 SYSTEMPATH/BaseModel.php(788): CodeIgniter\Model->doInsert([...])
 4 SYSTEMPATH/Model.php(715): CodeIgniter\BaseModel->insert([...], true)
 5 APPPATH/Controllers/AdvBooking.php(377): CodeIgniter\Model->insert([...])
 6 SYSTEMPATH/CodeIgniter.php(942): App\Controllers\AdvBooking->updateBookingStatus('41')
 7 SYSTEMPATH/CodeIgniter.php(502): CodeIgniter\CodeIgniter->runController(Object(App\Controllers\AdvBooking))
 8 SYSTEMPATH/CodeIgniter.php(361): CodeIgniter\CodeIgniter->handleRequest(null, Object(Config\Cache), false)
 9 FCPATH/index.php(79): CodeIgniter\CodeIgniter->run()
CRITICAL - 2025-08-28 15:47:11 --> Undefined variable $roomUpdateData
in APPPATH/Controllers/AdvBooking.php on line 338.
 1 APPPATH/Controllers/AdvBooking.php(338): CodeIgniter\Debug\Exceptions->errorHandler(2, 'Undefined variable $roomUpdateData', '/home/neuralarcteam/public_html/advaya.neuralarc.com/viyoma/app/Controllers/AdvBooking.php', 338)
 2 SYSTEMPATH/CodeIgniter.php(942): App\Controllers\AdvBooking->updateBookingStatus('41')
 3 SYSTEMPATH/CodeIgniter.php(502): CodeIgniter\CodeIgniter->runController(Object(App\Controllers\AdvBooking))
 4 SYSTEMPATH/CodeIgniter.php(361): CodeIgniter\CodeIgniter->handleRequest(null, Object(Config\Cache), false)
 5 FCPATH/index.php(79): CodeIgniter\CodeIgniter->run()
CRITICAL - 2025-08-28 10:18:13 --> Trying to access array offset on value of type null
in APPPATH/Controllers/Inhouseguest.php on line 43.
 1 APPPATH/Controllers/Inhouseguest.php(43): CodeIgniter\Debug\Exceptions->errorHandler(2, 'Trying to access array offset on value of type null', '/home/neuralarcteam/public_html/advaya.neuralarc.com/viyoma/app/Controllers/Inhouseguest.php', 43)
 2 SYSTEMPATH/CodeIgniter.php(942): App\Controllers\Inhouseguest->room_guest('207')
 3 SYSTEMPATH/CodeIgniter.php(502): CodeIgniter\CodeIgniter->runController(Object(App\Controllers\Inhouseguest))
 4 SYSTEMPATH/CodeIgniter.php(361): CodeIgniter\CodeIgniter->handleRequest(null, Object(Config\Cache), false)
 5 FCPATH/index.php(79): CodeIgniter\CodeIgniter->run()
CRITICAL - 2025-08-28 10:18:14 --> Trying to access array offset on value of type null
in APPPATH/Controllers/Inhouseguest.php on line 43.
 1 APPPATH/Controllers/Inhouseguest.php(43): CodeIgniter\Debug\Exceptions->errorHandler(2, 'Trying to access array offset on value of type null', '/home/neuralarcteam/public_html/advaya.neuralarc.com/viyoma/app/Controllers/Inhouseguest.php', 43)
 2 SYSTEMPATH/CodeIgniter.php(942): App\Controllers\Inhouseguest->room_guest('303')
 3 SYSTEMPATH/CodeIgniter.php(502): CodeIgniter\CodeIgniter->runController(Object(App\Controllers\Inhouseguest))
 4 SYSTEMPATH/CodeIgniter.php(361): CodeIgniter\CodeIgniter->handleRequest(null, Object(Config\Cache), false)
 5 FCPATH/index.php(79): CodeIgniter\CodeIgniter->run()
CRITICAL - 2025-08-28 10:27:49 --> Trying to access array offset on value of type null
in APPPATH/Controllers/Inhouseguest.php on line 43.
 1 APPPATH/Controllers/Inhouseguest.php(43): CodeIgniter\Debug\Exceptions->errorHandler(2, 'Trying to access array offset on value of type null', '/home/neuralarcteam/public_html/advaya.neuralarc.com/viyoma/app/Controllers/Inhouseguest.php', 43)
 2 SYSTEMPATH/CodeIgniter.php(942): App\Controllers\Inhouseguest->room_guest('501')
 3 SYSTEMPATH/CodeIgniter.php(502): CodeIgniter\CodeIgniter->runController(Object(App\Controllers\Inhouseguest))
 4 SYSTEMPATH/CodeIgniter.php(361): CodeIgniter\CodeIgniter->handleRequest(null, Object(Config\Cache), false)
 5 FCPATH/index.php(79): CodeIgniter\CodeIgniter->run()
CRITICAL - 2025-08-28 10:27:50 --> Trying to access array offset on value of type null
in APPPATH/Controllers/Inhouseguest.php on line 43.
 1 APPPATH/Controllers/Inhouseguest.php(43): CodeIgniter\Debug\Exceptions->errorHandler(2, 'Trying to access array offset on value of type null', '/home/neuralarcteam/public_html/advaya.neuralarc.com/viyoma/app/Controllers/Inhouseguest.php', 43)
 2 SYSTEMPATH/CodeIgniter.php(942): App\Controllers\Inhouseguest->room_guest('501')
 3 SYSTEMPATH/CodeIgniter.php(502): CodeIgniter\CodeIgniter->runController(Object(App\Controllers\Inhouseguest))
 4 SYSTEMPATH/CodeIgniter.php(361): CodeIgniter\CodeIgniter->handleRequest(null, Object(Config\Cache), false)
 5 FCPATH/index.php(79): CodeIgniter\CodeIgniter->run()
CRITICAL - 2025-08-28 10:28:00 --> Trying to access array offset on value of type null
in APPPATH/Controllers/Inhouseguest.php on line 43.
 1 APPPATH/Controllers/Inhouseguest.php(43): CodeIgniter\Debug\Exceptions->errorHandler(2, 'Trying to access array offset on value of type null', '/home/neuralarcteam/public_html/advaya.neuralarc.com/viyoma/app/Controllers/Inhouseguest.php', 43)
 2 SYSTEMPATH/CodeIgniter.php(942): App\Controllers\Inhouseguest->room_guest('303')
 3 SYSTEMPATH/CodeIgniter.php(502): CodeIgniter\CodeIgniter->runController(Object(App\Controllers\Inhouseguest))
 4 SYSTEMPATH/CodeIgniter.php(361): CodeIgniter\CodeIgniter->handleRequest(null, Object(Config\Cache), false)
 5 FCPATH/index.php(79): CodeIgniter\CodeIgniter->run()
CRITICAL - 2025-08-28 10:28:01 --> Trying to access array offset on value of type null
in APPPATH/Controllers/Inhouseguest.php on line 43.
 1 APPPATH/Controllers/Inhouseguest.php(43): CodeIgniter\Debug\Exceptions->errorHandler(2, 'Trying to access array offset on value of type null', '/home/neuralarcteam/public_html/advaya.neuralarc.com/viyoma/app/Controllers/Inhouseguest.php', 43)
 2 SYSTEMPATH/CodeIgniter.php(942): App\Controllers\Inhouseguest->room_guest('207')
 3 SYSTEMPATH/CodeIgniter.php(502): CodeIgniter\CodeIgniter->runController(Object(App\Controllers\Inhouseguest))
 4 SYSTEMPATH/CodeIgniter.php(361): CodeIgniter\CodeIgniter->handleRequest(null, Object(Config\Cache), false)
 5 FCPATH/index.php(79): CodeIgniter\CodeIgniter->run()
CRITICAL - 2025-08-28 10:28:02 --> Trying to access array offset on value of type null
in APPPATH/Controllers/Inhouseguest.php on line 43.
 1 APPPATH/Controllers/Inhouseguest.php(43): CodeIgniter\Debug\Exceptions->errorHandler(2, 'Trying to access array offset on value of type null', '/home/neuralarcteam/public_html/advaya.neuralarc.com/viyoma/app/Controllers/Inhouseguest.php', 43)
 2 SYSTEMPATH/CodeIgniter.php(942): App\Controllers\Inhouseguest->room_guest('303')
 3 SYSTEMPATH/CodeIgniter.php(502): CodeIgniter\CodeIgniter->runController(Object(App\Controllers\Inhouseguest))
 4 SYSTEMPATH/CodeIgniter.php(361): CodeIgniter\CodeIgniter->handleRequest(null, Object(Config\Cache), false)
 5 FCPATH/index.php(79): CodeIgniter\CodeIgniter->run()
CRITICAL - 2025-08-28 10:28:05 --> Trying to access array offset on value of type null
in APPPATH/Controllers/Inhouseguest.php on line 43.
 1 APPPATH/Controllers/Inhouseguest.php(43): CodeIgniter\Debug\Exceptions->errorHandler(2, 'Trying to access array offset on value of type null', '/home/neuralarcteam/public_html/advaya.neuralarc.com/viyoma/app/Controllers/Inhouseguest.php', 43)
 2 SYSTEMPATH/CodeIgniter.php(942): App\Controllers\Inhouseguest->room_guest('207')
 3 SYSTEMPATH/CodeIgniter.php(502): CodeIgniter\CodeIgniter->runController(Object(App\Controllers\Inhouseguest))
 4 SYSTEMPATH/CodeIgniter.php(361): CodeIgniter\CodeIgniter->handleRequest(null, Object(Config\Cache), false)
 5 FCPATH/index.php(79): CodeIgniter\CodeIgniter->run()
CRITICAL - 2025-08-28 10:28:07 --> Trying to access array offset on value of type null
in APPPATH/Controllers/Inhouseguest.php on line 43.
 1 APPPATH/Controllers/Inhouseguest.php(43): CodeIgniter\Debug\Exceptions->errorHandler(2, 'Trying to access array offset on value of type null', '/home/neuralarcteam/public_html/advaya.neuralarc.com/viyoma/app/Controllers/Inhouseguest.php', 43)
 2 SYSTEMPATH/CodeIgniter.php(942): App\Controllers\Inhouseguest->room_guest('1')
 3 SYSTEMPATH/CodeIgniter.php(502): CodeIgniter\CodeIgniter->runController(Object(App\Controllers\Inhouseguest))
 4 SYSTEMPATH/CodeIgniter.php(361): CodeIgniter\CodeIgniter->handleRequest(null, Object(Config\Cache), false)
 5 FCPATH/index.php(79): CodeIgniter\CodeIgniter->run()
CRITICAL - 2025-08-28 10:28:08 --> Trying to access array offset on value of type null
in APPPATH/Controllers/Inhouseguest.php on line 43.
 1 APPPATH/Controllers/Inhouseguest.php(43): CodeIgniter\Debug\Exceptions->errorHandler(2, 'Trying to access array offset on value of type null', '/home/neuralarcteam/public_html/advaya.neuralarc.com/viyoma/app/Controllers/Inhouseguest.php', 43)
 2 SYSTEMPATH/CodeIgniter.php(942): App\Controllers\Inhouseguest->room_guest('1')
 3 SYSTEMPATH/CodeIgniter.php(502): CodeIgniter\CodeIgniter->runController(Object(App\Controllers\Inhouseguest))
 4 SYSTEMPATH/CodeIgniter.php(361): CodeIgniter\CodeIgniter->handleRequest(null, Object(Config\Cache), false)
 5 FCPATH/index.php(79): CodeIgniter\CodeIgniter->run()
CRITICAL - 2025-08-28 10:28:09 --> Trying to access array offset on value of type null
in APPPATH/Controllers/Inhouseguest.php on line 43.
 1 APPPATH/Controllers/Inhouseguest.php(43): CodeIgniter\Debug\Exceptions->errorHandler(2, 'Trying to access array offset on value of type null', '/home/neuralarcteam/public_html/advaya.neuralarc.com/viyoma/app/Controllers/Inhouseguest.php', 43)
 2 SYSTEMPATH/CodeIgniter.php(942): App\Controllers\Inhouseguest->room_guest('501')
 3 SYSTEMPATH/CodeIgniter.php(502): CodeIgniter\CodeIgniter->runController(Object(App\Controllers\Inhouseguest))
 4 SYSTEMPATH/CodeIgniter.php(361): CodeIgniter\CodeIgniter->handleRequest(null, Object(Config\Cache), false)
 5 FCPATH/index.php(79): CodeIgniter\CodeIgniter->run()
CRITICAL - 2025-08-28 10:28:10 --> Trying to access array offset on value of type null
in APPPATH/Controllers/Inhouseguest.php on line 43.
 1 APPPATH/Controllers/Inhouseguest.php(43): CodeIgniter\Debug\Exceptions->errorHandler(2, 'Trying to access array offset on value of type null', '/home/neuralarcteam/public_html/advaya.neuralarc.com/viyoma/app/Controllers/Inhouseguest.php', 43)
 2 SYSTEMPATH/CodeIgniter.php(942): App\Controllers\Inhouseguest->room_guest('501')
 3 SYSTEMPATH/CodeIgniter.php(502): CodeIgniter\CodeIgniter->runController(Object(App\Controllers\Inhouseguest))
 4 SYSTEMPATH/CodeIgniter.php(361): CodeIgniter\CodeIgniter->handleRequest(null, Object(Config\Cache), false)
 5 FCPATH/index.php(79): CodeIgniter\CodeIgniter->run()
CRITICAL - 2025-08-28 10:36:39 --> Trying to access array offset on value of type null
in APPPATH/Controllers/Inhouseguest.php on line 43.
 1 APPPATH/Controllers/Inhouseguest.php(43): CodeIgniter\Debug\Exceptions->errorHandler(2, 'Trying to access array offset on value of type null', '/home/neuralarcteam/public_html/advaya.neuralarc.com/viyoma/app/Controllers/Inhouseguest.php', 43)
 2 SYSTEMPATH/CodeIgniter.php(942): App\Controllers\Inhouseguest->room_guest('303')
 3 SYSTEMPATH/CodeIgniter.php(502): CodeIgniter\CodeIgniter->runController(Object(App\Controllers\Inhouseguest))
 4 SYSTEMPATH/CodeIgniter.php(361): CodeIgniter\CodeIgniter->handleRequest(null, Object(Config\Cache), false)
 5 FCPATH/index.php(79): CodeIgniter\CodeIgniter->run()
CRITICAL - 2025-08-28 10:36:41 --> Trying to access array offset on value of type null
in APPPATH/Controllers/Inhouseguest.php on line 43.
 1 APPPATH/Controllers/Inhouseguest.php(43): CodeIgniter\Debug\Exceptions->errorHandler(2, 'Trying to access array offset on value of type null', '/home/neuralarcteam/public_html/advaya.neuralarc.com/viyoma/app/Controllers/Inhouseguest.php', 43)
 2 SYSTEMPATH/CodeIgniter.php(942): App\Controllers\Inhouseguest->room_guest('207')
 3 SYSTEMPATH/CodeIgniter.php(502): CodeIgniter\CodeIgniter->runController(Object(App\Controllers\Inhouseguest))
 4 SYSTEMPATH/CodeIgniter.php(361): CodeIgniter\CodeIgniter->handleRequest(null, Object(Config\Cache), false)
 5 FCPATH/index.php(79): CodeIgniter\CodeIgniter->run()
