CRITICAL - 2024-12-10 09:58:45 --> syntax error, unexpected end of file, expecting "elseif" or "else" or "endif"
in APPPATH\Views\newasset\download.php on line 115.
 1 SYSTEMPATH\View\View.php(231): CodeIgniter\View\View->CodeIgniter\View\{closure}()
 2 SYSTEMPATH\Common.php(1190): CodeIgniter\View\View->render('newasset/download', [], true)
 3 APPPATH\Controllers\Asset.php(536): view('newasset/download', [...])
 4 APPPATH\Controllers\Asset.php(157): App\Controllers\Asset->download([...])
 5 SYSTEMPATH\CodeIgniter.php(942): App\Controllers\Asset->viewAsset()
 6 SYSTEMPATH\CodeIgniter.php(502): CodeIgniter\CodeIgniter->runController(Object(App\Controllers\Asset))
 7 SYSTEMPATH\CodeIgniter.php(361): CodeIgniter\CodeIgniter->handleRequest(null, Object(Config\Cache), false)
 8 FCPATH\index.php(79): CodeIgniter\CodeIgniter->run()
CRITICAL - 2024-12-10 10:11:57 --> Undefined variable $query
in APPPATH\Controllers\Asset.php on line 178.
 1 APPPATH\Controllers\Asset.php(178): CodeIgniter\Debug\Exceptions->errorHandler(2, 'Undefined variable $query', 'C:\\xampp\\htdocs\\viyoma\\app\\Controllers\\Asset.php', 178)
 2 SYSTEMPATH\CodeIgniter.php(942): App\Controllers\Asset->viewAsset()
 3 SYSTEMPATH\CodeIgniter.php(502): CodeIgniter\CodeIgniter->runController(Object(App\Controllers\Asset))
 4 SYSTEMPATH\CodeIgniter.php(361): CodeIgniter\CodeIgniter->handleRequest(null, Object(Config\Cache), false)
 5 FCPATH\index.php(79): CodeIgniter\CodeIgniter->run()
CRITICAL - 2024-12-10 10:35:12 --> Too few arguments to function App\Controllers\Asset::download(), 0 passed in C:\xampp\htdocs\viyoma\system\CodeIgniter.php on line 942 and exactly 1 expected
in APPPATH\Controllers\Asset.php on line 526.
 1 SYSTEMPATH\CodeIgniter.php(942): App\Controllers\Asset->download()
 2 SYSTEMPATH\CodeIgniter.php(502): CodeIgniter\CodeIgniter->runController(Object(App\Controllers\Asset))
 3 SYSTEMPATH\CodeIgniter.php(361): CodeIgniter\CodeIgniter->handleRequest(null, Object(Config\Cache), false)
 4 FCPATH\index.php(79): CodeIgniter\CodeIgniter->run()
CRITICAL - 2024-12-10 10:35:28 --> Too few arguments to function App\Controllers\Asset::download(), 0 passed in C:\xampp\htdocs\viyoma\system\CodeIgniter.php on line 942 and exactly 1 expected
in APPPATH\Controllers\Asset.php on line 526.
 1 SYSTEMPATH\CodeIgniter.php(942): App\Controllers\Asset->download()
 2 SYSTEMPATH\CodeIgniter.php(502): CodeIgniter\CodeIgniter->runController(Object(App\Controllers\Asset))
 3 SYSTEMPATH\CodeIgniter.php(361): CodeIgniter\CodeIgniter->handleRequest(null, Object(Config\Cache), false)
 4 FCPATH\index.php(79): CodeIgniter\CodeIgniter->run()
CRITICAL - 2024-12-10 10:48:27 --> Too few arguments to function App\Controllers\Asset::downloadexcel(), 0 passed in C:\xampp\htdocs\viyoma\system\CodeIgniter.php on line 942 and exactly 1 expected
in APPPATH\Controllers\Asset.php on line 553.
 1 SYSTEMPATH\CodeIgniter.php(942): App\Controllers\Asset->downloadexcel()
 2 SYSTEMPATH\CodeIgniter.php(502): CodeIgniter\CodeIgniter->runController(Object(App\Controllers\Asset))
 3 SYSTEMPATH\CodeIgniter.php(361): CodeIgniter\CodeIgniter->handleRequest(null, Object(Config\Cache), false)
 4 FCPATH\index.php(79): CodeIgniter\CodeIgniter->run()
CRITICAL - 2024-12-10 10:48:51 --> Too few arguments to function App\Controllers\Asset::downloadexcel(), 0 passed in C:\xampp\htdocs\viyoma\system\CodeIgniter.php on line 942 and exactly 1 expected
in APPPATH\Controllers\Asset.php on line 553.
 1 SYSTEMPATH\CodeIgniter.php(942): App\Controllers\Asset->downloadexcel()
 2 SYSTEMPATH\CodeIgniter.php(502): CodeIgniter\CodeIgniter->runController(Object(App\Controllers\Asset))
 3 SYSTEMPATH\CodeIgniter.php(361): CodeIgniter\CodeIgniter->handleRequest(null, Object(Config\Cache), false)
 4 FCPATH\index.php(79): CodeIgniter\CodeIgniter->run()
CRITICAL - 2024-12-10 10:49:03 --> Too few arguments to function App\Controllers\Asset::downloadexcel(), 0 passed in C:\xampp\htdocs\viyoma\system\CodeIgniter.php on line 942 and exactly 1 expected
in APPPATH\Controllers\Asset.php on line 553.
 1 SYSTEMPATH\CodeIgniter.php(942): App\Controllers\Asset->downloadexcel()
 2 SYSTEMPATH\CodeIgniter.php(502): CodeIgniter\CodeIgniter->runController(Object(App\Controllers\Asset))
 3 SYSTEMPATH\CodeIgniter.php(361): CodeIgniter\CodeIgniter->handleRequest(null, Object(Config\Cache), false)
 4 FCPATH\index.php(79): CodeIgniter\CodeIgniter->run()
CRITICAL - 2024-12-10 10:50:37 --> Too few arguments to function App\Controllers\Asset::downloadexcel(), 0 passed in C:\xampp\htdocs\viyoma\system\CodeIgniter.php on line 942 and exactly 1 expected
in APPPATH\Controllers\Asset.php on line 553.
 1 SYSTEMPATH\CodeIgniter.php(942): App\Controllers\Asset->downloadexcel()
 2 SYSTEMPATH\CodeIgniter.php(502): CodeIgniter\CodeIgniter->runController(Object(App\Controllers\Asset))
 3 SYSTEMPATH\CodeIgniter.php(361): CodeIgniter\CodeIgniter->handleRequest(null, Object(Config\Cache), false)
 4 FCPATH\index.php(79): CodeIgniter\CodeIgniter->run()
CRITICAL - 2024-12-10 10:54:41 --> Too few arguments to function App\Controllers\Asset::downloadexcel(), 0 passed in C:\xampp\htdocs\viyoma\system\CodeIgniter.php on line 942 and exactly 1 expected
in APPPATH\Controllers\Asset.php on line 554.
 1 SYSTEMPATH\CodeIgniter.php(942): App\Controllers\Asset->downloadexcel()
 2 SYSTEMPATH\CodeIgniter.php(502): CodeIgniter\CodeIgniter->runController(Object(App\Controllers\Asset))
 3 SYSTEMPATH\CodeIgniter.php(361): CodeIgniter\CodeIgniter->handleRequest(null, Object(Config\Cache), false)
 4 FCPATH\index.php(79): CodeIgniter\CodeIgniter->run()
CRITICAL - 2024-12-10 10:54:46 --> Too few arguments to function App\Controllers\Asset::downloadexcel(), 0 passed in C:\xampp\htdocs\viyoma\system\CodeIgniter.php on line 942 and exactly 1 expected
in APPPATH\Controllers\Asset.php on line 554.
 1 SYSTEMPATH\CodeIgniter.php(942): App\Controllers\Asset->downloadexcel()
 2 SYSTEMPATH\CodeIgniter.php(502): CodeIgniter\CodeIgniter->runController(Object(App\Controllers\Asset))
 3 SYSTEMPATH\CodeIgniter.php(361): CodeIgniter\CodeIgniter->handleRequest(null, Object(Config\Cache), false)
 4 FCPATH\index.php(79): CodeIgniter\CodeIgniter->run()
CRITICAL - 2024-12-10 10:55:21 --> Too few arguments to function App\Controllers\Asset::downloadexcel(), 0 passed in C:\xampp\htdocs\viyoma\system\CodeIgniter.php on line 942 and exactly 1 expected
in APPPATH\Controllers\Asset.php on line 554.
 1 SYSTEMPATH\CodeIgniter.php(942): App\Controllers\Asset->downloadexcel()
 2 SYSTEMPATH\CodeIgniter.php(502): CodeIgniter\CodeIgniter->runController(Object(App\Controllers\Asset))
 3 SYSTEMPATH\CodeIgniter.php(361): CodeIgniter\CodeIgniter->handleRequest(null, Object(Config\Cache), false)
 4 FCPATH\index.php(79): CodeIgniter\CodeIgniter->run()
CRITICAL - 2024-12-10 11:01:12 --> Too few arguments to function App\Controllers\Asset::downloadexcel(), 0 passed in C:\xampp\htdocs\viyoma\system\CodeIgniter.php on line 942 and exactly 1 expected
in APPPATH\Controllers\Asset.php on line 560.
 1 SYSTEMPATH\CodeIgniter.php(942): App\Controllers\Asset->downloadexcel()
 2 SYSTEMPATH\CodeIgniter.php(502): CodeIgniter\CodeIgniter->runController(Object(App\Controllers\Asset))
 3 SYSTEMPATH\CodeIgniter.php(361): CodeIgniter\CodeIgniter->handleRequest(null, Object(Config\Cache), false)
 4 FCPATH\index.php(79): CodeIgniter\CodeIgniter->run()
CRITICAL - 2024-12-10 11:01:14 --> Too few arguments to function App\Controllers\Asset::downloadexcel(), 0 passed in C:\xampp\htdocs\viyoma\system\CodeIgniter.php on line 942 and exactly 1 expected
in APPPATH\Controllers\Asset.php on line 560.
 1 SYSTEMPATH\CodeIgniter.php(942): App\Controllers\Asset->downloadexcel()
 2 SYSTEMPATH\CodeIgniter.php(502): CodeIgniter\CodeIgniter->runController(Object(App\Controllers\Asset))
 3 SYSTEMPATH\CodeIgniter.php(361): CodeIgniter\CodeIgniter->handleRequest(null, Object(Config\Cache), false)
 4 FCPATH\index.php(79): CodeIgniter\CodeIgniter->run()
CRITICAL - 2024-12-10 11:01:26 --> Too few arguments to function App\Controllers\Asset::downloadexcel(), 0 passed in C:\xampp\htdocs\viyoma\system\CodeIgniter.php on line 942 and exactly 1 expected
in APPPATH\Controllers\Asset.php on line 560.
 1 SYSTEMPATH\CodeIgniter.php(942): App\Controllers\Asset->downloadexcel()
 2 SYSTEMPATH\CodeIgniter.php(502): CodeIgniter\CodeIgniter->runController(Object(App\Controllers\Asset))
 3 SYSTEMPATH\CodeIgniter.php(361): CodeIgniter\CodeIgniter->handleRequest(null, Object(Config\Cache), false)
 4 FCPATH\index.php(79): CodeIgniter\CodeIgniter->run()
