CRITICAL - 2024-04-18 07:59:29 --> Undefined variable $id
in APPPATH/Controllers/UserInfo.php on line 318.
 1 APPPATH/Controllers/UserInfo.php(318): CodeIgniter\Debug\Exceptions->errorHandler(2, 'Undefined variable $id', '/home/freelance/public_html/digitalflow/app/Controllers/UserInfo.php', 318)
 2 SYSTEMPATH/CodeIgniter.php(942): App\Controllers\UserInfo->delete('12')
 3 SYSTEMPATH/CodeIgniter.php(502): CodeIgniter\CodeIgniter->runController(Object(App\Controllers\UserInfo))
 4 SYSTEMPATH/CodeIgniter.php(361): CodeIgniter\CodeIgniter->handleRequest(null, Object(Config\Cache), false)
 5 FCPATH/index.php(79): CodeIgniter\CodeIgniter->run()
CRITICAL - 2024-04-18 07:59:32 --> Undefined variable $id
in APPPATH/Controllers/UserInfo.php on line 318.
 1 APPPATH/Controllers/UserInfo.php(318): CodeIgniter\Debug\Exceptions->errorHandler(2, 'Undefined variable $id', '/home/freelance/public_html/digitalflow/app/Controllers/UserInfo.php', 318)
 2 SYSTEMPATH/CodeIgniter.php(942): App\Controllers\UserInfo->delete('13')
 3 SYSTEMPATH/CodeIgniter.php(502): CodeIgniter\CodeIgniter->runController(Object(App\Controllers\UserInfo))
 4 SYSTEMPATH/CodeIgniter.php(361): CodeIgniter\CodeIgniter->handleRequest(null, Object(Config\Cache), false)
 5 FCPATH/index.php(79): CodeIgniter\CodeIgniter->run()
CRITICAL - 2024-04-18 08:02:48 --> Undefined variable $id
in APPPATH/Controllers/UserInfo.php on line 318.
 1 APPPATH/Controllers/UserInfo.php(318): CodeIgniter\Debug\Exceptions->errorHandler(2, 'Undefined variable $id', '/home/freelance/public_html/digitalflow/app/Controllers/UserInfo.php', 318)
 2 SYSTEMPATH/CodeIgniter.php(942): App\Controllers\UserInfo->delete('VFZSRlBRPT0=')
 3 SYSTEMPATH/CodeIgniter.php(502): CodeIgniter\CodeIgniter->runController(Object(App\Controllers\UserInfo))
 4 SYSTEMPATH/CodeIgniter.php(361): CodeIgniter\CodeIgniter->handleRequest(null, Object(Config\Cache), false)
 5 FCPATH/index.php(79): CodeIgniter\CodeIgniter->run()
ERROR - 2024-04-18 13:43:16 --> mysqli_sql_exception: Unknown column 'id' in 'order clause' in /home/freelance/public_html/digitalflow/system/Database/MySQLi/Connection.php:306
Stack trace:
#0 /home/freelance/public_html/digitalflow/system/Database/MySQLi/Connection.php(306): mysqli->query('SELECT *\nFROM `...', 0)
#1 /home/freelance/public_html/digitalflow/system/Database/BaseConnection.php(693): CodeIgniter\Database\MySQLi\Connection->execute('SELECT *\nFROM `...')
#2 /home/freelance/public_html/digitalflow/system/Database/BaseConnection.php(607): CodeIgniter\Database\BaseConnection->simpleQuery('SELECT *\nFROM `...')
#3 /home/freelance/public_html/digitalflow/system/Database/BaseBuilder.php(1615): CodeIgniter\Database\BaseConnection->query('SELECT *\nFROM `...', Array, false)
#4 /home/freelance/public_html/digitalflow/system/Model.php(237): CodeIgniter\Database\BaseBuilder->get()
#5 /home/freelance/public_html/digitalflow/system/BaseModel.php(624): CodeIgniter\Model->doFindAll(0, 0)
#6 /home/freelance/public_html/digitalflow/app/Controllers/UserInfo.php(182): CodeIgniter\BaseModel->findAll()
#7 /home/freelance/public_html/digitalflow/system/CodeIgniter.php(942): App\Controllers\UserInfo->new_user()
#8 /home/freelance/public_html/digitalflow/system/CodeIgniter.php(502): CodeIgniter\CodeIgniter->runController(Object(App\Controllers\UserInfo))
#9 /home/freelance/public_html/digitalflow/system/CodeIgniter.php(361): CodeIgniter\CodeIgniter->handleRequest(NULL, Object(Config\Cache), false)
#10 /home/freelance/public_html/digitalflow/index.php(79): CodeIgniter\CodeIgniter->run()
#11 {main}
CRITICAL - 2024-04-18 13:43:16 --> Unknown column 'id' in 'order clause'
in SYSTEMPATH/Database/BaseConnection.php on line 647.
 1 SYSTEMPATH/Database/BaseBuilder.php(1615): CodeIgniter\Database\BaseConnection->query('SELECT *
FROM `user_info`
ORDER BY `id` DESC', [], false)
 2 SYSTEMPATH/Model.php(237): CodeIgniter\Database\BaseBuilder->get()
 3 SYSTEMPATH/BaseModel.php(624): CodeIgniter\Model->doFindAll(0, 0)
 4 APPPATH/Controllers/UserInfo.php(182): CodeIgniter\BaseModel->findAll()
 5 SYSTEMPATH/CodeIgniter.php(942): App\Controllers\UserInfo->new_user()
 6 SYSTEMPATH/CodeIgniter.php(502): CodeIgniter\CodeIgniter->runController(Object(App\Controllers\UserInfo))
 7 SYSTEMPATH/CodeIgniter.php(361): CodeIgniter\CodeIgniter->handleRequest(null, Object(Config\Cache), false)
 8 FCPATH/index.php(79): CodeIgniter\CodeIgniter->run()
CRITICAL - 2024-04-18 09:47:56 --> Invalid file: "PersonalInfo/personaldetail.php"
in SYSTEMPATH/Exceptions/FrameworkException.php on line 39.
 1 SYSTEMPATH/View/View.php(216): CodeIgniter\Exceptions\FrameworkException::forInvalidFile('PersonalInfo/personaldetail.php')
 2 SYSTEMPATH/Common.php(1190): CodeIgniter\View\View->render('PersonalInfo/personaldetail', [], true)
 3 APPPATH/Controllers/PersonalInfo.php(13): view('PersonalInfo/personaldetail')
 4 SYSTEMPATH/CodeIgniter.php(942): App\Controllers\PersonalInfo->index()
 5 SYSTEMPATH/CodeIgniter.php(502): CodeIgniter\CodeIgniter->runController(Object(App\Controllers\PersonalInfo))
 6 SYSTEMPATH/CodeIgniter.php(361): CodeIgniter\CodeIgniter->handleRequest(null, Object(Config\Cache), false)
 7 FCPATH/index.php(79): CodeIgniter\CodeIgniter->run()
CRITICAL - 2024-04-18 11:37:59 --> Undefined variable $users
in APPPATH/Views/bankaccountinfo/view.php on line 67.
 1 APPPATH/Views/bankaccountinfo/view.php(67): CodeIgniter\Debug\Exceptions->errorHandler(2, 'Undefined variable $users', '/home/freelance/public_html/digitalflow/app/Views/bankaccountinfo/view.php', 67)
 2 SYSTEMPATH/View/View.php(228): include('/home/freelance/public_html/digitalflow/app/Views/bankaccountinfo/view.php')
 3 SYSTEMPATH/View/View.php(231): CodeIgniter\View\View->CodeIgniter\View\{closure}()
 4 SYSTEMPATH/Common.php(1190): CodeIgniter\View\View->render('bankaccountinfo/view', [], true)
 5 APPPATH/Controllers/BankAccountInfo.php(13): view('bankaccountinfo/view')
 6 SYSTEMPATH/CodeIgniter.php(942): App\Controllers\BankAccountInfo->index()
 7 SYSTEMPATH/CodeIgniter.php(502): CodeIgniter\CodeIgniter->runController(Object(App\Controllers\BankAccountInfo))
 8 SYSTEMPATH/CodeIgniter.php(361): CodeIgniter\CodeIgniter->handleRequest(null, Object(Config\Cache), false)
 9 FCPATH/index.php(79): CodeIgniter\CodeIgniter->run()
CRITICAL - 2024-04-18 12:09:23 --> Invalid file: "companyworkinfo/index.php"
in SYSTEMPATH/Exceptions/FrameworkException.php on line 39.
 1 SYSTEMPATH/View/View.php(216): CodeIgniter\Exceptions\FrameworkException::forInvalidFile('companyworkinfo/index.php')
 2 SYSTEMPATH/Common.php(1190): CodeIgniter\View\View->render('companyworkinfo/index', [], true)
 3 APPPATH/Controllers/CompanyWorkInfo.php(13): view('companyworkinfo/index')
 4 SYSTEMPATH/CodeIgniter.php(942): App\Controllers\CompanyWorkInfo->index()
 5 SYSTEMPATH/CodeIgniter.php(502): CodeIgniter\CodeIgniter->runController(Object(App\Controllers\CompanyWorkInfo))
 6 SYSTEMPATH/CodeIgniter.php(361): CodeIgniter\CodeIgniter->handleRequest(null, Object(Config\Cache), false)
 7 FCPATH/index.php(79): CodeIgniter\CodeIgniter->run()
CRITICAL - 2024-04-18 18:33:54 --> Invalid file: "personalinfo/personaldetails.php"
in SYSTEMPATH/Exceptions/FrameworkException.php on line 39.
 1 SYSTEMPATH/View/View.php(216): CodeIgniter\Exceptions\FrameworkException::forInvalidFile('personalinfo/personaldetails.php')
 2 SYSTEMPATH/Common.php(1190): CodeIgniter\View\View->render('personalinfo/personaldetails', [], true)
 3 APPPATH/Controllers/PersonalInfo.php(13): view('personalinfo/personaldetails')
 4 SYSTEMPATH/CodeIgniter.php(942): App\Controllers\PersonalInfo->index()
 5 SYSTEMPATH/CodeIgniter.php(502): CodeIgniter\CodeIgniter->runController(Object(App\Controllers\PersonalInfo))
 6 SYSTEMPATH/CodeIgniter.php(361): CodeIgniter\CodeIgniter->handleRequest(null, Object(Config\Cache), false)
 7 FCPATH/index.php(79): CodeIgniter\CodeIgniter->run()
CRITICAL - 2024-04-18 18:35:32 --> Invalid file: "personalinfo/personaldetails.php"
in SYSTEMPATH/Exceptions/FrameworkException.php on line 39.
 1 SYSTEMPATH/View/View.php(216): CodeIgniter\Exceptions\FrameworkException::forInvalidFile('personalinfo/personaldetails.php')
 2 SYSTEMPATH/Common.php(1190): CodeIgniter\View\View->render('personalinfo/personaldetails', [], true)
 3 APPPATH/Controllers/PersonalInfo.php(17): view('personalinfo/personaldetails')
 4 SYSTEMPATH/CodeIgniter.php(942): App\Controllers\PersonalInfo->index()
 5 SYSTEMPATH/CodeIgniter.php(502): CodeIgniter\CodeIgniter->runController(Object(App\Controllers\PersonalInfo))
 6 SYSTEMPATH/CodeIgniter.php(361): CodeIgniter\CodeIgniter->handleRequest(null, Object(Config\Cache), false)
 7 FCPATH/index.php(79): CodeIgniter\CodeIgniter->run()
