CRITICAL - 2024-04-05 05:51:51 --> Undefined variable $_SESSION
in APPPATH\Views\layout\sidebar.php on line 52.
 1 APPPATH\Views\layout\sidebar.php(52): CodeIgniter\Debug\Exceptions->errorHandler(2, 'Undefined variable $_SESSION', 'C:\\xampp\\htdocs\\bloodbank_ci4\\app\\Views\\layout\\sidebar.php', 52)
 2 SYSTEMPATH\View\View.php(228): include('C:\\xampp\\htdocs\\bloodbank_ci4\\app\\Views\\layout\\sidebar.php')
 3 SYSTEMPATH\View\View.php(231): CodeIgniter\View\View->CodeIgniter\View\{closure}()
 4 SYSTEMPATH\View\View.php(244): CodeIgniter\View\View->render('layout/sidebar', [], true)
 5 SYSTEMPATH\Common.php(1190): CodeIgniter\View\View->render('users/add_user', [], true)
 6 APPPATH\Controllers\BloodBank.php(32): view('users/add_user')
 7 SYSTEMPATH\CodeIgniter.php(942): App\Controllers\BloodBank->add_user()
 8 SYSTEMPATH\CodeIgniter.php(502): CodeIgniter\CodeIgniter->runController(Object(App\Controllers\BloodBank))
 9 SYSTEMPATH\CodeIgniter.php(361): CodeIgniter\CodeIgniter->handleRequest(null, Object(Config\Cache), false)
10 FCPATH\index.php(79): CodeIgniter\CodeIgniter->run()
CRITICAL - 2024-04-05 05:51:58 --> Undefined variable $_SESSION
in APPPATH\Views\layout\sidebar.php on line 52.
 1 APPPATH\Views\layout\sidebar.php(52): CodeIgniter\Debug\Exceptions->errorHandler(2, 'Undefined variable $_SESSION', 'C:\\xampp\\htdocs\\bloodbank_ci4\\app\\Views\\layout\\sidebar.php', 52)
 2 SYSTEMPATH\View\View.php(228): include('C:\\xampp\\htdocs\\bloodbank_ci4\\app\\Views\\layout\\sidebar.php')
 3 SYSTEMPATH\View\View.php(231): CodeIgniter\View\View->CodeIgniter\View\{closure}()
 4 SYSTEMPATH\View\View.php(244): CodeIgniter\View\View->render('layout/sidebar', [], true)
 5 SYSTEMPATH\Common.php(1190): CodeIgniter\View\View->render('users/add_user', [], true)
 6 APPPATH\Controllers\BloodBank.php(32): view('users/add_user')
 7 SYSTEMPATH\CodeIgniter.php(942): App\Controllers\BloodBank->add_user()
 8 SYSTEMPATH\CodeIgniter.php(502): CodeIgniter\CodeIgniter->runController(Object(App\Controllers\BloodBank))
 9 SYSTEMPATH\CodeIgniter.php(361): CodeIgniter\CodeIgniter->handleRequest(null, Object(Config\Cache), false)
10 FCPATH\index.php(79): CodeIgniter\CodeIgniter->run()
CRITICAL - 2024-04-05 10:17:33 --> [HTTP 400] Unable to create record: Invalid 'To' Phone Number: 875678XXXX
in FCPATH\vendor\twilio\sdk\src\Twilio\Version.php on line 88.
 1 FCPATH\vendor\twilio\sdk\src\Twilio\Version.php(223): Twilio\Version->exception(Object(Twilio\Http\Response), 'Unable to create record')
 2 FCPATH\vendor\twilio\sdk\src\Twilio\Rest\Api\V2010\Account\MessageList.php(115): Twilio\Version->create('POST', '/Accounts/AC189029f38a7d5a20a521dc291c03e9c0/Messages.json', [], [...])
 3 APPPATH\Controllers\BloodDonors.php(133): Twilio\Rest\Api\V2010\Account\MessageList->create('8756784533', Object(Twilio\Values))
 4 SYSTEMPATH\CodeIgniter.php(942): App\Controllers\BloodDonors->request('1')
 5 SYSTEMPATH\CodeIgniter.php(502): CodeIgniter\CodeIgniter->runController(Object(App\Controllers\BloodDonors))
 6 SYSTEMPATH\CodeIgniter.php(361): CodeIgniter\CodeIgniter->handleRequest(null, Object(Config\Cache), false)
 7 FCPATH\index.php(79): CodeIgniter\CodeIgniter->run()
CRITICAL - 2024-04-05 10:18:36 --> [HTTP 400] Unable to create record: Invalid 'To' Phone Number: 875678XXXX
in FCPATH\vendor\twilio\sdk\src\Twilio\Version.php on line 88.
 1 FCPATH\vendor\twilio\sdk\src\Twilio\Version.php(223): Twilio\Version->exception(Object(Twilio\Http\Response), 'Unable to create record')
 2 FCPATH\vendor\twilio\sdk\src\Twilio\Rest\Api\V2010\Account\MessageList.php(115): Twilio\Version->create('POST', '/Accounts/AC189029f38a7d5a20a521dc291c03e9c0/Messages.json', [], [...])
 3 APPPATH\Controllers\BloodDonors.php(133): Twilio\Rest\Api\V2010\Account\MessageList->create('8756784533', Object(Twilio\Values))
 4 SYSTEMPATH\CodeIgniter.php(942): App\Controllers\BloodDonors->request('1')
 5 SYSTEMPATH\CodeIgniter.php(502): CodeIgniter\CodeIgniter->runController(Object(App\Controllers\BloodDonors))
 6 SYSTEMPATH\CodeIgniter.php(361): CodeIgniter\CodeIgniter->handleRequest(null, Object(Config\Cache), false)
 7 FCPATH\index.php(79): CodeIgniter\CodeIgniter->run()
