CRITICAL - 2024-07-12 05:07:03 --> Undefined variable $assets_info
in APPPATH/Views/assetsvalue/index.php on line 1714.
 1 APPPATH/Views/assetsvalue/index.php(1714): CodeIgniter\Debug\Exceptions->errorHandler(2, 'Undefined variable $assets_info', '/home/freelance/public_html/viyoma/app/Views/assetsvalue/index.php', 1714)
 2 SYSTEMPATH/View/View.php(228): include('/home/freelance/public_html/viyoma/app/Views/assetsvalue/index.php')
 3 SYSTEMPATH/View/View.php(231): CodeIgniter\View\View->CodeIgniter\View\{closure}()
 4 SYSTEMPATH/Common.php(1190): CodeIgniter\View\View->render('assetsvalue/index', [], true)
 5 APPPATH/Controllers/Assetsvalue.php(73): view('assetsvalue/index')
 6 SYSTEMPATH/CodeIgniter.php(942): App\Controllers\Assetsvalue->index()
 7 SYSTEMPATH/CodeIgniter.php(502): CodeIgniter\CodeIgniter->runController(Object(App\Controllers\Assetsvalue))
 8 SYSTEMPATH/CodeIgniter.php(361): CodeIgniter\CodeIgniter->handleRequest(null, Object(Config\Cache), false)
 9 FCPATH/index.php(79): CodeIgniter\CodeIgniter->run()
CRITICAL - 2024-07-12 11:00:44 --> CodeIgniter\HTTP\RedirectResponse::to(): Argument #2 ($code) must be of type ?int, array given, called in /home/freelance/public_html/viyoma/app/Controllers/Assetsvalue.php on line 61
in SYSTEMPATH/HTTP/RedirectResponse.php on line 34.
 1 APPPATH/Controllers/Assetsvalue.php(61): CodeIgniter\HTTP\RedirectResponse->to('assetsvalue', [...])
 2 SYSTEMPATH/CodeIgniter.php(942): App\Controllers\Assetsvalue->index()
 3 SYSTEMPATH/CodeIgniter.php(502): CodeIgniter\CodeIgniter->runController(Object(App\Controllers\Assetsvalue))
 4 SYSTEMPATH/CodeIgniter.php(361): CodeIgniter\CodeIgniter->handleRequest(null, Object(Config\Cache), false)
 5 FCPATH/index.php(79): CodeIgniter\CodeIgniter->run()
CRITICAL - 2024-07-12 11:02:06 --> CodeIgniter\HTTP\RedirectResponse::to(): Argument #2 ($code) must be of type ?int, array given, called in /home/freelance/public_html/viyoma/app/Controllers/Assetsvalue.php on line 61
in SYSTEMPATH/HTTP/RedirectResponse.php on line 34.
 1 APPPATH/Controllers/Assetsvalue.php(61): CodeIgniter\HTTP\RedirectResponse->to('assetsvalue', [...])
 2 SYSTEMPATH/CodeIgniter.php(942): App\Controllers\Assetsvalue->index()
 3 SYSTEMPATH/CodeIgniter.php(502): CodeIgniter\CodeIgniter->runController(Object(App\Controllers\Assetsvalue))
 4 SYSTEMPATH/CodeIgniter.php(361): CodeIgniter\CodeIgniter->handleRequest(null, Object(Config\Cache), false)
 5 FCPATH/index.php(79): CodeIgniter\CodeIgniter->run()
CRITICAL - 2024-07-12 11:05:41 --> CodeIgniter\HTTP\RedirectResponse::to(): Argument #2 ($code) must be of type ?int, array given, called in /home/freelance/public_html/viyoma/app/Controllers/Assetsvalue.php on line 61
in SYSTEMPATH/HTTP/RedirectResponse.php on line 34.
 1 APPPATH/Controllers/Assetsvalue.php(61): CodeIgniter\HTTP\RedirectResponse->to('assetsvalue', [...])
 2 SYSTEMPATH/CodeIgniter.php(942): App\Controllers\Assetsvalue->index()
 3 SYSTEMPATH/CodeIgniter.php(502): CodeIgniter\CodeIgniter->runController(Object(App\Controllers\Assetsvalue))
 4 SYSTEMPATH/CodeIgniter.php(361): CodeIgniter\CodeIgniter->handleRequest(null, Object(Config\Cache), false)
 5 FCPATH/index.php(79): CodeIgniter\CodeIgniter->run()
CRITICAL - 2024-07-12 05:55:53 --> Undefined array key "assets_grn_no"
in APPPATH/Views/assets/edit.php on line 1705.
 1 APPPATH/Views/assets/edit.php(1705): CodeIgniter\Debug\Exceptions->errorHandler(2, 'Undefined array key "assets_grn_no"', '/home/freelance/public_html/viyoma/app/Views/assets/edit.php', 1705)
 2 SYSTEMPATH/View/View.php(228): include('/home/freelance/public_html/viyoma/app/Views/assets/edit.php')
 3 SYSTEMPATH/View/View.php(231): CodeIgniter\View\View->CodeIgniter\View\{closure}()
 4 SYSTEMPATH/Common.php(1190): CodeIgniter\View\View->render('assets/edit', [], true)
 5 APPPATH/Controllers/Assetsvalue.php(185): view('assets/edit', [...])
 6 SYSTEMPATH/CodeIgniter.php(942): App\Controllers\Assetsvalue->edit('VFhjOVBRPT0=')
 7 SYSTEMPATH/CodeIgniter.php(502): CodeIgniter\CodeIgniter->runController(Object(App\Controllers\Assetsvalue))
 8 SYSTEMPATH/CodeIgniter.php(361): CodeIgniter\CodeIgniter->handleRequest(null, Object(Config\Cache), false)
 9 FCPATH/index.php(79): CodeIgniter\CodeIgniter->run()
CRITICAL - 2024-07-12 05:56:47 --> Undefined array key "assets_grn_no"
in APPPATH/Views/assets/edit.php on line 1705.
 1 APPPATH/Views/assets/edit.php(1705): CodeIgniter\Debug\Exceptions->errorHandler(2, 'Undefined array key "assets_grn_no"', '/home/freelance/public_html/viyoma/app/Views/assets/edit.php', 1705)
 2 SYSTEMPATH/View/View.php(228): include('/home/freelance/public_html/viyoma/app/Views/assets/edit.php')
 3 SYSTEMPATH/View/View.php(231): CodeIgniter\View\View->CodeIgniter\View\{closure}()
 4 SYSTEMPATH/Common.php(1190): CodeIgniter\View\View->render('assets/edit', [], true)
 5 APPPATH/Controllers/Assetsvalue.php(185): view('assets/edit', [...])
 6 SYSTEMPATH/CodeIgniter.php(942): App\Controllers\Assetsvalue->edit('VFhjOVBRPT0=')
 7 SYSTEMPATH/CodeIgniter.php(502): CodeIgniter\CodeIgniter->runController(Object(App\Controllers\Assetsvalue))
 8 SYSTEMPATH/CodeIgniter.php(361): CodeIgniter\CodeIgniter->handleRequest(null, Object(Config\Cache), false)
 9 FCPATH/index.php(79): CodeIgniter\CodeIgniter->run()
CRITICAL - 2024-07-12 05:56:49 --> Undefined array key "assets_grn_no"
in APPPATH/Views/assets/edit.php on line 1705.
 1 APPPATH/Views/assets/edit.php(1705): CodeIgniter\Debug\Exceptions->errorHandler(2, 'Undefined array key "assets_grn_no"', '/home/freelance/public_html/viyoma/app/Views/assets/edit.php', 1705)
 2 SYSTEMPATH/View/View.php(228): include('/home/freelance/public_html/viyoma/app/Views/assets/edit.php')
 3 SYSTEMPATH/View/View.php(231): CodeIgniter\View\View->CodeIgniter\View\{closure}()
 4 SYSTEMPATH/Common.php(1190): CodeIgniter\View\View->render('assets/edit', [], true)
 5 APPPATH/Controllers/Assetsvalue.php(185): view('assets/edit', [...])
 6 SYSTEMPATH/CodeIgniter.php(942): App\Controllers\Assetsvalue->edit('VFhjOVBRPT0=')
 7 SYSTEMPATH/CodeIgniter.php(502): CodeIgniter\CodeIgniter->runController(Object(App\Controllers\Assetsvalue))
 8 SYSTEMPATH/CodeIgniter.php(361): CodeIgniter\CodeIgniter->handleRequest(null, Object(Config\Cache), false)
 9 FCPATH/index.php(79): CodeIgniter\CodeIgniter->run()
CRITICAL - 2024-07-12 05:57:54 --> Undefined array key "assets_grn_no"
in APPPATH/Views/assets/edit.php on line 1705.
 1 APPPATH/Views/assets/edit.php(1705): CodeIgniter\Debug\Exceptions->errorHandler(2, 'Undefined array key "assets_grn_no"', '/home/freelance/public_html/viyoma/app/Views/assets/edit.php', 1705)
 2 SYSTEMPATH/View/View.php(228): include('/home/freelance/public_html/viyoma/app/Views/assets/edit.php')
 3 SYSTEMPATH/View/View.php(231): CodeIgniter\View\View->CodeIgniter\View\{closure}()
 4 SYSTEMPATH/Common.php(1190): CodeIgniter\View\View->render('assets/edit', [], true)
 5 APPPATH/Controllers/Assetsvalue.php(185): view('assets/edit', [...])
 6 SYSTEMPATH/CodeIgniter.php(942): App\Controllers\Assetsvalue->edit('VFhjOVBRPT0=')
 7 SYSTEMPATH/CodeIgniter.php(502): CodeIgniter\CodeIgniter->runController(Object(App\Controllers\Assetsvalue))
 8 SYSTEMPATH/CodeIgniter.php(361): CodeIgniter\CodeIgniter->handleRequest(null, Object(Config\Cache), false)
 9 FCPATH/index.php(79): CodeIgniter\CodeIgniter->run()
CRITICAL - 2024-07-12 05:57:57 --> Undefined array key "assets_grn_no"
in APPPATH/Views/assets/edit.php on line 1705.
 1 APPPATH/Views/assets/edit.php(1705): CodeIgniter\Debug\Exceptions->errorHandler(2, 'Undefined array key "assets_grn_no"', '/home/freelance/public_html/viyoma/app/Views/assets/edit.php', 1705)
 2 SYSTEMPATH/View/View.php(228): include('/home/freelance/public_html/viyoma/app/Views/assets/edit.php')
 3 SYSTEMPATH/View/View.php(231): CodeIgniter\View\View->CodeIgniter\View\{closure}()
 4 SYSTEMPATH/Common.php(1190): CodeIgniter\View\View->render('assets/edit', [], true)
 5 APPPATH/Controllers/Assetsvalue.php(185): view('assets/edit', [...])
 6 SYSTEMPATH/CodeIgniter.php(942): App\Controllers\Assetsvalue->edit('VFhjOVBRPT0=')
 7 SYSTEMPATH/CodeIgniter.php(502): CodeIgniter\CodeIgniter->runController(Object(App\Controllers\Assetsvalue))
 8 SYSTEMPATH/CodeIgniter.php(361): CodeIgniter\CodeIgniter->handleRequest(null, Object(Config\Cache), false)
 9 FCPATH/index.php(79): CodeIgniter\CodeIgniter->run()
CRITICAL - 2024-07-12 06:04:38 --> Undefined variable $info
in APPPATH/Views/assetsvalue/edit.php on line 1718.
 1 APPPATH/Views/assetsvalue/edit.php(1718): CodeIgniter\Debug\Exceptions->errorHandler(2, 'Undefined variable $info', '/home/freelance/public_html/viyoma/app/Views/assetsvalue/edit.php', 1718)
 2 SYSTEMPATH/View/View.php(228): include('/home/freelance/public_html/viyoma/app/Views/assetsvalue/edit.php')
 3 SYSTEMPATH/View/View.php(231): CodeIgniter\View\View->CodeIgniter\View\{closure}()
 4 SYSTEMPATH/Common.php(1190): CodeIgniter\View\View->render('assetsvalue/edit', [], true)
 5 APPPATH/Controllers/Assetsvalue.php(175): view('assetsvalue/edit', [...])
 6 SYSTEMPATH/CodeIgniter.php(942): App\Controllers\Assetsvalue->edit('VFhjOVBRPT0=')
 7 SYSTEMPATH/CodeIgniter.php(502): CodeIgniter\CodeIgniter->runController(Object(App\Controllers\Assetsvalue))
 8 SYSTEMPATH/CodeIgniter.php(361): CodeIgniter\CodeIgniter->handleRequest(null, Object(Config\Cache), false)
 9 FCPATH/index.php(79): CodeIgniter\CodeIgniter->run()
CRITICAL - 2024-07-12 06:05:15 --> Undefined variable $info
in APPPATH/Views/assetsvalue/edit.php on line 1718.
 1 APPPATH/Views/assetsvalue/edit.php(1718): CodeIgniter\Debug\Exceptions->errorHandler(2, 'Undefined variable $info', '/home/freelance/public_html/viyoma/app/Views/assetsvalue/edit.php', 1718)
 2 SYSTEMPATH/View/View.php(228): include('/home/freelance/public_html/viyoma/app/Views/assetsvalue/edit.php')
 3 SYSTEMPATH/View/View.php(231): CodeIgniter\View\View->CodeIgniter\View\{closure}()
 4 SYSTEMPATH/Common.php(1190): CodeIgniter\View\View->render('assetsvalue/edit', [], true)
 5 APPPATH/Controllers/Assetsvalue.php(175): view('assetsvalue/edit', [...])
 6 SYSTEMPATH/CodeIgniter.php(942): App\Controllers\Assetsvalue->edit('VFhjOVBRPT0=')
 7 SYSTEMPATH/CodeIgniter.php(502): CodeIgniter\CodeIgniter->runController(Object(App\Controllers\Assetsvalue))
 8 SYSTEMPATH/CodeIgniter.php(361): CodeIgniter\CodeIgniter->handleRequest(null, Object(Config\Cache), false)
 9 FCPATH/index.php(79): CodeIgniter\CodeIgniter->run()
CRITICAL - 2024-07-12 06:05:43 --> Undefined variable $info
in APPPATH/Views/assetsvalue/edit.php on line 1718.
 1 APPPATH/Views/assetsvalue/edit.php(1718): CodeIgniter\Debug\Exceptions->errorHandler(2, 'Undefined variable $info', '/home/freelance/public_html/viyoma/app/Views/assetsvalue/edit.php', 1718)
 2 SYSTEMPATH/View/View.php(228): include('/home/freelance/public_html/viyoma/app/Views/assetsvalue/edit.php')
 3 SYSTEMPATH/View/View.php(231): CodeIgniter\View\View->CodeIgniter\View\{closure}()
 4 SYSTEMPATH/Common.php(1190): CodeIgniter\View\View->render('assetsvalue/edit', [], true)
 5 APPPATH/Controllers/Assetsvalue.php(175): view('assetsvalue/edit', [...])
 6 SYSTEMPATH/CodeIgniter.php(942): App\Controllers\Assetsvalue->edit('VFhjOVBRPT0=')
 7 SYSTEMPATH/CodeIgniter.php(502): CodeIgniter\CodeIgniter->runController(Object(App\Controllers\Assetsvalue))
 8 SYSTEMPATH/CodeIgniter.php(361): CodeIgniter\CodeIgniter->handleRequest(null, Object(Config\Cache), false)
 9 FCPATH/index.php(79): CodeIgniter\CodeIgniter->run()
CRITICAL - 2024-07-12 06:05:50 --> Undefined variable $info
in APPPATH/Views/assetsvalue/edit.php on line 1718.
 1 APPPATH/Views/assetsvalue/edit.php(1718): CodeIgniter\Debug\Exceptions->errorHandler(2, 'Undefined variable $info', '/home/freelance/public_html/viyoma/app/Views/assetsvalue/edit.php', 1718)
 2 SYSTEMPATH/View/View.php(228): include('/home/freelance/public_html/viyoma/app/Views/assetsvalue/edit.php')
 3 SYSTEMPATH/View/View.php(231): CodeIgniter\View\View->CodeIgniter\View\{closure}()
 4 SYSTEMPATH/Common.php(1190): CodeIgniter\View\View->render('assetsvalue/edit', [], true)
 5 APPPATH/Controllers/Assetsvalue.php(175): view('assetsvalue/edit', [...])
 6 SYSTEMPATH/CodeIgniter.php(942): App\Controllers\Assetsvalue->edit('VFdjOVBRPT0=')
 7 SYSTEMPATH/CodeIgniter.php(502): CodeIgniter\CodeIgniter->runController(Object(App\Controllers\Assetsvalue))
 8 SYSTEMPATH/CodeIgniter.php(361): CodeIgniter\CodeIgniter->handleRequest(null, Object(Config\Cache), false)
 9 FCPATH/index.php(79): CodeIgniter\CodeIgniter->run()
CRITICAL - 2024-07-12 06:06:14 --> Undefined variable $info
in APPPATH/Views/assetsvalue/edit.php on line 1718.
 1 APPPATH/Views/assetsvalue/edit.php(1718): CodeIgniter\Debug\Exceptions->errorHandler(2, 'Undefined variable $info', '/home/freelance/public_html/viyoma/app/Views/assetsvalue/edit.php', 1718)
 2 SYSTEMPATH/View/View.php(228): include('/home/freelance/public_html/viyoma/app/Views/assetsvalue/edit.php')
 3 SYSTEMPATH/View/View.php(231): CodeIgniter\View\View->CodeIgniter\View\{closure}()
 4 SYSTEMPATH/Common.php(1190): CodeIgniter\View\View->render('assetsvalue/edit', [], true)
 5 APPPATH/Controllers/Assetsvalue.php(175): view('assetsvalue/edit', [...])
 6 SYSTEMPATH/CodeIgniter.php(942): App\Controllers\Assetsvalue->edit('VFdjOVBRPT0=')
 7 SYSTEMPATH/CodeIgniter.php(502): CodeIgniter\CodeIgniter->runController(Object(App\Controllers\Assetsvalue))
 8 SYSTEMPATH/CodeIgniter.php(361): CodeIgniter\CodeIgniter->handleRequest(null, Object(Config\Cache), false)
 9 FCPATH/index.php(79): CodeIgniter\CodeIgniter->run()
CRITICAL - 2024-07-12 11:36:20 --> There is no data to update.
in SYSTEMPATH/BaseModel.php on line 930.
 1 SYSTEMPATH/BaseModel.php(930): CodeIgniter\Database\Exceptions\DataException::forEmptyDataset('update')
 2 SYSTEMPATH/Model.php(776): CodeIgniter\BaseModel->update([...], [])
 3 APPPATH/Controllers/Assetsvalue.php(118): CodeIgniter\Model->update('2', [...])
 4 SYSTEMPATH/CodeIgniter.php(942): App\Controllers\Assetsvalue->update()
 5 SYSTEMPATH/CodeIgniter.php(502): CodeIgniter\CodeIgniter->runController(Object(App\Controllers\Assetsvalue))
 6 SYSTEMPATH/CodeIgniter.php(361): CodeIgniter\CodeIgniter->handleRequest(null, Object(Config\Cache), false)
 7 FCPATH/index.php(79): CodeIgniter\CodeIgniter->run()
CRITICAL - 2024-07-12 11:36:59 --> There is no data to update.
in SYSTEMPATH/BaseModel.php on line 930.
 1 SYSTEMPATH/BaseModel.php(930): CodeIgniter\Database\Exceptions\DataException::forEmptyDataset('update')
 2 SYSTEMPATH/Model.php(776): CodeIgniter\BaseModel->update([...], [])
 3 APPPATH/Controllers/Assetsvalue.php(118): CodeIgniter\Model->update('2', [...])
 4 SYSTEMPATH/CodeIgniter.php(942): App\Controllers\Assetsvalue->update()
 5 SYSTEMPATH/CodeIgniter.php(502): CodeIgniter\CodeIgniter->runController(Object(App\Controllers\Assetsvalue))
 6 SYSTEMPATH/CodeIgniter.php(361): CodeIgniter\CodeIgniter->handleRequest(null, Object(Config\Cache), false)
 7 FCPATH/index.php(79): CodeIgniter\CodeIgniter->run()
CRITICAL - 2024-07-12 11:37:02 --> There is no data to update.
in SYSTEMPATH/BaseModel.php on line 930.
 1 SYSTEMPATH/BaseModel.php(930): CodeIgniter\Database\Exceptions\DataException::forEmptyDataset('update')
 2 SYSTEMPATH/Model.php(776): CodeIgniter\BaseModel->update([...], [])
 3 APPPATH/Controllers/Assetsvalue.php(118): CodeIgniter\Model->update('2', [...])
 4 SYSTEMPATH/CodeIgniter.php(942): App\Controllers\Assetsvalue->update()
 5 SYSTEMPATH/CodeIgniter.php(502): CodeIgniter\CodeIgniter->runController(Object(App\Controllers\Assetsvalue))
 6 SYSTEMPATH/CodeIgniter.php(361): CodeIgniter\CodeIgniter->handleRequest(null, Object(Config\Cache), false)
 7 FCPATH/index.php(79): CodeIgniter\CodeIgniter->run()
CRITICAL - 2024-07-12 06:10:41 --> Undefined array key "assets_id"
in APPPATH/Views/assetsvalue/view.php on line 1737.
 1 APPPATH/Views/assetsvalue/view.php(1737): CodeIgniter\Debug\Exceptions->errorHandler(2, 'Undefined array key "assets_id"', '/home/freelance/public_html/viyoma/app/Views/assetsvalue/view.php', 1737)
 2 SYSTEMPATH/View/View.php(228): include('/home/freelance/public_html/viyoma/app/Views/assetsvalue/view.php')
 3 SYSTEMPATH/View/View.php(231): CodeIgniter\View\View->CodeIgniter\View\{closure}()
 4 SYSTEMPATH/Common.php(1190): CodeIgniter\View\View->render('assetsvalue/view', [], true)
 5 APPPATH/Controllers/Assetsvalue.php(91): view('assetsvalue/view', [...])
 6 SYSTEMPATH/CodeIgniter.php(942): App\Controllers\Assetsvalue->view()
 7 SYSTEMPATH/CodeIgniter.php(502): CodeIgniter\CodeIgniter->runController(Object(App\Controllers\Assetsvalue))
 8 SYSTEMPATH/CodeIgniter.php(361): CodeIgniter\CodeIgniter->handleRequest(null, Object(Config\Cache), false)
 9 FCPATH/index.php(79): CodeIgniter\CodeIgniter->run()
CRITICAL - 2024-07-12 06:11:14 --> Undefined array key "assets_id"
in APPPATH/Views/assetsvalue/view.php on line 1737.
 1 APPPATH/Views/assetsvalue/view.php(1737): CodeIgniter\Debug\Exceptions->errorHandler(2, 'Undefined array key "assets_id"', '/home/freelance/public_html/viyoma/app/Views/assetsvalue/view.php', 1737)
 2 SYSTEMPATH/View/View.php(228): include('/home/freelance/public_html/viyoma/app/Views/assetsvalue/view.php')
 3 SYSTEMPATH/View/View.php(231): CodeIgniter\View\View->CodeIgniter\View\{closure}()
 4 SYSTEMPATH/Common.php(1190): CodeIgniter\View\View->render('assetsvalue/view', [], true)
 5 APPPATH/Controllers/Assetsvalue.php(91): view('assetsvalue/view', [...])
 6 SYSTEMPATH/CodeIgniter.php(942): App\Controllers\Assetsvalue->view()
 7 SYSTEMPATH/CodeIgniter.php(502): CodeIgniter\CodeIgniter->runController(Object(App\Controllers\Assetsvalue))
 8 SYSTEMPATH/CodeIgniter.php(361): CodeIgniter\CodeIgniter->handleRequest(null, Object(Config\Cache), false)
 9 FCPATH/index.php(79): CodeIgniter\CodeIgniter->run()
CRITICAL - 2024-07-12 06:11:30 --> Undefined array key "assets_id"
in APPPATH/Views/assetsvalue/view.php on line 1737.
 1 APPPATH/Views/assetsvalue/view.php(1737): CodeIgniter\Debug\Exceptions->errorHandler(2, 'Undefined array key "assets_id"', '/home/freelance/public_html/viyoma/app/Views/assetsvalue/view.php', 1737)
 2 SYSTEMPATH/View/View.php(228): include('/home/freelance/public_html/viyoma/app/Views/assetsvalue/view.php')
 3 SYSTEMPATH/View/View.php(231): CodeIgniter\View\View->CodeIgniter\View\{closure}()
 4 SYSTEMPATH/Common.php(1190): CodeIgniter\View\View->render('assetsvalue/view', [], true)
 5 APPPATH/Controllers/Assetsvalue.php(91): view('assetsvalue/view', [...])
 6 SYSTEMPATH/CodeIgniter.php(942): App\Controllers\Assetsvalue->view()
 7 SYSTEMPATH/CodeIgniter.php(502): CodeIgniter\CodeIgniter->runController(Object(App\Controllers\Assetsvalue))
 8 SYSTEMPATH/CodeIgniter.php(361): CodeIgniter\CodeIgniter->handleRequest(null, Object(Config\Cache), false)
 9 FCPATH/index.php(79): CodeIgniter\CodeIgniter->run()
CRITICAL - 2024-07-12 06:11:33 --> Undefined array key "assets_id"
in APPPATH/Views/assetsvalue/view.php on line 1737.
 1 APPPATH/Views/assetsvalue/view.php(1737): CodeIgniter\Debug\Exceptions->errorHandler(2, 'Undefined array key "assets_id"', '/home/freelance/public_html/viyoma/app/Views/assetsvalue/view.php', 1737)
 2 SYSTEMPATH/View/View.php(228): include('/home/freelance/public_html/viyoma/app/Views/assetsvalue/view.php')
 3 SYSTEMPATH/View/View.php(231): CodeIgniter\View\View->CodeIgniter\View\{closure}()
 4 SYSTEMPATH/Common.php(1190): CodeIgniter\View\View->render('assetsvalue/view', [], true)
 5 APPPATH/Controllers/Assetsvalue.php(91): view('assetsvalue/view', [...])
 6 SYSTEMPATH/CodeIgniter.php(942): App\Controllers\Assetsvalue->view()
 7 SYSTEMPATH/CodeIgniter.php(502): CodeIgniter\CodeIgniter->runController(Object(App\Controllers\Assetsvalue))
 8 SYSTEMPATH/CodeIgniter.php(361): CodeIgniter\CodeIgniter->handleRequest(null, Object(Config\Cache), false)
 9 FCPATH/index.php(79): CodeIgniter\CodeIgniter->run()
