CRITICAL - 2024-04-08 08:58:28 --> Array to string conversion
in APPPATH\Views\users\add_donor.php on line 62.
 1 APPPATH\Views\users\add_donor.php(62): CodeIgniter\Debug\Exceptions->errorHandler(2, 'Array to string conversion', 'C:\\xampp\\htdocs\\bloodbank_ci4\\app\\Views\\users\\add_donor.php', 62)
 2 SYSTEMPATH\View\View.php(228): include('C:\\xampp\\htdocs\\bloodbank_ci4\\app\\Views\\users\\add_donor.php')
 3 SYSTEMPATH\View\View.php(231): CodeIgniter\View\View->CodeIgniter\View\{closure}()
 4 SYSTEMPATH\Common.php(1190): CodeIgniter\View\View->render('users/add_donor', [], true)
 5 APPPATH\Controllers\BloodDonors.php(34): view('users/add_donor', [...])
 6 SYSTEMPATH\CodeIgniter.php(942): App\Controllers\BloodDonors->new_donor()
 7 SYSTEMPATH\CodeIgniter.php(502): CodeIgniter\CodeIgniter->runController(Object(App\Controllers\BloodDonors))
 8 SYSTEMPATH\CodeIgniter.php(361): CodeIgniter\CodeIgniter->handleRequest(null, Object(Config\Cache), false)
 9 FCPATH\index.php(79): CodeIgniter\CodeIgniter->run()
CRITICAL - 2024-04-08 09:01:04 --> Array to string conversion
in APPPATH\Views\users\add_donor.php on line 64.
 1 APPPATH\Views\users\add_donor.php(64): CodeIgniter\Debug\Exceptions->errorHandler(2, 'Array to string conversion', 'C:\\xampp\\htdocs\\bloodbank_ci4\\app\\Views\\users\\add_donor.php', 64)
 2 SYSTEMPATH\View\View.php(228): include('C:\\xampp\\htdocs\\bloodbank_ci4\\app\\Views\\users\\add_donor.php')
 3 SYSTEMPATH\View\View.php(231): CodeIgniter\View\View->CodeIgniter\View\{closure}()
 4 SYSTEMPATH\Common.php(1190): CodeIgniter\View\View->render('users/add_donor', [], true)
 5 APPPATH\Controllers\BloodDonors.php(34): view('users/add_donor', [...])
 6 SYSTEMPATH\CodeIgniter.php(942): App\Controllers\BloodDonors->new_donor()
 7 SYSTEMPATH\CodeIgniter.php(502): CodeIgniter\CodeIgniter->runController(Object(App\Controllers\BloodDonors))
 8 SYSTEMPATH\CodeIgniter.php(361): CodeIgniter\CodeIgniter->handleRequest(null, Object(Config\Cache), false)
 9 FCPATH\index.php(79): CodeIgniter\CodeIgniter->run()
CRITICAL - 2024-04-08 09:01:05 --> Array to string conversion
in APPPATH\Views\users\add_donor.php on line 64.
 1 APPPATH\Views\users\add_donor.php(64): CodeIgniter\Debug\Exceptions->errorHandler(2, 'Array to string conversion', 'C:\\xampp\\htdocs\\bloodbank_ci4\\app\\Views\\users\\add_donor.php', 64)
 2 SYSTEMPATH\View\View.php(228): include('C:\\xampp\\htdocs\\bloodbank_ci4\\app\\Views\\users\\add_donor.php')
 3 SYSTEMPATH\View\View.php(231): CodeIgniter\View\View->CodeIgniter\View\{closure}()
 4 SYSTEMPATH\Common.php(1190): CodeIgniter\View\View->render('users/add_donor', [], true)
 5 APPPATH\Controllers\BloodDonors.php(34): view('users/add_donor', [...])
 6 SYSTEMPATH\CodeIgniter.php(942): App\Controllers\BloodDonors->new_donor()
 7 SYSTEMPATH\CodeIgniter.php(502): CodeIgniter\CodeIgniter->runController(Object(App\Controllers\BloodDonors))
 8 SYSTEMPATH\CodeIgniter.php(361): CodeIgniter\CodeIgniter->handleRequest(null, Object(Config\Cache), false)
 9 FCPATH\index.php(79): CodeIgniter\CodeIgniter->run()
CRITICAL - 2024-04-08 09:01:06 --> Array to string conversion
in APPPATH\Views\users\add_donor.php on line 64.
 1 APPPATH\Views\users\add_donor.php(64): CodeIgniter\Debug\Exceptions->errorHandler(2, 'Array to string conversion', 'C:\\xampp\\htdocs\\bloodbank_ci4\\app\\Views\\users\\add_donor.php', 64)
 2 SYSTEMPATH\View\View.php(228): include('C:\\xampp\\htdocs\\bloodbank_ci4\\app\\Views\\users\\add_donor.php')
 3 SYSTEMPATH\View\View.php(231): CodeIgniter\View\View->CodeIgniter\View\{closure}()
 4 SYSTEMPATH\Common.php(1190): CodeIgniter\View\View->render('users/add_donor', [], true)
 5 APPPATH\Controllers\BloodDonors.php(34): view('users/add_donor', [...])
 6 SYSTEMPATH\CodeIgniter.php(942): App\Controllers\BloodDonors->new_donor()
 7 SYSTEMPATH\CodeIgniter.php(502): CodeIgniter\CodeIgniter->runController(Object(App\Controllers\BloodDonors))
 8 SYSTEMPATH\CodeIgniter.php(361): CodeIgniter\CodeIgniter->handleRequest(null, Object(Config\Cache), false)
 9 FCPATH\index.php(79): CodeIgniter\CodeIgniter->run()
CRITICAL - 2024-04-08 09:01:06 --> Array to string conversion
in APPPATH\Views\users\add_donor.php on line 64.
 1 APPPATH\Views\users\add_donor.php(64): CodeIgniter\Debug\Exceptions->errorHandler(2, 'Array to string conversion', 'C:\\xampp\\htdocs\\bloodbank_ci4\\app\\Views\\users\\add_donor.php', 64)
 2 SYSTEMPATH\View\View.php(228): include('C:\\xampp\\htdocs\\bloodbank_ci4\\app\\Views\\users\\add_donor.php')
 3 SYSTEMPATH\View\View.php(231): CodeIgniter\View\View->CodeIgniter\View\{closure}()
 4 SYSTEMPATH\Common.php(1190): CodeIgniter\View\View->render('users/add_donor', [], true)
 5 APPPATH\Controllers\BloodDonors.php(34): view('users/add_donor', [...])
 6 SYSTEMPATH\CodeIgniter.php(942): App\Controllers\BloodDonors->new_donor()
 7 SYSTEMPATH\CodeIgniter.php(502): CodeIgniter\CodeIgniter->runController(Object(App\Controllers\BloodDonors))
 8 SYSTEMPATH\CodeIgniter.php(361): CodeIgniter\CodeIgniter->handleRequest(null, Object(Config\Cache), false)
 9 FCPATH\index.php(79): CodeIgniter\CodeIgniter->run()
CRITICAL - 2024-04-08 09:01:47 --> Array to string conversion
in APPPATH\Views\users\add_donor.php on line 64.
 1 APPPATH\Views\users\add_donor.php(64): CodeIgniter\Debug\Exceptions->errorHandler(2, 'Array to string conversion', 'C:\\xampp\\htdocs\\bloodbank_ci4\\app\\Views\\users\\add_donor.php', 64)
 2 SYSTEMPATH\View\View.php(228): include('C:\\xampp\\htdocs\\bloodbank_ci4\\app\\Views\\users\\add_donor.php')
 3 SYSTEMPATH\View\View.php(231): CodeIgniter\View\View->CodeIgniter\View\{closure}()
 4 SYSTEMPATH\Common.php(1190): CodeIgniter\View\View->render('users/add_donor', [], true)
 5 APPPATH\Controllers\BloodDonors.php(36): view('users/add_donor', [...])
 6 SYSTEMPATH\CodeIgniter.php(942): App\Controllers\BloodDonors->new_donor()
 7 SYSTEMPATH\CodeIgniter.php(502): CodeIgniter\CodeIgniter->runController(Object(App\Controllers\BloodDonors))
 8 SYSTEMPATH\CodeIgniter.php(361): CodeIgniter\CodeIgniter->handleRequest(null, Object(Config\Cache), false)
 9 FCPATH\index.php(79): CodeIgniter\CodeIgniter->run()
CRITICAL - 2024-04-08 09:03:39 --> Array to string conversion
in APPPATH\Views\users\add_donor.php on line 64.
 1 APPPATH\Views\users\add_donor.php(64): CodeIgniter\Debug\Exceptions->errorHandler(2, 'Array to string conversion', 'C:\\xampp\\htdocs\\bloodbank_ci4\\app\\Views\\users\\add_donor.php', 64)
 2 SYSTEMPATH\View\View.php(228): include('C:\\xampp\\htdocs\\bloodbank_ci4\\app\\Views\\users\\add_donor.php')
 3 SYSTEMPATH\View\View.php(231): CodeIgniter\View\View->CodeIgniter\View\{closure}()
 4 SYSTEMPATH\Common.php(1190): CodeIgniter\View\View->render('users/add_donor', [], true)
 5 APPPATH\Controllers\BloodDonors.php(36): view('users/add_donor', [...])
 6 SYSTEMPATH\CodeIgniter.php(942): App\Controllers\BloodDonors->new_donor()
 7 SYSTEMPATH\CodeIgniter.php(502): CodeIgniter\CodeIgniter->runController(Object(App\Controllers\BloodDonors))
 8 SYSTEMPATH\CodeIgniter.php(361): CodeIgniter\CodeIgniter->handleRequest(null, Object(Config\Cache), false)
 9 FCPATH\index.php(79): CodeIgniter\CodeIgniter->run()
CRITICAL - 2024-04-08 09:03:40 --> Array to string conversion
in APPPATH\Views\users\add_donor.php on line 64.
 1 APPPATH\Views\users\add_donor.php(64): CodeIgniter\Debug\Exceptions->errorHandler(2, 'Array to string conversion', 'C:\\xampp\\htdocs\\bloodbank_ci4\\app\\Views\\users\\add_donor.php', 64)
 2 SYSTEMPATH\View\View.php(228): include('C:\\xampp\\htdocs\\bloodbank_ci4\\app\\Views\\users\\add_donor.php')
 3 SYSTEMPATH\View\View.php(231): CodeIgniter\View\View->CodeIgniter\View\{closure}()
 4 SYSTEMPATH\Common.php(1190): CodeIgniter\View\View->render('users/add_donor', [], true)
 5 APPPATH\Controllers\BloodDonors.php(36): view('users/add_donor', [...])
 6 SYSTEMPATH\CodeIgniter.php(942): App\Controllers\BloodDonors->new_donor()
 7 SYSTEMPATH\CodeIgniter.php(502): CodeIgniter\CodeIgniter->runController(Object(App\Controllers\BloodDonors))
 8 SYSTEMPATH\CodeIgniter.php(361): CodeIgniter\CodeIgniter->handleRequest(null, Object(Config\Cache), false)
 9 FCPATH\index.php(79): CodeIgniter\CodeIgniter->run()
CRITICAL - 2024-04-08 09:03:41 --> Array to string conversion
in APPPATH\Views\users\add_donor.php on line 64.
 1 APPPATH\Views\users\add_donor.php(64): CodeIgniter\Debug\Exceptions->errorHandler(2, 'Array to string conversion', 'C:\\xampp\\htdocs\\bloodbank_ci4\\app\\Views\\users\\add_donor.php', 64)
 2 SYSTEMPATH\View\View.php(228): include('C:\\xampp\\htdocs\\bloodbank_ci4\\app\\Views\\users\\add_donor.php')
 3 SYSTEMPATH\View\View.php(231): CodeIgniter\View\View->CodeIgniter\View\{closure}()
 4 SYSTEMPATH\Common.php(1190): CodeIgniter\View\View->render('users/add_donor', [], true)
 5 APPPATH\Controllers\BloodDonors.php(36): view('users/add_donor', [...])
 6 SYSTEMPATH\CodeIgniter.php(942): App\Controllers\BloodDonors->new_donor()
 7 SYSTEMPATH\CodeIgniter.php(502): CodeIgniter\CodeIgniter->runController(Object(App\Controllers\BloodDonors))
 8 SYSTEMPATH\CodeIgniter.php(361): CodeIgniter\CodeIgniter->handleRequest(null, Object(Config\Cache), false)
 9 FCPATH\index.php(79): CodeIgniter\CodeIgniter->run()
CRITICAL - 2024-04-08 09:03:44 --> Array to string conversion
in APPPATH\Views\users\add_donor.php on line 64.
 1 APPPATH\Views\users\add_donor.php(64): CodeIgniter\Debug\Exceptions->errorHandler(2, 'Array to string conversion', 'C:\\xampp\\htdocs\\bloodbank_ci4\\app\\Views\\users\\add_donor.php', 64)
 2 SYSTEMPATH\View\View.php(228): include('C:\\xampp\\htdocs\\bloodbank_ci4\\app\\Views\\users\\add_donor.php')
 3 SYSTEMPATH\View\View.php(231): CodeIgniter\View\View->CodeIgniter\View\{closure}()
 4 SYSTEMPATH\Common.php(1190): CodeIgniter\View\View->render('users/add_donor', [], true)
 5 APPPATH\Controllers\BloodDonors.php(36): view('users/add_donor', [...])
 6 SYSTEMPATH\CodeIgniter.php(942): App\Controllers\BloodDonors->new_donor()
 7 SYSTEMPATH\CodeIgniter.php(502): CodeIgniter\CodeIgniter->runController(Object(App\Controllers\BloodDonors))
 8 SYSTEMPATH\CodeIgniter.php(361): CodeIgniter\CodeIgniter->handleRequest(null, Object(Config\Cache), false)
 9 FCPATH\index.php(79): CodeIgniter\CodeIgniter->run()
CRITICAL - 2024-04-08 09:04:45 --> Array to string conversion
in APPPATH\Views\users\add_donor.php on line 64.
 1 APPPATH\Views\users\add_donor.php(64): CodeIgniter\Debug\Exceptions->errorHandler(2, 'Array to string conversion', 'C:\\xampp\\htdocs\\bloodbank_ci4\\app\\Views\\users\\add_donor.php', 64)
 2 SYSTEMPATH\View\View.php(228): include('C:\\xampp\\htdocs\\bloodbank_ci4\\app\\Views\\users\\add_donor.php')
 3 SYSTEMPATH\View\View.php(231): CodeIgniter\View\View->CodeIgniter\View\{closure}()
 4 SYSTEMPATH\Common.php(1190): CodeIgniter\View\View->render('users/add_donor', [], true)
 5 APPPATH\Controllers\BloodDonors.php(36): view('users/add_donor', [...])
 6 SYSTEMPATH\CodeIgniter.php(942): App\Controllers\BloodDonors->new_donor()
 7 SYSTEMPATH\CodeIgniter.php(502): CodeIgniter\CodeIgniter->runController(Object(App\Controllers\BloodDonors))
 8 SYSTEMPATH\CodeIgniter.php(361): CodeIgniter\CodeIgniter->handleRequest(null, Object(Config\Cache), false)
 9 FCPATH\index.php(79): CodeIgniter\CodeIgniter->run()
CRITICAL - 2024-04-08 09:04:46 --> Array to string conversion
in APPPATH\Views\users\add_donor.php on line 64.
 1 APPPATH\Views\users\add_donor.php(64): CodeIgniter\Debug\Exceptions->errorHandler(2, 'Array to string conversion', 'C:\\xampp\\htdocs\\bloodbank_ci4\\app\\Views\\users\\add_donor.php', 64)
 2 SYSTEMPATH\View\View.php(228): include('C:\\xampp\\htdocs\\bloodbank_ci4\\app\\Views\\users\\add_donor.php')
 3 SYSTEMPATH\View\View.php(231): CodeIgniter\View\View->CodeIgniter\View\{closure}()
 4 SYSTEMPATH\Common.php(1190): CodeIgniter\View\View->render('users/add_donor', [], true)
 5 APPPATH\Controllers\BloodDonors.php(36): view('users/add_donor', [...])
 6 SYSTEMPATH\CodeIgniter.php(942): App\Controllers\BloodDonors->new_donor()
 7 SYSTEMPATH\CodeIgniter.php(502): CodeIgniter\CodeIgniter->runController(Object(App\Controllers\BloodDonors))
 8 SYSTEMPATH\CodeIgniter.php(361): CodeIgniter\CodeIgniter->handleRequest(null, Object(Config\Cache), false)
 9 FCPATH\index.php(79): CodeIgniter\CodeIgniter->run()
CRITICAL - 2024-04-08 09:04:46 --> Array to string conversion
in APPPATH\Views\users\add_donor.php on line 64.
 1 APPPATH\Views\users\add_donor.php(64): CodeIgniter\Debug\Exceptions->errorHandler(2, 'Array to string conversion', 'C:\\xampp\\htdocs\\bloodbank_ci4\\app\\Views\\users\\add_donor.php', 64)
 2 SYSTEMPATH\View\View.php(228): include('C:\\xampp\\htdocs\\bloodbank_ci4\\app\\Views\\users\\add_donor.php')
 3 SYSTEMPATH\View\View.php(231): CodeIgniter\View\View->CodeIgniter\View\{closure}()
 4 SYSTEMPATH\Common.php(1190): CodeIgniter\View\View->render('users/add_donor', [], true)
 5 APPPATH\Controllers\BloodDonors.php(36): view('users/add_donor', [...])
 6 SYSTEMPATH\CodeIgniter.php(942): App\Controllers\BloodDonors->new_donor()
 7 SYSTEMPATH\CodeIgniter.php(502): CodeIgniter\CodeIgniter->runController(Object(App\Controllers\BloodDonors))
 8 SYSTEMPATH\CodeIgniter.php(361): CodeIgniter\CodeIgniter->handleRequest(null, Object(Config\Cache), false)
 9 FCPATH\index.php(79): CodeIgniter\CodeIgniter->run()
CRITICAL - 2024-04-08 09:04:46 --> Array to string conversion
in APPPATH\Views\users\add_donor.php on line 64.
 1 APPPATH\Views\users\add_donor.php(64): CodeIgniter\Debug\Exceptions->errorHandler(2, 'Array to string conversion', 'C:\\xampp\\htdocs\\bloodbank_ci4\\app\\Views\\users\\add_donor.php', 64)
 2 SYSTEMPATH\View\View.php(228): include('C:\\xampp\\htdocs\\bloodbank_ci4\\app\\Views\\users\\add_donor.php')
 3 SYSTEMPATH\View\View.php(231): CodeIgniter\View\View->CodeIgniter\View\{closure}()
 4 SYSTEMPATH\Common.php(1190): CodeIgniter\View\View->render('users/add_donor', [], true)
 5 APPPATH\Controllers\BloodDonors.php(36): view('users/add_donor', [...])
 6 SYSTEMPATH\CodeIgniter.php(942): App\Controllers\BloodDonors->new_donor()
 7 SYSTEMPATH\CodeIgniter.php(502): CodeIgniter\CodeIgniter->runController(Object(App\Controllers\BloodDonors))
 8 SYSTEMPATH\CodeIgniter.php(361): CodeIgniter\CodeIgniter->handleRequest(null, Object(Config\Cache), false)
 9 FCPATH\index.php(79): CodeIgniter\CodeIgniter->run()
CRITICAL - 2024-04-08 09:04:46 --> Array to string conversion
in APPPATH\Views\users\add_donor.php on line 64.
 1 APPPATH\Views\users\add_donor.php(64): CodeIgniter\Debug\Exceptions->errorHandler(2, 'Array to string conversion', 'C:\\xampp\\htdocs\\bloodbank_ci4\\app\\Views\\users\\add_donor.php', 64)
 2 SYSTEMPATH\View\View.php(228): include('C:\\xampp\\htdocs\\bloodbank_ci4\\app\\Views\\users\\add_donor.php')
 3 SYSTEMPATH\View\View.php(231): CodeIgniter\View\View->CodeIgniter\View\{closure}()
 4 SYSTEMPATH\Common.php(1190): CodeIgniter\View\View->render('users/add_donor', [], true)
 5 APPPATH\Controllers\BloodDonors.php(36): view('users/add_donor', [...])
 6 SYSTEMPATH\CodeIgniter.php(942): App\Controllers\BloodDonors->new_donor()
 7 SYSTEMPATH\CodeIgniter.php(502): CodeIgniter\CodeIgniter->runController(Object(App\Controllers\BloodDonors))
 8 SYSTEMPATH\CodeIgniter.php(361): CodeIgniter\CodeIgniter->handleRequest(null, Object(Config\Cache), false)
 9 FCPATH\index.php(79): CodeIgniter\CodeIgniter->run()
CRITICAL - 2024-04-08 09:05:26 --> Array to string conversion
in APPPATH\Views\users\add_donor.php on line 67.
 1 APPPATH\Views\users\add_donor.php(67): CodeIgniter\Debug\Exceptions->errorHandler(2, 'Array to string conversion', 'C:\\xampp\\htdocs\\bloodbank_ci4\\app\\Views\\users\\add_donor.php', 67)
 2 SYSTEMPATH\View\View.php(228): include('C:\\xampp\\htdocs\\bloodbank_ci4\\app\\Views\\users\\add_donor.php')
 3 SYSTEMPATH\View\View.php(231): CodeIgniter\View\View->CodeIgniter\View\{closure}()
 4 SYSTEMPATH\Common.php(1190): CodeIgniter\View\View->render('users/add_donor', [], true)
 5 APPPATH\Controllers\BloodDonors.php(36): view('users/add_donor', [...])
 6 SYSTEMPATH\CodeIgniter.php(942): App\Controllers\BloodDonors->new_donor()
 7 SYSTEMPATH\CodeIgniter.php(502): CodeIgniter\CodeIgniter->runController(Object(App\Controllers\BloodDonors))
 8 SYSTEMPATH\CodeIgniter.php(361): CodeIgniter\CodeIgniter->handleRequest(null, Object(Config\Cache), false)
 9 FCPATH\index.php(79): CodeIgniter\CodeIgniter->run()
CRITICAL - 2024-04-08 09:05:35 --> Array to string conversion
in APPPATH\Views\users\add_donor.php on line 67.
 1 APPPATH\Views\users\add_donor.php(67): CodeIgniter\Debug\Exceptions->errorHandler(2, 'Array to string conversion', 'C:\\xampp\\htdocs\\bloodbank_ci4\\app\\Views\\users\\add_donor.php', 67)
 2 SYSTEMPATH\View\View.php(228): include('C:\\xampp\\htdocs\\bloodbank_ci4\\app\\Views\\users\\add_donor.php')
 3 SYSTEMPATH\View\View.php(231): CodeIgniter\View\View->CodeIgniter\View\{closure}()
 4 SYSTEMPATH\Common.php(1190): CodeIgniter\View\View->render('users/add_donor', [], true)
 5 APPPATH\Controllers\BloodDonors.php(36): view('users/add_donor', [...])
 6 SYSTEMPATH\CodeIgniter.php(942): App\Controllers\BloodDonors->new_donor()
 7 SYSTEMPATH\CodeIgniter.php(502): CodeIgniter\CodeIgniter->runController(Object(App\Controllers\BloodDonors))
 8 SYSTEMPATH\CodeIgniter.php(361): CodeIgniter\CodeIgniter->handleRequest(null, Object(Config\Cache), false)
 9 FCPATH\index.php(79): CodeIgniter\CodeIgniter->run()
CRITICAL - 2024-04-08 09:13:55 --> Undefined array key "collection_center"
in APPPATH\Views\users\donors_table.php on line 55.
 1 APPPATH\Views\users\donors_table.php(55): CodeIgniter\Debug\Exceptions->errorHandler(2, 'Undefined array key "collection_center"', 'C:\\xampp\\htdocs\\bloodbank_ci4\\app\\Views\\users\\donors_table.php', 55)
 2 SYSTEMPATH\View\View.php(228): include('C:\\xampp\\htdocs\\bloodbank_ci4\\app\\Views\\users\\donors_table.php')
 3 SYSTEMPATH\View\View.php(231): CodeIgniter\View\View->CodeIgniter\View\{closure}()
 4 SYSTEMPATH\Common.php(1190): CodeIgniter\View\View->render('users/donors_table', [], true)
 5 APPPATH\Controllers\BloodDonors.php(62): view('users/donors_table', [...])
 6 SYSTEMPATH\CodeIgniter.php(942): App\Controllers\BloodDonors->add_donor()
 7 SYSTEMPATH\CodeIgniter.php(502): CodeIgniter\CodeIgniter->runController(Object(App\Controllers\BloodDonors))
 8 SYSTEMPATH\CodeIgniter.php(361): CodeIgniter\CodeIgniter->handleRequest(null, Object(Config\Cache), false)
 9 FCPATH\index.php(79): CodeIgniter\CodeIgniter->run()
CRITICAL - 2024-04-08 09:21:49 --> Undefined variable $districts
in APPPATH\Views\users\edit_donor.php on line 75.
 1 APPPATH\Views\users\edit_donor.php(75): CodeIgniter\Debug\Exceptions->errorHandler(2, 'Undefined variable $districts', 'C:\\xampp\\htdocs\\bloodbank_ci4\\app\\Views\\users\\edit_donor.php', 75)
 2 SYSTEMPATH\View\View.php(228): include('C:\\xampp\\htdocs\\bloodbank_ci4\\app\\Views\\users\\edit_donor.php')
 3 SYSTEMPATH\View\View.php(231): CodeIgniter\View\View->CodeIgniter\View\{closure}()
 4 SYSTEMPATH\Common.php(1190): CodeIgniter\View\View->render('users/edit_donor', [], true)
 5 APPPATH\Controllers\BloodDonors.php(74): view('users/edit_donor', [...])
 6 SYSTEMPATH\CodeIgniter.php(942): App\Controllers\BloodDonors->edit_donor('20')
 7 SYSTEMPATH\CodeIgniter.php(502): CodeIgniter\CodeIgniter->runController(Object(App\Controllers\BloodDonors))
 8 SYSTEMPATH\CodeIgniter.php(361): CodeIgniter\CodeIgniter->handleRequest(null, Object(Config\Cache), false)
 9 FCPATH\index.php(79): CodeIgniter\CodeIgniter->run()
CRITICAL - 2024-04-08 09:21:56 --> Undefined variable $districts
in APPPATH\Views\users\edit_donor.php on line 75.
 1 APPPATH\Views\users\edit_donor.php(75): CodeIgniter\Debug\Exceptions->errorHandler(2, 'Undefined variable $districts', 'C:\\xampp\\htdocs\\bloodbank_ci4\\app\\Views\\users\\edit_donor.php', 75)
 2 SYSTEMPATH\View\View.php(228): include('C:\\xampp\\htdocs\\bloodbank_ci4\\app\\Views\\users\\edit_donor.php')
 3 SYSTEMPATH\View\View.php(231): CodeIgniter\View\View->CodeIgniter\View\{closure}()
 4 SYSTEMPATH\Common.php(1190): CodeIgniter\View\View->render('users/edit_donor', [], true)
 5 APPPATH\Controllers\BloodDonors.php(74): view('users/edit_donor', [...])
 6 SYSTEMPATH\CodeIgniter.php(942): App\Controllers\BloodDonors->edit_donor('2')
 7 SYSTEMPATH\CodeIgniter.php(502): CodeIgniter\CodeIgniter->runController(Object(App\Controllers\BloodDonors))
 8 SYSTEMPATH\CodeIgniter.php(361): CodeIgniter\CodeIgniter->handleRequest(null, Object(Config\Cache), false)
 9 FCPATH\index.php(79): CodeIgniter\CodeIgniter->run()
CRITICAL - 2024-04-08 11:49:22 --> syntax error, unexpected token "if"
in APPPATH\Views\users\donors_table.php on line 46.
 1 SYSTEMPATH\View\View.php(231): CodeIgniter\View\View->CodeIgniter\View\{closure}()
 2 SYSTEMPATH\Common.php(1190): CodeIgniter\View\View->render('users/donors_table', [], true)
 3 APPPATH\Controllers\BloodDonors.php(24): view('users/donors_table', [...])
 4 SYSTEMPATH\CodeIgniter.php(942): App\Controllers\BloodDonors->index()
 5 SYSTEMPATH\CodeIgniter.php(502): CodeIgniter\CodeIgniter->runController(Object(App\Controllers\BloodDonors))
 6 SYSTEMPATH\CodeIgniter.php(361): CodeIgniter\CodeIgniter->handleRequest(null, Object(Config\Cache), false)
 7 FCPATH\index.php(79): CodeIgniter\CodeIgniter->run()
CRITICAL - 2024-04-08 11:49:36 --> syntax error, unexpected token "if"
in APPPATH\Views\users\donors_table.php on line 46.
 1 SYSTEMPATH\View\View.php(231): CodeIgniter\View\View->CodeIgniter\View\{closure}()
 2 SYSTEMPATH\Common.php(1190): CodeIgniter\View\View->render('users/donors_table', [], true)
 3 APPPATH\Controllers\BloodDonors.php(24): view('users/donors_table', [...])
 4 SYSTEMPATH\CodeIgniter.php(942): App\Controllers\BloodDonors->index()
 5 SYSTEMPATH\CodeIgniter.php(502): CodeIgniter\CodeIgniter->runController(Object(App\Controllers\BloodDonors))
 6 SYSTEMPATH\CodeIgniter.php(361): CodeIgniter\CodeIgniter->handleRequest(null, Object(Config\Cache), false)
 7 FCPATH\index.php(79): CodeIgniter\CodeIgniter->run()
CRITICAL - 2024-04-08 11:49:42 --> syntax error, unexpected token "if"
in APPPATH\Views\users\donors_table.php on line 46.
 1 SYSTEMPATH\View\View.php(231): CodeIgniter\View\View->CodeIgniter\View\{closure}()
 2 SYSTEMPATH\Common.php(1190): CodeIgniter\View\View->render('users/donors_table', [], true)
 3 APPPATH\Controllers\BloodDonors.php(24): view('users/donors_table', [...])
 4 SYSTEMPATH\CodeIgniter.php(942): App\Controllers\BloodDonors->index()
 5 SYSTEMPATH\CodeIgniter.php(502): CodeIgniter\CodeIgniter->runController(Object(App\Controllers\BloodDonors))
 6 SYSTEMPATH\CodeIgniter.php(361): CodeIgniter\CodeIgniter->handleRequest(null, Object(Config\Cache), false)
 7 FCPATH\index.php(79): CodeIgniter\CodeIgniter->run()
CRITICAL - 2024-04-08 11:49:53 --> syntax error, unexpected token "if"
in APPPATH\Views\users\donors_table.php on line 46.
 1 SYSTEMPATH\View\View.php(231): CodeIgniter\View\View->CodeIgniter\View\{closure}()
 2 SYSTEMPATH\Common.php(1190): CodeIgniter\View\View->render('users/donors_table', [], true)
 3 APPPATH\Controllers\BloodDonors.php(24): view('users/donors_table', [...])
 4 SYSTEMPATH\CodeIgniter.php(942): App\Controllers\BloodDonors->index()
 5 SYSTEMPATH\CodeIgniter.php(502): CodeIgniter\CodeIgniter->runController(Object(App\Controllers\BloodDonors))
 6 SYSTEMPATH\CodeIgniter.php(361): CodeIgniter\CodeIgniter->handleRequest(null, Object(Config\Cache), false)
 7 FCPATH\index.php(79): CodeIgniter\CodeIgniter->run()
CRITICAL - 2024-04-08 12:03:55 --> syntax error, unexpected token "if"
in APPPATH\Views\users\donors_table.php on line 46.
 1 SYSTEMPATH\View\View.php(231): CodeIgniter\View\View->CodeIgniter\View\{closure}()
 2 SYSTEMPATH\Common.php(1190): CodeIgniter\View\View->render('users/donors_table', [], true)
 3 APPPATH\Controllers\BloodDonors.php(24): view('users/donors_table', [...])
 4 SYSTEMPATH\CodeIgniter.php(942): App\Controllers\BloodDonors->index()
 5 SYSTEMPATH\CodeIgniter.php(502): CodeIgniter\CodeIgniter->runController(Object(App\Controllers\BloodDonors))
 6 SYSTEMPATH\CodeIgniter.php(361): CodeIgniter\CodeIgniter->handleRequest(null, Object(Config\Cache), false)
 7 FCPATH\index.php(79): CodeIgniter\CodeIgniter->run()
CRITICAL - 2024-04-08 13:29:48 --> syntax error, unexpected token ";"
in APPPATH\Controllers\BloodDetails.php on line 60.
 1 SYSTEMPATH\Autoloader\Autoloader.php(291): CodeIgniter\Autoloader\Autoloader->includeFile('C:\\xampp\\htdocs\\bloodbank_ci4\\app\\Controllers\\BloodDetails.php')
 2 SYSTEMPATH\Autoloader\Autoloader.php(269): CodeIgniter\Autoloader\Autoloader->loadInNamespace('App\\Controllers\\BloodDetails')
 3 [internal function]: CodeIgniter\Autoloader\Autoloader->loadClass('App\\Controllers\\BloodDetails')
 4 SYSTEMPATH\CodeIgniter.php(900): class_exists('\\App\\Controllers\\BloodDetails', true)
 5 SYSTEMPATH\CodeIgniter.php(489): CodeIgniter\CodeIgniter->startController()
 6 SYSTEMPATH\CodeIgniter.php(361): CodeIgniter\CodeIgniter->handleRequest(null, Object(Config\Cache), false)
 7 FCPATH\index.php(79): CodeIgniter\CodeIgniter->run()
CRITICAL - 2024-04-08 13:30:23 --> syntax error, unexpected token ";"
in APPPATH\Controllers\BloodDetails.php on line 60.
 1 SYSTEMPATH\Autoloader\Autoloader.php(291): CodeIgniter\Autoloader\Autoloader->includeFile('C:\\xampp\\htdocs\\bloodbank_ci4\\app\\Controllers\\BloodDetails.php')
 2 SYSTEMPATH\Autoloader\Autoloader.php(269): CodeIgniter\Autoloader\Autoloader->loadInNamespace('App\\Controllers\\BloodDetails')
 3 [internal function]: CodeIgniter\Autoloader\Autoloader->loadClass('App\\Controllers\\BloodDetails')
 4 SYSTEMPATH\CodeIgniter.php(900): class_exists('\\App\\Controllers\\BloodDetails', true)
 5 SYSTEMPATH\CodeIgniter.php(489): CodeIgniter\CodeIgniter->startController()
 6 SYSTEMPATH\CodeIgniter.php(361): CodeIgniter\CodeIgniter->handleRequest(null, Object(Config\Cache), false)
 7 FCPATH\index.php(79): CodeIgniter\CodeIgniter->run()
CRITICAL - 2024-04-08 13:30:26 --> syntax error, unexpected token ";"
in APPPATH\Controllers\BloodDetails.php on line 60.
 1 SYSTEMPATH\Autoloader\Autoloader.php(291): CodeIgniter\Autoloader\Autoloader->includeFile('C:\\xampp\\htdocs\\bloodbank_ci4\\app\\Controllers\\BloodDetails.php')
 2 SYSTEMPATH\Autoloader\Autoloader.php(269): CodeIgniter\Autoloader\Autoloader->loadInNamespace('App\\Controllers\\BloodDetails')
 3 [internal function]: CodeIgniter\Autoloader\Autoloader->loadClass('App\\Controllers\\BloodDetails')
 4 SYSTEMPATH\CodeIgniter.php(900): class_exists('\\App\\Controllers\\BloodDetails', true)
 5 SYSTEMPATH\CodeIgniter.php(489): CodeIgniter\CodeIgniter->startController()
 6 SYSTEMPATH\CodeIgniter.php(361): CodeIgniter\CodeIgniter->handleRequest(null, Object(Config\Cache), false)
 7 FCPATH\index.php(79): CodeIgniter\CodeIgniter->run()
CRITICAL - 2024-04-08 13:33:38 --> syntax error, unexpected token ";"
in APPPATH\Controllers\BloodDetails.php on line 60.
 1 SYSTEMPATH\Autoloader\Autoloader.php(291): CodeIgniter\Autoloader\Autoloader->includeFile('C:\\xampp\\htdocs\\bloodbank_ci4\\app\\Controllers\\BloodDetails.php')
 2 SYSTEMPATH\Autoloader\Autoloader.php(269): CodeIgniter\Autoloader\Autoloader->loadInNamespace('App\\Controllers\\BloodDetails')
 3 [internal function]: CodeIgniter\Autoloader\Autoloader->loadClass('App\\Controllers\\BloodDetails')
 4 SYSTEMPATH\CodeIgniter.php(900): class_exists('\\App\\Controllers\\BloodDetails', true)
 5 SYSTEMPATH\CodeIgniter.php(489): CodeIgniter\CodeIgniter->startController()
 6 SYSTEMPATH\CodeIgniter.php(361): CodeIgniter\CodeIgniter->handleRequest(null, Object(Config\Cache), false)
 7 FCPATH\index.php(79): CodeIgniter\CodeIgniter->run()
CRITICAL - 2024-04-08 13:34:24 --> syntax error, unexpected token ";"
in APPPATH\Controllers\BloodDetails.php on line 60.
 1 SYSTEMPATH\Autoloader\Autoloader.php(291): CodeIgniter\Autoloader\Autoloader->includeFile('C:\\xampp\\htdocs\\bloodbank_ci4\\app\\Controllers\\BloodDetails.php')
 2 SYSTEMPATH\Autoloader\Autoloader.php(269): CodeIgniter\Autoloader\Autoloader->loadInNamespace('App\\Controllers\\BloodDetails')
 3 [internal function]: CodeIgniter\Autoloader\Autoloader->loadClass('App\\Controllers\\BloodDetails')
 4 SYSTEMPATH\CodeIgniter.php(900): class_exists('\\App\\Controllers\\BloodDetails', true)
 5 SYSTEMPATH\CodeIgniter.php(489): CodeIgniter\CodeIgniter->startController()
 6 SYSTEMPATH\CodeIgniter.php(361): CodeIgniter\CodeIgniter->handleRequest(null, Object(Config\Cache), false)
 7 FCPATH\index.php(79): CodeIgniter\CodeIgniter->run()
CRITICAL - 2024-04-08 13:35:20 --> syntax error, unexpected token ";"
in APPPATH\Controllers\BloodDetails.php on line 60.
 1 SYSTEMPATH\Autoloader\Autoloader.php(291): CodeIgniter\Autoloader\Autoloader->includeFile('C:\\xampp\\htdocs\\bloodbank_ci4\\app\\Controllers\\BloodDetails.php')
 2 SYSTEMPATH\Autoloader\Autoloader.php(269): CodeIgniter\Autoloader\Autoloader->loadInNamespace('App\\Controllers\\BloodDetails')
 3 [internal function]: CodeIgniter\Autoloader\Autoloader->loadClass('App\\Controllers\\BloodDetails')
 4 SYSTEMPATH\CodeIgniter.php(900): class_exists('\\App\\Controllers\\BloodDetails', true)
 5 SYSTEMPATH\CodeIgniter.php(489): CodeIgniter\CodeIgniter->startController()
 6 SYSTEMPATH\CodeIgniter.php(361): CodeIgniter\CodeIgniter->handleRequest(null, Object(Config\Cache), false)
 7 FCPATH\index.php(79): CodeIgniter\CodeIgniter->run()
CRITICAL - 2024-04-08 13:35:24 --> syntax error, unexpected token ";"
in APPPATH\Controllers\BloodDetails.php on line 60.
 1 SYSTEMPATH\Autoloader\Autoloader.php(291): CodeIgniter\Autoloader\Autoloader->includeFile('C:\\xampp\\htdocs\\bloodbank_ci4\\app\\Controllers\\BloodDetails.php')
 2 SYSTEMPATH\Autoloader\Autoloader.php(269): CodeIgniter\Autoloader\Autoloader->loadInNamespace('App\\Controllers\\BloodDetails')
 3 [internal function]: CodeIgniter\Autoloader\Autoloader->loadClass('App\\Controllers\\BloodDetails')
 4 SYSTEMPATH\CodeIgniter.php(900): class_exists('\\App\\Controllers\\BloodDetails', true)
 5 SYSTEMPATH\CodeIgniter.php(489): CodeIgniter\CodeIgniter->startController()
 6 SYSTEMPATH\CodeIgniter.php(361): CodeIgniter\CodeIgniter->handleRequest(null, Object(Config\Cache), false)
 7 FCPATH\index.php(79): CodeIgniter\CodeIgniter->run()
CRITICAL - 2024-04-08 13:37:09 --> syntax error, unexpected token ";"
in APPPATH\Controllers\BloodDetails.php on line 60.
 1 SYSTEMPATH\Autoloader\Autoloader.php(291): CodeIgniter\Autoloader\Autoloader->includeFile('C:\\xampp\\htdocs\\bloodbank_ci4\\app\\Controllers\\BloodDetails.php')
 2 SYSTEMPATH\Autoloader\Autoloader.php(269): CodeIgniter\Autoloader\Autoloader->loadInNamespace('App\\Controllers\\BloodDetails')
 3 [internal function]: CodeIgniter\Autoloader\Autoloader->loadClass('App\\Controllers\\BloodDetails')
 4 SYSTEMPATH\CodeIgniter.php(900): class_exists('\\App\\Controllers\\BloodDetails', true)
 5 SYSTEMPATH\CodeIgniter.php(489): CodeIgniter\CodeIgniter->startController()
 6 SYSTEMPATH\CodeIgniter.php(361): CodeIgniter\CodeIgniter->handleRequest(null, Object(Config\Cache), false)
 7 FCPATH\index.php(79): CodeIgniter\CodeIgniter->run()
CRITICAL - 2024-04-08 13:37:31 --> Undefined variable $user
in APPPATH\Views\users\blood_details.php on line 39.
 1 APPPATH\Views\users\blood_details.php(39): CodeIgniter\Debug\Exceptions->errorHandler(2, 'Undefined variable $user', 'C:\\xampp\\htdocs\\bloodbank_ci4\\app\\Views\\users\\blood_details.php', 39)
 2 SYSTEMPATH\View\View.php(228): include('C:\\xampp\\htdocs\\bloodbank_ci4\\app\\Views\\users\\blood_details.php')
 3 SYSTEMPATH\View\View.php(231): CodeIgniter\View\View->CodeIgniter\View\{closure}()
 4 SYSTEMPATH\Common.php(1190): CodeIgniter\View\View->render('users/blood_details', [], true)
 5 APPPATH\Controllers\BloodDetails.php(32): view('users/blood_details')
 6 SYSTEMPATH\CodeIgniter.php(942): App\Controllers\BloodDetails->index('Apos')
 7 SYSTEMPATH\CodeIgniter.php(502): CodeIgniter\CodeIgniter->runController(Object(App\Controllers\BloodDetails))
 8 SYSTEMPATH\CodeIgniter.php(361): CodeIgniter\CodeIgniter->handleRequest(null, Object(Config\Cache), false)
 9 FCPATH\index.php(79): CodeIgniter\CodeIgniter->run()
CRITICAL - 2024-04-08 13:37:36 --> Undefined variable $user
in APPPATH\Views\users\blood_details.php on line 39.
 1 APPPATH\Views\users\blood_details.php(39): CodeIgniter\Debug\Exceptions->errorHandler(2, 'Undefined variable $user', 'C:\\xampp\\htdocs\\bloodbank_ci4\\app\\Views\\users\\blood_details.php', 39)
 2 SYSTEMPATH\View\View.php(228): include('C:\\xampp\\htdocs\\bloodbank_ci4\\app\\Views\\users\\blood_details.php')
 3 SYSTEMPATH\View\View.php(231): CodeIgniter\View\View->CodeIgniter\View\{closure}()
 4 SYSTEMPATH\Common.php(1190): CodeIgniter\View\View->render('users/blood_details', [], true)
 5 APPPATH\Controllers\BloodDetails.php(32): view('users/blood_details')
 6 SYSTEMPATH\CodeIgniter.php(942): App\Controllers\BloodDetails->index('Apos')
 7 SYSTEMPATH\CodeIgniter.php(502): CodeIgniter\CodeIgniter->runController(Object(App\Controllers\BloodDetails))
 8 SYSTEMPATH\CodeIgniter.php(361): CodeIgniter\CodeIgniter->handleRequest(null, Object(Config\Cache), false)
 9 FCPATH\index.php(79): CodeIgniter\CodeIgniter->run()
CRITICAL - 2024-04-08 13:38:36 --> Undefined variable $user
in APPPATH\Views\users\blood_details.php on line 39.
 1 APPPATH\Views\users\blood_details.php(39): CodeIgniter\Debug\Exceptions->errorHandler(2, 'Undefined variable $user', 'C:\\xampp\\htdocs\\bloodbank_ci4\\app\\Views\\users\\blood_details.php', 39)
 2 SYSTEMPATH\View\View.php(228): include('C:\\xampp\\htdocs\\bloodbank_ci4\\app\\Views\\users\\blood_details.php')
 3 SYSTEMPATH\View\View.php(231): CodeIgniter\View\View->CodeIgniter\View\{closure}()
 4 SYSTEMPATH\Common.php(1190): CodeIgniter\View\View->render('users/blood_details', [], true)
 5 APPPATH\Controllers\BloodDetails.php(32): view('users/blood_details')
 6 SYSTEMPATH\CodeIgniter.php(942): App\Controllers\BloodDetails->index('Apos')
 7 SYSTEMPATH\CodeIgniter.php(502): CodeIgniter\CodeIgniter->runController(Object(App\Controllers\BloodDetails))
 8 SYSTEMPATH\CodeIgniter.php(361): CodeIgniter\CodeIgniter->handleRequest(null, Object(Config\Cache), false)
 9 FCPATH\index.php(79): CodeIgniter\CodeIgniter->run()
CRITICAL - 2024-04-08 13:38:45 --> Undefined variable $user
in APPPATH\Views\users\blood_details.php on line 39.
 1 APPPATH\Views\users\blood_details.php(39): CodeIgniter\Debug\Exceptions->errorHandler(2, 'Undefined variable $user', 'C:\\xampp\\htdocs\\bloodbank_ci4\\app\\Views\\users\\blood_details.php', 39)
 2 SYSTEMPATH\View\View.php(228): include('C:\\xampp\\htdocs\\bloodbank_ci4\\app\\Views\\users\\blood_details.php')
 3 SYSTEMPATH\View\View.php(231): CodeIgniter\View\View->CodeIgniter\View\{closure}()
 4 SYSTEMPATH\Common.php(1190): CodeIgniter\View\View->render('users/blood_details', [], true)
 5 APPPATH\Controllers\BloodDetails.php(32): view('users/blood_details')
 6 SYSTEMPATH\CodeIgniter.php(942): App\Controllers\BloodDetails->index('Apos')
 7 SYSTEMPATH\CodeIgniter.php(502): CodeIgniter\CodeIgniter->runController(Object(App\Controllers\BloodDetails))
 8 SYSTEMPATH\CodeIgniter.php(361): CodeIgniter\CodeIgniter->handleRequest(null, Object(Config\Cache), false)
 9 FCPATH\index.php(79): CodeIgniter\CodeIgniter->run()
CRITICAL - 2024-04-08 13:43:57 --> Undefined variable $bg
in APPPATH\Controllers\BloodDetails.php on line 30.
 1 APPPATH\Controllers\BloodDetails.php(30): CodeIgniter\Debug\Exceptions->errorHandler(2, 'Undefined variable $bg', 'C:\\xampp\\htdocs\\bloodbank_ci4\\app\\Controllers\\BloodDetails.php', 30)
 2 SYSTEMPATH\CodeIgniter.php(942): App\Controllers\BloodDetails->index('Bpos')
 3 SYSTEMPATH\CodeIgniter.php(502): CodeIgniter\CodeIgniter->runController(Object(App\Controllers\BloodDetails))
 4 SYSTEMPATH\CodeIgniter.php(361): CodeIgniter\CodeIgniter->handleRequest(null, Object(Config\Cache), false)
 5 FCPATH\index.php(79): CodeIgniter\CodeIgniter->run()
CRITICAL - 2024-04-08 13:44:41 --> Undefined variable $bg
in APPPATH\Controllers\BloodDetails.php on line 30.
 1 APPPATH\Controllers\BloodDetails.php(30): CodeIgniter\Debug\Exceptions->errorHandler(2, 'Undefined variable $bg', 'C:\\xampp\\htdocs\\bloodbank_ci4\\app\\Controllers\\BloodDetails.php', 30)
 2 SYSTEMPATH\CodeIgniter.php(942): App\Controllers\BloodDetails->index('Bpos')
 3 SYSTEMPATH\CodeIgniter.php(502): CodeIgniter\CodeIgniter->runController(Object(App\Controllers\BloodDetails))
 4 SYSTEMPATH\CodeIgniter.php(361): CodeIgniter\CodeIgniter->handleRequest(null, Object(Config\Cache), false)
 5 FCPATH\index.php(79): CodeIgniter\CodeIgniter->run()
CRITICAL - 2024-04-08 13:44:42 --> Undefined variable $bg
in APPPATH\Controllers\BloodDetails.php on line 30.
 1 APPPATH\Controllers\BloodDetails.php(30): CodeIgniter\Debug\Exceptions->errorHandler(2, 'Undefined variable $bg', 'C:\\xampp\\htdocs\\bloodbank_ci4\\app\\Controllers\\BloodDetails.php', 30)
 2 SYSTEMPATH\CodeIgniter.php(942): App\Controllers\BloodDetails->index('Bpos')
 3 SYSTEMPATH\CodeIgniter.php(502): CodeIgniter\CodeIgniter->runController(Object(App\Controllers\BloodDetails))
 4 SYSTEMPATH\CodeIgniter.php(361): CodeIgniter\CodeIgniter->handleRequest(null, Object(Config\Cache), false)
 5 FCPATH\index.php(79): CodeIgniter\CodeIgniter->run()
CRITICAL - 2024-04-08 13:50:00 --> Undefined array key "blood_group"
in APPPATH\Views\users\blood_details.php on line 13.
 1 APPPATH\Views\users\blood_details.php(13): CodeIgniter\Debug\Exceptions->errorHandler(2, 'Undefined array key "blood_group"', 'C:\\xampp\\htdocs\\bloodbank_ci4\\app\\Views\\users\\blood_details.php', 13)
 2 SYSTEMPATH\View\View.php(228): include('C:\\xampp\\htdocs\\bloodbank_ci4\\app\\Views\\users\\blood_details.php')
 3 SYSTEMPATH\View\View.php(231): CodeIgniter\View\View->CodeIgniter\View\{closure}()
 4 SYSTEMPATH\Common.php(1190): CodeIgniter\View\View->render('users/blood_details', [], true)
 5 APPPATH\Controllers\BloodDetails.php(32): view('users/blood_details', [...])
 6 SYSTEMPATH\CodeIgniter.php(942): App\Controllers\BloodDetails->index('Apos')
 7 SYSTEMPATH\CodeIgniter.php(502): CodeIgniter\CodeIgniter->runController(Object(App\Controllers\BloodDetails))
 8 SYSTEMPATH\CodeIgniter.php(361): CodeIgniter\CodeIgniter->handleRequest(null, Object(Config\Cache), false)
 9 FCPATH\index.php(79): CodeIgniter\CodeIgniter->run()
CRITICAL - 2024-04-08 13:50:03 --> Undefined array key "blood_group"
in APPPATH\Views\users\blood_details.php on line 13.
 1 APPPATH\Views\users\blood_details.php(13): CodeIgniter\Debug\Exceptions->errorHandler(2, 'Undefined array key "blood_group"', 'C:\\xampp\\htdocs\\bloodbank_ci4\\app\\Views\\users\\blood_details.php', 13)
 2 SYSTEMPATH\View\View.php(228): include('C:\\xampp\\htdocs\\bloodbank_ci4\\app\\Views\\users\\blood_details.php')
 3 SYSTEMPATH\View\View.php(231): CodeIgniter\View\View->CodeIgniter\View\{closure}()
 4 SYSTEMPATH\Common.php(1190): CodeIgniter\View\View->render('users/blood_details', [], true)
 5 APPPATH\Controllers\BloodDetails.php(32): view('users/blood_details', [...])
 6 SYSTEMPATH\CodeIgniter.php(942): App\Controllers\BloodDetails->index('Apos')
 7 SYSTEMPATH\CodeIgniter.php(502): CodeIgniter\CodeIgniter->runController(Object(App\Controllers\BloodDetails))
 8 SYSTEMPATH\CodeIgniter.php(361): CodeIgniter\CodeIgniter->handleRequest(null, Object(Config\Cache), false)
 9 FCPATH\index.php(79): CodeIgniter\CodeIgniter->run()
CRITICAL - 2024-04-08 13:50:50 --> Undefined variable $bg
in APPPATH\Controllers\BloodDetails.php on line 77.
 1 APPPATH\Controllers\BloodDetails.php(77): CodeIgniter\Debug\Exceptions->errorHandler(2, 'Undefined variable $bg', 'C:\\xampp\\htdocs\\bloodbank_ci4\\app\\Controllers\\BloodDetails.php', 77)
 2 SYSTEMPATH\CodeIgniter.php(942): App\Controllers\BloodDetails->Opos('Aneg')
 3 SYSTEMPATH\CodeIgniter.php(502): CodeIgniter\CodeIgniter->runController(Object(App\Controllers\BloodDetails))
 4 SYSTEMPATH\CodeIgniter.php(361): CodeIgniter\CodeIgniter->handleRequest(null, Object(Config\Cache), false)
 5 FCPATH\index.php(79): CodeIgniter\CodeIgniter->run()
CRITICAL - 2024-04-08 13:55:44 --> Undefined variable $bg
in APPPATH\Controllers\BloodDetails.php on line 144.
 1 APPPATH\Controllers\BloodDetails.php(144): CodeIgniter\Debug\Exceptions->errorHandler(2, 'Undefined variable $bg', 'C:\\xampp\\htdocs\\bloodbank_ci4\\app\\Controllers\\BloodDetails.php', 144)
 2 SYSTEMPATH\CodeIgniter.php(942): App\Controllers\BloodDetails->Bneg('Bneg')
 3 SYSTEMPATH\CodeIgniter.php(502): CodeIgniter\CodeIgniter->runController(Object(App\Controllers\BloodDetails))
 4 SYSTEMPATH\CodeIgniter.php(361): CodeIgniter\CodeIgniter->handleRequest(null, Object(Config\Cache), false)
 5 FCPATH\index.php(79): CodeIgniter\CodeIgniter->run()
CRITICAL - 2024-04-08 13:56:18 --> Undefined variable $bg
in APPPATH\Controllers\BloodDetails.php on line 144.
 1 APPPATH\Controllers\BloodDetails.php(144): CodeIgniter\Debug\Exceptions->errorHandler(2, 'Undefined variable $bg', 'C:\\xampp\\htdocs\\bloodbank_ci4\\app\\Controllers\\BloodDetails.php', 144)
 2 SYSTEMPATH\CodeIgniter.php(942): App\Controllers\BloodDetails->Bneg('Bneg')
 3 SYSTEMPATH\CodeIgniter.php(502): CodeIgniter\CodeIgniter->runController(Object(App\Controllers\BloodDetails))
 4 SYSTEMPATH\CodeIgniter.php(361): CodeIgniter\CodeIgniter->handleRequest(null, Object(Config\Cache), false)
 5 FCPATH\index.php(79): CodeIgniter\CodeIgniter->run()
