CRITICAL - 2024-07-11 10:58:08 --> Invalid file: "assets/update.php"
in SYSTEMPATH/Exceptions/FrameworkException.php on line 39.
 1 SYSTEMPATH/View/View.php(216): CodeIgniter\Exceptions\FrameworkException::forInvalidFile('assets/update.php')
 2 SYSTEMPATH/Common.php(1190): CodeIgniter\View\View->render('assets/update', [], true)
 3 APPPATH/Controllers/Assets.php(108): view('assets/update', [...])
 4 SYSTEMPATH/CodeIgniter.php(942): App\Controllers\Assets->edit()
 5 SYSTEMPATH/CodeIgniter.php(502): CodeIgniter\CodeIgniter->runController(Object(App\Controllers\Assets))
 6 SYSTEMPATH/CodeIgniter.php(361): CodeIgniter\CodeIgniter->handleRequest(null, Object(Config\Cache), false)
 7 FCPATH/index.php(79): CodeIgniter\CodeIgniter->run()
CRITICAL - 2024-07-11 11:45:59 --> Undefined variable $id
in APPPATH/Views/assets/view.php on line 1716.
 1 APPPATH/Views/assets/view.php(1716): CodeIgniter\Debug\Exceptions->errorHandler(2, 'Undefined variable $id', '/home/freelance/public_html/viyoma/app/Views/assets/view.php', 1716)
 2 SYSTEMPATH/View/View.php(228): include('/home/freelance/public_html/viyoma/app/Views/assets/view.php')
 3 SYSTEMPATH/View/View.php(231): CodeIgniter\View\View->CodeIgniter\View\{closure}()
 4 SYSTEMPATH/Common.php(1190): CodeIgniter\View\View->render('assets/view', [], true)
 5 APPPATH/Controllers/Assets.php(90): view('assets/view', [...])
 6 SYSTEMPATH/CodeIgniter.php(942): App\Controllers\Assets->view()
 7 SYSTEMPATH/CodeIgniter.php(502): CodeIgniter\CodeIgniter->runController(Object(App\Controllers\Assets))
 8 SYSTEMPATH/CodeIgniter.php(361): CodeIgniter\CodeIgniter->handleRequest(null, Object(Config\Cache), false)
 9 FCPATH/index.php(79): CodeIgniter\CodeIgniter->run()
CRITICAL - 2024-07-11 11:47:30 --> Undefined variable $all_data
in APPPATH/Views/assets/edit.php on line 1704.
 1 APPPATH/Views/assets/edit.php(1704): CodeIgniter\Debug\Exceptions->errorHandler(2, 'Undefined variable $all_data', '/home/freelance/public_html/viyoma/app/Views/assets/edit.php', 1704)
 2 SYSTEMPATH/View/View.php(228): include('/home/freelance/public_html/viyoma/app/Views/assets/edit.php')
 3 SYSTEMPATH/View/View.php(231): CodeIgniter\View\View->CodeIgniter\View\{closure}()
 4 SYSTEMPATH/Common.php(1190): CodeIgniter\View\View->render('assets/edit', [], true)
 5 APPPATH/Controllers/Assets.php(100): view('assets/edit', [...])
 6 SYSTEMPATH/CodeIgniter.php(942): App\Controllers\Assets->edit('VFhjOVBRPT0=')
 7 SYSTEMPATH/CodeIgniter.php(502): CodeIgniter\CodeIgniter->runController(Object(App\Controllers\Assets))
 8 SYSTEMPATH/CodeIgniter.php(361): CodeIgniter\CodeIgniter->handleRequest(null, Object(Config\Cache), false)
 9 FCPATH/index.php(79): CodeIgniter\CodeIgniter->run()
CRITICAL - 2024-07-11 13:16:29 --> syntax error, unexpected end of file, expecting "elseif" or "else" or "endif"
in APPPATH/Views/assets/view.php on line 2061.
 1 SYSTEMPATH/View/View.php(231): CodeIgniter\View\View->CodeIgniter\View\{closure}()
 2 SYSTEMPATH/Common.php(1190): CodeIgniter\View\View->render('assets/view', [], true)
 3 APPPATH/Controllers/Assets.php(90): view('assets/view', [...])
 4 SYSTEMPATH/CodeIgniter.php(942): App\Controllers\Assets->view()
 5 SYSTEMPATH/CodeIgniter.php(502): CodeIgniter\CodeIgniter->runController(Object(App\Controllers\Assets))
 6 SYSTEMPATH/CodeIgniter.php(361): CodeIgniter\CodeIgniter->handleRequest(null, Object(Config\Cache), false)
 7 FCPATH/index.php(79): CodeIgniter\CodeIgniter->run()
